Parsing and Instantiating...
Done
One way facts...
Mutex groups...
Semaphore Facts...
Envelope Facts...
One-shot actions...
Integral variables...
Variable bounds...
Static numeric conditions...
Duration bounds...
TIL time window analysis...
Bounding action timestamps due to time windows...
(deliverable package3 l2) forms a window with range [0.000,2911.500]
Bounds on (deliver-ontime package3 l2) (duration [1.000,1.000]):
	0: [0.000,2910.499]
	1: [0.000,2910.499]
	2: [0.000,2911.499]
(deliverable package4 l2) forms a window with range [0.000,2911.500]
Bounds on (deliver-ontime package4 l2) (duration [1.000,1.000]):
	0: [0.000,2910.499]
	1: [0.000,2910.499]
	2: [0.000,2911.499]
(deliverable package5 l2) forms a window with range [0.000,2911.500]
Bounds on (deliver-ontime package5 l2) (duration [1.000,1.000]):
	0: [0.000,2910.499]
	1: [0.000,2910.499]
	2: [0.000,2911.499]
(deliverable package7 l2) forms a window with range [0.000,2190.100]
Bounds on (deliver-ontime package7 l2) (duration [1.000,1.000]):
	0: [0.000,2189.099]
	1: [0.000,2189.099]
	2: [0.000,2190.099]
(deliverable package9 l4) forms a window with range [0.000,2190.100]
Bounds on (deliver-ontime package9 l4) (duration [1.000,1.000]):
	0: [0.000,2189.099]
	1: [0.000,2189.099]
	2: [0.000,2190.099]
(deliverable package10 l2) forms a window with range [0.000,2190.100]
Bounds on (deliver-ontime package10 l2) (duration [1.000,1.000]):
	0: [0.000,2189.099]
	1: [0.000,2189.099]
	2: [0.000,2190.099]
(deliverable package11 l2) forms a window with range [0.000,2915.300]
Bounds on (deliver-ontime package11 l2) (duration [1.000,1.000]):
	0: [0.000,2914.299]
	1: [0.000,2914.299]
	2: [0.000,2915.299]
(deliverable package12 l6) forms a window with range [0.000,2915.300]
Bounds on (deliver-ontime package12 l6) (duration [1.000,1.000]):
	0: [0.000,2914.299]
	1: [0.000,2914.299]
	2: [0.000,2915.299]
(deliverable package13 l6) forms a window with range [0.000,2915.300]
Bounds on (deliver-ontime package13 l6) (duration [1.000,1.000]):
	0: [0.000,2914.299]
	1: [0.000,2914.299]
	2: [0.000,2915.299]
(deliverable package14 l1) forms a window with range [0.000,2915.300]
Bounds on (deliver-ontime package14 l1) (duration [1.000,1.000]):
	0: [0.000,2914.299]
	1: [0.000,2914.299]
	2: [0.000,2915.299]
(deliverable package15 l5) forms a window with range [0.000,2915.300]
Bounds on (deliver-ontime package15 l5) (duration [1.000,1.000]):
	0: [0.000,2914.299]
	1: [0.000,2914.299]
	2: [0.000,2915.299]
(deliverable package16 l5) forms a window with range [0.000,3127.400]
Bounds on (deliver-ontime package16 l5) (duration [1.000,1.000]):
	0: [0.000,3126.399]
	1: [0.000,3126.399]
	2: [0.000,3127.399]
(deliverable package17 l2) forms a window with range [0.000,3127.400]
Bounds on (deliver-ontime package17 l2) (duration [1.000,1.000]):
	0: [0.000,3126.399]
	1: [0.000,3126.399]
	2: [0.000,3127.399]
(deliverable package18 l3) forms a window with range [0.000,3127.400]
Bounds on (deliver-ontime package18 l3) (duration [1.000,1.000]):
	0: [0.000,3126.399]
	1: [0.000,3126.399]
	2: [0.000,3127.399]
(deliverable package19 l1) forms a window with range [0.000,3127.400]
Bounds on (deliver-ontime package19 l1) (duration [1.000,1.000]):
	0: [0.000,3126.399]
	1: [0.000,3126.399]
	2: [0.000,3127.399]
(deliverable package20 l2) forms a window with range [0.000,3127.400]
Bounds on (deliver-ontime package20 l2) (duration [1.000,1.000]):
	0: [0.000,3126.399]
	1: [0.000,3126.399]
	2: [0.000,3127.399]
Dominance constraints (excluding processes and events)...
Damaging events...
Dominance constraints (including processes and events)...
Variable monotonicity...
Max/min needed values for any single precondition...
Irrelevant action pruning by backward reachability from goal...
Uninterestingness criteria...
Compression-safe actions...
Compression-safe invariants...
99% of durative actions in this problem are compression safe
Goal Goal [20]
    (delivered package20 l2)
    (delivered package19 l1)
    (delivered package18 l3)
    (delivered package17 l2)
    (delivered package16 l5)
    (delivered package15 l5)
    (delivered package14 l1)
    (delivered package13 l6)
    (delivered package12 l6)
    (delivered package11 l2)
    (delivered package10 l2)
    (delivered package9 l4)
    (at-destination package8 l6)
    (delivered package7 l2)
    (at-destination package6 l6)
    (delivered package5 l2)
    (delivered package4 l2)
    (delivered package3 l2)
    (at-destination package2 l1)
    (at-destination package1 l2)

Finishing preprocessing.  Making a TRPG heuristic...
Making an open list...
Running WA* search (g weight = 1, h weight = 5)
{(at truck1 l3),(at truck2 l4),(at truck3 l6),(at truck4 l4),(free a1 truck1),(free a2 truck1),(free a3 truck1),(free a4 truck1),(free a5 truck1),(free a1 truck2),(free a2 truck2),(free a3 truck2),(free a4 truck2),(free a5 truck2),(free a1 truck3),(free a2 truck3),(free a3 truck3),(free a4 truck3),(free a5 truck3),(free a1 truck4),(free a2 truck4),(free a3 truck4),(free a4 truck4),(free a5 truck4),(at package1 l5),(at package2 l5),(at package3 l5),(at package4 l5),(at package5 l5),(at package6 l5),(at package7 l5),(at package8 l5),(at package9 l5),(at package10 l5),(at package11 l3),(at package12 l3),(at package13 l3),(at package14 l3),(at package15 l3),(at package16 l4),(at package17 l4),(at package18 l4),(at package19 l4),(at package20 l4),(deliverable package3 l2),(deliverable package4 l2),(deliverable package5 l2),(deliverable package7 l2),(deliverable package9 l4),(deliverable package10 l2),(deliverable package11 l2),(deliverable package12 l6),(deliverable package13 l6),(deliverable package14 l1),(deliverable package15 l5),(deliverable package16 l5),(deliverable package17 l2),(deliverable package18 l3),(deliverable package19 l1),(deliverable package20 l2)}
[]
Initial heuristic = 93
Initial stats: t=0.5s, 26272kb
b (81 @ n=80, t=0.66s, 26272kb)ddd.{EPS=7.96305,ETD=24}dddd.{EPS=9.94926,ETD=48.9596}db (80 @ n=5085, t=10.8s, 38328kb)dddddddddddddddddddddddddddddddddddddd.{EPS=8.31393,ETD=34.6644}dddddddddddddddddddb (79 @ n=11594, t=22.67s, 80064kb)db (78 @ n=11664, t=22.8s, 80716kb)b (77 @ n=11743, t=22.93s, 81232kb)ddddddddddddddddddddddddd.{EPS=7.41675,ETD=29.7337}dddddddddddddddddddddddddddddddddddddddddddddddd.{EPS=6.89579,ETD=27.9478}ddddddddddddb (76 @ n=19736, t=39.36s, 178976kb)b (75 @ n=19790, t=39.46s, 179740kb)b (74 @ n=19840, t=39.56s, 180204kb)dddddddddddddddddddddddddddd.{EPS=6.69075,ETD=25.8194}dddddddddddddddddddddddddddddddddddddddddddddddddd.{EPS=6.36144,ETD=25.9656}ddb (73 @ n=27149, t=55.88s, 310440kb)b (72 @ n=27198, t=55.98s, 311516kb)b (71 @ n=27248, t=56.09s, 312364kb)dddddddddddddddddddddddddddddddddddddddddd.{EPS=6.2383,ETD=22.8045}dddddddddddddddddddddddddddddddddddddddddddb (70 @ n=34774, t=73.41s, 493724kb)db (69 @ n=34874, t=73.64s, 496348kb)db (68 @ n=34983, t=73.88s, 498928kb)d.{EPS=6.12012,ETD=24.3029}ddddddddddddddddddddddddddddddddddddddddddd.{EPS=6.03144,ETD=21.9279}dddddddddddddddddddddddddddddddddddddddddddddddddd.{EPS=5.76868,ETD=24.74}dddddddddddddddddddddddddddddddddddddddddddddd.{EPS=5.41419,ETD=28.886}dddddddddddddddddddddddddddddddddd.{EPS=5.41038,ETD=45.448}ddddddddddddddddddddddddddddddddddddddddddddddd.{EPS=5.35607,ETD=50.216}dddddddddddddddddddddddddddddddddddddd.{EPS=5.32635,ETD=49.468}dddddddddddddddddddddddddddddddd.{EPS=5.31694,ETD=48.968}dddddddddddddddddddddddddddddddddd.{EPS=5.33294,ETD=46.886}dddddddddddddddddddddddddddddddddddddddddddd.{EPS=5.19567,ETD=47.734}ddddddddddddddddddddddddddddddddddddd.{EPS=5.07898,ETD=44.518}ddddddddddddddddddddddddddddddddddddddddddddd.{EPS=4.89065,ETD=45.268}dddddddddddddddddddddddddddddddddddddddd