Parsing and Instantiating...
Warning: rounding numeric constants such as 12.5626 to an accuracy of 0.001
Done
One way facts...
Mutex groups...
Semaphore Facts...
Envelope Facts...
One-shot actions...
(bs-dispense c-bs input wp1 base_black) is 1 shot
(bs-dispense c-bs output wp1 base_black) is 1 shot
(bs-dispense c-bs input wp1 base_red) is 1 shot
(bs-dispense c-bs output wp1 base_red) is 1 shot
(bs-dispense c-bs input wp1 base_silver) is 1 shot
(bs-dispense c-bs output wp1 base_silver) is 1 shot
(bs-dispense c-bs input wp1 base_black) is 1 shot
(bs-dispense c-bs output wp1 base_black) is 1 shot
(bs-dispense c-bs input wp1 base_red) is 1 shot
(bs-dispense c-bs output wp1 base_red) is 1 shot
(bs-dispense c-bs input wp1 base_silver) is 1 shot
(bs-dispense c-bs output wp1 base_silver) is 1 shot
(prepare-ds r-1 c-ds gate-1) is 1 shot
(prepare-ds r-2 c-ds gate-1) is 1 shot
(prepare-ds r-1 c-ds gate-2) is 1 shot
(prepare-ds r-2 c-ds gate-2) is 1 shot
(prepare-ds r-1 c-ds gate-3) is 1 shot
(prepare-ds r-2 c-ds gate-3) is 1 shot
(wp-get-shelf r-1 cg1 c-cs1 left) is 1 shot
(wp-get-shelf r-2 cg1 c-cs1 left) is 1 shot
(wp-get-shelf r-1 cg2 c-cs1 middle) is 1 shot
(wp-get-shelf r-2 cg2 c-cs1 middle) is 1 shot
(wp-get-shelf r-1 cg3 c-cs1 right) is 1 shot
(wp-get-shelf r-2 cg3 c-cs1 right) is 1 shot
(wp-get-shelf r-1 cb1 c-cs2 left) is 1 shot
(wp-get-shelf r-2 cb1 c-cs2 left) is 1 shot
(wp-get-shelf r-1 cb2 c-cs2 middle) is 1 shot
(wp-get-shelf r-2 cb2 c-cs2 middle) is 1 shot
(wp-get-shelf r-1 cb3 c-cs2 right) is 1 shot
(wp-get-shelf r-2 cb3 c-cs2 right) is 1 shot
Integral variables...
Variable bounds...
Static numeric conditions...
Duration bounds...
TIL time window analysis...
Bounding action timestamps due to time windows...
(order-delivery-window-open o1) forms a window with range [0.000,150.000]
Bounds on (fulfill-order-c0-within-tw o1 wp1 c-ds gate-1 base_red cap_black) (duration [0.010,0.010]):
	0: [0.000,149.990]
	1: [0.000,149.990]
	2: [0.010,150.000]
(can-commit-for-ontime-delivery o1) forms a window with range [0.000,15.000]
Bounds on (commit-to-ontime-delivery o1) (duration [0.010,0.010]):
	0: [0.000,14.999]
	1: [0.000,14.999]
	2: [0.010,15.009]
Bounds on (do-not-commit-to-ontime-delivery o1) (duration [0.010,0.010]):
	0: [0.000,14.999]
	1: [0.000,14.999]
	2: [0.010,15.009]
Dominance constraints (excluding processes and events)...
Damaging events...
Dominance constraints (including processes and events)...
Variable monotonicity...
Max/min needed values for any single precondition...
Irrelevant action pruning by backward reachability from goal...
Uninterestingness criteria...
Compression-safe actions...
Compression-safe invariants...
62% of durative actions in this problem are compression safe
Goal Goal [1]
    (order-fulfilled o1)

Finishing preprocessing.  Making a TRPG heuristic...
Making an open list...
Running WA* search (g weight = 1, h weight = 5)
{(order-delivery-window-open o1),(can-commit-for-ontime-delivery o1),(location-free start input),(location-free c-bs input),(location-free c-bs output),(location-free c-cs1 input),(location-free c-cs1 output),(location-free c-cs2 input),(location-free c-cs2 output),(location-free c-ds input),(location-free c-ds output),(cs-can-perform c-cs1 cs_retrieve),(cs-can-perform c-cs2 cs_retrieve),(wp-base-color wp1 base_none),(wp-cap-color wp1 cap_none),(wp-ring1-color wp1 ring_none),(wp-ring2-color wp1 ring_none),(wp-ring3-color wp1 ring_none),(wp-unused wp1),(robot-waiting r-1),(robot-waiting r-2),(mps-state c-bs idle),(mps-state c-cs1 idle),(mps-state c-cs2 idle),(mps-state c-ds idle),(wp-cap-color cg1 cap_grey),(wp-cap-color cg2 cap_grey),(wp-cap-color cg3 cap_grey),(wp-on-shelf cg1 c-cs1 left),(wp-on-shelf cg2 c-cs1 middle),(wp-on-shelf cg3 c-cs1 right),(wp-cap-color cb1 cap_black),(wp-cap-color cb2 cap_black),(wp-cap-color cb3 cap_black),(wp-on-shelf cb1 c-cs2 left),(wp-on-shelf cb2 c-cs2 middle),(wp-on-shelf cb3 c-cs2 right)}
[]
Initial heuristic = 27
Initial stats: t=0.02s, 7568kb
b (25 @ n=3, t=0.02s, 7568kb)b (22 @ n=5, t=0.02s, 7568kb)b (21 @ n=35, t=0.02s, 7704kb)Warning: self overlapping Action 320:1 at 1
xb (20 @ n=178, t=0.05s, 7888kb)d.{EPS=1190.48,ETD=20.7347}xxxd.{EPS=1219.51,ETD=38.8586}b (19 @ n=525, t=0.09s, 8604kb)b (17 @ n=530, t=0.1s, 8604kb)b (16 @ n=654, t=0.13s, 9332kb)b (15 @ n=742, t=0.15s, 9976kb)b (14 @ n=757, t=0.16s, 10076kb)db (13 @ n=782, t=0.16s, 10320kb)db (12 @ n=943, t=0.21s, 11880kb).{EPS=746.269,ETD=26.3557}dddb (10 @ n=1226, t=0.29s, 15340kb).{EPS=666.667,ETD=20.9698}dddx.{EPS=692.521,ETD=17.9036}xx.{EPS=733.496,ETD=15.1304}xdxx.{EPS=751.073,ETD=13.1547}xxdx.{EPS=751.88,ETD=11.6742}xx.{EPS=736.498,ETD=10.5212}xdxx.{EPS=710.227,ETD=9.6012}xxdx.{EPS=648.508,ETD=7.684}xx.{EPS=578.704,ETD=2.154}xdxx.{EPS=558.036,ETD=2.128}xxdx.{EPS=514.933,ETD=1.77}xx.{EPS=448.833,ETD=1.332}xdxx.{EPS=384.615,ETD=1.334}xxdx.{EPS=332.447,ETD=1.334}xx.{EPS=288.351,ETD=1.332}xdxx.{EPS=251.509,ETD=1.334}xxdx.{EPS=221.141,ETD=1.334}xx.{EPS=195.16,ETD=1.332}xdxx.{EPS=173.37,ETD=1.334}xxdx.{EPS=154.991,ETD=1.334}xx.{EPS=138.927,ETD=1.332}xdxx.{EPS=125.094,ETD=1.334}xxdx.{EPS=113.302,ETD=1.334}xx.{EPS=102.712,ETD=1.332}xdxx.{EPS=93.3881,ETD=1.334}xxdx.{EPS=85.3242,ETD=1.334}xx.{EPS=77.9666,ETD=1.332}xdxx.{EPS=71.4796,ETD=1.334}xxdx.{EPS=65.4536,ETD=1.334}xx.{EPS=59.73,ETD=1.332}xdxd.{EPS=57.3197,ETD=13.446}db (9 @ n=4343, t=13.66s, 253392kb)dd.{EPS=60.7681,ETD=13.576}ddd.{EPS=64.7836,ETD=13.576}ddd.{EPS=69.8032,ETD=13.744}ddd.{EPS=76.2777,ETD=14.09}ddd.{EPS=85.034,ETD=14.73}ddd.{EPS=97.3141,ETD=15.386}ddd.{EPS=114.732,ETD=15.376}ddd.{EPS=144.3,ETD=16.214}ddxd.{EPS=212.947,ETD=30.934}ddd.{EPS=332.226,ETD=48.944}dd~~~~~~~~~~~~~~~~~~~~~~~~~~~~~~d~~~~~~~~~~~~~~~~~~~~~~~~~~~~~~~~~~~~~~~~~~~~~~~~~~~~~~~~~~~~~~~~~~~~~~~~~~~~~~~~~~~~~~~~~~~~~~~~~~~~~~~~~~~~~~~~~~~~~~~~~~~~~~~~~~~~~~~~~~~~~~~~~~~~~~~~~~~~~~~~~~~~~~~~~~~~~~~~~~~~~~~~~~~~~~~~~~~~~~~~~~~~~~~~~~~~~~~~~~~~~~~~~~~~~~~~~~~~~~~~~~~~~~~~~~~~~~~~~~~~~~~~~~~~~~~~~~~~~~~~~~~~~~~~~~~~~~~~~~~~~~~~~~~~~~~~~~~~~~~~~~~~~d~~~~~~~~~~~~~~~~~~.{EPS=342.936,ETD=254.686}dd~~~ddd.{EPS=357.91,ETD=469.026}dd~~~~~~~~~~~~~~~~~~ddd~~~~~~~~~~~~~~~~~~~~~~~~~~~~~~~~~~~d.{EPS=382.848,ETD=689.808}~~~~dd~~~~d~~~~d~~~~~~~~.{EPS=422.654,ETD=917.23}d~~~~~~~~d~~~~~~~~~~~~~~~d~~~~~~~~~~~~~~~~~~~~~d~~~~~~~~~~~~~~~~~~~~~~~~~~~~~~~~~~~~~~~~~~~~~~~~~~~~~~~~~~~~d.{EPS=471.254,ETD=1151.66}~~~~~~~~~~~~~~~~~~~~~~~~~dd~~~~~~~~~~~~~~~~~~~~~~~~~~~~~~~~~~~~~~~~~~~~~~~~~~~~~~~~~~~~d~~~~~~~~~~~~~~~~~~~~~~~~~~~~~~~~~~~~~~~~~~~~~~~~~~~~~~~~~~~~~~~~~~~~~~~~~~~~~~~~~~~~~~~~~~~~~~~~~~~~~~~~~~~~~~~~~~~~~~~~~~~~~~~~~~~~~~~~~~~~~~~~~~~~~~~~~~~~~~~~~~~~~~~~~~~~~~~~~~~~~~~~~~~~~~~~~~~~~~~~~~~~~~~~~~~~~~~~~~~~~~~~~~~~~~~~~~~~~~~~~~~~~~~~~~~~~~~~~~~~~~~~~~~~~~~~~~~~~~~~~~~~~~~~~~~~~~~~~~~~~~~~~~~~~~~~~~~~~~~~~~~~~~~~~~~~~~~~~~~~~~~~~~~~~~~~~~~~~~~~~~~~~~~~~~~~~~~~~~~~~~~~~~~~~~~~~~~~~~~~~~~~~~~~~~~~~~~~~~~~~~~~~~~~~~~~~~~~~~~~~~~~~~~~~~~~~~~~~~~~~~~~~~~~~~~~~~~~~~~~~~~~~~~~~~~~~~~~~~~~~~~~~~~~~~~~~~~~~~~~~~~~~~~~~~~~~~~~~~~~~~~~~~~~~~~~~~~~~~~~~~~~~~~~~~~~~~~~~~~~~~~~~~~~~~~~~~~~~~~~~~~~~~~~~~~~~~~~~~~~~~~~~~~~~~~~~~~~~~~~~~~~~~~~~~~~~~~~~~~~~~~~~~~~~~~~~~~~~~~~~~~~~~~~~~~~~~~~~~~~~~~~~~~~~~~~~~~~~~~~~~~~~~~~~~~~~~~~~~~~~~~~~~~~~~~~~~~~~~~~~~~~~~~~~~~~~~~~~~~~~~~~~~~~~~~~~~~~~~~~~~~~~~~~~~~~~~~~~~~~~~~~~~~~~~~~~~~~~~~~~~~~~~~~~~~~~~~~~~~~~~~~~~~~~~~~
;;;; Problem Unsolvable
; Nodes Generated: 8361
; Nodes Expanded:  2483
; Nodes Evaluated: 8360
; Nodes Tunneled:  378
; Nodes memoised with open actions: 8818
; Nodes memoised without open actions: 6281
; Nodes pruned by memoisation: 6738
; Time 15.44
