Parsing and Instantiating...
Warning: rounding numeric constants such as 3.92144 to an accuracy of 0.001
Done
One way facts...
Mutex groups...
Semaphore Facts...
Envelope Facts...
One-shot actions...
(bs-dispense c-bs input wp1 base_black) is 1 shot
(bs-dispense c-bs output wp1 base_black) is 1 shot
(bs-dispense c-bs input wp1 base_red) is 1 shot
(bs-dispense c-bs output wp1 base_red) is 1 shot
(bs-dispense c-bs input wp1 base_silver) is 1 shot
(bs-dispense c-bs output wp1 base_silver) is 1 shot
(bs-dispense c-bs input wp1 base_black) is 1 shot
(bs-dispense c-bs output wp1 base_black) is 1 shot
(bs-dispense c-bs input wp1 base_red) is 1 shot
(bs-dispense c-bs output wp1 base_red) is 1 shot
(bs-dispense c-bs input wp1 base_silver) is 1 shot
(bs-dispense c-bs output wp1 base_silver) is 1 shot
(prepare-ds r-1 c-ds gate-1) is 1 shot
(prepare-ds r-2 c-ds gate-1) is 1 shot
(prepare-ds r-3 c-ds gate-1) is 1 shot
(prepare-ds r-1 c-ds gate-2) is 1 shot
(prepare-ds r-2 c-ds gate-2) is 1 shot
(prepare-ds r-3 c-ds gate-2) is 1 shot
(prepare-ds r-1 c-ds gate-3) is 1 shot
(prepare-ds r-2 c-ds gate-3) is 1 shot
(prepare-ds r-3 c-ds gate-3) is 1 shot
(wp-get-shelf r-1 cg1 c-cs1 left) is 1 shot
(wp-get-shelf r-2 cg1 c-cs1 left) is 1 shot
(wp-get-shelf r-3 cg1 c-cs1 left) is 1 shot
(wp-get-shelf r-1 cg2 c-cs1 middle) is 1 shot
(wp-get-shelf r-2 cg2 c-cs1 middle) is 1 shot
(wp-get-shelf r-3 cg2 c-cs1 middle) is 1 shot
(wp-get-shelf r-1 cg3 c-cs1 right) is 1 shot
(wp-get-shelf r-2 cg3 c-cs1 right) is 1 shot
(wp-get-shelf r-3 cg3 c-cs1 right) is 1 shot
(wp-get-shelf r-1 cb1 c-cs2 left) is 1 shot
(wp-get-shelf r-2 cb1 c-cs2 left) is 1 shot
(wp-get-shelf r-3 cb1 c-cs2 left) is 1 shot
(wp-get-shelf r-1 cb2 c-cs2 middle) is 1 shot
(wp-get-shelf r-2 cb2 c-cs2 middle) is 1 shot
(wp-get-shelf r-3 cb2 c-cs2 middle) is 1 shot
(wp-get-shelf r-1 cb3 c-cs2 right) is 1 shot
(wp-get-shelf r-2 cb3 c-cs2 right) is 1 shot
(wp-get-shelf r-3 cb3 c-cs2 right) is 1 shot
Integral variables...
Variable bounds...
Static numeric conditions...
Duration bounds...
TIL time window analysis...
Bounding action timestamps due to time windows...
(order-delivery-window-open o1) forms a window with range [0.000,150.000]
Bounds on (fulfill-order-c0-within-tw o1 wp1 c-ds gate-2 base_silver cap_grey) (duration [0.010,0.010]):
	0: [0.000,149.990]
	1: [0.000,149.990]
	2: [0.010,150.000]
(can-commit-for-ontime-delivery o1) forms a window with range [0.000,15.000]
Bounds on (commit-to-ontime-delivery o1) (duration [0.010,0.010]):
	0: [0.000,14.999]
	1: [0.000,14.999]
	2: [0.010,15.009]
Bounds on (do-not-commit-to-ontime-delivery o1) (duration [0.010,0.010]):
	0: [0.000,14.999]
	1: [0.000,14.999]
	2: [0.010,15.009]
Dominance constraints (excluding processes and events)...
Damaging events...
Dominance constraints (including processes and events)...
Variable monotonicity...
Max/min needed values for any single precondition...
Irrelevant action pruning by backward reachability from goal...
Uninterestingness criteria...
Compression-safe actions...
Compression-safe invariants...
64% of durative actions in this problem are compression safe
Goal Goal [1]
    (order-fulfilled o1)

Finishing preprocessing.  Making a TRPG heuristic...
Making an open list...
Running WA* search (g weight = 1, h weight = 5)
{(order-delivery-window-open o1),(can-commit-for-ontime-delivery o1),(location-free start input),(location-free c-bs input),(location-free c-bs output),(location-free c-cs1 input),(location-free c-cs1 output),(location-free c-cs2 input),(location-free c-cs2 output),(location-free c-ds input),(location-free c-ds output),(cs-can-perform c-cs1 cs_retrieve),(cs-can-perform c-cs2 cs_retrieve),(wp-base-color wp1 base_none),(wp-cap-color wp1 cap_none),(wp-ring1-color wp1 ring_none),(wp-ring2-color wp1 ring_none),(wp-ring3-color wp1 ring_none),(wp-unused wp1),(robot-waiting r-1),(robot-waiting r-2),(robot-waiting r-3),(mps-state c-bs idle),(mps-state c-cs1 idle),(mps-state c-cs2 idle),(mps-state c-ds idle),(wp-cap-color cg1 cap_grey),(wp-cap-color cg2 cap_grey),(wp-cap-color cg3 cap_grey),(wp-on-shelf cg1 c-cs1 left),(wp-on-shelf cg2 c-cs1 middle),(wp-on-shelf cg3 c-cs1 right),(wp-cap-color cb1 cap_black),(wp-cap-color cb2 cap_black),(wp-cap-color cb3 cap_black),(wp-on-shelf cb1 c-cs2 left),(wp-on-shelf cb2 c-cs2 middle),(wp-on-shelf cb3 c-cs2 right)}
[]
Initial heuristic = 25
Initial stats: t=0.02s, 8092kb
b (24 @ n=6, t=0.02s, 8092kb)b (22 @ n=7, t=0.02s, 8092kb)b (21 @ n=31, t=0.03s, 8092kb)Warning: self overlapping Action 434:1 at 1
b (20 @ n=114, t=0.04s, 8288kb)xd.{EPS=980.392,ETD=20.1837}xxxxb (19 @ n=443, t=0.1s, 8796kb).{EPS=1063.83,ETD=40.6566}b (17 @ n=538, t=0.12s, 9040kb)db (16 @ n=547, t=0.12s, 9040kb)ddd.{EPS=688.073,ETD=27.8591}ddd.{EPS=554.017,ETD=22.2563}ddd.{EPS=448.029,ETD=18.4819}ddd.{EPS=396.825,ETD=15.9231}ddd.{EPS=377.97,ETD=14.4499}dd.{EPS=367.985,ETD=15.2682}ddd.{EPS=358.852,ETD=14.5991}ddb (15 @ n=3881, t=1.46s, 34068kb)d.{EPS=344.353,ETD=14.4269}dd.{EPS=312.305,ETD=12.916}ddd.{EPS=283.126,ETD=7.276}dd.{EPS=273.823,ETD=7.77}ddb (14 @ n=5304, t=2.18s, 51556kb)b (13 @ n=5313, t=2.18s, 51648kb)b (12 @ n=5320, t=2.19s, 51752kb)d.{EPS=267.38,ETD=7.504}ddd.{EPS=267.38,ETD=7.516}ddd.{EPS=265.111,ETD=7.96}dddd.{EPS=259.471,ETD=7.966}ddd.{EPS=251.636,ETD=7.936}ddd.{EPS=244.26,ETD=10.882}ddd.{EPS=238.209,ETD=17.092}ddd.{EPS=229.991,ETD=17.07}xddd.{EPS=223.414,ETD=17.134}ddd.{EPS=215.517,ETD=18.266}dd.{EPS=209.38,ETD=24.578}db (11 @ n=8857, t=4.72s, 132100kb)b (10 @ n=8863, t=4.72s, 132180kb)b (9 @ n=8869, t=4.72s, 132312kb)b (8 @ n=8874, t=4.73s, 132552kb)b (7 @ n=8879, t=4.73s, 132692kb)b (5 @ n=8927, t=4.78s, 134020kb)dx.{EPS=208.681,ETD=24.568}d.{EPS=213.584,ETD=23.838}dxd.{EPS=213.95,ETD=23.302}dx.{EPS=209.38,ETD=21.268}d.{EPS=200.723,ETD=17.428}dxd.{EPS=187.899,ETD=9.964}dx.{EPS=172.236,ETD=9.524}d.{EPS=153.61,ETD=9.06}dxd.{EPS=130.412,ETD=7.216}dd.{EPS=123.609,ETD=2.612}dd.{EPS=119.962,ETD=3.206}dxxdxx.{EPS=116.904,ETD=4.102}xxdxx.{EPS=115.181,ETD=4.286}xxxdxxx.{EPS=114.103,ETD=4.308}xxdxxxxx.{EPS=112.918,ETD=4.332}dxxxxxxdx.{EPS=112.284,ETD=4.37}xxxxdxx.{EPS=111.259,ETD=4.39}xxxdxxxx.{EPS=109.987,ETD=4.434}xdxxxxxx.{EPS=110.988,ETD=4.468}dxxxxxdx.{EPS=99.2654,ETD=2.516}xxxxdxxx.{EPS=85.0051,ETD=1.626}xxdxxxxx.{EPS=83.4168,ETD=9.844}xxxdxxxxx.{EPS=85.2951,ETD=40.92}xxxdxxx.{EPS=89.0472,ETD=95.904}dddd.{EPS=93.2314,ETD=178.884}dddd.{EPS=98.9903,ETD=310.2}ddd.{EPS=108.554,ETD=455.196}ddd.{EPS=124.193,ETD=615.702}ddd.{EPS=150.421,ETD=786.214}dxddd.{EPS=205.677,ETD=967.602}~~~~~~~~~~~~~~~~~~~~~~~~~~~~~~~~~~~~~~~~~~~~~~~~~~~~~~~~~~~~~~~~~~~~~~~~~~~~~~~~~~~~~~~~~~~~~~~~~~~~~~~~~~~~~~~~~~~~~~~~~~~~~~~~~~~~~~~~~~~~~~~~~~~~~~~~~~~~~~~~~~~~~~~~~~~~~~~~~~~~~~~~~~~~~~~~~~~~~~~~~~~~~~~~~~~~~~~~~~~~~~~~~~~~~~~~~~~~~~~~~~~~~~~~~~~~~~~~~~~~~~~~~~~~~~~~~~~~~~~~~~~~~~~~~~~~~~~~~~~~~~~~~~~~~~~~~~~~~~~~~~~~~~~~~~~~~~~~~~~~~~~~~~~~~~~~~~~~~~~~~~~~~~~~~~~~~~~~~~~~~~~~~~~~~~~~~~~~~~~~~~~~~~~~~~~~~~~~~~~~~~~~~~~~~~~~~~~~~~~~~~~~~~~~~~~~~~~~~~~~~~~~~~~~~~~~~~~~~~~~~~~~~~~~~~~~~~~~~~~~~~~~~~~~~~~~~~~~~~~~~~~~~~~~~~~~~~~~~~~~~~~~~~~~~~~~~~~~~~~~~~~~~~~~~~~~~~~~~~~~~~~~~~~~~~~~~~~~~~~~~~~~~~~~~~~~~~~~~~~~~~~~~~~~~~~~~~~~~~~~~~~~~~~~~~~~~~~~~~~~~~~~~~~~~~~~~~~~~~~~~~~~~~~~~~~~~~~~~~~~~~~~~~~~~~~~~~~~~~~~~~~~~~~~~~~~~~~~~~~~~~~~~~~~~~~~~~~~~~~~~~~~~~~~~~~~~~~~~~~~~~~~~~~~~~~~~~~~~~~~~~~~~~~~~~~~~~~~~~~~~~~~~~~~~~~~~~~~~~~~~~~~~~~~~~~~~~~~~~~~~~~~~~~~~~~~~~~~~~~~~~~~~~~~~~~~~~~~~~~~~~~~~~~~~~~~~~~~~~~~~~~~~~~~~~~~~~~~~~~~~~~~~~~~~~~~~~~~~~~~~~~~~~~~~~~~~~~~~~~~~~~~~~~~~~~~~~~~~~~~~~~~~~~~~~~~~~~~~~~~~~~~~~~~~~~~~~~~~~~~~~~~~~~~~~~~~~~~~~~~~~~~~~~~~~~~~~~~~~~~~~~~~~~~~~~~~~~~~~~~~~~~~~~~~~~~~~~~~~~~~~~~~~~~~~~~~~~~~~~~~~~~~~~~~~~~~~~~~~~~~~~~~~~~~~~~~~~~~~~~~~~~~~~~~~~~~~~~~~~~~~~~~~~~~~~~~~~~~~~~~~~~~~~~~~~~~~~~~~~~~~~~~~~~~~~~~~~~~~~~~~~~~~~~~~~~~~~~~~~~~~~~~~~~~~~~~~~~~~~~~~~~~~~~~~~~~~~~~~~~~~~~~~~~~~~~~~~~~~~~~~~~~~~~~~~~~~~~~~~~~~~~~~~~~~~~~~~~~~~~~~~~~~~~~~~~~~~~~~~~~~~~~~~~~~~~~~~~~~~~~~~~~~~~~~~~~~~~~~~~~~~~~~~~~~~~~~~~~~~~~~~~~~~~~~~~~~~~~~~~~~~~~~~~~~~~~~~~~~~~~~~~~~~~~~~~~~~~~~~~~~~~~~~~~~~~~~~~~~~~~~~~~~~~~~~~~~~~~~~~~~~~~~~~~~~~~~~~~~~~~~~~~~~~~~~~~~~~~~~~~~~~~~~~~~~~~~~~~~~~~~~~~~~~~~~~~~~~~~~~~~~~~~~~~~~~~~~~~~~~~~~~~~~~~~~~~~~~~~~~~~~~~~~~~~~~~~~~~~~~~~~~~~~~~~~~~~~~~~~~~~~~~~~~~~~~~~~~~~~~~~~~~~~~~~~~~~~~~~~~~~~~~~~~~~~~~~~~~~~~~~~~~~~~~~~~~~~~~~~~~~~~~~~~~~~~~~~~~~~~~~~~~~~~~~~~~~~~~~~~~~~~~~~~~~~~~~~~~~~~~~~~~~~~~~~~~~~~~~~~~~~~~~~~~~~~~~~~~~~~~~~~~~~~~~~~~~~~~~~~~~~~~~~~~~~~~~~~~~~~~~~~~~~~~~~~~~~~~~~~~~~~~~~~~~~~~~~~~~~~~~~~~~~~~~~~~~~~~~~~~~~~~~~~~~~~~~~~~~~~~~~~~~~~~~~~~~~~~~~~~~~~~~~~~~~~~~~~~~~~~~~~~~~~~~~~~~~~~~~~~~~~~~~~~~~~~~~~~~~~~~~~~~~~~~~~~~~~~~~~~~~~~~~~~~~~~~~~~~~~~~~~~~~~~~~~~~~~~~~~~~~~~~~~~~~~~~~~~~~~~~~~~~~~~~~~~~~~~~~~~~~~~~~~~~~~~~~~~~~~~~~~~~~~~~~~~~~~~~~~~~~~~~~~~~~~~~~~~~~~~~~~~~~~~~~~~~~~~~~~~~~~~~~~~~~~~~~~~~~~~~~~~~~~~~~~~~~~~~~~~~~~~~~~~~~~~~~~~~~~~~~~~~~~~~~~~~~~~~~~~~~~~~~~~~~~~~~~~~~~~~~~~~~~~~~~~~~~~~~~~~~~~~~~~~~~~~~~~~~~~~~~~~~~~~~~~~~~~~~~~~~~~~~~~~~~~~~~~~~~~~~~~~~~~~~~~~~~~~~~~~~~~~~~~~~~~~~~~~~~~~~~~~~~~~~~~~~~~~~~~~~~~~~~~~~~~~~~~~~~~~~~~~~~~~~~~~~~~~~~~~~~~~~~~~~~~~~~~~~~~~~~~~~~~~~~~~~~~~~~~~~~~~~~~~~~~~~~~~~~~~~~~~~~~~~~~~~~~~~~~~~~~~~~~~~~~~~~~~~~~~~~~~~~~~~~~~~~~~~~~~~~~~~~~~~~~~~~~~~~~~~~~~~~~~~~~~~~~~~~~~~~~~~~~~~~~~~~~~~~~~~~~~~~~~~~~~~~~~~~~~~~~~~~~~~~~~~~~~~~~~~~~~~~~~~~~~~~~~~~~~~~~~~~~~~~~~~~~~~~~~~~~~~~~~~~~~~~~~~~~~~~~~~~~~~~~~~~~~~~~~~~~~~~~~~~~~~~~~~~~~~~~~~~~~~~~~~~~~~~~~~~~~~~~~~~~~~~~~~~~~~~~~~~~~~~~~~~~~~~~~~~~~~~~~~~~~~~~~~~~~~~~~~~~~~~~~~~~~~~~~~~~~~~~~~~~~~~~~~~~~~~~~~~~~~~~~~~~~~~~~~~~~~~~~~~~~~~~~~~~~~~~~~~~~~~~~~~~~~~~~~~~~~~~~~~~~~~~~~~~~~~~~~~~~~~~~~~~~~~~~~~~~~~~~~~~~~~~~~~~~~~~~~~~~~~~~~~~~~~~~~~~~~~~~~~~~~~~~~~~~~~~~~~~~~~~~~~~~~~~~~~~~~~~~~~~~~~~~~~~~~~~~~~~~~~~~~~~~~~~~~~~~~~~~~~~~~~~~~~~~~~~~~~~~~~~~~~~~~~~~~~~~~~~~~~~~~~~~~~~~~~~~~~~~~~~~~~~~~~~~~~~~~~~~~~~~~~~~~~~~~~~~~~~~~~~~~~~~~~~~~~~~~~~~~~~~~~~~~~~~~~~~~~~~~~~~~~~~~~~~~~~~~~~~~~~~~~~~~~~~~~~~~~~~~~~~~~~~~~~~~~~~~~~~~~~~~~~~~~~~~~~~~~~~~~~~~~~~~~~~~~~~~~~~~~~~~~~~~~~~~~~~~~~~~~~~~~~~~~~~~~~~~~~~~~~~~~~~~~~~~~~~~~~~~~~~~~~~~~~~~~~~~~~~~~~~~~~~~~~~~~~~~~~~~~~~~~~~~~~~~~~~~~~~~~~~~~~~~~~~~~~~~~~~~~~~~~~~~~~~~~~~~~~~~~~~~~~~~~~~~~~~~~~~~~~~~ddd.{EPS=370.37,ETD=1158.33}dddd.{EPS=463.392,ETD=1352.37}ddddd.{EPS=473.037,ETD=1535.36}dddd.{EPS=450.045,ETD=1703.26}ddddd.{EPS=453.721,ETD=1851.11}ddddd.{EPS=460.405,ETD=1960.08}dddd.{EPS=460.829,ETD=2061.02}dddd.{EPS=457.038,ETD=2152.08}dddddd.{EPS=450.45,ETD=2241.21}dddd.{EPS=452.08,ETD=2325.8}dddd.{EPS=452.489,ETD=2406.3}ddd.{EPS=463.822,ETD=2483.85}dddd.{EPS=476.644,ETD=2562.39}ddddd.{EPS=490.677,ETD=2636.04}ddddd.{EPS=498.008,ETD=2712.85}dddd.{EPS=519.211,ETD=2787.79}ddd.{EPS=539.374,ETD=2861.91}ddddd.{EPS=548.246,ETD=2940.56}ddddd.{EPS=560.538,ETD=3014.93}dxddd.{EPS=572.082,ETD=3089.63}dddd.{EPS=572.082,ETD=3161.87}dddd.{EPS=564.972,ETD=3230.41}ddddd.{EPS=567.537,ETD=3295.63}dddd.{EPS=576.037,ETD=3368.51}ddddd.{EPS=586.854,ETD=3435.34}ddddd.{EPS=578.035,ETD=3498.84}ddddd.{EPS=568.828,ETD=3563.45}ddxddd.{EPS=566.251,ETD=3622.06}dddd.{EPS=576.701,ETD=3683.4}dddd.{EPS=572.738,ETD=3743.08}ddxddd.{EPS=572.082,ETD=3805.35}dddxdd.{EPS=582.072,ETD=3867.26}dd
;;;; Problem Unsolvable
; Nodes Generated: 21080
; Nodes Expanded:  4322
; Nodes Evaluated: 21079
; Nodes Tunneled:  2075
; Nodes memoised with open actions: 13367
; Nodes memoised without open actions: 18097
; Nodes pruned by memoisation: 10384
; Time 19.22
