Parsing and Instantiating...
Warning: rounding numeric constants such as 3.23261 to an accuracy of 0.001
Done
One way facts...
Mutex groups...
Semaphore Facts...
Envelope Facts...
One-shot actions...
(bs-dispense c-bs input wp1 base_black) is 1 shot
(bs-dispense c-bs output wp1 base_black) is 1 shot
(bs-dispense c-bs input wp1 base_red) is 1 shot
(bs-dispense c-bs output wp1 base_red) is 1 shot
(bs-dispense c-bs input wp1 base_silver) is 1 shot
(bs-dispense c-bs output wp1 base_silver) is 1 shot
(bs-dispense c-bs input wp1 base_black) is 1 shot
(bs-dispense c-bs output wp1 base_black) is 1 shot
(bs-dispense c-bs input wp1 base_red) is 1 shot
(bs-dispense c-bs output wp1 base_red) is 1 shot
(bs-dispense c-bs input wp1 base_silver) is 1 shot
(bs-dispense c-bs output wp1 base_silver) is 1 shot
(prepare-ds r-1 c-ds gate-1) is 1 shot
(prepare-ds r-1 c-ds gate-2) is 1 shot
(prepare-ds r-1 c-ds gate-3) is 1 shot
(wp-get-shelf r-1 cg1 c-cs1 left) is 1 shot
(wp-get-shelf r-1 cg2 c-cs1 middle) is 1 shot
(wp-get-shelf r-1 cg3 c-cs1 right) is 1 shot
(wp-get-shelf r-1 cb1 c-cs2 left) is 1 shot
(wp-get-shelf r-1 cb2 c-cs2 middle) is 1 shot
(wp-get-shelf r-1 cb3 c-cs2 right) is 1 shot
Integral variables...
Variable bounds...
Static numeric conditions...
Duration bounds...
TIL time window analysis...
Bounding action timestamps due to time windows...
(order-delivery-window-open o1) forms a window with range [0.000,151.655]
Bounds on (fulfill-order-c0-within-tw o1 wp1 c-ds gate-3 base_silver cap_grey) (duration [0.010,0.010]):
	0: [0.000,151.645]
	1: [0.000,151.645]
	2: [0.010,151.655]
(can-commit-for-ontime-delivery o1) forms a window with range [0.000,6.200]
Bounds on (commit-to-ontime-delivery o1) (duration [0.010,0.010]):
	0: [0.000,6.199]
	1: [0.000,6.199]
	2: [0.010,6.209]
Bounds on (do-not-commit-to-ontime-delivery o1) (duration [0.010,0.010]):
	0: [0.000,6.199]
	1: [0.000,6.199]
	2: [0.010,6.209]
Dominance constraints (excluding processes and events)...
Damaging events...
Dominance constraints (including processes and events)...
Variable monotonicity...
Max/min needed values for any single precondition...
Irrelevant action pruning by backward reachability from goal...
Uninterestingness criteria...
Compression-safe actions...
Compression-safe invariants...
59% of durative actions in this problem are compression safe
Goal Goal [1]
    (order-fulfilled o1)

Finishing preprocessing.  Making a TRPG heuristic...
Making an open list...
Running WA* search (g weight = 1, h weight = 5)
{(order-delivery-window-open o1),(can-commit-for-ontime-delivery o1),(location-free start input),(location-free c-bs input),(location-free c-bs output),(location-free c-cs1 input),(location-free c-cs1 output),(location-free c-cs2 input),(location-free c-cs2 output),(location-free c-ds input),(location-free c-ds output),(cs-can-perform c-cs1 cs_retrieve),(cs-can-perform c-cs2 cs_retrieve),(wp-base-color wp1 base_none),(wp-cap-color wp1 cap_none),(wp-ring1-color wp1 ring_none),(wp-ring2-color wp1 ring_none),(wp-ring3-color wp1 ring_none),(wp-unused wp1),(robot-waiting r-1),(mps-state c-bs idle),(mps-state c-cs1 idle),(mps-state c-cs2 idle),(mps-state c-ds idle),(wp-cap-color cg1 cap_grey),(wp-cap-color cg2 cap_grey),(wp-cap-color cg3 cap_grey),(wp-on-shelf cg1 c-cs1 left),(wp-on-shelf cg2 c-cs1 middle),(wp-on-shelf cg3 c-cs1 right),(wp-cap-color cb1 cap_black),(wp-cap-color cb2 cap_black),(wp-cap-color cb3 cap_black),(wp-on-shelf cb1 c-cs2 left),(wp-on-shelf cb2 c-cs2 middle),(wp-on-shelf cb3 c-cs2 right)}
[]
Initial heuristic = 29
Initial stats: t=0.01s, 7180kb
b (26 @ n=7, t=0.01s, 7180kb)b (25 @ n=43, t=0.02s, 7180kb)Warning: self overlapping Action 206:1 at 1
b (24 @ n=101, t=0.02s, 7316kb)b (23 @ n=110, t=0.02s, 7408kb)xx.{EPS=1666.67,ETD=19.9184}db (20 @ n=316, t=0.05s, 7716kb)xx.{EPS=1694.92,ETD=38.5758}b (19 @ n=479, t=0.07s, 8076kb)db (18 @ n=561, t=0.08s, 8368kb)b (16 @ n=582, t=0.09s, 8480kb)b (15 @ n=633, t=0.1s, 8856kb)b (14 @ n=640, t=0.1s, 8856kb)b (13 @ n=644, t=0.1s, 8956kb)db (11 @ n=693, t=0.11s, 9244kb)d.{EPS=1401.87,ETD=26.8389}xxd.{EPS=1503.76,ETD=22.4472}xx.{EPS=1602.56,ETD=21.2008}dxxx.{EPS=1570.68,ETD=21.408}xx.{EPS=1650.94,ETD=19.7221}xx.{EPS=1702.13,ETD=19.1153}xx.{EPS=1750.97,ETD=18.9532}xx.{EPS=1792.11,ETD=18.4749}dxx.{EPS=1831.5,ETD=18.658}xx.{EPS=1872.66,ETD=15.404}xx.{EPS=2083.33,ETD=16.944}xx.{EPS=2109.7,ETD=18.884}xxd.{EPS=2040.82,ETD=28.936}xd.{EPS=2066.12,ETD=31.428}xdxxx.{EPS=1886.79,ETD=30.608}xdxxxxdx.{EPS=1587.3,ETD=29.152}xxdxxxxd.{EPS=1225.49,ETD=27.42}xxxdxxx.{EPS=886.525,ETD=26.036}xdxxxxdx.{EPS=629.723,ETD=23.896}xx.{EPS=632.911,ETD=95.34}xx.{EPS=639.386,ETD=155.002}xx.{EPS=649.351,ETD=195.508}xx.{EPS=673.854,ETD=192.82}xxxdxx.{EPS=525.21,ETD=191.378}xxdxxxx.{EPS=350.877,ETD=191.24}xxdxxxx.{EPS=239.808,ETD=191.208}xxdxxxx.{EPS=168.52,ETD=191.174}xxdxxxx.{EPS=122.399,ETD=191.14}xxdxxx~~~~~~~~~~~~~~~~~~~~~~~~~~~~~~~~~~~~~~~~~~~~~~~~~~~~~~~~~~~~~~~~~~~~~~~~~~~~~~~~~~~~~~~~~~~~~~~~~~~~~~~~~~~~~~~~~~~~~~~~~~~~~~~~~~~~~~~~~~~~~~~~~~~~~~~~~~~~~~~~~~~~~~~~~~~~~~~~~~~~~~~~~~~~~~~~~~~~~~~~~~~~~~~~~~~~~~~~~~~~~~~~~~~~~~~~~~~~~~~~~~~~~~~~~~~~~~~~~~~~~~~~~~~~~~~~~~~~~~~~~~~~~~~~~~~~~~~~~~~~~~~~~~~~~~~~~~~~~~~~~~~~~~~~~~~~~~~~~~~~~~~~~~~~~~~~~~~~~~~~~~~~~~~~~~~~~~~~~~~~~~~~~~~~~~~~~~~~~~~~~~~~~~~~~~~~~~~~~~~~~~~~~~~~~~~~~~~~~~~~~~~~~~~~~~~~~~~~~~~~~~~~~~~~~~~~~~~~~~~~~~~~~~~~~~~~~~~~~~~~~~~~~~~~~~~~~~~~~~~~~~~~~~~~~~~~~~~~~~~~~~~~~~~~~~~~~~~~~~~~~~~~~~~~~~~~~~~~~~~~~~~~~~~~~~~~~~~~~~~~~~~~~~~~~~~~~~~~~~~~~~~~~~~~~~~~~~~~~~~~~~~~~~~~~~~~~~~~~~~~~~~~~~~~~~~~~~~~~~~~~~~~~~~~~~~~~~~~~~~~~~~~~~~~~~~~~~~~~~~~~~~~~~~~~~~~~~~~~~~~~~~~~~~~~~~~~~~~~~~~~~~~~~~~~~~~~~~~~~~~~~~~~~~~~~~~~~~~~~~~~~~~~~~~~~~~~~~~~~~~~~~~~~~~~~~~~~~~~~~~~~~~~~~~~~~~~~~~~~~~~~~~~~~~~~~~~~~~~~~~~~~~~~~~~~~~~~~~~~~~~~~~~~~~~~~~~~~~~~~~~~~~~~~~~~~~~~~~~~~~~~~~~~~~~~~~~~~~~~~~~~~~~~~~~~~~~~~~~~~~~~~~~~~~~~~~~~~~~~~~~~~~~~~~~~~~~~~~~~~~~~~~~~~~~~~~~~~~d.{EPS=98.0008,ETD=223.822}dddd.{EPS=97.9048,ETD=300.06}ddd
;;;; Problem Unsolvable
; Nodes Generated: 4228
; Nodes Expanded:  1643
; Nodes Evaluated: 4229
; Nodes Tunneled:  111
; Nodes memoised with open actions: 8422
; Nodes memoised without open actions: 2386
; Nodes pruned by memoisation: 6580
; Time 6.26
