Parsing and Instantiating...
Done
One way facts...
Mutex groups...
Semaphore Facts...
Envelope Facts...
One-shot actions...
(push-end s12 a1 a2 b1 b10) is 1 shot
(push-end s13 a1 a3 b1 b10) is 1 shot
(pop-end s12 a1 a2 b10 b1) is 1 shot
(pop-end s13 a1 a3 b10 b1) is 1 shot
Integral variables...
Variable bounds...
Static numeric conditions...
Duration bounds...
TIL time window analysis...
Bounding action timestamps due to time windows...
(deliverable b7) forms a window with range [0.000,6.120]
Bounds on (push-end s12 a1 a2 b7 b0) (duration [0.500,0.500]):
	0: [0.000,5.619]
	1: [0.000,5.619]
	2: [0.000,6.119]
Bounds on (push-end s13 a1 a3 b7 b0) (duration [0.500,0.500]):
	0: [0.000,5.619]
	1: [0.000,5.619]
	2: [0.000,6.119]
Bounds on (push-end s12 a1 a2 b7 b1) (duration [0.500,0.500]):
	0: [0.000,5.619]
	1: [0.000,5.619]
	2: [0.000,6.119]
Bounds on (push-end s13 a1 a3 b7 b1) (duration [0.500,0.500]):
	0: [0.000,5.619]
	1: [0.000,5.619]
	2: [0.000,6.119]
Bounds on (push-end s12 a1 a2 b7 b10) (duration [0.500,0.500]):
	0: [0.000,5.619]
	1: [0.000,5.619]
	2: [0.000,6.119]
Bounds on (push-end s13 a1 a3 b7 b10) (duration [0.500,0.500]):
	0: [0.000,5.619]
	1: [0.000,5.619]
	2: [0.000,6.119]
Bounds on (push-end s12 a1 a2 b7 b11) (duration [0.500,0.500]):
	0: [0.000,5.619]
	1: [0.000,5.619]
	2: [0.000,6.119]
Bounds on (push-end s13 a1 a3 b7 b11) (duration [0.500,0.500]):
	0: [0.000,5.619]
	1: [0.000,5.619]
	2: [0.000,6.119]
Bounds on (push-end s12 a1 a2 b7 b12) (duration [0.500,0.500]):
	0: [0.000,5.619]
	1: [0.000,5.619]
	2: [0.000,6.119]
Bounds on (push-end s13 a1 a3 b7 b12) (duration [0.500,0.500]):
	0: [0.000,5.619]
	1: [0.000,5.619]
	2: [0.000,6.119]
Bounds on (push-end s12 a1 a2 b7 b13) (duration [0.500,0.500]):
	0: [0.000,5.619]
	1: [0.000,5.619]
	2: [0.000,6.119]
Bounds on (push-end s13 a1 a3 b7 b13) (duration [0.500,0.500]):
	0: [0.000,5.619]
	1: [0.000,5.619]
	2: [0.000,6.119]
Bounds on (push-end s12 a1 a2 b7 b2) (duration [0.500,0.500]):
	0: [0.000,5.619]
	1: [0.000,5.619]
	2: [0.000,6.119]
Bounds on (push-end s13 a1 a3 b7 b2) (duration [0.500,0.500]):
	0: [0.000,5.619]
	1: [0.000,5.619]
	2: [0.000,6.119]
Bounds on (push-end s12 a1 a2 b7 b3) (duration [0.500,0.500]):
	0: [0.000,5.619]
	1: [0.000,5.619]
	2: [0.000,6.119]
Bounds on (push-end s13 a1 a3 b7 b3) (duration [0.500,0.500]):
	0: [0.000,5.619]
	1: [0.000,5.619]
	2: [0.000,6.119]
Bounds on (push-end s12 a1 a2 b7 b4) (duration [0.500,0.500]):
	0: [0.000,5.619]
	1: [0.000,5.619]
	2: [0.000,6.119]
Bounds on (push-end s13 a1 a3 b7 b4) (duration [0.500,0.500]):
	0: [0.000,5.619]
	1: [0.000,5.619]
	2: [0.000,6.119]
Bounds on (push-end s12 a1 a2 b7 b5) (duration [0.500,0.500]):
	0: [0.000,5.619]
	1: [0.000,5.619]
	2: [0.000,6.119]
Bounds on (push-end s13 a1 a3 b7 b5) (duration [0.500,0.500]):
	0: [0.000,5.619]
	1: [0.000,5.619]
	2: [0.000,6.119]
Bounds on (push-end s12 a1 a2 b7 b6) (duration [0.500,0.500]):
	0: [0.000,5.619]
	1: [0.000,5.619]
	2: [0.000,6.119]
Bounds on (push-end s13 a1 a3 b7 b6) (duration [0.500,0.500]):
	0: [0.000,5.619]
	1: [0.000,5.619]
	2: [0.000,6.119]
Bounds on (push-end s12 a1 a2 b7 b8) (duration [0.500,0.500]):
	0: [0.000,5.619]
	1: [0.000,5.619]
	2: [0.000,6.119]
Bounds on (push-end s13 a1 a3 b7 b8) (duration [0.500,0.500]):
	0: [0.000,5.619]
	1: [0.000,5.619]
	2: [0.000,6.119]
Bounds on (push-end s12 a1 a2 b7 b9) (duration [0.500,0.500]):
	0: [0.000,5.619]
	1: [0.000,5.619]
	2: [0.000,6.119]
Bounds on (push-end s13 a1 a3 b7 b9) (duration [0.500,0.500]):
	0: [0.000,5.619]
	1: [0.000,5.619]
	2: [0.000,6.119]
Bounds on (pop-end s12 a1 a2 b7 b0) (duration [0.500,0.500]):
	0: [0.000,5.619]
	1: [0.000,5.619]
	2: [0.000,6.119]
Bounds on (pop-end s13 a1 a3 b7 b0) (duration [0.500,0.500]):
	0: [0.000,5.619]
	1: [0.000,5.619]
	2: [0.000,6.119]
Bounds on (pop-end s12 a1 a2 b7 b1) (duration [0.500,0.500]):
	0: [0.000,5.619]
	1: [0.000,5.619]
	2: [0.000,6.119]
Bounds on (pop-end s13 a1 a3 b7 b1) (duration [0.500,0.500]):
	0: [0.000,5.619]
	1: [0.000,5.619]
	2: [0.000,6.119]
Bounds on (pop-end s12 a1 a2 b7 b10) (duration [0.500,0.500]):
	0: [0.000,5.619]
	1: [0.000,5.619]
	2: [0.000,6.119]
Bounds on (pop-end s13 a1 a3 b7 b10) (duration [0.500,0.500]):
	0: [0.000,5.619]
	1: [0.000,5.619]
	2: [0.000,6.119]
Bounds on (pop-end s12 a1 a2 b7 b11) (duration [0.500,0.500]):
	0: [0.000,5.619]
	1: [0.000,5.619]
	2: [0.000,6.119]
Bounds on (pop-end s13 a1 a3 b7 b11) (duration [0.500,0.500]):
	0: [0.000,5.619]
	1: [0.000,5.619]
	2: [0.000,6.119]
Bounds on (pop-end s12 a1 a2 b7 b12) (duration [0.500,0.500]):
	0: [0.000,5.619]
	1: [0.000,5.619]
	2: [0.000,6.119]
Bounds on (pop-end s13 a1 a3 b7 b12) (duration [0.500,0.500]):
	0: [0.000,5.619]
	1: [0.000,5.619]
	2: [0.000,6.119]
Bounds on (pop-end s12 a1 a2 b7 b13) (duration [0.500,0.500]):
	0: [0.000,5.619]
	1: [0.000,5.619]
	2: [0.000,6.119]
Bounds on (pop-end s13 a1 a3 b7 b13) (duration [0.500,0.500]):
	0: [0.000,5.619]
	1: [0.000,5.619]
	2: [0.000,6.119]
Bounds on (pop-end s12 a1 a2 b7 b2) (duration [0.500,0.500]):
	0: [0.000,5.619]
	1: [0.000,5.619]
	2: [0.000,6.119]
Bounds on (pop-end s13 a1 a3 b7 b2) (duration [0.500,0.500]):
	0: [0.000,5.619]
	1: [0.000,5.619]
	2: [0.000,6.119]
Bounds on (pop-end s12 a1 a2 b7 b3) (duration [0.500,0.500]):
	0: [0.000,5.619]
	1: [0.000,5.619]
	2: [0.000,6.119]
Bounds on (pop-end s13 a1 a3 b7 b3) (duration [0.500,0.500]):
	0: [0.000,5.619]
	1: [0.000,5.619]
	2: [0.000,6.119]
Bounds on (pop-end s12 a1 a2 b7 b4) (duration [0.500,0.500]):
	0: [0.000,5.619]
	1: [0.000,5.619]
	2: [0.000,6.119]
Bounds on (pop-end s13 a1 a3 b7 b4) (duration [0.500,0.500]):
	0: [0.000,5.619]
	1: [0.000,5.619]
	2: [0.000,6.119]
Bounds on (pop-end s12 a1 a2 b7 b5) (duration [0.500,0.500]):
	0: [0.000,5.619]
	1: [0.000,5.619]
	2: [0.000,6.119]
Bounds on (pop-end s13 a1 a3 b7 b5) (duration [0.500,0.500]):
	0: [0.000,5.619]
	1: [0.000,5.619]
	2: [0.000,6.119]
Bounds on (pop-end s12 a1 a2 b7 b6) (duration [0.500,0.500]):
	0: [0.000,5.619]
	1: [0.000,5.619]
	2: [0.000,6.119]
Bounds on (pop-end s13 a1 a3 b7 b6) (duration [0.500,0.500]):
	0: [0.000,5.619]
	1: [0.000,5.619]
	2: [0.000,6.119]
Bounds on (pop-end s12 a1 a2 b7 b8) (duration [0.500,0.500]):
	0: [0.000,5.619]
	1: [0.000,5.619]
	2: [0.000,6.119]
Bounds on (pop-end s13 a1 a3 b7 b8) (duration [0.500,0.500]):
	0: [0.000,5.619]
	1: [0.000,5.619]
	2: [0.000,6.119]
Bounds on (pop-end s12 a1 a2 b7 b9) (duration [0.500,0.500]):
	0: [0.000,5.619]
	1: [0.000,5.619]
	2: [0.000,6.119]
Bounds on (pop-end s13 a1 a3 b7 b9) (duration [0.500,0.500]):
	0: [0.000,5.619]
	1: [0.000,5.619]
	2: [0.000,6.119]
(deliverable b12) forms a window with range [0.000,11.140]
Bounds on (push-end s12 a1 a2 b12 b0) (duration [0.500,0.500]):
	0: [0.000,10.639]
	1: [0.000,10.639]
	2: [0.000,11.139]
Bounds on (push-end s13 a1 a3 b12 b0) (duration [0.500,0.500]):
	0: [0.000,10.639]
	1: [0.000,10.639]
	2: [0.000,11.139]
Bounds on (push-end s12 a1 a2 b12 b10) (duration [0.500,0.500]):
	0: [0.000,10.639]
	1: [0.000,10.639]
	2: [0.000,11.139]
Bounds on (push-end s13 a1 a3 b12 b10) (duration [0.500,0.500]):
	0: [0.000,10.639]
	1: [0.000,10.639]
	2: [0.000,11.139]
Bounds on (push-end s12 a1 a2 b12 b13) (duration [0.500,0.500]):
	0: [0.000,10.639]
	1: [0.000,10.639]
	2: [0.000,11.139]
Bounds on (push-end s13 a1 a3 b12 b13) (duration [0.500,0.500]):
	0: [0.000,10.639]
	1: [0.000,10.639]
	2: [0.000,11.139]
Bounds on (push-end s12 a1 a2 b12 b3) (duration [0.500,0.500]):
	0: [0.000,10.639]
	1: [0.000,10.639]
	2: [0.000,11.139]
Bounds on (push-end s13 a1 a3 b12 b3) (duration [0.500,0.500]):
	0: [0.000,10.639]
	1: [0.000,10.639]
	2: [0.000,11.139]
Bounds on (push-end s12 a1 a2 b12 b5) (duration [0.500,0.500]):
	0: [0.000,10.639]
	1: [0.000,10.639]
	2: [0.000,11.139]
Bounds on (push-end s13 a1 a3 b12 b5) (duration [0.500,0.500]):
	0: [0.000,10.639]
	1: [0.000,10.639]
	2: [0.000,11.139]
Bounds on (push-end s12 a1 a2 b12 b6) (duration [0.500,0.500]):
	0: [0.000,10.639]
	1: [0.000,10.639]
	2: [0.000,11.139]
Bounds on (push-end s13 a1 a3 b12 b6) (duration [0.500,0.500]):
	0: [0.000,10.639]
	1: [0.000,10.639]
	2: [0.000,11.139]
Bounds on (push-end s12 a1 a2 b12 b7) (duration [0.500,0.500]):
	0: [0.000,10.639]
	1: [0.000,10.639]
	2: [0.000,11.139]
Bounds on (push-end s13 a1 a3 b12 b7) (duration [0.500,0.500]):
	0: [0.000,10.639]
	1: [0.000,10.639]
	2: [0.000,11.139]
Bounds on (push-end s12 a1 a2 b12 b8) (duration [0.500,0.500]):
	0: [0.000,10.639]
	1: [0.000,10.639]
	2: [0.000,11.139]
Bounds on (push-end s13 a1 a3 b12 b8) (duration [0.500,0.500]):
	0: [0.000,10.639]
	1: [0.000,10.639]
	2: [0.000,11.139]
Bounds on (pop-end s12 a1 a2 b12 b0) (duration [0.500,0.500]):
	0: [0.000,10.639]
	1: [0.000,10.639]
	2: [0.000,11.139]
Bounds on (pop-end s13 a1 a3 b12 b0) (duration [0.500,0.500]):
	0: [0.000,10.639]
	1: [0.000,10.639]
	2: [0.000,11.139]
Bounds on (pop-end s12 a1 a2 b12 b10) (duration [0.500,0.500]):
	0: [0.000,10.639]
	1: [0.000,10.639]
	2: [0.000,11.139]
Bounds on (pop-end s13 a1 a3 b12 b10) (duration [0.500,0.500]):
	0: [0.000,10.639]
	1: [0.000,10.639]
	2: [0.000,11.139]
Bounds on (pop-end s12 a1 a2 b12 b13) (duration [0.500,0.500]):
	0: [0.000,10.639]
	1: [0.000,10.639]
	2: [0.000,11.139]
Bounds on (pop-end s13 a1 a3 b12 b13) (duration [0.500,0.500]):
	0: [0.000,10.639]
	1: [0.000,10.639]
	2: [0.000,11.139]
Bounds on (pop-end s12 a1 a2 b12 b3) (duration [0.500,0.500]):
	0: [0.000,10.639]
	1: [0.000,10.639]
	2: [0.000,11.139]
Bounds on (pop-end s13 a1 a3 b12 b3) (duration [0.500,0.500]):
	0: [0.000,10.639]
	1: [0.000,10.639]
	2: [0.000,11.139]
Bounds on (pop-end s12 a1 a2 b12 b5) (duration [0.500,0.500]):
	0: [0.000,10.639]
	1: [0.000,10.639]
	2: [0.000,11.139]
Bounds on (pop-end s13 a1 a3 b12 b5) (duration [0.500,0.500]):
	0: [0.000,10.639]
	1: [0.000,10.639]
	2: [0.000,11.139]
Bounds on (pop-end s12 a1 a2 b12 b6) (duration [0.500,0.500]):
	0: [0.000,10.639]
	1: [0.000,10.639]
	2: [0.000,11.139]
Bounds on (pop-end s13 a1 a3 b12 b6) (duration [0.500,0.500]):
	0: [0.000,10.639]
	1: [0.000,10.639]
	2: [0.000,11.139]
Bounds on (pop-end s12 a1 a2 b12 b7) (duration [0.500,0.500]):
	0: [0.000,10.639]
	1: [0.000,10.639]
	2: [0.000,11.139]
Bounds on (pop-end s13 a1 a3 b12 b7) (duration [0.500,0.500]):
	0: [0.000,10.639]
	1: [0.000,10.639]
	2: [0.000,11.139]
Bounds on (pop-end s12 a1 a2 b12 b8) (duration [0.500,0.500]):
	0: [0.000,10.639]
	1: [0.000,10.639]
	2: [0.000,11.139]
Bounds on (pop-end s13 a1 a3 b12 b8) (duration [0.500,0.500]):
	0: [0.000,10.639]
	1: [0.000,10.639]
	2: [0.000,11.139]
(deliverable b3) forms a window with range [0.000,10.130]
Bounds on (push-end s12 a1 a2 b3 b0) (duration [0.500,0.500]):
	0: [0.000,9.629]
	1: [0.000,9.629]
	2: [0.000,10.129]
Bounds on (push-end s13 a1 a3 b3 b0) (duration [0.500,0.500]):
	0: [0.000,9.629]
	1: [0.000,9.629]
	2: [0.000,10.129]
Bounds on (push-end s12 a1 a2 b3 b10) (duration [0.500,0.500]):
	0: [0.000,9.629]
	1: [0.000,9.629]
	2: [0.000,10.129]
Bounds on (push-end s13 a1 a3 b3 b10) (duration [0.500,0.500]):
	0: [0.000,9.629]
	1: [0.000,9.629]
	2: [0.000,10.129]
Bounds on (push-end s12 a1 a2 b3 b12) (duration [0.500,0.500]):
	0: [0.000,9.629]
	1: [0.000,9.629]
	2: [0.000,10.129]
Bounds on (push-end s13 a1 a3 b3 b12) (duration [0.500,0.500]):
	0: [0.000,9.629]
	1: [0.000,9.629]
	2: [0.000,10.129]
Bounds on (push-end s12 a1 a2 b3 b13) (duration [0.500,0.500]):
	0: [0.000,9.629]
	1: [0.000,9.629]
	2: [0.000,10.129]
Bounds on (push-end s13 a1 a3 b3 b13) (duration [0.500,0.500]):
	0: [0.000,9.629]
	1: [0.000,9.629]
	2: [0.000,10.129]
Bounds on (push-end s12 a1 a2 b3 b5) (duration [0.500,0.500]):
	0: [0.000,9.629]
	1: [0.000,9.629]
	2: [0.000,10.129]
Bounds on (push-end s13 a1 a3 b3 b5) (duration [0.500,0.500]):
	0: [0.000,9.629]
	1: [0.000,9.629]
	2: [0.000,10.129]
Bounds on (push-end s12 a1 a2 b3 b6) (duration [0.500,0.500]):
	0: [0.000,9.629]
	1: [0.000,9.629]
	2: [0.000,10.129]
Bounds on (push-end s13 a1 a3 b3 b6) (duration [0.500,0.500]):
	0: [0.000,9.629]
	1: [0.000,9.629]
	2: [0.000,10.129]
Bounds on (push-end s12 a1 a2 b3 b7) (duration [0.500,0.500]):
	0: [0.000,9.629]
	1: [0.000,9.629]
	2: [0.000,10.129]
Bounds on (push-end s13 a1 a3 b3 b7) (duration [0.500,0.500]):
	0: [0.000,9.629]
	1: [0.000,9.629]
	2: [0.000,10.129]
Bounds on (push-end s12 a1 a2 b3 b8) (duration [0.500,0.500]):
	0: [0.000,9.629]
	1: [0.000,9.629]
	2: [0.000,10.129]
Bounds on (push-end s13 a1 a3 b3 b8) (duration [0.500,0.500]):
	0: [0.000,9.629]
	1: [0.000,9.629]
	2: [0.000,10.129]
Bounds on (pop-end s12 a1 a2 b3 b0) (duration [0.500,0.500]):
	0: [0.000,9.629]
	1: [0.000,9.629]
	2: [0.000,10.129]
Bounds on (pop-end s13 a1 a3 b3 b0) (duration [0.500,0.500]):
	0: [0.000,9.629]
	1: [0.000,9.629]
	2: [0.000,10.129]
Bounds on (pop-end s12 a1 a2 b3 b10) (duration [0.500,0.500]):
	0: [0.000,9.629]
	1: [0.000,9.629]
	2: [0.000,10.129]
Bounds on (pop-end s13 a1 a3 b3 b10) (duration [0.500,0.500]):
	0: [0.000,9.629]
	1: [0.000,9.629]
	2: [0.000,10.129]
Bounds on (pop-end s12 a1 a2 b3 b12) (duration [0.500,0.500]):
	0: [0.000,9.629]
	1: [0.000,9.629]
	2: [0.000,10.129]
Bounds on (pop-end s13 a1 a3 b3 b12) (duration [0.500,0.500]):
	0: [0.000,9.629]
	1: [0.000,9.629]
	2: [0.000,10.129]
Bounds on (pop-end s12 a1 a2 b3 b13) (duration [0.500,0.500]):
	0: [0.000,9.629]
	1: [0.000,9.629]
	2: [0.000,10.129]
Bounds on (pop-end s13 a1 a3 b3 b13) (duration [0.500,0.500]):
	0: [0.000,9.629]
	1: [0.000,9.629]
	2: [0.000,10.129]
Bounds on (pop-end s12 a1 a2 b3 b5) (duration [0.500,0.500]):
	0: [0.000,9.629]
	1: [0.000,9.629]
	2: [0.000,10.129]
Bounds on (pop-end s13 a1 a3 b3 b5) (duration [0.500,0.500]):
	0: [0.000,9.629]
	1: [0.000,9.629]
	2: [0.000,10.129]
Bounds on (pop-end s12 a1 a2 b3 b6) (duration [0.500,0.500]):
	0: [0.000,9.629]
	1: [0.000,9.629]
	2: [0.000,10.129]
Bounds on (pop-end s13 a1 a3 b3 b6) (duration [0.500,0.500]):
	0: [0.000,9.629]
	1: [0.000,9.629]
	2: [0.000,10.129]
Bounds on (pop-end s12 a1 a2 b3 b7) (duration [0.500,0.500]):
	0: [0.000,9.629]
	1: [0.000,9.629]
	2: [0.000,10.129]
Bounds on (pop-end s13 a1 a3 b3 b7) (duration [0.500,0.500]):
	0: [0.000,9.629]
	1: [0.000,9.629]
	2: [0.000,10.129]
Bounds on (pop-end s12 a1 a2 b3 b8) (duration [0.500,0.500]):
	0: [0.000,9.629]
	1: [0.000,9.629]
	2: [0.000,10.129]
Bounds on (pop-end s13 a1 a3 b3 b8) (duration [0.500,0.500]):
	0: [0.000,9.629]
	1: [0.000,9.629]
	2: [0.000,10.129]
(deliverable b8) forms a window with range [0.000,6.110]
Bounds on (push-end s12 a1 a2 b8 b0) (duration [0.500,0.500]):
	0: [0.000,5.609]
	1: [0.000,5.609]
	2: [0.000,6.109]
Bounds on (push-end s13 a1 a3 b8 b0) (duration [0.500,0.500]):
	0: [0.000,5.609]
	1: [0.000,5.609]
	2: [0.000,6.109]
Bounds on (push-end s12 a1 a2 b8 b10) (duration [0.500,0.500]):
	0: [0.000,5.609]
	1: [0.000,5.609]
	2: [0.000,6.109]
Bounds on (push-end s13 a1 a3 b8 b10) (duration [0.500,0.500]):
	0: [0.000,5.609]
	1: [0.000,5.609]
	2: [0.000,6.109]
Bounds on (push-end s12 a1 a2 b8 b12) (duration [0.500,0.500]):
	0: [0.000,5.609]
	1: [0.000,5.609]
	2: [0.000,6.109]
Bounds on (push-end s13 a1 a3 b8 b12) (duration [0.500,0.500]):
	0: [0.000,5.609]
	1: [0.000,5.609]
	2: [0.000,6.109]
Bounds on (push-end s12 a1 a2 b8 b13) (duration [0.500,0.500]):
	0: [0.000,5.609]
	1: [0.000,5.609]
	2: [0.000,6.109]
Bounds on (push-end s13 a1 a3 b8 b13) (duration [0.500,0.500]):
	0: [0.000,5.609]
	1: [0.000,5.609]
	2: [0.000,6.109]
Bounds on (push-end s12 a1 a2 b8 b3) (duration [0.500,0.500]):
	0: [0.000,5.609]
	1: [0.000,5.609]
	2: [0.000,6.109]
Bounds on (push-end s13 a1 a3 b8 b3) (duration [0.500,0.500]):
	0: [0.000,5.609]
	1: [0.000,5.609]
	2: [0.000,6.109]
Bounds on (push-end s12 a1 a2 b8 b5) (duration [0.500,0.500]):
	0: [0.000,5.609]
	1: [0.000,5.609]
	2: [0.000,6.109]
Bounds on (push-end s13 a1 a3 b8 b5) (duration [0.500,0.500]):
	0: [0.000,5.609]
	1: [0.000,5.609]
	2: [0.000,6.109]
Bounds on (push-end s12 a1 a2 b8 b6) (duration [0.500,0.500]):
	0: [0.000,5.609]
	1: [0.000,5.609]
	2: [0.000,6.109]
Bounds on (push-end s13 a1 a3 b8 b6) (duration [0.500,0.500]):
	0: [0.000,5.609]
	1: [0.000,5.609]
	2: [0.000,6.109]
Bounds on (push-end s12 a1 a2 b8 b7) (duration [0.500,0.500]):
	0: [0.000,5.609]
	1: [0.000,5.609]
	2: [0.000,6.109]
Bounds on (push-end s13 a1 a3 b8 b7) (duration [0.500,0.500]):
	0: [0.000,5.609]
	1: [0.000,5.609]
	2: [0.000,6.109]
Bounds on (pop-end s12 a1 a2 b8 b0) (duration [0.500,0.500]):
	0: [0.000,5.609]
	1: [0.000,5.609]
	2: [0.000,6.109]
Bounds on (pop-end s13 a1 a3 b8 b0) (duration [0.500,0.500]):
	0: [0.000,5.609]
	1: [0.000,5.609]
	2: [0.000,6.109]
Bounds on (pop-end s12 a1 a2 b8 b10) (duration [0.500,0.500]):
	0: [0.000,5.609]
	1: [0.000,5.609]
	2: [0.000,6.109]
Bounds on (pop-end s13 a1 a3 b8 b10) (duration [0.500,0.500]):
	0: [0.000,5.609]
	1: [0.000,5.609]
	2: [0.000,6.109]
Bounds on (pop-end s12 a1 a2 b8 b12) (duration [0.500,0.500]):
	0: [0.000,5.609]
	1: [0.000,5.609]
	2: [0.000,6.109]
Bounds on (pop-end s13 a1 a3 b8 b12) (duration [0.500,0.500]):
	0: [0.000,5.609]
	1: [0.000,5.609]
	2: [0.000,6.109]
Bounds on (pop-end s12 a1 a2 b8 b13) (duration [0.500,0.500]):
	0: [0.000,5.609]
	1: [0.000,5.609]
	2: [0.000,6.109]
Bounds on (pop-end s13 a1 a3 b8 b13) (duration [0.500,0.500]):
	0: [0.000,5.609]
	1: [0.000,5.609]
	2: [0.000,6.109]
Bounds on (pop-end s12 a1 a2 b8 b3) (duration [0.500,0.500]):
	0: [0.000,5.609]
	1: [0.000,5.609]
	2: [0.000,6.109]
Bounds on (pop-end s13 a1 a3 b8 b3) (duration [0.500,0.500]):
	0: [0.000,5.609]
	1: [0.000,5.609]
	2: [0.000,6.109]
Bounds on (pop-end s12 a1 a2 b8 b5) (duration [0.500,0.500]):
	0: [0.000,5.609]
	1: [0.000,5.609]
	2: [0.000,6.109]
Bounds on (pop-end s13 a1 a3 b8 b5) (duration [0.500,0.500]):
	0: [0.000,5.609]
	1: [0.000,5.609]
	2: [0.000,6.109]
Bounds on (pop-end s12 a1 a2 b8 b6) (duration [0.500,0.500]):
	0: [0.000,5.609]
	1: [0.000,5.609]
	2: [0.000,6.109]
Bounds on (pop-end s13 a1 a3 b8 b6) (duration [0.500,0.500]):
	0: [0.000,5.609]
	1: [0.000,5.609]
	2: [0.000,6.109]
Bounds on (pop-end s12 a1 a2 b8 b7) (duration [0.500,0.500]):
	0: [0.000,5.609]
	1: [0.000,5.609]
	2: [0.000,6.109]
Bounds on (pop-end s13 a1 a3 b8 b7) (duration [0.500,0.500]):
	0: [0.000,5.609]
	1: [0.000,5.609]
	2: [0.000,6.109]
Dominance constraints (excluding processes and events)...
Damaging events...
Dominance constraints (including processes and events)...
Variable monotonicity...
Max/min needed values for any single precondition...
Irrelevant action pruning by backward reachability from goal...
Uninterestingness criteria...
Compression-safe actions...
Compression-safe invariants...
49% of durative actions in this problem are compression safe
Goal Goal [4]
    (on b8 a2)
    (on b3 a3)
    (on b12 a1)
    (on b7 a1)

Finishing preprocessing.  Making a TRPG heuristic...
Making an open list...
Running WA* search (g weight = 1, h weight = 5)
{(deliverable b10),(deliverable b0),(deliverable b1),(deliverable b4),(deliverable b6),(deliverable b7),(deliverable b12),(deliverable b9),(deliverable b3),(deliverable b13),(deliverable b8),(deliverable b2),(deliverable b11),(deliverable b5),(normal s12),(normal s13),(on b0 a2),(on b4 a3),(on b6 a3),(on b9 a1),(on b3 a2),(on b13 a3),(on b8 a1),(on b2 a1),(on b11 a2),(on b5 a2),(first b10 s12),(follow b1 b10),(last b1 s12),(first b12 s13),(follow b7 b12),(last b7 s13)}
[]
Initial heuristic = 30
Initial stats: t=0.05s, 9168kb
b (27 @ n=2, t=0.05s, 9168kb)b (25 @ n=39, t=0.06s, 9168kb)db (24 @ n=117, t=0.09s, 9412kb)db (23 @ n=229, t=0.13s, 9656kb)d.{EPS=406.504,ETD=14.8776}dddb (22 @ n=572, t=0.27s, 10612kb)d.{EPS=389.105,ETD=26.8889}ddd.{EPS=357.995,ETD=20.4362}dxdd.{EPS=373.832,ETD=17.0603}db (21 @ n=1352, t=0.63s, 14092kb)d.{EPS=370.92,ETD=17.751}ddxd.{EPS=380.228,ETD=18.3913}ddd.{EPS=375.94,ETD=16.8453}dxdd.{EPS=377.715,ETD=16.0652}ddd.{EPS=380.711,ETD=14.7483}ddd.{EPS=386.1,ETD=14.513}dxd.{EPS=391.85,ETD=14.268}ddd.{EPS=397.772,ETD=11.358}dxdd.{EPS=410.172,ETD=14.73}ddd.{EPS=410.172,ETD=14.688}ddxd.{EPS=420.521,ETD=13.468}dd.{EPS=423.012,ETD=12.434}ddd.{EPS=435.92,ETD=12.386}dddx.{EPS=437.445,ETD=13.262}ddd.{EPS=436.3,ETD=13.548}dd.{EPS=437.063,ETD=14.936}ddxd.{EPS=427.716,ETD=14.384}ddd.{EPS=434.028,ETD=14.428}ddd.{EPS=437.828,ETD=12.78}ddxd.{EPS=439.754,ETD=12.69}dddd.{EPS=437.063,ETD=14.398}ddd.{EPS=434.783,ETD=13.848}ddddx.{EPS=426.257,ETD=75.034}dddxdd.{EPS=423.37,ETD=75.906}xdddd.{EPS=419.463,ETD=82.036}ddd.{EPS=429.185,ETD=95.032}dddd.{EPS=453.309,ETD=231.144}ddd.{EPS=465.983,ETD=343.474}ddddd.{EPS=479.846,ETD=465.352}ddd.{EPS=504.032,ETD=614.782}ddd.{EPS=531.35,ETD=723.662}dddxddd~~~~~~~~~~~~~~~~~~~~~~~~~~~~~~~~~~~~~~~~~~~~~~~~~~~~~~~~~~~~~~~~~~~~~~~~~~~~~~~~~~~~~~~~~~~~~~~~~~~~~~~~~~~~~~~~~~~~~~~~~~~~~~~~~~~~~~~~~~~~~~~~~~~~~~~~~~~~~~~~~~~~~~~~~~~~~~~~~~~~~~~~~~~~~~~~~~~~~~~~~~~~~~~~~~~~~~~~~~~~~~~~~~~~~~~~~~~~~~~~~~~~~~~~~~~~~~~~~~~~~~~~~~~~~~~~~~~~~~~~~~~~~~~~~~~~~~~~~~~~~~~~~~~~~~~~~~~~~~~~~~~~~~~~~~~~~~~~~~~~~~~~~~~~~~~~~~~~~~~~~~~.{EPS=527.983,ETD=856.382}d~~~~~~~~~~~~~~~~~~~~~~~~~~~~~~~~~~~~~d~~~d~~~~~~~~~~~~~~~~~~~~~~~~~~~d~~~~~~~~~~~d~~d.{EPS=556.793,ETD=970.124}~~~~~~~~~~~~d~~~d~~~~~~~~~d~d~~~~~~~~~~~~d~~~~~~~~~~~~~~~~~~~~.{EPS=601.685,ETD=1149.59}d~~~~~~~~~~~~~~~~~~~~~~~~~d~~~~~~~~~~~~~~~~~~~~~~~~d~~~~~~~~~~~~~~~~~~~~~~~~~~~~~~~~~~~~~~~~~~~~~~~~~~~~~~~~~~~~~~~~~~~~~~~~~~~~~~~~~~~~~~~~~~~~~~~~~~~~~~~~~~~~~~~~~~~~~~~~~~~~~~~~~~~~~~~~~~~~~~~~~~~~~~~~~~~~~~~~~~~~~~~~~~~~
;;;; Problem Unsolvable
; Nodes Generated: 9197
; Nodes Expanded:  1924
; Nodes Evaluated: 9158
; Nodes Tunneled:  0
; Nodes memoised with open actions: 7883
; Nodes memoised without open actions: 3463
; Nodes pruned by memoisation: 2149
; Time 4.29
