Parsing and Instantiating...
Warning: rounding numeric constants such as 5.33038 to an accuracy of 0.001
Done
One way facts...
Mutex groups...
Semaphore Facts...
Envelope Facts...
One-shot actions...
(bs-dispense c-bs input wp1 base_black) is 1 shot
(bs-dispense c-bs output wp1 base_black) is 1 shot
(bs-dispense c-bs input wp1 base_red) is 1 shot
(bs-dispense c-bs output wp1 base_red) is 1 shot
(bs-dispense c-bs input wp1 base_silver) is 1 shot
(bs-dispense c-bs output wp1 base_silver) is 1 shot
(bs-dispense c-bs input wp1 base_black) is 1 shot
(bs-dispense c-bs output wp1 base_black) is 1 shot
(bs-dispense c-bs input wp1 base_red) is 1 shot
(bs-dispense c-bs output wp1 base_red) is 1 shot
(bs-dispense c-bs input wp1 base_silver) is 1 shot
(bs-dispense c-bs output wp1 base_silver) is 1 shot
(prepare-ds r-1 c-ds gate-1) is 1 shot
(prepare-ds r-1 c-ds gate-2) is 1 shot
(prepare-ds r-1 c-ds gate-3) is 1 shot
(wp-get-shelf r-1 cg1 c-cs1 left) is 1 shot
(wp-get-shelf r-1 cg2 c-cs1 middle) is 1 shot
(wp-get-shelf r-1 cg3 c-cs1 right) is 1 shot
(wp-get-shelf r-1 cb1 c-cs2 left) is 1 shot
(wp-get-shelf r-1 cb2 c-cs2 middle) is 1 shot
(wp-get-shelf r-1 cb3 c-cs2 right) is 1 shot
Integral variables...
Variable bounds...
Static numeric conditions...
Duration bounds...
TIL time window analysis...
Bounding action timestamps due to time windows...
(order-delivery-window-open o1) forms a window with range [0.000,134.439]
Bounds on (fulfill-order-c0-within-tw o1 wp1 c-ds gate-3 base_black cap_grey) (duration [0.010,0.010]):
	0: [0.000,134.429]
	1: [0.000,134.429]
	2: [0.010,134.439]
(can-commit-for-ontime-delivery o1) forms a window with range [0.000,6.840]
Bounds on (commit-to-ontime-delivery o1) (duration [0.010,0.010]):
	0: [0.000,6.839]
	1: [0.000,6.839]
	2: [0.010,6.849]
Bounds on (do-not-commit-to-ontime-delivery o1) (duration [0.010,0.010]):
	0: [0.000,6.839]
	1: [0.000,6.839]
	2: [0.010,6.849]
Dominance constraints (excluding processes and events)...
Damaging events...
Dominance constraints (including processes and events)...
Variable monotonicity...
Max/min needed values for any single precondition...
Irrelevant action pruning by backward reachability from goal...
Uninterestingness criteria...
Compression-safe actions...
Compression-safe invariants...
59% of durative actions in this problem are compression safe
Goal Goal [1]
    (order-fulfilled o1)

Finishing preprocessing.  Making a TRPG heuristic...
Making an open list...
Running WA* search (g weight = 1, h weight = 5)
{(order-delivery-window-open o1),(can-commit-for-ontime-delivery o1),(location-free start input),(location-free c-bs input),(location-free c-bs output),(location-free c-cs1 input),(location-free c-cs1 output),(location-free c-cs2 input),(location-free c-cs2 output),(location-free c-ds input),(location-free c-ds output),(cs-can-perform c-cs1 cs_retrieve),(cs-can-perform c-cs2 cs_retrieve),(wp-base-color wp1 base_none),(wp-cap-color wp1 cap_none),(wp-ring1-color wp1 ring_none),(wp-ring2-color wp1 ring_none),(wp-ring3-color wp1 ring_none),(wp-unused wp1),(robot-waiting r-1),(mps-state c-bs idle),(mps-state c-cs1 idle),(mps-state c-cs2 idle),(mps-state c-ds idle),(wp-cap-color cg1 cap_grey),(wp-cap-color cg2 cap_grey),(wp-cap-color cg3 cap_grey),(wp-on-shelf cg1 c-cs1 left),(wp-on-shelf cg2 c-cs1 middle),(wp-on-shelf cg3 c-cs1 right),(wp-cap-color cb1 cap_black),(wp-cap-color cb2 cap_black),(wp-cap-color cb3 cap_black),(wp-on-shelf cb1 c-cs2 left),(wp-on-shelf cb2 c-cs2 middle),(wp-on-shelf cb3 c-cs2 right)}
[]
Initial heuristic = 23
Initial stats: t=0.01s, 7180kb
b (22 @ n=3, t=0.01s, 7180kb)b (21 @ n=19, t=0.02s, 7180kb)Warning: self overlapping Action 206:1 at 1
b (20 @ n=81, t=0.02s, 7316kb)xx.{EPS=1923.08,ETD=20.0408}db (19 @ n=272, t=0.04s, 7656kb)x.{EPS=1851.85,ETD=38.5354}b (18 @ n=474, t=0.07s, 8024kb)b (17 @ n=482, t=0.07s, 8024kb)b (16 @ n=487, t=0.07s, 8024kb)b (15 @ n=498, t=0.07s, 8128kb)db (13 @ n=543, t=0.08s, 8224kb)xb (11 @ n=561, t=0.08s, 8336kb)dd.{EPS=1612.9,ETD=26.7047}xddx.{EPS=1626.02,ETD=22.8442}xdxx.{EPS=1633.99,ETD=21.004}dxx.{EPS=1754.39,ETD=21.291}xdxxxx.{EPS=1822.92,ETD=21.8166}xxx.{EPS=1895.73,ETD=23.5689}xxx.{EPS=1991.15,ETD=24.0891}dxxx.{EPS=2040.82,ETD=24.2866}xx.{EPS=2109.7,ETD=25.102}xxxd.{EPS=2202.64,ETD=23.338}xxx.{EPS=2450.98,ETD=28.2}xxx.{EPS=2617.8,ETD=30.976}xxx.{EPS=2793.3,ETD=32.736}xxdxxxxx.{EPS=2762.43,ETD=36.984}xxxxxxxx.{EPS=2793.3,ETD=40.7}xxx.{EPS=2824.86,ETD=43.412}xxxxx.{EPS=2793.3,ETD=44.344}xdx.{EPS=2688.17,ETD=45.494}dd.{EPS=2127.66,ETD=42.7}ddd.{EPS=1533.74,ETD=38.83}dd.{EPS=1016.26,ETD=33.674}dd.{EPS=664.011,ETD=29.798}ddd.{EPS=439.367,ETD=26.702}dd.{EPS=300.481,ETD=20.216}dd.{EPS=211.06,ETD=14.038}ddd.{EPS=151.791,ETD=7.778}dd.{EPS=113.456,ETD=4.056}dd.{EPS=86.7453,ETD=0.334}d~~dd.{EPS=74.8055,ETD=2.356}ddd.{EPS=69.9986,ETD=13.216}dd.{EPS=67.3764,ETD=33.998}ddd.{EPS=66.5513,ETD=64.784}ddd.{EPS=67.5584,ETD=105.576}~d~d.{EPS=70.7114,ETD=156.43}dd~~~~~~~~~~~~~~~~~~~~~~~~~~~~~~~~~~~~~~~~~~~~~~~~~~~~~~~~~~~~~~~~~~~~~~~~~~~~~~~~~~~~~~~~~~~~~~~~~~~~~~~~~~~~~~~~~~~~~~~~~~~~~~~~~~~~~~~~~~~~~~~~~~~~~~~~~~~~~~~~~~~~~~~~~~~~~~~~~~~~~~~~~~~~~~~~~~~~~~~~~~~~~~~~~~~~~~~~~~~~~~~~~~~~~~~~~~~~~~~~~~~~~~~~~~~~~~~~~~~~~~~~~~~~~~~~~~~~~~~~~~~~~~~~~~~~~~~~~~~~~~~~~~~~~~~~~~~~~~~~~~~~~~~~~~~~~~~~~~~~~~~~~~~~~~~~~~~~~~~~~~~~~~~~~~~~~~~~~~~~~~~~~~~~~~~~~~~~~~~~~~~~~~~~~~~~~~~~~~~~~~~~~~~~~~~~~~~~~~~~~~~~~~~~~~~~~~~~~~~~~~~~~~~~~~~~~~~~~~~~~~~~~~~~~~~~~~~~~~~~~~~~~~~~~~~~~~~~~~~~~~~~~~~~~~~~~~~~~~~~~~~~~~~~~~~~~~~~~~~~~~~~~~~~~~~~~~~~~~~~~~~~~~~~~~~~~~~~~~~~~~~~~~~~~~~~~~~~~~~~~~~~~~~~~~~~~~~~~~~~~~~~~~~~~~~~~~~~~~~~~~~~~~~~~~~~~~~~~~~~~~~~~~~~~~~~~~~~~~~~~~~~~~~~~~~~~~~~~~~~~~~~~~~~~~~~~~~~~~~~~~~~~~~~~~~~~~~~~~~~~~~~~~~~~~~~~~~~~~~~~~~~~~~~~~~~~~~~~~~~~~~~~~~~~~~~~~~~~~~~~~~~~~~~~~~~~~~~~~~~~~~~~~~~~~~~~~~~~~~~~~~~~~~~~~~~~~~~~~~~~~~~~~~~~~~~~~~~~~~~~~~~~~~~~~~~~~~~~~~~~~~~~~~~~~~~~~~~~~~~~~~~~~~~~~~~~~~~~~~~~~~~~~~~~~~~~~~~~~~~~~~~~~~~~~~~~~~~~~~~~~~~~~~~~~~~~~~~~~~~~~~~~~~~~~~~~~~~~~~~~~~~~~~~~~~~~~~~~~~~~~~~~~~~~~~~~~~~~~~~~~~~~~~~~~~~~~~~~~~~~~~~~~~~~~~~~~~~~~~~~~~~~~~~~~~~~~~~~~~~~~~~~~~~~~~~~~~~~~~~~~~~~~~~~~~~~~~~~~~~~~~~~~~~~~~~~~~~~~~~~~~~~~~~~~~~~~~~~~~~~~~~~~~~~~~~~~~~~~~~~~~~~~~~~~~~~~~~~~~~~~~~~~~~~~~~~~~~~~~~~~~~~~~~~~~~~~~~~~~~~~~~~~~~~~~~~~~~~~~~~~~~~~~~~~~~~~~~~~~~~~~~~~~~~~~~~~~~~~~~~~~~~~~~~~~~~~~~~~~~~~~~~~~~~~~~~~~~~~~~~~~~~~~~~~~~~~~~~~~~~~~~~~~~~~~~~~~~~~~~~~~~~~~~~~~~~~~~~~~~~~~~~~~~~~~~~~~d.{EPS=76.8758,ETD=217.356}dd.{EPS=88.2301,ETD=288.3}dddd.{EPS=108.885,ETD=406.928}ddd.{EPS=153.941,ETD=552.416}ddd.{EPS=217.77,ETD=683.19}ddd.{EPS=283.607,ETD=794.434}dd
;;;; Problem Unsolvable
; Nodes Generated: 7244
; Nodes Expanded:  2134
; Nodes Evaluated: 7245
; Nodes Tunneled:  619
; Nodes memoised with open actions: 9667
; Nodes memoised without open actions: 2961
; Nodes pruned by memoisation: 5384
; Time 9.52
