Parsing and Instantiating...
Warning: rounding numeric constants such as 2.84583 to an accuracy of 0.001
Done
One way facts...
Mutex groups...
Semaphore Facts...
Envelope Facts...
One-shot actions...
(bs-dispense c-bs input wp1 base_black) is 1 shot
(bs-dispense c-bs output wp1 base_black) is 1 shot
(bs-dispense c-bs input wp1 base_red) is 1 shot
(bs-dispense c-bs output wp1 base_red) is 1 shot
(bs-dispense c-bs input wp1 base_silver) is 1 shot
(bs-dispense c-bs output wp1 base_silver) is 1 shot
(bs-dispense c-bs input wp1 base_black) is 1 shot
(bs-dispense c-bs output wp1 base_black) is 1 shot
(bs-dispense c-bs input wp1 base_red) is 1 shot
(bs-dispense c-bs output wp1 base_red) is 1 shot
(bs-dispense c-bs input wp1 base_silver) is 1 shot
(bs-dispense c-bs output wp1 base_silver) is 1 shot
(prepare-ds r-1 c-ds gate-1) is 1 shot
(prepare-ds r-1 c-ds gate-2) is 1 shot
(prepare-ds r-1 c-ds gate-3) is 1 shot
(wp-get-shelf r-1 cg1 c-cs1 left) is 1 shot
(wp-get-shelf r-1 cg2 c-cs1 middle) is 1 shot
(wp-get-shelf r-1 cg3 c-cs1 right) is 1 shot
(wp-get-shelf r-1 cb1 c-cs2 left) is 1 shot
(wp-get-shelf r-1 cb2 c-cs2 middle) is 1 shot
(wp-get-shelf r-1 cb3 c-cs2 right) is 1 shot
Integral variables...
Variable bounds...
Static numeric conditions...
Duration bounds...
TIL time window analysis...
Bounding action timestamps due to time windows...
(order-delivery-window-open o1) forms a window with range [0.000,136.050]
Bounds on (fulfill-order-c0-within-tw o1 wp1 c-ds gate-3 base_red cap_black) (duration [0.010,0.010]):
	0: [0.000,136.040]
	1: [0.000,136.040]
	2: [0.010,136.050]
(can-commit-for-ontime-delivery o1) forms a window with range [0.000,6.070]
Bounds on (commit-to-ontime-delivery o1) (duration [0.010,0.010]):
	0: [0.000,6.069]
	1: [0.000,6.069]
	2: [0.010,6.079]
Bounds on (do-not-commit-to-ontime-delivery o1) (duration [0.010,0.010]):
	0: [0.000,6.069]
	1: [0.000,6.069]
	2: [0.010,6.079]
Dominance constraints (excluding processes and events)...
Damaging events...
Dominance constraints (including processes and events)...
Variable monotonicity...
Max/min needed values for any single precondition...
Irrelevant action pruning by backward reachability from goal...
Uninterestingness criteria...
Compression-safe actions...
Compression-safe invariants...
59% of durative actions in this problem are compression safe
Goal Goal [1]
    (order-fulfilled o1)

Finishing preprocessing.  Making a TRPG heuristic...
Making an open list...
Running WA* search (g weight = 1, h weight = 5)
{(order-delivery-window-open o1),(can-commit-for-ontime-delivery o1),(location-free start input),(location-free c-bs input),(location-free c-bs output),(location-free c-cs1 input),(location-free c-cs1 output),(location-free c-cs2 input),(location-free c-cs2 output),(location-free c-ds input),(location-free c-ds output),(cs-can-perform c-cs1 cs_retrieve),(cs-can-perform c-cs2 cs_retrieve),(wp-base-color wp1 base_none),(wp-cap-color wp1 cap_none),(wp-ring1-color wp1 ring_none),(wp-ring2-color wp1 ring_none),(wp-ring3-color wp1 ring_none),(wp-unused wp1),(robot-waiting r-1),(mps-state c-bs idle),(mps-state c-cs1 idle),(mps-state c-cs2 idle),(mps-state c-ds idle),(wp-cap-color cg1 cap_grey),(wp-cap-color cg2 cap_grey),(wp-cap-color cg3 cap_grey),(wp-on-shelf cg1 c-cs1 left),(wp-on-shelf cg2 c-cs1 middle),(wp-on-shelf cg3 c-cs1 right),(wp-cap-color cb1 cap_black),(wp-cap-color cb2 cap_black),(wp-cap-color cb3 cap_black),(wp-on-shelf cb1 c-cs2 left),(wp-on-shelf cb2 c-cs2 middle),(wp-on-shelf cb3 c-cs2 right)}
[]
Initial heuristic = 29
Initial stats: t=0.01s, 7180kb
b (28 @ n=4, t=0.01s, 7180kb)b (26 @ n=5, t=0.01s, 7180kb)b (25 @ n=31, t=0.02s, 7180kb)Warning: self overlapping Action 206:1 at 1
b (24 @ n=97, t=0.03s, 7316kb)xx.{EPS=1666.67,ETD=19.9592}db (22 @ n=273, t=0.05s, 7724kb)xb (21 @ n=360, t=0.06s, 7848kb).{EPS=1694.92,ETD=38.3737}b (19 @ n=475, t=0.07s, 8080kb)db (17 @ n=527, t=0.08s, 8184kb)b (15 @ n=546, t=0.08s, 8276kb)b (13 @ n=625, t=0.1s, 8700kb)dxb (11 @ n=672, t=0.1s, 9104kb).{EPS=1530.61,ETD=26.8255}dx.{EPS=1626.02,ETD=24.1859}xx.{EPS=1785.71,ETD=22.8635}xd.{EPS=1910.83,ETD=23.1338}xd.{EPS=1933.7,ETD=25.808}xxdxx.{EPS=1904.76,ETD=22.787}xxxdxxx.{EPS=1757.81,ETD=20.2873}xdxxxxxd.{EPS=1497.01,ETD=18.2886}xxxxdxx.{EPS=1179.25,ETD=16.328}xxxdxxx.{EPS=880.282,ETD=10.72}xdxxxxxd.{EPS=649.351,ETD=10.358}xxxxdxx.{EPS=468.604,ETD=8.758}xxxdxxx.{EPS=334.448,ETD=7.032}xdxxxxxd.{EPS=250.501,ETD=4.618}xxxxdxx.{EPS=186.359,ETD=0.47}xxxdxxx.{EPS=147.798,ETD=1.78}xdxxxxxd.{EPS=117.509,ETD=1.778}xxxxdx.{EPS=95.8222,ETD=5.286}b (10 @ n=2680, t=5.58s, 121792kb)db (9 @ n=2742, t=5.59s, 121792kb)b (7 @ n=2750, t=5.59s, 121792kb)b (5 @ n=2770, t=5.6s, 121792kb)b (4 @ n=2775, t=5.6s, 121792kb)b (3 @ n=2780, t=5.6s, 121792kb).{EPS=96.9744,ETD=5.4}dd.{EPS=99.2654,ETD=5.918}d.{EPS=103.072,ETD=6.584}d.{EPS=109.004,ETD=7.226}dd.{EPS=119.133,ETD=7.978}d.{EPS=133.976,ETD=8.9}xd.{EPS=162.232,ETD=9.924}d.{EPS=207.125,ETD=8.982}db (2 @ n=4588, t=6.07s, 141036kb)d.{EPS=321.75,ETD=10.586}dx.{EPS=938.086,ETD=28.736}dddd.{EPS=990.099,ETD=95.762}ddddd.{EPS=1035.2,ETD=243.864}d~~~~~~~~~~~~~~~~~~~~~~~~~~~~~~~~~~~~~~~~~~~~~~~~~~~~~~~~~~~~~~~~~~~~~~~~~~~~~~~~~~~~~~~~~~~~~~~~~~~~~~~~~~~~~~~~~~~~~~~~~~~~~~~~~~~~~~~~~~~~~~~~~~~~~~~~~~~~~~~~~~~~~~~~~~~~~~~~~~~~~~~~~~~~~~~~~~~~~~~~~~~~~~~~~~~~~~~~~~~~~~~~~~~~~~~~~~~~~~~~~~~~~~~~~~~~~~~~~~~~~~~~~~~~~~~~~~~~~~~~~~~~~~~~~~~~~~~~~~~~~~~~~~~~~~~~~~~~~~~~~~~~~~~~~~~~~~~~~~~~~~~~~~~~~~~~~~~~~~~~~~~~~~~~~~~~~~~~~~~~~~~~~~~~~~~~~~~~~~~~~~~~~~~~~~~~~~~~~~~~~~~~~~~~~~~~~~~~~~~~~~~~~~~~~~~~~~~~~~~~~~~~~~~~~~~~~~~~~~~~~~~~~~~~~~~~~~~~~~~~~~~~~~~~~~~~~~~~~~~~~~~~~~~~~~~~~~~~~~~~~~~~~~~~~~~~~~~~~~~~~~~~~~~~~~~~~~~~~~~~~~~~~~~~~~~~~~~~~~~~~~~~~~~~~~~~~~~~~~~~~~~~~~~~~~~~~~~~~~~~~~~~~~~~~~~~~~~~~~~~~~~~~~~~~~~~~~~~~~~~~~~~~~~~~~~~~~~~~~~~~~~~~~~~~~~~~~~~~~~~~~~~~~~~~~~~~~~~~~~~~~~~~~~~~~~~~~~~~~~~~~~~~~~~~~~~~~~~~~~~~~~~~~~~~~~~~~~~~~~~~~~~~~~~~~~~~~~~~~~~~~~~~~~~~~~~~~~~~~~~~~~~~~~~~~~~~~~~~~~~~~~~~~~~~~~~~~~~~~~~~~~~~~~~~~~~~~~~~~~~~~~~~~~~~~~~~~~~~~~~~~~~~~~~~~~~~~~~~~~~~~~~~~~~~~~~~~~~~~~~~~~~~~~~~~~~~~~~~~~~~~~~~~~~~~~~~~~~~~~~~~~~~~~~~~~~~~~~~~~~~~~~~~~~~~~~~~~~~~~~~~~~~~~~~~~~~~~~~~~~~~~~~~~~~~~~~~~~~~~~~~~~~~~~~~~~~~~~~~~~~~~~~~~~~~~~~~~~~~~~~~~~~~~~~~~~~~~~~~~~~~~~~~~~~~~~~~~~~~~~~~~~~~~~~~~~~~~~~~~~~~~~~~~~~~~~~~~~~~~~~~~~~~~~~~~~~~~~~~~~~~~~~~~~~~~~~~~
;;;; Problem Unsolvable
; Nodes Generated: 5167
; Nodes Expanded:  1623
; Nodes Evaluated: 5168
; Nodes Tunneled:  252
; Nodes memoised with open actions: 7671
; Nodes memoised without open actions: 3420
; Nodes pruned by memoisation: 5924
; Time 6.16
