Parsing and Instantiating...
Warning: rounding numeric constants such as 4.81937 to an accuracy of 0.001
Done
One way facts...
Mutex groups...
Semaphore Facts...
Envelope Facts...
One-shot actions...
(bs-dispense c-bs input wp1 base_black) is 1 shot
(bs-dispense c-bs output wp1 base_black) is 1 shot
(bs-dispense c-bs input wp1 base_red) is 1 shot
(bs-dispense c-bs output wp1 base_red) is 1 shot
(bs-dispense c-bs input wp1 base_silver) is 1 shot
(bs-dispense c-bs output wp1 base_silver) is 1 shot
(bs-dispense c-bs input wp1 base_black) is 1 shot
(bs-dispense c-bs output wp1 base_black) is 1 shot
(bs-dispense c-bs input wp1 base_red) is 1 shot
(bs-dispense c-bs output wp1 base_red) is 1 shot
(bs-dispense c-bs input wp1 base_silver) is 1 shot
(bs-dispense c-bs output wp1 base_silver) is 1 shot
(prepare-ds r-1 c-ds gate-1) is 1 shot
(prepare-ds r-1 c-ds gate-2) is 1 shot
(prepare-ds r-1 c-ds gate-3) is 1 shot
(wp-get-shelf r-1 cg1 c-cs1 left) is 1 shot
(wp-get-shelf r-1 cg2 c-cs1 middle) is 1 shot
(wp-get-shelf r-1 cg3 c-cs1 right) is 1 shot
(wp-get-shelf r-1 cb1 c-cs2 left) is 1 shot
(wp-get-shelf r-1 cb2 c-cs2 middle) is 1 shot
(wp-get-shelf r-1 cb3 c-cs2 right) is 1 shot
Integral variables...
Variable bounds...
Static numeric conditions...
Duration bounds...
TIL time window analysis...
Bounding action timestamps due to time windows...
(order-delivery-window-open o1) forms a window with range [0.000,181.802]
Bounds on (fulfill-order-c0-within-tw o1 wp1 c-ds gate-3 base_silver cap_grey) (duration [0.010,0.010]):
	0: [0.000,181.792]
	1: [0.000,181.792]
	2: [0.010,181.802]
(can-commit-for-ontime-delivery o1) forms a window with range [0.000,31.010]
Bounds on (commit-to-ontime-delivery o1) (duration [0.010,0.010]):
	0: [0.000,31.009]
	1: [0.000,31.009]
	2: [0.010,31.019]
Bounds on (do-not-commit-to-ontime-delivery o1) (duration [0.010,0.010]):
	0: [0.000,31.009]
	1: [0.000,31.009]
	2: [0.010,31.019]
Dominance constraints (excluding processes and events)...
Damaging events...
Dominance constraints (including processes and events)...
Variable monotonicity...
Max/min needed values for any single precondition...
Irrelevant action pruning by backward reachability from goal...
Uninterestingness criteria...
Compression-safe actions...
Compression-safe invariants...
59% of durative actions in this problem are compression safe
Goal Goal [1]
    (order-fulfilled o1)

Finishing preprocessing.  Making a TRPG heuristic...
Making an open list...
Running WA* search (g weight = 1, h weight = 5)
{(order-delivery-window-open o1),(can-commit-for-ontime-delivery o1),(location-free start input),(location-free c-bs input),(location-free c-bs output),(location-free c-cs1 input),(location-free c-cs1 output),(location-free c-cs2 input),(location-free c-cs2 output),(location-free c-ds input),(location-free c-ds output),(cs-can-perform c-cs1 cs_retrieve),(cs-can-perform c-cs2 cs_retrieve),(wp-base-color wp1 base_none),(wp-cap-color wp1 cap_none),(wp-ring1-color wp1 ring_none),(wp-ring2-color wp1 ring_none),(wp-ring3-color wp1 ring_none),(wp-unused wp1),(robot-waiting r-1),(mps-state c-bs idle),(mps-state c-cs1 idle),(mps-state c-cs2 idle),(mps-state c-ds idle),(wp-cap-color cg1 cap_grey),(wp-cap-color cg2 cap_grey),(wp-cap-color cg3 cap_grey),(wp-on-shelf cg1 c-cs1 left),(wp-on-shelf cg2 c-cs1 middle),(wp-on-shelf cg3 c-cs1 right),(wp-cap-color cb1 cap_black),(wp-cap-color cb2 cap_black),(wp-cap-color cb3 cap_black),(wp-on-shelf cb1 c-cs2 left),(wp-on-shelf cb2 c-cs2 middle),(wp-on-shelf cb3 c-cs2 right)}
[]
Initial heuristic = 27
Initial stats: t=0.01s, 7180kb
b (26 @ n=2, t=0.01s, 7180kb)b (25 @ n=3, t=0.01s, 7180kb)b (24 @ n=6, t=0.01s, 7180kb)b (22 @ n=7, t=0.01s, 7180kb)b (21 @ n=43, t=0.01s, 7312kb)Warning: self overlapping Action 206:1 at 1
b (20 @ n=135, t=0.03s, 7384kb)xx.{EPS=1785.71,ETD=19.8776}db (19 @ n=276, t=0.04s, 7592kb)xd.{EPS=1818.18,ETD=38.7374}b (18 @ n=476, t=0.07s, 8020kb)b (17 @ n=484, t=0.07s, 8020kb)b (16 @ n=489, t=0.07s, 8112kb)b (15 @ n=500, t=0.07s, 8112kb)b (13 @ n=550, t=0.08s, 8344kb)xb (11 @ n=612, t=0.08s, 8580kb)ddx.{EPS=1648.35,ETD=28.443}ddx.{EPS=1652.89,ETD=25.6181}dxx.{EPS=1655.63,ETD=21.8795}dxdxxx.{EPS=1714.29,ETD=22.5117}xxx.{EPS=1813.47,ETD=24.2407}xxxd.{EPS=1869.16,ETD=26.2932}xxx.{EPS=1939.66,ETD=27.0245}xxx.{EPS=1992.03,ETD=27.483}xxx.{EPS=2066.12,ETD=28.992}dxxx.{EPS=2127.66,ETD=27.126}xxx.{EPS=2283.11,ETD=31.366}xxdxxxx.{EPS=2358.49,ETD=33.396}xxxxx.{EPS=2512.56,ETD=36.788}xxxxx.{EPS=2551.02,ETD=43.16}xxx.{EPS=2538.07,ETD=45.212}xxxxdx.{EPS=2487.56,ETD=46.37}xd.{EPS=2304.15,ETD=43.2}xxd.{EPS=2136.75,ETD=40.158}xdx.{EPS=1908.4,ETD=36.748}xdx.{EPS=1706.48,ETD=33.01}xdx.{EPS=1488.1,ETD=28.066}xd.{EPS=1298.7,ETD=24.434}xdx.{EPS=1108.65,ETD=20.448}xdx.{EPS=938.086,ETD=11.624}xdx.{EPS=797.448,ETD=6.22}xd.{EPS=675.676,ETD=1.116}xxd.{EPS=588.928,ETD=1.118}xdx.{EPS=503.018,ETD=1.102}xdx.{EPS=442.087,ETD=1.118}xdx.{EPS=383.73,ETD=1.102}xd.{EPS=321.337,ETD=1.09}dd.{EPS=250.25,ETD=1.098}ddd.{EPS=188.893,ETD=1.026}dd.{EPS=143.843,ETD=0.944}dd.{EPS=110.963,ETD=0.872}ddd.{EPS=86.4753,ETD=0.79}dd.{EPS=68.0087,ETD=0.704}dd.{EPS=54.6269,ETD=0.636}ddd.{EPS=44.2713,ETD=0.552}dd.{EPS=36.3003,ETD=0.482}dd.{EPS=30.0824,ETD=0.426}ddd.{EPS=25.287,ETD=0.334}dd.{EPS=21.5564,ETD=0.332}dd.{EPS=18.6651,ETD=0.362}ddd.{EPS=18.1455,ETD=5.956}ddd.{EPS=17.9617,ETD=21.466}dd.{EPS=18.1009,ETD=46.982}ddd.{EPS=18.5611,ETD=82.524}ddd.{EPS=19.4288,ETD=128.066}dd.{EPS=20.8429,ETD=183.582}ddd.{EPS=23.0947,ETD=249.124}ddd.{EPS=26.7766,ETD=324.64}dd.{EPS=33.1257,ETD=410.182}ddd.{EPS=45.2776,ETD=505.672}ddd.{EPS=52.5431,ETD=605.618}dd.{EPS=61.5688,ETD=705.648}ddd.{EPS=73.0247,ETD=805.85}ddd.{EPS=87.4891,ETD=910.03}dd.{EPS=106.225,ETD=1024.14}ddd.{EPS=130.822,ETD=1148.23}ddd.{EPS=164.366,ETD=1282.33}dd.{EPS=210.172,ETD=1426.46}dddd.{EPS=273.224,ETD=1642.1}ddd~~~~~~~~~~~~~~~~~~~~~~~~~~~~~~~~~~~~~~~~~~~~~~~~~~~~~~~~~~~~~~~~~~~~~~~~~~~~~~~~~~~~~~~~~~~~~~~~~~~~~~~~~~~~~~~~~~~~~~~~~~~~~~~~~~~~~~~~~~~~~~~~~~~~~~~~~~~~~~~~~~~~~~~~~~~~~~~~~~~~~~~~~~~~~~~~~~~~~~~~~~~~~~~~~~~~~~~~~~~~~~~~~~~~~~~~~~~~~~~~~~~~~~~~~~~~~~~~~~~~~~~~~~~~~~~~~~~~~~~~~~~~~~~~~~~~~~~~~~~~~~~~~~~~~~~~~~~~~~~~~~~~~~~~~~~~~~~~~~~~~~~~~~~~~~~~~~~~~~~~~~~~~~~~~~~~~~~~~~~~~~~~~~~~~~~~~~~~~~~~~~~~~~~~~~~~~~~~~~~~~~~~~~~~~~~~~~~~~~~~~~~~~~~~~~~~~~~~~~~~~~~~~~~~~~~~~~~~~~~~~~~~~~~~~~~~~~~~~~~~~~~~~~~~~~~~~~~~~~~~~~~~~~~~~~~~~~~~~~~~~~~~~~~~~~~~~~~~~~~~~~~~~~~~~~~~~~~~~~~~~~~~~~~~~~~~~~~~~~~~~~~~~~~~~~~~~~~~~~~~~~~~~~~~~~~~~~~~~~~~~~~~~~~~~~~~~~~~~~~~~~~~~~~~~~~~~~~~~~~~~~~~~~~~~~~~~~~~~~~~~~~~~~~~~~~~~~~~~~~~~~~~~~~~~~~~~~~~~~~~~~~~~~~~~~~~~~~~~~~~~~~~~~~~~~~~~~~~~~~~~~~~~~~~~~~~~~~~~~~~~~~~~~~~~~~~~~~~~~~~~~~~~~~~~~~~~~~~~~~~~~~~~~~~~~~~~~~~~~~~~~~~~~~~~~~~~~~~~~~~~~~~~~~~~~~~~~~~~~~~~~~~~~~~~~~~~~~~~~~~~~~~~~~~~~~~~~~~~~~~~~~~~~~~~~~~~~~~~~~~~~~~~~~~~~~~~~~~~~~~~~~~~~~~~~~~~~~~~~~~~~~~~~~~~~~~~~~~~~~~~~~~~~~~~~~~~~~~~~~~~~~~~~~~~~~~~~~~~~~~~~~~~~~~~~~~~~~~~~~~~~~~~~~~~~~~~~~~~~~~~~~~~~~~~~~~~~~~~~~~~~~~~~~~~~~~~~~~~~~~~~~~~~~~~~~~~~~~~~~~~~~~~~~~~~~~~~~~~~~~~~~~~~~~~~~~~~~~~~~~~~~~~~~~~~~~~~~~~~~~~~~~~~~~~~~~~~~~~~~~~~~~~~~~~~~~~~~~~~~~~~~~~~~~~~~~~~~~~~~~~~~~~~~~~~~~~~~~~~~~~~~~~~~~~~~~~~~~~~~~~~~~~~~~~~~~~~~~~~~~~~~~~~~~~~~~~~~~~~~~~~~~~~~~~~~~~~~~~~~~~~~~~~~~~~~~~~~~~~~~~~~~~~~~~~~~~~~~~~~~~~~~~~~~~~~~~~~~~~~~~~~~~~~~~~~~~~~~~~~~~~~~~~~~~~~~~~~~~~~~~~~~~~~~~~~~~~~~~~~~~~~~~~~~~~~~~~~~~~~~~~~~~~~~~~~~~~~~~~~~~~~~~~~~~~~~~~~~~~~~~~~~~~~~~~~~~~~~~~~~~~~~~~~~~~~~~~~~~~~~~~~~~~~~~~~~~~~~~~~~~~~~~~~~~~~~~~~~~~~~~~~~~~~~~~~~~~~~~~~~~~~~~~~~~~~~~~~~~~~~~~~~~~~~~~~~~~~~~~~~~~~~~~~~~~~~~~~~~~~~~~~~~~~~~~~~~~~~~~~~~~~~~~~~~~~~~~~~~~~~~~~~~~~~~~~~~~~~~~~~~~~~~~~~~~~~~~~~~~~~~~~~~~~~~~~~~~~~~~~~~~~~~~~~~~~~~~~~~~~~~~~~~~~~~~~~~~~~~~~~~~~~~~~~~~~~~~~~~~~~~~~~~~~~~~~~~~~~~~~~~~~~~~~~~~~~~~~~~~~~~~~~~~~~~~~~~~~~~~~~~~~~~~~~~~~~~~~~~~~~~~~~~~~~~~~~~~~~~~~~~~~~~~~~~~~~~~~~~~~~~~~~~~~~~~~~~~~~~~~~~~~~~~~~~~~~~~~~~~~~~~~~~~~~~~~~~~~~~~~~~~~~~~~~~~~~~~~~~~~~~~~~~~~~~~~~~~~~~~~~~~~~~~~~~~~~~~~~~~~~~~~~~~~~~~~~~~~~~~~~~~~~~~~~~~~~~~~~~~~~~~~~~~~~~~~~~~~~~~~~~~~~~~~~~~~~~~~~~~~~~~~~~~~~~~~~~~~~~~~~~~~~~~~~~~~~~~~~~~~~~~~~~~~~~~~~~~~~~~~~~~~~~~~~~~~~~~~~~~~~~~~~~~~~~~~~~~~~~~~~~~~~~~~~~~~~~~~~~~~~~~~~~~~~~~~~~~~~~~~~~~~~~~~~~~~~~~~~~~~~~~~~~~~~~~~~~~~~~~~~~~~~~~
;;;; Problem Unsolvable
; Nodes Generated: 11373
; Nodes Expanded:  3295
; Nodes Evaluated: 11374
; Nodes Tunneled:  1005
; Nodes memoised with open actions: 14737
; Nodes memoised without open actions: 3893
; Nodes pruned by memoisation: 7257
; Time 43.60
