Parsing and Instantiating...
Warning: rounding numeric constants such as 4.81937 to an accuracy of 0.001
Done
One way facts...
Mutex groups...
Semaphore Facts...
Envelope Facts...
One-shot actions...
(bs-dispense c-bs input wp1 base_black) is 1 shot
(bs-dispense c-bs output wp1 base_black) is 1 shot
(bs-dispense c-bs input wp1 base_red) is 1 shot
(bs-dispense c-bs output wp1 base_red) is 1 shot
(bs-dispense c-bs input wp1 base_silver) is 1 shot
(bs-dispense c-bs output wp1 base_silver) is 1 shot
(bs-dispense c-bs input wp1 base_black) is 1 shot
(bs-dispense c-bs output wp1 base_black) is 1 shot
(bs-dispense c-bs input wp1 base_red) is 1 shot
(bs-dispense c-bs output wp1 base_red) is 1 shot
(bs-dispense c-bs input wp1 base_silver) is 1 shot
(bs-dispense c-bs output wp1 base_silver) is 1 shot
(prepare-ds r-1 c-ds gate-1) is 1 shot
(prepare-ds r-1 c-ds gate-2) is 1 shot
(prepare-ds r-1 c-ds gate-3) is 1 shot
(wp-get-shelf r-1 cg1 c-cs1 left) is 1 shot
(wp-get-shelf r-1 cg2 c-cs1 middle) is 1 shot
(wp-get-shelf r-1 cg3 c-cs1 right) is 1 shot
(wp-get-shelf r-1 cb1 c-cs2 left) is 1 shot
(wp-get-shelf r-1 cb2 c-cs2 middle) is 1 shot
(wp-get-shelf r-1 cb3 c-cs2 right) is 1 shot
Integral variables...
Variable bounds...
Static numeric conditions...
Duration bounds...
TIL time window analysis...
Bounding action timestamps due to time windows...
(order-delivery-window-open o1) forms a window with range [0.000,181.802]
Bounds on (fulfill-order-c0-within-tw o1 wp1 c-ds gate-3 base_silver cap_grey) (duration [0.010,0.010]):
	0: [0.000,181.792]
	1: [0.000,181.792]
	2: [0.010,181.802]
(can-commit-for-ontime-delivery o1) forms a window with range [0.000,31.010]
Bounds on (commit-to-ontime-delivery o1) (duration [0.010,0.010]):
	0: [0.000,31.009]
	1: [0.000,31.009]
	2: [0.010,31.019]
Bounds on (do-not-commit-to-ontime-delivery o1) (duration [0.010,0.010]):
	0: [0.000,31.009]
	1: [0.000,31.009]
	2: [0.010,31.019]
Dominance constraints (excluding processes and events)...
Damaging events...
Dominance constraints (including processes and events)...
Variable monotonicity...
Max/min needed values for any single precondition...
Irrelevant action pruning by backward reachability from goal...
Uninterestingness criteria...
Compression-safe actions...
Compression-safe invariants...
59% of durative actions in this problem are compression safe
Goal Goal [1]
    (order-fulfilled o1)

Finishing preprocessing.  Making a TRPG heuristic...
Making an open list...
Running WA* search (g weight = 1, h weight = 5)
{(order-delivery-window-open o1),(can-commit-for-ontime-delivery o1),(location-free start input),(location-free c-bs input),(location-free c-bs output),(location-free c-cs1 input),(location-free c-cs1 output),(location-free c-cs2 input),(location-free c-cs2 output),(location-free c-ds input),(location-free c-ds output),(cs-can-perform c-cs1 cs_retrieve),(cs-can-perform c-cs2 cs_retrieve),(wp-base-color wp1 base_none),(wp-cap-color wp1 cap_none),(wp-ring1-color wp1 ring_none),(wp-ring2-color wp1 ring_none),(wp-ring3-color wp1 ring_none),(wp-unused wp1),(robot-waiting r-1),(mps-state c-bs idle),(mps-state c-cs1 idle),(mps-state c-cs2 idle),(mps-state c-ds idle),(wp-cap-color cg1 cap_grey),(wp-cap-color cg2 cap_grey),(wp-cap-color cg3 cap_grey),(wp-on-shelf cg1 c-cs1 left),(wp-on-shelf cg2 c-cs1 middle),(wp-on-shelf cg3 c-cs1 right),(wp-cap-color cb1 cap_black),(wp-cap-color cb2 cap_black),(wp-cap-color cb3 cap_black),(wp-on-shelf cb1 c-cs2 left),(wp-on-shelf cb2 c-cs2 middle),(wp-on-shelf cb3 c-cs2 right)}
[]
Initial heuristic = 27
Initial stats: t=0.01s, 7180kb
b (26 @ n=2, t=0.01s, 7180kb)b (25 @ n=3, t=0.01s, 7180kb)b (24 @ n=6, t=0.01s, 7180kb)b (22 @ n=7, t=0.02s, 7180kb)b (21 @ n=43, t=0.02s, 7312kb)Warning: self overlapping Action 206:1 at 1
b (20 @ n=125, t=0.03s, 7388kb)xx.{EPS=1851.85,ETD=19.8776}db (19 @ n=286, t=0.04s, 7688kb)x.{EPS=1818.18,ETD=38.3737}b (18 @ n=476, t=0.07s, 8036kb)b (17 @ n=484, t=0.07s, 8036kb)b (16 @ n=489, t=0.07s, 8036kb)b (15 @ n=500, t=0.07s, 8132kb)db (13 @ n=546, t=0.07s, 8264kb)xb (11 @ n=564, t=0.08s, 8376kb)dd.{EPS=1612.9,ETD=26.604}xddx.{EPS=1626.02,ETD=22.7688}xdxx.{EPS=1633.99,ETD=21.253}dxx.{EPS=1714.29,ETD=22.5217}dxxxx.{EPS=1794.87,ETD=22.9599}xxx.{EPS=1860.47,ETD=23.99}xdxx.{EPS=1923.08,ETD=24.3073}xxx.{EPS=1968.5,ETD=25.503}xxxd.{EPS=2024.29,ETD=27.632}xxx.{EPS=2100.84,ETD=26.636}xxx.{EPS=2283.11,ETD=30.606}xxdxxxxxx.{EPS=2358.49,ETD=32.394}xxxxx.{EPS=2487.56,ETD=36.916}xxx.{EPS=2525.25,ETD=41.754}xxxxx.{EPS=2512.56,ETD=43.886}xxd.{EPS=2427.18,ETD=46.432}xxd.{EPS=2358.49,ETD=44.21}xxx.{EPS=2272.73,ETD=40.876}dx.{EPS=2136.75,ETD=36.866}dd.{EPS=1650.17,ETD=32.244}ddd.{EPS=1168.22,ETD=27.978}dd.{EPS=783.699,ETD=25.09}dd.{EPS=520.833,ETD=19.078}ddd.{EPS=354.108,ETD=11.39}dd.{EPS=246.67,ETD=6.734}dd.{EPS=175.685,ETD=1.102}ddd.{EPS=130.107,ETD=0.674}dd.{EPS=98.6388,ETD=0.418}dd.{EPS=76.2777,ETD=0.332}ddd.{EPS=60.2119,ETD=0.334}dd.{EPS=48.4543,ETD=0.334}dd.{EPS=39.7172,ETD=0.332}ddd.{EPS=33.0447,ETD=0.334}dd.{EPS=27.687,ETD=0.334}dd.{EPS=23.4874,ETD=0.332}ddd.{EPS=20.1654,ETD=0.334}dd.{EPS=18.1343,ETD=1}ddd.{EPS=17.7393,ETD=9.628}ddd.{EPS=17.6554,ETD=28.264}dd.{EPS=17.9032,ETD=56.894}ddd.{EPS=18.5048,ETD=95.528}ddd.{EPS=19.5396,ETD=144.162}dd.{EPS=21.1622,ETD=202.794}ddd.{EPS=23.7891,ETD=271.428}ddd.{EPS=28.0678,ETD=350.062}dd.{EPS=35.6812,ETD=438.694}ddd.{EPS=46.8999,ETD=536.662}ddd.{EPS=54.6269,ETD=636.666}dd.{EPS=64.2591,ETD=736.664}ddd.{EPS=76.3942,ETD=836.668}ddd.{EPS=91.8274,ETD=936.666}dd.{EPS=111.682,ETD=1036.67}ddd.{EPS=138.16,ETD=1136.67}ddd.{EPS=174.338,ETD=1236.67}ddd.{EPS=224.014,ETD=1343.17}ddd.{EPS=293.6,ETD=1530.33}ddd~~~~~~~~~~~~~~~~~~~~~~~~~~~~~~~~~~~~~~~~~~~~~~~~~~~~~~~~~~~~~~~~~~~~~~~~~~~~~~~~~~~~~~~~~~~~~~~~~~~~~~~~~~~~~~~~~~~~~~~~~~~~~~~~~~~~~~~~~~~~~~~~~~~~~~~~~~~~~~~~~~~~~~~~~~~~~~~~~~~~~~~~~~~~~~~~~~~~~~~~~~~~~~~~~~~~~~~~~~~~~~~~~~~~~~~~~~~~~~~~~~~~~~~~~~~~~~~~~~~~~~~~~~~~~~~~~~~~~~~~~~~~~~~~~~~~~~~~~~~~~~~~~~~~~~~~~~~~~~~~~~~~~~~~~~~~~~~~~~~~~~~~~~~~~~~~~~~~~~~~~~~~~~~~~~~~~~~~~~~~~~~~~~~~~~~~~~~~~~~~~~~~~~~~~~~~~~~~~~~~~~~~~~~~~~~~~~~~~~~~~~~~~~~~~~~~~~~~~~~~~~~~~~~~~~~~~~~~~~~~~~~~~~~~~~~~~~~~~~~~~~~~~~~~~~~~~~~~~~~~~~~~~~~~~~~~~~~~~~~~~~~~~~~~~~~~~~~~~~~~~~~~~~~~~~~~~~~~~~~~~~~~~~~~~~~~~~~~~~~~~~~~~~~~~~~~~~~~~~~~~~~~~~~~~~~~~~~~~~~~~~~~~~~~~~~~~~~~~~~~~~~~~~~~~~~~~~~~~~~~~~~~~~~~~~~~~~~~~~~~~~~~~~~~~~~~~~~~~~~~~~~~~~~~~~~~~~~~~~~~~~~~~~~~~~~~~~~~~~~~~~~~~~~~~~~~~~~~~~~~~~~~~~~~~~~~~~~~~~~~~~~~~~~~~~~~~~~~~~~~~~~~~~~~~~~~~~~~~~~~~~~~~~~~~~~~~~~~~~~~~~~~~~~~~~~~~~~~~~~~~~~~~~~~~~~~~~~~~~~~~~~~~~~~~~~~~~~~~~~~~~~~~~~~~~~~~~~~~~~~~~~~~~~~~~~~~~~~~~~~~~~~~~~~~~~~~~~~~~~~~~~~~~~~~~~~~~~~~~~~~~~~~~~~~~~~~~~~~~~~~~~~~~~~~~~~~~~~~~~~~~~~~~~~~~~~~~~~~~~~~~~~~~~~~~~~~~~~~~~~~~~~~~~~~~~~~~~~~~~~~~~~~~~~~~~~~~~~~~~~~~~~~~~~~~~~~~~~~~~~~~~~~~~~~~~~~~~~~~~~~~~~~~~~~~~~~~~~~~~~~~~~~~~~~~~~~~~~~~~~~~~~~~~~~~~~~~~~~~~~~~~~~~~~~~~~~~~~~~~~~~~~~~~~~~~~~~~~~~~~~~~~~~~~~~~~~~~~~~~~~~~~~~~~~~~~~~~~~~~~~~~~~~~~~~~~~~~~~~~~~~~~~~~~~~~~~~~~~~~~~~~~~~~~~~~~~~~~~~~~~~~~~~~~~~~~~~~~~~~~~~~~~~~~~~~~~~~~~~~~~~~~~~~~~~~~~~~~~~~~~~~~~~~~~~~~~~~~~~~~~~~~~~~~~~~~~~~~~~~~~~~~~~~~~~~~~~~~~~~~~~~~~~~~~~~~~~~~~~~~~~~~~~~~~~~~~~~~~~~~~~~~~~~~~~~~~~~~~~~~~~~~~~~~~~~~~~~~~~~~~~~~~~~~~~~~~~~~~~~~~~~~~~~~~~~~~~~~~~~~~~~~~~~~~~~~~~~~~~~~~~~~~~~~~~~~~~~~~~~~~~~~~~~~~~~~~~~~~~~~~~~~~~~~~~~~~~~~~~~~~~~~~~~~~~~~~~~~~~~~~~~~~~~~~~~~~~~~~~~~~~~~~~~~~~~~~~~~~~~~~~~~~~~~~~~~~~~~~~~~~~~~~~~~~~~~~~~~~~~~~~~~~~~~~~~~~~~~~~~~~~~~~~~~~~~~~~~~~~~~~~~~~~~~~~~~~~~~~~~~~~~~~~~~~~~~~~~~~~~~~~~~~~~~~~~~~~~~~~~~~~~~~~~~~~~~~~~~~~~~~~~~~~~~~~~~~~~~~~~~~~~~~~~~~~~~~~~~~~~~~~~~~~~~~~~~~~~~~~~~~~~~~~~~~~~~~~~~~~~~~~~~~~~~~~~~~~~~~~~~~~~~~~~~~~~~~~~~~~~~~~~~~~~~~~~~~~~~~~~~~~~~~~~~~~~~~~~~~~~~~~~~~~~~~~~~~~~~~~~~~~~~~~~~~~~~~~~~~~~~~~~~~~~~~~~~~~~~~~~~~~~~~~~~~~~~~~~~~~~~~~~~~~~~~~~~~~~~~~~~~~~~~~~~~~~~~~~~~~~~~~~~~~~~~~~~~~~~~~~~~~~~~~~~~~~~~~~~~~~~~~~~~~~~~~~~~~~~~~~~~~~~~~~~~~~~~~~~~~~~~~~~~~~~~~~~~~~~~~~~~~~~~~~~~~~~~~~~~~~~~~~~~~~~~~~~~~~~~~~~~~~~~~~~~~~~~~~~~~~~~~~~~~~~~~~~~~~~~~~~~~~
;;;; Problem Unsolvable
; Nodes Generated: 10929
; Nodes Expanded:  2936
; Nodes Evaluated: 10928
; Nodes Tunneled:  1010
; Nodes memoised with open actions: 13250
; Nodes memoised without open actions: 3752
; Nodes pruned by memoisation: 6073
; Time 43.81
