Parsing and Instantiating...
TIL[203.040] @ 0x11432b0 -> { TIL[123.000]}
TIL[240.040] @ 0x1143930 -> { TIL[160.000]}
Done
One way facts...
Mutex groups...
Semaphore Facts...
Envelope Facts...
One-shot actions...
Integral variables...
Variable bounds...
Static numeric conditions...
Duration bounds...
TIL time window analysis...
Bounding action timestamps due to time windows...
(visible antenna0 satellite0) forms a window with range [123.000,203.040]
Bounds on (send_image satellite0 antenna0 phenomenon5 image2) (duration [16.520,16.520]):
	0: [123.000,186.520]
	1: [123.000,186.520]
	2: [139.520,203.040]
Bounds on (send_image satellite0 antenna0 phenomenon6 infrared0) (duration [16.250,16.250]):
	0: [123.000,186.790]
	1: [123.000,186.790]
	2: [139.250,203.040]
Bounds on (send_image satellite0 antenna0 planet3 infrared0) (duration [5.140,5.140]):
	0: [123.000,197.900]
	1: [123.000,197.900]
	2: [128.140,203.040]
Bounds on (send_image satellite0 antenna0 planet4 infrared0) (duration [8.380,8.380]):
	0: [123.000,194.660]
	1: [123.000,194.660]
	2: [131.380,203.040]
Bounds on (send_image satellite0 antenna0 star7 infrared0) (duration [18.510,18.510]):
	0: [123.000,184.530]
	1: [123.000,184.530]
	2: [141.510,203.040]
(visible antenna1 satellite0) forms a window with range [160.000,240.040]
Bounds on (send_image satellite0 antenna1 phenomenon5 image2) (duration [16.520,16.520]):
	0: [160.000,223.520]
	1: [160.000,223.520]
	2: [176.520,240.040]
Bounds on (send_image satellite0 antenna1 phenomenon6 infrared0) (duration [16.250,16.250]):
	0: [160.000,223.790]
	1: [160.000,223.790]
	2: [176.250,240.040]
Bounds on (send_image satellite0 antenna1 planet3 infrared0) (duration [5.140,5.140]):
	0: [160.000,234.900]
	1: [160.000,234.900]
	2: [165.140,240.040]
Bounds on (send_image satellite0 antenna1 planet4 infrared0) (duration [8.380,8.380]):
	0: [160.000,231.660]
	1: [160.000,231.660]
	2: [168.380,240.040]
Bounds on (send_image satellite0 antenna1 star7 infrared0) (duration [18.510,18.510]):
	0: [160.000,221.530]
	1: [160.000,221.530]
	2: [178.510,240.040]
Dominance constraints (excluding processes and events)...
Damaging events...
Dominance constraints (including processes and events)...
Variable monotonicity...
Max/min needed values for any single precondition...
Irrelevant action pruning by backward reachability from goal...
Uninterestingness criteria...
Compression-safe actions...
Compression-safe invariants...
100% of durative actions in this problem are compression safe
Goal Goal [5]
    (sent_image star7 infrared0)
    (sent_image phenomenon6 infrared0)
    (sent_image phenomenon5 image2)
    (sent_image planet4 infrared0)
    (sent_image planet3 infrared0)

Finishing preprocessing.  Making a TRPG heuristic...
Making an open list...
Running WA* search (g weight = 1, h weight = 5)
{(power_avail satellite0),(pointing satellite0 planet4),(available antenna0),(available antenna1)}
[]
Initial heuristic = 22
Initial stats: t=0s, 5736kb
b (20 @ n=3, t=0s, 5736kb)b (19 @ n=19, t=0s, 5736kb)b (18 @ n=54, t=0s, 5868kb).{EPS=3571.43,ETD=19.6735}b (16 @ n=89, t=0.01s, 5868kb)b (15 @ n=130, t=0.02s, 5972kb).{EPS=3571.43,ETD=29.3131}b (14 @ n=163, t=0.02s, 6092kb)b (13 @ n=173, t=0.02s, 6092kb)b (12 @ n=192, t=0.02s, 6192kb)b (11 @ n=221, t=0.03s, 6316kb)b (10 @ n=223, t=0.03s, 6316kb)b (9 @ n=234, t=0.03s, 6316kb)b (8 @ n=261, t=0.03s, 6540kb).{EPS=2173.91,ETD=22.4966}.{EPS=1923.08,ETD=25.1206}db (7 @ n=687, t=0.11s, 8664kb).{EPS=1736.11,ETD=29.8072}.{EPS=1612.9,ETD=33.0736}db (6 @ n=1133, t=0.19s, 10624kb)b (5 @ n=1137, t=0.19s, 10748kb)b (4 @ n=1164, t=0.2s, 10860kb)b (3 @ n=1168, t=0.2s, 10860kb)b (2 @ n=1172, t=0.2s, 10860kb)b (1 @ n=1182, t=0.2s, 10996kb)Time diagnostics:
After step 0 search time left estimate was 0.010
After step 1 search time left estimate was 0.020
After step 2 search time left estimate was 0.030
After step 3 search time left estimate was 0.040
After step 4 search time left estimate was 0.239
After step 5 search time left estimate was 0.299
After step 6 search time left estimate was 0.258
After step 7 search time left estimate was 0.257
After step 8 search time left estimate was 0.256
After step 9 search time left estimate was 0.236
After step 10 search time left estimate was 0.195
After step 11 search time left estimate was 0.175
After step 12 search time left estimate was 0.153
After step 13 search time left estimate was 0.163
After step 14 search time left estimate was 0.139
After step 15 search time left estimate was 0.119
After step 16 search time left estimate was 0.118
After step 17 search time left estimate was 0.098
After step 18 search time left estimate was 0.078
After step 19 search time left estimate was 0.058
After step 20 search time left estimate was 0.039
After step 21 search time left estimate was 0.039

;;;; Solution Found
; Time 0.20
; Peak memory 10996kb
; Nodes Generated: 1193
; Nodes Expanded:  319
; Nodes Evaluated: 1192
; Nodes Tunneled:  0
; Nodes memoised with open actions: 0
; Nodes memoised without open actions: 3618
; Nodes pruned by memoisation: 2425
0.211: (turn_to satellite0 groundstation2 planet4) [58.980] ; (41)
0.211: (switch_on instrument1 satellite0) [2.000] ; (65)
59.192: (calibrate satellite0 instrument1 groundstation2) [5.540] ; (68)
59.193: (turn_to satellite0 phenomenon6 groundstation2) [25.110] ; (11)
84.303: (take_image satellite0 phenomenon6 instrument1 infrared0) [7.000] ; (89)
91.303: (turn_to satellite0 star7 phenomenon6) [29.320] ; (31)
120.623: (take_image satellite0 star7 instrument1 infrared0) [7.000] ; (93)
127.623: (turn_to satellite0 phenomenon5 star7) [20.970] ; (58)
148.593: (take_image satellite0 phenomenon5 instrument1 image2) [7.000] ; (72)
155.593: (turn_to satellite0 planet4 phenomenon5) [15.480] ; (21)
160.000: (send_image satellite0 antenna1 star7 infrared0) [18.510] ; (141)
171.073: (take_image satellite0 planet4 instrument1 infrared0) [7.000] ; (91)
178.073: (turn_to satellite0 star0 planet4) [1.204] ; (46)
178.511: (send_image satellite0 antenna1 planet4 infrared0) [8.380] ; (137)
179.278: (turn_to satellite0 planet3 star0) [13.670] ; (52)
186.892: (send_image satellite0 antenna1 phenomenon5 image2) [16.520] ; (115)
192.948: (take_image satellite0 planet3 instrument1 infrared0) [7.000] ; (90)
203.413: (send_image satellite0 antenna1 planet3 infrared0) [5.140] ; (135)
208.554: (send_image satellite0 antenna1 phenomenon6 infrared0) [16.250] ; (133)
