Parsing and Instantiating...
TIL[203.040] @ 0x187f2b0 -> { TIL[123.000]}
TIL[240.040] @ 0x187f930 -> { TIL[160.000]}
Done
One way facts...
Mutex groups...
Semaphore Facts...
Envelope Facts...
One-shot actions...
Integral variables...
Variable bounds...
Static numeric conditions...
Duration bounds...
TIL time window analysis...
Bounding action timestamps due to time windows...
(visible antenna0 satellite0) forms a window with range [123.000,203.040]
Bounds on (send_image satellite0 antenna0 phenomenon5 image2) (duration [16.520,16.520]):
	0: [123.000,186.520]
	1: [123.000,186.520]
	2: [139.520,203.040]
Bounds on (send_image satellite0 antenna0 phenomenon6 infrared0) (duration [16.250,16.250]):
	0: [123.000,186.790]
	1: [123.000,186.790]
	2: [139.250,203.040]
Bounds on (send_image satellite0 antenna0 planet3 infrared0) (duration [5.140,5.140]):
	0: [123.000,197.900]
	1: [123.000,197.900]
	2: [128.140,203.040]
Bounds on (send_image satellite0 antenna0 planet4 infrared0) (duration [8.380,8.380]):
	0: [123.000,194.660]
	1: [123.000,194.660]
	2: [131.380,203.040]
Bounds on (send_image satellite0 antenna0 star7 infrared0) (duration [18.510,18.510]):
	0: [123.000,184.530]
	1: [123.000,184.530]
	2: [141.510,203.040]
(visible antenna1 satellite0) forms a window with range [160.000,240.040]
Bounds on (send_image satellite0 antenna1 phenomenon5 image2) (duration [16.520,16.520]):
	0: [160.000,223.520]
	1: [160.000,223.520]
	2: [176.520,240.040]
Bounds on (send_image satellite0 antenna1 phenomenon6 infrared0) (duration [16.250,16.250]):
	0: [160.000,223.790]
	1: [160.000,223.790]
	2: [176.250,240.040]
Bounds on (send_image satellite0 antenna1 planet3 infrared0) (duration [5.140,5.140]):
	0: [160.000,234.900]
	1: [160.000,234.900]
	2: [165.140,240.040]
Bounds on (send_image satellite0 antenna1 planet4 infrared0) (duration [8.380,8.380]):
	0: [160.000,231.660]
	1: [160.000,231.660]
	2: [168.380,240.040]
Bounds on (send_image satellite0 antenna1 star7 infrared0) (duration [18.510,18.510]):
	0: [160.000,221.530]
	1: [160.000,221.530]
	2: [178.510,240.040]
Dominance constraints (excluding processes and events)...
Damaging events...
Dominance constraints (including processes and events)...
Variable monotonicity...
Max/min needed values for any single precondition...
Irrelevant action pruning by backward reachability from goal...
Uninterestingness criteria...
Compression-safe actions...
Compression-safe invariants...
100% of durative actions in this problem are compression safe
Goal Goal [5]
    (sent_image star7 infrared0)
    (sent_image phenomenon6 infrared0)
    (sent_image phenomenon5 image2)
    (sent_image planet4 infrared0)
    (sent_image planet3 infrared0)

Finishing preprocessing.  Making a TRPG heuristic...
Making an open list...
Running WA* search (g weight = 1, h weight = 5)
{(power_avail satellite0),(pointing satellite0 planet4),(available antenna0),(available antenna1)}
[]
Initial heuristic = 22
Initial stats: t=0s, 5736kb
b (20 @ n=3, t=0s, 5736kb)b (19 @ n=19, t=0s, 5736kb)b (18 @ n=54, t=0s, 5868kb).{EPS=3571.43,ETD=19.6735}b (16 @ n=89, t=0.01s, 5868kb).{EPS=3846.15,ETD=29.1313}b (14 @ n=158, t=0.02s, 6080kb)b (13 @ n=168, t=0.03s, 6080kb)b (12 @ n=178, t=0.03s, 6080kb)dddb (11 @ n=372, t=0.05s, 6916kb)b (10 @ n=381, t=0.05s, 7048kb)dd.{EPS=2272.73,ETD=21.0872}ddddb (9 @ n=757, t=0.09s, 8976kb)b (8 @ n=792, t=0.1s, 9132kb)dd.{EPS=1818.18,ETD=18.7538}ddddddd.{EPS=1572.33,ETD=19.0241}ddddb (7 @ n=1528, t=0.18s, 13648kb)b (6 @ n=1539, t=0.18s, 13780kb)db (5 @ n=1603, t=0.19s, 14188kb)d.{EPS=1449.28,ETD=18.4582}dddd.{EPS=1388.89,ETD=20.1633}db (4 @ n=1994, t=0.26s, 16772kb)ddd.{EPS=1374.57,ETD=24.1053}ddd.{EPS=1376.15,ETD=28.1292}ddddd.{EPS=1358.7,ETD=30.8297}ddddd.{EPS=1275.51,ETD=33.254}ddd.{EPS=1243.78,ETD=30.854}dd.{EPS=1253.13,ETD=36.246}.{EPS=1295.34,ETD=39.762}ddd.{EPS=1336.9,ETD=45.516}.{EPS=1428.57,ETD=54.102}d.{EPS=1479.29,ETD=63.392}dd.{EPS=1510.57,ETD=72.322}.{EPS=1577.29,ETD=81.628}d.{EPS=1639.34,ETD=92.916}ddd.{EPS=1650.17,ETD=106.194}.{EPS=1661.13,ETD=122.424}d.{EPS=1694.92,ETD=134.502}d.{EPS=1718.21,ETD=149.504}dd.{EPS=1754.39,ETD=160.512}b (3 @ n=4779, t=0.83s, 35268kb).{EPS=1779.36,ETD=167.66}ddd.{EPS=1742.16,ETD=173.73}d.{EPS=1754.39,ETD=178.968}d.{EPS=1766.78,ETD=179.882}.{EPS=1766.78,ETD=179.452}dddd.{EPS=1742.16,ETD=179.354}.{EPS=1736.11,ETD=176.998}d.{EPS=1748.25,ETD=173.8}ddd.{EPS=1724.14,ETD=168.8}.{EPS=1792.11,ETD=162.754}dd.{EPS=1736.11,ETD=156.41}d.{EPS=1879.7,ETD=145.396}d.{EPS=1865.67,ETD=137.47}d.{EPS=1798.56,ETD=121.878}ddd.{EPS=1766.78,ETD=106.376}dd.{EPS=1851.85,ETD=91.222}dd.{EPS=1760.56,ETD=76.608}dd.{EPS=1760.56,ETD=63.21}dd.{EPS=1798.56,ETD=51}d.{EPS=1748.25,ETD=44.898}dd.{EPS=1724.14,ETD=34.64}d.{EPS=1661.13,ETD=29.566}dd.{EPS=1700.68,ETD=20.474}d.{EPS=1736.11,ETD=21.224}dd.{EPS=1792.11,ETD=43.048}ddd.{EPS=1748.25,ETD=42.602}dd.{EPS=1811.59,ETD=49.14}ddd.{EPS=1805.05,ETD=58.844}ddd.{EPS=1754.39,ETD=59.238}dd.{EPS=1766.78,ETD=57.754}ddd.{EPS=1805.05,ETD=63.564}ddd.{EPS=1798.56,ETD=67.844}ddd.{EPS=1792.11,ETD=70.896}ddd.{EPS=1736.11,ETD=80.068}ddd.{EPS=1683.5,ETD=60.842}ddd.{EPS=1666.67,ETD=59.92}dd.{EPS=1639.34,ETD=62.598}dd.{EPS=1644.74,ETD=54.622}dd.{EPS=1661.13,ETD=62.858}ddd.{EPS=1607.72,ETD=58.44}ddd.{EPS=1547.99,ETD=52.676}dd.{EPS=1543.21,ETD=55.82}ddd.{EPS=1497.01,ETD=52.242}dd.{EPS=1501.5,ETD=43.31}ddb (2 @ n=11566, t=2.14s, 76276kb).{EPS=1466.28,ETD=42.544}dd.{EPS=1479.29,ETD=47.16}t.{EPS=1424.5,ETD=45.688}b (1 @ n=11885, t=2.23s, 78620kb)dd.{EPS=1392.76,ETD=54.032}t.{EPS=1388.89,ETD=55.388}.{EPS=1385.04,ETD=70.08}t.{EPS=1392.76,ETD=88.088}dd.{EPS=1366.12,ETD=99.862}td.{EPS=1388.89,ETD=119.388}.{EPS=1388.89,ETD=140.87}t.{EPS=1416.43,ETD=163.742}.{EPS=1428.57,ETD=186.078}t.{EPS=1449.28,ETD=208.056}t.{EPS=1466.28,ETD=229.468}Time diagnostics:
After step 0 search time left estimate was 0.010
After step 1 search time left estimate was 0.020
After step 2 search time left estimate was 0.030
After step 3 search time left estimate was 0.040
After step 4 search time left estimate was 0.120
After step 5 search time left estimate was 0.111
After step 6 search time left estimate was 0.528
After step 7 search time left estimate was 0.496
After step 8 search time left estimate was 0.465
After step 9 search time left estimate was 0.406
After step 10 search time left estimate was 0.368
After step 11 search time left estimate was 0.330
After step 12 search time left estimate was 0.202
After step 13 search time left estimate was 0.173
After step 14 search time left estimate was 0.144
After step 15 search time left estimate was 0.115
After step 16 search time left estimate was 0.088
After step 17 search time left estimate was 0.065
After step 18 search time left estimate was 0.069
After step 19 search time left estimate was 0.160
After step 20 search time left estimate was 0.160

;;;; Solution Found
; Time 2.61
; Peak memory 87920kb
; Nodes Generated: 13283
; Nodes Expanded:  4164
; Nodes Evaluated: 12928
; Nodes Tunneled:  0
; Nodes memoised with open actions: 0
; Nodes memoised without open actions: 54175
; Nodes pruned by memoisation: 40892
2.620: (turn_to satellite0 groundstation2 planet4) [58.980] ; (41)
2.620: (switch_on instrument1 satellite0) [2.000] ; (65)
61.601: (calibrate satellite0 instrument1 groundstation2) [5.540] ; (68)
61.602: (turn_to satellite0 planet3 groundstation2) [17.260] ; (12)
78.862: (take_image satellite0 planet3 instrument1 infrared0) [7.000] ; (90)
85.862: (turn_to satellite0 planet4 planet3) [30.650] ; (37)
116.512: (take_image satellite0 planet4 instrument1 infrared0) [7.000] ; (91)
123.512: (turn_to satellite0 phenomenon5 planet4) [15.480] ; (42)
123.513: (send_image satellite0 antenna0 planet4 infrared0) [8.380] ; (136)
138.992: (take_image satellite0 phenomenon5 instrument1 image2) [7.000] ; (72)
145.992: (turn_to satellite0 star7 phenomenon5) [20.970] ; (23)
145.993: (send_image satellite0 antenna0 phenomenon5 image2) [16.520] ; (114)
162.514: (send_image satellite0 antenna0 planet3 infrared0) [5.140] ; (134)
166.962: (take_image satellite0 star7 instrument1 infrared0) [7.000] ; (93)
173.962: (turn_to satellite0 phenomenon6 star7) [29.320] ; (59)
173.963: (send_image satellite0 antenna0 star7 infrared0) [18.510] ; (140)
203.282: (take_image satellite0 phenomenon6 instrument1 infrared0) [7.000] ; (89)
210.283: (send_image satellite0 antenna1 phenomenon6 infrared0) [16.250] ; (133)
