Parsing and Instantiating...
Done
One way facts...
Mutex groups...
Semaphore Facts...
Envelope Facts...
One-shot actions...
Integral variables...
Variable bounds...
Static numeric conditions...
Duration bounds...
TIL time window analysis...
Bounding action timestamps due to time windows...
(deliverable package1 l2) forms a window with range [0.000,2725.100]
Bounds on (deliver-ontime package1 l2) (duration [1.000,1.000]):
	0: [0.000,2724.099]
	1: [0.000,2724.099]
	2: [0.000,2725.099]
(deliverable package3 l4) forms a window with range [0.000,2725.100]
Bounds on (deliver-ontime package3 l4) (duration [1.000,1.000]):
	0: [0.000,2724.099]
	1: [0.000,2724.099]
	2: [0.000,2725.099]
(deliverable package4 l2) forms a window with range [0.000,2725.100]
Bounds on (deliver-ontime package4 l2) (duration [1.000,1.000]):
	0: [0.000,2724.099]
	1: [0.000,2724.099]
	2: [0.000,2725.099]
(deliverable package5 l1) forms a window with range [0.000,1304.500]
Bounds on (deliver-ontime package5 l1) (duration [1.000,1.000]):
	0: [0.000,1303.499]
	1: [0.000,1303.499]
	2: [0.000,1304.499]
(deliverable package7 l4) forms a window with range [0.000,1304.500]
Bounds on (deliver-ontime package7 l4) (duration [1.000,1.000]):
	0: [0.000,1303.499]
	1: [0.000,1303.499]
	2: [0.000,1304.499]
(deliverable package8 l2) forms a window with range [0.000,1304.500]
Bounds on (deliver-ontime package8 l2) (duration [1.000,1.000]):
	0: [0.000,1303.499]
	1: [0.000,1303.499]
	2: [0.000,1304.499]
(deliverable package9 l4) forms a window with range [0.000,2682.300]
Bounds on (deliver-ontime package9 l4) (duration [1.000,1.000]):
	0: [0.000,2681.299]
	1: [0.000,2681.299]
	2: [0.000,2682.299]
(deliverable package10 l2) forms a window with range [0.000,2682.300]
Bounds on (deliver-ontime package10 l2) (duration [1.000,1.000]):
	0: [0.000,2681.299]
	1: [0.000,2681.299]
	2: [0.000,2682.299]
(deliverable package11 l4) forms a window with range [0.000,2682.300]
Bounds on (deliver-ontime package11 l4) (duration [1.000,1.000]):
	0: [0.000,2681.299]
	1: [0.000,2681.299]
	2: [0.000,2682.299]
(deliverable package12 l4) forms a window with range [0.000,2682.300]
Bounds on (deliver-ontime package12 l4) (duration [1.000,1.000]):
	0: [0.000,2681.299]
	1: [0.000,2681.299]
	2: [0.000,2682.299]
(deliverable package14 l3) forms a window with range [0.000,3937.100]
Bounds on (deliver-ontime package14 l3) (duration [1.000,1.000]):
	0: [0.000,3936.099]
	1: [0.000,3936.099]
	2: [0.000,3937.099]
(deliverable package15 l5) forms a window with range [0.000,3937.100]
Bounds on (deliver-ontime package15 l5) (duration [1.000,1.000]):
	0: [0.000,3936.099]
	1: [0.000,3936.099]
	2: [0.000,3937.099]
Dominance constraints (excluding processes and events)...
Damaging events...
Dominance constraints (including processes and events)...
Variable monotonicity...
Max/min needed values for any single precondition...
Irrelevant action pruning by backward reachability from goal...
Uninterestingness criteria...
Compression-safe actions...
Compression-safe invariants...
99% of durative actions in this problem are compression safe
Goal Goal [16]
    (at-destination package16 l5)
    (delivered package15 l5)
    (delivered package14 l3)
    (at-destination package13 l5)
    (delivered package12 l4)
    (delivered package11 l4)
    (delivered package10 l2)
    (delivered package9 l4)
    (delivered package8 l2)
    (delivered package7 l4)
    (at-destination package6 l1)
    (delivered package5 l1)
    (delivered package4 l2)
    (delivered package3 l4)
    (at-destination package2 l1)
    (delivered package1 l2)

Finishing preprocessing.  Making a TRPG heuristic...
Making an open list...
Running WA* search (g weight = 1, h weight = 5)
{(at truck1 l1),(at truck2 l5),(at truck3 l4),(free a1 truck1),(free a2 truck1),(free a3 truck1),(free a4 truck1),(free a1 truck2),(free a2 truck2),(free a3 truck2),(free a4 truck2),(free a1 truck3),(free a2 truck3),(free a3 truck3),(free a4 truck3),(at package1 l3),(at package2 l3),(at package3 l3),(at package4 l3),(at package5 l5),(at package6 l5),(at package7 l5),(at package8 l5),(at package9 l3),(at package10 l3),(at package11 l3),(at package12 l3),(at package13 l2),(at package14 l2),(at package15 l2),(at package16 l2),(deliverable package1 l2),(deliverable package3 l4),(deliverable package4 l2),(deliverable package5 l1),(deliverable package7 l4),(deliverable package8 l2),(deliverable package9 l4),(deliverable package10 l2),(deliverable package11 l4),(deliverable package12 l4),(deliverable package14 l3),(deliverable package15 l5)}
[]
Initial heuristic = 64
Initial stats: t=0.16s, 13508kb
b (63 @ n=390, t=0.39s, 13900kb)ddd.{EPS=55.4939,ETD=23.3061}dddd.{EPS=46.8823,ETD=46.7677}db (62 @ n=3472, t=2.32s, 21448kb)b (61 @ n=3514, t=2.35s, 21448kb)b (60 @ n=3566, t=2.39s, 21592kb)ddd.{EPS=42.4568,ETD=35.5906}ddddd.{EPS=42.1408,ETD=31.0352}dddd.{EPS=41.1117,ETD=43.0763}ddddddddddddd.{EPS=41.8702,ETD=47.3612}dddddddddddddddddddddddddd.{EPS=41.856,ETD=58.5845}dddb (59 @ n=13221, t=9.44s, 67540kb)d.{EPS=41.7406,ETD=77.8772}dddd.{EPS=41.7633,ETD=102.526}dddd.{EPS=40.8597,ETD=125.096}ddddd.{EPS=39.6951,ETD=158.032}dddd.{EPS=38.4025,ETD=188.698}dddd.{EPS=38.1214,ETD=227.628}dddd.{EPS=37.7929,ETD=268.38}ddddd.{EPS=37.3413,ETD=301.382}dddd.{EPS=36.361,ETD=335.482}ddddd.{EPS=36.0594,ETD=364.876}dddd.{EPS=35.2361,ETD=419.036}ddddd.{EPS=33.6202,ETD=447.78}db (58 @ n=30193, t=25.91s, 153164kb)b (57 @ n=30259, t=25.97s, 153536kb)ddWarning: self overlapping Action 1984:1 at 73
b (56 @ n=30488, t=26.27s, 156660kb)dxxxdxxxdxxx.{EPS=34.1437,ETD=415.002}dddxddddxddd.{EPS=33.1543,ETD=390.176}dddxdddddxdddddxdddddddddxdddx.{EPS=33.9974,ETD=357.212}dxddddddddxddxdddxddddddd.{EPS=34.8991,ETD=326.35}dddddddddxdxdxdxddddxdxddxddxddd.{EPS=35.0803,ETD=298.024}dxddddxddddddddxddxdxddddd.{EPS=35.9273,ETD=274.476}ddxddxddxdddddddxddddddddddxddxx.{EPS=36.1952,ETD=256.878}dxdddddxdxddxddxdddxddxdxd.{EPS=37.2495,ETD=245.308}ddxddxddxdddxxdxdxdddxddddd.{EPS=38.2907,ETD=189.64}dddxxddddddddddddxdxdxdxxdxdxdxdxdx.{EPS=40.4694,ETD=135.428}dxdxxddxdxxdxddxddxdddxddxddxd.{EPS=41.5455,ETD=170.44}ddxddddxdxddddxdddxdddx.{EPS=42.9479,ETD=168.108}dddxddddxddddxdddxddxddddxd.{EPS=43.7828,ETD=169.994}ddxdddxdddxdddxddddxdddxdxddd.{EPS=43.7713,ETD=179.82}dxddxddxddddxddxddddddddxddd.{EPS=44.4879,ETD=234.36}ddxdddddddddddddddddddddddd.{EPS=42.8302,ETD=252.994}dxddddddddddddddddddddddddddddd.{EPS=42.1692,ETD=234.378}ddxddddddddddddddddddddddddddxdd.{EPS=40.3877,ETD=225.648}dddddddddxddddddddddddxd.{EPS=40.9132,ETD=298.616}ddxdddddddddddddddddddddd.{EPS=40.44,ETD=305.974}ddddddddddddxdddddddd.{EPS=38.9742,ETD=293.43}ddddddddddddddddddxddddddd.{EPS=39.3298,ETD=290.336}ddddddddddddxdddddddddddd.{EPS=38.8923,ETD=293.41}ddddddddddddddddddddddddddxd.{EPS=38.2995,ETD=290.806}ddddddddddddxdddddddddddd.{EPS=38.2205,ETD=334.936}dddddddddddddddddddd.{EPS=39.2896,ETD=410.36}dddddddddddddddddddddd.{EPS=39.5288,ETD=408.532}ddddddddddddddddddd.{EPS=41.1862,ETD=394.05}dddddddddddddddddd.{EPS=41.58,ETD=313.052}ddddddddddddddddddddd.{EPS=42.6876,ETD=317.584}ddddddddddddddddddd.{EPS=44.2243,ETD=376.868}ddddddddddddddddddddddddd.{EPS=43.6567,ETD=529.974}ddddddddddddddddddddddddddddddd.{EPS=42.6913,ETD=683.806}ddddddddddddddddddddddddddddddddd.{EPS=41.806,ETD=835.752}dddddddddddddddddddddddddddddddddddddd.{EPS=39.3825,ETD=896.592}dddddddddddddddddddddddddddddddddddddd.{EPS=37.6903,ETD=963.518}dddddddddddddddddddddddddddddddddddd.{EPS=37.2606,ETD=1158.52}dddddddddddddddddddddddddddddddddddddddddddd.{EPS=34.7923,ETD=1364.52}ddddddddddddddddddddddddddddddddddddddd.{EPS=32.5288,ETD=1558.39}dddddddddddddddddddddddddddddddddddddddd.{EPS=31.0405,ETD=1755.66}dddddddddddddddddddddddddddddddddddddddd.{EPS=29.5893,ETD=1904.62}ddddddddddddddddddddddddddddddddddddddd.{EPS=28.9369,ETD=1981.51}ddddddddddddddddddddddddddddddddddddddddddddd.{EPS=28.2358,ETD=2099.55}ddddddddddddddddddddddddddddddddddddddddddddd.{EPS=27.6213,ETD=2208.57}ddddddddddddddddddddddddd.{EPS=27.9595,ETD=2036.35}ddddddddddddddddddddddddddddddddd.{EPS=28.255,ETD=1863.23}dddddddddddddddddddddddd.{EPS=28.7753,ETD=1676.01}ddddddddddddddddddddddddddd.{EPS=29.6173,ETD=1467.09}ddddddddddddddddddddddd.{EPS=31.0385,ETD=1280.28}dddddddddddddddddd.{EPS=32.0513,ETD=1070.48}dddddddddddddddddddddddd.{EPS=33.216,ETD=846.088}dddddddddddddddddddddddd.{EPS=34.3666,ETD=621.902}dddddddddddddddddddd.{EPS=36.6892,ETD=439.172}dddddd.{EPS=37.1885,ETD=432.126}dddddddddddddddddddddd.{EPS=34.9016,ETD=437.44}ddddddddddddddddddddd.{EPS=32.4781,ETD=431.026}dddddddddddddddddddd.{EPS=29.5526,ETD=420.338}dddddddddddddddddd.{EPS=26.4536,ETD=416.086}dddddddddddddddddddd.{EPS=23.5206,ETD=397.728}ddddddddddddddddddd.{EPS=21.6647,ETD=394.562}ddddddddddddddddddddd.{EPS=19.933,ETD=390.974}ddddddddddddddddddddd.{EPS=18.3715,ETD=382.736}ddddddddddddddddddddd.{EPS=16.9912,ETD=285.698}ddddddddddd.{EPS=16.7915,ETD=188.154}ddddddddddddddddddd.{EPS=16.6019,ETD=209.072}dddddddddddddddddddddd.{EPS=16.2824,ETD=231.258}ddddddddddddddddddddd.{EPS=15.7277,ETD=231.25}ddddddddddddddddd.{EPS=15.5627,ETD=231.4}ddddddddddddddd.{EPS=15.9398,ETD=238.776}dddddddddddddddddd.{EPS=15.8343,ETD=242.8}ddddddddddddddddd.{EPS=15.9312,ETD=245.408}dddddddddddddddddd.{EPS=15.7973,ETD=244.254}dddddddddddddddddd.{EPS=15.8013,ETD=254.918}dddddddddddddddd.{EPS=15.0966,ETD=139.764}ddddddddddddddddd.{EPS=14.2248,ETD=138.8}ddddddddddddddddddd.{EPS=13.407,ETD=116.922}ddddddddddddddddddd.{EPS=13.3976,ETD=131.21}ddddddddddddddddd.{EPS=13.3174,ETD=148.58}ddddddddddddddddddd.{EPS=12.8084,ETD=158.296}dddddddddddddddddd.{EPS=12.6154,ETD=187.668}dddddddddddddddd.{EPS=12.5783,ETD=240.572}ddddddddddddddddd.{EPS=12.775,ETD=324.5}ddddddddddddddddd.{EPS=12.9735,ETD=442.9}dddddddddddddddddddddddd.{EPS=13.678,ETD=544.77}dddddddddddddddddd