Parsing and Instantiating...
Warning: rounding numeric constants such as 0.8978 to an accuracy of 0.001
TIL[127.040] @ 0x27e18c0 -> { TIL[47.000]}
TIL[141.000] @ 0x27e1c10 -> { TIL[127.040]}
TIL[221.040] @ 0x27e1f40 -> { TIL[141.000]}
Done
One way facts...
Mutex groups...
Semaphore Facts...
Envelope Facts...
One-shot actions...
Integral variables...
Variable bounds...
Static numeric conditions...
Duration bounds...
TIL time window analysis...
Bounding action timestamps due to time windows...
(visible antenna0 satellite1) forms a window with range [47.000,221.040]
Bounds on (send_image satellite1 antenna0 star9 infrared1) (duration [17.980,17.980]):
	0: [47.000,203.060]
	1: [47.000,203.060]
	2: [64.980,221.040]
Bounds on (send_image satellite1 antenna0 star10 infrared3) (duration [8.570,8.570]):
	0: [47.000,212.470]
	1: [47.000,212.470]
	2: [55.570,221.040]
Bounds on (send_image satellite1 antenna0 star7 infrared3) (duration [7.610,7.610]):
	0: [47.000,213.430]
	1: [47.000,213.430]
	2: [54.610,221.040]
Bounds on (send_image satellite1 antenna0 phenomenon8 spectrograph0) (duration [17.580,17.581]):
	0: [47.000,203.459]
	1: [47.000,203.459]
	2: [64.580,221.040]
Bounds on (send_image satellite1 antenna0 planet5 spectrograph0) (duration [10.170,10.170]):
	0: [47.000,210.870]
	1: [47.000,210.870]
	2: [57.170,221.040]
Bounds on (send_image satellite1 antenna0 planet4 thermograph2) (duration [18.920,18.920]):
	0: [47.000,202.120]
	1: [47.000,202.120]
	2: [65.920,221.040]
Bounds on (send_image satellite1 antenna0 star6 thermograph2) (duration [17.890,17.890]):
	0: [47.000,203.150]
	1: [47.000,203.150]
	2: [64.890,221.040]
(visible antenna0 satellite0) forms a window with range [47.000,221.040]
Bounds on (send_image satellite0 antenna0 star9 infrared1) (duration [17.980,17.980]):
	0: [47.000,203.060]
	1: [47.000,203.060]
	2: [64.980,221.040]
Bounds on (send_image satellite0 antenna0 star10 infrared3) (duration [8.570,8.570]):
	0: [47.000,212.470]
	1: [47.000,212.470]
	2: [55.570,221.040]
Bounds on (send_image satellite0 antenna0 star7 infrared3) (duration [7.610,7.610]):
	0: [47.000,213.430]
	1: [47.000,213.430]
	2: [54.610,221.040]
Bounds on (send_image satellite0 antenna0 phenomenon8 spectrograph0) (duration [17.580,17.581]):
	0: [47.000,203.459]
	1: [47.000,203.459]
	2: [64.580,221.040]
Bounds on (send_image satellite0 antenna0 planet5 spectrograph0) (duration [10.170,10.170]):
	0: [47.000,210.870]
	1: [47.000,210.870]
	2: [57.170,221.040]
Bounds on (send_image satellite0 antenna0 planet4 thermograph2) (duration [18.920,18.920]):
	0: [47.000,202.120]
	1: [47.000,202.120]
	2: [65.920,221.040]
Bounds on (send_image satellite0 antenna0 star6 thermograph2) (duration [17.890,17.890]):
	0: [47.000,203.150]
	1: [47.000,203.150]
	2: [64.890,221.040]
(visible antenna0 satellite2) forms a window with range [141.000,221.040]
Bounds on (send_image satellite2 antenna0 star9 infrared1) (duration [17.980,17.980]):
	0: [141.000,203.060]
	1: [141.000,203.060]
	2: [158.980,221.040]
Bounds on (send_image satellite2 antenna0 star10 infrared3) (duration [8.570,8.570]):
	0: [141.000,212.470]
	1: [141.000,212.470]
	2: [149.570,221.040]
Bounds on (send_image satellite2 antenna0 star7 infrared3) (duration [7.610,7.610]):
	0: [141.000,213.430]
	1: [141.000,213.430]
	2: [148.610,221.040]
Bounds on (send_image satellite2 antenna0 phenomenon8 spectrograph0) (duration [17.580,17.581]):
	0: [141.000,203.459]
	1: [141.000,203.459]
	2: [158.580,221.040]
Bounds on (send_image satellite2 antenna0 planet5 spectrograph0) (duration [10.170,10.170]):
	0: [141.000,210.870]
	1: [141.000,210.870]
	2: [151.170,221.040]
Bounds on (send_image satellite2 antenna0 planet4 thermograph2) (duration [18.920,18.920]):
	0: [141.000,202.120]
	1: [141.000,202.120]
	2: [159.920,221.040]
Bounds on (send_image satellite2 antenna0 star6 thermograph2) (duration [17.890,17.890]):
	0: [141.000,203.150]
	1: [141.000,203.150]
	2: [158.890,221.040]
Dominance constraints (excluding processes and events)...
Damaging events...
Dominance constraints (including processes and events)...
Variable monotonicity...
Max/min needed values for any single precondition...
Irrelevant action pruning by backward reachability from goal...
Uninterestingness criteria...
Compression-safe actions...
Compression-safe invariants...
100% of durative actions in this problem are compression safe
Goal Goal [7]
    (sent_image star10 infrared3)
    (sent_image star9 infrared1)
    (sent_image phenomenon8 spectrograph0)
    (sent_image star7 infrared3)
    (sent_image star6 thermograph2)
    (sent_image planet5 spectrograph0)
    (sent_image planet4 thermograph2)

Finishing preprocessing.  Making a TRPG heuristic...
Making an open list...
Running WA* search (g weight = 1, h weight = 5)
{(power_avail satellite0),(pointing satellite0 phenomenon8),(power_avail satellite1),(pointing satellite1 star6),(power_avail satellite2),(pointing satellite2 star6),(available antenna0)}
[]
Initial heuristic = 32
Initial stats: t=0.01s, 7068kb
b (28 @ n=2, t=0.01s, 7148kb)b (27 @ n=461, t=0.16s, 7792kb).{EPS=197.628,ETD=23.7347}.{EPS=201.613,ETD=47.4444}b (26 @ n=1622, t=0.61s, 10232kb)b (24 @ n=1624, t=0.61s, 10232kb)b (23 @ n=1669, t=0.62s, 10500kb)b (22 @ n=1764, t=0.66s, 11116kb)b (21 @ n=1765, t=0.66s, 11268kb)b (20 @ n=1869, t=0.69s, 11832kb)b (19 @ n=1905, t=0.7s, 12024kb).{EPS=159.236,ETD=31.557}.{EPS=125.865,ETD=23.6281}.{EPS=104.69,ETD=18.9518}.{EPS=88.0799,ETD=16.5819}.{EPS=79.5635,ETD=19.1289}.{EPS=73.9919,ETD=26.4486}.{EPS=70.3675,ETD=35.6258}.{EPS=67.6133,ETD=45.1984}.{EPS=61.237,ETD=57.784}.{EPS=55.7351,ETD=67.698}.{EPS=52.2685,ETD=85.828}.{EPS=50.0701,ETD=103.356}.{EPS=47.9386,ETD=120.738}d.{EPS=46.7159,ETD=137.532}.{EPS=46.0278,ETD=147.612}.{EPS=45.3186,ETD=153.244}.{EPS=44.5831,ETD=157.44}.{EPS=43.8789,ETD=158.118}.{EPS=43.3426,ETD=182.478}.{EPS=42.6367,ETD=242.69}d.{EPS=41.848,ETD=302.984}.{EPS=41.5076,ETD=375.996}.{EPS=41.5489,ETD=452.374}.{EPS=42.3334,ETD=532.206}.{EPS=42.9516,ETD=619.036}.{EPS=43.6453,ETD=709.332}.{EPS=44.0645,ETD=801.166}.{EPS=44.7387,ETD=897.532}.{EPS=45.208,ETD=971.714}.{EPS=45.8968,ETD=1011.54}d.{EPS=46.6679,ETD=1053.73}.{EPS=46.8252,ETD=1087.27}.{EPS=47.2858,ETD=1120.88}.{EPS=46.6941,ETD=1154.52}.{EPS=45.608,ETD=1188.31}.{EPS=44.7788,ETD=1222.06}.{EPS=44.342,ETD=1255.97}.{EPS=43.4443,ETD=1289.89}.{EPS=42.9074,ETD=1323.9}.{EPS=42.2619,ETD=1357.94}.{EPS=41.7014,ETD=1391.84}d.{EPS=41.0914,ETD=1425.61}.{EPS=40.5778,ETD=1459.43}.{EPS=39.7362,ETD=1493.32}.{EPS=39.2742,ETD=1527.09}.{EPS=38.9196,ETD=1560.85}.{EPS=38.3877,ETD=1594.54}.{EPS=38.0807,ETD=1628.39}.{EPS=37.6279,ETD=1662.23}.{EPS=37.2329,ETD=1696.28}.{EPS=36.7485,ETD=1730.51}d.{EPS=36.3716,ETD=1765.03}.{EPS=35.5543,ETD=1799.74}.{EPS=35.6278,ETD=1834.58}.{EPS=35.4333,ETD=1869.54}t.{EPS=34.9308,ETD=1904.54}tt.{EPS=34.6452,ETD=1939.49}t.{EPS=34.2138,ETD=1974.3}td.{EPS=33.7132,ETD=2008.94}tt.{EPS=33.2757,ETD=2043.22}t.{EPS=32.7675,ETD=2077.35}tt.{EPS=32.6222,ETD=2111.26}t.{EPS=32.6413,ETD=2144.91}tdt.{EPS=32.3666,ETD=2178.37}t.{EPS=32.0698,ETD=2211.83}tt.{EPS=31.9673,ETD=2245.25}td.{EPS=31.7178,ETD=2278.7}tt.{EPS=31.5,ETD=2312.27}dt.{EPS=31.0578,ETD=2345.96}ttd.{EPS=31.0617,ETD=2379.37}t.{EPS=31.1779,ETD=2412.56}tdt.{EPS=30.9406,ETD=2445.58}t.{EPS=30.8547,ETD=2478.68}dtt.{EPS=30.6636,ETD=2511.68}td.{EPS=30.5455,ETD=2544.74}td.{EPS=29.9688,ETD=2578.36}tdt.{EPS=29.6016,ETD=2613.02}dt.{EPS=29.2363,ETD=2648.55}dtd.{EPS=29.1903,ETD=2684.86}tdt.{EPS=28.8135,ETD=2722.01}ddt.{EPS=28.372,ETD=2759.96}dtdt.{EPS=27.7116,ETD=2798.66}dtd.{EPS=27.3478,ETD=2838.12}dttd.{EPS=27.1739,ETD=2878.79}dtd.{EPS=26.915,ETD=2920.52}ddtd.{EPS=26.9513,ETD=2962.76}td.{EPS=26.9789,ETD=3003.93}dtd.{EPS=26.9179,ETD=3024.19}td.{EPS=26.6951,ETD=3029.83}dtd.{EPS=26.8601,ETD=3065.72}dtd.{EPS=27.0168,ETD=3099.23}d.{EPS=27.2435,ETD=3130.41}dd.{EPS=27.0768,ETD=3159.17}ddd.{EPS=27.242,ETD=3185.43}dd.{EPS=26.9005,ETD=3209.38}dd.{EPS=26.7938,ETD=3230.65}dd.{EPS=26.5632,ETD=3250.21}dd.{EPS=26.4215,ETD=3288.31}ddd.{EPS=26.0471,ETD=3338.84}ddddd.{EPS=24.3202,ETD=3357.07}ddddd.{EPS=23.2299,ETD=3375.98}dddddd.{EPS=22.4165,ETD=3396.05}dddddd.{EPS=21.9751,ETD=3417.09}dddddd.{EPS=21.1578,ETD=3439.07}ddddddd.{EPS=20.8742,ETD=3461.23}ddtdddddddd.{EPS=21.8017,ETD=3484.51}ddtddddddtdd.{EPS=22.7894,ETD=3509.14}ddtddddtddd.{EPS=24.0767,ETD=3534.79}ddtddddtdd.{EPS=25.9875,ETD=3561.46}dtddddtddd.{EPS=29.6138,ETD=3589.28}dtddddtdd.{EPS=33.557,ETD=3617.77}ddtdddddtdd.{EPS=38.4823,ETD=3646.05}ddtdddtddd.{EPS=44.2791,ETD=3673.95}dtddddtdd.{EPS=52.7259,ETD=3701.34}ddtddddddddtdd.{EPS=61.8888,ETD=3728.64}ddtddddtddd.{EPS=62.5391,ETD=3755.95}ddtddddtdd.{EPS=64.2674,ETD=3782.64}dtddddtddd.{EPS=64.3501,ETD=3808.97}dtdddddtddd.{EPS=62.1195,ETD=3834.88}ddtddddtddd.{EPS=61.0426,ETD=3860.87}dtddddtdd.{EPS=61.1322,ETD=3886.5}dtddddtddd.{EPS=61.4175,ETD=3912.04}dtddddddddtdd.{EPS=59.4813,ETD=3938.31}dtdddddtddd.{EPS=59.0319,ETD=3965.3}dtddddddtd.{EPS=60.3064,ETD=3993.11}ddtdddtddd.{EPS=61.1322,ETD=4020.92}dtddddtdd.{EPS=61.1995,ETD=4049.03}ddtdddtdd.{EPS=62.1041,ETD=4077.69}ddtdddtdd.{EPS=64.2013,ETD=4106.51}ddtdddtdd.{EPS=65.5222,ETD=4135.26}ddtddddtdd.{EPS=65.2061,ETD=4164.3}dtddddtdd.{EPS=65.3424,ETD=4193.8}dtdddddtdd.{EPS=67.3219,ETD=4222.76}dtddddtddd.{EPS=66.507,ETD=4251.18}dtddddtdd.{EPS=66.0328,ETD=4279.29}ddtddddtdd.{EPS=65.703,ETD=4307.4}ddtddddtdd.{EPS=65.2656,ETD=4335.86}dtddddtdd.{EPS=65.028,ETD=4363.64}dtdddddtdd.{EPS=64.6412,ETD=4390.88}dtddddtdd.{EPS=64.1601,ETD=4417.64}dddtddddtddd.{EPS=63.012,ETD=4444.4}ddtddddtdd.{EPS=62.2898,ETD=4470.69}ddtdddtdd.{EPS=62.8536,ETD=4497.22}dtdddddtdd.{EPS=63.6862,ETD=4524.27}ddtdddtddd.{EPS=64.6831,ETD=4551.57}dtddddtddd.{EPS=64.1684,ETD=4578.47}dtdddtdd.{EPS=65.0364,ETD=4604.84}dtddddtddd.{EPS=64.3252,ETD=4631.45}ddtdddddtdd.{EPS=62.6253,ETD=4658.77}ddtdddddtdd.{EPS=60.5107,ETD=4686.44}dddtdddtdd.{EPS=61.4628,ETD=4713.24}dtdddddddtdd.{EPS=60.6208,ETD=4740.51}dtdddtdd.{EPS=60.6796,ETD=4768.01}ddtdddtdd.{EPS=61.4931,ETD=4795.06}dtdddtdd.{EPS=61.7513,ETD=4822.07}dtddddddtdd.{EPS=61.297,ETD=4849.54}ddtdddtdd.{EPS=60.6428,ETD=4877.2}ddtdddtddd