Parsing and Instantiating...
Warning: rounding numeric constants such as 0.8978 to an accuracy of 0.001
TIL[127.040] @ 0x21bf8f0 -> { TIL[47.000]}
TIL[141.000] @ 0x21bfc40 -> { TIL[127.040]}
TIL[221.040] @ 0x21bff70 -> { TIL[141.000]}
Done
One way facts...
Mutex groups...
Semaphore Facts...
Envelope Facts...
One-shot actions...
Integral variables...
Variable bounds...
Static numeric conditions...
Duration bounds...
TIL time window analysis...
Bounding action timestamps due to time windows...
(visible antenna0 satellite1) forms a window with range [47.000,221.040]
Bounds on (send_image satellite1 antenna0 star9 infrared1) (duration [17.980,17.980]):
	0: [47.000,203.060]
	1: [47.000,203.060]
	2: [64.980,221.040]
Bounds on (send_image satellite1 antenna0 star10 infrared3) (duration [8.570,8.570]):
	0: [47.000,212.470]
	1: [47.000,212.470]
	2: [55.570,221.040]
Bounds on (send_image satellite1 antenna0 star7 infrared3) (duration [7.610,7.610]):
	0: [47.000,213.430]
	1: [47.000,213.430]
	2: [54.610,221.040]
Bounds on (send_image satellite1 antenna0 phenomenon8 spectrograph0) (duration [17.580,17.581]):
	0: [47.000,203.459]
	1: [47.000,203.459]
	2: [64.580,221.040]
Bounds on (send_image satellite1 antenna0 planet5 spectrograph0) (duration [10.170,10.170]):
	0: [47.000,210.870]
	1: [47.000,210.870]
	2: [57.170,221.040]
Bounds on (send_image satellite1 antenna0 planet4 thermograph2) (duration [18.920,18.920]):
	0: [47.000,202.120]
	1: [47.000,202.120]
	2: [65.920,221.040]
Bounds on (send_image satellite1 antenna0 star6 thermograph2) (duration [17.890,17.890]):
	0: [47.000,203.150]
	1: [47.000,203.150]
	2: [64.890,221.040]
(visible antenna0 satellite0) forms a window with range [47.000,221.040]
Bounds on (send_image satellite0 antenna0 star9 infrared1) (duration [17.980,17.980]):
	0: [47.000,203.060]
	1: [47.000,203.060]
	2: [64.980,221.040]
Bounds on (send_image satellite0 antenna0 star10 infrared3) (duration [8.570,8.570]):
	0: [47.000,212.470]
	1: [47.000,212.470]
	2: [55.570,221.040]
Bounds on (send_image satellite0 antenna0 star7 infrared3) (duration [7.610,7.610]):
	0: [47.000,213.430]
	1: [47.000,213.430]
	2: [54.610,221.040]
Bounds on (send_image satellite0 antenna0 phenomenon8 spectrograph0) (duration [17.580,17.581]):
	0: [47.000,203.459]
	1: [47.000,203.459]
	2: [64.580,221.040]
Bounds on (send_image satellite0 antenna0 planet5 spectrograph0) (duration [10.170,10.170]):
	0: [47.000,210.870]
	1: [47.000,210.870]
	2: [57.170,221.040]
Bounds on (send_image satellite0 antenna0 planet4 thermograph2) (duration [18.920,18.920]):
	0: [47.000,202.120]
	1: [47.000,202.120]
	2: [65.920,221.040]
Bounds on (send_image satellite0 antenna0 star6 thermograph2) (duration [17.890,17.890]):
	0: [47.000,203.150]
	1: [47.000,203.150]
	2: [64.890,221.040]
(visible antenna0 satellite2) forms a window with range [141.000,221.040]
Bounds on (send_image satellite2 antenna0 star9 infrared1) (duration [17.980,17.980]):
	0: [141.000,203.060]
	1: [141.000,203.060]
	2: [158.980,221.040]
Bounds on (send_image satellite2 antenna0 star10 infrared3) (duration [8.570,8.570]):
	0: [141.000,212.470]
	1: [141.000,212.470]
	2: [149.570,221.040]
Bounds on (send_image satellite2 antenna0 star7 infrared3) (duration [7.610,7.610]):
	0: [141.000,213.430]
	1: [141.000,213.430]
	2: [148.610,221.040]
Bounds on (send_image satellite2 antenna0 phenomenon8 spectrograph0) (duration [17.580,17.581]):
	0: [141.000,203.459]
	1: [141.000,203.459]
	2: [158.580,221.040]
Bounds on (send_image satellite2 antenna0 planet5 spectrograph0) (duration [10.170,10.170]):
	0: [141.000,210.870]
	1: [141.000,210.870]
	2: [151.170,221.040]
Bounds on (send_image satellite2 antenna0 planet4 thermograph2) (duration [18.920,18.920]):
	0: [141.000,202.120]
	1: [141.000,202.120]
	2: [159.920,221.040]
Bounds on (send_image satellite2 antenna0 star6 thermograph2) (duration [17.890,17.890]):
	0: [141.000,203.150]
	1: [141.000,203.150]
	2: [158.890,221.040]
Dominance constraints (excluding processes and events)...
Damaging events...
Dominance constraints (including processes and events)...
Variable monotonicity...
Max/min needed values for any single precondition...
Irrelevant action pruning by backward reachability from goal...
Uninterestingness criteria...
Compression-safe actions...
Compression-safe invariants...
100% of durative actions in this problem are compression safe
Goal Goal [7]
    (sent_image star10 infrared3)
    (sent_image star9 infrared1)
    (sent_image phenomenon8 spectrograph0)
    (sent_image star7 infrared3)
    (sent_image star6 thermograph2)
    (sent_image planet5 spectrograph0)
    (sent_image planet4 thermograph2)

Finishing preprocessing.  Making a TRPG heuristic...
Making an open list...
Running WA* search (g weight = 1, h weight = 5)
{(power_avail satellite0),(pointing satellite0 phenomenon8),(power_avail satellite1),(pointing satellite1 star6),(power_avail satellite2),(pointing satellite2 star6),(available antenna0)}
[]
Initial heuristic = 32
Initial stats: t=0.01s, 7068kb
b (28 @ n=2, t=0.01s, 7148kb)b (27 @ n=104, t=0.03s, 7296kb).{EPS=116.55,ETD=0}b (26 @ n=1920, t=0.65s, 24968kb)b (25 @ n=2313, t=0.84s, 32160kb).{EPS=94.518,ETD=0}.{EPS=84.4119,ETD=1.87248}.{EPS=83.4028,ETD=12.6281}.{EPS=88.5583,ETD=33.2048}.{EPS=96.9305,ETD=57.903}.{EPS=98.287,ETD=57.3066}.{EPS=105.152,ETD=78.0827}.{EPS=105.857,ETD=83.5791}.{EPS=104.515,ETD=76.4208}.{EPS=102.354,ETD=78.194}.{EPS=105.263,ETD=81}.{EPS=116.36,ETD=98.696}.{EPS=124.316,ETD=113.366}.{EPS=124.285,ETD=111.886}.{EPS=120.802,ETD=108.228}.{EPS=126.871,ETD=130.304}.{EPS=123.732,ETD=131.448}.{EPS=130.446,ETD=175.914}.{EPS=142.328,ETD=264.46}.{EPS=146.071,ETD=289.322}.{EPS=148.987,ETD=287.642}.{EPS=148.017,ETD=274.974}.{EPS=151.653,ETD=268.724}.{EPS=158.932,ETD=273.758}.{EPS=162.549,ETD=273.396}.{EPS=160.823,ETD=262.004}.{EPS=154.178,ETD=239.246}.{EPS=140.371,ETD=183.04}.{EPS=131.372,ETD=94.368}d.{EPS=129.668,ETD=68.83}.{EPS=133.262,ETD=80.762}.{EPS=134.807,ETD=97.694}.{EPS=134.192,ETD=108.272}.{EPS=134.989,ETD=120.75}.{EPS=137.212,ETD=137.014}.{EPS=140.489,ETD=155.826}.{EPS=154.416,ETD=273.968}.{EPS=165.893,ETD=391.142}.{EPS=165.017,ETD=391.698}.{EPS=162.18,ETD=391.864}.{EPS=153.988,ETD=381.982}.{EPS=143.062,ETD=367.57}.{EPS=134.409,ETD=354.786}.{EPS=124.626,ETD=338.32}.{EPS=117.151,ETD=316.53}.{EPS=110.327,ETD=290.026}.{EPS=104.297,ETD=182.916}.{EPS=102.627,ETD=74.738}.{EPS=103.284,ETD=84.544}.{EPS=105.932,ETD=89.2}.{EPS=109.987,ETD=124.81}.{EPS=117.316,ETD=182.508}d.{EPS=127.649,ETD=240.674}.{EPS=141.483,ETD=301.142}.{EPS=155.618,ETD=366.422}.{EPS=172.295,ETD=438.24}.{EPS=186.986,ETD=509.652}.{EPS=203.169,ETD=583.892}.{EPS=227.998,ETD=660.806}.{EPS=255.102,ETD=748.82}.{EPS=271.003,ETD=791.082}.{EPS=273.373,ETD=821.758}.{EPS=269.833,ETD=848.656}.{EPS=250,ETD=851.486}.{EPS=239.923,ETD=871.164}.{EPS=232.019,ETD=886.038}.{EPS=227.376,ETD=903.006}.{EPS=224.517,ETD=922.45}.{EPS=213.675,ETD=932.2}.{EPS=206.016,ETD=943.686}.{EPS=199.203,ETD=966.532}d.{EPS=194.401,ETD=979.022}.{EPS=192.976,ETD=999.428}.{EPS=197.316,ETD=1068.44}.{EPS=195.695,ETD=1096.05}.{EPS=196.85,ETD=1140.99}.{EPS=198.413,ETD=1190.12}.{EPS=198.728,ETD=1206.4}b (24 @ n=39871, t=26.88s, 767080kb)b (23 @ n=39894, t=26.9s, 767656kb)b (22 @ n=40037, t=26.99s, 770556kb)b (21 @ n=40068, t=27.01s, 771228kb).{EPS=196.773,ETD=1340.89}b (20 @ n=40763, t=27.43s, 785140kb).{EPS=178.508,ETD=1237.58}.{EPS=169.09,ETD=1139.52}.{EPS=158.529,ETD=1039.56}.{EPS=145.73,ETD=935.656}.{EPS=140.252,ETD=807.042}.{EPS=133.976,ETD=703.55}.{EPS=126.678,ETD=583.776}.{EPS=119.99,ETD=457.576}.{EPS=114.837,ETD=364.906}.{EPS=114.207,ETD=161.874}.{EPS=117.123,ETD=191.362}.{EPS=118.878,ETD=217.604}.{EPS=122.309,ETD=242.88}.{EPS=126.839,ETD=267.15}.{EPS=126.167,ETD=291.81}.{EPS=129.132,ETD=316.21}.{EPS=131.961,ETD=340.034}.{EPS=134.084,ETD=362.84}.{EPS=136.649,ETD=382.938}d.{EPS=135.538,ETD=399.764}.{EPS=135.428,ETD=416.75}.{EPS=133.941,ETD=433.466}.{EPS=132.345,ETD=448.176}.{EPS=131.234,ETD=461.848}.{EPS=130.685,ETD=474.466}.{EPS=130.617,ETD=487.142}.{EPS=128.601,ETD=498.88}.{EPS=128.932,ETD=510.264}.{EPS=129.702,ETD=520.178}.{EPS=129.735,ETD=531.182}.{EPS=132.135,ETD=538.964}.{EPS=134.192,ETD=547.502}.{EPS=135.026,ETD=557.652}.{EPS=137.703,ETD=568.222}.{EPS=142.288,ETD=577.112}.{EPS=144.509,ETD=584.942}.{EPS=148.5,ETD=592.218}.{EPS=149.97,ETD=598.788}.{EPS=147.232,ETD=607.39}d.{EPS=149.656,ETD=614.944}.{EPS=151.607,ETD=622.016}.{EPS=154.321,ETD=626.858}.{EPS=147.493,ETD=597.29}.{EPS=140.766,ETD=593.934}.{EPS=139.043,ETD=600.504}.{EPS=137.438,ETD=603.458}.{EPS=139.198,ETD=602.532}.{EPS=140.568,ETD=596.818}.{EPS=144.009,ETD=586.75}.{EPS=145.012,ETD=577.416}.{EPS=145.476,ETD=568.764}.{EPS=144.383,ETD=556.986}.{EPS=144.928,ETD=574.106}.{EPS=138.351,ETD=590.016}.{EPS=134.336,ETD=572.978}.{EPS=134.698,ETD=553.116}d.{EPS=132.31,ETD=531.778}.{EPS=130.822,ETD=508.394}.{EPS=122.971,ETD=484.076}.{EPS=117.206,ETD=462.076}.{EPS=112.082,ETD=438.166}.{EPS=108.696,ETD=411.124}.{EPS=109.745,ETD=407.542}.{EPS=115.714,ETD=378.488}.{EPS=119.732,ETD=366.426}.{EPS=117.841,ETD=356.128}.{EPS=116.171,ETD=351.794}.{EPS=112.816,ETD=355.488}.{EPS=112.435,ETD=364.19}.{EPS=113.714,ETD=378.472}.{EPS=116.523,ETD=391.286}.{EPS=119.446,ETD=414.26}.{EPS=120.744,ETD=419.638}.{EPS=119.732,ETD=426.222}.{EPS=116.932,ETD=433.078}.{EPS=117.702,ETD=443.208}.{EPS=118.036,ETD=452.036}d.{EPS=118.68,ETD=460.418}.{EPS=121.3,ETD=469.418}.{EPS=121.153,ETD=493.316}.{EPS=121.389,ETD=502.086}d.{EPS=119.56,ETD=509.934}.{EPS=120.337,ETD=516.46}.{EPS=118.511,ETD=508.682}d.{EPS=116.85,ETD=521.03}.{EPS=112.663,ETD=526.354}d.{EPS=107.573,ETD=495.748}.{EPS=107.458,ETD=491.938}d.{EPS=109.266,ETD=508.58}.{EPS=110.351,ETD=500.76}.{EPS=110.497,ETD=512.656}d.{EPS=110.914,ETD=523.994}.{EPS=109.433,ETD=534.892}.{EPS=110.327,ETD=545.686}d.{EPS=110.156,ETD=528.244}.{EPS=111.161,ETD=534.804}.{EPS=116.55,ETD=598.976}d.{EPS=118.793,ETD=635.702}d.{EPS=118.963,ETD=651.94}.{EPS=120.861,ETD=670.256}d.{EPS=119.789,ETD=689.064}d.{EPS=119.933,ETD=708.662}d.{EPS=122.19,ETD=730.628}d.{EPS=125.031,ETD=766.822}.{EPS=128.766,ETD=813.874}d.{EPS=134.12,ETD=840.568}d.{EPS=133.547,ETD=842.676}.{EPS=132.979,ETD=841.598}.{EPS=131.234,ETD=836.084}d.{EPS=128.469,ETD=830.394}d.{EPS=127.033,ETD=824.346}.{EPS=127.226,ETD=816.88}.{EPS=127.356,ETD=807.45}d.{EPS=126.678,ETD=795.234}d.{EPS=126.871,ETD=784.868}d.{EPS=125.628,ETD=777.258}d.{EPS=124.719,ETD=773.544}d.{EPS=125,ETD=772.11}d.{EPS=127.259,ETD=773.092}.{EPS=130.208,ETD=773.602}d.{EPS=132.38,ETD=764.374}.{EPS=132.556,ETD=747.572}d.{EPS=130.685,ETD=759.414}.{EPS=133.69,ETD=736.862}d.{EPS=135.318,ETD=712.71}.{EPS=137.174,ETD=687.004}d.{EPS=136.612,ETD=660.616}.{EPS=137.325,ETD=633.41}d.{EPS=138.122,ETD=603.95}.{EPS=135.685,ETD=593.92}d.{EPS=121.065,ETD=527.376}d.{EPS=114.6,ETD=486.418}.{EPS=116.36,ETD=433.8}.{EPS=115.875,ETD=414.694}dd.{EPS=114.103,ETD=398.312}.{EPS=112.233,ETD=378.156}.{EPS=115.741,ETD=344.698}d.{EPS=114.207,ETD=325.164}d.{EPS=109.194,ETD=377.544}dd.{EPS=104.778,ETD=312.758}dd.{EPS=112.41,ETD=316.8}d.{EPS=116.523,ETD=305.492}d.{EPS=113.947,ETD=278.504}dd.{EPS=107.689,ETD=255.592}d.{EPS=106.36,ETD=235.254}d.{EPS=107.089,ETD=222.828}d.{EPS=104.932,ETD=225.188}d.{EPS=102.648,ETD=216.216}dd.{EPS=102.669,ETD=140.322}d.{EPS=106.792,ETD=164.496}.{EPS=109.963,ETD=186.27}d.{EPS=111.458,ETD=204.692}d.{EPS=108.861,ETD=221.742}d.{EPS=108.507,ETD=238.794}d.{EPS=109.505,ETD=255.342}d.{EPS=108.015,ETD=272.178}dd.{EPS=107.666,ETD=288.338}d.{EPS=109.625,ETD=302.346}d.{EPS=112.663,ETD=312.048}.{EPS=112.309,ETD=321.248}d.{EPS=112.108,ETD=331.654}d.{EPS=112.435,ETD=344.46}d.{EPS=115.607,ETD=358.486}d.{EPS=119.19,ETD=370.104}d.{EPS=119.674,ETD=379.762}dd.{EPS=107.388,ETD=346.552}d.{EPS=100.12,ETD=314.862}dd.{EPS=93.6154,ETD=288.572}dd.{EPS=86.192,ETD=256.062}dd.{EPS=82.9463,ETD=229.406}d.{EPS=81.9941,ETD=213.034}.{EPS=80.8016,ETD=197.718}d.{EPS=80.6192,ETD=182.864}dd.{EPS=79.0264,ETD=165.97}d.{EPS=76.6166,ETD=149.744}dd.{EPS=78.7154,ETD=188.116}d.{EPS=80.5932,ETD=222.59}d.{EPS=85.1644,ETD=246.696}d.{EPS=92.0641,ETD=275.104}dd.{EPS=90.7771,ETD=295.046}dd.{EPS=87.4432,ETD=303.958}dd.{EPS=85.8811,ETD=309.244}.{EPS=83.2362,ETD=314.542}d.{EPS=82.9738,ETD=321.506}ddd.{EPS=80.7494,ETD=322.956}d.{EPS=80.9848,ETD=311.766}dd.{EPS=77.7726,ETD=324.114}d.{EPS=73.8989,ETD=354.674}ddd.{EPS=71.144,ETD=361.184}d.{EPS=71.6538,ETD=368.372}.{EPS=71.8494,ETD=373.282}dd.{EPS=71.0227,ETD=379.746}dd.{EPS=71.5615,ETD=385.242}d.{EPS=71.3878,ETD=391.44}dd.{EPS=70.9622,ETD=404.284}dd.{EPS=71.1136,ETD=418.752}d.{EPS=73.0247,ETD=414.036}dd.{EPS=74.3826,ETD=399.322}ddd.{EPS=74.7384,ETD=413.198}dd.{EPS=74.8615,ETD=427.25}dd.{EPS=74.9963,ETD=444.498}dd.{EPS=73.8225,ETD=460.856}dd.{EPS=71.6743,ETD=477.248}ddd.{EPS=71.7463,ETD=490.618}d.{EPS=72.1813,ETD=500.262}dd.{EPS=72.3589,ETD=515.954}ddd.{EPS=73.3783,ETD=523.588}dd.{EPS=73.5186,ETD=530.154}dd.{EPS=74.7049,ETD=537.042}ddd.{EPS=74.195,ETD=531.042}ddddd.{EPS=72.7484,ETD=532.928}ddd.{EPS=73.185,ETD=539.66}ddd.{EPS=72.7908,ETD=546.444}ddd.{EPS=72.6744,ETD=557.268}ddd.{EPS=73.4754,ETD=571.914}ddd.{EPS=74.638,ETD=579.322}dddd.{EPS=71.623,ETD=593.392}ddd.{EPS=71.623,ETD=600.892}dddd.{EPS=70.9622,ETD=713.582}dddd.{EPS=67.9071,ETD=750.892}ddddd.{EPS=65.0111,ETD=699.734}dddd.{EPS=62.9485,ETD=643.624}ddddd.{EPS=63.1872,ETD=585.74}ddddd.{EPS=61.0948,ETD=539.056}dddd.{EPS=60.9682,ETD=487.516}ddddd.{EPS=59.4106,ETD=442.594}dddddd.{EPS=59.1926,ETD=400.368}dddddd.{EPS=58.2343,ETD=357.096}dddddd.{EPS=57.924,ETD=207.752}ddddddd.{EPS=59.3401,ETD=152.79}ddddddd.{EPS=61.6143,ETD=169.61}dddddd.{EPS=64.2178,ETD=381.916}ddddd.{EPS=66.9703,ETD=748.472}ddddddd.{EPS=66.6134,ETD=1102.03}dddddd.{EPS=63.8325,ETD=1456.77}dddddddd.{EPS=60.9236,ETD=1803.28}dddddddd.{EPS=59.8158,ETD=2146.16}ddddddd.{EPS=59.0877,ETD=2495.58}dddddd.{EPS=59.1366,ETD=2782.87}ddddd.{EPS=61.5688,ETD=2922.14}dddd.{EPS=63.9959,ETD=3067.37}ddddddd.{EPS=63.8978,ETD=3018.14}dddddd.{EPS=62.027,ETD=2814.59}dddddd.{EPS=63.2191,ETD=2611.36}dddddd.{EPS=66.1813,ETD=2411.57}ddddddd.{EPS=71.1339,ETD=2212.15}dddddd.{EPS=74.8615,ETD=2013.2}ddddddd.{EPS=77.1248,ETD=1815.78}ddddddd.{EPS=77.8816,ETD=1680.39}dddddd.{EPS=76.7224,ETD=1681.77}ddddddd.{EPS=75.2785,ETD=1685.43}ddddd.{EPS=76.7224,ETD=1686.76}ddddtdd.{EPS=77.991,ETD=1747.99}dddddddddddddddtdddddd.{EPS=70.5517,ETD=2511.39}dddddddddddddddddt.{EPS=67.2585,ETD=3653.22}dddddddddddddddddddddtd.{EPS=61.3723,ETD=5061.67}ddddddddddddddddt.{EPS=57.7101,ETD=6559.01}ddt.{EPS=60.6649,ETD=7713.2}td.{EPS=63.7511,ETD=8832.58}tdt.{EPS=66.8181,ETD=9961.92}dt.{EPS=70.7814,ETD=11093.5}tdd.{EPS=73.5402,ETD=12230.2}td.{EPS=78.3331,ETD=13311}tdt.{EPS=96.7118,ETD=13693.9}t.{EPS=116.036,ETD=13699.2}dt.{EPS=157.878,ETD=13440.4}tdt.{EPS=235.627,ETD=13095.4}td.{EPS=244.499,ETD=13094.8}dtddt.{EPS=224.719,ETD=13131.9}ddt.{EPS=224.115,ETD=13167.9}td.{EPS=226.757,ETD=13204.1}ddt.{EPS=224.719,ETD=13230.8}tdd.{EPS=217.014,ETD=13266}tt.{EPS=222.42,ETD=13298.8}dt.{EPS=218.531,ETD=13330.4}t.{EPS=227.376,ETD=13361.5}dt.{EPS=229.358,ETD=13391.5}dtd.{EPS=223.514,ETD=13421.2}tdd.{EPS=230.734,ETD=13450.6}tdtd.{EPS=227.79,ETD=13480.1}td.{EPS=220.459,ETD=13509}td.{EPS=226.449,ETD=13546.3}td.{EPS=227.894,ETD=13574.4}tt.{EPS=224.82,ETD=13596.8}dddt.{EPS=206.101,ETD=13552.7}dtt.{EPS=195.542,ETD=13580.9}dtd.{EPS=186.637,ETD=13609.1}td.{EPS=182.815,ETD=13637.6}td.{EPS=189.394,ETD=13664.3}tdt.{EPS=187.97,ETD=13689.9}t.{EPS=190.767,ETD=13714.9}dt.{EPS=192.827,ETD=13738.9}t.{EPS=198.965,ETD=13761.9}dt.{EPS=200,ETD=13791.4}td.{EPS=214.225,ETD=13889.2}dt.{EPS=220.848,ETD=13914.7}tdt.{EPS=222.618,ETD=13939.7}dtd.{EPS=230.734,ETD=13963.3}t.{EPS=235.627,ETD=13987.4}td.{EPS=244.499,ETD=14011.1}t.{EPS=247.647,ETD=14033.7}tdddddt.{EPS=220.848,ETD=13965.3}td.{EPS=213.584,ETD=13988}tdt.{EPS=210.438,ETD=14009.4}ddt.{EPS=201.045,ETD=14030}dt.{EPS=198.965,ETD=14050.4}tdt.{EPS=199.76,ETD=14069.8}t.{EPS=200.884,ETD=14087.2}t.{EPS=198.491,ETD=14104.5}dt.{EPS=194.932,ETD=14120.5}dt.{EPS=195.084,ETD=14135.8}td.{EPS=212.585,ETD=14242.4}tdt.{EPS=212.947,ETD=14255.9}dt.{EPS=213.95,ETD=14266.9}dt.{EPS=227.894,ETD=14275.9}dt.{EPS=233.318,ETD=14277.5}dtdddt.{EPS=217.865,ETD=14222.8}dddtd.{EPS=201.532,ETD=13946}ddddddtddd.{EPS=167.842,ETD=14015.9}tdtd.{EPS=165.618,ETD=14032.4}tdtd.{EPS=157.679,ETD=14048.4}tdt.{EPS=157.729,ETD=14063.2}dt.{EPS=161.134,ETD=14078}t.{EPS=164.258,ETD=14091.5}t.{EPS=166.223,ETD=14105.1}t.{EPS=167.168,ETD=14123}td.{EPS=180.897,ETD=14195}dt.{EPS=194.856,ETD=14489.8}tdt.{EPS=237.079,ETD=14435.6}dt.{EPS=238.55,ETD=14432.5}dtddt.{EPS=227.066,ETD=14425.6}ddtdd.{EPS=207.211,ETD=14421.1}dtd.{EPS=196.386,ETD=14088.8}tddd.{EPS=181.225,ETD=13581.2}dddtdddddtd.{EPS=144.592,ETD=13596.2}dddtddt.{EPS=130.48,ETD=13610.9}dtdt.{EPS=126.295,ETD=13625}td.{EPS=127.162,ETD=13634.8}t.{EPS=129.166,ETD=13644.1}dt.{EPS=131.787,ETD=13652.9}td.{EPS=138.504,ETD=13663.2}tddtd.{EPS=141.403,ETD=13669.9}dtdtd.{EPS=138.735,ETD=14007.6}dtd.{EPS=143.308,ETD=14526.6}dtdt.{EPS=170.765,ETD=14525.7}ddt.{EPS=184.162,ETD=14513.2}dtddddddt.{EPS=163.026,ETD=14139.1}.{EPS=166.834,ETD=13595.4}t.{EPS=164.908,ETD=13047.8}ddtd.{EPS=155.958,ETD=12385.2}dddtdddtd.{EPS=140.174,ETD=12422.3}dddtdddt.{EPS=133.69,ETD=12463.4}ddddtdddddt.{EPS=121.065,ETD=12505}dddt.{EPS=120.163,ETD=12541.7}tdtd.{EPS=120.019,ETD=12568.6}dtd.{EPS=120.919,ETD=12608.5}tdt.{EPS=132.837,ETD=13014.2}dddt.{EPS=124.906,ETD=13595}tddtd.{EPS=119.474,ETD=14183}ddtdt.{EPS=119.019,ETD=14890.9}ddtd.{EPS=125.945,ETD=14902.1}tddddtdd.{EPS=126.072,ETD=14659.4}ddtddddt.{EPS=132.979,ETD=14239.8}dt.{EPS=134.989,ETD=13737.5}.{EPS=142.531,ETD=13243.2}.{EPS=151.791,ETD=12750.6}dtd.{EPS=153.092,ETD=12252.9}t.{EPS=159.949,ETD=11754.9}tdtdd.{EPS=160.72,ETD=11113.9}.{EPS=174.703,ETD=10358.4}tddddtd.{EPS=166.223,ETD=10341.3}dtddddtd.{EPS=165.18,ETD=10644.5}dtddddtdd.{EPS=162.813,ETD=11124}dtddtddd.{EPS=146.242,ETD=11691.1}tddtddd.{EPS=130.924,ETD=12260.1}dtddddtddd.{EPS=112.032,ETD=12830.4}ddtddddtdd.{EPS=101.399,ETD=13407.4}ddtddt.{EPS=97.012,ETD=13983.8}dtd.{EPS=99.226,ETD=14699.5}dtdt.{EPS=96.1538,ETD=15528.7}td.{EPS=101.317,ETD=15620.4}td.{EPS=109.29,ETD=15644.3}tdtd.{EPS=116.442,ETD=15665.8}tddt.{EPS=123.062,ETD=15686.4}ddtd.{EPS=127.453,ETD=15706.5}t