Parsing and Instantiating...
Warning: rounding numeric constants such as 6.05865 to an accuracy of 0.001
Done
One way facts...
Mutex groups...
Semaphore Facts...
Envelope Facts...
One-shot actions...
(bs-dispense c-bs input wp1 base_black) is 1 shot
(bs-dispense c-bs output wp1 base_black) is 1 shot
(bs-dispense c-bs input wp1 base_red) is 1 shot
(bs-dispense c-bs output wp1 base_red) is 1 shot
(bs-dispense c-bs input wp1 base_silver) is 1 shot
(bs-dispense c-bs output wp1 base_silver) is 1 shot
(bs-dispense c-bs input wp1 base_black) is 1 shot
(bs-dispense c-bs output wp1 base_black) is 1 shot
(bs-dispense c-bs input wp1 base_red) is 1 shot
(bs-dispense c-bs output wp1 base_red) is 1 shot
(bs-dispense c-bs input wp1 base_silver) is 1 shot
(bs-dispense c-bs output wp1 base_silver) is 1 shot
(prepare-ds r-1 c-ds gate-1) is 1 shot
(prepare-ds r-2 c-ds gate-1) is 1 shot
(prepare-ds r-3 c-ds gate-1) is 1 shot
(prepare-ds r-1 c-ds gate-2) is 1 shot
(prepare-ds r-2 c-ds gate-2) is 1 shot
(prepare-ds r-3 c-ds gate-2) is 1 shot
(prepare-ds r-1 c-ds gate-3) is 1 shot
(prepare-ds r-2 c-ds gate-3) is 1 shot
(prepare-ds r-3 c-ds gate-3) is 1 shot
(wp-get-shelf r-1 cg1 c-cs1 left) is 1 shot
(wp-get-shelf r-2 cg1 c-cs1 left) is 1 shot
(wp-get-shelf r-3 cg1 c-cs1 left) is 1 shot
(wp-get-shelf r-1 cg2 c-cs1 middle) is 1 shot
(wp-get-shelf r-2 cg2 c-cs1 middle) is 1 shot
(wp-get-shelf r-3 cg2 c-cs1 middle) is 1 shot
(wp-get-shelf r-1 cg3 c-cs1 right) is 1 shot
(wp-get-shelf r-2 cg3 c-cs1 right) is 1 shot
(wp-get-shelf r-3 cg3 c-cs1 right) is 1 shot
(wp-get-shelf r-1 cb1 c-cs2 left) is 1 shot
(wp-get-shelf r-2 cb1 c-cs2 left) is 1 shot
(wp-get-shelf r-3 cb1 c-cs2 left) is 1 shot
(wp-get-shelf r-1 cb2 c-cs2 middle) is 1 shot
(wp-get-shelf r-2 cb2 c-cs2 middle) is 1 shot
(wp-get-shelf r-3 cb2 c-cs2 middle) is 1 shot
(wp-get-shelf r-1 cb3 c-cs2 right) is 1 shot
(wp-get-shelf r-2 cb3 c-cs2 right) is 1 shot
(wp-get-shelf r-3 cb3 c-cs2 right) is 1 shot
Integral variables...
Variable bounds...
Static numeric conditions...
Duration bounds...
TIL time window analysis...
Bounding action timestamps due to time windows...
(order-delivery-window-open o1) forms a window with range [0.000,150.000]
Bounds on (fulfill-order-c0-within-tw o1 wp1 c-ds gate-1 base_red cap_black) (duration [0.010,0.010]):
	0: [0.000,149.990]
	1: [0.000,149.990]
	2: [0.010,150.000]
(can-commit-for-ontime-delivery o1) forms a window with range [0.000,15.000]
Bounds on (commit-to-ontime-delivery o1) (duration [0.010,0.010]):
	0: [0.000,14.999]
	1: [0.000,14.999]
	2: [0.010,15.009]
Bounds on (do-not-commit-to-ontime-delivery o1) (duration [0.010,0.010]):
	0: [0.000,14.999]
	1: [0.000,14.999]
	2: [0.010,15.009]
Dominance constraints (excluding processes and events)...
Damaging events...
Dominance constraints (including processes and events)...
Variable monotonicity...
Max/min needed values for any single precondition...
Irrelevant action pruning by backward reachability from goal...
Uninterestingness criteria...
Compression-safe actions...
Compression-safe invariants...
64% of durative actions in this problem are compression safe
Goal Goal [1]
    (order-fulfilled o1)

Finishing preprocessing.  Making a TRPG heuristic...
Making an open list...
Running WA* search (g weight = 1, h weight = 5)
{(order-delivery-window-open o1),(can-commit-for-ontime-delivery o1),(location-free start input),(location-free c-bs input),(location-free c-bs output),(location-free c-cs1 input),(location-free c-cs1 output),(location-free c-cs2 input),(location-free c-cs2 output),(location-free c-ds input),(location-free c-ds output),(cs-can-perform c-cs1 cs_retrieve),(cs-can-perform c-cs2 cs_retrieve),(wp-base-color wp1 base_none),(wp-cap-color wp1 cap_none),(wp-ring1-color wp1 ring_none),(wp-ring2-color wp1 ring_none),(wp-ring3-color wp1 ring_none),(wp-unused wp1),(robot-waiting r-1),(robot-waiting r-2),(robot-waiting r-3),(mps-state c-bs idle),(mps-state c-cs1 idle),(mps-state c-cs2 idle),(mps-state c-ds idle),(wp-cap-color cg1 cap_grey),(wp-cap-color cg2 cap_grey),(wp-cap-color cg3 cap_grey),(wp-on-shelf cg1 c-cs1 left),(wp-on-shelf cg2 c-cs1 middle),(wp-on-shelf cg3 c-cs1 right),(wp-cap-color cb1 cap_black),(wp-cap-color cb2 cap_black),(wp-cap-color cb3 cap_black),(wp-on-shelf cb1 c-cs2 left),(wp-on-shelf cb2 c-cs2 middle),(wp-on-shelf cb3 c-cs2 right)}
[]
Initial heuristic = 28
Initial stats: t=0.02s, 8092kb
b (25 @ n=5, t=0.02s, 8092kb)b (24 @ n=23, t=0.03s, 8092kb)Warning: self overlapping Action 434:1 at 1
b (23 @ n=102, t=0.04s, 8284kb)xd.{EPS=961.538,ETD=20.1837}xxxxb (22 @ n=433, t=0.1s, 8836kb)b (21 @ n=473, t=0.11s, 8936kb).{EPS=1020.41,ETD=40.3333}db (20 @ n=601, t=0.14s, 9324kb)dd.{EPS=649.351,ETD=27.5705}dddd.{EPS=544.959,ETD=21.2613}dd.{EPS=503.018,ETD=17.7952}db (19 @ n=1883, t=0.58s, 18640kb)dd.{EPS=465.839,ETD=15.3913}dd.{EPS=441.362,ETD=14.149}dddb (17 @ n=2761, t=0.95s, 28196kb)b (16 @ n=2768, t=0.95s, 28300kb).{EPS=425.532,ETD=12.7469}dd.{EPS=414.365,ETD=12.0601}dddb (14 @ n=3310, t=1.22s, 36232kb).{EPS=411.184,ETD=14.2124}xdd.{EPS=398.089,ETD=13.646}d.{EPS=389.105,ETD=11.046}dx.{EPS=408.497,ETD=13.794}xdx.{EPS=431.779,ETD=16.16}xx.{EPS=457.457,ETD=19.162}dxx.{EPS=500.501,ETD=23.064}xx.{EPS=551.268,ETD=28.23}xxd.{EPS=612.745,ETD=33.278}xx.{EPS=694.444,ETD=39.564}xxx.{EPS=772.798,ETD=42.348}xdx.{EPS=822.368,ETD=48.002}xx.{EPS=846.024,ETD=51.294}xx.{EPS=871.08,ETD=55.492}xx.{EPS=894.454,ETD=59.616}xdx.{EPS=907.441,ETD=62.94}xx.{EPS=894.454,ETD=65.444}xx.{EPS=894.454,ETD=66.762}xxd.{EPS=888.099,ETD=68.78}xxx.{EPS=877.193,ETD=68.362}xx.{EPS=878.735,ETD=69.39}xx.{EPS=875.657,ETD=69.042}dxx.{EPS=874.126,ETD=69.058}xx.{EPS=871.08,ETD=68.64}xx.{EPS=865.052,ETD=69.05}xxd.{EPS=868.056,ETD=69.696}xx.{EPS=866.551,ETD=69.462}xx.{EPS=866.551,ETD=69.484}xx.{EPS=868.056,ETD=69.258}xdxx.{EPS=862.069,ETD=69.058}xx.{EPS=857.633,ETD=69.262}xx.{EPS=844.595,ETD=69.05}xdx.{EPS=844.595,ETD=69.496}xx.{EPS=834.725,ETD=69.464}xx.{EPS=830.565,ETD=69.494}xx.{EPS=822.368,ETD=68.858}xdx.{EPS=816.993,ETD=69.07}xx.{EPS=807.754,ETD=68.64}xxx.{EPS=801.282,ETD=68.66}xd.{EPS=798.722,ETD=69.696}xxx.{EPS=788.644,ETD=68.852}xx.{EPS=786.164,ETD=69.484}xx.{EPS=780.031,ETD=69.068}xdx.{EPS=772.798,ETD=69.058}xx.{EPS=766.871,ETD=68.64}xx.{EPS=756.43,ETD=69.05}xxd.{EPS=756.43,ETD=69.696}xx.{EPS=746.269,ETD=69.462}xx.{EPS=744.048,ETD=69.484}xxx.{EPS=736.377,ETD=69.258}dxx.{EPS=730.994,ETD=69.058}xx.{EPS=726.744,ETD=69.262}xx.{EPS=715.308,ETD=69.05}xxd.{EPS=715.308,ETD=69.496}xx.{EPS=707.214,ETD=69.464}xx.{EPS=704.225,ETD=69.494}xx.{EPS=698.324,ETD=68.858}xdx.{EPS=693.481,ETD=69.07}xxx.{EPS=683.995,ETD=68.64}xx.{EPS=679.348,ETD=68.66}xdx.{EPS=675.676,ETD=69.696}xx.{EPS=667.557,ETD=68.852}xx.{EPS=664.894,ETD=69.484}xx.{EPS=659.631,ETD=69.068}xdx.{EPS=651.89,ETD=69.058}xx.{EPS=645.161,ETD=68.64}xx.{EPS=636.943,ETD=69.05}xxd.{EPS=636.943,ETD=69.696}xxx.{EPS=628.931,ETD=69.462}xx.{EPS=625,ETD=69.484}xx.{EPS=619.579,ETD=69.258}dxx.{EPS=615.006,ETD=69.058}xx.{EPS=611.247,ETD=69.262}xx.{EPS=601.685,ETD=69.05}xxd.{EPS=602.41,ETD=69.496}xx.{EPS=595.948,ETD=69.464}xx.{EPS=589.623,ETD=69.494}xxx.{EPS=576.701,ETD=68.858}dxx.{EPS=564.334,ETD=69.07}xx.{EPS=550.055,ETD=68.64}xx.{EPS=542.299,ETD=68.66}xdx.{EPS=538.793,ETD=69.696}xx.{EPS=533.049,ETD=68.852}xx.{EPS=530.786,ETD=69.484}xx.{EPS=526.87,ETD=69.068}xdx.{EPS=521.376,ETD=69.058}xxx.{EPS=519.211,ETD=68.64}xx.{EPS=519.211,ETD=69.05}xdx.{EPS=525.21,ETD=69.696}xx.{EPS=525.762,ETD=69.462}xx.{EPS=526.316,ETD=69.484}xx.{EPS=522.466,ETD=69.258}xdx.{EPS=517.598,ETD=69.058}xx.{EPS=514.933,ETD=69.262}xx.{EPS=506.586,ETD=69.05}xxd.{EPS=506.586,ETD=88.536}xx.{EPS=496.524,ETD=126.33}xx.{EPS=491.642,ETD=126.512}xxdx.{EPS=479.846,ETD=126.098}xx.{EPS=477.099,ETD=126.53}xx.{EPS=469.925,ETD=136.662}xx.{EPS=464.253,ETD=136.39}dxx.{EPS=455.373,ETD=146.85}xd.{EPS=435.161,ETD=174.062}ddd.{EPS=405.844,ETD=168.302}dd.{EPS=384.025,ETD=145.79}dd.{EPS=369.004,ETD=102.424}ddd.{EPS=347.222,ETD=95.76}dd.{EPS=329.164,ETD=89.312}dd.{EPS=307.503,ETD=82.778}ddd.{EPS=288.517,ETD=66.488}dd.{EPS=267.38,ETD=59.974}xdd.{EPS=249.252,ETD=43.622}dd.{EPS=237.192,ETD=9.51}ddd.{EPS=228.415,ETD=9.16}dd.{EPS=215.889,ETD=6.044}dd.{EPS=205.677,ETD=5.29}dd.{EPS=197.006,ETD=5.586}ddx.{EPS=191.498,ETD=7.046}ddd.{EPS=186.916,ETD=12.352}dd.{EPS=183.621,ETD=17.872}dd.{EPS=183.016,ETD=17.898}ddd.{EPS=182.282,ETD=18.196}ddx.{EPS=179.856,ETD=18.086}dd.{EPS=180.505,ETD=25.9}dd.{EPS=183.284,ETD=38.472}ddd.{EPS=184.775,ETD=40.114}dd.{EPS=195.389,ETD=79.888}dddd.{EPS=210.438,ETD=652.158}dddd.{EPS=228.833,ETD=1304.22}ddd.{EPS=249.501,ETD=1963.45}ddd.{EPS=275.482,ETD=2636.56}ddddd.{EPS=304.136,ETD=3316.95}ddd.{EPS=347.947,ETD=4005.9}dddd.{EPS=398.089,ETD=4695.5}ddddxd.{EPS=457.875,ETD=5388}ddddd.{EPS=541.126,ETD=6099.07}ddxdddd.{EPS=580.046,ETD=6778.99}dddddd.{EPS=576.701,ETD=6931.88}dddddd.{EPS=598.802,ETD=7007.9}ddxd.{EPS=636.132,ETD=7086.21}~~~~~~~~~~~~~~~~~~~~~~~~~~~~~~~~~~~~~~~~~~~~~~~~~~~~~~~~~~~~~~~~~~~~~~~~~~~~~~~~~~~~~~~~~~~~~~~~~~~~~~~~~~~~~~~~~~~~~~~~~~~~~~~~~~~~~~~~~~~~~~~~~~~~~~~~~~~~~~~~~~~~~~~~~~~~~~~~~~~~~~~~~~~~~~~~~~~~~~~~~~~~~~~~~~~~~~~~~~~~~~~~~~~~~~~~~~~~~~~~~~~~~~~~~~~~~~~~~~~~~~~~~~~~~~~~~~~~~~~~~~~~~~~~~~~~~~~~~~~~~~~~~~~~~~~~~~~~~~~~~~~~~~~~~~~~~~~~~~~~~~~~~~~~~~~~~~~~~~~~~~~~~~~~~~~~~~~~~~~~~~~~~~~~~~~~~~~~~~~~~~~~~~~~~~~~~~~~~~~~~~~~~~~~~~~~~~~~~~~~~~~~~~~~~~~~~~~~~~~~~~~~~~~~~~~~~~~~~~~~~~~~~~~~~~~~~~~~~~~~~~~~~~~~~~~~~~~~~~~~~~~~~~~~~~~~~~~~~~~~~~~~~~~~~~~~~~~~~~~~~~~~~~~~~~~~~~~~~~~~~~~~~~~~~~~~~~~~~~~~~~~~~~~~~~~~~~~~~~~~~~~~~~~~~~~~~~~~~~~~~~~~~~~~~~~~~~~~~~~~~~~~~~~~~~~~~~~~~~~~~~~~~~~~~~~~~~~~~~~~~~~~~~~~~~~~~~~~~~~~~~~~~~~~~~~~~~~~~~~~~~~~~~~~~~~~~~~~~~~~~~~~~~~~~~~~~~~~~~~~~~~~~~~~~~~~~~~~~~~~~~~~~~~~~~~~~~~~~~~~~~~~~~~~~~~~~~~~~~~~~~~~~~~~~~~~~~~~~~~~~~~~~~~~~~~~~~~~~~~~~~~~~~~~~~~~~~~~~~~~~~~~~~~~~~~~~~~~~~~~~~~~~~~~~~~~~~~~~~~~~~~~~~~~~~~~~~~~~~~~~~~~~~~~~~~~~~~~~~~~~~~~~~~~~~~~~~~~~~~~~~~~~~~~~~~~~~~~~~~~~~~~~~~~~~~~~~~~~~~~~~~~~~~~~~~~~~~~~~~~~~~~~~~~~~~~~~~~~~~~~~~~~~~~~~~~~~~~~~~~~~~~~~~~~~~~~~~~~~~~~~~~~~~~~~~~~~~~~~~~~~~~~~~~~~~~~~~~~~~~~~~~~~~~~~~~~~~~~~~~~~~~~~~~~~~~~~~~~~~~~~~~~~~~~~~~~~~~~~~~~~~~~~~~~~~~~~~~~~~~~~~~~~~~~~~~~~~~~~~~~~~~~~~~~~~~~~~~~~~~~~~~~~~~~~~~~~~~~~~~~~~~~~~~~~~~~~~~~~~~~~~~~~~~~~~~~~~~~~~~~~~~~~~~~~~~~~~~~~~~~~~~~~~~~~~~~~~~~~~~~~~~~~~~~~~~~~~~~~~~~~~~~~~~~~~~~~~~~~~~~~~~~~~~~~~~~~~~~~~~~~~~~~~~~~~~~~~~~~~~~~~~~~~~~~~~~~~~~~~~~~~~~~~~~~~~~~~~~~~~~~~~~~~~~~~~~~~~~~~~~~~~~~~~~~~~~~~~~~~~~~~~~~~~~~~~~~~~~~~~~~~~~~~~~~~~~~~~~~~~~~~~~~~~~~~~~~~~~~~~~~~~~~~~~~~~~~~~~~~~~~~~~~~~~~~~~~~~~~~~~~~~~~~~~~~~~~~~~~~~~~~~~~~~~~~~~~~~~~~~~~~~~~~~~~~~~~~~~~~~~~~~~~~~~~~~~~~~~~~~~~~~~~~~~~~~~~~~~~~~~~~~~~~~~~~~~~~~~~~~~~~~~~~~~~~~~~~~~~~~~~~~~~~~~~~~~~~~~~~~~~~~~~~~~~~~~~~~~~~~~~~~~~~~~~~~~~~~~~~~~~~~~~~~~~~~~~~~~~~~~~~~~~~~~~~~~~~~~~~~~~~~~~~~~~~~~~~~~~~~~~~~~~~~~~~~~~~~~~~~~~~~~~~~~~~~~~~~~~~~~~~~~~~~~~~~~~~~~~~~~~~~~~~~~~~~~~~~~~~~~~~~~~~~~~~~~~~~~~~~~~~~~~~~~~~~~~~~~~~~~~~~~~~~~~~~~~~~~~~~~~~~~~~~~~~~~~~~~~~~~~~~~~~~~~~~~~~~~~~~~~~~~~~~~~~~~~~~~~~~~~~~~~~~~~~~~~~~~~~~~~~~~~~~~~~~~~~~~~~~~~~~~~~~~~~~~~~~~~~~~~~~~~~~~~~~~~~~~~~~~~~~~~~~~~~~~~~~~~~~~~~~~~~~~~~~~~~~~~~~~~~~~~~~~~~~~~~~~~~~~~~~~~~~~~~~~~~~~~~~~~~~~~~~~~~~~~~~~~~~~~~~~~~~~~~~~~~~~~~~~~~~~~~~~~~~~~~~~~~~~~~~~~~~~~~~~~~~~~~~~~~~~~~~~~~~~~~~~~~~~~~~~~~~~~~~~~~~~~~~~~~~~~~~~~~~~~~~~~~~~~~~~~~~~~~~~~~~~~~~~~~~~~~~~~~~~~~~~~~~~~~~~~~~~~~~~~~~~~~~~~~~~~~~~~~~~~~~~~~~~~~~~~~~~~~~~~~~~~~~~~~~~~~~~~~~~~~~~~~~~~~~~~~~~~~~~~~~~~~~~~~~~~~~~~~~~~~~~~~~~~~~~~~~~~~~~~~~~~~~~~~~~~~~~~~~~~~~~~~~~~~~~~~~~~~~~~~~~~~~~~~~~~~~~~~~~~~~~~~~~~~~~~~~~~~~~~~~~~~~~~~~~~~~~~~~~~~~~~~~~~~~~~~~~~~~~~~~~~~~~~~~~~~~~~~~~~~~~~~~~~~~~~~~~~~~~~~~~~~~~~~~~~~~~~~~~~~~~~~~~~~~~~~~~~~~~~~~~~~~~~~~~~~~~~~~~~~~~~~~~~~~~~~~~~~~~~~~~~~~~~~~~~~~~~~~~~~~~~~~~~~~~~~~~~~~~~~~~~~~~~~~~~~~~~~~~~~~~~~~~~~~~~~~~~~~~~~~~~~~~~~~~~~~~~~~~~~~~~~~~~~~~~~~~~~~~~~~~~~~~~~~~~~~~~~~~~~~~~~~~~~~~~~~~~~~~~~~~~~~~~~~~~~~~~~~~~~~~~~~~~~~~~~~~~~~~~~~~~~~~~~~~~~~~~~~~~~~~~~~~~~~~~~~~~~~~~~~~~~~~~~~~~~~~~~~~~~~~~~~~~~~~~~~~~~~~~~~~~~~~~~~~~~~~~~~~~~~~~~~~~~~~~~~~~~~~~~~~~~~~~~~~~~~~~~~~~~~~~~~~~~~~~~~~~~~~~~~~~~~~~~~~~~~~~~~~~~~~~~~~~~~~~~~~~~~~~~~~~~~~~~~~~~~~~~~~~~~~~~~~~~~~~~~~~~~~~~~~~~~~~~~~~~~~~~~~~~~~~~~~~~~~~~~~~~~~~~~~~~~~~~~~~~~~~~~~~~~~~~~~~~~~~~~~~~~~~~~~~~~~~~~~~~~~~~~~~~~~~~~~~~~~~~~~~~~~~~~~~~~~~~~~~~~~~~~~~~~~~~~~~~~~~~~~~~~~~~~~~~~~~~~~~~~~~~~~~~~~~~~~~~~~~~~~~~~~~~~~~~~~~~~~~~~~~~~~~~~~~~~~~~~~~~~~~~~~~~~~~~~~~~~~~~~~~~~~~~~~~~~~~~~~~~~~~~~~~~~~~~~~~~~~~~~~~~~~~~~~~~~~~~~~~~~~~~~~~~~~~~~~~~~~~~~~~~~~~~~~~~~~~~~~~~~~~~~~~~~~~~~~~~~~~~~~~~~~~~~~~~~~~~~~~~~~~~~~~~~~~~~~~~~~~~~~~~~~~~~~~~~~~~~~~~~~~~~~~~~~~~~~~~~~~~~~~~~~~~~~~~~~~~~~~~~~~~~~~~~~~~~~~~~~~~~~~~~~~~~~~~~~~~~~~~~~~~~~~~~~~~~~~~~~~~~~~~~~~~~~~~~~~~~~~~~~~~~~~~~~~~~~~~~~~~~~~~~~~~~~~~~~~~~~~~~~~~~~~~~~~~~~~~~~~~~~
;;;; Problem Unsolvable
; Nodes Generated: 19898
; Nodes Expanded:  7504
; Nodes Evaluated: 19899
; Nodes Tunneled:  687
; Nodes memoised with open actions: 23389
; Nodes memoised without open actions: 14720
; Nodes pruned by memoisation: 18211
; Time 16.07
