Parsing and Instantiating...
Warning: rounding numeric constants such as 12.1446 to an accuracy of 0.001
Done
One way facts...
Mutex groups...
Semaphore Facts...
Envelope Facts...
One-shot actions...
(bs-dispense c-bs input wp1 base_black) is 1 shot
(bs-dispense c-bs output wp1 base_black) is 1 shot
(bs-dispense c-bs input wp1 base_red) is 1 shot
(bs-dispense c-bs output wp1 base_red) is 1 shot
(bs-dispense c-bs input wp1 base_silver) is 1 shot
(bs-dispense c-bs output wp1 base_silver) is 1 shot
(bs-dispense c-bs input wp1 base_black) is 1 shot
(bs-dispense c-bs output wp1 base_black) is 1 shot
(bs-dispense c-bs input wp1 base_red) is 1 shot
(bs-dispense c-bs output wp1 base_red) is 1 shot
(bs-dispense c-bs input wp1 base_silver) is 1 shot
(bs-dispense c-bs output wp1 base_silver) is 1 shot
(prepare-ds r-1 c-ds gate-1) is 1 shot
(prepare-ds r-1 c-ds gate-2) is 1 shot
(prepare-ds r-1 c-ds gate-3) is 1 shot
(wp-get-shelf r-1 cg1 c-cs1 left) is 1 shot
(wp-get-shelf r-1 cg2 c-cs1 middle) is 1 shot
(wp-get-shelf r-1 cg3 c-cs1 right) is 1 shot
(wp-get-shelf r-1 cb1 c-cs2 left) is 1 shot
(wp-get-shelf r-1 cb2 c-cs2 middle) is 1 shot
(wp-get-shelf r-1 cb3 c-cs2 right) is 1 shot
Integral variables...
Variable bounds...
Static numeric conditions...
Duration bounds...
TIL time window analysis...
Bounding action timestamps due to time windows...
(order-delivery-window-open o1) forms a window with range [0.000,148.901]
Bounds on (fulfill-order-c0-within-tw o1 wp1 c-ds gate-2 base_red cap_grey) (duration [0.010,0.010]):
	0: [0.000,148.891]
	1: [0.000,148.891]
	2: [0.010,148.901]
(can-commit-for-ontime-delivery o1) forms a window with range [0.000,6.830]
Bounds on (commit-to-ontime-delivery o1) (duration [0.010,0.010]):
	0: [0.000,6.829]
	1: [0.000,6.829]
	2: [0.010,6.839]
Bounds on (do-not-commit-to-ontime-delivery o1) (duration [0.010,0.010]):
	0: [0.000,6.829]
	1: [0.000,6.829]
	2: [0.010,6.839]
Dominance constraints (excluding processes and events)...
Damaging events...
Dominance constraints (including processes and events)...
Variable monotonicity...
Max/min needed values for any single precondition...
Irrelevant action pruning by backward reachability from goal...
Uninterestingness criteria...
Compression-safe actions...
Compression-safe invariants...
59% of durative actions in this problem are compression safe
Goal Goal [1]
    (order-fulfilled o1)

Finishing preprocessing.  Making a TRPG heuristic...
Making an open list...
Running WA* search (g weight = 1, h weight = 5)
{(order-delivery-window-open o1),(can-commit-for-ontime-delivery o1),(location-free start input),(location-free c-bs input),(location-free c-bs output),(location-free c-cs1 input),(location-free c-cs1 output),(location-free c-cs2 input),(location-free c-cs2 output),(location-free c-ds input),(location-free c-ds output),(cs-can-perform c-cs1 cs_retrieve),(cs-can-perform c-cs2 cs_retrieve),(wp-base-color wp1 base_none),(wp-cap-color wp1 cap_none),(wp-ring1-color wp1 ring_none),(wp-ring2-color wp1 ring_none),(wp-ring3-color wp1 ring_none),(wp-unused wp1),(robot-waiting r-1),(mps-state c-bs idle),(mps-state c-cs1 idle),(mps-state c-cs2 idle),(mps-state c-ds idle),(wp-cap-color cg1 cap_grey),(wp-cap-color cg2 cap_grey),(wp-cap-color cg3 cap_grey),(wp-on-shelf cg1 c-cs1 left),(wp-on-shelf cg2 c-cs1 middle),(wp-on-shelf cg3 c-cs1 right),(wp-cap-color cb1 cap_black),(wp-cap-color cb2 cap_black),(wp-cap-color cb3 cap_black),(wp-on-shelf cb1 c-cs2 left),(wp-on-shelf cb2 c-cs2 middle),(wp-on-shelf cb3 c-cs2 right)}
[]
Initial heuristic = 31
Initial stats: t=0.01s, 7180kb
b (29 @ n=3, t=0.01s, 7180kb)b (26 @ n=5, t=0.01s, 7180kb)b (25 @ n=31, t=0.02s, 7180kb)Warning: self overlapping Action 206:1 at 1
b (24 @ n=103, t=0.03s, 7328kb)xx.{EPS=1666.67,ETD=19.9592}db (23 @ n=266, t=0.05s, 7624kb)b (22 @ n=268, t=0.05s, 7624kb)b (20 @ n=300, t=0.05s, 7724kb)b (19 @ n=302, t=0.05s, 7724kb)x.{EPS=1694.92,ETD=38.4949}b (17 @ n=477, t=0.07s, 8084kb)b (16 @ n=484, t=0.08s, 8084kb)db (14 @ n=513, t=0.08s, 8160kb)xdx.{EPS=1744.19,ETD=27.4765}xxx.{EPS=1960.78,ETD=23.2362}xdd.{EPS=1879.7,ETD=22.1044}db (13 @ n=1034, t=0.17s, 10244kb)d.{EPS=1744.19,ETD=19.9097}b (11 @ n=1129, t=0.18s, 10828kb)dd.{EPS=1724.14,ETD=18.447}dd.{EPS=1724.14,ETD=18.3459}dd.{EPS=1771.65,ETD=17.7194}dd.{EPS=1766.78,ETD=17.4168}dd.{EPS=1773.05,ETD=16.4}dd.{EPS=1805.05,ETD=16.082}xdd.{EPS=1818.18,ETD=20.838}dd.{EPS=1754.39,ETD=21.032}dd.{EPS=1779.36,ETD=20.844}dd.{EPS=1872.66,ETD=21.584}dd.{EPS=1886.79,ETD=21.738}dd.{EPS=1923.08,ETD=24.918}dd.{EPS=1872.66,ETD=34.93}dd.{EPS=1805.05,ETD=46.76}ddd.{EPS=1766.78,ETD=47.01}dd.{EPS=1760.56,ETD=43.646}d.{EPS=1754.39,ETD=39.578}dd.{EPS=1724.14,ETD=39.916}dd.{EPS=1689.19,ETD=40.834}dd.{EPS=1718.21,ETD=43.978}ddd.{EPS=1706.48,ETD=48.252}dd.{EPS=1683.5,ETD=44.502}dd.{EPS=1700.68,ETD=34.848}dd.{EPS=1730.1,ETD=42.764}dd.{EPS=1712.33,ETD=42.422}dd.{EPS=1672.24,ETD=42.568}dd.{EPS=1650.17,ETD=42.716}dd.{EPS=1655.63,ETD=42.408}dd.{EPS=1655.63,ETD=41.188}dd.{EPS=1582.28,ETD=38.512}dd.{EPS=1628.66,ETD=42.732}xd.{EPS=1655.63,ETD=109.288}dd.{EPS=1552.8,ETD=114.616}dd.{EPS=1543.21,ETD=94.872}dd.{EPS=1592.36,ETD=141.546}dd.{EPS=1547.99,ETD=140.34}ddxd.{EPS=1501.5,ETD=142.982}d.{EPS=1497.01,ETD=144.086}dd.{EPS=1501.5,ETD=143.304}dd.{EPS=1479.29,ETD=143.952}dx.{EPS=1408.45,ETD=141.124}dd.{EPS=1355.01,ETD=135.898}dd.{EPS=1388.89,ETD=129.542}dd.{EPS=1366.12,ETD=132.676}dd.{EPS=1319.26,ETD=85.756}dd.{EPS=1326.26,ETD=89.686}dddb (10 @ n=8564, t=1.67s, 65640kb).{EPS=1302.08,ETD=90.688}b (9 @ n=8605, t=1.68s, 65988kb)b (8 @ n=8613, t=1.68s, 65988kb)b (7 @ n=8730, t=1.72s, 67136kb)db (6 @ n=8779, t=1.73s, 67520kb)b (5 @ n=8789, t=1.73s, 67652kb)d.{EPS=1204.82,ETD=88.778}db (3 @ n=8943, t=1.76s, 69356kb)b (2 @ n=8958, t=1.76s, 69488kb)b (1 @ n=8970, t=1.77s, 69620kb)Time diagnostics:
After step 0 search time left estimate was 0.010
After step 1 search time left estimate was 0.020
After step 2 search time left estimate was 0.030
After step 3 search time left estimate was 0.431
After step 4 search time left estimate was 0.349
After step 5 search time left estimate was 0.234
After step 6 search time left estimate was 0.196
After step 7 search time left estimate was 0.207
After step 8 search time left estimate was 0.215
After step 9 search time left estimate was 0.203
After step 10 search time left estimate was 0.202
After step 11 search time left estimate was 0.179
After step 12 search time left estimate was 0.170
After step 13 search time left estimate was 0.172
After step 14 search time left estimate was 1.231
After step 15 search time left estimate was 1.162
After step 16 search time left estimate was 1.094
After step 17 search time left estimate was 1.025
After step 18 search time left estimate was 0.820
After step 19 search time left estimate was 0.835
After step 20 search time left estimate was 0.765
After step 21 search time left estimate was 0.696
After step 22 search time left estimate was 0.626
After step 23 search time left estimate was 0.556
After step 24 search time left estimate was 0.626
After step 25 search time left estimate was 0.626
After step 26 search time left estimate was 0.591
After step 27 search time left estimate was 0.517
After step 28 search time left estimate was 0.517
After step 29 search time left estimate was 0.443
After step 30 search time left estimate was 0.369
After step 31 search time left estimate was 0.221
After step 32 search time left estimate was 0.147
After step 33 search time left estimate was 0.073
After step 34 search time left estimate was 0.073

;;;; Solution Found
; Time 1.77
; Peak memory 69752kb
; Nodes Generated: 8981
; Nodes Expanded:  2728
; Nodes Evaluated: 8980
; Nodes Tunneled:  0
; Nodes memoised with open actions: 4994
; Nodes memoised without open actions: 8992
; Nodes pruned by memoisation: 5005
1.773: (prepare-bs c-bs output base_red) [0.001] ; (3)
1.773: (enter-field r-1 cyan) [10.000] ; (140)
1.773: (commit-to-ontime-delivery o1) [0.010] ; (206)
1.774: (bs-dispense c-bs output wp1 base_red) [0.001] ; (16)
11.774: (move-wp-put-at-input r-1 start input c-ds) [6.964] ; (118)
18.739: (move-wp-put-at-input r-1 c-ds input c-cs1) [5.713] ; (105)
24.453: (wp-get-shelf r-1 cg1 c-cs1 left) [20.000] ; (147)
24.454: (move-wp-put-at-input r-1 c-cs1 input c-cs2) [7.704] ; (110)
32.159: (prepare-cs r-1 c-cs2 cs_retrieve) [0.001] ; (12)
44.454: (wp-put r-1 cg1 c-cs2) [10.000] ; (193)
44.455: (move-wp-put-at-input r-1 c-cs2 input c-ds) [5.729] ; (117)
54.455: (cs-retrieve-cap c-cs2 cg1 cap_grey) [0.010] ; (80)
54.466: (move-wp-get r-1 c-ds input c-cs2 output) [6.903] ; (138)
61.370: (wp-get r-1 cg1 c-cs2 output) [10.000] ; (179)
61.371: (move-wp-put-at-input r-1 c-cs2 output c-ds) [6.903] ; (121)
71.371: (wp-discard r-1 cg1) [0.001] ; (144)
71.372: (move-wp-get r-1 c-ds input c-bs output) [6.809] ; (130)
78.182: (wp-get r-1 wp1 c-bs output) [10.000] ; (168)
78.183: (move-wp-put-at-input r-1 c-bs output c-cs2) [3.748] ; (113)
81.932: (prepare-cs r-1 c-cs2 cs_mount) [0.001] ; (10)
88.183: (wp-put r-1 wp1 c-cs2) [10.000] ; (196)
88.184: (move-wp-put-at-input r-1 c-cs2 input c-ds) [5.729] ; (117)
98.184: (cs-mount-cap c-cs2 wp1 cap_grey) [0.010] ; (46)
98.195: (move-wp-get r-1 c-ds input c-cs2 output) [6.903] ; (138)
105.099: (wp-get r-1 wp1 c-cs2 output) [10.000] ; (182)
105.100: (move-wp-put-at-input r-1 c-cs2 output c-ds) [6.903] ; (121)
112.004: (prepare-ds r-1 c-ds gate-2) [0.001] ; (7)
115.100: (wp-put r-1 wp1 c-ds) [10.000] ; (203)
125.101: (fulfill-order-c0-within-tw o1 wp1 c-ds gate-2 base_red cap_grey) [0.010] ; (204)
