Warnings encountered when parsing Domain/Problem File
-----------------------------------------------------

The supplied domain/problem file appear to violate part of the PDDL
language specification.  Specifically:

Errors: 0, warnings: 197
pddl-instances/ipc-2004/domains/airport-temporal-time-windows-strips/domains/domain-18.pddl: line: 2656: Warning: Undeclared requirement :number-fluents 
pddl-instances/ipc-2004/domains/airport-temporal-time-windows-strips/domains/domain-18.pddl: line: 2656: Warning: Undeclared requirement :number-fluents 
pddl-instances/ipc-2004/domains/airport-temporal-time-windows-strips/domains/domain-18.pddl: line: 2676: Warning: Undeclared requirement :number-fluents 
pddl-instances/ipc-2004/domains/airport-temporal-time-windows-strips/domains/domain-18.pddl: line: 2676: Warning: Undeclared requirement :number-fluents 
pddl-instances/ipc-2004/domains/airport-temporal-time-windows-strips/domains/domain-18.pddl: line: 2693: Warning: Undeclared requirement :number-fluents 
pddl-instances/ipc-2004/domains/airport-temporal-time-windows-strips/domains/domain-18.pddl: line: 2693: Warning: Undeclared requirement :number-fluents 
pddl-instances/ipc-2004/domains/airport-temporal-time-windows-strips/domains/domain-18.pddl: line: 2713: Warning: Undeclared requirement :number-fluents 
pddl-instances/ipc-2004/domains/airport-temporal-time-windows-strips/domains/domain-18.pddl: line: 2713: Warning: Undeclared requirement :number-fluents 
pddl-instances/ipc-2004/domains/airport-temporal-time-windows-strips/domains/domain-18.pddl: line: 2730: Warning: Undeclared requirement :number-fluents 
pddl-instances/ipc-2004/domains/airport-temporal-time-windows-strips/domains/domain-18.pddl: line: 2730: Warning: Undeclared requirement :number-fluents 
pddl-instances/ipc-2004/domains/airport-temporal-time-windows-strips/domains/domain-18.pddl: line: 2747: Warning: Undeclared requirement :number-fluents 
pddl-instances/ipc-2004/domains/airport-temporal-time-windows-strips/domains/domain-18.pddl: line: 2747: Warning: Undeclared requirement :number-fluents 
pddl-instances/ipc-2004/domains/airport-temporal-time-windows-strips/domains/domain-18.pddl: line: 2764: Warning: Undeclared requirement :number-fluents 
pddl-instances/ipc-2004/domains/airport-temporal-time-windows-strips/domains/domain-18.pddl: line: 2764: Warning: Undeclared requirement :number-fluents 
pddl-instances/ipc-2004/domains/airport-temporal-time-windows-strips/domains/domain-18.pddl: line: 2781: Warning: Undeclared requirement :number-fluents 
pddl-instances/ipc-2004/domains/airport-temporal-time-windows-strips/domains/domain-18.pddl: line: 2781: Warning: Undeclared requirement :number-fluents 
pddl-instances/ipc-2004/domains/airport-temporal-time-windows-strips/domains/domain-18.pddl: line: 2798: Warning: Undeclared requirement :number-fluents 
pddl-instances/ipc-2004/domains/airport-temporal-time-windows-strips/domains/domain-18.pddl: line: 2798: Warning: Undeclared requirement :number-fluents 
pddl-instances/ipc-2004/domains/airport-temporal-time-windows-strips/domains/domain-18.pddl: line: 2815: Warning: Undeclared requirement :number-fluents 
pddl-instances/ipc-2004/domains/airport-temporal-time-windows-strips/domains/domain-18.pddl: line: 2815: Warning: Undeclared requirement :number-fluents 
pddl-instances/ipc-2004/domains/airport-temporal-time-windows-strips/domains/domain-18.pddl: line: 2832: Warning: Undeclared requirement :number-fluents 
pddl-instances/ipc-2004/domains/airport-temporal-time-windows-strips/domains/domain-18.pddl: line: 2832: Warning: Undeclared requirement :number-fluents 
pddl-instances/ipc-2004/domains/airport-temporal-time-windows-strips/domains/domain-18.pddl: line: 2849: Warning: Undeclared requirement :number-fluents 
pddl-instances/ipc-2004/domains/airport-temporal-time-windows-strips/domains/domain-18.pddl: line: 2849: Warning: Undeclared requirement :number-fluents 
pddl-instances/ipc-2004/domains/airport-temporal-time-windows-strips/domains/domain-18.pddl: line: 2866: Warning: Undeclared requirement :number-fluents 
pddl-instances/ipc-2004/domains/airport-temporal-time-windows-strips/domains/domain-18.pddl: line: 2866: Warning: Undeclared requirement :number-fluents 
pddl-instances/ipc-2004/domains/airport-temporal-time-windows-strips/domains/domain-18.pddl: line: 2886: Warning: Undeclared requirement :number-fluents 
pddl-instances/ipc-2004/domains/airport-temporal-time-windows-strips/domains/domain-18.pddl: line: 2886: Warning: Undeclared requirement :number-fluents 
pddl-instances/ipc-2004/domains/airport-temporal-time-windows-strips/domains/domain-18.pddl: line: 2903: Warning: Undeclared requirement :number-fluents 
pddl-instances/ipc-2004/domains/airport-temporal-time-windows-strips/domains/domain-18.pddl: line: 2903: Warning: Undeclared requirement :number-fluents 
pddl-instances/ipc-2004/domains/airport-temporal-time-windows-strips/domains/domain-18.pddl: line: 2920: Warning: Undeclared requirement :number-fluents 
pddl-instances/ipc-2004/domains/airport-temporal-time-windows-strips/domains/domain-18.pddl: line: 2920: Warning: Undeclared requirement :number-fluents 
pddl-instances/ipc-2004/domains/airport-temporal-time-windows-strips/domains/domain-18.pddl: line: 2940: Warning: Undeclared requirement :number-fluents 
pddl-instances/ipc-2004/domains/airport-temporal-time-windows-strips/domains/domain-18.pddl: line: 2940: Warning: Undeclared requirement :number-fluents 
pddl-instances/ipc-2004/domains/airport-temporal-time-windows-strips/domains/domain-18.pddl: line: 2957: Warning: Undeclared requirement :number-fluents 
pddl-instances/ipc-2004/domains/airport-temporal-time-windows-strips/domains/domain-18.pddl: line: 2957: Warning: Undeclared requirement :number-fluents 
pddl-instances/ipc-2004/domains/airport-temporal-time-windows-strips/domains/domain-18.pddl: line: 2977: Warning: Undeclared requirement :number-fluents 
pddl-instances/ipc-2004/domains/airport-temporal-time-windows-strips/domains/domain-18.pddl: line: 2977: Warning: Undeclared requirement :number-fluents 
pddl-instances/ipc-2004/domains/airport-temporal-time-windows-strips/domains/domain-18.pddl: line: 2994: Warning: Undeclared requirement :number-fluents 
pddl-instances/ipc-2004/domains/airport-temporal-time-windows-strips/domains/domain-18.pddl: line: 2994: Warning: Undeclared requirement :number-fluents 
pddl-instances/ipc-2004/domains/airport-temporal-time-windows-strips/domains/domain-18.pddl: line: 3011: Warning: Undeclared requirement :number-fluents 
pddl-instances/ipc-2004/domains/airport-temporal-time-windows-strips/domains/domain-18.pddl: line: 3011: Warning: Undeclared requirement :number-fluents 
pddl-instances/ipc-2004/domains/airport-temporal-time-windows-strips/domains/domain-18.pddl: line: 3028: Warning: Undeclared requirement :number-fluents 
pddl-instances/ipc-2004/domains/airport-temporal-time-windows-strips/domains/domain-18.pddl: line: 3028: Warning: Undeclared requirement :number-fluents 
pddl-instances/ipc-2004/domains/airport-temporal-time-windows-strips/domains/domain-18.pddl: line: 3045: Warning: Undeclared requirement :number-fluents 
pddl-instances/ipc-2004/domains/airport-temporal-time-windows-strips/domains/domain-18.pddl: line: 3045: Warning: Undeclared requirement :number-fluents 
pddl-instances/ipc-2004/domains/airport-temporal-time-windows-strips/domains/domain-18.pddl: line: 3062: Warning: Undeclared requirement :number-fluents 
pddl-instances/ipc-2004/domains/airport-temporal-time-windows-strips/domains/domain-18.pddl: line: 3062: Warning: Undeclared requirement :number-fluents 
pddl-instances/ipc-2004/domains/airport-temporal-time-windows-strips/domains/domain-18.pddl: line: 3079: Warning: Undeclared requirement :number-fluents 
pddl-instances/ipc-2004/domains/airport-temporal-time-windows-strips/domains/domain-18.pddl: line: 3079: Warning: Undeclared requirement :number-fluents 
pddl-instances/ipc-2004/domains/airport-temporal-time-windows-strips/domains/domain-18.pddl: line: 3096: Warning: Undeclared requirement :number-fluents 
pddl-instances/ipc-2004/domains/airport-temporal-time-windows-strips/domains/domain-18.pddl: line: 3096: Warning: Undeclared requirement :number-fluents 
pddl-instances/ipc-2004/domains/airport-temporal-time-windows-strips/domains/domain-18.pddl: line: 3113: Warning: Undeclared requirement :number-fluents 
pddl-instances/ipc-2004/domains/airport-temporal-time-windows-strips/domains/domain-18.pddl: line: 3113: Warning: Undeclared requirement :number-fluents 
pddl-instances/ipc-2004/domains/airport-temporal-time-windows-strips/domains/domain-18.pddl: line: 3130: Warning: Undeclared requirement :number-fluents 
pddl-instances/ipc-2004/domains/airport-temporal-time-windows-strips/domains/domain-18.pddl: line: 3130: Warning: Undeclared requirement :number-fluents 
pddl-instances/ipc-2004/domains/airport-temporal-time-windows-strips/domains/domain-18.pddl: line: 3147: Warning: Undeclared requirement :number-fluents 
pddl-instances/ipc-2004/domains/airport-temporal-time-windows-strips/domains/domain-18.pddl: line: 3147: Warning: Undeclared requirement :number-fluents 
pddl-instances/ipc-2004/domains/airport-temporal-time-windows-strips/domains/domain-18.pddl: line: 3170: Warning: Undeclared requirement :number-fluents 
pddl-instances/ipc-2004/domains/airport-temporal-time-windows-strips/domains/domain-18.pddl: line: 3170: Warning: Undeclared requirement :number-fluents 
pddl-instances/ipc-2004/domains/airport-temporal-time-windows-strips/domains/domain-18.pddl: line: 3187: Warning: Undeclared requirement :number-fluents 
pddl-instances/ipc-2004/domains/airport-temporal-time-windows-strips/domains/domain-18.pddl: line: 3187: Warning: Undeclared requirement :number-fluents 
pddl-instances/ipc-2004/domains/airport-temporal-time-windows-strips/domains/domain-18.pddl: line: 3204: Warning: Undeclared requirement :number-fluents 
pddl-instances/ipc-2004/domains/airport-temporal-time-windows-strips/domains/domain-18.pddl: line: 3204: Warning: Undeclared requirement :number-fluents 
pddl-instances/ipc-2004/domains/airport-temporal-time-windows-strips/domains/domain-18.pddl: line: 3227: Warning: Undeclared requirement :number-fluents 
pddl-instances/ipc-2004/domains/airport-temporal-time-windows-strips/domains/domain-18.pddl: line: 3227: Warning: Undeclared requirement :number-fluents 
pddl-instances/ipc-2004/domains/airport-temporal-time-windows-strips/domains/domain-18.pddl: line: 3244: Warning: Undeclared requirement :number-fluents 
pddl-instances/ipc-2004/domains/airport-temporal-time-windows-strips/domains/domain-18.pddl: line: 3244: Warning: Undeclared requirement :number-fluents 
pddl-instances/ipc-2004/domains/airport-temporal-time-windows-strips/domains/domain-18.pddl: line: 3267: Warning: Undeclared requirement :number-fluents 
pddl-instances/ipc-2004/domains/airport-temporal-time-windows-strips/domains/domain-18.pddl: line: 3267: Warning: Undeclared requirement :number-fluents 
pddl-instances/ipc-2004/domains/airport-temporal-time-windows-strips/domains/domain-18.pddl: line: 3284: Warning: Undeclared requirement :number-fluents 
pddl-instances/ipc-2004/domains/airport-temporal-time-windows-strips/domains/domain-18.pddl: line: 3284: Warning: Undeclared requirement :number-fluents 
pddl-instances/ipc-2004/domains/airport-temporal-time-windows-strips/domains/domain-18.pddl: line: 3307: Warning: Undeclared requirement :number-fluents 
pddl-instances/ipc-2004/domains/airport-temporal-time-windows-strips/domains/domain-18.pddl: line: 3307: Warning: Undeclared requirement :number-fluents 
pddl-instances/ipc-2004/domains/airport-temporal-time-windows-strips/domains/domain-18.pddl: line: 3330: Warning: Undeclared requirement :number-fluents 
pddl-instances/ipc-2004/domains/airport-temporal-time-windows-strips/domains/domain-18.pddl: line: 3330: Warning: Undeclared requirement :number-fluents 
pddl-instances/ipc-2004/domains/airport-temporal-time-windows-strips/domains/domain-18.pddl: line: 3347: Warning: Undeclared requirement :number-fluents 
pddl-instances/ipc-2004/domains/airport-temporal-time-windows-strips/domains/domain-18.pddl: line: 3347: Warning: Undeclared requirement :number-fluents 
pddl-instances/ipc-2004/domains/airport-temporal-time-windows-strips/domains/domain-18.pddl: line: 3364: Warning: Undeclared requirement :number-fluents 
pddl-instances/ipc-2004/domains/airport-temporal-time-windows-strips/domains/domain-18.pddl: line: 3364: Warning: Undeclared requirement :number-fluents 
pddl-instances/ipc-2004/domains/airport-temporal-time-windows-strips/domains/domain-18.pddl: line: 3387: Warning: Undeclared requirement :number-fluents 
pddl-instances/ipc-2004/domains/airport-temporal-time-windows-strips/domains/domain-18.pddl: line: 3387: Warning: Undeclared requirement :number-fluents 
pddl-instances/ipc-2004/domains/airport-temporal-time-windows-strips/domains/domain-18.pddl: line: 3404: Warning: Undeclared requirement :number-fluents 
pddl-instances/ipc-2004/domains/airport-temporal-time-windows-strips/domains/domain-18.pddl: line: 3404: Warning: Undeclared requirement :number-fluents 
pddl-instances/ipc-2004/domains/airport-temporal-time-windows-strips/domains/domain-18.pddl: line: 3427: Warning: Undeclared requirement :number-fluents 
pddl-instances/ipc-2004/domains/airport-temporal-time-windows-strips/domains/domain-18.pddl: line: 3427: Warning: Undeclared requirement :number-fluents 
pddl-instances/ipc-2004/domains/airport-temporal-time-windows-strips/domains/domain-18.pddl: line: 3444: Warning: Undeclared requirement :number-fluents 
pddl-instances/ipc-2004/domains/airport-temporal-time-windows-strips/domains/domain-18.pddl: line: 3444: Warning: Undeclared requirement :number-fluents 
pddl-instances/ipc-2004/domains/airport-temporal-time-windows-strips/domains/domain-18.pddl: line: 3467: Warning: Undeclared requirement :number-fluents 
pddl-instances/ipc-2004/domains/airport-temporal-time-windows-strips/domains/domain-18.pddl: line: 3467: Warning: Undeclared requirement :number-fluents 
pddl-instances/ipc-2004/domains/airport-temporal-time-windows-strips/domains/domain-18.pddl: line: 3481: Warning: Undeclared requirement :number-fluents 
pddl-instances/ipc-2004/domains/airport-temporal-time-windows-strips/domains/domain-18.pddl: line: 3481: Warning: Undeclared requirement :number-fluents 
pddl-instances/ipc-2004/domains/airport-temporal-time-windows-strips/domains/domain-18.pddl: line: 3522: Warning: Undeclared requirement :number-fluents 
pddl-instances/ipc-2004/domains/airport-temporal-time-windows-strips/domains/domain-18.pddl: line: 3522: Warning: Undeclared requirement :number-fluents 
pddl-instances/ipc-2004/domains/airport-temporal-time-windows-strips/domains/domain-18.pddl: line: 3536: Warning: Undeclared requirement :number-fluents 
pddl-instances/ipc-2004/domains/airport-temporal-time-windows-strips/domains/domain-18.pddl: line: 3536: Warning: Undeclared requirement :number-fluents 
pddl-instances/ipc-2004/domains/airport-temporal-time-windows-strips/domains/domain-18.pddl: line: 3577: Warning: Undeclared requirement :number-fluents 
pddl-instances/ipc-2004/domains/airport-temporal-time-windows-strips/domains/domain-18.pddl: line: 3577: Warning: Undeclared requirement :number-fluents 
pddl-instances/ipc-2004/domains/airport-temporal-time-windows-strips/domains/domain-18.pddl: line: 3591: Warning: Undeclared requirement :number-fluents 
pddl-instances/ipc-2004/domains/airport-temporal-time-windows-strips/domains/domain-18.pddl: line: 3591: Warning: Undeclared requirement :number-fluents 
pddl-instances/ipc-2004/domains/airport-temporal-time-windows-strips/domains/domain-18.pddl: line: 3632: Warning: Undeclared requirement :number-fluents 
pddl-instances/ipc-2004/domains/airport-temporal-time-windows-strips/domains/domain-18.pddl: line: 3632: Warning: Undeclared requirement :number-fluents 
pddl-instances/ipc-2004/domains/airport-temporal-time-windows-strips/domains/domain-18.pddl: line: 3646: Warning: Undeclared requirement :number-fluents 
pddl-instances/ipc-2004/domains/airport-temporal-time-windows-strips/domains/domain-18.pddl: line: 3646: Warning: Undeclared requirement :number-fluents 
pddl-instances/ipc-2004/domains/airport-temporal-time-windows-strips/domains/domain-18.pddl: line: 3687: Warning: Undeclared requirement :number-fluents 
pddl-instances/ipc-2004/domains/airport-temporal-time-windows-strips/domains/domain-18.pddl: line: 3687: Warning: Undeclared requirement :number-fluents 
pddl-instances/ipc-2004/domains/airport-temporal-time-windows-strips/domains/domain-18.pddl: line: 3701: Warning: Undeclared requirement :number-fluents 
pddl-instances/ipc-2004/domains/airport-temporal-time-windows-strips/domains/domain-18.pddl: line: 3701: Warning: Undeclared requirement :number-fluents 
pddl-instances/ipc-2004/domains/airport-temporal-time-windows-strips/domains/domain-18.pddl: line: 3718: Warning: Undeclared requirement :number-fluents 
pddl-instances/ipc-2004/domains/airport-temporal-time-windows-strips/domains/domain-18.pddl: line: 3718: Warning: Undeclared requirement :number-fluents 
pddl-instances/ipc-2004/domains/airport-temporal-time-windows-strips/domains/domain-18.pddl: line: 3735: Warning: Undeclared requirement :number-fluents 
pddl-instances/ipc-2004/domains/airport-temporal-time-windows-strips/domains/domain-18.pddl: line: 3735: Warning: Undeclared requirement :number-fluents 
pddl-instances/ipc-2004/domains/airport-temporal-time-windows-strips/domains/domain-18.pddl: line: 3752: Warning: Undeclared requirement :number-fluents 
pddl-instances/ipc-2004/domains/airport-temporal-time-windows-strips/domains/domain-18.pddl: line: 3752: Warning: Undeclared requirement :number-fluents 
pddl-instances/ipc-2004/domains/airport-temporal-time-windows-strips/domains/domain-18.pddl: line: 3769: Warning: Undeclared requirement :number-fluents 
pddl-instances/ipc-2004/domains/airport-temporal-time-windows-strips/domains/domain-18.pddl: line: 3769: Warning: Undeclared requirement :number-fluents 
pddl-instances/ipc-2004/domains/airport-temporal-time-windows-strips/domains/domain-18.pddl: line: 3786: Warning: Undeclared requirement :number-fluents 
pddl-instances/ipc-2004/domains/airport-temporal-time-windows-strips/domains/domain-18.pddl: line: 3786: Warning: Undeclared requirement :number-fluents 
pddl-instances/ipc-2004/domains/airport-temporal-time-windows-strips/domains/domain-18.pddl: line: 3803: Warning: Undeclared requirement :number-fluents 
pddl-instances/ipc-2004/domains/airport-temporal-time-windows-strips/domains/domain-18.pddl: line: 3803: Warning: Undeclared requirement :number-fluents 
pddl-instances/ipc-2004/domains/airport-temporal-time-windows-strips/domains/domain-18.pddl: line: 3820: Warning: Undeclared requirement :number-fluents 
pddl-instances/ipc-2004/domains/airport-temporal-time-windows-strips/domains/domain-18.pddl: line: 3820: Warning: Undeclared requirement :number-fluents 
pddl-instances/ipc-2004/domains/airport-temporal-time-windows-strips/domains/domain-18.pddl: line: 3837: Warning: Undeclared requirement :number-fluents 
pddl-instances/ipc-2004/domains/airport-temporal-time-windows-strips/domains/domain-18.pddl: line: 3837: Warning: Undeclared requirement :number-fluents 
pddl-instances/ipc-2004/domains/airport-temporal-time-windows-strips/domains/domain-18.pddl: line: 3854: Warning: Undeclared requirement :number-fluents 
pddl-instances/ipc-2004/domains/airport-temporal-time-windows-strips/domains/domain-18.pddl: line: 3854: Warning: Undeclared requirement :number-fluents 
pddl-instances/ipc-2004/domains/airport-temporal-time-windows-strips/domains/domain-18.pddl: line: 3871: Warning: Undeclared requirement :number-fluents 
pddl-instances/ipc-2004/domains/airport-temporal-time-windows-strips/domains/domain-18.pddl: line: 3871: Warning: Undeclared requirement :number-fluents 
pddl-instances/ipc-2004/domains/airport-temporal-time-windows-strips/domains/domain-18.pddl: line: 3888: Warning: Undeclared requirement :number-fluents 
pddl-instances/ipc-2004/domains/airport-temporal-time-windows-strips/domains/domain-18.pddl: line: 3888: Warning: Undeclared requirement :number-fluents 
pddl-instances/ipc-2004/domains/airport-temporal-time-windows-strips/domains/domain-18.pddl: line: 3905: Warning: Undeclared requirement :number-fluents 
pddl-instances/ipc-2004/domains/airport-temporal-time-windows-strips/domains/domain-18.pddl: line: 3905: Warning: Undeclared requirement :number-fluents 
pddl-instances/ipc-2004/domains/airport-temporal-time-windows-strips/domains/domain-18.pddl: line: 3922: Warning: Undeclared requirement :number-fluents 
pddl-instances/ipc-2004/domains/airport-temporal-time-windows-strips/domains/domain-18.pddl: line: 3922: Warning: Undeclared requirement :number-fluents 
pddl-instances/ipc-2004/domains/airport-temporal-time-windows-strips/domains/domain-18.pddl: line: 3939: Warning: Undeclared requirement :number-fluents 
pddl-instances/ipc-2004/domains/airport-temporal-time-windows-strips/domains/domain-18.pddl: line: 3939: Warning: Undeclared requirement :number-fluents 
pddl-instances/ipc-2004/domains/airport-temporal-time-windows-strips/domains/domain-18.pddl: line: 3956: Warning: Undeclared requirement :number-fluents 
pddl-instances/ipc-2004/domains/airport-temporal-time-windows-strips/domains/domain-18.pddl: line: 3956: Warning: Undeclared requirement :number-fluents 
pddl-instances/ipc-2004/domains/airport-temporal-time-windows-strips/domains/domain-18.pddl: line: 3973: Warning: Undeclared requirement :number-fluents 
pddl-instances/ipc-2004/domains/airport-temporal-time-windows-strips/domains/domain-18.pddl: line: 3973: Warning: Undeclared requirement :number-fluents 
pddl-instances/ipc-2004/domains/airport-temporal-time-windows-strips/domains/domain-18.pddl: line: 3990: Warning: Undeclared requirement :number-fluents 
pddl-instances/ipc-2004/domains/airport-temporal-time-windows-strips/domains/domain-18.pddl: line: 3990: Warning: Undeclared requirement :number-fluents 
pddl-instances/ipc-2004/domains/airport-temporal-time-windows-strips/domains/domain-18.pddl: line: 4007: Warning: Undeclared requirement :number-fluents 
pddl-instances/ipc-2004/domains/airport-temporal-time-windows-strips/domains/domain-18.pddl: line: 4007: Warning: Undeclared requirement :number-fluents 
pddl-instances/ipc-2004/domains/airport-temporal-time-windows-strips/domains/domain-18.pddl: line: 4024: Warning: Undeclared requirement :number-fluents 
pddl-instances/ipc-2004/domains/airport-temporal-time-windows-strips/domains/domain-18.pddl: line: 4024: Warning: Undeclared requirement :number-fluents 
pddl-instances/ipc-2004/domains/airport-temporal-time-windows-strips/domains/domain-18.pddl: line: 4041: Warning: Undeclared requirement :number-fluents 
pddl-instances/ipc-2004/domains/airport-temporal-time-windows-strips/domains/domain-18.pddl: line: 4041: Warning: Undeclared requirement :number-fluents 
pddl-instances/ipc-2004/domains/airport-temporal-time-windows-strips/instances/instance-18.pddl: line: 314: Warning: Undeclared requirement :number-fluents 
pddl-instances/ipc-2004/domains/airport-temporal-time-windows-strips/instances/instance-18.pddl: line: 315: Warning: Undeclared requirement :number-fluents 
pddl-instances/ipc-2004/domains/airport-temporal-time-windows-strips/instances/instance-18.pddl: line: 316: Warning: Undeclared requirement :number-fluents 
pddl-instances/ipc-2004/domains/airport-temporal-time-windows-strips/instances/instance-18.pddl: line: 317: Warning: Undeclared requirement :number-fluents 
pddl-instances/ipc-2004/domains/airport-temporal-time-windows-strips/instances/instance-18.pddl: line: 318: Warning: Undeclared requirement :number-fluents 
pddl-instances/ipc-2004/domains/airport-temporal-time-windows-strips/instances/instance-18.pddl: line: 319: Warning: Undeclared requirement :number-fluents 
pddl-instances/ipc-2004/domains/airport-temporal-time-windows-strips/instances/instance-18.pddl: line: 320: Warning: Undeclared requirement :number-fluents 
pddl-instances/ipc-2004/domains/airport-temporal-time-windows-strips/instances/instance-18.pddl: line: 321: Warning: Undeclared requirement :number-fluents 
pddl-instances/ipc-2004/domains/airport-temporal-time-windows-strips/instances/instance-18.pddl: line: 322: Warning: Undeclared requirement :number-fluents 
pddl-instances/ipc-2004/domains/airport-temporal-time-windows-strips/instances/instance-18.pddl: line: 323: Warning: Undeclared requirement :number-fluents 
pddl-instances/ipc-2004/domains/airport-temporal-time-windows-strips/instances/instance-18.pddl: line: 324: Warning: Undeclared requirement :number-fluents 
pddl-instances/ipc-2004/domains/airport-temporal-time-windows-strips/instances/instance-18.pddl: line: 325: Warning: Undeclared requirement :number-fluents 
pddl-instances/ipc-2004/domains/airport-temporal-time-windows-strips/instances/instance-18.pddl: line: 326: Warning: Undeclared requirement :number-fluents 
pddl-instances/ipc-2004/domains/airport-temporal-time-windows-strips/instances/instance-18.pddl: line: 327: Warning: Undeclared requirement :number-fluents 
pddl-instances/ipc-2004/domains/airport-temporal-time-windows-strips/instances/instance-18.pddl: line: 328: Warning: Undeclared requirement :number-fluents 
pddl-instances/ipc-2004/domains/airport-temporal-time-windows-strips/instances/instance-18.pddl: line: 329: Warning: Undeclared requirement :number-fluents 
pddl-instances/ipc-2004/domains/airport-temporal-time-windows-strips/instances/instance-18.pddl: line: 330: Warning: Undeclared requirement :number-fluents 
pddl-instances/ipc-2004/domains/airport-temporal-time-windows-strips/instances/instance-18.pddl: line: 331: Warning: Undeclared requirement :number-fluents 
pddl-instances/ipc-2004/domains/airport-temporal-time-windows-strips/instances/instance-18.pddl: line: 332: Warning: Undeclared requirement :number-fluents 
pddl-instances/ipc-2004/domains/airport-temporal-time-windows-strips/instances/instance-18.pddl: line: 333: Warning: Undeclared requirement :number-fluents 
pddl-instances/ipc-2004/domains/airport-temporal-time-windows-strips/instances/instance-18.pddl: line: 334: Warning: Undeclared requirement :number-fluents 
pddl-instances/ipc-2004/domains/airport-temporal-time-windows-strips/instances/instance-18.pddl: line: 335: Warning: Undeclared requirement :number-fluents 
pddl-instances/ipc-2004/domains/airport-temporal-time-windows-strips/instances/instance-18.pddl: line: 336: Warning: Undeclared requirement :number-fluents 
pddl-instances/ipc-2004/domains/airport-temporal-time-windows-strips/instances/instance-18.pddl: line: 337: Warning: Undeclared requirement :number-fluents 
pddl-instances/ipc-2004/domains/airport-temporal-time-windows-strips/instances/instance-18.pddl: line: 338: Warning: Undeclared requirement :number-fluents 
pddl-instances/ipc-2004/domains/airport-temporal-time-windows-strips/instances/instance-18.pddl: line: 339: Warning: Undeclared requirement :number-fluents 
pddl-instances/ipc-2004/domains/airport-temporal-time-windows-strips/instances/instance-18.pddl: line: 340: Warning: Undeclared requirement :number-fluents 
pddl-instances/ipc-2004/domains/airport-temporal-time-windows-strips/instances/instance-18.pddl: line: 341: Warning: Undeclared requirement :number-fluents 
pddl-instances/ipc-2004/domains/airport-temporal-time-windows-strips/instances/instance-18.pddl: line: 342: Warning: Undeclared requirement :number-fluents 
pddl-instances/ipc-2004/domains/airport-temporal-time-windows-strips/instances/instance-18.pddl: line: 343: Warning: Undeclared requirement :number-fluents 
pddl-instances/ipc-2004/domains/airport-temporal-time-windows-strips/instances/instance-18.pddl: line: 344: Warning: Undeclared requirement :number-fluents 
pddl-instances/ipc-2004/domains/airport-temporal-time-windows-strips/instances/instance-18.pddl: line: 345: Warning: Undeclared requirement :number-fluents 
pddl-instances/ipc-2004/domains/airport-temporal-time-windows-strips/instances/instance-18.pddl: line: 346: Warning: Undeclared requirement :number-fluents 
pddl-instances/ipc-2004/domains/airport-temporal-time-windows-strips/instances/instance-18.pddl: line: 347: Warning: Undeclared requirement :number-fluents 
pddl-instances/ipc-2004/domains/airport-temporal-time-windows-strips/instances/instance-18.pddl: line: 348: Warning: Undeclared requirement :number-fluents 
pddl-instances/ipc-2004/domains/airport-temporal-time-windows-strips/instances/instance-18.pddl: line: 349: Warning: Undeclared requirement :number-fluents 
pddl-instances/ipc-2004/domains/airport-temporal-time-windows-strips/instances/instance-18.pddl: line: 350: Warning: Undeclared requirement :number-fluents 
pddl-instances/ipc-2004/domains/airport-temporal-time-windows-strips/instances/instance-18.pddl: line: 351: Warning: Undeclared requirement :number-fluents 
pddl-instances/ipc-2004/domains/airport-temporal-time-windows-strips/instances/instance-18.pddl: line: 352: Warning: Undeclared requirement :number-fluents 
pddl-instances/ipc-2004/domains/airport-temporal-time-windows-strips/instances/instance-18.pddl: line: 353: Warning: Undeclared requirement :number-fluents 
pddl-instances/ipc-2004/domains/airport-temporal-time-windows-strips/instances/instance-18.pddl: line: 354: Warning: Undeclared requirement :number-fluents 
pddl-instances/ipc-2004/domains/airport-temporal-time-windows-strips/instances/instance-18.pddl: line: 355: Warning: Undeclared requirement :number-fluents 
pddl-instances/ipc-2004/domains/airport-temporal-time-windows-strips/instances/instance-18.pddl: line: 356: Warning: Undeclared requirement :number-fluents 
pddl-instances/ipc-2004/domains/airport-temporal-time-windows-strips/instances/instance-18.pddl: line: 357: Warning: Undeclared requirement :number-fluents 
pddl-instances/ipc-2004/domains/airport-temporal-time-windows-strips/instances/instance-18.pddl: line: 358: Warning: Undeclared requirement :number-fluents 
pddl-instances/ipc-2004/domains/airport-temporal-time-windows-strips/instances/instance-18.pddl: line: 359: Warning: Undeclared requirement :number-fluents 
pddl-instances/ipc-2004/domains/airport-temporal-time-windows-strips/instances/instance-18.pddl: line: 360: Warning: Undeclared requirement :number-fluents 
pddl-instances/ipc-2004/domains/airport-temporal-time-windows-strips/instances/instance-18.pddl: line: 361: Warning: Undeclared requirement :number-fluents 
pddl-instances/ipc-2004/domains/airport-temporal-time-windows-strips/instances/instance-18.pddl: line: 362: Warning: Undeclared requirement :number-fluents 

The planner will continue, but you may wish to fix your files accordingly
Parsing and Instantiating...
TIL[277.000] @ 0x1f14940 -> { TIL[247.000]}
TIL[429.000] @ 0x1f14e10 -> { TIL[277.000]}
TIL[459.000] @ 0x1f150e0 -> { TIL[429.000]}
TIL[757.000] @ 0x1f155b0 -> { TIL[459.000]}
TIL[787.000] @ 0x1f15880 -> { TIL[757.000]}
Done
One way facts...
Mutex groups...
Semaphore Facts...
Envelope Facts...
One-shot actions...
Integral variables...
Variable bounds...
Static numeric conditions...
Duration bounds...
TIL time window analysis...
Bounding action timestamps due to time windows...
(blocked seg_27thresh_0_100 dummy_landing_airplane) forms a window with range [247.000,787.000]
(not_blocked seg_27thresh_0_100 dummy_landing_airplane) forms a window with range [277.000,inf]
(blocked seg_27help_0_100 dummy_landing_airplane) forms a window with range [247.000,787.000]
(not_blocked seg_27help_0_100 dummy_landing_airplane) forms a window with range [277.000,inf]
(blocked seg_27_0_150 dummy_landing_airplane) forms a window with range [247.000,787.000]
(not_blocked seg_27_0_150 dummy_landing_airplane) forms a window with range [277.000,inf]
(blocked seg_rwy_0_1300 dummy_landing_airplane) forms a window with range [247.000,787.000]
(not_blocked seg_rwy_0_1300 dummy_landing_airplane) forms a window with range [277.000,inf]
(blocked seg_09_0_150 dummy_landing_airplane) forms a window with range [247.000,787.000]
(not_blocked seg_09_0_150 dummy_landing_airplane) forms a window with range [277.000,inf]
(blocked seg_09help_0_100 dummy_landing_airplane) forms a window with range [247.000,787.000]
(not_blocked seg_09help_0_100 dummy_landing_airplane) forms a window with range [277.000,inf]
(blocked seg_09thresh_0_100 dummy_landing_airplane) forms a window with range [247.000,787.000]
(not_blocked seg_09thresh_0_100 dummy_landing_airplane) forms a window with range [277.000,inf]
Dominance constraints (excluding processes and events)...
Damaging events...
Dominance constraints (including processes and events)...
Variable monotonicity...
Max/min needed values for any single precondition...
Irrelevant action pruning by backward reachability from goal...
Uninterestingness criteria...
Compression-safe actions...
Compression-safe invariants...
0% of durative actions in this problem are compression safe
Goal Goal [5]
    (is-parked airplane_holgi seg_b02_0_100)
    (airborne airplane_wurst seg_09_0_150)
    (airborne airplane_dfboy seg_09_0_150)
    (airborne airplane_daewh seg_09_0_150)
    (is-parked airplane_cfbeg seg_a01_0_100)

Finishing preprocessing.  Making a TRPG heuristic...
Making an open list...
Running WA* search (g weight = 1, h weight = 5)
{(at-segment airplane_cfbeg seg_n4_n5_1_0_85),(at-segment airplane_daewh seg_a02_0_100),(at-segment airplane_dfboy seg_b02_0_100),(at-segment airplane_wurst seg_a01_0_100),(at-segment airplane_holgi seg_rwy_0_1300),(blocked seg_n4_n5_1_0_85 airplane_cfbeg),(blocked seg_a02_0_100 airplane_daewh),(blocked seg_b02_0_100 airplane_dfboy),(blocked seg_a01_0_100 airplane_wurst),(blocked seg_rwy_0_1300 airplane_holgi),(blocked seg_n4_n5_2_0_86 airplane_cfbeg),(blocked seg_09_0_150 airplane_holgi),(facing airplane_cfbeg north),(facing airplane_daewh south),(facing airplane_dfboy south),(facing airplane_wurst south),(facing airplane_holgi south),(is-moving airplane_cfbeg),(is-moving airplane_holgi),(is-pushing airplane_daewh),(is-pushing airplane_dfboy),(is-pushing airplane_wurst),(not_blocked seg_09thresh_0_100 airplane_cfbeg),(not_blocked seg_09help_0_100 airplane_cfbeg),(not_blocked seg_09_0_150 airplane_cfbeg),(not_blocked seg_a_09_0_100 airplane_cfbeg),(not_blocked seg_rwy_0_1300 airplane_cfbeg),(not_blocked seg_27thresh_0_100 airplane_cfbeg),(not_blocked seg_27help_0_100 airplane_cfbeg),(not_blocked seg_27_0_150 airplane_cfbeg),(not_blocked seg_b_27_0_100 airplane_cfbeg),(not_blocked seg_n1_n2_0_100 airplane_cfbeg),(not_blocked seg_n1_a_0_100 airplane_cfbeg),(not_blocked seg_n2_n3_1_0_86 airplane_cfbeg),(not_blocked seg_n2_n3_0_85 airplane_cfbeg),(not_blocked seg_n3_n_0_100 airplane_cfbeg),(not_blocked seg_n_n4_0_100 airplane_cfbeg),(not_blocked seg_n_c_0_100 airplane_cfbeg),(not_blocked seg_n4_n5_0_86 airplane_cfbeg),(not_blocked seg_n5_n6_0_100 airplane_cfbeg),(not_blocked seg_n6_b_0_100 airplane_cfbeg),(not_blocked seg_c_c2_0_100 airplane_cfbeg),(not_blocked seg_c2_c3_0_100 airplane_cfbeg),(not_blocked seg_c3_c4_0_50 airplane_cfbeg),(not_blocked seg_c3_c_a01_0_100 airplane_cfbeg),(not_blocked seg_c3_c_b01_0_100 airplane_cfbeg),(not_blocked seg_c4_c5_0_50 airplane_cfbeg),(not_blocked seg_c5_c6_0_50 airplane_cfbeg),(not_blocked seg_c5_c_a02_0_100 airplane_cfbeg),(not_blocked seg_c5_c_b02_0_100 airplane_cfbeg),(not_blocked seg_c6_c7_0_100 airplane_cfbeg),(not_blocked seg_a01_0_100 airplane_cfbeg),(not_blocked seg_a02_0_100 airplane_cfbeg),(not_blocked seg_b01_0_100 airplane_cfbeg),(not_blocked seg_b02_0_100 airplane_cfbeg),(not_blocked seg_n2_n3_2_0_86 airplane_cfbeg),(not_blocked seg_n2_n3_3_0_86 airplane_cfbeg),(not_blocked seg_n2_n3_4_0_85 airplane_cfbeg),(not_blocked seg_n2_n3_5_0_86 airplane_cfbeg),(not_blocked seg_n2_n3_6_0_86 airplane_cfbeg),(not_blocked seg_n4_n5_3_0_86 airplane_cfbeg),(not_blocked seg_n4_n5_4_0_85 airplane_cfbeg),(not_blocked seg_n4_n5_5_0_86 airplane_cfbeg),(not_blocked seg_n4_n5_6_0_86 airplane_cfbeg),(not_blocked seg_09thresh_0_100 airplane_daewh),(not_blocked seg_09help_0_100 airplane_daewh),(not_blocked seg_09_0_150 airplane_daewh),(not_blocked seg_a_09_0_100 airplane_daewh),(not_blocked seg_rwy_0_1300 airplane_daewh),(not_blocked seg_27thresh_0_100 airplane_daewh),(not_blocked seg_27help_0_100 airplane_daewh),(not_blocked seg_27_0_150 airplane_daewh),(not_blocked seg_b_27_0_100 airplane_daewh),(not_blocked seg_n1_n2_0_100 airplane_daewh),(not_blocked seg_n1_a_0_100 airplane_daewh),(not_blocked seg_n2_n3_1_0_86 airplane_daewh),(not_blocked seg_n2_n3_0_85 airplane_daewh),(not_blocked seg_n3_n_0_100 airplane_daewh),(not_blocked seg_n_n4_0_100 airplane_daewh),(not_blocked seg_n_c_0_100 airplane_daewh),(not_blocked seg_n4_n5_1_0_85 airplane_daewh),(not_blocked seg_n4_n5_0_86 airplane_daewh),(not_blocked seg_n5_n6_0_100 airplane_daewh),(not_blocked seg_n6_b_0_100 airplane_daewh),(not_blocked seg_c_c2_0_100 airplane_daewh),(not_blocked seg_c2_c3_0_100 airplane_daewh),(not_blocked seg_c3_c4_0_50 airplane_daewh),(not_blocked seg_c3_c_a01_0_100 airplane_daewh),(not_blocked seg_c3_c_b01_0_100 airplane_daewh),(not_blocked seg_c4_c5_0_50 airplane_daewh),(not_blocked seg_c5_c6_0_50 airplane_daewh),(not_blocked seg_c5_c_a02_0_100 airplane_daewh),(not_blocked seg_c5_c_b02_0_100 airplane_daewh),(not_blocked seg_c6_c7_0_100 airplane_daewh),(not_blocked seg_a01_0_100 airplane_daewh),(not_blocked seg_b01_0_100 airplane_daewh),(not_blocked seg_b02_0_100 airplane_daewh),(not_blocked seg_n2_n3_2_0_86 airplane_daewh),(not_blocked seg_n2_n3_3_0_86 airplane_daewh),(not_blocked seg_n2_n3_4_0_85 airplane_daewh),(not_blocked seg_n2_n3_5_0_86 airplane_daewh),(not_blocked seg_n2_n3_6_0_86 airplane_daewh),(not_blocked seg_n4_n5_2_0_86 airplane_daewh),(not_blocked seg_n4_n5_3_0_86 airplane_daewh),(not_blocked seg_n4_n5_4_0_85 airplane_daewh),(not_blocked seg_n4_n5_5_0_86 airplane_daewh),(not_blocked seg_n4_n5_6_0_86 airplane_daewh),(not_blocked seg_09thresh_0_100 airplane_dfboy),(not_blocked seg_09help_0_100 airplane_dfboy),(not_blocked seg_09_0_150 airplane_dfboy),(not_blocked seg_a_09_0_100 airplane_dfboy),(not_blocked seg_rwy_0_1300 airplane_dfboy),(not_blocked seg_27thresh_0_100 airplane_dfboy),(not_blocked seg_27help_0_100 airplane_dfboy),(not_blocked seg_27_0_150 airplane_dfboy),(not_blocked seg_b_27_0_100 airplane_dfboy),(not_blocked seg_n1_n2_0_100 airplane_dfboy),(not_blocked seg_n1_a_0_100 airplane_dfboy),(not_blocked seg_n2_n3_1_0_86 airplane_dfboy),(not_blocked seg_n2_n3_0_85 airplane_dfboy),(not_blocked seg_n3_n_0_100 airplane_dfboy),(not_blocked seg_n_n4_0_100 airplane_dfboy),(not_blocked seg_n_c_0_100 airplane_dfboy),(not_blocked seg_n4_n5_1_0_85 airplane_dfboy),(not_blocked seg_n4_n5_0_86 airplane_dfboy),(not_blocked seg_n5_n6_0_100 airplane_dfboy),(not_blocked seg_n6_b_0_100 airplane_dfboy),(not_blocked seg_c_c2_0_100 airplane_dfboy),(not_blocked seg_c2_c3_0_100 airplane_dfboy),(not_blocked seg_c3_c4_0_50 airplane_dfboy),(not_blocked seg_c3_c_a01_0_100 airplane_dfboy),(not_blocked seg_c3_c_b01_0_100 airplane_dfboy),(not_blocked seg_c4_c5_0_50 airplane_dfboy),(not_blocked seg_c5_c6_0_50 airplane_dfboy),(not_blocked seg_c5_c_a02_0_100 airplane_dfboy),(not_blocked seg_c5_c_b02_0_100 airplane_dfboy),(not_blocked seg_c6_c7_0_100 airplane_dfboy),(not_blocked seg_a01_0_100 airplane_dfboy),(not_blocked seg_a02_0_100 airplane_dfboy),(not_blocked seg_b01_0_100 airplane_dfboy),(not_blocked seg_n2_n3_2_0_86 airplane_dfboy),(not_blocked seg_n2_n3_3_0_86 airplane_dfboy),(not_blocked seg_n2_n3_4_0_85 airplane_dfboy),(not_blocked seg_n2_n3_5_0_86 airplane_dfboy),(not_blocked seg_n2_n3_6_0_86 airplane_dfboy),(not_blocked seg_n4_n5_2_0_86 airplane_dfboy),(not_blocked seg_n4_n5_3_0_86 airplane_dfboy),(not_blocked seg_n4_n5_4_0_85 airplane_dfboy),(not_blocked seg_n4_n5_5_0_86 airplane_dfboy),(not_blocked seg_n4_n5_6_0_86 airplane_dfboy),(not_blocked seg_09thresh_0_100 airplane_wurst),(not_blocked seg_09help_0_100 airplane_wurst),(not_blocked seg_09_0_150 airplane_wurst),(not_blocked seg_a_09_0_100 airplane_wurst),(not_blocked seg_rwy_0_1300 airplane_wurst),(not_blocked seg_27thresh_0_100 airplane_wurst),(not_blocked seg_27help_0_100 airplane_wurst),(not_blocked seg_27_0_150 airplane_wurst),(not_blocked seg_b_27_0_100 airplane_wurst),(not_blocked seg_n1_n2_0_100 airplane_wurst),(not_blocked seg_n1_a_0_100 airplane_wurst),(not_blocked seg_n2_n3_1_0_86 airplane_wurst),(not_blocked seg_n2_n3_0_85 airplane_wurst),(not_blocked seg_n3_n_0_100 airplane_wurst),(not_blocked seg_n_n4_0_100 airplane_wurst),(not_blocked seg_n_c_0_100 airplane_wurst),(not_blocked seg_n4_n5_1_0_85 airplane_wurst),(not_blocked seg_n4_n5_0_86 airplane_wurst),(not_blocked seg_n5_n6_0_100 airplane_wurst),(not_blocked seg_n6_b_0_100 airplane_wurst),(not_blocked seg_c_c2_0_100 airplane_wurst),(not_blocked seg_c2_c3_0_100 airplane_wurst),(not_blocked seg_c3_c4_0_50 airplane_wurst),(not_blocked seg_c3_c_a01_0_100 airplane_wurst),(not_blocked seg_c3_c_b01_0_100 airplane_wurst),(not_blocked seg_c4_c5_0_50 airplane_wurst),(not_blocked seg_c5_c6_0_50 airplane_wurst),(not_blocked seg_c5_c_a02_0_100 airplane_wurst),(not_blocked seg_c5_c_b02_0_100 airplane_wurst),(not_blocked seg_c6_c7_0_100 airplane_wurst),(not_blocked seg_a02_0_100 airplane_wurst),(not_blocked seg_b01_0_100 airplane_wurst),(not_blocked seg_b02_0_100 airplane_wurst),(not_blocked seg_n2_n3_2_0_86 airplane_wurst),(not_blocked seg_n2_n3_3_0_86 airplane_wurst),(not_blocked seg_n2_n3_4_0_85 airplane_wurst),(not_blocked seg_n2_n3_5_0_86 airplane_wurst),(not_blocked seg_n2_n3_6_0_86 airplane_wurst),(not_blocked seg_n4_n5_2_0_86 airplane_wurst),(not_blocked seg_n4_n5_3_0_86 airplane_wurst),(not_blocked seg_n4_n5_4_0_85 airplane_wurst),(not_blocked seg_n4_n5_5_0_86 airplane_wurst),(not_blocked seg_n4_n5_6_0_86 airplane_wurst),(not_blocked seg_09thresh_0_100 airplane_holgi),(not_blocked seg_09help_0_100 airplane_holgi),(not_blocked seg_a_09_0_100 airplane_holgi),(not_blocked seg_27thresh_0_100 airplane_holgi),(not_blocked seg_27help_0_100 airplane_holgi),(not_blocked seg_27_0_150 airplane_holgi),(not_blocked seg_b_27_0_100 airplane_holgi),(not_blocked seg_n1_n2_0_100 airplane_holgi),(not_blocked seg_n1_a_0_100 airplane_holgi),(not_blocked seg_n2_n3_1_0_86 airplane_holgi),(not_blocked seg_n2_n3_0_85 airplane_holgi),(not_blocked seg_n3_n_0_100 airplane_holgi),(not_blocked seg_n_n4_0_100 airplane_holgi),(not_blocked seg_n_c_0_100 airplane_holgi),(not_blocked seg_n4_n5_1_0_85 airplane_holgi),(not_blocked seg_n4_n5_0_86 airplane_holgi),(not_blocked seg_n5_n6_0_100 airplane_holgi),(not_blocked seg_n6_b_0_100 airplane_holgi),(not_blocked seg_c_c2_0_100 airplane_holgi),(not_blocked seg_c2_c3_0_100 airplane_holgi),(not_blocked seg_c3_c4_0_50 airplane_holgi),(not_blocked seg_c3_c_a01_0_100 airplane_holgi),(not_blocked seg_c3_c_b01_0_100 airplane_holgi),(not_blocked seg_c4_c5_0_50 airplane_holgi),(not_blocked seg_c5_c6_0_50 airplane_holgi),(not_blocked seg_c5_c_a02_0_100 airplane_holgi),(not_blocked seg_c5_c_b02_0_100 airplane_holgi),(not_blocked seg_c6_c7_0_100 airplane_holgi),(not_blocked seg_a01_0_100 airplane_holgi),(not_blocked seg_a02_0_100 airplane_holgi),(not_blocked seg_b01_0_100 airplane_holgi),(not_blocked seg_b02_0_100 airplane_holgi),(not_blocked seg_n2_n3_2_0_86 airplane_holgi),(not_blocked seg_n2_n3_3_0_86 airplane_holgi),(not_blocked seg_n2_n3_4_0_85 airplane_holgi),(not_blocked seg_n2_n3_5_0_86 airplane_holgi),(not_blocked seg_n2_n3_6_0_86 airplane_holgi),(not_blocked seg_n4_n5_2_0_86 airplane_holgi),(not_blocked seg_n4_n5_3_0_86 airplane_holgi),(not_blocked seg_n4_n5_4_0_85 airplane_holgi),(not_blocked seg_n4_n5_5_0_86 airplane_holgi),(not_blocked seg_n4_n5_6_0_86 airplane_holgi),(not_occupied seg_09thresh_0_100),(not_occupied seg_09help_0_100),(not_occupied seg_09_0_150),(not_occupied seg_a_09_0_100),(not_occupied seg_27thresh_0_100),(not_occupied seg_27help_0_100),(not_occupied seg_27_0_150),(not_occupied seg_b_27_0_100),(not_occupied seg_n1_n2_0_100),(not_occupied seg_n1_a_0_100),(not_occupied seg_n2_n3_1_0_86),(not_occupied seg_n2_n3_0_85),(not_occupied seg_n3_n_0_100),(not_occupied seg_n_n4_0_100),(not_occupied seg_n_c_0_100),(not_occupied seg_n4_n5_0_86),(not_occupied seg_n5_n6_0_100),(not_occupied seg_n6_b_0_100),(not_occupied seg_c_c2_0_100),(not_occupied seg_c2_c3_0_100),(not_occupied seg_c3_c4_0_50),(not_occupied seg_c3_c_a01_0_100),(not_occupied seg_c3_c_b01_0_100),(not_occupied seg_c4_c5_0_50),(not_occupied seg_c5_c6_0_50),(not_occupied seg_c5_c_a02_0_100),(not_occupied seg_c5_c_b02_0_100),(not_occupied seg_c6_c7_0_100),(not_occupied seg_b01_0_100),(not_occupied seg_n2_n3_2_0_86),(not_occupied seg_n2_n3_3_0_86),(not_occupied seg_n2_n3_4_0_85),(not_occupied seg_n2_n3_5_0_86),(not_occupied seg_n2_n3_6_0_86),(not_occupied seg_n4_n5_2_0_86),(not_occupied seg_n4_n5_3_0_86),(not_occupied seg_n4_n5_4_0_85),(not_occupied seg_n4_n5_5_0_86),(not_occupied seg_n4_n5_6_0_86),(occupied seg_n4_n5_1_0_85),(occupied seg_a02_0_100),(occupied seg_b02_0_100),(occupied seg_a01_0_100),(occupied seg_rwy_0_1300)}
[]
Initial heuristic = 176
Initial stats: t=0.21s, 17136kb
b (175 @ n=2, t=0.21s, 17184kb)b (174 @ n=13, t=0.22s, 17348kb)Warning: self overlapping Action 449:1 at 1
xb (173 @ n=82, t=0.26s, 17480kb)xxx.{EPS=259.067,ETD=22.102}xxxdxb (172 @ n=395, t=0.47s, 18952kb)xxx.{EPS=277.778,ETD=43.0202}b (171 @ n=549, t=0.57s, 19976kb)b (170 @ n=560, t=0.58s, 19976kb)b (169 @ n=571, t=0.59s, 20124kb)b (168 @ n=582, t=0.59s, 20124kb)b (167 @ n=593, t=0.6s, 20328kb)b (166 @ n=604, t=0.61s, 20328kb)b (165 @ n=615, t=0.62s, 20500kb)b (164 @ n=626, t=0.63s, 20500kb)b (163 @ n=637, t=0.63s, 20724kb)b (162 @ n=648, t=0.64s, 20928kb)b (161 @ n=659, t=0.65s, 20996kb)b (160 @ n=670, t=0.66s, 20996kb)b (159 @ n=681, t=0.67s, 21276kb)b (158 @ n=692, t=0.67s, 21408kb)b (157 @ n=703, t=0.68s, 21572kb)b (156 @ n=713, t=0.69s, 21708kb)b (155 @ n=723, t=0.7s, 21864kb)b (154 @ n=734, t=0.7s, 22028kb)b (153 @ n=746, t=0.71s, 22176kb)b (152 @ n=756, t=0.72s, 22512kb)b (151 @ n=766, t=0.73s, 22712kb)b (150 @ n=776, t=0.74s, 22712kb)b (149 @ n=786, t=0.75s, 22936kb)b (148 @ n=796, t=0.76s, 23268kb)b (147 @ n=805, t=0.76s, 23436kb)b (146 @ n=812, t=0.77s, 23436kb)b (145 @ n=817, t=0.77s, 23452kb)xxdx.{EPS=240.385,ETD=29.6913}xxxxdxxxdx.{EPS=257.732,ETD=26.794}xxb (144 @ n=1122, t=1.05s, 29728kb)b (143 @ n=1126, t=1.05s, 29728kb)b (142 @ n=1132, t=1.06s, 29952kb)b (141 @ n=1142, t=1.06s, 30092kb)b (140 @ n=1146, t=1.07s, 30092kb)xdxb (139 @ n=1224, t=1.14s, 32052kb)b (138 @ n=1248, t=1.17s, 32592kb).{EPS=260.688,ETD=23.6546}xb (137 @ n=1291, t=1.21s, 33732kb)xx.{EPS=285.442,ETD=20.786}xxx.{EPS=308.37,ETD=19.0974}xdxx.{EPS=328.677,ETD=18.4286}xx.{EPS=347.49,ETD=19.9866}xxxdxx.{EPS=363.636,ETD=20.9238}xxxx.{EPS=398.406,ETD=20.298}xxx.{EPS=426.985,ETD=17.704}x.{EPS=509.165,ETD=18.924}xxd.{EPS=556.793,ETD=17.826}xx.{EPS=645.995,ETD=19.836}xx.{EPS=661.376,ETD=22.708}xx.{EPS=680.272,ETD=23.844}xdxxx.{EPS=672.948,ETD=35.958}xxxxx.{EPS=677.507,ETD=42.362}xxx.{EPS=693.481,ETD=43.596}xxd.{EPS=694.444,ETD=45.85}xx.{EPS=707.214,ETD=43.316}xx.{EPS=702.247,ETD=51.478}x.{EPS=700.28,ETD=54.012}x.{EPS=700.28,ETD=52.338}xx.{EPS=706.215,ETD=51.354}xdxx.{EPS=685.871,ETD=55.278}xx.{EPS=714.286,ETD=47.71}xxd.{EPS=712.251,ETD=40.47}xx.{EPS=716.332,ETD=37.3}xxb (136 @ n=3051, t=3.1s, 79780kb)b (135 @ n=3054, t=3.1s, 79780kb)b (134 @ n=3057, t=3.1s, 79780kb)b (133 @ n=3069, t=3.11s, 80132kb)b (132 @ n=3072, t=3.12s, 80132kb)b (131 @ n=3074, t=3.12s, 80264kb).{EPS=671.141,ETD=37.844}xdx.{EPS=670.241,ETD=37.724}xxxx.{EPS=655.308,ETD=29.294}xx.{EPS=644.33,ETD=26.444}xx.{EPS=638.57,ETD=25.442}xd.{EPS=613.497,ETD=23.658}x.{EPS=624.22,ETD=18.166}x.{EPS=616.523,ETD=13.112}xx.{EPS=611.995,ETD=13.012}dx.{EPS=598.086,ETD=13.104}.{EPS=639.386,ETD=9.152}x.{EPS=513.347,ETD=8.434}x.{EPS=530.786,ETD=7.484}.{EPS=539.374,ETD=7.832}x.{EPS=540.541,ETD=7.682}.{EPS=560.538,ETD=7.89}x.{EPS=567.537,ETD=7.74}.{EPS=571.429,ETD=8.36}xx.{EPS=558.036,ETD=16.204}xdxx.{EPS=546.448,ETD=27.616}xx.{EPS=543.478,ETD=27.59}xx.{EPS=685.871,ETD=27.692}xx.{EPS=682.128,ETD=27.968}xx.{EPS=677.507,ETD=29.066}x.{EPS=645.161,ETD=33.432}.{EPS=645.995,ETD=32.806}x.{EPS=638.57,ETD=33.016}x.{EPS=637.755,ETD=31.864}.{EPS=661.376,ETD=22.462}x.{EPS=687.758,ETD=10.288}.{EPS=691.563,ETD=10.868}x.{EPS=692.521,ETD=10.602}.{EPS=692.521,ETD=10.428}x.{EPS=694.444,ETD=9.644}.{EPS=726.744,ETD=5.406}x.{EPS=715.308,ETD=6.362}x.{EPS=716.332,ETD=6.284}.{EPS=709.22,ETD=6.344}x.{EPS=715.308,ETD=5.928}.{EPS=709.22,ETD=6.334}x.{EPS=704.225,ETD=5.68}.{EPS=702.247,ETD=6.422}x.{EPS=699.301,ETD=6.316}.{EPS=697.35,ETD=6.446}x.{EPS=697.35,ETD=6.248}x.{EPS=703.235,ETD=5.384}.{EPS=692.521,ETD=7.296}x.{EPS=692.521,ETD=7.332}.{EPS=685.871,ETD=7.45}x.{EPS=690.608,ETD=7.152}.{EPS=683.06,ETD=7.428}x.{EPS=683.995,ETD=6.796}x.{EPS=679.348,ETD=7.416}.{EPS=678.426,ETD=6.55}x.{EPS=672.948,ETD=7.498}.{EPS=669.344,ETD=7.398}x.{EPS=669.344,ETD=8.614}.{EPS=669.344,ETD=8.408}x.{EPS=671.141,ETD=8.38}.{EPS=663.13,ETD=8.394}x.{EPS=665.779,ETD=8.208}x.{EPS=657.03,ETD=8.534}.{EPS=661.376,ETD=8.022}x.{EPS=657.895,ETD=8.52}.{EPS=655.308,ETD=7.666}x.{EPS=653.595,ETD=8.502}.{EPS=653.595,ETD=5.252}x.{EPS=645.161,ETD=9.67}.{EPS=641.026,ETD=9.584}x.{EPS=643.501,ETD=9.48}x.{EPS=641.026,ETD=9.51}.{EPS=644.33,ETD=9.254}x.{EPS=636.132,ETD=9.478}.{EPS=636.132,ETD=9.07}x.{EPS=632.911,ETD=9.62}.{EPS=632.111,ETD=8.89}x.{EPS=496.032,ETD=9.602}.{EPS=499.002,ETD=5.284}xd.{EPS=485.909,ETD=12.206}xd.{EPS=457.038,ETD=18.354}dxx.{EPS=435.161,ETD=36.676}xx.{EPS=428.082,ETD=49.228}xdx.{EPS=414.25,ETD=110.582}xxx.{EPS=407.498,ETD=118.404}xx.{EPS=401.929,ETD=125.784}xx.{EPS=399.042,ETD=125.836}xx.{EPS=478.011,ETD=125.282}xx.{EPS=473.934,ETD=125.542}xx.{EPS=469.925,ETD=126.978}xdx.{EPS=463.822,ETD=129.25}dxxx.{EPS=451.264,ETD=214.55}xx.{EPS=455.789,ETD=201.934}xxdx.{EPS=437.828,ETD=176.484}xx.{EPS=438.982,ETD=168.66}xx.{EPS=440.141,ETD=160.942}xx.{EPS=436.681,ETD=160.756}xx.{EPS=431.406,ETD=160.896}xx.{EPS=426.257,ETD=161.048}xx.{EPS=428.816,ETD=153.13}xx.{EPS=450.45,ETD=144.764}xx.{EPS=477.555,ETD=41.214}xx.{EPS=474.834,ETD=41.504}xx.{EPS=513.347,ETD=5.688}xx.{EPS=512.295,ETD=6.648}xx.{EPS=512.821,ETD=6.434}xx.{EPS=507.614,ETD=6.548}xx.{EPS=508.13,ETD=6.448}xx.{EPS=512.821,ETD=6.348}xx.{EPS=521.376,ETD=6.24}xx.{EPS=519.751,ETD=7.798}xx.{EPS=524.659,ETD=7.662}xx.{EPS=526.87,ETD=7.57}xx.{EPS=524.109,ETD=7.428}xx.{EPS=525.762,ETD=6.78}xx.{EPS=524.109,ETD=8.978}xx.{EPS=533.049,ETD=8.882}xx.{EPS=538.213,ETD=8.784}xx.{EPS=538.213,ETD=8.602}xx.{EPS=536.481,ETD=8.56}xx.{EPS=539.957,ETD=7.34}xx.{EPS=514.933,ETD=17.274}xdx.{EPS=476.19,ETD=26.802}dx.{EPS=397.772,ETD=55.698}.{EPS=398.089,ETD=55.402}x.{EPS=399.68,ETD=53.284}.{EPS=399.68,ETD=53.304}x.{EPS=397.141,ETD=53.628}x.{EPS=397.456,ETD=53.5}.{EPS=399.042,ETD=53.89}x.{EPS=397.772,ETD=53.376}.{EPS=411.862,ETD=43.48}x.{EPS=434.783,ETD=34.528}.{EPS=527.983,ETD=5.474}x.{EPS=521.921,ETD=6.344}x.{EPS=523.56,ETD=6.25}.{EPS=519.751,ETD=6.458}x.{EPS=524.659,ETD=6.034}.{EPS=520.291,ETD=6.472}x.{EPS=518.672,ETD=5.686}.{EPS=520.833,ETD=5.89}x.{EPS=517.063,ETD=6.316}.{EPS=519.751,ETD=5.64}x.{EPS=519.211,ETD=6.28}x.{EPS=523.56,ETD=5.396}.{EPS=513.347,ETD=7.522}x.{EPS=515.464,ETD=7.266}.{EPS=508.13,ETD=7.466}x.{EPS=506.586,ETD=7.028}.{EPS=502.008,ETD=7.564}x.{EPS=499.5,ETD=7.454}.{EPS=496.524,ETD=7.578}x.{EPS=498.504,ETD=7.372}x.{EPS=497.018,ETD=6.72}.{EPS=492.611,ETD=7.39}x.{EPS=498.008,ETD=5.358}.{EPS=487.805,ETD=8.588}x.{EPS=488.759,ETD=8.492}.{EPS=486.855,ETD=8.566}x.{EPS=486.855,ETD=8.126}x.{EPS=483.092,ETD=8.542}.{EPS=484.496,ETD=7.898}x.{EPS=479.386,ETD=8.648}.{EPS=477.099,ETD=8.53}x.{EPS=476.19,ETD=8.63}.{EPS=476.644,ETD=8.564}x.{EPS=482.16,ETD=5.372}.{EPS=474.834,ETD=9.512}x.{EPS=474.383,ETD=9.558}x.{EPS=470.81,ETD=9.666}.{EPS=471.254,ETD=9.366}x.{EPS=471.254,ETD=9.652}.{EPS=470.367,ETD=8.996}x.{EPS=390.32,ETD=9.662}.{EPS=392.157,ETD=8.774}x.{EPS=388.802,ETD=9.624}.{EPS=389.712,ETD=9.616}x.{EPS=390.016,ETD=10.83}x.{EPS=391.236,ETD=10.616}.{EPS=393.391,ETD=10.63}x.{EPS=391.85,ETD=10.612}.{EPS=392.773,ETD=10.432}x.{EPS=391.236,ETD=10.758}.{EPS=469.043,ETD=10.202}x.{EPS=464.253,ETD=10.728}.{EPS=463.822,ETD=9.874}x.{EPS=456.621,ETD=10.744}x.{EPS=459.982,ETD=5.258}.{EPS=446.429,ETD=11.896}x.{EPS=442.087,ETD=11.768}.{EPS=444.444,ETD=11.698}x.{EPS=437.063,ETD=11.714}.{EPS=437.063,ETD=11.478}x.{EPS=434.028,ETD=11.716}x.{EPS=434.783,ETD=11.34}.{EPS=431.406,ETD=11.856}x.{EPS=431.034,ETD=10.974}.{EPS=427.35,ETD=11.898}x.{EPS=432.9,ETD=5.362}.{EPS=432.9,ETD=5.388}x.{EPS=427.35,ETD=6.364}x.{EPS=429.185,ETD=6.362}.{EPS=426.985,ETD=6.382}x.{EPS=429.185,ETD=6.15}.{EPS=425.532,ETD=6.312}x.{EPS=427.716,ETD=5.79}.{EPS=425.532,ETD=6.43}x.{EPS=425.532,ETD=5.534}.{EPS=424.809,ETD=6.392}x.{EPS=424.088,ETD=6.364}x.{EPS=419.815,ETD=7.576}.{EPS=418.76,ETD=7.362}x.{EPS=419.463,ETD=7.378}.{EPS=412.882,ETD=7.358}x.{EPS=414.25,ETD=7.182}.{EPS=408.497,ETD=7.498}x.{EPS=351.124,ETD=6.984}.{EPS=351.617,ETD=7.484}x.{EPS=351.617,ETD=6.614}x.{EPS=349.65,ETD=7.494}.{EPS=351.37,ETD=5.26}x.{EPS=347.705,ETD=8.644}.{EPS=346.021,ETD=8.514}x.{EPS=349.65,ETD=8.446}.{EPS=346.021,ETD=8.456}x.{EPS=348.675,ETD=8.25}x.{EPS=401.284,ETD=8.444}.{EPS=400,ETD=8.05}x.{EPS=397.456,ETD=8.59}.{EPS=395.57,ETD=7.82}x.{EPS=395.883,ETD=8.56}.{EPS=398.724,ETD=5.274}x.{EPS=394.633,ETD=9.66}.{EPS=391.543,ETD=9.616}x.{EPS=391.236,ETD=9.722}x.{EPS=386.399,ETD=9.614}.{EPS=389.408,ETD=9.754}x.{EPS=385.505,ETD=9.542}.{EPS=386.1,ETD=9.112}x.{EPS=384.025,ETD=9.526}.{EPS=382.263,ETD=8.92}x.{EPS=379.363,ETD=9.666}.{EPS=381.971,ETD=5.388}x.{EPS=379.075,ETD=10.726}x.{EPS=378.788,ETD=10.51}.{EPS=378.215,ETD=10.71}x.{EPS=376.506,ETD=10.278}.{EPS=369.549,ETD=10.804}x.{EPS=368.189,ETD=10.698}.{EPS=370.096,ETD=10.838}x.{EPS=369.004,ETD=10.626}.{EPS=368.732,ETD=9.982}x.{EPS=366.569,ETD=10.618}x.{EPS=366.838,ETD=5.406}.{EPS=303.767,ETD=18.386}x.{EPS=305.064,ETD=18.308}.{EPS=301.932,ETD=18.366}x.{EPS=307.882,ETD=17.928}.{EPS=306.56,ETD=18.372}x.{EPS=305.064,ETD=17.726}x.{EPS=304.136,ETD=17.85}.{EPS=302.847,ETD=18.284}x.{EPS=302.115,ETD=17.668}.{EPS=299.401,ETD=18.352}x.{EPS=360.75,ETD=5.326}.{EPS=354.108,ETD=6.308}x.{EPS=356.888,ETD=6.25}x.{EPS=353.357,ETD=6.486}.{EPS=356.633,ETD=6.05}x.{EPS=355.619,ETD=6.042}.{EPS=352.361,ETD=6.356}x.{EPS=354.359,ETD=5.924}.{EPS=350.631,ETD=6.318}x.{EPS=352.361,ETD=5.64}.{EPS=348.675,ETD=6.428}x.{EPS=352.609,ETD=5.424}x.{EPS=348.918,ETD=7.476}.{EPS=348.189,ETD=7.266}x.{EPS=341.297,ETD=7.458}.{EPS=340.368,ETD=7.448}x.{EPS=339.905,ETD=7.554}.{EPS=337.154,ETD=7.446}x.{EPS=340.136,ETD=7.586}.{EPS=337.154,ETD=7.374}x.{EPS=334.225,ETD=6.73}x.{EPS=328.299,ETD=7.358}.{EPS=329.164,ETD=5.404}x.{EPS=291.206,ETD=8.578}.{EPS=293.427,ETD=8.5}x.{EPS=290.192,ETD=8.576}.{EPS=291.715,ETD=8.11}x.{EPS=288.85,ETD=8.542}x.{EPS=287.687,ETD=7.896}.{EPS=286.533,ETD=8.636}x.{EPS=286.862,ETD=8.53}.{EPS=289.855,ETD=8.67}x.{EPS=288.184,ETD=8.458}.{EPS=324.044,ETD=5.382}x.{EPS=318.471,ETD=9.504}.{EPS=319.693,ETD=9.55}x.{EPS=316.656,ETD=9.7}x.{EPS=318.269,ETD=9.216}.{EPS=313.283,ETD=9.644}x.{EPS=315.856,ETD=9.014}.{EPS=313.676,ETD=9.634}x.{EPS=311.721,ETD=8.766}.{EPS=308.833,ETD=9.722}x.{EPS=306.56,ETD=9.616}.{EPS=307.314,ETD=10.838}x.{EPS=302.847,ETD=10.624}x.{EPS=300.842,ETD=10.594}.{EPS=297.089,ETD=10.752}x.{EPS=298.507,ETD=10.422}.{EPS=294.985,ETD=10.75}x.{EPS=295.858,ETD=10.238}.{EPS=292.912,ETD=10.728}x.{EPS=293.945,ETD=9.882}.{EPS=291.545,ETD=10.716}x.{EPS=290.867,ETD=5.25}x.{EPS=288.684,ETD=24.994}.{EPS=290.36,ETD=24.912}x.{EPS=291.375,ETD=24.816}.{EPS=288.517,ETD=24.804}x.{EPS=289.687,ETD=24.594}.{EPS=286.205,ETD=24.816}x.{EPS=288.351,ETD=24.288}x.{EPS=287.356,ETD=24.936}.{EPS=286.862,ETD=24.11}x.{EPS=285.714,ETD=25.006}.{EPS=291.206,ETD=5.27}x.{EPS=286.533,ETD=5.38}.{EPS=277.778,ETD=6.364}x.{EPS=269.978,ETD=6.38}x.{EPS=269.251,ETD=6.382}.{EPS=270.709,ETD=6}x.{EPS=266.667,ETD=6.472}.{EPS=266.951,ETD=5.792}x.{EPS=266.383,ETD=6.43}.{EPS=266.241,ETD=5.542}x.{EPS=256.542,ETD=6.484}.{EPS=255.102,ETD=6.364}x.{EPS=262.192,ETD=7.586}x.{EPS=267.237,ETD=7.372}.{EPS=266.383,ETD=7.342}x.{EPS=264.55,ETD=7.5}.{EPS=266.099,ETD=7.172}x.{EPS=242.014,ETD=7.532}.{EPS=246.305,ETD=6.834}x.{EPS=244.618,ETD=7.476}.{EPS=251.636,ETD=6.632}x.{EPS=252.781,ETD=7.466}x.{EPS=251.509,ETD=5.25}.{EPS=250.25,ETD=8.634}x.{EPS=250.376,ETD=8.55}.{EPS=250.125,ETD=8.454}x.{EPS=248.262,ETD=8.442}.{EPS=270.27,ETD=8.21}x.{EPS=263.852,ETD=8.584}.{EPS=263.992,ETD=8.04}x.{EPS=261.506,ETD=8.582}x.{EPS=263.019,ETD=7.856}.{EPS=259.471,ETD=8.56}x.{EPS=262.605,ETD=5.284}.{EPS=257.467,ETD=9.624}x.{EPS=257.202,ETD=9.606}.{EPS=255.885,ETD=9.746}x.{EPS=257.334,ETD=9.548}x.{EPS=255.624,ETD=9.326}.{EPS=254.712,ETD=9.526}x.{EPS=254.972,ETD=9.088}.{EPS=252.781,ETD=9.526}x.{EPS=253.55,ETD=8.912}.{EPS=250.376,ETD=9.666}x.{EPS=255.232,ETD=5.424}.{EPS=257.202,ETD=10.736}x.{EPS=263.574,ETD=10.484}x.{EPS=264.55,ETD=10.816}.{EPS=264.55,ETD=10.706}x.{EPS=262.192,ETD=10.83}.{EPS=262.467,ETD=10.624}x.{EPS=262.605,ETD=10.186}.{EPS=262.055,ETD=10.642}x.{EPS=263.296,ETD=9.958}.{EPS=257.202,ETD=10.61}x.{EPS=253.421,ETD=5.396}x.{EPS=242.365,ETD=31.52}.{EPS=240.154,ETD=31.248}x.{EPS=239.234,ETD=31.458}.{EPS=241.313,ETD=31.036}x.{EPS=237.53,ETD=31.578}.{EPS=237.643,ETD=31.376}x.{EPS=236.855,ETD=30.95}x.{EPS=234.962,ETD=31.416}.{EPS=235.849,ETD=30.766}x.{EPS=235.073,ETD=31.478}.{EPS=238.55,ETD=5.326}x.{EPS=233.863,ETD=6.468}.{EPS=235.849,ETD=6.268}x.{EPS=212.134,ETD=6.494}x.{EPS=214.777,ETD=5.952}.{EPS=213.767,ETD=6.146}x.{EPS=212.585,ETD=6.332}.{EPS=212.947,ETD=5.892}x.{EPS=212.044,ETD=6.318}.{EPS=210.97,ETD=5.622}x.{EPS=209.644,ETD=6.428}.{EPS=212.766,ETD=5.432}x.{EPS=208.333,ETD=7.484}x.{EPS=229.358,ETD=7.23}.{EPS=226.449,ETD=7.546}x.{EPS=224.618,ETD=7.446}.{EPS=224.921,ETD=7.578}x.{EPS=224.517,ETD=7.38}.{EPS=224.115,ETD=6.944}x.{EPS=224.014,ETD=7.358}.{EPS=224.618,ETD=6.706}x.{EPS=221.828,ETD=7.358}x.{EPS=223.115,ETD=5.396}.{EPS=219.974,ETD=8.606}x.{EPS=221.043,ETD=8.35}.{EPS=206.271,ETD=8.55}x.{EPS=207.297,ETD=8.112}.{EPS=205.508,ETD=8.648}x.{EPS=205.677,ETD=8.538}.{EPS=204.415,ETD=8.662}x.{EPS=201.532,ETD=8.456}x.{EPS=201.613,ETD=7.804}.{EPS=197.941,ETD=8.474}x.{EPS=198.491,ETD=5.358}.{EPS=194.78,ETD=9.672}x.{EPS=205.846,ETD=9.576}.{EPS=203.749,ETD=9.65}x.{EPS=203.998,ETD=9.21}x.{EPS=202.511,ETD=9.626}.{EPS=203.335,ETD=8.982}x.{EPS=204.248,ETD=9.732}.{EPS=202.84,ETD=9.614}x.{EPS=205.086,ETD=9.714}.{EPS=207.039,ETD=9.648}x.{EPS=209.732,ETD=5.372}.{EPS=206.186,ETD=10.596}x.{EPS=204.666,ETD=10.642}x.{EPS=203.252,ETD=10.75}.{EPS=203.5,ETD=10.45}x.{EPS=203.004,ETD=10.736}.{EPS=202.675,ETD=10.08}x.{EPS=201.288,ETD=10.746}.{EPS=201.939,ETD=9.858}x.{EPS=198.098,ETD=10.708}.{EPS=196.464,ETD=10.7}x.{EPS=192.382,ETD=38.13}x.{EPS=190.114,ETD=37.916}.{EPS=187.617,ETD=37.932}x.{EPS=183.688,ETD=37.912}.{EPS=183.217,ETD=37.738}x.{EPS=181.686,ETD=38.036}.{EPS=182.282,ETD=37.388}x.{EPS=181.554,ETD=38.068}x.{EPS=181.094,ETD=37.21}.{EPS=179.921,ETD=38.13}x.{EPS=182.749,ETD=5.27}.{EPS=188.395,ETD=5.458}x.{EPS=193.573,ETD=6.346}.{EPS=200.24,ETD=6.38}x.{EPS=204.415,ETD=6.344}x.{EPS=202.429,ETD=6.046}.{EPS=188.964,ETD=6.446}x.{EPS=186.776,ETD=5.794}.{EPS=185.805,ETD=6.446}x.{EPS=184.911,ETD=5.524}.{EPS=185.254,ETD=6.484}x.{EPS=175.562,ETD=6.292}.{EPS=172.354,ETD=5.39}x.{EPS=165.782,ETD=7.346}x.{EPS=161.97,ETD=7.39}.{EPS=161.76,ETD=7.5}x.{EPS=171.057,ETD=7.198}.{EPS=169.895,ETD=7.482}x.{EPS=171.057,ETD=6.828}.{EPS=172.533,ETD=7.458}x.{EPS=177.431,ETD=6.6}.{EPS=185.874,ETD=7.564}x.{EPS=187.829,ETD=7.446}x.{EPS=189.322,ETD=8.66}.{EPS=189.394,ETD=8.446}x.{EPS=191.865,ETD=8.462}.{EPS=187.547,ETD=8.442}x.{EPS=190.114,ETD=8.266}.{EPS=187.336,ETD=8.582}x.{EPS=184.911,ETD=8.068}.{EPS=176.866,ETD=8.568}x.{EPS=172.295,ETD=7.698}x.{EPS=168.976,ETD=8.578}.{EPS=169.549,ETD=5.26}x.{EPS=164.15,ETD=9.728}.{EPS=162.92,ETD=9.598}x.{EPS=164.799,ETD=9.53}.{EPS=162.022,ETD=9.54}x.{EPS=161.917,ETD=9.334}x.{EPS=160.668,ETD=9.528}.{EPS=162.973,ETD=9.134}x.{EPS=161.186,ETD=9.674}.{EPS=160.979,ETD=8.904}x.{EPS=161.238,ETD=9.644}.{EPS=163.773,ETD=5.274}x.{EPS=160.823,ETD=10.744}.{EPS=159.693,ETD=10.7}x.{EPS=159.541,ETD=10.806}x.{EPS=158.479,ETD=10.698}.{EPS=158.328,ETD=10.838}x.{EPS=157.035,ETD=10.626}.{EPS=158.881,ETD=10.196}x.{EPS=156.691,ETD=10.61}.{EPS=154.369,ETD=10.004}x.{EPS=147.885,ETD=10.75}.{EPS=148.28,ETD=5.388}x.{EPS=139.353,ETD=54.38}dx.{EPS=128.866,ETD=54.244}dx.{EPS=120.163,ETD=54.238}dx.{EPS=111.982,ETD=53.952}dx.{EPS=104.362,ETD=54.438}dx.{EPS=95.8222,ETD=54.778}dx.{EPS=89.8796,ETD=98.552}dxd.{EPS=81.7394,ETD=98.44}dxdx.{EPS=74.9176,ETD=274.804}xx.{EPS=75.2672,ETD=274.698}xx.{EPS=77.6036,ETD=225.852}xx.{EPS=80.9848,ETD=225.918}xx.{EPS=84.4024,ETD=226.24}xx.{EPS=88.9047,ETD=226.564}xx.{EPS=94.3931,ETD=226.178}dxx.{EPS=96.4134,ETD=270.618}dxdx.{EPS=93.0233,ETD=406.142}x.{EPS=103.691,ETD=406.138}xx.{EPS=113.611,ETD=409.27}xd.{EPS=106.906,ETD=642.88}x.{EPS=104.932,ETD=642.77}x.{EPS=103.072,ETD=643.624}x.{EPS=99.3838,ETD=644.436}x.{EPS=98.5804,ETD=643.93}x.{EPS=96.768,ETD=644.142}.{EPS=101.916,ETD=599.246}x.{EPS=113.792,ETD=419.86}.{EPS=112.867,ETD=419.87}x.{EPS=115.101,ETD=240.266}.{EPS=118.427,ETD=6.556}x.{EPS=119.303,ETD=6.652}dx.{EPS=110.84,ETD=13.834}xx.{EPS=110.473,ETD=16.626}xxd.{EPS=105.307,ETD=19.98}x.{EPS=103.22,ETD=20.778}.{EPS=102.733,ETD=20.908}x.{EPS=102.522,ETD=20.588}x.{EPS=102.082,ETD=20.694}.{EPS=104.559,ETD=20.338}x.{EPS=106.587,ETD=20.44}.{EPS=103.95,ETD=20.99}x.{EPS=112.689,ETD=12.772}.{EPS=116.036,ETD=9.71}x.{EPS=121.655,ETD=6.376}.{EPS=123.977,ETD=6.446}x.{EPS=124.193,ETD=6.232}x.{EPS=123.977,ETD=6.246}.{EPS=123.457,ETD=6.228}x.{EPS=123.548,ETD=6.048}.{EPS=121.862,ETD=6.374}x.{EPS=125.282,ETD=5.818}.{EPS=124.378,ETD=6.344}x.{EPS=124.688,ETD=5.49}.{EPS=124.224,ETD=6.36}x.{EPS=125.565,ETD=5.258}x.{EPS=120.424,ETD=7.51}.{EPS=120.279,ETD=7.39}x.{EPS=120.424,ETD=7.538}.{EPS=118.259,ETD=7.326}x.{EPS=119.275,ETD=7.11}.{EPS=117.675,ETD=7.31}x.{EPS=116.877,ETD=6.918}.{EPS=116.036,ETD=7.45}x.{EPS=114.943,ETD=6.688}x.{EPS=113.947,ETD=7.484}.{EPS=116.387,ETD=5.274}x.{EPS=113.817,ETD=8.52}.{EPS=112.562,ETD=8.258}x.{EPS=112.816,ETD=8.588}.{EPS=112.007,ETD=8.482}x.{EPS=113.353,ETD=8.622}x.{EPS=113.276,ETD=8.41}.{EPS=114.077,ETD=7.98}x.{EPS=113.921,ETD=8.402}.{EPS=113.02,ETD=7.734}x.{EPS=112.943,ETD=8.536}.{EPS=113.071,ETD=5.396}x.{EPS=111.161,ETD=9.65}.{EPS=111.532,ETD=9.38}x.{EPS=107.089,ETD=9.586}x.{EPS=103.242,ETD=9.146}.{EPS=101.647,ETD=9.674}x.{EPS=101.092,ETD=9.568}.{EPS=100.766,ETD=9.698}x.{EPS=100.664,ETD=9.5}.{EPS=100.583,ETD=8.85}x.{EPS=99.7407,ETD=9.478}.{EPS=101.174,ETD=5.35}xd.{EPS=92.1829,ETD=11.87}xd.{EPS=84.488,ETD=36.136}xx.{EPS=84.1893,ETD=79.524}xx.{EPS=85.5871,ETD=79.096}xdx.{EPS=77.5795,ETD=109.072}xx.{EPS=77.1724,ETD=108.508}xx.{EPS=76.558,ETD=108.6}xx.{EPS=75.884,ETD=108.664}xx.{EPS=76.1499,ETD=108.246}xx.{EPS=75.7117,ETD=108.624}xx.{EPS=81.4067,ETD=102.144}xdx.{EPS=84.3739,ETD=84.27}xdx.{EPS=75.0413,ETD=67.478}x.{EPS=74.9288,ETD=67.39}.{EPS=81.8331,ETD=37.5}x.{EPS=81.367,ETD=37.534}.{EPS=81.7394,ETD=37.644}x.{EPS=80.7494,ETD=37.782}.{EPS=81.686,ETD=37.474}x.{EPS=81.4598,ETD=37.648}x.{EPS=81.367,ETD=37.652}.{EPS=87.4126,ETD=31.968}x.{EPS=102.333,ETD=5.27}.{EPS=101.978,ETD=5.456}x.{EPS=100.644,ETD=6.382}x.{EPS=102.02,ETD=6.38}.{EPS=102.145,ETD=6.344}x.{EPS=104.406,ETD=6.046}.{EPS=99.4629,ETD=6.444}x.{EPS=99.8004,ETD=5.792}.{EPS=98.9707,ETD=6.43}x.{EPS=98.2318,ETD=5.516}.{EPS=98.3091,ETD=6.484}x.{EPS=98.3671,ETD=6.294}.{EPS=99.108,ETD=5.382}x.{EPS=97.6944,ETD=7.344}x.{EPS=97.7326,ETD=7.398}.{EPS=96.7305,ETD=7.498}x.{EPS=100.969,ETD=7.2}.{EPS=100.1,ETD=7.484}x.{EPS=99.9001,ETD=6.844}.{EPS=99.0884,ETD=7.466}x.{EPS=99.226,ETD=6.6}x.{EPS=97.0685,ETD=7.564}.{EPS=96.9932,ETD=7.454}x.{EPS=95.8773,ETD=8.662}.{EPS=95.8222,ETD=8.446}x.{EPS=96.1169,ETD=8.428}.{EPS=94.2507,ETD=8.442}x.{EPS=94.5716,ETD=8.248}.{EPS=93.9144,ETD=8.584}x.{EPS=94.7867,ETD=8.068}x.{EPS=93.3532,ETD=8.566}.{EPS=94.3931,ETD=7.698}x.{EPS=94.1974,ETD=8.542}.{EPS=95.511,ETD=5.252}x.{EPS=94.0203,ETD=9.728}.{EPS=93.7734,ETD=9.634}x.{EPS=95.4198,ETD=9.53}.{EPS=93.4405,ETD=9.558}x.{EPS=92.4727,ETD=9.3}x.{EPS=90.9422,ETD=9.526}.{EPS=90.6783,ETD=9.136}x.{EPS=88.8573,ETD=9.666}.{EPS=89.0789,ETD=8.938}x.{EPS=88.8257,ETD=9.652}.{EPS=89.4294,ETD=5.266}x.{EPS=88.3704,ETD=10.708}.{EPS=87.2753,ETD=10.698}x.{EPS=87.6424,ETD=10.798}x.{EPS=88.4173,ETD=10.732}.{EPS=89.0789,ETD=10.4}x.{EPS=88.9996,ETD=10.624}.{EPS=90.876,ETD=10.204}x.{EPS=89.8796,ETD=10.612}.{EPS=90.6783,ETD=10.004}x.{EPS=89.5255,ETD=10.758}.{EPS=90.5961,ETD=5.424}x.{EPS=88.1368,ETD=11.812}x.{EPS=89.8634,ETD=11.604}.{EPS=88.5112,ETD=11.794}x.{EPS=88.9838,ETD=11.794}.{EPS=89.8311,ETD=11.924}x.{EPS=88.199,ETD=11.712}.{EPS=88.968,ETD=11.292}x.{EPS=87.4126,ETD=11.744}x.{EPS=87.9044,ETD=11.114}.{EPS=87.0322,ETD=11.76}x.{EPS=88.8573,ETD=5.346}.{EPS=86.103,ETD=6.458}x.{EPS=87.321,ETD=6.268}.{EPS=87.2144,ETD=6.286}x.{EPS=86.4304,ETD=5.944}x.{EPS=86.8056,ETD=6.122}.{EPS=85.6458,ETD=6.36}x.{EPS=85.8811,ETD=5.892}.{EPS=85.7192,ETD=6.318}x.{EPS=82.4266,ETD=5.678}.{EPS=82.2504,ETD=6.408}x.{EPS=84.0054,ETD=5.284}.{EPS=83.3056,ETD=7.458}x.{EPS=82.5764,ETD=7.448}x.{EPS=82.1423,ETD=7.546}.{EPS=82.6583,ETD=7.48}x.{EPS=83.1947,ETD=7.148}.{EPS=82.4402,ETD=7.39}x.{EPS=83.0289,ETD=6.918}.{EPS=86.7303,ETD=7.358}x.{EPS=88.0747,ETD=6.754}x.{EPS=87.0322,ETD=7.498}.{EPS=88.0902,ETD=5.422}x.{EPS=85.8074,ETD=8.558}.{EPS=85.5578,ETD=8.35}x.{EPS=83.8223,ETD=8.54}.{EPS=82.6037,ETD=8.532}x.{EPS=83.0427,ETD=8.63}.{EPS=83.3056,ETD=8.564}x.{EPS=83.0841,ETD=8.018}x.{EPS=81.5262,ETD=8.456}.{EPS=82.291,ETD=7.822}x.{EPS=81.0504,ETD=8.444}.{EPS=82.7815,ETD=5.406}x.{EPS=82.2774,ETD=9.654}.{EPS=83.1393,ETD=9.418}x.{EPS=83.0427,ETD=9.66}.{EPS=83.1532,ETD=9.202}x.{EPS=81.4598,ETD=9.626}x.{EPS=81.1293,ETD=9.616}