Parsing and Instantiating...
Warning: rounding numeric constants such as 10.0601 to an accuracy of 0.001
Done
One way facts...
Mutex groups...
Semaphore Facts...
Envelope Facts...
One-shot actions...
(bs-dispense c-bs input wp1 base_black) is 1 shot
(bs-dispense c-bs output wp1 base_black) is 1 shot
(bs-dispense c-bs input wp1 base_red) is 1 shot
(bs-dispense c-bs output wp1 base_red) is 1 shot
(bs-dispense c-bs input wp1 base_silver) is 1 shot
(bs-dispense c-bs output wp1 base_silver) is 1 shot
(bs-dispense c-bs input wp1 base_black) is 1 shot
(bs-dispense c-bs output wp1 base_black) is 1 shot
(bs-dispense c-bs input wp1 base_red) is 1 shot
(bs-dispense c-bs output wp1 base_red) is 1 shot
(bs-dispense c-bs input wp1 base_silver) is 1 shot
(bs-dispense c-bs output wp1 base_silver) is 1 shot
(prepare-ds r-1 c-ds gate-1) is 1 shot
(prepare-ds r-1 c-ds gate-2) is 1 shot
(prepare-ds r-1 c-ds gate-3) is 1 shot
(wp-get-shelf r-1 cg1 c-cs1 left) is 1 shot
(wp-get-shelf r-1 cg2 c-cs1 middle) is 1 shot
(wp-get-shelf r-1 cg3 c-cs1 right) is 1 shot
(wp-get-shelf r-1 cb1 c-cs2 left) is 1 shot
(wp-get-shelf r-1 cb2 c-cs2 middle) is 1 shot
(wp-get-shelf r-1 cb3 c-cs2 right) is 1 shot
Integral variables...
Variable bounds...
Static numeric conditions...
Duration bounds...
TIL time window analysis...
Bounding action timestamps due to time windows...
(order-delivery-window-open o1) forms a window with range [0.000,137.588]
Bounds on (fulfill-order-c0-within-tw o1 wp1 c-ds gate-1 base_silver cap_black) (duration [0.010,0.010]):
	0: [0.000,137.578]
	1: [0.000,137.578]
	2: [0.010,137.588]
(can-commit-for-ontime-delivery o1) forms a window with range [0.000,6.350]
Bounds on (commit-to-ontime-delivery o1) (duration [0.010,0.010]):
	0: [0.000,6.349]
	1: [0.000,6.349]
	2: [0.010,6.359]
Bounds on (do-not-commit-to-ontime-delivery o1) (duration [0.010,0.010]):
	0: [0.000,6.349]
	1: [0.000,6.349]
	2: [0.010,6.359]
Dominance constraints (excluding processes and events)...
Damaging events...
Dominance constraints (including processes and events)...
Variable monotonicity...
Max/min needed values for any single precondition...
Irrelevant action pruning by backward reachability from goal...
Uninterestingness criteria...
Compression-safe actions...
Compression-safe invariants...
59% of durative actions in this problem are compression safe
Goal Goal [1]
    (order-fulfilled o1)

Finishing preprocessing.  Making a TRPG heuristic...
Making an open list...
Running WA* search (g weight = 1, h weight = 5)
{(order-delivery-window-open o1),(can-commit-for-ontime-delivery o1),(location-free start input),(location-free c-bs input),(location-free c-bs output),(location-free c-cs1 input),(location-free c-cs1 output),(location-free c-cs2 input),(location-free c-cs2 output),(location-free c-ds input),(location-free c-ds output),(cs-can-perform c-cs1 cs_retrieve),(cs-can-perform c-cs2 cs_retrieve),(wp-base-color wp1 base_none),(wp-cap-color wp1 cap_none),(wp-ring1-color wp1 ring_none),(wp-ring2-color wp1 ring_none),(wp-ring3-color wp1 ring_none),(wp-unused wp1),(robot-waiting r-1),(mps-state c-bs idle),(mps-state c-cs1 idle),(mps-state c-cs2 idle),(mps-state c-ds idle),(wp-cap-color cg1 cap_grey),(wp-cap-color cg2 cap_grey),(wp-cap-color cg3 cap_grey),(wp-on-shelf cg1 c-cs1 left),(wp-on-shelf cg2 c-cs1 middle),(wp-on-shelf cg3 c-cs1 right),(wp-cap-color cb1 cap_black),(wp-cap-color cb2 cap_black),(wp-cap-color cb3 cap_black),(wp-on-shelf cb1 c-cs2 left),(wp-on-shelf cb2 c-cs2 middle),(wp-on-shelf cb3 c-cs2 right)}
[]
Initial heuristic = 28
Initial stats: t=0.01s, 7180kb
b (27 @ n=6, t=0.01s, 7180kb)b (25 @ n=7, t=0.02s, 7180kb)b (24 @ n=13, t=0.02s, 7180kb)b (23 @ n=24, t=0.02s, 7180kb)b (22 @ n=28, t=0.02s, 7180kb)b (21 @ n=32, t=0.02s, 7312kb)b (18 @ n=33, t=0.02s, 7312kb)b (17 @ n=69, t=0.02s, 7432kb)b (16 @ n=75, t=0.02s, 7432kb)b (15 @ n=127, t=0.03s, 7800kb)b (14 @ n=132, t=0.03s, 7800kb)b (13 @ n=146, t=0.03s, 7932kb)d.{EPS=1250,ETD=3.5102}ddb (12 @ n=486, t=0.08s, 10860kb)b (11 @ n=512, t=0.09s, 11112kb).{EPS=1333.33,ETD=7.70707}b (10 @ n=518, t=0.09s, 11240kb)b (9 @ n=525, t=0.09s, 11240kb)b (8 @ n=556, t=0.1s, 11604kb)b (7 @ n=563, t=0.1s, 11720kb)b (6 @ n=574, t=0.1s, 11856kb)b (5 @ n=579, t=0.1s, 11856kb)b (4 @ n=583, t=0.1s, 11992kb)b (3 @ n=591, t=0.1s, 12124kb)dd.{EPS=1271.19,ETD=6.19463}d.{EPS=1257.86,ETD=5.74372}dd.{EPS=1219.51,ETD=5.63855}xdxxx.{EPS=1132.08,ETD=5.36789}dxxxdxxx.{EPS=892.857,ETD=4.60172}dxxxdxxx.{EPS=619.195,ETD=4.02506}dxxxdxxx.{EPS=412.844,ETD=3.57684}dxxxdxxx.{EPS=282.008,ETD=3.21844}dxxxdxxx.{EPS=184.843,ETD=2.868}dxxxdxxx.{EPS=124.719,ETD=1.686}dxxxdxxx.{EPS=87.6271,ETD=1.366}dxxxxdxx.{EPS=76.3242,ETD=4.996}xxxxdxx.{EPS=73.8771,ETD=23.024}xxxxdxx.{EPS=73.1529,ETD=56.172}xxxxdxx.{EPS=74.0412,ETD=104.798}dd.{EPS=76.6401,ETD=176.152}dd~~~~~~~~~~~~~~~~~~~~~~~~~~~~~~~~~~~~~~~~~~~~~~~~~~~~~~~~~~~~~~~~~~~~~~~~~~~~~~~~~~~~~~~~~~~~~~~~~~~~~~~~~~~~~~~~~~~~~~~~~~~~~~~~~~~~~~~~~~~~~~~~~~~~~~~~~~~~~~~~~~~~~~~~~~~~~~~~~~~~~~~~~~~~~~~~~~~~~~~~~~~~~~~~~~~~~~~~~~~~~~~~~~~~~~~~~~~~~~~~~~~~~~~~~~~~~~~~~~~~~~~~~~~~~~~~~~~~~~~~~~~~~~~~~~~~~~~~~~~~~~~~~~~~~~~~~~~~~~~~~~~~~~~~~~~~~~~~~~~~~~~~~~~~~~~~~~~~~~~~~~~~~~~~~~~~~~~~~~~~~~~~~~~~~~~~~~~~~~~~~~~~~~~~~~~~~~~~~~~~~~~~~~~~~~~~~~~~~~~~~~~~~~~~~~~~~~~~~~~~~~~~~~~~~~~~~~~~~~~~~~~~~~~~~~~~~~~~~~~~~~~~~~~~~~~~~~~~~~~~~~~~~~~~~~~~~~~~~~~~~~~~~~~~~~~~~~~~~~~~~~~~~~~~~~~~~~~~~~~~~~~~~~~~~~~~~~~~~~~~~~~~~~~~~~~~~~~~~~~~~~~~~~~~~~~~~~~~~~~~~~~~~~~~~~~~~~~~~~~~~~~~~~~~~~~~~~~~~~~~~~~~~~~~~~~~~~~~~~~~~~~~~~~~~~~~~~~~~~~~~~~~~~~~~~~~~~~~~~~~~~~~~~~~~~~~~~~~~~~~~~~~~~~~~~~~~~~~~~~~~~~~~~~~~~~~~~~~~~~~~~~~~~~~~~~~~~~~~~~~~~~~~~~~~~~~~~~~~~~~~~~~~~~~~~~~~~~~~~~~~~~~~~~~~~~~~~~~~~~~~~~~~~~~~~~~~~~~~~~~~~~~~~~~~~~~~~~~~~~~~~~~~~~~~~~~~~~~~~~~~~~~~~~~~~~~~~~~~~~~~~~~~~~~~~~~~~~~~~~~~~~~~~~~~~~~~~~~~~~~~~~~~~~~~~~~~~~~~~~~~~~~~~~~~~~~~~~~~~~~~~~~~~~~~~~~~~~~~~~~~~~~~~~~~~~~~~~~~~~~~~~~~~~~~~~~~~~~~~~~~~~~~~~~~~~~~~~~~~~~~~~~~~~~~~~~~~~~~~~~~~~~~~~~~~~~~~~~~~~~~~~~~~~~~~~~~~~~~~~~~~~~~~~~~~~~~~~~~~~~~~~~~~~~~~~~~~~~~~~~~~~~~~~~~~~~~~~~~~~~~~~~~~~~~~~~~~~~~~~~~~~~~~~~~~~~~~~~~~~~~~~~~~~~~~~~~~~~~~~~~~~~~~~~~~~~~~~~~~~~~~~
;;;; Problem Unsolvable
; Nodes Generated: 3903
; Nodes Expanded:  936
; Nodes Evaluated: 3903
; Nodes Tunneled:  277
; Nodes memoised with open actions: 6646
; Nodes memoised without open actions: 1701
; Nodes pruned by memoisation: 4444
; Time 7.19
