Parsing and Instantiating...
Warning: rounding numeric constants such as 6.35477 to an accuracy of 0.001
Done
One way facts...
Mutex groups...
Semaphore Facts...
Envelope Facts...
One-shot actions...
(bs-dispense c-bs input wp1 base_black) is 1 shot
(bs-dispense c-bs output wp1 base_black) is 1 shot
(bs-dispense c-bs input wp1 base_red) is 1 shot
(bs-dispense c-bs output wp1 base_red) is 1 shot
(bs-dispense c-bs input wp1 base_silver) is 1 shot
(bs-dispense c-bs output wp1 base_silver) is 1 shot
(bs-dispense c-bs input wp1 base_black) is 1 shot
(bs-dispense c-bs output wp1 base_black) is 1 shot
(bs-dispense c-bs input wp1 base_red) is 1 shot
(bs-dispense c-bs output wp1 base_red) is 1 shot
(bs-dispense c-bs input wp1 base_silver) is 1 shot
(bs-dispense c-bs output wp1 base_silver) is 1 shot
(prepare-ds r-1 c-ds gate-1) is 1 shot
(prepare-ds r-2 c-ds gate-1) is 1 shot
(prepare-ds r-3 c-ds gate-1) is 1 shot
(prepare-ds r-1 c-ds gate-2) is 1 shot
(prepare-ds r-2 c-ds gate-2) is 1 shot
(prepare-ds r-3 c-ds gate-2) is 1 shot
(prepare-ds r-1 c-ds gate-3) is 1 shot
(prepare-ds r-2 c-ds gate-3) is 1 shot
(prepare-ds r-3 c-ds gate-3) is 1 shot
(wp-get-shelf r-1 cg1 c-cs1 left) is 1 shot
(wp-get-shelf r-2 cg1 c-cs1 left) is 1 shot
(wp-get-shelf r-3 cg1 c-cs1 left) is 1 shot
(wp-get-shelf r-1 cg2 c-cs1 middle) is 1 shot
(wp-get-shelf r-2 cg2 c-cs1 middle) is 1 shot
(wp-get-shelf r-3 cg2 c-cs1 middle) is 1 shot
(wp-get-shelf r-1 cg3 c-cs1 right) is 1 shot
(wp-get-shelf r-2 cg3 c-cs1 right) is 1 shot
(wp-get-shelf r-3 cg3 c-cs1 right) is 1 shot
(wp-get-shelf r-1 cb1 c-cs2 left) is 1 shot
(wp-get-shelf r-2 cb1 c-cs2 left) is 1 shot
(wp-get-shelf r-3 cb1 c-cs2 left) is 1 shot
(wp-get-shelf r-1 cb2 c-cs2 middle) is 1 shot
(wp-get-shelf r-2 cb2 c-cs2 middle) is 1 shot
(wp-get-shelf r-3 cb2 c-cs2 middle) is 1 shot
(wp-get-shelf r-1 cb3 c-cs2 right) is 1 shot
(wp-get-shelf r-2 cb3 c-cs2 right) is 1 shot
(wp-get-shelf r-3 cb3 c-cs2 right) is 1 shot
Integral variables...
Variable bounds...
Static numeric conditions...
Duration bounds...
TIL time window analysis...
Bounding action timestamps due to time windows...
(order-delivery-window-open o1) forms a window with range [0.000,129.130]
Bounds on (fulfill-order-c0-within-tw o1 wp1 c-ds gate-1 base_black cap_grey) (duration [0.010,0.010]):
	0: [0.000,129.120]
	1: [0.000,129.120]
	2: [0.010,129.130]
(can-commit-for-ontime-delivery o1) forms a window with range [0.000,9.280]
Bounds on (commit-to-ontime-delivery o1) (duration [0.010,0.010]):
	0: [0.000,9.279]
	1: [0.000,9.279]
	2: [0.010,9.289]
Bounds on (do-not-commit-to-ontime-delivery o1) (duration [0.010,0.010]):
	0: [0.000,9.279]
	1: [0.000,9.279]
	2: [0.010,9.289]
Dominance constraints (excluding processes and events)...
Damaging events...
Dominance constraints (including processes and events)...
Variable monotonicity...
Max/min needed values for any single precondition...
Irrelevant action pruning by backward reachability from goal...
Uninterestingness criteria...
Compression-safe actions...
Compression-safe invariants...
64% of durative actions in this problem are compression safe
Goal Goal [1]
    (order-fulfilled o1)

Finishing preprocessing.  Making a TRPG heuristic...
Making an open list...
Running WA* search (g weight = 1, h weight = 5)
{(order-delivery-window-open o1),(can-commit-for-ontime-delivery o1),(location-free start input),(location-free c-bs input),(location-free c-bs output),(location-free c-cs1 input),(location-free c-cs1 output),(location-free c-cs2 input),(location-free c-cs2 output),(location-free c-ds input),(location-free c-ds output),(cs-can-perform c-cs1 cs_retrieve),(cs-can-perform c-cs2 cs_retrieve),(wp-base-color wp1 base_none),(wp-cap-color wp1 cap_none),(wp-ring1-color wp1 ring_none),(wp-ring2-color wp1 ring_none),(wp-ring3-color wp1 ring_none),(wp-unused wp1),(robot-waiting r-1),(robot-waiting r-2),(robot-waiting r-3),(mps-state c-bs idle),(mps-state c-cs1 idle),(mps-state c-cs2 idle),(mps-state c-ds idle),(wp-cap-color cg1 cap_grey),(wp-cap-color cg2 cap_grey),(wp-cap-color cg3 cap_grey),(wp-on-shelf cg1 c-cs1 left),(wp-on-shelf cg2 c-cs1 middle),(wp-on-shelf cg3 c-cs1 right),(wp-cap-color cb1 cap_black),(wp-cap-color cb2 cap_black),(wp-cap-color cb3 cap_black),(wp-on-shelf cb1 c-cs2 left),(wp-on-shelf cb2 c-cs2 middle),(wp-on-shelf cb3 c-cs2 right)}
[]
Initial heuristic = 26
Initial stats: t=0.02s, 8096kb
b (25 @ n=3, t=0.02s, 8096kb)b (24 @ n=23, t=0.03s, 8096kb)Warning: self overlapping Action 434:1 at 1
b (23 @ n=111, t=0.04s, 8288kb)xd.{EPS=909.091,ETD=20.5918}xxxxb (22 @ n=431, t=0.11s, 8792kb).{EPS=1030.93,ETD=41.1818}b (21 @ n=508, t=0.12s, 8948kb)b (17 @ n=533, t=0.13s, 9080kb)b (16 @ n=578, t=0.14s, 9272kb)b (15 @ n=584, t=0.14s, 9272kb)db (14 @ n=596, t=0.14s, 9272kb)b (13 @ n=698, t=0.16s, 9900kb)ddd.{EPS=815.217,ETD=28.094}dddd.{EPS=732.601,ETD=22.2362}ddddxd.{EPS=675.676,ETD=21.6185}ddddd.{EPS=647.948,ETD=22.4214}dddd.{EPS=629.496,ETD=26.2636}dddd.{EPS=608.828,ETD=23.3885}dddddx.{EPS=589.777,ETD=21.8107}dddd.{EPS=575.374,ETD=21.2966}ddxdd.{EPS=540.541,ETD=22.496}ddxdb (11 @ n=4365, t=1.07s, 38312kb)b (10 @ n=4371, t=1.08s, 38312kb)b (9 @ n=4376, t=1.08s, 38464kb)db (7 @ n=4425, t=1.09s, 38960kb).{EPS=502.513,ETD=17.192}dxx.{EPS=520.833,ETD=17.824}xdxx.{EPS=539.957,ETD=18.502}dxdx.{EPS=562.43,ETD=17.244}xxx.{EPS=591.716,ETD=15.818}ddx.{EPS=608.273,ETD=11.878}xxdx.{EPS=654.45,ETD=12.442}xdx.{EPS=689.655,ETD=13}dxx.{EPS=739.645,ETD=12.226}xxddx.{EPS=801.282,ETD=10.64}xdx.{EPS=881.834,ETD=10.662}xxd.{EPS=859.107,ETD=11.86}ddxd.{EPS=777.605,ETD=11.356}ddxd.{EPS=758.725,ETD=11.696}xdxxxxxxx.{EPS=738.552,ETD=11.426}xxxxxxxxx.{EPS=744.048,ETD=11.002}xxxxdxxxxxx.{EPS=709.22,ETD=10.666}xxxxxxxxx.{EPS=700.28,ETD=9.746}xxxxxxxxxxd.{EPS=674.764,ETD=9.412}xxxxxxxxxx.{EPS=647.668,ETD=8.298}xxxxxxxxx.{EPS=612.745,ETD=8.004}xxxxdxxxxxx.{EPS=582.751,ETD=6.516}xxxxxxxxx.{EPS=580.72,ETD=6.424}xxxxxxxxxxd.{EPS=545.852,ETD=5.986}xxxxxxxxxx.{EPS=509.165,ETD=5.6}xxxxxxxxx.{EPS=480.769,ETD=5.6}xxxxdxxxxxx.{EPS=454.133,ETD=5.6}xxxxxxxxx.{EPS=424.809,ETD=5.6}xxxxxxxxxxd.{EPS=397.141,ETD=5.6}xxxxxxxxxx.{EPS=369.822,ETD=5.6}xxxxxxxxx.{EPS=344.353,ETD=5.6}xxxxdxxxxxx.{EPS=320.102,ETD=5.6}xxxxxxxxx.{EPS=297.619,ETD=5.6}xxxxxxxxxxd.{EPS=276.702,ETD=5.6}xxxxxxxxx.{EPS=255.885,ETD=7.886}dddxx.{EPS=249.626,ETD=8.42}xxxxxxxxdx.{EPS=227.687,ETD=10.96}xxxxxxxxx.{EPS=208.247,ETD=11.02}xxxxxxxdd.{EPS=195.618,ETD=16.186}ddxxxxxx.{EPS=188.679,ETD=27.792}xxxxxxxxdx.{EPS=174.703,ETD=30.618}xxdd.{EPS=176.616,ETD=38.48}xddd.{EPS=183.284,ETD=39.068}ddd.{EPS=191.791,ETD=40.368}ddd.{EPS=202.84,ETD=39.764}ddddd.{EPS=203.087,ETD=40.474}ddd.{EPS=218.914,ETD=38.076}dddd.{EPS=239.578,ETD=38.354}ddd.{EPS=260.824,ETD=34.07}dxd.{EPS=280.426,ETD=23.774}dddd.{EPS=322.997,ETD=21.674}ddd.{EPS=328.515,ETD=13.538}dddd.{EPS=320.307,ETD=14.022}ddd.{EPS=309.789,ETD=13.178}ddd.{EPS=306.185,ETD=12.878}dd.{EPS=306.185,ETD=12.392}ddddd.{EPS=309.789,ETD=22.85}ddddddddd.{EPS=314.07,ETD=146.014}dddddddxd.{EPS=327.439,ETD=441.104}ddddddd.{EPS=339.443,ETD=752.704}dddxddd.{EPS=364.431,ETD=1076.98}ddxddd~~~~~~dd~~~~~~~~~~~~~~~~~~~~~~~~~~~~~~~~~~~~~~~~~~~~~~~~~~~~~~~~~~~~~~~~~~~~~~~~~~~~~~~~~~~~~~~~~~~~~~~~~~~~~~~~~~~~~~~~~~~~~~~~~~~~~~~~~~~~~~~~~~~~~~~~~~~~~~~~~~~~~~~~~~~~~~~~~~~~~~~~~~~~~~~~~~~~~~~~~~~~~~~~~~~~~~~~~~~~~~~~~~~~~~~~~~~~~~~~~~~~~~~~~~~~~~~~~~~~~~~~~~~~~~~~~~~~~~~~~~~~~~~~~~~~~~~~~~~~~~~~~~~~~~~~~~~~~~~~~~~~~~~~~~~~~~~~~~~~~~~~~~~~~~~~~~~~~~~~~~~~~~~~~~~~~~~~~~~~~~~~~~~~~~~~~~~~~~~~~~~~~~~~~~~~~~~~~~~~~~~~~~~~~~~~~~~~~~~~~~~~~~~~~~~~~~~~~~~~~~~~~~~~~~~~~~~~~~~~~~~~~~~~~~~~~~~~~~~~~~~~~~~~~~~~~~~~~~~~~~~~~~~~~~~~~~~~~~~~~~~~~~~~~~~~~~~~~~~~~~~~~~~~~~~~~~~~~~~~~~~~~~~~~~~~~~~~~~~~~~~~~~~~~~~~~~~~~~~~~~~~~~~~~~~~~~~~~~~~~~~~~~~~~~~~~~~~~~~~~~~~~~~~~~~~~~~~~~~~~~~~~~~~~~~~~~~~~~~~~~~~~~~~~~~~~~~~~~~~~~~~~~~.{EPS=385.802,ETD=1418.55}d~~~~~~~~~~~~~~~~~~~~~~~~~~~~~~~~~~~~~~~~~~~~~~~~~~~~~~~~~~~~~~~~~~~~~~~~~~~~~~~~~~~~~~~~~~~~~~~~~~~~~~~~~~~~~~~~~~~~~~~~~~~~~~~~~~~~~~~~~~~~~~~~~~~~~~~~~~~~~~~~~~~~~~~~~~~~~~~~~~~~~~~~~~~~~~~~~~~~~~~~~~~~~~~~~~~~~~~~~~~~~~~~~~~~~~~~~~~~~~~~~~~~~~~~~~~~~~~~~~~~~~~~~~~~~~~~~~~~~~~~~~~~~~~~~~~~~~~~~~~~~~~~~~~~~~~~~~~~~~~~~~~~~~~~~~~~~~~~~~~~~~~~~~~~~~~~~~~~~~~~~~~~~~~~~~~~~~~~~~~~~~~~~~~~~~~~~~~~~~~~~~~~~~~~~~~~~~~~~~~~~~~~~~~~~~dx~~~~~~~~~~~~~~~~~~~~~~~~~~~~~~~~~~~~~~~~~~~~~~~~~~~~~~~~~~~~~~~~~~~~~~~~~~~~~~~~~~~~~~~~~~~~~~~~~~~~~~~~~~~~~~~~~~~~~~~~~~~~~~~~~~~~~~~~~~~~~~~~~~~~~~~~~~~~~~~~~~~~~~~~~~~~~~~~~~~~~~~~~~~~~~~~~~~~~~~~~~~~~~~~~~~~~~~~~~~~~~~~~~~~~~~~~~~~~~~~~~~~~~~~~~~~~~~~~~~~~~~~~~~~~~~d~~~~~~~~~~~~~~~~~~~~~~~~~~~~~~~~~~~~~~~~~~~~~~~~~~~~~~~~~~~~~~~~~~~~~~~~~~~~~~~~~~~~~~~~~~~~~~~~~~~~~~~~~~~~~~~~~~~~~~~~~~~~~~~~~~~~~~~~~~~~~~~~~~~~~~~~~~~~~~~~~~~~~~~~~~~~~~~~~~~~~~~~~~~~~~~~~~~~~~~~~~~~~~~~~~~~~~~~~~~~~~~~~~~~~~~~~~~~~~~~~~~~~~~~~~~~~~~~~~~~~~~~~~~~~~~~~~~~~~~~~~~~~~~~~~~~~~~~~~~~~~~~~~~~~~~~~~~~~~~~~dd~~~~~~~~~~~~~~~~~~~~~~~~~~~~~~~~~~~~~~~~~~~~~~~~~~~~~~~~~~~~~~~~~~~~~~~~~~~~~~~~~~~~~~~~~~~~~~~~~~~~~~~~~~~~~~~~~~~~~~~~~~~~~~~~~~~~~~~~~~~~~~~~~~~~~~~~~~~~~~~~~~~~~~~~~~~~~~~~~~~~~~~~~~~~~~~~~~~~~~~~~~~~~~~~~~~~~~~~~~~~~~~~~~~~~~~~~~~~~~~~~~~~~~~~~~~~~~~~~~~~~~~~~~~~~~~~~~~~~~~~~~~~~~~~~~~~~~~~~~~~~~~~~~~~~~~~~~~~~~~~~~~~~~~~~~~~~~~~~~~~~~~~~~~~~~~~~~~~~~~~~~~~~~~~~~~~~~~~~~~~~~~~~~~~~~~~~~~~~~~~~~~~~~~~~~~~~~~~~~~~~~~~~~~~~~~~~~~~~~~~~~~~~~~~~~~~~~~~~~~~~~~~~~~~~~~~~~~~~~~~~~~~~~~~~~~~~~~~~~~~~~~~~~~~~~~~~~~~~~~~~~~~~~~~~~~~~~~~~~~~~~~~~~~~~~~~~~~~~~~~~~~~~~~~~~~~~~~~~~~~~~~~~~~~~~~~~~~~~~~~~~~~~~~~~~~~~~~~~~~~~~~~~~~~~~~~~~~~~~~~~~~~~~~~~~~~~~~~~~~~~~~~~~~~~~~~~~~~~~~~~~~~~~~~~~~~~~~~~~~~~~~~~~~~~.{EPS=425.17,ETD=1771.99}~~~~~~~~~~~~~~~~~~~~~~~~~~~~~~~~~~~~~~~~~~~~~~~~~~~~~~~~~~~~~~~~~~~~~~~~~~~~~~~~~~~~~~~~~~~~~~~~~~~~~~~~~~~~~~~~~~~~~~~~~~~~~~~~~~~~~~~~~~~~~~~~~~~~~~~~~~~~~~~~~~~~~~~~~~~~~~~~~~~~~~~~~~~~~~~~~~~~~~~~~~~~~~~~~~~~~~~~~~~~~~~~~~~~~~~~~~~~~~~~~~~~~~~~~~~~~~~~~~~~~~~~~~~~~~~~~~~~~~~~~~~~~~~~~~~~~~~~~~~~~~~~~~~~~~~~~~~~~~~~~~~~~~~~~~~~~~~~~~~~~~~~~~~~~~~~~~~~~~~~~~~~~~~~~~~~~~~~~~~~~~~~~~~~d~~~~~~~~~~~~~~~~~~~~~~~~~~~~~~~~~~~~~~~~~~~~~~~~~~~~d~~~~ddx~~~~~~~~~~dd~~~~~~~~~.{EPS=474.834,ETD=2134.06}d~~~~~~~~~~~~~~~~~~~~~~~~~d~~~~~~~~~~~~~~~~~~~~~~~~~~~~~~~~~~~~~~~~~~~dd~~~~~~~~~~~~~~~~~~~~~~~~~~~~~~~~~~~.{EPS=526.87,ETD=2499.03}d~~~~~~~~~~~~~~~~~~~~~~~~~~~~~~~~~~~~~~~~~~~~~~~~~~d~~~~~~~~~~~~~~~~~~~~~~~~~~~~~~~~~~~~~~~~~~~~~~~~~~~~~~~~~~~~~~~~~~~~~~~~~~~~~~~~~~~~~~~~~~~~~~~~~~~~~~~~~~~~~~~~~~~~~~~~~~~~~~~~~~~~~~~~~~~~~~~~~~~~~~~~~~~~~~~~~~~~~~~~~~~~~~~~~~~~~~~~~~~~~~~~~~~~~~~~~~~~~~~~~~~~~~~~~~~~~~~~~~~~~~~~~~~~~~~~~~~~~~~~~~~~~~~~~~~~~~~~~~~~~~~~~~~~~~~~~~~~~~~~~~~~~~~~~~~~~~~~~~~~~~~~~~~~~~~~~~~~~~~~~~~~~~~~~~~~~~~~~~~~~~~~~
;;;; Problem Unsolvable
; Nodes Generated: 16657
; Nodes Expanded:  3839
; Nodes Evaluated: 16656
; Nodes Tunneled:  477
; Nodes memoised with open actions: 22442
; Nodes memoised without open actions: 13131
; Nodes pruned by memoisation: 18916
; Time 10.00
