Warnings encountered when parsing Domain/Problem File
-----------------------------------------------------

The supplied domain/problem file appear to violate part of the PDDL
language specification.  Specifically:

Errors: 0, warnings: 196
pddl-instances/ipc-2004/domains/airport-temporal-time-windows-strips/domains/domain-15.pddl: line: 2518: Warning: Undeclared requirement :number-fluents 
pddl-instances/ipc-2004/domains/airport-temporal-time-windows-strips/domains/domain-15.pddl: line: 2518: Warning: Undeclared requirement :number-fluents 
pddl-instances/ipc-2004/domains/airport-temporal-time-windows-strips/domains/domain-15.pddl: line: 2538: Warning: Undeclared requirement :number-fluents 
pddl-instances/ipc-2004/domains/airport-temporal-time-windows-strips/domains/domain-15.pddl: line: 2538: Warning: Undeclared requirement :number-fluents 
pddl-instances/ipc-2004/domains/airport-temporal-time-windows-strips/domains/domain-15.pddl: line: 2555: Warning: Undeclared requirement :number-fluents 
pddl-instances/ipc-2004/domains/airport-temporal-time-windows-strips/domains/domain-15.pddl: line: 2555: Warning: Undeclared requirement :number-fluents 
pddl-instances/ipc-2004/domains/airport-temporal-time-windows-strips/domains/domain-15.pddl: line: 2575: Warning: Undeclared requirement :number-fluents 
pddl-instances/ipc-2004/domains/airport-temporal-time-windows-strips/domains/domain-15.pddl: line: 2575: Warning: Undeclared requirement :number-fluents 
pddl-instances/ipc-2004/domains/airport-temporal-time-windows-strips/domains/domain-15.pddl: line: 2592: Warning: Undeclared requirement :number-fluents 
pddl-instances/ipc-2004/domains/airport-temporal-time-windows-strips/domains/domain-15.pddl: line: 2592: Warning: Undeclared requirement :number-fluents 
pddl-instances/ipc-2004/domains/airport-temporal-time-windows-strips/domains/domain-15.pddl: line: 2609: Warning: Undeclared requirement :number-fluents 
pddl-instances/ipc-2004/domains/airport-temporal-time-windows-strips/domains/domain-15.pddl: line: 2609: Warning: Undeclared requirement :number-fluents 
pddl-instances/ipc-2004/domains/airport-temporal-time-windows-strips/domains/domain-15.pddl: line: 2626: Warning: Undeclared requirement :number-fluents 
pddl-instances/ipc-2004/domains/airport-temporal-time-windows-strips/domains/domain-15.pddl: line: 2626: Warning: Undeclared requirement :number-fluents 
pddl-instances/ipc-2004/domains/airport-temporal-time-windows-strips/domains/domain-15.pddl: line: 2643: Warning: Undeclared requirement :number-fluents 
pddl-instances/ipc-2004/domains/airport-temporal-time-windows-strips/domains/domain-15.pddl: line: 2643: Warning: Undeclared requirement :number-fluents 
pddl-instances/ipc-2004/domains/airport-temporal-time-windows-strips/domains/domain-15.pddl: line: 2660: Warning: Undeclared requirement :number-fluents 
pddl-instances/ipc-2004/domains/airport-temporal-time-windows-strips/domains/domain-15.pddl: line: 2660: Warning: Undeclared requirement :number-fluents 
pddl-instances/ipc-2004/domains/airport-temporal-time-windows-strips/domains/domain-15.pddl: line: 2677: Warning: Undeclared requirement :number-fluents 
pddl-instances/ipc-2004/domains/airport-temporal-time-windows-strips/domains/domain-15.pddl: line: 2677: Warning: Undeclared requirement :number-fluents 
pddl-instances/ipc-2004/domains/airport-temporal-time-windows-strips/domains/domain-15.pddl: line: 2694: Warning: Undeclared requirement :number-fluents 
pddl-instances/ipc-2004/domains/airport-temporal-time-windows-strips/domains/domain-15.pddl: line: 2694: Warning: Undeclared requirement :number-fluents 
pddl-instances/ipc-2004/domains/airport-temporal-time-windows-strips/domains/domain-15.pddl: line: 2711: Warning: Undeclared requirement :number-fluents 
pddl-instances/ipc-2004/domains/airport-temporal-time-windows-strips/domains/domain-15.pddl: line: 2711: Warning: Undeclared requirement :number-fluents 
pddl-instances/ipc-2004/domains/airport-temporal-time-windows-strips/domains/domain-15.pddl: line: 2728: Warning: Undeclared requirement :number-fluents 
pddl-instances/ipc-2004/domains/airport-temporal-time-windows-strips/domains/domain-15.pddl: line: 2728: Warning: Undeclared requirement :number-fluents 
pddl-instances/ipc-2004/domains/airport-temporal-time-windows-strips/domains/domain-15.pddl: line: 2748: Warning: Undeclared requirement :number-fluents 
pddl-instances/ipc-2004/domains/airport-temporal-time-windows-strips/domains/domain-15.pddl: line: 2748: Warning: Undeclared requirement :number-fluents 
pddl-instances/ipc-2004/domains/airport-temporal-time-windows-strips/domains/domain-15.pddl: line: 2765: Warning: Undeclared requirement :number-fluents 
pddl-instances/ipc-2004/domains/airport-temporal-time-windows-strips/domains/domain-15.pddl: line: 2765: Warning: Undeclared requirement :number-fluents 
pddl-instances/ipc-2004/domains/airport-temporal-time-windows-strips/domains/domain-15.pddl: line: 2782: Warning: Undeclared requirement :number-fluents 
pddl-instances/ipc-2004/domains/airport-temporal-time-windows-strips/domains/domain-15.pddl: line: 2782: Warning: Undeclared requirement :number-fluents 
pddl-instances/ipc-2004/domains/airport-temporal-time-windows-strips/domains/domain-15.pddl: line: 2802: Warning: Undeclared requirement :number-fluents 
pddl-instances/ipc-2004/domains/airport-temporal-time-windows-strips/domains/domain-15.pddl: line: 2802: Warning: Undeclared requirement :number-fluents 
pddl-instances/ipc-2004/domains/airport-temporal-time-windows-strips/domains/domain-15.pddl: line: 2819: Warning: Undeclared requirement :number-fluents 
pddl-instances/ipc-2004/domains/airport-temporal-time-windows-strips/domains/domain-15.pddl: line: 2819: Warning: Undeclared requirement :number-fluents 
pddl-instances/ipc-2004/domains/airport-temporal-time-windows-strips/domains/domain-15.pddl: line: 2839: Warning: Undeclared requirement :number-fluents 
pddl-instances/ipc-2004/domains/airport-temporal-time-windows-strips/domains/domain-15.pddl: line: 2839: Warning: Undeclared requirement :number-fluents 
pddl-instances/ipc-2004/domains/airport-temporal-time-windows-strips/domains/domain-15.pddl: line: 2856: Warning: Undeclared requirement :number-fluents 
pddl-instances/ipc-2004/domains/airport-temporal-time-windows-strips/domains/domain-15.pddl: line: 2856: Warning: Undeclared requirement :number-fluents 
pddl-instances/ipc-2004/domains/airport-temporal-time-windows-strips/domains/domain-15.pddl: line: 2873: Warning: Undeclared requirement :number-fluents 
pddl-instances/ipc-2004/domains/airport-temporal-time-windows-strips/domains/domain-15.pddl: line: 2873: Warning: Undeclared requirement :number-fluents 
pddl-instances/ipc-2004/domains/airport-temporal-time-windows-strips/domains/domain-15.pddl: line: 2890: Warning: Undeclared requirement :number-fluents 
pddl-instances/ipc-2004/domains/airport-temporal-time-windows-strips/domains/domain-15.pddl: line: 2890: Warning: Undeclared requirement :number-fluents 
pddl-instances/ipc-2004/domains/airport-temporal-time-windows-strips/domains/domain-15.pddl: line: 2907: Warning: Undeclared requirement :number-fluents 
pddl-instances/ipc-2004/domains/airport-temporal-time-windows-strips/domains/domain-15.pddl: line: 2907: Warning: Undeclared requirement :number-fluents 
pddl-instances/ipc-2004/domains/airport-temporal-time-windows-strips/domains/domain-15.pddl: line: 2924: Warning: Undeclared requirement :number-fluents 
pddl-instances/ipc-2004/domains/airport-temporal-time-windows-strips/domains/domain-15.pddl: line: 2924: Warning: Undeclared requirement :number-fluents 
pddl-instances/ipc-2004/domains/airport-temporal-time-windows-strips/domains/domain-15.pddl: line: 2941: Warning: Undeclared requirement :number-fluents 
pddl-instances/ipc-2004/domains/airport-temporal-time-windows-strips/domains/domain-15.pddl: line: 2941: Warning: Undeclared requirement :number-fluents 
pddl-instances/ipc-2004/domains/airport-temporal-time-windows-strips/domains/domain-15.pddl: line: 2958: Warning: Undeclared requirement :number-fluents 
pddl-instances/ipc-2004/domains/airport-temporal-time-windows-strips/domains/domain-15.pddl: line: 2958: Warning: Undeclared requirement :number-fluents 
pddl-instances/ipc-2004/domains/airport-temporal-time-windows-strips/domains/domain-15.pddl: line: 2975: Warning: Undeclared requirement :number-fluents 
pddl-instances/ipc-2004/domains/airport-temporal-time-windows-strips/domains/domain-15.pddl: line: 2975: Warning: Undeclared requirement :number-fluents 
pddl-instances/ipc-2004/domains/airport-temporal-time-windows-strips/domains/domain-15.pddl: line: 2992: Warning: Undeclared requirement :number-fluents 
pddl-instances/ipc-2004/domains/airport-temporal-time-windows-strips/domains/domain-15.pddl: line: 2992: Warning: Undeclared requirement :number-fluents 
pddl-instances/ipc-2004/domains/airport-temporal-time-windows-strips/domains/domain-15.pddl: line: 3009: Warning: Undeclared requirement :number-fluents 
pddl-instances/ipc-2004/domains/airport-temporal-time-windows-strips/domains/domain-15.pddl: line: 3009: Warning: Undeclared requirement :number-fluents 
pddl-instances/ipc-2004/domains/airport-temporal-time-windows-strips/domains/domain-15.pddl: line: 3032: Warning: Undeclared requirement :number-fluents 
pddl-instances/ipc-2004/domains/airport-temporal-time-windows-strips/domains/domain-15.pddl: line: 3032: Warning: Undeclared requirement :number-fluents 
pddl-instances/ipc-2004/domains/airport-temporal-time-windows-strips/domains/domain-15.pddl: line: 3049: Warning: Undeclared requirement :number-fluents 
pddl-instances/ipc-2004/domains/airport-temporal-time-windows-strips/domains/domain-15.pddl: line: 3049: Warning: Undeclared requirement :number-fluents 
pddl-instances/ipc-2004/domains/airport-temporal-time-windows-strips/domains/domain-15.pddl: line: 3066: Warning: Undeclared requirement :number-fluents 
pddl-instances/ipc-2004/domains/airport-temporal-time-windows-strips/domains/domain-15.pddl: line: 3066: Warning: Undeclared requirement :number-fluents 
pddl-instances/ipc-2004/domains/airport-temporal-time-windows-strips/domains/domain-15.pddl: line: 3089: Warning: Undeclared requirement :number-fluents 
pddl-instances/ipc-2004/domains/airport-temporal-time-windows-strips/domains/domain-15.pddl: line: 3089: Warning: Undeclared requirement :number-fluents 
pddl-instances/ipc-2004/domains/airport-temporal-time-windows-strips/domains/domain-15.pddl: line: 3106: Warning: Undeclared requirement :number-fluents 
pddl-instances/ipc-2004/domains/airport-temporal-time-windows-strips/domains/domain-15.pddl: line: 3106: Warning: Undeclared requirement :number-fluents 
pddl-instances/ipc-2004/domains/airport-temporal-time-windows-strips/domains/domain-15.pddl: line: 3129: Warning: Undeclared requirement :number-fluents 
pddl-instances/ipc-2004/domains/airport-temporal-time-windows-strips/domains/domain-15.pddl: line: 3129: Warning: Undeclared requirement :number-fluents 
pddl-instances/ipc-2004/domains/airport-temporal-time-windows-strips/domains/domain-15.pddl: line: 3146: Warning: Undeclared requirement :number-fluents 
pddl-instances/ipc-2004/domains/airport-temporal-time-windows-strips/domains/domain-15.pddl: line: 3146: Warning: Undeclared requirement :number-fluents 
pddl-instances/ipc-2004/domains/airport-temporal-time-windows-strips/domains/domain-15.pddl: line: 3169: Warning: Undeclared requirement :number-fluents 
pddl-instances/ipc-2004/domains/airport-temporal-time-windows-strips/domains/domain-15.pddl: line: 3169: Warning: Undeclared requirement :number-fluents 
pddl-instances/ipc-2004/domains/airport-temporal-time-windows-strips/domains/domain-15.pddl: line: 3192: Warning: Undeclared requirement :number-fluents 
pddl-instances/ipc-2004/domains/airport-temporal-time-windows-strips/domains/domain-15.pddl: line: 3192: Warning: Undeclared requirement :number-fluents 
pddl-instances/ipc-2004/domains/airport-temporal-time-windows-strips/domains/domain-15.pddl: line: 3209: Warning: Undeclared requirement :number-fluents 
pddl-instances/ipc-2004/domains/airport-temporal-time-windows-strips/domains/domain-15.pddl: line: 3209: Warning: Undeclared requirement :number-fluents 
pddl-instances/ipc-2004/domains/airport-temporal-time-windows-strips/domains/domain-15.pddl: line: 3226: Warning: Undeclared requirement :number-fluents 
pddl-instances/ipc-2004/domains/airport-temporal-time-windows-strips/domains/domain-15.pddl: line: 3226: Warning: Undeclared requirement :number-fluents 
pddl-instances/ipc-2004/domains/airport-temporal-time-windows-strips/domains/domain-15.pddl: line: 3249: Warning: Undeclared requirement :number-fluents 
pddl-instances/ipc-2004/domains/airport-temporal-time-windows-strips/domains/domain-15.pddl: line: 3249: Warning: Undeclared requirement :number-fluents 
pddl-instances/ipc-2004/domains/airport-temporal-time-windows-strips/domains/domain-15.pddl: line: 3266: Warning: Undeclared requirement :number-fluents 
pddl-instances/ipc-2004/domains/airport-temporal-time-windows-strips/domains/domain-15.pddl: line: 3266: Warning: Undeclared requirement :number-fluents 
pddl-instances/ipc-2004/domains/airport-temporal-time-windows-strips/domains/domain-15.pddl: line: 3289: Warning: Undeclared requirement :number-fluents 
pddl-instances/ipc-2004/domains/airport-temporal-time-windows-strips/domains/domain-15.pddl: line: 3289: Warning: Undeclared requirement :number-fluents 
pddl-instances/ipc-2004/domains/airport-temporal-time-windows-strips/domains/domain-15.pddl: line: 3306: Warning: Undeclared requirement :number-fluents 
pddl-instances/ipc-2004/domains/airport-temporal-time-windows-strips/domains/domain-15.pddl: line: 3306: Warning: Undeclared requirement :number-fluents 
pddl-instances/ipc-2004/domains/airport-temporal-time-windows-strips/domains/domain-15.pddl: line: 3329: Warning: Undeclared requirement :number-fluents 
pddl-instances/ipc-2004/domains/airport-temporal-time-windows-strips/domains/domain-15.pddl: line: 3329: Warning: Undeclared requirement :number-fluents 
pddl-instances/ipc-2004/domains/airport-temporal-time-windows-strips/domains/domain-15.pddl: line: 3343: Warning: Undeclared requirement :number-fluents 
pddl-instances/ipc-2004/domains/airport-temporal-time-windows-strips/domains/domain-15.pddl: line: 3343: Warning: Undeclared requirement :number-fluents 
pddl-instances/ipc-2004/domains/airport-temporal-time-windows-strips/domains/domain-15.pddl: line: 3384: Warning: Undeclared requirement :number-fluents 
pddl-instances/ipc-2004/domains/airport-temporal-time-windows-strips/domains/domain-15.pddl: line: 3384: Warning: Undeclared requirement :number-fluents 
pddl-instances/ipc-2004/domains/airport-temporal-time-windows-strips/domains/domain-15.pddl: line: 3398: Warning: Undeclared requirement :number-fluents 
pddl-instances/ipc-2004/domains/airport-temporal-time-windows-strips/domains/domain-15.pddl: line: 3398: Warning: Undeclared requirement :number-fluents 
pddl-instances/ipc-2004/domains/airport-temporal-time-windows-strips/domains/domain-15.pddl: line: 3439: Warning: Undeclared requirement :number-fluents 
pddl-instances/ipc-2004/domains/airport-temporal-time-windows-strips/domains/domain-15.pddl: line: 3439: Warning: Undeclared requirement :number-fluents 
pddl-instances/ipc-2004/domains/airport-temporal-time-windows-strips/domains/domain-15.pddl: line: 3453: Warning: Undeclared requirement :number-fluents 
pddl-instances/ipc-2004/domains/airport-temporal-time-windows-strips/domains/domain-15.pddl: line: 3453: Warning: Undeclared requirement :number-fluents 
pddl-instances/ipc-2004/domains/airport-temporal-time-windows-strips/domains/domain-15.pddl: line: 3494: Warning: Undeclared requirement :number-fluents 
pddl-instances/ipc-2004/domains/airport-temporal-time-windows-strips/domains/domain-15.pddl: line: 3494: Warning: Undeclared requirement :number-fluents 
pddl-instances/ipc-2004/domains/airport-temporal-time-windows-strips/domains/domain-15.pddl: line: 3508: Warning: Undeclared requirement :number-fluents 
pddl-instances/ipc-2004/domains/airport-temporal-time-windows-strips/domains/domain-15.pddl: line: 3508: Warning: Undeclared requirement :number-fluents 
pddl-instances/ipc-2004/domains/airport-temporal-time-windows-strips/domains/domain-15.pddl: line: 3549: Warning: Undeclared requirement :number-fluents 
pddl-instances/ipc-2004/domains/airport-temporal-time-windows-strips/domains/domain-15.pddl: line: 3549: Warning: Undeclared requirement :number-fluents 
pddl-instances/ipc-2004/domains/airport-temporal-time-windows-strips/domains/domain-15.pddl: line: 3563: Warning: Undeclared requirement :number-fluents 
pddl-instances/ipc-2004/domains/airport-temporal-time-windows-strips/domains/domain-15.pddl: line: 3563: Warning: Undeclared requirement :number-fluents 
pddl-instances/ipc-2004/domains/airport-temporal-time-windows-strips/domains/domain-15.pddl: line: 3580: Warning: Undeclared requirement :number-fluents 
pddl-instances/ipc-2004/domains/airport-temporal-time-windows-strips/domains/domain-15.pddl: line: 3580: Warning: Undeclared requirement :number-fluents 
pddl-instances/ipc-2004/domains/airport-temporal-time-windows-strips/domains/domain-15.pddl: line: 3597: Warning: Undeclared requirement :number-fluents 
pddl-instances/ipc-2004/domains/airport-temporal-time-windows-strips/domains/domain-15.pddl: line: 3597: Warning: Undeclared requirement :number-fluents 
pddl-instances/ipc-2004/domains/airport-temporal-time-windows-strips/domains/domain-15.pddl: line: 3614: Warning: Undeclared requirement :number-fluents 
pddl-instances/ipc-2004/domains/airport-temporal-time-windows-strips/domains/domain-15.pddl: line: 3614: Warning: Undeclared requirement :number-fluents 
pddl-instances/ipc-2004/domains/airport-temporal-time-windows-strips/domains/domain-15.pddl: line: 3631: Warning: Undeclared requirement :number-fluents 
pddl-instances/ipc-2004/domains/airport-temporal-time-windows-strips/domains/domain-15.pddl: line: 3631: Warning: Undeclared requirement :number-fluents 
pddl-instances/ipc-2004/domains/airport-temporal-time-windows-strips/domains/domain-15.pddl: line: 3648: Warning: Undeclared requirement :number-fluents 
pddl-instances/ipc-2004/domains/airport-temporal-time-windows-strips/domains/domain-15.pddl: line: 3648: Warning: Undeclared requirement :number-fluents 
pddl-instances/ipc-2004/domains/airport-temporal-time-windows-strips/domains/domain-15.pddl: line: 3665: Warning: Undeclared requirement :number-fluents 
pddl-instances/ipc-2004/domains/airport-temporal-time-windows-strips/domains/domain-15.pddl: line: 3665: Warning: Undeclared requirement :number-fluents 
pddl-instances/ipc-2004/domains/airport-temporal-time-windows-strips/domains/domain-15.pddl: line: 3682: Warning: Undeclared requirement :number-fluents 
pddl-instances/ipc-2004/domains/airport-temporal-time-windows-strips/domains/domain-15.pddl: line: 3682: Warning: Undeclared requirement :number-fluents 
pddl-instances/ipc-2004/domains/airport-temporal-time-windows-strips/domains/domain-15.pddl: line: 3699: Warning: Undeclared requirement :number-fluents 
pddl-instances/ipc-2004/domains/airport-temporal-time-windows-strips/domains/domain-15.pddl: line: 3699: Warning: Undeclared requirement :number-fluents 
pddl-instances/ipc-2004/domains/airport-temporal-time-windows-strips/domains/domain-15.pddl: line: 3716: Warning: Undeclared requirement :number-fluents 
pddl-instances/ipc-2004/domains/airport-temporal-time-windows-strips/domains/domain-15.pddl: line: 3716: Warning: Undeclared requirement :number-fluents 
pddl-instances/ipc-2004/domains/airport-temporal-time-windows-strips/domains/domain-15.pddl: line: 3733: Warning: Undeclared requirement :number-fluents 
pddl-instances/ipc-2004/domains/airport-temporal-time-windows-strips/domains/domain-15.pddl: line: 3733: Warning: Undeclared requirement :number-fluents 
pddl-instances/ipc-2004/domains/airport-temporal-time-windows-strips/domains/domain-15.pddl: line: 3750: Warning: Undeclared requirement :number-fluents 
pddl-instances/ipc-2004/domains/airport-temporal-time-windows-strips/domains/domain-15.pddl: line: 3750: Warning: Undeclared requirement :number-fluents 
pddl-instances/ipc-2004/domains/airport-temporal-time-windows-strips/domains/domain-15.pddl: line: 3767: Warning: Undeclared requirement :number-fluents 
pddl-instances/ipc-2004/domains/airport-temporal-time-windows-strips/domains/domain-15.pddl: line: 3767: Warning: Undeclared requirement :number-fluents 
pddl-instances/ipc-2004/domains/airport-temporal-time-windows-strips/domains/domain-15.pddl: line: 3784: Warning: Undeclared requirement :number-fluents 
pddl-instances/ipc-2004/domains/airport-temporal-time-windows-strips/domains/domain-15.pddl: line: 3784: Warning: Undeclared requirement :number-fluents 
pddl-instances/ipc-2004/domains/airport-temporal-time-windows-strips/domains/domain-15.pddl: line: 3801: Warning: Undeclared requirement :number-fluents 
pddl-instances/ipc-2004/domains/airport-temporal-time-windows-strips/domains/domain-15.pddl: line: 3801: Warning: Undeclared requirement :number-fluents 
pddl-instances/ipc-2004/domains/airport-temporal-time-windows-strips/domains/domain-15.pddl: line: 3818: Warning: Undeclared requirement :number-fluents 
pddl-instances/ipc-2004/domains/airport-temporal-time-windows-strips/domains/domain-15.pddl: line: 3818: Warning: Undeclared requirement :number-fluents 
pddl-instances/ipc-2004/domains/airport-temporal-time-windows-strips/domains/domain-15.pddl: line: 3835: Warning: Undeclared requirement :number-fluents 
pddl-instances/ipc-2004/domains/airport-temporal-time-windows-strips/domains/domain-15.pddl: line: 3835: Warning: Undeclared requirement :number-fluents 
pddl-instances/ipc-2004/domains/airport-temporal-time-windows-strips/domains/domain-15.pddl: line: 3852: Warning: Undeclared requirement :number-fluents 
pddl-instances/ipc-2004/domains/airport-temporal-time-windows-strips/domains/domain-15.pddl: line: 3852: Warning: Undeclared requirement :number-fluents 
pddl-instances/ipc-2004/domains/airport-temporal-time-windows-strips/domains/domain-15.pddl: line: 3869: Warning: Undeclared requirement :number-fluents 
pddl-instances/ipc-2004/domains/airport-temporal-time-windows-strips/domains/domain-15.pddl: line: 3869: Warning: Undeclared requirement :number-fluents 
pddl-instances/ipc-2004/domains/airport-temporal-time-windows-strips/domains/domain-15.pddl: line: 3886: Warning: Undeclared requirement :number-fluents 
pddl-instances/ipc-2004/domains/airport-temporal-time-windows-strips/domains/domain-15.pddl: line: 3886: Warning: Undeclared requirement :number-fluents 
pddl-instances/ipc-2004/domains/airport-temporal-time-windows-strips/domains/domain-15.pddl: line: 3903: Warning: Undeclared requirement :number-fluents 
pddl-instances/ipc-2004/domains/airport-temporal-time-windows-strips/domains/domain-15.pddl: line: 3903: Warning: Undeclared requirement :number-fluents 
pddl-instances/ipc-2004/domains/airport-temporal-time-windows-strips/instances/instance-15.pddl: line: 266: Warning: Undeclared requirement :number-fluents 
pddl-instances/ipc-2004/domains/airport-temporal-time-windows-strips/instances/instance-15.pddl: line: 267: Warning: Undeclared requirement :number-fluents 
pddl-instances/ipc-2004/domains/airport-temporal-time-windows-strips/instances/instance-15.pddl: line: 268: Warning: Undeclared requirement :number-fluents 
pddl-instances/ipc-2004/domains/airport-temporal-time-windows-strips/instances/instance-15.pddl: line: 269: Warning: Undeclared requirement :number-fluents 
pddl-instances/ipc-2004/domains/airport-temporal-time-windows-strips/instances/instance-15.pddl: line: 270: Warning: Undeclared requirement :number-fluents 
pddl-instances/ipc-2004/domains/airport-temporal-time-windows-strips/instances/instance-15.pddl: line: 271: Warning: Undeclared requirement :number-fluents 
pddl-instances/ipc-2004/domains/airport-temporal-time-windows-strips/instances/instance-15.pddl: line: 272: Warning: Undeclared requirement :number-fluents 
pddl-instances/ipc-2004/domains/airport-temporal-time-windows-strips/instances/instance-15.pddl: line: 273: Warning: Undeclared requirement :number-fluents 
pddl-instances/ipc-2004/domains/airport-temporal-time-windows-strips/instances/instance-15.pddl: line: 274: Warning: Undeclared requirement :number-fluents 
pddl-instances/ipc-2004/domains/airport-temporal-time-windows-strips/instances/instance-15.pddl: line: 275: Warning: Undeclared requirement :number-fluents 
pddl-instances/ipc-2004/domains/airport-temporal-time-windows-strips/instances/instance-15.pddl: line: 276: Warning: Undeclared requirement :number-fluents 
pddl-instances/ipc-2004/domains/airport-temporal-time-windows-strips/instances/instance-15.pddl: line: 277: Warning: Undeclared requirement :number-fluents 
pddl-instances/ipc-2004/domains/airport-temporal-time-windows-strips/instances/instance-15.pddl: line: 278: Warning: Undeclared requirement :number-fluents 
pddl-instances/ipc-2004/domains/airport-temporal-time-windows-strips/instances/instance-15.pddl: line: 279: Warning: Undeclared requirement :number-fluents 
pddl-instances/ipc-2004/domains/airport-temporal-time-windows-strips/instances/instance-15.pddl: line: 280: Warning: Undeclared requirement :number-fluents 
pddl-instances/ipc-2004/domains/airport-temporal-time-windows-strips/instances/instance-15.pddl: line: 281: Warning: Undeclared requirement :number-fluents 
pddl-instances/ipc-2004/domains/airport-temporal-time-windows-strips/instances/instance-15.pddl: line: 282: Warning: Undeclared requirement :number-fluents 
pddl-instances/ipc-2004/domains/airport-temporal-time-windows-strips/instances/instance-15.pddl: line: 283: Warning: Undeclared requirement :number-fluents 
pddl-instances/ipc-2004/domains/airport-temporal-time-windows-strips/instances/instance-15.pddl: line: 284: Warning: Undeclared requirement :number-fluents 
pddl-instances/ipc-2004/domains/airport-temporal-time-windows-strips/instances/instance-15.pddl: line: 285: Warning: Undeclared requirement :number-fluents 
pddl-instances/ipc-2004/domains/airport-temporal-time-windows-strips/instances/instance-15.pddl: line: 286: Warning: Undeclared requirement :number-fluents 
pddl-instances/ipc-2004/domains/airport-temporal-time-windows-strips/instances/instance-15.pddl: line: 287: Warning: Undeclared requirement :number-fluents 
pddl-instances/ipc-2004/domains/airport-temporal-time-windows-strips/instances/instance-15.pddl: line: 288: Warning: Undeclared requirement :number-fluents 
pddl-instances/ipc-2004/domains/airport-temporal-time-windows-strips/instances/instance-15.pddl: line: 289: Warning: Undeclared requirement :number-fluents 
pddl-instances/ipc-2004/domains/airport-temporal-time-windows-strips/instances/instance-15.pddl: line: 290: Warning: Undeclared requirement :number-fluents 
pddl-instances/ipc-2004/domains/airport-temporal-time-windows-strips/instances/instance-15.pddl: line: 291: Warning: Undeclared requirement :number-fluents 
pddl-instances/ipc-2004/domains/airport-temporal-time-windows-strips/instances/instance-15.pddl: line: 292: Warning: Undeclared requirement :number-fluents 
pddl-instances/ipc-2004/domains/airport-temporal-time-windows-strips/instances/instance-15.pddl: line: 293: Warning: Undeclared requirement :number-fluents 
pddl-instances/ipc-2004/domains/airport-temporal-time-windows-strips/instances/instance-15.pddl: line: 294: Warning: Undeclared requirement :number-fluents 
pddl-instances/ipc-2004/domains/airport-temporal-time-windows-strips/instances/instance-15.pddl: line: 295: Warning: Undeclared requirement :number-fluents 
pddl-instances/ipc-2004/domains/airport-temporal-time-windows-strips/instances/instance-15.pddl: line: 296: Warning: Undeclared requirement :number-fluents 
pddl-instances/ipc-2004/domains/airport-temporal-time-windows-strips/instances/instance-15.pddl: line: 297: Warning: Undeclared requirement :number-fluents 
pddl-instances/ipc-2004/domains/airport-temporal-time-windows-strips/instances/instance-15.pddl: line: 298: Warning: Undeclared requirement :number-fluents 
pddl-instances/ipc-2004/domains/airport-temporal-time-windows-strips/instances/instance-15.pddl: line: 299: Warning: Undeclared requirement :number-fluents 
pddl-instances/ipc-2004/domains/airport-temporal-time-windows-strips/instances/instance-15.pddl: line: 300: Warning: Undeclared requirement :number-fluents 
pddl-instances/ipc-2004/domains/airport-temporal-time-windows-strips/instances/instance-15.pddl: line: 301: Warning: Undeclared requirement :number-fluents 
pddl-instances/ipc-2004/domains/airport-temporal-time-windows-strips/instances/instance-15.pddl: line: 302: Warning: Undeclared requirement :number-fluents 
pddl-instances/ipc-2004/domains/airport-temporal-time-windows-strips/instances/instance-15.pddl: line: 303: Warning: Undeclared requirement :number-fluents 
pddl-instances/ipc-2004/domains/airport-temporal-time-windows-strips/instances/instance-15.pddl: line: 304: Warning: Undeclared requirement :number-fluents 
pddl-instances/ipc-2004/domains/airport-temporal-time-windows-strips/instances/instance-15.pddl: line: 305: Warning: Undeclared requirement :number-fluents 
pddl-instances/ipc-2004/domains/airport-temporal-time-windows-strips/instances/instance-15.pddl: line: 306: Warning: Undeclared requirement :number-fluents 
pddl-instances/ipc-2004/domains/airport-temporal-time-windows-strips/instances/instance-15.pddl: line: 307: Warning: Undeclared requirement :number-fluents 
pddl-instances/ipc-2004/domains/airport-temporal-time-windows-strips/instances/instance-15.pddl: line: 308: Warning: Undeclared requirement :number-fluents 
pddl-instances/ipc-2004/domains/airport-temporal-time-windows-strips/instances/instance-15.pddl: line: 309: Warning: Undeclared requirement :number-fluents 
pddl-instances/ipc-2004/domains/airport-temporal-time-windows-strips/instances/instance-15.pddl: line: 310: Warning: Undeclared requirement :number-fluents 
pddl-instances/ipc-2004/domains/airport-temporal-time-windows-strips/instances/instance-15.pddl: line: 311: Warning: Undeclared requirement :number-fluents 
pddl-instances/ipc-2004/domains/airport-temporal-time-windows-strips/instances/instance-15.pddl: line: 312: Warning: Undeclared requirement :number-fluents 
pddl-instances/ipc-2004/domains/airport-temporal-time-windows-strips/instances/instance-15.pddl: line: 313: Warning: Undeclared requirement :number-fluents 

The planner will continue, but you may wish to fix your files accordingly
Parsing and Instantiating...
TIL[277.000] @ 0x31c6070 -> { TIL[247.000]}
TIL[429.000] @ 0x31c6540 -> { TIL[277.000]}
TIL[459.000] @ 0x31c6810 -> { TIL[429.000]}
TIL[757.000] @ 0x31c6ce0 -> { TIL[459.000]}
TIL[787.000] @ 0x31c6fb0 -> { TIL[757.000]}
Done
One way facts...
Mutex groups...
Semaphore Facts...
Envelope Facts...
One-shot actions...
Integral variables...
Variable bounds...
Static numeric conditions...
Duration bounds...
TIL time window analysis...
Bounding action timestamps due to time windows...
(blocked seg_27thresh_0_100 dummy_landing_airplane) forms a window with range [247.000,787.000]
(not_blocked seg_27thresh_0_100 dummy_landing_airplane) forms a window with range [277.000,inf]
(blocked seg_27help_0_100 dummy_landing_airplane) forms a window with range [247.000,787.000]
(not_blocked seg_27help_0_100 dummy_landing_airplane) forms a window with range [277.000,inf]
(blocked seg_27_0_150 dummy_landing_airplane) forms a window with range [247.000,787.000]
(not_blocked seg_27_0_150 dummy_landing_airplane) forms a window with range [277.000,inf]
(blocked seg_rwy_0_1300 dummy_landing_airplane) forms a window with range [247.000,787.000]
(not_blocked seg_rwy_0_1300 dummy_landing_airplane) forms a window with range [277.000,inf]
(blocked seg_09_0_150 dummy_landing_airplane) forms a window with range [247.000,787.000]
(not_blocked seg_09_0_150 dummy_landing_airplane) forms a window with range [277.000,inf]
(blocked seg_09help_0_100 dummy_landing_airplane) forms a window with range [247.000,787.000]
(not_blocked seg_09help_0_100 dummy_landing_airplane) forms a window with range [277.000,inf]
(blocked seg_09thresh_0_100 dummy_landing_airplane) forms a window with range [247.000,787.000]
(not_blocked seg_09thresh_0_100 dummy_landing_airplane) forms a window with range [277.000,inf]
Dominance constraints (excluding processes and events)...
Damaging events...
Dominance constraints (including processes and events)...
Variable monotonicity...
Max/min needed values for any single precondition...
Irrelevant action pruning by backward reachability from goal...
Uninterestingness criteria...
Compression-safe actions...
Compression-safe invariants...
0% of durative actions in this problem are compression safe
Goal Goal [4]
    (is-parked airplane_holgi seg_b02_0_100)
    (airborne airplane_wurst seg_09_0_150)
    (airborne airplane_daewh seg_09_0_150)
    (is-parked airplane_cfbeg seg_a01_0_100)

Finishing preprocessing.  Making a TRPG heuristic...
Making an open list...
Running WA* search (g weight = 1, h weight = 5)
{(at-segment airplane_cfbeg seg_n4_n5_1_0_85),(at-segment airplane_daewh seg_a02_0_100),(at-segment airplane_wurst seg_a01_0_100),(at-segment airplane_holgi seg_rwy_0_1300),(blocked seg_n4_n5_1_0_85 airplane_cfbeg),(blocked seg_a02_0_100 airplane_daewh),(blocked seg_a01_0_100 airplane_wurst),(blocked seg_rwy_0_1300 airplane_holgi),(blocked seg_n4_n5_2_0_86 airplane_cfbeg),(blocked seg_09_0_150 airplane_holgi),(facing airplane_cfbeg north),(facing airplane_daewh south),(facing airplane_wurst south),(facing airplane_holgi south),(is-moving airplane_cfbeg),(is-moving airplane_holgi),(is-pushing airplane_daewh),(is-pushing airplane_wurst),(not_blocked seg_09thresh_0_100 airplane_cfbeg),(not_blocked seg_09help_0_100 airplane_cfbeg),(not_blocked seg_09_0_150 airplane_cfbeg),(not_blocked seg_a_09_0_100 airplane_cfbeg),(not_blocked seg_rwy_0_1300 airplane_cfbeg),(not_blocked seg_27thresh_0_100 airplane_cfbeg),(not_blocked seg_27help_0_100 airplane_cfbeg),(not_blocked seg_27_0_150 airplane_cfbeg),(not_blocked seg_b_27_0_100 airplane_cfbeg),(not_blocked seg_n1_n2_0_100 airplane_cfbeg),(not_blocked seg_n1_a_0_100 airplane_cfbeg),(not_blocked seg_n2_n3_1_0_86 airplane_cfbeg),(not_blocked seg_n2_n3_0_85 airplane_cfbeg),(not_blocked seg_n3_n_0_100 airplane_cfbeg),(not_blocked seg_n_n4_0_100 airplane_cfbeg),(not_blocked seg_n_c_0_100 airplane_cfbeg),(not_blocked seg_n4_n5_0_86 airplane_cfbeg),(not_blocked seg_n5_n6_0_100 airplane_cfbeg),(not_blocked seg_n6_b_0_100 airplane_cfbeg),(not_blocked seg_c_c2_0_100 airplane_cfbeg),(not_blocked seg_c2_c3_0_100 airplane_cfbeg),(not_blocked seg_c3_c4_0_50 airplane_cfbeg),(not_blocked seg_c3_c_a01_0_100 airplane_cfbeg),(not_blocked seg_c3_c_b01_0_100 airplane_cfbeg),(not_blocked seg_c4_c5_0_50 airplane_cfbeg),(not_blocked seg_c5_c6_0_50 airplane_cfbeg),(not_blocked seg_c5_c_a02_0_100 airplane_cfbeg),(not_blocked seg_c5_c_b02_0_100 airplane_cfbeg),(not_blocked seg_c6_c7_0_100 airplane_cfbeg),(not_blocked seg_a01_0_100 airplane_cfbeg),(not_blocked seg_a02_0_100 airplane_cfbeg),(not_blocked seg_b01_0_100 airplane_cfbeg),(not_blocked seg_b02_0_100 airplane_cfbeg),(not_blocked seg_n2_n3_2_0_86 airplane_cfbeg),(not_blocked seg_n2_n3_3_0_86 airplane_cfbeg),(not_blocked seg_n2_n3_4_0_85 airplane_cfbeg),(not_blocked seg_n2_n3_5_0_86 airplane_cfbeg),(not_blocked seg_n2_n3_6_0_86 airplane_cfbeg),(not_blocked seg_n4_n5_3_0_86 airplane_cfbeg),(not_blocked seg_n4_n5_4_0_85 airplane_cfbeg),(not_blocked seg_n4_n5_5_0_86 airplane_cfbeg),(not_blocked seg_n4_n5_6_0_86 airplane_cfbeg),(not_blocked seg_09thresh_0_100 airplane_daewh),(not_blocked seg_09help_0_100 airplane_daewh),(not_blocked seg_09_0_150 airplane_daewh),(not_blocked seg_a_09_0_100 airplane_daewh),(not_blocked seg_rwy_0_1300 airplane_daewh),(not_blocked seg_27thresh_0_100 airplane_daewh),(not_blocked seg_27help_0_100 airplane_daewh),(not_blocked seg_27_0_150 airplane_daewh),(not_blocked seg_b_27_0_100 airplane_daewh),(not_blocked seg_n1_n2_0_100 airplane_daewh),(not_blocked seg_n1_a_0_100 airplane_daewh),(not_blocked seg_n2_n3_1_0_86 airplane_daewh),(not_blocked seg_n2_n3_0_85 airplane_daewh),(not_blocked seg_n3_n_0_100 airplane_daewh),(not_blocked seg_n_n4_0_100 airplane_daewh),(not_blocked seg_n_c_0_100 airplane_daewh),(not_blocked seg_n4_n5_1_0_85 airplane_daewh),(not_blocked seg_n4_n5_0_86 airplane_daewh),(not_blocked seg_n5_n6_0_100 airplane_daewh),(not_blocked seg_n6_b_0_100 airplane_daewh),(not_blocked seg_c_c2_0_100 airplane_daewh),(not_blocked seg_c2_c3_0_100 airplane_daewh),(not_blocked seg_c3_c4_0_50 airplane_daewh),(not_blocked seg_c3_c_a01_0_100 airplane_daewh),(not_blocked seg_c3_c_b01_0_100 airplane_daewh),(not_blocked seg_c4_c5_0_50 airplane_daewh),(not_blocked seg_c5_c6_0_50 airplane_daewh),(not_blocked seg_c5_c_a02_0_100 airplane_daewh),(not_blocked seg_c5_c_b02_0_100 airplane_daewh),(not_blocked seg_c6_c7_0_100 airplane_daewh),(not_blocked seg_a01_0_100 airplane_daewh),(not_blocked seg_b01_0_100 airplane_daewh),(not_blocked seg_b02_0_100 airplane_daewh),(not_blocked seg_n2_n3_2_0_86 airplane_daewh),(not_blocked seg_n2_n3_3_0_86 airplane_daewh),(not_blocked seg_n2_n3_4_0_85 airplane_daewh),(not_blocked seg_n2_n3_5_0_86 airplane_daewh),(not_blocked seg_n2_n3_6_0_86 airplane_daewh),(not_blocked seg_n4_n5_2_0_86 airplane_daewh),(not_blocked seg_n4_n5_3_0_86 airplane_daewh),(not_blocked seg_n4_n5_4_0_85 airplane_daewh),(not_blocked seg_n4_n5_5_0_86 airplane_daewh),(not_blocked seg_n4_n5_6_0_86 airplane_daewh),(not_blocked seg_09thresh_0_100 airplane_wurst),(not_blocked seg_09help_0_100 airplane_wurst),(not_blocked seg_09_0_150 airplane_wurst),(not_blocked seg_a_09_0_100 airplane_wurst),(not_blocked seg_rwy_0_1300 airplane_wurst),(not_blocked seg_27thresh_0_100 airplane_wurst),(not_blocked seg_27help_0_100 airplane_wurst),(not_blocked seg_27_0_150 airplane_wurst),(not_blocked seg_b_27_0_100 airplane_wurst),(not_blocked seg_n1_n2_0_100 airplane_wurst),(not_blocked seg_n1_a_0_100 airplane_wurst),(not_blocked seg_n2_n3_1_0_86 airplane_wurst),(not_blocked seg_n2_n3_0_85 airplane_wurst),(not_blocked seg_n3_n_0_100 airplane_wurst),(not_blocked seg_n_n4_0_100 airplane_wurst),(not_blocked seg_n_c_0_100 airplane_wurst),(not_blocked seg_n4_n5_1_0_85 airplane_wurst),(not_blocked seg_n4_n5_0_86 airplane_wurst),(not_blocked seg_n5_n6_0_100 airplane_wurst),(not_blocked seg_n6_b_0_100 airplane_wurst),(not_blocked seg_c_c2_0_100 airplane_wurst),(not_blocked seg_c2_c3_0_100 airplane_wurst),(not_blocked seg_c3_c4_0_50 airplane_wurst),(not_blocked seg_c3_c_a01_0_100 airplane_wurst),(not_blocked seg_c3_c_b01_0_100 airplane_wurst),(not_blocked seg_c4_c5_0_50 airplane_wurst),(not_blocked seg_c5_c6_0_50 airplane_wurst),(not_blocked seg_c5_c_a02_0_100 airplane_wurst),(not_blocked seg_c5_c_b02_0_100 airplane_wurst),(not_blocked seg_c6_c7_0_100 airplane_wurst),(not_blocked seg_a02_0_100 airplane_wurst),(not_blocked seg_b01_0_100 airplane_wurst),(not_blocked seg_b02_0_100 airplane_wurst),(not_blocked seg_n2_n3_2_0_86 airplane_wurst),(not_blocked seg_n2_n3_3_0_86 airplane_wurst),(not_blocked seg_n2_n3_4_0_85 airplane_wurst),(not_blocked seg_n2_n3_5_0_86 airplane_wurst),(not_blocked seg_n2_n3_6_0_86 airplane_wurst),(not_blocked seg_n4_n5_2_0_86 airplane_wurst),(not_blocked seg_n4_n5_3_0_86 airplane_wurst),(not_blocked seg_n4_n5_4_0_85 airplane_wurst),(not_blocked seg_n4_n5_5_0_86 airplane_wurst),(not_blocked seg_n4_n5_6_0_86 airplane_wurst),(not_blocked seg_09thresh_0_100 airplane_holgi),(not_blocked seg_09help_0_100 airplane_holgi),(not_blocked seg_a_09_0_100 airplane_holgi),(not_blocked seg_27thresh_0_100 airplane_holgi),(not_blocked seg_27help_0_100 airplane_holgi),(not_blocked seg_27_0_150 airplane_holgi),(not_blocked seg_b_27_0_100 airplane_holgi),(not_blocked seg_n1_n2_0_100 airplane_holgi),(not_blocked seg_n1_a_0_100 airplane_holgi),(not_blocked seg_n2_n3_1_0_86 airplane_holgi),(not_blocked seg_n2_n3_0_85 airplane_holgi),(not_blocked seg_n3_n_0_100 airplane_holgi),(not_blocked seg_n_n4_0_100 airplane_holgi),(not_blocked seg_n_c_0_100 airplane_holgi),(not_blocked seg_n4_n5_1_0_85 airplane_holgi),(not_blocked seg_n4_n5_0_86 airplane_holgi),(not_blocked seg_n5_n6_0_100 airplane_holgi),(not_blocked seg_n6_b_0_100 airplane_holgi),(not_blocked seg_c_c2_0_100 airplane_holgi),(not_blocked seg_c2_c3_0_100 airplane_holgi),(not_blocked seg_c3_c4_0_50 airplane_holgi),(not_blocked seg_c3_c_a01_0_100 airplane_holgi),(not_blocked seg_c3_c_b01_0_100 airplane_holgi),(not_blocked seg_c4_c5_0_50 airplane_holgi),(not_blocked seg_c5_c6_0_50 airplane_holgi),(not_blocked seg_c5_c_a02_0_100 airplane_holgi),(not_blocked seg_c5_c_b02_0_100 airplane_holgi),(not_blocked seg_c6_c7_0_100 airplane_holgi),(not_blocked seg_a01_0_100 airplane_holgi),(not_blocked seg_a02_0_100 airplane_holgi),(not_blocked seg_b01_0_100 airplane_holgi),(not_blocked seg_b02_0_100 airplane_holgi),(not_blocked seg_n2_n3_2_0_86 airplane_holgi),(not_blocked seg_n2_n3_3_0_86 airplane_holgi),(not_blocked seg_n2_n3_4_0_85 airplane_holgi),(not_blocked seg_n2_n3_5_0_86 airplane_holgi),(not_blocked seg_n2_n3_6_0_86 airplane_holgi),(not_blocked seg_n4_n5_2_0_86 airplane_holgi),(not_blocked seg_n4_n5_3_0_86 airplane_holgi),(not_blocked seg_n4_n5_4_0_85 airplane_holgi),(not_blocked seg_n4_n5_5_0_86 airplane_holgi),(not_blocked seg_n4_n5_6_0_86 airplane_holgi),(not_occupied seg_09thresh_0_100),(not_occupied seg_09help_0_100),(not_occupied seg_09_0_150),(not_occupied seg_a_09_0_100),(not_occupied seg_27thresh_0_100),(not_occupied seg_27help_0_100),(not_occupied seg_27_0_150),(not_occupied seg_b_27_0_100),(not_occupied seg_n1_n2_0_100),(not_occupied seg_n1_a_0_100),(not_occupied seg_n2_n3_1_0_86),(not_occupied seg_n2_n3_0_85),(not_occupied seg_n3_n_0_100),(not_occupied seg_n_n4_0_100),(not_occupied seg_n_c_0_100),(not_occupied seg_n4_n5_0_86),(not_occupied seg_n5_n6_0_100),(not_occupied seg_n6_b_0_100),(not_occupied seg_c_c2_0_100),(not_occupied seg_c2_c3_0_100),(not_occupied seg_c3_c4_0_50),(not_occupied seg_c3_c_a01_0_100),(not_occupied seg_c3_c_b01_0_100),(not_occupied seg_c4_c5_0_50),(not_occupied seg_c5_c6_0_50),(not_occupied seg_c5_c_a02_0_100),(not_occupied seg_c5_c_b02_0_100),(not_occupied seg_c6_c7_0_100),(not_occupied seg_b01_0_100),(not_occupied seg_b02_0_100),(not_occupied seg_n2_n3_2_0_86),(not_occupied seg_n2_n3_3_0_86),(not_occupied seg_n2_n3_4_0_85),(not_occupied seg_n2_n3_5_0_86),(not_occupied seg_n2_n3_6_0_86),(not_occupied seg_n4_n5_2_0_86),(not_occupied seg_n4_n5_3_0_86),(not_occupied seg_n4_n5_4_0_85),(not_occupied seg_n4_n5_5_0_86),(not_occupied seg_n4_n5_6_0_86),(occupied seg_n4_n5_1_0_85),(occupied seg_a02_0_100),(occupied seg_a01_0_100),(occupied seg_rwy_0_1300)}
[]
Initial heuristic = 134
Initial stats: t=0.18s, 16024kb
b (133 @ n=2, t=0.18s, 16232kb)b (132 @ n=10, t=0.18s, 16232kb)b (131 @ n=18, t=0.18s, 16356kb)b (130 @ n=26, t=0.19s, 16396kb)b (129 @ n=34, t=0.19s, 16404kb)b (128 @ n=42, t=0.19s, 16412kb)b (127 @ n=50, t=0.2s, 16548kb)b (126 @ n=58, t=0.2s, 16548kb)b (125 @ n=66, t=0.2s, 16568kb)b (124 @ n=74, t=0.21s, 16732kb)b (123 @ n=82, t=0.21s, 16740kb)b (122 @ n=90, t=0.22s, 16740kb)b (121 @ n=98, t=0.22s, 16884kb)b (120 @ n=106, t=0.22s, 17028kb)b (119 @ n=114, t=0.23s, 17052kb)b (118 @ n=122, t=0.24s, 17212kb)b (117 @ n=130, t=0.24s, 17248kb)b (116 @ n=138, t=0.24s, 17396kb)b (115 @ n=146, t=0.25s, 17444kb)b (114 @ n=153, t=0.25s, 17588kb)b (113 @ n=160, t=0.26s, 17652kb)b (112 @ n=168, t=0.26s, 17808kb)b (111 @ n=177, t=0.26s, 17876kb)b (110 @ n=184, t=0.27s, 18028kb)b (109 @ n=191, t=0.27s, 18100kb)b (108 @ n=198, t=0.27s, 18244kb)b (107 @ n=205, t=0.28s, 18452kb)Warning: self overlapping Action 297:1 at 27
b (106 @ n=212, t=0.28s, 18452kb)xx.{EPS=362.319,ETD=2.89796}xdxb (104 @ n=390, t=0.37s, 21532kb)b (103 @ n=394, t=0.37s, 21748kb)b (102 @ n=399, t=0.38s, 21748kb)b (101 @ n=407, t=0.38s, 21908kb)xb (100 @ n=446, t=0.4s, 22664kb)b (98 @ n=450, t=0.41s, 22664kb)b (97 @ n=454, t=0.41s, 22784kb)b (96 @ n=457, t=0.41s, 22960kb)d.{EPS=425.532,ETD=7.27273}b (95 @ n=469, t=0.42s, 23124kb)x.{EPS=551.471,ETD=6.6443}x.{EPS=630.915,ETD=9.32663}xdx.{EPS=683.06,ETD=11.0361}xx.{EPS=735.294,ETD=11.6756}xd.{EPS=779.51,ETD=12.8997}xx.{EPS=808.081,ETD=14.4586}xb (94 @ n=956, t=0.7s, 33684kb)b (93 @ n=958, t=0.7s, 33684kb)b (92 @ n=961, t=0.7s, 33880kb)dx.{EPS=821.168,ETD=15.3898}dx.{EPS=816.993,ETD=19.485}xx.{EPS=963.391,ETD=21.696}dx.{EPS=1043.84,ETD=22.158}.{EPS=1035.2,ETD=22.288}x.{EPS=1037.34,ETD=22.938}xdx.{EPS=1037.34,ETD=26.688}xx.{EPS=1046.03,ETD=25.592}xx.{EPS=1052.63,ETD=24.072}xx.{EPS=1072.96,ETD=22.152}xx.{EPS=1068.38,ETD=27.73}xx.{EPS=1141.55,ETD=22.324}xd.{EPS=1136.36,ETD=26.63}xx.{EPS=1138.95,ETD=40.844}dxx.{EPS=1106.19,ETD=40.622}xdx.{EPS=1050.42,ETD=53.978}xx.{EPS=1070.66,ETD=48.84}xx.{EPS=1066.1,ETD=48.958}xx.{EPS=1066.1,ETD=49.042}xx.{EPS=1050.42,ETD=50.776}xxd.{EPS=1026.69,ETD=66.056}xx.{EPS=996.016,ETD=73.184}.{EPS=1018.33,ETD=66.572}x.{EPS=1030.93,ETD=63.108}xx.{EPS=1039.5,ETD=71.446}xdxx.{EPS=1096.49,ETD=58.878}x.{EPS=1057.08,ETD=71.592}xdx.{EPS=1008.06,ETD=97.112}xx.{EPS=1014.2,ETD=96.848}xdx.{EPS=978.474,ETD=110.958}x.{EPS=1012.15,ETD=101.914}x.{EPS=1030.93,ETD=94.906}.{EPS=1028.81,ETD=94.906}x.{EPS=1052.63,ETD=82.954}xd.{EPS=1014.2,ETD=113.424}.{EPS=1024.59,ETD=110.482}x.{EPS=1063.83,ETD=97.656}.{EPS=1118.57,ETD=72.06}x.{EPS=1094.09,ETD=84.388}xx.{EPS=1118.57,ETD=82.87}xx.{EPS=1091.7,ETD=96.464}xdx.{EPS=1054.85,ETD=101.334}x.{EPS=980.392,ETD=110.23}xdxx.{EPS=924.214,ETD=110.62}xx.{EPS=941.62,ETD=72.434}xx.{EPS=904.159,ETD=73.674}xxxd.{EPS=899.281,ETD=74.008}xx.{EPS=850.34,ETD=76.722}xx.{EPS=848.896,ETD=64.462}xx.{EPS=857.633,ETD=50.024}xx.{EPS=880.282,ETD=22.948}xx.{EPS=892.857,ETD=18.774}dxx.{EPS=905.797,ETD=17.468}xxx.{EPS=915.751,ETD=20.986}xdxx.{EPS=899.281,ETD=25.86}xxx.{EPS=922.509,ETD=24.826}xx.{EPS=914.077,ETD=24.642}xxx.{EPS=965.251,ETD=21.772}xx.{EPS=961.538,ETD=22.134}xxx.{EPS=963.391,ETD=21.964}xx.{EPS=957.854,ETD=22.286}xxx.{EPS=961.538,ETD=21.578}xxx.{EPS=986.193,ETD=15.816}xdxx.{EPS=965.251,ETD=26.894}xx.{EPS=957.854,ETD=33.67}xx.{EPS=954.198,ETD=33.652}xx.{EPS=950.57,ETD=33.75}xx.{EPS=941.62,ETD=34.106}xx.{EPS=941.62,ETD=34.098}xx.{EPS=941.62,ETD=34.066}xx.{EPS=932.836,ETD=33.908}xx.{EPS=925.926,ETD=34.012}xx.{EPS=931.099,ETD=32.488}xx.{EPS=661.376,ETD=17.672}xx.{EPS=682.128,ETD=5.684}xx.{EPS=676.59,ETD=6.666}xx.{EPS=675.676,ETD=6.554}xx.{EPS=673.854,ETD=6.454}xx.{EPS=676.59,ETD=6.01}xx.{EPS=671.141,ETD=6.336}xx.{EPS=673.854,ETD=6.296}xx.{EPS=670.241,ETD=7.756}xx.{EPS=669.344,ETD=7.62}xx.{EPS=992.063,ETD=7.554}xx.{EPS=988.142,ETD=7.454}xx.{EPS=994.036,ETD=6.8}xx.{EPS=988.142,ETD=8.868}xx.{EPS=988.142,ETD=8.658}xx.{EPS=976.562,ETD=8.772}xx.{EPS=974.659,ETD=8.672}xx.{EPS=970.874,ETD=8.572}xx.{EPS=980.392,ETD=7.348}xx.{EPS=939.85,ETD=11.726}dxxd.{EPS=859.107,ETD=23.98}xx.{EPS=844.595,ETD=36.11}xx.{EPS=830.565,ETD=52.876}xx.{EPS=834.725,ETD=50.71}xdxx.{EPS=802.568,ETD=77.222}xxx.{EPS=801.282,ETD=77.214}xxx.{EPS=798.722,ETD=77.164}xxx.{EPS=794.913,ETD=77.124}xxx.{EPS=783.699,ETD=81.612}xxx.{EPS=777.605,ETD=111.556}dxx.{EPS=805.153,ETD=127.428}xxx.{EPS=816.993,ETD=115.116}xxx.{EPS=826.446,ETD=98.002}xx.{EPS=825.083,ETD=98.012}xxx.{EPS=848.896,ETD=71.912}xx.{EPS=847.458,ETD=71.834}xxx.{EPS=846.024,ETD=72.322}xx.{EPS=848.896,ETD=72.052}xxx.{EPS=853.242,ETD=68.09}xx.{EPS=891.266,ETD=33.602}xxx.{EPS=932.836,ETD=5.384}xxx.{EPS=919.118,ETD=6.212}xx.{EPS=919.118,ETD=6.248}xxx.{EPS=907.441,ETD=6.366}xx.{EPS=917.431,ETD=6.068}xxx.{EPS=910.747,ETD=6.344}xx.{EPS=912.409,ETD=5.712}xxx.{EPS=904.159,ETD=6.332}xx.{EPS=904.159,ETD=5.466}xxx.{EPS=897.666,ETD=6.414}xxx.{EPS=896.057,ETD=6.314}xx.{EPS=894.454,ETD=7.53}xxx.{EPS=894.454,ETD=7.324}xx.{EPS=899.281,ETD=7.296}xxx.{EPS=888.099,ETD=7.31}xx.{EPS=889.68,ETD=7.124}xxx.{EPS=880.282,ETD=7.45}xxx.{EPS=886.525,ETD=6.938}xx.{EPS=881.834,ETD=7.436}xxx.{EPS=881.834,ETD=6.582}xx.{EPS=877.193,ETD=7.418}xxx.{EPS=883.392,ETD=5.252}xx.{EPS=869.565,ETD=8.586}xxx.{EPS=865.052,ETD=8.5}xx.{EPS=869.565,ETD=8.396}xxx.{EPS=865.052,ETD=8.426}xxx.{EPS=869.565,ETD=8.17}xx.{EPS=859.107,ETD=8.394}xxx.{EPS=862.069,ETD=7.986}xx.{EPS=853.242,ETD=8.536}xxx.{EPS=854.701,ETD=7.806}xx.{EPS=851.789,ETD=8.518}xxx.{EPS=859.107,ETD=5.284}xx.{EPS=848.896,ETD=9.578}xxx.{EPS=843.17,ETD=9.568}xxx.{EPS=838.926,ETD=9.666}xx.{EPS=837.521,ETD=9.6}xxx.{EPS=840.336,ETD=9.268}xx.{EPS=830.565,ETD=9.51}xxx.{EPS=837.521,ETD=9.038}xx.{EPS=827.815,ETD=9.478}xxx.{EPS=830.565,ETD=8.874}xx.{EPS=822.368,ETD=9.618}xxx.{EPS=603.136,ETD=5.422}xxx.{EPS=580.046,ETD=15.582}dxxxd.{EPS=542.299,ETD=24.934}xx.{EPS=518.135,ETD=82.32}dxxx.{EPS=510.204,ETD=120.816}xxx.{EPS=503.525,ETD=159.608}xxx.{EPS=479.846,ETD=228.342}xx.{EPS=482.16,ETD=227.79}xx.{EPS=478.927,ETD=227.706}xx.{EPS=478.927,ETD=227.16}xx.{EPS=607.533,ETD=227.402}xx.{EPS=632.111,ETD=217.228}xx.{EPS=681.199,ETD=208.072}xx.{EPS=712.251,ETD=151.256}xx.{EPS=721.501,ETD=112.868}xx.{EPS=732.064,ETD=73.928}xx.{EPS=780.031,ETD=5.424}xx.{EPS=771.605,ETD=5.846}xx.{EPS=775.194,ETD=7.002}xx.{EPS=769.231,ETD=6.796}xx.{EPS=766.871,ETD=6.456}xx.{EPS=759.878,ETD=6.666}xx.{EPS=763.359,ETD=6.51}xx.{EPS=765.697,ETD=6.336}xx.{EPS=756.43,ETD=7.954}xx.{EPS=755.287,ETD=7.858}xx.{EPS=751.88,ETD=7.758}xx.{EPS=758.725,ETD=7.656}xx.{EPS=751.88,ETD=6.448}xx.{EPS=753.012,ETD=6.862}xx.{EPS=748.503,ETD=9.06}xx.{EPS=747.384,ETD=8.924}xx.{EPS=741.84,ETD=8.858}xx.{EPS=740.741,ETD=8.758}xx.{EPS=746.269,ETD=7.448}xx.{EPS=744.048,ETD=10.176}xx.{EPS=745.156,ETD=10.092}xx.{EPS=737.463,ETD=9.75}xx.{EPS=735.294,ETD=9.97}xx.{EPS=733.138,ETD=9.866}xx.{EPS=739.645,ETD=8.08}xx.{EPS=723.589,ETD=11.328}xx.{EPS=720.461,ETD=11.196}xx.{EPS=718.391,ETD=11.11}xx.{EPS=720.461,ETD=10.694}xx.{EPS=719.424,ETD=8.162}xx.{EPS=716.332,ETD=8.492}xx.{EPS=708.215,ETD=9.13}xx.{EPS=711.238,ETD=8.948}xx.{EPS=710.227,ETD=8.728}xx.{EPS=705.219,ETD=8.512}xx.{EPS=720.461,ETD=5.43}xx.{EPS=719.424,ETD=5.774}xx.{EPS=713.267,ETD=6.678}xx.{EPS=707.214,ETD=6.798}xx.{EPS=706.215,ETD=6.686}xx.{EPS=705.219,ETD=6.53}xx.{EPS=708.215,ETD=6.336}xx.{EPS=697.35,ETD=8.048}xx.{EPS=699.301,ETD=7.962}xx.{EPS=700.28,ETD=7.788}xx.{EPS=695.41,ETD=7.746}xx.{EPS=693.481,ETD=7.646}xx.{EPS=697.35,ETD=6.94}xx.{EPS=693.481,ETD=9.044}xx.{EPS=691.563,ETD=8.96}xx.{EPS=688.705,ETD=8.87}xx.{EPS=688.705,ETD=8.758}xx.{EPS=536.481,ETD=7.452}xx.{EPS=537.057,ETD=7.43}xx.{EPS=531.35,ETD=10.17}xx.{EPS=529.101,ETD=10.082}xx.{EPS=529.101,ETD=9.982}xx.{EPS=528.541,ETD=9.824}xx.{EPS=529.661,ETD=8.004}xx.{EPS=521.376,ETD=14.742}xx.{EPS=519.751,ETD=14.626}xx.{EPS=521.376,ETD=14.316}xx.{EPS=664.894,ETD=14.064}xx.{EPS=657.895,ETD=14.408}xx.{EPS=661.376,ETD=12.116}xx.{EPS=665.779,ETD=12.006}xx.{EPS=657.895,ETD=12.348}xx.{EPS=655.308,ETD=12.158}xx.{EPS=652.742,ETD=11.946}xx.{EPS=663.13,ETD=5.424}xx.{EPS=662.252,ETD=5.752}xx.{EPS=653.595,ETD=6.906}xx.{EPS=652.742,ETD=6.862}xx.{EPS=652.742,ETD=6.518}xx.{EPS=650.195,ETD=6.232}xx.{EPS=644.33,ETD=6.538}xx.{EPS=651.042,ETD=6.412}xx.{EPS=643.501,ETD=7.994}xx.{EPS=641.849,ETD=7.858}xx.{EPS=639.386,ETD=7.758}xx.{EPS=641.849,ETD=7.624}xx.{EPS=641.849,ETD=6.892}xx.{EPS=635.324,ETD=9.04}xx.{EPS=636.943,ETD=9.062}xx.{EPS=634.518,ETD=8.966}xx.{EPS=636.943,ETD=8.874}xx.{EPS=632.911,ETD=8.688}xx.{EPS=637.755,ETD=7.442}xx.{EPS=632.911,ETD=10.176}xx.{EPS=631.313,ETD=10.06}xx.{EPS=626.566,ETD=9.982}xx.{EPS=626.566,ETD=9.86}xx.{EPS=630.517,ETD=8.008}xx.{EPS=615.006,ETD=18.274}xx.{EPS=618.047,ETD=18.168}xx.{EPS=614.251,ETD=17.988}xx.{EPS=611.995,ETD=17.94}xx.{EPS=609.013,ETD=17.894}xx.{EPS=613.497,ETD=15.094}xx.{EPS=613.497,ETD=15.424}xx.{EPS=607.533,ETD=15.798}xx.{EPS=604.595,ETD=15.592}xx.{EPS=600.962,ETD=15.38}xx.{EPS=610.501,ETD=5.424}xx.{EPS=606.796,ETD=5.85}xx.{EPS=610.501,ETD=5.794}xx.{EPS=604.595,ETD=6.71}xx.{EPS=603.136,ETD=6.456}xx.{EPS=600.24,ETD=6.67}xx.{EPS=600.962,ETD=6.51}xx.{EPS=603.865,ETD=6.336}xx.{EPS=598.086,ETD=7.97}xx.{EPS=597.372,ETD=7.858}xx.{EPS=487.329,ETD=7.758}xx.{EPS=487.805,ETD=7.314}xx.{EPS=482.625,ETD=7.64}xx.{EPS=484.966,ETD=6.948}xx.{EPS=482.625,ETD=9.06}xx.{EPS=482.16,ETD=8.924}xx.{EPS=479.386,ETD=8.858}xx.{EPS=478.469,ETD=8.758}xx.{EPS=480.769,ETD=7.452}xx.{EPS=478.927,ETD=10.172}xx.{EPS=584.795,ETD=9.962}xx.{EPS=576.701,ETD=10.076}xx.{EPS=575.374,ETD=9.976}xx.{EPS=574.053,ETD=9.876}xx.{EPS=578.704,ETD=8}xx.{EPS=562.43,ETD=21.63}xx.{EPS=559.91,ETD=21.494}xx.{EPS=559.284,ETD=21.412}xx.{EPS=560.538,ETD=20.996}xx.{EPS=559.91,ETD=18.468}xx.{EPS=554.939,ETD=18.92}xx.{EPS=553.097,ETD=19.444}xx.{EPS=554.939,ETD=19.24}xx.{EPS=551.876,ETD=19.026}xx.{EPS=548.847,ETD=18.894}xx.{EPS=561.167,ETD=5.43}xx.{EPS=561.167,ETD=5.778}xx.{EPS=556.174,ETD=6.678}xx.{EPS=550.661,ETD=6.766}xx.{EPS=550.055,ETD=6.686}xx.{EPS=550.055,ETD=6.534}xx.{EPS=553.097,ETD=6.34}xx.{EPS=544.662,ETD=8.068}xx.{EPS=547.645,ETD=7.966}xx.{EPS=545.852,ETD=7.788}xx.{EPS=544.07,ETD=7.746}xx.{EPS=542.299,ETD=7.642}xx.{EPS=544.662,ETD=6.94}xx.{EPS=539.957,ETD=9.072}xx.{EPS=539.957,ETD=8.96}xx.{EPS=537.057,ETD=8.87}xx.{EPS=534.188,ETD=8.754}xx.{EPS=539.957,ETD=7.452}xx.{EPS=539.374,ETD=7.43}xx.{EPS=532.481,ETD=10.17}xx.{EPS=529.101,ETD=10.078}xx.{EPS=530.223,ETD=9.986}xx.{EPS=528.541,ETD=9.824}xx.{EPS=531.915,ETD=8.008}xx.{EPS=521.376,ETD=25.044}xx.{EPS=518.135,ETD=24.928}xx.{EPS=521.376,ETD=24.622}xx.{EPS=517.063,ETD=24.356}xx.{EPS=512.295,ETD=24.71}xx.{EPS=412.201,ETD=22.418}xx.{EPS=414.594,ETD=22.312}xx.{EPS=409.836,ETD=22.65}xx.{EPS=408.831,ETD=22.46}xx.{EPS=407.83,ETD=22.248}xx.{EPS=411.862,ETD=5.424}xx.{EPS=411.523,ETD=5.752}xx.{EPS=406.835,ETD=6.902}xx.{EPS=407.83,ETD=6.742}xx.{EPS=407.166,ETD=6.502}xx.{EPS=504.541,ETD=6.222}xx.{EPS=499.5,ETD=6.538}xx.{EPS=504.032,ETD=6.332}xx.{EPS=497.018,ETD=7.99}xx.{EPS=496.032,ETD=7.858}xx.{EPS=494.56,ETD=7.758}xx.{EPS=497.018,ETD=7.624}xx.{EPS=496.524,ETD=6.896}xx.{EPS=488.281,ETD=9.17}xx.{EPS=490.196,ETD=9.078}xx.{EPS=489.237,ETD=8.976}xx.{EPS=489.237,ETD=8.794}xx.{EPS=484.966,ETD=8.752}xx.{EPS=488.759,ETD=7.436}xx.{EPS=484.027,ETD=10.172}xx.{EPS=483.092,ETD=10.06}xx.{EPS=479.846,ETD=9.982}xx.{EPS=479.846,ETD=9.856}xx.{EPS=483.092,ETD=7.998}xx.{EPS=469.925,ETD=38.42}dxx.{EPS=449.236,ETD=38.314}xdx.{EPS=427.35,ETD=38.214}xx.{EPS=407.498,ETD=38.102}dxx.{EPS=389.105,ETD=38.05}xxd.{EPS=375.094,ETD=35.244}xx.{EPS=359.454,ETD=35.57}xdxd.{EPS=329.381,ETD=63.61}xdxd.{EPS=291.375,ETD=91.616}dxx.{EPS=273.973,ETD=232.632}x.{EPS=277.162,ETD=202.316}xx.{EPS=284.9,ETD=202.44}x.{EPS=294.291,ETD=202.36}xx.{EPS=303.214,ETD=202.596}xx.{EPS=314.663,ETD=202.21}x.{EPS=323.415,ETD=202.854}xx.{EPS=335.796,ETD=202.444}x.{EPS=362.319,ETD=203.36}xdxx.{EPS=398.724,ETD=291.116}xx.{EPS=434.405,ETD=149.796}xxx.{EPS=431.779,ETD=149.754}xx.{EPS=431.034,ETD=149.638}xxx.{EPS=426.985,ETD=150.084}xxx.{EPS=425.894,ETD=149.662}xx.{EPS=420.521,ETD=150.33}xxx.{EPS=421.941,ETD=149.686}xx.{EPS=415.628,ETD=179.58}xxdx.{EPS=384.32,ETD=416.656}xxx.{EPS=367.647,ETD=300.692}xxx.{EPS=366.838,ETD=300.558}xxx.{EPS=364.697,ETD=300.692}xxx.{EPS=362.056,ETD=300.998}xxx.{EPS=360.75,ETD=301.02}xxx.{EPS=358.166,ETD=301.472}xxx.{EPS=355.619,ETD=300.888}xxx.{EPS=353.357,ETD=301.096}xxx.{EPS=354.61,ETD=271.504}xxx.{EPS=382.263,ETD=5.656}xxx.{EPS=416.667,ETD=6.628}xxx.{EPS=416.667,ETD=6.666}xxx.{EPS=396.825,ETD=6.554}xxx.{EPS=395.57,ETD=6.454}xxx.{EPS=396.197,ETD=6.272}xxx.{EPS=395.57,ETD=6.224}xxx.{EPS=394.945,ETD=7.814}xxx.{EPS=394.011,ETD=7.672}xxx.{EPS=394.633,ETD=7.538}xxx.{EPS=391.236,ETD=7.46}xxx.{EPS=392.773,ETD=6.796}xxx.{EPS=387.898,ETD=8.972}xxx.{EPS=344.828,ETD=8.892}xxx.{EPS=344.59,ETD=8.708}xxx.{EPS=342.7,ETD=8.666}xxx.{EPS=343.643,ETD=8.566}xxx.{EPS=343.879,ETD=7.336}xxx.{EPS=334.672,ETD=39.788}xxxd.{EPS=313.283,ETD=71.858}xdxx.{EPS=299.222,ETD=232.834}xxx.{EPS=295.508,ETD=362.068}xx.{EPS=297.442,ETD=359.774}xxx.{EPS=318.471,ETD=554.992}xxx.{EPS=317.259,ETD=554.98}xx.{EPS=314.861,ETD=554.806}xxx.{EPS=312.305,ETD=554.59}xx.{EPS=312.305,ETD=554.294}xxx.{EPS=318.878,ETD=522.118}xx.{EPS=340.599,ETD=489.834}xxx.{EPS=358.423,ETD=329.234}xxx.{EPS=361.272,ETD=199.578}xx.{EPS=357.654,ETD=200.588}xxx.{EPS=387.297,ETD=5.38}xx.{EPS=386.399,ETD=5.382}xxx.{EPS=384.32,ETD=6.356}xx.{EPS=387.297,ETD=6.38}xxx.{EPS=385.208,ETD=6.382}xxx.{EPS=387.898,ETD=5.998}xx.{EPS=382.848,ETD=6.472}xxx.{EPS=381.679,ETD=5.79}xx.{EPS=380.807,ETD=6.436}xxx.{EPS=381.679,ETD=5.534}xx.{EPS=376.79,ETD=6.374}xxx.{EPS=377.358,ETD=6.364}xx.{EPS=378.501,ETD=7.586}xxx.{EPS=377.929,ETD=7.372}xxx.{EPS=378.501,ETD=7.342}xx.{EPS=329.598,ETD=7.5}xxx.{EPS=326.584,ETD=7.17}xx.{EPS=323.625,ETD=7.498}xxx.{EPS=324.044,ETD=6.986}xx.{EPS=321.958,ETD=7.476}xxx.{EPS=322.997,ETD=6.63}xx.{EPS=320.307,ETD=7.464}xxx.{EPS=321.543,ETD=5.25}xxx.{EPS=316.857,ETD=8.634}xx.{EPS=316.056,ETD=8.55}xxx.{EPS=359.454,ETD=8.462}xx.{EPS=360.231,ETD=8.442}xxx.{EPS=363.636,ETD=8.218}xx.{EPS=361.533,ETD=8.442}xxx.{EPS=363.372,ETD=8.042}xxx.{EPS=360.75,ETD=8.582}xx.{EPS=364.166,ETD=7.856}xxx.{EPS=360.75,ETD=8.568}xx.{EPS=364.431,ETD=5.282}xxx.{EPS=360.231,ETD=9.624}xx.{EPS=355.872,ETD=9.616}xxx.{EPS=355.619,ETD=9.746}xx.{EPS=357.91,ETD=9.54}xxx.{EPS=359.454,ETD=9.316}xxx.{EPS=356.379,ETD=9.558}xx.{EPS=357.143,ETD=9.088}xxx.{EPS=352.113,ETD=9.526}xx.{EPS=354.61,ETD=8.904}xxx.{EPS=350.385,ETD=9.668}xx.{EPS=354.108,ETD=5.424}xxx.{EPS=352.609,ETD=10.726}xx.{EPS=355.114,ETD=10.484}xxx.{EPS=348.918,ETD=10.816}xxx.{EPS=348.432,ETD=10.698}xx.{EPS=344.116,ETD=10.798}xxx.{EPS=345.304,ETD=10.732}xx.{EPS=348.675,ETD=10.186}xxx.{EPS=343.643,ETD=10.642}xx.{EPS=347.464,ETD=9.956}xxx.{EPS=344.116,ETD=10.61}xx.{EPS=347.222,ETD=5.406}xxx.{EPS=337.838,ETD=11.858}xxx.{EPS=339.443,ETD=11.586}xx.{EPS=336.7,ETD=11.796}xxx.{EPS=338.295,ETD=11.372}xx.{EPS=332.889,ETD=11.808}xxx.{EPS=332.889,ETD=11.714}xx.{EPS=334.448,ETD=11.288}xxx.{EPS=331.785,ETD=11.754}xxx.{EPS=333.556,ETD=11.106}xx.{EPS=328.731,ETD=11.798}xxx.{EPS=336.474,ETD=5.326}xx.{EPS=332.226,ETD=6.476}xxx.{EPS=330.907,ETD=6.268}xxx.{EPS=330.033,ETD=6.494}xx.{EPS=335.121,ETD=5.952}xxx.{EPS=332.889,ETD=6.146}xx.{EPS=332.447,ETD=6.332}xxx.{EPS=332.005,ETD=5.9}xx.{EPS=329.164,ETD=6.334}xxx.{EPS=331.126,ETD=5.624}xx.{EPS=324.254,ETD=6.428}xxx.{EPS=328.515,ETD=5.424}xx.{EPS=327.225,ETD=7.484}xxx.{EPS=329.815,ETD=7.232}xxx.{EPS=325.521,ETD=7.564}xx.{EPS=321.543,ETD=7.454}xxx.{EPS=319.693,ETD=7.578}xx.{EPS=286.041,ETD=7.372}xxx.{EPS=287.522,ETD=6.934}xx.{EPS=286.041,ETD=7.39}xxx.{EPS=290.192,ETD=6.706}xxx.{EPS=284.9,ETD=7.358}xx.{EPS=287.356,ETD=5.396}xxx.{EPS=282.326,ETD=8.604}xx.{EPS=281.849,ETD=8.332}xxx.{EPS=281.849,ETD=8.542}xx.{EPS=283.286,ETD=8.112}xxx.{EPS=313.873,ETD=8.648}xx.{EPS=312.891,ETD=8.53}xxx.{EPS=310.366,ETD=8.63}xxx.{EPS=310.559,ETD=8.564}xx.{EPS=312.5,ETD=7.804}xxx.{EPS=308.261,ETD=8.474}xx.{EPS=313.087,ETD=5.358}xxx.{EPS=307.125,ETD=9.672}xx.{EPS=309.023,ETD=9.576}xxx.{EPS=305.81,ETD=9.652}xx.{EPS=306.748,ETD=9.21}xxx.{EPS=302.847,ETD=9.662}xxx.{EPS=304.692,ETD=8.988}xx.{EPS=300.481,ETD=9.624}xxx.{EPS=302.663,ETD=9.616}xx.{EPS=303.214,ETD=9.714}xxx.{EPS=300.481,ETD=9.648}xx.{EPS=306.937,ETD=5.372}xxx.{EPS=301.932,ETD=10.632}xx.{EPS=300.3,ETD=10.642}xxx.{EPS=264.41,ETD=10.758}xxx.{EPS=266.241,ETD=10.416}xx.{EPS=264.131,ETD=10.728}xxx.{EPS=265.534,ETD=10.088}xx.{EPS=260.688,ETD=10.744}xxx.{EPS=260.824,ETD=9.858}xx.{EPS=260.552,ETD=10.71}xxx.{EPS=259.202,ETD=10.7}xx.{EPS=256.148,ETD=18.434}xxx.{EPS=255.885,ETD=18.254}xxx.{EPS=287.522,ETD=18.262}xx.{EPS=282.167,ETD=18.25}xxx.{EPS=282.486,ETD=18.076}xx.{EPS=280.741,ETD=18.422}xxx.{EPS=284.414,ETD=17.728}xx.{EPS=282.326,ETD=18.414}xxx.{EPS=281.373,ETD=17.546}xxx.{EPS=279.174,ETD=18.468}xx.{EPS=284.576,ETD=5.276}xxx.{EPS=286.697,ETD=5.456}xx.{EPS=282.965,ETD=6.364}xxx.{EPS=286.697,ETD=6.38}xx.{EPS=287.191,ETD=6.344}xxx.{EPS=283.447,ETD=5.992}xxx.{EPS=281.215,ETD=6.444}xx.{EPS=279.018,ETD=5.786}xxx.{EPS=277.778,ETD=6.446}xx.{EPS=279.486,ETD=5.524}xxx.{EPS=246.914,ETD=6.478}xx.{EPS=246.792,ETD=6.4}xxx.{EPS=247.158,ETD=5.372}xx.{EPS=243.072,ETD=7.344}xxx.{EPS=240.269,ETD=7.39}xxx.{EPS=240.848,ETD=7.498}xx.{EPS=239.12,ETD=7.198}xxx.{EPS=239.923,ETD=7.484}xx.{EPS=223.614,ETD=6.828}xxx.{EPS=218.055,ETD=7.494}xx.{EPS=242.365,ETD=6.606}xxx.{EPS=239.12,ETD=7.456}xx.{EPS=233.536,ETD=7.448}xxx.{EPS=227.169,ETD=8.662}xxx.{EPS=227.376,ETD=8.448}xx.{EPS=216.638,ETD=8.462}xxx.{EPS=216.357,ETD=8.444}xx.{EPS=213.129,ETD=8.264}xxx.{EPS=227.169,ETD=8.59}xx.{EPS=229.043,ETD=8.034}xxx.{EPS=227.894,ETD=8.56}xx.{EPS=227.687,ETD=7.706}xxx.{EPS=232.234,ETD=8.576}xxx.{EPS=217.77,ETD=5.258}xx.{EPS=213.22,ETD=9.726}xxx.{EPS=224.316,ETD=9.606}xx.{EPS=225.836,ETD=9.754}xxx.{EPS=229.043,ETD=9.542}xx.{EPS=225.938,ETD=9.326}xxx.{EPS=226.655,ETD=9.526}xxx.{EPS=223.214,ETD=9.134}xx.{EPS=223.514,ETD=9.666}xxx.{EPS=224.517,ETD=8.904}xx.{EPS=249.128,ETD=9.7}xxx.{EPS=252.908,ETD=5.274}xx.{EPS=247.893,ETD=10.736}xxx.{EPS=241.546,ETD=10.474}xx.{EPS=240.038,ETD=10.804}xxx.{EPS=243.902,ETD=10.698}xxx.{EPS=242.248,ETD=10.838}xx.{EPS=241.546,ETD=10.626}xxx.{EPS=233.536,ETD=10.196}xx.{EPS=231.054,ETD=10.618}xxx.{EPS=230.309,ETD=9.95}xx.{EPS=231.054,ETD=10.752}xxx.{EPS=230.097,ETD=5.396}xx.{EPS=208.333,ETD=24.92}xxx.{EPS=207.987,ETD=24.704}xxx.{EPS=206.526,ETD=24.904}xx.{EPS=206.868,ETD=24.464}xxx.{EPS=207.297,ETD=25.03}xx.{EPS=211.775,ETD=24.822}xxx.{EPS=211.506,ETD=24.394}xx.{EPS=209.908,ETD=24.868}xxx.{EPS=210.615,ETD=24.222}xxx.{EPS=211.149,ETD=24.868}xx.{EPS=236.518,ETD=5.38}xxx.{EPS=223.914,ETD=6.476}xx.{EPS=214.316,ETD=6.268}xxx.{EPS=213.767,ETD=6.286}xx.{EPS=209.644,ETD=5.944}xxx.{EPS=208.768,ETD=6.154}xxx.{EPS=206.612,ETD=6.36}xx.{EPS=207.297,ETD=5.892}xxx.{EPS=205.508,ETD=6.324}xx.{EPS=204.415,ETD=5.672}xxx.{EPS=204.082,ETD=6.374}xx.{EPS=198.491,ETD=5.274}xxx.{EPS=203.583,ETD=7.492}xx.{EPS=202.922,ETD=7.448}xxx.{EPS=202.347,ETD=7.554}xxx.{EPS=199.283,ETD=7.446}xx.{EPS=201.126,ETD=7.586}xxx.{EPS=198.649,ETD=7.374}xx.{EPS=197.785,ETD=6.944}xxx.{EPS=197.785,ETD=7.358}xx.{EPS=194.401,ETD=6.752}xxx.{EPS=207.039,ETD=7.498}xx.{EPS=209.644,ETD=5.388}xxx.{EPS=207.555,ETD=8.558}xxx.{EPS=208.42,ETD=8.342}xx.{EPS=207.9,ETD=8.542}xxx.{EPS=207.383,ETD=8.11}xx.{EPS=207.641,ETD=8.636}xxx.{EPS=206.868,ETD=8.53}xx.{EPS=206.526,ETD=8.67}xxx.{EPS=206.868,ETD=8.458}xx.{EPS=207.383,ETD=7.814}xxx.{EPS=183.15,ETD=8.45}xxx.{EPS=183.284,ETD=5.406}xx.{EPS=180.832,ETD=9.662}xxx.{EPS=183.554,ETD=9.584}xx.{EPS=182.349,ETD=9.644}xxx.{EPS=179.986,ETD=9.228}xx.{EPS=177.368,ETD=9.634}xxx.{EPS=177.054,ETD=8.98}xxx.{EPS=177.62,ETD=9.722}xx.{EPS=177.873,ETD=9.616}xxx.{EPS=195.695,ETD=9.746}xx.{EPS=194.856,ETD=9.548}xxx.{EPS=198.728,ETD=5.384}xx.{EPS=196.002,ETD=10.596}xxx.{EPS=195.008,ETD=10.632}xx.{EPS=194.175,ETD=10.75}xxx.{EPS=194.326,ETD=10.452}xxx.{EPS=193.874,ETD=10.728}xx.{EPS=181.884,ETD=10.096}xxx.{EPS=177.999,ETD=10.716}xx.{EPS=176.741,ETD=9.85}xxx.{EPS=176.741,ETD=10.798}xx.{EPS=176.429,ETD=10.698}xxx.{EPS=171.821,ETD=31.578}xx.{EPS=170.01,ETD=31.372}xxx.{EPS=170.765,ETD=31.342}xxx.{EPS=171.939,ETD=31.34}xx.{EPS=169.205,ETD=31.184}xxx.{EPS=176.554,ETD=31.482}xx.{EPS=177.494,ETD=30.836}xxx.{EPS=172.117,ETD=31.522}xx.{EPS=169.377,ETD=30.664}xxx.{EPS=167.729,ETD=30.682}xxx.{EPS=170.94,ETD=5.268}xx.{EPS=173.07,ETD=5.456}xxx.{EPS=168.464,ETD=6.382}xx.{EPS=166.611,ETD=6.398}xxx.{EPS=166.389,ETD=6.344}xx.{EPS=167.729,ETD=6.014}xxx.{EPS=164.636,ETD=6.472}xxx.{EPS=162.285,ETD=5.794}xx.{EPS=161.865,ETD=6.436}xxx.{EPS=160.72,ETD=6.418}xx.{EPS=160.462,ETD=6.486}xxx.{EPS=155.28,ETD=6.294}xx.{EPS=155.424,ETD=5.382}xxx.{EPS=151.745,ETD=7.336}xx.{EPS=151.607,ETD=7.382}xxx.{EPS=149.88,ETD=7.532}xxx.{EPS=153.657,ETD=7.048}xx.{EPS=159.286,ETD=7.476}xxx.{EPS=160.668,ETD=6.846}xx.{EPS=149.432,ETD=7.466}xxx.{EPS=149.031,ETD=6.598}xx.{EPS=151.012,ETD=7.554}xxx.{EPS=153.046,ETD=7.448}xx.{EPS=156.789,ETD=8.67}xxx.{EPS=157.183,ETD=8.456}xxx.{EPS=157.282,ETD=8.426}xx.{EPS=153.186,ETD=8.584}xxx.{EPS=154.847,ETD=8.254}xx.{EPS=152.952,ETD=8.582}xxx.{EPS=166.113,ETD=8.07}xx.{EPS=165.017,ETD=8.56}xxx.{EPS=166.667,ETD=7.714}xx.{EPS=166.334,ETD=8.548}xxx.{EPS=166.445,ETD=5.25}xxx.{EPS=164.258,ETD=9.718}xx.{EPS=150.512,ETD=9.634}xxx.{EPS=151.976,ETD=9.546}xx.{EPS=150.24,ETD=9.526}xxx.{EPS=152.858,ETD=9.302}xx.{EPS=151.653,ETD=9.526}xxx.{EPS=152.625,ETD=9.126}xxx.{EPS=149.925,ETD=9.666}xx.{EPS=151.607,ETD=8.94}xxx.{EPS=150.784,ETD=9.652}xx.{EPS=152.346,ETD=5.282}xxx.{EPS=163.666,ETD=10.708}xx.{EPS=164.636,ETD=10.7}xxx.{EPS=162.075,ETD=10.83}xx.{EPS=160.462,ETD=10.624}xxx.{EPS=161.082,ETD=10.4}xxx.{EPS=154.655,ETD=10.642}xx.{EPS=154.416,ETD=10.172}xxx.{EPS=150.195,ETD=10.61}xx.{EPS=151.24,ETD=9.988}xxx.{EPS=150.06,ETD=10.752}xx.{EPS=151.699,ETD=5.424}xxx.{EPS=148.104,ETD=38.02}xx.{EPS=151.976,ETD=37.786}xxx.{EPS=150.376,ETD=38.118}xxx.{EPS=148.06,ETD=38.002}xx.{EPS=154.607,ETD=37.688}xxx.{EPS=156.348,ETD=37.962}xx.{EPS=157.58,ETD=37.502}xxx.{EPS=155.039,ETD=37.976}xx.{EPS=157.48,ETD=37.338}xxx.{EPS=156.642,ETD=37.976}xxx.{EPS=151.423,ETD=5.352}xx.{EPS=147.71,ETD=6.492}xxx.{EPS=149.656,ETD=6.268}xx.{EPS=151.194,ETD=6.286}xxx.{EPS=148.06,ETD=6.362}xx.{EPS=147.102,ETD=6.114}xxx.{EPS=147.016,ETD=6.35}xxx.{EPS=147.102,ETD=5.892}xx.{EPS=144.3,ETD=6.316}xxx.{EPS=146.499,ETD=5.68}xx.{EPS=152.068,ETD=6.402}xxx.{EPS=152.625,ETD=5.284}xx.{EPS=149.566,ETD=7.456}xxx.{EPS=149.925,ETD=7.438}xxx.{EPS=149.165,ETD=7.578}xx.{EPS=144.175,ETD=7.38}xxx.{EPS=144.634,ETD=7.158}xx.{EPS=143.513,ETD=7.358}xxx.{EPS=143.968,ETD=6.92}xx.{EPS=141.844,ETD=7.358}xxx.{EPS=143.102,ETD=6.744}xx.{EPS=142.531,ETD=7.498}xxx.{EPS=144.051,ETD=5.424}xx.{EPS=140.647,ETD=8.568}xxx.{EPS=141.084,ETD=8.316}xxx.{EPS=143.926,ETD=8.648}xx.{EPS=144.175,ETD=8.538}xxx.{EPS=144.592,ETD=8.662}xx.{EPS=145.012,ETD=8.456}xxx.{EPS=144.509,ETD=8.018}xx.{EPS=137.325,ETD=8.474}xxx.{EPS=132.908,ETD=7.79}xxx.{EPS=130.856,ETD=8.442}xx.{EPS=132.17,ETD=5.396}xxx.{EPS=129.904,ETD=9.688}xx.{EPS=128.271,ETD=9.416}xxx.{EPS=126.39,ETD=9.626}xx.{EPS=126.008,ETD=9.196}xxx.{EPS=124.285,ETD=9.732}xx.{EPS=124.595,ETD=9.614}xxx.{EPS=128.601,ETD=9.714}xxx.{EPS=133.12,ETD=9.648}xx.{EPS=135.062,ETD=8.888}xxx.{EPS=132.17,ETD=9.558}xx.{EPS=134.953,ETD=5.358}xxx.{EPS=136.649,ETD=10.756}xx.{EPS=137.779,ETD=10.66}xxx.{EPS=137.779,ETD=10.736}xx.{EPS=139.548,ETD=10.294}xxx.{EPS=137.514,ETD=10.746}xxx.{EPS=136.054,ETD=10.072}xx.{EPS=134.844,ETD=10.708}xxx.{EPS=134.953,ETD=10.7}xx.{EPS=136.761,ETD=10.798}xxx.{EPS=135.943,ETD=10.732}xx.{EPS=138.16,ETD=5.372}xdxx.{EPS=124.224,ETD=77.038}xdxx.{EPS=110.448,ETD=77.082}xdxx.{EPS=101.564,ETD=77.272}xdxx.{EPS=94.7508,ETD=77.178}xdxx.{EPS=90.2364,ETD=77.2}xdxx.{EPS=84.8033,ETD=76.97}xdxxd.{EPS=76.864,ETD=144.02}xdxxd.{EPS=68.5495,ETD=210.226}xdxx.{EPS=64.0451,ETD=612.718}xx.{EPS=63.5809,ETD=612.74}xx.{EPS=66.8628,ETD=541.138}xx.{EPS=71.7875,ETD=541.298}xdx.{EPS=74.5601,ETD=676.074}xxx.{EPS=77.5314,ETD=878.054}xxx.{EPS=81.1688,ETD=878.16}xxx.{EPS=85.7633,ETD=877.842}xxx.{EPS=95.0751,ETD=810.906}xxx.{EPS=112.133,ETD=744.162}xxx.{EPS=123.274,ETD=341.61}xxx.{EPS=123.487,ETD=342.226}xxx.{EPS=123.916,ETD=342.062}xxx.{EPS=118.991,ETD=478.32}dxxx.{EPS=117.98,ETD=547.97}xxx.{EPS=118.934,ETD=345.64}xxx.{EPS=117.73,ETD=345.708}xxx.{EPS=118.708,ETD=345.888}xxxd.{EPS=104.866,ETD=894.53}xx.{EPS=103.157,ETD=894.104}xx.{EPS=104.341,ETD=894.276}xx.{EPS=103.029,ETD=893.824}xx.{EPS=102.923,ETD=894.168}xx.{EPS=104.297,ETD=757.624}xx.{EPS=105.641,ETD=553.426}xx.{EPS=105.175,ETD=554.006}xx.{EPS=105.13,ETD=553.936}xx.{EPS=105.042,ETD=553.65}xx.{EPS=117.73,ETD=5.06}xx.{EPS=118.315,ETD=5.482}xx.{EPS=119.076,ETD=5.86}xx.{EPS=116.877,ETD=5.664}xx.{EPS=113.25,ETD=6.514}xx.{EPS=113.662,ETD=6.58}xx.{EPS=107.181,ETD=6.384}xx.{EPS=107.504,ETD=6.186}xx.{EPS=107.273,ETD=6.078}xx.{EPS=106.496,ETD=6.502}xx.{EPS=105.263,ETD=8.226}xx.{EPS=105.219,ETD=8.002}xx.{EPS=105.574,ETD=7.504}xx.{EPS=107.158,ETD=7.668}xx.{EPS=108.696,ETD=6.786}xx.{EPS=109.866,ETD=7.208}xx.{EPS=118.203,ETD=7}xx.{EPS=117.813,ETD=9.122}xx.{EPS=121.212,ETD=9.188}xx.{EPS=121.477,ETD=8.992}xx.{EPS=123.579,ETD=7.104}xx.{EPS=124.657,ETD=7.392}xx.{EPS=122.549,ETD=7.806}xx.{EPS=121.507,ETD=10.838}xx.{EPS=121.803,ETD=10.61}xx.{EPS=121.065,ETD=10.122}xx.{EPS=119.875,ETD=10.266}xx.{EPS=121.212,ETD=8.09}xx.{EPS=117.426,ETD=8.512}xx.{EPS=117.897,ETD=8.288}xx.{EPS=114.364,ETD=12.098}xx.{EPS=113.379,ETD=11.778}xx.{EPS=113.843,ETD=11.582}xx.{EPS=115.075,ETD=8.406}xx.{EPS=114.39,ETD=8.602}xx.{EPS=114.679,ETD=9.058}xx.{EPS=113.045,ETD=9.514}xx.{EPS=113.533,ETD=9.308}xx.{EPS=114.626,ETD=8.802}xx.{EPS=112.994,ETD=9}xx.{EPS=115.687,ETD=5.496}xx.{EPS=116.306,ETD=5.856}xx.{EPS=114.679,ETD=6.732}xx.{EPS=115.154,ETD=6.778}xx.{EPS=115.101,ETD=6.698}xx.{EPS=114.732,ETD=6.53}xx.{EPS=116.904,ETD=6.336}xx.{EPS=113.921,ETD=7.928}xx.{EPS=114.181,ETD=7.95}xx.{EPS=114.39,ETD=7.854}xx.{EPS=113.766,ETD=7.762}xx.{EPS=111.957,ETD=7.576}xx.{EPS=112.892,ETD=6.886}xx.{EPS=111.086,ETD=9.064}xx.{EPS=111.632,ETD=8.948}xx.{EPS=110.571,ETD=8.87}xx.{EPS=110.181,ETD=8.748}xx.{EPS=112.082,ETD=7.452}xx.{EPS=109.577,ETD=10.292}xx.{EPS=110.156,ETD=10.19}xx.{EPS=109.577,ETD=10.012}xx.{EPS=109.625,ETD=9.97}xx.{EPS=109.697,ETD=9.866}xx.{EPS=110.181,ETD=8.052}xx.{EPS=108.038,ETD=15.212}xx.{EPS=106.564,ETD=15.096}xx.{EPS=107.596,ETD=14.796}xx.{EPS=108.767,ETD=14.554}xx.{EPS=109.194,ETD=12.036}xx.{EPS=107.458,ETD=12.52}xx.{EPS=107.643,ETD=12.484}xx.{EPS=104.888,ETD=12.838}xx.{EPS=104.406,ETD=12.642}xx.{EPS=103.67,ETD=12.426}xx.{EPS=103.885,ETD=5.436}xx.{EPS=104.319,ETD=5.752}xx.{EPS=97.8282,ETD=6.924}xx.{EPS=96.2279,ETD=6.842}xx.{EPS=96.3763,ETD=6.73}xx.{EPS=98.2125,ETD=6.224}xx.{EPS=97.8091,ETD=6.528}xx.{EPS=100.867,ETD=6.392}xx.{EPS=100.583,ETD=7.948}xx.{EPS=100.929,ETD=7.812}xx.{EPS=101.854,ETD=7.746}xx.{EPS=101.543,ETD=7.646}xx.{EPS=106.655,ETD=6.896}xx.{EPS=106.746,ETD=9.06}xx.{EPS=107.55,ETD=8.85}xx.{EPS=106.022,ETD=8.964}xx.{EPS=105.753,ETD=8.864}xx.{EPS=104.91,ETD=8.764}xx.{EPS=106.09,ETD=7.444}xx.{EPS=104.471,ETD=10.214}xx.{EPS=104.932,ETD=10.082}xx.{EPS=105.82,ETD=9.982}xx.{EPS=106.225,ETD=9.848}xx.{EPS=106.701,ETD=8.008}xx.{EPS=100.462,ETD=18.744}xx.{EPS=101.031,ETD=18.648}xx.{EPS=100.624,ETD=18.478}xx.{EPS=100.705,ETD=18.354}xx.{EPS=99.8203,ETD=18.382}xx.{EPS=101.812,ETD=15.534}xx.{EPS=101.874,ETD=15.892}xx.{EPS=100.888,ETD=16.266}xx.{EPS=100.827,ETD=16.072}xx.{EPS=99.7805,ETD=15.86}xx.{EPS=105.086,ETD=5.424}xx.{EPS=104.844,ETD=5.85}xx.{EPS=104.123,ETD=6.988}xx.{EPS=105.064,ETD=6.796}xx.{EPS=105.197,ETD=6.458}xx.{EPS=104.581,ETD=6.66}xx.{EPS=104.123,ETD=6.542}xx.{EPS=105.064,ETD=6.384}x