Parsing and Instantiating...
Warning: rounding numeric constants such as 5.71116 to an accuracy of 0.001
Done
One way facts...
Mutex groups...
Semaphore Facts...
Envelope Facts...
One-shot actions...
(bs-dispense c-bs input wp1 base_black) is 1 shot
(bs-dispense c-bs output wp1 base_black) is 1 shot
(bs-dispense c-bs input wp1 base_red) is 1 shot
(bs-dispense c-bs output wp1 base_red) is 1 shot
(bs-dispense c-bs input wp1 base_silver) is 1 shot
(bs-dispense c-bs output wp1 base_silver) is 1 shot
(bs-dispense c-bs input wp1 base_black) is 1 shot
(bs-dispense c-bs output wp1 base_black) is 1 shot
(bs-dispense c-bs input wp1 base_red) is 1 shot
(bs-dispense c-bs output wp1 base_red) is 1 shot
(bs-dispense c-bs input wp1 base_silver) is 1 shot
(bs-dispense c-bs output wp1 base_silver) is 1 shot
(prepare-ds r-1 c-ds gate-1) is 1 shot
(prepare-ds r-2 c-ds gate-1) is 1 shot
(prepare-ds r-1 c-ds gate-2) is 1 shot
(prepare-ds r-2 c-ds gate-2) is 1 shot
(prepare-ds r-1 c-ds gate-3) is 1 shot
(prepare-ds r-2 c-ds gate-3) is 1 shot
(wp-get-shelf r-1 cg1 c-cs1 left) is 1 shot
(wp-get-shelf r-2 cg1 c-cs1 left) is 1 shot
(wp-get-shelf r-1 cg2 c-cs1 middle) is 1 shot
(wp-get-shelf r-2 cg2 c-cs1 middle) is 1 shot
(wp-get-shelf r-1 cg3 c-cs1 right) is 1 shot
(wp-get-shelf r-2 cg3 c-cs1 right) is 1 shot
(wp-get-shelf r-1 cb1 c-cs2 left) is 1 shot
(wp-get-shelf r-2 cb1 c-cs2 left) is 1 shot
(wp-get-shelf r-1 cb2 c-cs2 middle) is 1 shot
(wp-get-shelf r-2 cb2 c-cs2 middle) is 1 shot
(wp-get-shelf r-1 cb3 c-cs2 right) is 1 shot
(wp-get-shelf r-2 cb3 c-cs2 right) is 1 shot
Integral variables...
Variable bounds...
Static numeric conditions...
Duration bounds...
TIL time window analysis...
Bounding action timestamps due to time windows...
(order-delivery-window-open o1) forms a window with range [0.000,158.649]
Bounds on (fulfill-order-c0-within-tw o1 wp1 c-ds gate-1 base_black cap_black) (duration [0.010,0.010]):
	0: [0.000,158.639]
	1: [0.000,158.639]
	2: [0.010,158.649]
(can-commit-for-ontime-delivery o1) forms a window with range [0.000,5.850]
Bounds on (commit-to-ontime-delivery o1) (duration [0.010,0.010]):
	0: [0.000,5.849]
	1: [0.000,5.849]
	2: [0.010,5.859]
Bounds on (do-not-commit-to-ontime-delivery o1) (duration [0.010,0.010]):
	0: [0.000,5.849]
	1: [0.000,5.849]
	2: [0.010,5.859]
Dominance constraints (excluding processes and events)...
Damaging events...
Dominance constraints (including processes and events)...
Variable monotonicity...
Max/min needed values for any single precondition...
Irrelevant action pruning by backward reachability from goal...
Uninterestingness criteria...
Compression-safe actions...
Compression-safe invariants...
62% of durative actions in this problem are compression safe
Goal Goal [1]
    (order-fulfilled o1)

Finishing preprocessing.  Making a TRPG heuristic...
Making an open list...
Running WA* search (g weight = 1, h weight = 5)
{(order-delivery-window-open o1),(can-commit-for-ontime-delivery o1),(location-free start input),(location-free c-bs input),(location-free c-bs output),(location-free c-cs1 input),(location-free c-cs1 output),(location-free c-cs2 input),(location-free c-cs2 output),(location-free c-ds input),(location-free c-ds output),(cs-can-perform c-cs1 cs_retrieve),(cs-can-perform c-cs2 cs_retrieve),(wp-base-color wp1 base_none),(wp-cap-color wp1 cap_none),(wp-ring1-color wp1 ring_none),(wp-ring2-color wp1 ring_none),(wp-ring3-color wp1 ring_none),(wp-unused wp1),(robot-waiting r-1),(robot-waiting r-2),(mps-state c-bs idle),(mps-state c-cs1 idle),(mps-state c-cs2 idle),(mps-state c-ds idle),(wp-cap-color cg1 cap_grey),(wp-cap-color cg2 cap_grey),(wp-cap-color cg3 cap_grey),(wp-on-shelf cg1 c-cs1 left),(wp-on-shelf cg2 c-cs1 middle),(wp-on-shelf cg3 c-cs1 right),(wp-cap-color cb1 cap_black),(wp-cap-color cb2 cap_black),(wp-cap-color cb3 cap_black),(wp-on-shelf cb1 c-cs2 left),(wp-on-shelf cb2 c-cs2 middle),(wp-on-shelf cb3 c-cs2 right)}
[]
Initial heuristic = 28
Initial stats: t=0.02s, 7568kb
b (27 @ n=2, t=0.02s, 7568kb)b (25 @ n=3, t=0.02s, 7568kb)b (24 @ n=14, t=0.02s, 7712kb)b (23 @ n=21, t=0.02s, 7712kb)b (22 @ n=27, t=0.02s, 7712kb)b (21 @ n=32, t=0.02s, 7712kb)b (20 @ n=81, t=0.03s, 7880kb)b (19 @ n=92, t=0.03s, 7880kb)b (18 @ n=102, t=0.04s, 7976kb)b (17 @ n=126, t=0.04s, 8088kb)b (16 @ n=137, t=0.04s, 8088kb)b (15 @ n=144, t=0.04s, 8088kb)b (14 @ n=151, t=0.04s, 8196kb)b (13 @ n=163, t=0.05s, 8196kb)ddd.{EPS=704.225,ETD=3.20408}dWarning: self overlapping Action 320:1 at 21
b (11 @ n=616, t=0.11s, 11332kb)dd.{EPS=826.446,ETD=5.88889}dddd.{EPS=967.742,ETD=11.4698}db (9 @ n=1055, t=0.18s, 14552kb)b (8 @ n=1065, t=0.18s, 14552kb)b (7 @ n=1076, t=0.19s, 14664kb)dd.{EPS=1010.1,ETD=10.9497}xdd.{EPS=1106.19,ETD=11.3293}dddd.{EPS=1102.94,ETD=13.9866}dd.{EPS=1118.21,ETD=13.1375}dxd.{EPS=1190.48,ETD=14.9398}ddd.{EPS=1196.81,ETD=14.2316}xd.{EPS=1250,ETD=16.008}dddd.{EPS=1336.9,ETD=16.538}xd.{EPS=1440.92,ETD=17.934}dddxdx.{EPS=1385.04,ETD=21.526}ddd.{EPS=1369.86,ETD=22.644}dxd.{EPS=1366.12,ETD=22.646}ddd.{EPS=1381.22,ETD=22.02}d.{EPS=1440.92,ETD=22.744}dddd.{EPS=1344.09,ETD=23.384}xd.{EPS=1396.65,ETD=24.278}ddd.{EPS=1315.79,ETD=23.13}ddxd.{EPS=1362.4,ETD=23.438}ddxd.{EPS=1298.7,ETD=38.594}dxdd.{EPS=1305.48,ETD=38.244}ddd.{EPS=1336.9,ETD=37.776}ddd.{EPS=1295.34,ETD=40.73}dd.{EPS=1319.26,ETD=40.452}dxx.{EPS=1340.48,ETD=41.268}xx.{EPS=1483.68,ETD=40.482}dd.{EPS=1420.45,ETD=40.384}ddx.{EPS=1470.59,ETD=40.436}ddd.{EPS=1428.57,ETD=43.518}d.{EPS=1470.59,ETD=34.554}dd.{EPS=1497.01,ETD=30.856}xx.{EPS=1592.36,ETD=31.278}x.{EPS=1760.56,ETD=29.306}dx.{EPS=1879.7,ETD=38.454}dd.{EPS=1736.11,ETD=36.98}d.{EPS=1618.12,ETD=36.376}xxdx.{EPS=1798.56,ETD=37.148}x.{EPS=1930.5,ETD=37.05}d.{EPS=2057.61,ETD=51.328}ddd.{EPS=1923.08,ETD=43.714}dx.{EPS=1976.28,ETD=43.862}dxx.{EPS=2016.13,ETD=44.108}x.{EPS=1976.28,ETD=44.046}d.{EPS=1923.08,ETD=43.484}ddd.{EPS=1953.12,ETD=82.54}ddd.{EPS=1845.02,ETD=81.552}dxx.{EPS=1700.68,ETD=81.446}x.{EPS=1724.14,ETD=82.084}xxd.{EPS=1712.33,ETD=65.642}dd.{EPS=1851.85,ETD=73.152}d.{EPS=1792.11,ETD=73.026}dd.{EPS=1666.67,ETD=72.686}xx.{EPS=1672.24,ETD=72.718}xx.{EPS=1724.14,ETD=64.546}dd.{EPS=1818.18,ETD=36.152}dd.{EPS=1779.36,ETD=39.484}ddx.{EPS=1766.78,ETD=39.422}xx.{EPS=1766.78,ETD=39.32}xd.{EPS=1773.05,ETD=39.534}dd.{EPS=1754.39,ETD=37.674}d.{EPS=1773.05,ETD=39.544}ddx.{EPS=1748.25,ETD=39.506}xx.{EPS=1736.11,ETD=39.466}x.{EPS=1742.16,ETD=39.516}xd.{EPS=1773.05,ETD=38.638}dddxdxd.{EPS=1672.24,ETD=235.238}dddx.{EPS=1567.4,ETD=233.974}dd.{EPS=1416.43,ETD=232.742}ddxdxd.{EPS=1312.34,ETD=352.142}dd.{EPS=1228.5,ETD=346.74}ddx.{EPS=1234.57,ETD=345.4}xx.{EPS=1315.79,ETD=346.07}xd.{EPS=1259.45,ETD=346.012}dd.{EPS=1157.41,ETD=345.174}ddd.{EPS=1070.66,ETD=336.13}ddx.{EPS=1123.6,ETD=169.958}xdx.{EPS=1162.79,ETD=348.612}ddxddx.{EPS=1108.65,ETD=394.742}ddxd.{EPS=1121.08,ETD=273.784}dxdx.{EPS=1176.47,ETD=273.766}dddx.{EPS=1126.13,ETD=272.658}ddxxxdx.{EPS=1028.81,ETD=271.018}xxxxxxxdxxx.{EPS=1018.33,ETD=270.384}xxxxdx.{EPS=1048.22,ETD=271.828}dxxxxxxdx.{EPS=1079.91,ETD=273.374}xxxxxxdxx.{EPS=1091.7,ETD=239.738}ddxd.{EPS=1075.27,ETD=60.868}xd.{EPS=1152.07,ETD=14.25}xdxxdxx.{EPS=1190.48,ETD=14.87}xd.{EPS=1184.83,ETD=17.038}dxddx.{EPS=1207.73,ETD=16.594}dx.{EPS=1269.04,ETD=16.602}dxxxdxx.{EPS=1278.77,ETD=16.594}dxxx.{EPS=1282.05,ETD=16.23}xxxdxxxdxx.{EPS=1262.63,ETD=17.304}xxddd.{EPS=1225.49,ETD=16.756}xdx.{EPS=1253.13,ETD=16.842}dxdx.{EPS=1253.13,ETD=17.64}xdd.{EPS=1240.69,ETD=18.874}xxxdx.{EPS=1250,ETD=16.202}xdxxdx.{EPS=1253.13,ETD=106.844}dxdxxdxx.{EPS=1213.59,ETD=408.088}ddd.{EPS=1118.57,ETD=448.156}xdd.{EPS=1108.65,ETD=458.018}ddd.{EPS=1061.57,ETD=454.754}xd.{EPS=1089.32,ETD=466.222}dddx.{EPS=1054.85,ETD=466.338}dd.{EPS=1004.02,ETD=476.446}dxd.{EPS=1008.06,ETD=475.248}dxdd.{EPS=939.85,ETD=515.244}dxd.{EPS=957.854,ETD=425.466}ddd.{EPS=917.431,ETD=134.298}dxd.{EPS=982.318,ETD=104.268}ddd.{EPS=904.159,ETD=109.93}dd.{EPS=934.579,ETD=111.21}xxx.{EPS=984.252,ETD=101.582}x.{EPS=1030.93,ETD=103.194}dd.{EPS=1066.1,ETD=95.148}dd.{EPS=1006.04,ETD=108.658}ddx.{EPS=1046.03,ETD=70.396}xdx.{EPS=1084.6,ETD=71.14}x.{EPS=1213.59,ETD=62.876}dd.{EPS=1173.71,ETD=53.548}dd.{EPS=1222.49,ETD=51.62}dx.{EPS=1225.49,ETD=51.418}xx.{EPS=1240.69,ETD=51.294}xdx.{EPS=1269.04,ETD=50.758}d.{EPS=1201.92,ETD=62.286}dd.{EPS=1262.63,ETD=49.326}xx.{EPS=1381.22,ETD=49.304}xdx.{EPS=1377.41,ETD=49.108}d.{EPS=1240.69,ETD=60.852}ddd.{EPS=1228.5,ETD=60.462}xx.{EPS=1347.71,ETD=46.688}x.{EPS=1457.73,ETD=47.248}xdd.{EPS=1315.79,ETD=46.694}dd.{EPS=1193.32,ETD=60.644}dd.{EPS=1216.55,ETD=46.848}xdx.{EPS=1262.63,ETD=47.478}x.{EPS=1256.28,ETD=47.716}xdd.{EPS=1168.22,ETD=47.44}xd.{EPS=1231.53,ETD=49.036}dd.{EPS=1207.73,ETD=70.116}x.{EPS=1173.71,ETD=209.656}dxxxd.{EPS=1149.43,ETD=319.624}d.{EPS=1179.25,ETD=347.552}xd.{EPS=1269.04,ETD=333.084}d.{EPS=1355.01,ETD=332.776}dx.{EPS=1373.63,ETD=348.286}x.{EPS=1347.71,ETD=346.282}dx.{EPS=1461.99,ETD=346.228}~~~~~~~~~~~~~~~~~~~~~~~~~~~~~~~~~~~~~~~~~~~~~d~~~~~~~~~~~~~~~~~~~~d~~~~~~~~~~~~~~~~~~~~~~~~~~~~~~~~~~~~~~~~~~~~~~~d.{EPS=1449.28,ETD=661.37}~~~~~~~~~~~~~~~~~~~~d~~~~d~~~~~~~~~~~~~~~~~~~~~~~~~~~~~~~~~~~~~~~~~~~~~~~~~~~~~~~~~~~~~~~~~~~~~~~~~~~~~~~~~~~~~~~~~~~~~~~~d~~~~~~~~~~~~~~~~~~~~~~~~~~~~~~~~~~~~~~~~~~~~~~~~~~~~~~~~~~~~~~~~~~~~~~~~~~~~~~~~~~~~~~~~~~~~~~~~~~~~~~~~~~~~~~~d~~~~~~~~~~~~~~~~~~~~~~~~~~.{EPS=1474.93,ETD=1172.53}d~~~~~~~~~~~~~~~~~~~~d~~~~~~~~~~~~~~~~~~~~~~~~~~~~~~~~~~~~~~~~~~~~~~~~~~~~~~~~~~~~~~~~~~~~~~~~~~~~~~~~~~~~~~~~~~~~~~~~~~~~~~~~~~~~~~~d~~~~~~~~~~~~~~~~~~~~~~~~~~~~~~~~~~~~~~~~~~~~~~~~~~~~~~~~~~~~~~~~~~~~~d~~~~~~~~~~~~~~~~~~~~~~~~~~~~~~~~~~~~~~~~~~~~~~~~~~~~~~~~~~~~~~~~~~d~~~~~~~~~~~~~~~~~~~~~~~.{EPS=1424.5,ETD=1392.74}~~~~~~~~~~~~~~~~~~~~~~~~~~~~~~~~~~~~~~d~~~~~~~~~~~~~~~~~~~~~~~~~d~~~~~~~~~~~~~~~~~~~~~~~~~~~~~~~~~~~~~~~~~~~~~~d~~~~~~~~~~d~~~~~~~~~~~~~~~~~~~~~~.{EPS=1344.09,ETD=1720.45}d~~~~d~~~~d~~~~~~~~~~~~~~d~~~~.{EPS=1333.33,ETD=2384.57}~~dx~~
;;;; Problem Unsolvable
; Nodes Generated: 23200
; Nodes Expanded:  7917
; Nodes Evaluated: 23190
; Nodes Tunneled:  251
; Nodes memoised with open actions: 18794
; Nodes memoised without open actions: 26213
; Nodes pruned by memoisation: 21807
; Time 6.09
