Parsing and Instantiating...
Warning: rounding numeric constants such as 5.80313 to an accuracy of 0.001
Done
One way facts...
Mutex groups...
Semaphore Facts...
Envelope Facts...
One-shot actions...
(bs-dispense c-bs input wp1 base_black) is 1 shot
(bs-dispense c-bs output wp1 base_black) is 1 shot
(bs-dispense c-bs input wp1 base_red) is 1 shot
(bs-dispense c-bs output wp1 base_red) is 1 shot
(bs-dispense c-bs input wp1 base_silver) is 1 shot
(bs-dispense c-bs output wp1 base_silver) is 1 shot
(bs-dispense c-bs input wp1 base_black) is 1 shot
(bs-dispense c-bs output wp1 base_black) is 1 shot
(bs-dispense c-bs input wp1 base_red) is 1 shot
(bs-dispense c-bs output wp1 base_red) is 1 shot
(bs-dispense c-bs input wp1 base_silver) is 1 shot
(bs-dispense c-bs output wp1 base_silver) is 1 shot
(prepare-ds r-1 c-ds gate-1) is 1 shot
(prepare-ds r-2 c-ds gate-1) is 1 shot
(prepare-ds r-1 c-ds gate-2) is 1 shot
(prepare-ds r-2 c-ds gate-2) is 1 shot
(prepare-ds r-1 c-ds gate-3) is 1 shot
(prepare-ds r-2 c-ds gate-3) is 1 shot
(wp-get-shelf r-1 cg1 c-cs1 left) is 1 shot
(wp-get-shelf r-2 cg1 c-cs1 left) is 1 shot
(wp-get-shelf r-1 cg2 c-cs1 middle) is 1 shot
(wp-get-shelf r-2 cg2 c-cs1 middle) is 1 shot
(wp-get-shelf r-1 cg3 c-cs1 right) is 1 shot
(wp-get-shelf r-2 cg3 c-cs1 right) is 1 shot
(wp-get-shelf r-1 cb1 c-cs2 left) is 1 shot
(wp-get-shelf r-2 cb1 c-cs2 left) is 1 shot
(wp-get-shelf r-1 cb2 c-cs2 middle) is 1 shot
(wp-get-shelf r-2 cb2 c-cs2 middle) is 1 shot
(wp-get-shelf r-1 cb3 c-cs2 right) is 1 shot
(wp-get-shelf r-2 cb3 c-cs2 right) is 1 shot
Integral variables...
Variable bounds...
Static numeric conditions...
Duration bounds...
TIL time window analysis...
Bounding action timestamps due to time windows...
(order-delivery-window-open o1) forms a window with range [0.000,139.649]
Bounds on (fulfill-order-c0-within-tw o1 wp1 c-ds gate-2 base_black cap_black) (duration [0.010,0.010]):
	0: [0.000,139.639]
	1: [0.000,139.639]
	2: [0.010,139.649]
(can-commit-for-ontime-delivery o1) forms a window with range [0.000,5.630]
Bounds on (commit-to-ontime-delivery o1) (duration [0.010,0.010]):
	0: [0.000,5.629]
	1: [0.000,5.629]
	2: [0.010,5.639]
Bounds on (do-not-commit-to-ontime-delivery o1) (duration [0.010,0.010]):
	0: [0.000,5.629]
	1: [0.000,5.629]
	2: [0.010,5.639]
Dominance constraints (excluding processes and events)...
Damaging events...
Dominance constraints (including processes and events)...
Variable monotonicity...
Max/min needed values for any single precondition...
Irrelevant action pruning by backward reachability from goal...
Uninterestingness criteria...
Compression-safe actions...
Compression-safe invariants...
62% of durative actions in this problem are compression safe
Goal Goal [1]
    (order-fulfilled o1)

Finishing preprocessing.  Making a TRPG heuristic...
Making an open list...
Running WA* search (g weight = 1, h weight = 5)
{(order-delivery-window-open o1),(can-commit-for-ontime-delivery o1),(location-free start input),(location-free c-bs input),(location-free c-bs output),(location-free c-cs1 input),(location-free c-cs1 output),(location-free c-cs2 input),(location-free c-cs2 output),(location-free c-ds input),(location-free c-ds output),(cs-can-perform c-cs1 cs_retrieve),(cs-can-perform c-cs2 cs_retrieve),(wp-base-color wp1 base_none),(wp-cap-color wp1 cap_none),(wp-ring1-color wp1 ring_none),(wp-ring2-color wp1 ring_none),(wp-ring3-color wp1 ring_none),(wp-unused wp1),(robot-waiting r-1),(robot-waiting r-2),(mps-state c-bs idle),(mps-state c-cs1 idle),(mps-state c-cs2 idle),(mps-state c-ds idle),(wp-cap-color cg1 cap_grey),(wp-cap-color cg2 cap_grey),(wp-cap-color cg3 cap_grey),(wp-on-shelf cg1 c-cs1 left),(wp-on-shelf cg2 c-cs1 middle),(wp-on-shelf cg3 c-cs1 right),(wp-cap-color cb1 cap_black),(wp-cap-color cb2 cap_black),(wp-cap-color cb3 cap_black),(wp-on-shelf cb1 c-cs2 left),(wp-on-shelf cb2 c-cs2 middle),(wp-on-shelf cb3 c-cs2 right)}
[]
Initial heuristic = 29
Initial stats: t=0.02s, 7568kb
b (28 @ n=2, t=0.02s, 7568kb)b (26 @ n=3, t=0.02s, 7568kb)b (25 @ n=14, t=0.02s, 7708kb)b (24 @ n=21, t=0.02s, 7708kb)b (23 @ n=27, t=0.02s, 7708kb)b (22 @ n=32, t=0.02s, 7708kb)b (21 @ n=81, t=0.03s, 7880kb)b (20 @ n=92, t=0.03s, 7880kb)b (19 @ n=102, t=0.04s, 7976kb)b (18 @ n=113, t=0.04s, 7976kb)b (17 @ n=127, t=0.04s, 8088kb)b (16 @ n=158, t=0.04s, 8212kb)dWarning: self overlapping Action 320:1 at 20
b (14 @ n=310, t=0.06s, 9056kb).{EPS=925.926,ETD=3.81633}dd.{EPS=1176.47,ETD=6.48485}xx.{EPS=1363.64,ETD=19.9396}xdd.{EPS=1438.85,ETD=22.2613}d.{EPS=1479.29,ETD=22.0241}dxd.{EPS=1507.54,ETD=21.8696}dd.{EPS=1541.85,ETD=20.9542}xd.{EPS=1574.8,ETD=20.5288}dxx.{EPS=1636.36,ETD=43.3942}dxb (13 @ n=1635, t=0.31s, 17676kb)d.{EPS=1582.28,ETD=51.3327}dddb (11 @ n=2044, t=0.37s, 20444kb)d.{EPS=1552.8,ETD=51.606}ddddx.{EPS=1519.76,ETD=52.346}db (9 @ n=2486, t=0.44s, 23644kb)b (8 @ n=2489, t=0.44s, 23644kb)b (7 @ n=2492, t=0.44s, 23776kb)dd.{EPS=1488.1,ETD=48.722}dd.{EPS=1466.28,ETD=46.464}dd.{EPS=1457.73,ETD=45.122}ddd.{EPS=1420.45,ETD=44.344}ddd.{EPS=1400.56,ETD=43.322}dxdxdd.{EPS=1319.26,ETD=45.674}dd.{EPS=1272.26,ETD=23.7}ddd.{EPS=1282.05,ETD=12.994}dd.{EPS=1366.12,ETD=12.746}dd.{EPS=1392.76,ETD=11.664}dxdddx.{EPS=1329.79,ETD=21.438}dxdd.{EPS=1305.48,ETD=22.464}ddd.{EPS=1302.08,ETD=25.122}dd.{EPS=1336.9,ETD=25.214}d.{EPS=1377.41,ETD=25.588}d.{EPS=1461.99,ETD=23.706}d.{EPS=1519.76,ETD=24.066}xd.{EPS=1587.3,ETD=24.67}d.{EPS=1644.74,ETD=25.154}d.{EPS=1700.68,ETD=25.804}ddd.{EPS=1779.36,ETD=23.482}d.{EPS=1865.67,ETD=22.782}xd.{EPS=1945.53,ETD=20.566}d.{EPS=1984.13,ETD=20.926}dddd.{EPS=1838.24,ETD=43.236}d.{EPS=1872.66,ETD=41.564}xd.{EPS=1851.85,ETD=42.736}d.{EPS=1831.5,ETD=41.562}d.{EPS=1851.85,ETD=41.786}dd.{EPS=1760.56,ETD=45.914}d.{EPS=1838.24,ETD=38.01}xd.{EPS=1879.7,ETD=39.17}d.{EPS=1824.82,ETD=38.948}d.{EPS=1831.5,ETD=38.37}dddx.{EPS=1872.66,ETD=37.896}dxdxdxdx.{EPS=1736.11,ETD=153.374}xdxxd.{EPS=1628.66,ETD=224.706}dddxd.{EPS=1497.01,ETD=247.486}ddx.{EPS=1424.5,ETD=246.984}dd.{EPS=1412.43,ETD=242.254}dxdd.{EPS=1351.35,ETD=243.002}ddd.{EPS=1285.35,ETD=241.406}xdx.{EPS=1272.26,ETD=241.042}dxdxd.{EPS=1228.5,ETD=329.912}xxxdxdxd.{EPS=1176.47,ETD=395.988}xxxdd.{EPS=1207.73,ETD=299.474}xd.{EPS=1256.28,ETD=226.954}dx.{EPS=1362.4,ETD=205.554}d.{EPS=1408.45,ETD=205.864}d.{EPS=1492.54,ETD=209.95}x.{EPS=1577.29,ETD=214.476}x.{EPS=1700.68,ETD=215.348}dx.{EPS=1838.24,ETD=218.312}x.{EPS=1923.08,ETD=130.288}.{EPS=2192.98,ETD=45.32}.{EPS=2325.58,ETD=32}x.{EPS=2403.85,ETD=35.166}x.{EPS=2403.85,ETD=35.574}.{EPS=2525.25,ETD=45.56}.{EPS=2512.56,ETD=60.902}x.{EPS=2617.8,ETD=76.64}x.{EPS=2645.5,ETD=94.456}.{EPS=2500,ETD=95.802}x.{EPS=2538.07,ETD=96.892}.{EPS=2512.56,ETD=95.612}.{EPS=2487.56,ETD=93.102}x.{EPS=2604.17,ETD=115.266}.{EPS=2762.43,ETD=152.952}x.{EPS=2906.98,ETD=183.568}.{EPS=3125,ETD=205.384}x.{EPS=3225.81,ETD=225.336}.{EPS=3378.38,ETD=245.888}.{EPS=3703.7,ETD=278.088}xdx.{EPS=3623.19,ETD=416.362}xxdxx.{EPS=3355.7,ETD=611.824}xxdd.{EPS=2976.19,ETD=615.422}dxdd.{EPS=2525.25,ETD=589.86}ddd.{EPS=2155.17,ETD=557.162}xdd.{EPS=1872.66,ETD=516.228}ddxxdx.{EPS=1623.38,ETD=531.742}xxxd.{EPS=1529.05,ETD=536.422}x.{EPS=1479.29,ETD=509.39}.{EPS=1440.92,ETD=490.672}x.{EPS=1470.59,ETD=353.64}.{EPS=1543.21,ETD=166.132}.{EPS=1661.13,ETD=167.286}x.{EPS=1818.18,ETD=175.242}.{EPS=2066.12,ETD=236.244}.{EPS=2415.46,ETD=338.458}.{EPS=2994.01,ETD=378.498}.{EPS=3401.36,ETD=426.096}x.{EPS=3649.64,ETD=484.168}d.{EPS=3571.43,ETD=504.246}dx.{EPS=3105.59,ETD=500.414}xdx.{EPS=2976.19,ETD=490.662}xx.{EPS=2941.18,ETD=483.074}xxx.{EPS=2890.17,ETD=476.72}xx.{EPS=2762.43,ETD=411.73}xxd.{EPS=2564.1,ETD=311.85}xx.{EPS=2450.98,ETD=215.282}x.{EPS=2358.49,ETD=122.388}xdx.{EPS=2118.64,ETD=53.74}xd.{EPS=2074.69,ETD=15.97}xxx.{EPS=2252.25,ETD=16.24}xxx.{EPS=2325.58,ETD=17.794}xx.{EPS=2314.81,ETD=20.724}xx.{EPS=2283.11,ETD=21.94}dx.{EPS=2314.81,ETD=19.096}xx.{EPS=2380.95,ETD=19.584}xd.{EPS=2192.98,ETD=19.39}xx.{EPS=2100.84,ETD=19.112}xxx.{EPS=2222.22,ETD=18.01}dxx.{EPS=2304.15,ETD=19.348}xxx.{EPS=2283.11,ETD=22.744}xx.{EPS=2232.14,ETD=23.52}x.{EPS=2272.73,ETD=20.67}xd.{EPS=2293.58,ETD=22.218}xx.{EPS=2164.5,ETD=21.988}dxx.{EPS=2066.12,ETD=19.272}xx.{EPS=2192.98,ETD=19.52}xxx.{EPS=2252.25,ETD=21.448}xxdx.{EPS=2252.25,ETD=24.062}x.{EPS=2202.64,ETD=25.1}xx.{EPS=2262.44,ETD=21.824}x.{EPS=2262.44,ETD=25.398}dxx.{EPS=2136.75,ETD=25.2}dxx.{EPS=2074.69,ETD=20.86}xx.{EPS=2164.5,ETD=21.072}xxx.{EPS=2222.22,ETD=22.848}xx.{EPS=2222.22,ETD=25.648}xdx.{EPS=2164.5,ETD=26.168}x.{EPS=2202.64,ETD=23.406}xx.{EPS=2192.98,ETD=28.58}dx.{EPS=2083.33,ETD=28.41}xx.{EPS=2049.18,ETD=22.446}xdxx.{EPS=2136.75,ETD=22.628}xxx.{EPS=2192.98,ETD=24.438}xx.{EPS=2192.98,ETD=27.744}xx.{EPS=2155.17,ETD=27.754}dx.{EPS=2192.98,ETD=25.006}x.{EPS=2272.73,ETD=41.086}xx.{EPS=2262.44,ETD=59.198}xx.{EPS=2336.45,ETD=74.198}x.{EPS=2450.98,ETD=90.32}xx.{EPS=2577.32,ETD=110.862}x.{EPS=2617.8,ETD=125.85}xx.{EPS=2645.5,ETD=141.618}x.{EPS=2688.17,ETD=152.42}xx.{EPS=2777.78,ETD=166.032}xx.{EPS=2762.43,ETD=180.95}xd.{EPS=2747.25,ETD=176.618}xx.{EPS=2747.25,ETD=170.602}x.{EPS=2732.24,ETD=158.11}xx.{EPS=2717.39,ETD=152.106}x.{EPS=2717.39,ETD=139.302}xx.{EPS=2688.17,ETD=133.42}xx.{EPS=2631.58,ETD=129.508}dxxx.{EPS=2512.56,ETD=121.11}xxx.{EPS=2551.02,ETD=105.7}xxx.{EPS=2525.25,ETD=96.778}xxx.{EPS=2525.25,ETD=82.494}xxx.{EPS=2538.07,ETD=70.112}xxx.{EPS=2512.56,ETD=66.442}xxx.{EPS=2538.07,ETD=56.284}xxx.{EPS=2439.02,ETD=60.714}dxxx.{EPS=2369.67,ETD=57.334}xxx.{EPS=2427.18,ETD=43.776}xxx.{EPS=2512.56,ETD=43.942}xxx.{EPS=2500,ETD=43.864}xxx.{EPS=2500,ETD=44.092}xxx.{EPS=2512.56,ETD=44.014}xxx.{EPS=2512.56,ETD=44.076}xxdx.{EPS=2415.46,ETD=56.052}xx.{EPS=2347.42,ETD=55.814}xxx.{EPS=2439.02,ETD=43.682}xxx.{EPS=2487.56,ETD=43.848}xxx.{EPS=2512.56,ETD=43.718}xxx.{EPS=2512.56,ETD=44.042}xxx.{EPS=2475.25,ETD=43.924}xxx.{EPS=2512.56,ETD=37.396}xxx.{EPS=2336.45,ETD=55.914}dxxx.{EPS=2314.81,ETD=55.758}xxx.{EPS=2450.98,ETD=37.39}xxx.{EPS=2475.25,ETD=43.73}xxx.{EPS=2475.25,ETD=43.826}xxx.{EPS=2487.56,ETD=43.96}xxx.{EPS=2463.05,ETD=43.89}xxx.{EPS=2463.05,ETD=49.808}xxx.{EPS=2347.42,ETD=55.762}xxx.{EPS=2304.15,ETD=55.738}xxx.{EPS=2487.56,ETD=37.392}xxx.{EPS=2463.05,ETD=43.732}xxx.{EPS=2450.98,ETD=43.744}xxx.{EPS=2450.98,ETD=43.874}xxx.{EPS=2463.05,ETD=43.766}xxdx.{EPS=2427.18,ETD=49.712}xx.{EPS=2293.58,ETD=55.618}xxx.{EPS=2325.58,ETD=43.276}xxx.{EPS=2439.02,ETD=43.754}xxx.{EPS=2450.98,ETD=43.616}xxx.{EPS=2450.98,ETD=43.666}xxx.{EPS=2450.98,ETD=43.766}xxx.{EPS=2439.02,ETD=43.874}xxxd.{EPS=2415.46,ETD=47.99}xx.{EPS=2325.58,ETD=58.448}xx.{EPS=2392.34,ETD=46.46}xx.{EPS=2512.56,ETD=51.26}xx.{EPS=2500,ETD=51.19}xx.{EPS=2538.07,ETD=44.774}xx.{EPS=2525.25,ETD=56.06}xx.{EPS=2525.25,ETD=56.038}xxx.{EPS=2538.07,ETD=72.326}xxx.{EPS=2525.25,ETD=94.908}xxx.{EPS=2564.1,ETD=107.488}xxx.{EPS=2631.58,ETD=120.05}xxx.{EPS=2590.67,ETD=143.13}xxx.{EPS=2604.17,ETD=143.972}xxx.{EPS=2512.56,ETD=166.984}dxx.{EPS=2403.85,ETD=178.194}xx.{EPS=2463.05,ETD=167.182}xx~~~.{EPS=2415.46,ETD=178.604}~~~~~~~~~~~~~~~~~~~~~~~~~~~~~~~~~~~~~~~~~~~~~~~~~~~~~~~~~~~~~~~~~~~~~~~~~~~~~~~~~~~~~~~~~~~~~~~~~~~~~~~~~~d~~~~~~~~~~~~~~~~~~~~~~~~~~~~~~~~~~~~~~~~~~~~~~~~~~~~~~~~~~~~~~~~~~~~~~~~~~~~~~~~~~~~~~~~~~~~~~~~~~~~~~~~~~~~~~~~~~~~~~~~~~~~~~~~~~~~~~~~~~~~~~~~~~~~~~~~~~~~~~~~~~~~~~~~~~~~~~~~~~~~~~~~~~~~~d~~~~~~~~~~~~~~~~~~~~~~~~~~~~~~~~~~~~~~~~~~~~~~~~~~~~~~~~~~~~~~~~~~~~d~~~~~~~~~~~~~~~~~~~~~~~~~~~~~~~~~~~~~~~~~~~~~~~~~~~~~~~~~~~~~~~~~~~~~~~~~~~~~~~~~~~~~~~~~~~~~~~~~~~~~~~~~~~~~~~~~~~~~~~~~~~~~~~~~~~~~~~~~~~~~~~~~~~~~~~~~~~~~~~~~~~~~~~~~~~~~~~~~~~~~~~~~~~~~~~~~~~~~~~~~~~~~~~~~~~~~~~~~~~~~~~~~~~~~~~~~~~~~~~~~~~~~~~~~~~~~~~~~~~~~~~~~~~~~~~~~~~~~~~~~~~~~~~~~~~d~~~~~~.{EPS=2040.82,ETD=819.664}~~~~~~~~~~~~~~~~~~~~~~~~~~~~~~~~~~~~~~~~~~~~~~~~~~~~~~~~~~~~~~~d~~~~~~~~~~~~~~~~~~~~~~~~~~~~~~~~~~~~~~~~~~~~~~~~~~~~~~~~~~~~~~~~~~dd~~~~~~~~~~~~~~~~~~~~~~~~~~~~~~~~~~~~~~~~~~~~~~~~~~~~~~~~~~~~~~~~~~~~~~~~~~~~~~~~~~~~~~~~d~~~~~~~~~~~~~~~~~~~~~~~~~~~~~~~~~~~~~~~~~~~~~~~~~~~~~~~~~~~~~~~~~~~~~~~~~~~~~~~~~~~~~~~~~~~~~~~~~~~~~~d~~~~~~~~~~~xd~~~~~~.{EPS=1718.21,ETD=1706.55}~~d~~~~~~~~~~~~~~~~~~~~~~~~~~~~~~~~~~~~~~~~~~~~~~~~~~~~~~~~~~~~~~~~~~~~~~~~~~~~~~~~~~~~~~~~~~~~~~~~~~~~~~~~~~~~~~~~~~~~~~d~~~~~~~~~~~~~~~~~~~~~~~~~~~~~~~~~~~d~~~~~~~~~~~~~~~~~~~~~~~~~~~~~~~~~~~~~~~~~~~~~~~~~~~~~~~~~~~~~~~~~~~~~~~~~~~~~~~~~~~~~~~~~~~~~~~~~~d.{EPS=1597.44,ETD=2852.96}~~~~~~~~~~~~~~~~~~~~~~~~~~~~~d~~~~~~~~~~~~~~~~~~~~~~~~~~~~~d~~~~~~~~~~~~~~~~~~~d~~~~~~~~~~~~.{EPS=1515.15,ETD=4006.11}~~d~~~~d~~
;;;; Problem Unsolvable
; Nodes Generated: 22463
; Nodes Expanded:  11872
; Nodes Evaluated: 22444
; Nodes Tunneled:  479
; Nodes memoised with open actions: 33965
; Nodes memoised without open actions: 20941
; Nodes pruned by memoisation: 32443
; Time 5.84
