Warnings encountered when parsing Domain/Problem File
-----------------------------------------------------

The supplied domain/problem file appear to violate part of the PDDL
language specification.  Specifically:

Errors: 0, warnings: 12
pddl-instances/ipc-2004/domains/umts-temporal-time-windows-strips/domain.pddl: line: 154: Warning: Undeclared requirement :durative-actions 
pddl-instances/ipc-2004/domains/umts-temporal-time-windows-strips/domain.pddl: line: 176: Warning: Undeclared requirement :durative-actions 
pddl-instances/ipc-2004/domains/umts-temporal-time-windows-strips/domain.pddl: line: 190: Warning: Undeclared requirement :durative-actions 
pddl-instances/ipc-2004/domains/umts-temporal-time-windows-strips/domain.pddl: line: 207: Warning: Undeclared requirement :durative-actions 
pddl-instances/ipc-2004/domains/umts-temporal-time-windows-strips/domain.pddl: line: 241: Warning: Undeclared requirement :durative-actions 
pddl-instances/ipc-2004/domains/umts-temporal-time-windows-strips/domain.pddl: line: 253: Warning: Undeclared requirement :durative-actions 
pddl-instances/ipc-2004/domains/umts-temporal-time-windows-strips/domain.pddl: line: 280: Warning: Undeclared requirement :durative-actions 
pddl-instances/ipc-2004/domains/umts-temporal-time-windows-strips/domain.pddl: line: 299: Warning: Undeclared requirement :durative-actions 
pddl-instances/ipc-2004/domains/umts-temporal-time-windows-strips/instances/instance-12.pddl: line: 288: Warning: Undeclared requirement :timed-initial-literals 
pddl-instances/ipc-2004/domains/umts-temporal-time-windows-strips/instances/instance-12.pddl: line: 289: Warning: Undeclared requirement :timed-initial-literals 
pddl-instances/ipc-2004/domains/umts-temporal-time-windows-strips/instances/instance-12.pddl: line: 290: Warning: Undeclared requirement :timed-initial-literals 
pddl-instances/ipc-2004/domains/umts-temporal-time-windows-strips/instances/instance-12.pddl: line: 291: Warning: Undeclared requirement :timed-initial-literals 

The planner will continue, but you may wish to fix your files accordingly
Parsing and Instantiating...
Warning - the variable:

(app-channels a1 m10)

...was found in a ground precondition/effect, but was never assigned a value
either in the initial state; or as an effect of an action.  If this was
deliberate, you may safely ignore this warning.  Otherwise, note that
following the PDDL semantics:

- Preconditions referring to undefined variables are assumed to be false;

- Actions with effects on variables that have never been given a value are
  eliminated, as they can never be applied (their outcome would be undefined).

Other such variables may exist, but this warning is only shown for the first.

Warning: zero-duration durative actions
-------------------------------------------------------------
At least one durative action in the domain has a duration of
zero:
	(am a1 m1 l1)
This should be rewritten as an instantaneous action (a PDDL
:action).  The planner will try to do the right thing, and
internally replace it with an :action, with all the conditions
and effects changed to being instantaneous.  But, this is not
guaranteed to be correct, if e.g. you wrote an effect
(at start (p)) later followed by a condition (at end (p)).
If it can't solve your problem, rewrite your domain to
respect the PDDL requirement that durative actions
need to have a non-zero duration.
TIL[761.000] @ 0x2494940 -> { TIL[70.000]}
TIL[2151.000] @ 0x2494d20 -> { TIL[1430.000]}
Done
One way facts...
Mutex groups...
Semaphore Facts...
Envelope Facts...
One-shot actions...
Integral variables...
Variable bounds...
Static numeric conditions...
Duration bounds...
TIL time window analysis...
Bounding action timestamps due to time windows...
(begin-init ae) forms a window with range [70.000,761.000]
Bounds on (aeem a1 m1 l1 ae) (duration [73.000,73.000]):
	0: [70.001,760.999]
	1: [70.001,760.999]
	2: [143.001,833.999]
Bounds on (aeem a10 m1 l10 ae) (duration [71.000,71.000]):
	0: [70.001,760.999]
	1: [70.001,760.999]
	2: [141.001,831.999]
Bounds on (aeem a2 m1 l2 ae) (duration [54.000,54.000]):
	0: [70.001,760.999]
	1: [70.001,760.999]
	2: [124.001,814.999]
Bounds on (aeem a3 m1 l3 ae) (duration [80.000,80.000]):
	0: [70.001,760.999]
	1: [70.001,760.999]
	2: [150.001,840.999]
Bounds on (aeem a4 m1 l4 ae) (duration [66.000,66.000]):
	0: [70.001,760.999]
	1: [70.001,760.999]
	2: [136.001,826.999]
Bounds on (aeem a5 m1 l5 ae) (duration [68.000,68.000]):
	0: [70.001,760.999]
	1: [70.001,760.999]
	2: [138.001,828.999]
Bounds on (aeem a6 m1 l6 ae) (duration [62.000,62.000]):
	0: [70.001,760.999]
	1: [70.001,760.999]
	2: [132.001,822.999]
Bounds on (aeem a7 m1 l7 ae) (duration [75.000,75.000]):
	0: [70.001,760.999]
	1: [70.001,760.999]
	2: [145.001,835.999]
Bounds on (aeem a8 m1 l8 ae) (duration [71.000,71.000]):
	0: [70.001,760.999]
	1: [70.001,760.999]
	2: [141.001,831.999]
Bounds on (aeem a9 m1 l9 ae) (duration [70.000,70.000]):
	0: [70.001,760.999]
	1: [70.001,760.999]
	2: [140.001,830.999]
(begin-aeei ae) forms a window with range [1430.000,2151.000]
Bounds on (aeei a1 m1 l1 ae) (duration [35.000,35.000]):
	0: [1430.001,2150.999]
	1: [1430.001,2150.999]
	2: [1465.001,2185.999]
Bounds on (aeei a10 m1 l10 ae) (duration [90.000,90.000]):
	0: [1430.001,2150.999]
	1: [1430.001,2150.999]
	2: [1520.001,2240.999]
Bounds on (aeei a2 m1 l2 ae) (duration [86.000,86.000]):
	0: [1430.001,2150.999]
	1: [1430.001,2150.999]
	2: [1516.001,2236.999]
Bounds on (aeei a3 m1 l3 ae) (duration [88.000,88.000]):
	0: [1430.001,2150.999]
	1: [1430.001,2150.999]
	2: [1518.001,2238.999]
Bounds on (aeei a4 m1 l4 ae) (duration [90.000,90.000]):
	0: [1430.001,2150.999]
	1: [1430.001,2150.999]
	2: [1520.001,2240.999]
Bounds on (aeei a5 m1 l5 ae) (duration [87.000,87.000]):
	0: [1430.001,2150.999]
	1: [1430.001,2150.999]
	2: [1517.001,2237.999]
Bounds on (aeei a6 m1 l6 ae) (duration [42.000,42.000]):
	0: [1430.001,2150.999]
	1: [1430.001,2150.999]
	2: [1472.001,2192.999]
Bounds on (aeei a7 m1 l7 ae) (duration [88.000,88.000]):
	0: [1430.001,2150.999]
	1: [1430.001,2150.999]
	2: [1518.001,2238.999]
Bounds on (aeei a8 m1 l8 ae) (duration [78.000,78.000]):
	0: [1430.001,2150.999]
	1: [1430.001,2150.999]
	2: [1508.001,2228.999]
Bounds on (aeei a9 m1 l9 ae) (duration [84.000,84.000]):
	0: [1430.001,2150.999]
	1: [1430.001,2150.999]
	2: [1514.001,2234.999]
Dominance constraints (excluding processes and events)...
Damaging events...
Dominance constraints (including processes and events)...
Variable monotonicity...
Max/min needed values for any single precondition...
Dependencies from NumericFluents to the conditions and effects that use them...
Irrelevant action pruning by backward reachability from goal...
Uninterestingness criteria...
Compression-safe actions...
Effect (has-mobile-channels-available) += -1 of action (trm a1 m1 l1) is compression safe
Effect (has-e-load) += -24 of action (trm a1 m1 l1) is compression safe
Effect (has-k-available) += -3 of action (trm a1 m1 l1) is compression safe
Effect (has-d-available) += -48 of action (trm a1 m1 l1) is compression safe
Effect (has-mobile-cpu) += -80 of action (trm a1 m1 l1) is compression safe
action (trm a1 m1 l1) has compression safe numeric effects at time 2
action has compression safe numeric effects but still panicking and setting compression safe to false for now: need a new flag
Effect (has-mobile-channels-available) += -1 of action (trm a10 m1 l10) is compression safe
Effect (has-e-load) += -5 of action (trm a10 m1 l10) is compression safe
Effect (has-k-available) += -1 of action (trm a10 m1 l10) is compression safe
Effect (has-d-available) += -5 of action (trm a10 m1 l10) is compression safe
Effect (has-mobile-cpu) += -10 of action (trm a10 m1 l10) is compression safe
action (trm a10 m1 l10) has compression safe numeric effects at time 2
action has compression safe numeric effects but still panicking and setting compression safe to false for now: need a new flag
Effect (has-mobile-channels-available) += -2 of action (trm a2 m1 l2) is compression safe
Effect (has-e-load) += -18 of action (trm a2 m1 l2) is compression safe
Effect (has-k-available) += -2 of action (trm a2 m1 l2) is compression safe
Effect (has-d-available) += -12 of action (trm a2 m1 l2) is compression safe
Effect (has-mobile-cpu) += -11 of action (trm a2 m1 l2) is compression safe
action (trm a2 m1 l2) has compression safe numeric effects at time 2
action has compression safe numeric effects but still panicking and setting compression safe to false for now: need a new flag
Effect (has-mobile-channels-available) += -2 of action (trm a3 m1 l3) is compression safe
Effect (has-e-load) += -18 of action (trm a3 m1 l3) is compression safe
Effect (has-k-available) += -1 of action (trm a3 m1 l3) is compression safe
Effect (has-d-available) += -11 of action (trm a3 m1 l3) is compression safe
Effect (has-mobile-cpu) += -15 of action (trm a3 m1 l3) is compression safe
action (trm a3 m1 l3) has compression safe numeric effects at time 2
action has compression safe numeric effects but still panicking and setting compression safe to false for now: need a new flag
Effect (has-mobile-channels-available) += -2 of action (trm a4 m1 l4) is compression safe
Effect (has-e-load) += -12 of action (trm a4 m1 l4) is compression safe
Effect (has-k-available) += -2 of action (trm a4 m1 l4) is compression safe
Effect (has-d-available) += -14 of action (trm a4 m1 l4) is compression safe
Effect (has-mobile-cpu) += -2 of action (trm a4 m1 l4) is compression safe
action (trm a4 m1 l4) has compression safe numeric effects at time 2
action has compression safe numeric effects but still panicking and setting compression safe to false for now: need a new flag
Effect (has-mobile-channels-available) += -1 of action (trm a5 m1 l5) is compression safe
Effect (has-e-load) += -6 of action (trm a5 m1 l5) is compression safe
Effect (has-k-available) += -6 of action (trm a5 m1 l5) is compression safe
Effect (has-d-available) += -15 of action (trm a5 m1 l5) is compression safe
Effect (has-mobile-cpu) += -11 of action (trm a5 m1 l5) is compression safe
action (trm a5 m1 l5) has compression safe numeric effects at time 2
action has compression safe numeric effects but still panicking and setting compression safe to false for now: need a new flag
Effect (has-mobile-channels-available) += -2 of action (trm a6 m1 l6) is compression safe
Effect (has-e-load) += -19 of action (trm a6 m1 l6) is compression safe
Effect (has-k-available) += -1 of action (trm a6 m1 l6) is compression safe
Effect (has-d-available) += -9 of action (trm a6 m1 l6) is compression safe
Effect (has-mobile-cpu) += -11 of action (trm a6 m1 l6) is compression safe
action (trm a6 m1 l6) has compression safe numeric effects at time 2
action has compression safe numeric effects but still panicking and setting compression safe to false for now: need a new flag
Effect (has-mobile-channels-available) += -6 of action (trm a7 m1 l7) is compression safe
Effect (has-e-load) += -15 of action (trm a7 m1 l7) is compression safe
Effect (has-k-available) += -2 of action (trm a7 m1 l7) is compression safe
Effect (has-d-available) += -3 of action (trm a7 m1 l7) is compression safe
Effect (has-mobile-cpu) += -11 of action (trm a7 m1 l7) is compression safe
action (trm a7 m1 l7) has compression safe numeric effects at time 2
action has compression safe numeric effects but still panicking and setting compression safe to false for now: need a new flag
Effect (has-mobile-channels-available) += -1 of action (trm a8 m1 l8) is compression safe
Effect (has-e-load) += -9 of action (trm a8 m1 l8) is compression safe
Effect (has-k-available) += -2 of action (trm a8 m1 l8) is compression safe
Effect (has-d-available) += -13 of action (trm a8 m1 l8) is compression safe
Effect (has-mobile-cpu) += -10 of action (trm a8 m1 l8) is compression safe
action (trm a8 m1 l8) has compression safe numeric effects at time 2
action has compression safe numeric effects but still panicking and setting compression safe to false for now: need a new flag
Effect (has-mobile-channels-available) += -1 of action (trm a9 m1 l9) is compression safe
Effect (has-e-load) += -10 of action (trm a9 m1 l9) is compression safe
Effect (has-k-available) += -1 of action (trm a9 m1 l9) is compression safe
Effect (has-d-available) += -5 of action (trm a9 m1 l9) is compression safe
Effect (has-mobile-cpu) += -10 of action (trm a9 m1 l9) is compression safe
action (trm a9 m1 l9) has compression safe numeric effects at time 2
action has compression safe numeric effects but still panicking and setting compression safe to false for now: need a new flag
Effect (has-num-calls) += -1 of action (ct a1 m1 l1) is compression safe
Effect (has-num-mobiles) += -1 of action (ct a1 m1 l1) is compression safe
action (ct a1 m1 l1) has compression safe numeric effects at time 2
action has compression safe numeric effects but still panicking and setting compression safe to false for now: need a new flag
Effect (has-num-calls) += -1 of action (ct a10 m1 l10) is compression safe
Effect (has-num-mobiles) += -1 of action (ct a10 m1 l10) is compression safe
action (ct a10 m1 l10) has compression safe numeric effects at time 2
action has compression safe numeric effects but still panicking and setting compression safe to false for now: need a new flag
Effect (has-num-calls) += -1 of action (ct a2 m1 l2) is compression safe
Effect (has-num-mobiles) += -1 of action (ct a2 m1 l2) is compression safe
action (ct a2 m1 l2) has compression safe numeric effects at time 2
action has compression safe numeric effects but still panicking and setting compression safe to false for now: need a new flag
Effect (has-num-calls) += -1 of action (ct a3 m1 l3) is compression safe
Effect (has-num-mobiles) += -1 of action (ct a3 m1 l3) is compression safe
action (ct a3 m1 l3) has compression safe numeric effects at time 2
action has compression safe numeric effects but still panicking and setting compression safe to false for now: need a new flag
Effect (has-num-calls) += -1 of action (ct a4 m1 l4) is compression safe
Effect (has-num-mobiles) += -1 of action (ct a4 m1 l4) is compression safe
action (ct a4 m1 l4) has compression safe numeric effects at time 2
action has compression safe numeric effects but still panicking and setting compression safe to false for now: need a new flag
Effect (has-num-calls) += -1 of action (ct a5 m1 l5) is compression safe
Effect (has-num-mobiles) += -1 of action (ct a5 m1 l5) is compression safe
action (ct a5 m1 l5) has compression safe numeric effects at time 2
action has compression safe numeric effects but still panicking and setting compression safe to false for now: need a new flag
Effect (has-num-calls) += -1 of action (ct a6 m1 l6) is compression safe
Effect (has-num-mobiles) += -1 of action (ct a6 m1 l6) is compression safe
action (ct a6 m1 l6) has compression safe numeric effects at time 2
action has compression safe numeric effects but still panicking and setting compression safe to false for now: need a new flag
Effect (has-num-calls) += -1 of action (ct a7 m1 l7) is compression safe
Effect (has-num-mobiles) += -1 of action (ct a7 m1 l7) is compression safe
action (ct a7 m1 l7) has compression safe numeric effects at time 2
action has compression safe numeric effects but still panicking and setting compression safe to false for now: need a new flag
Effect (has-num-calls) += -1 of action (ct a8 m1 l8) is compression safe
Effect (has-num-mobiles) += -1 of action (ct a8 m1 l8) is compression safe
action (ct a8 m1 l8) has compression safe numeric effects at time 2
action has compression safe numeric effects but still panicking and setting compression safe to false for now: need a new flag
Effect (has-num-calls) += -1 of action (ct a9 m1 l9) is compression safe
Effect (has-num-mobiles) += -1 of action (ct a9 m1 l9) is compression safe
action (ct a9 m1 l9) has compression safe numeric effects at time 2
action has compression safe numeric effects but still panicking and setting compression safe to false for now: need a new flag
Effect (has-mobile-storage) += -10 of action (aeem a1 m1 l1 ae) is compression safe
action (aeem a1 m1 l1 ae) has compression safe numeric effects at time 2
action has compression safe numeric effects but still panicking and setting compression safe to false for now: need a new flag
Effect (has-mobile-storage) += -10 of action (aeem a10 m1 l10 ae) is compression safe
action (aeem a10 m1 l10 ae) has compression safe numeric effects at time 2
action has compression safe numeric effects but still panicking and setting compression safe to false for now: need a new flag
Effect (has-mobile-storage) += -10 of action (aeem a2 m1 l2 ae) is compression safe
action (aeem a2 m1 l2 ae) has compression safe numeric effects at time 2
action has compression safe numeric effects but still panicking and setting compression safe to false for now: need a new flag
Effect (has-mobile-storage) += -10 of action (aeem a3 m1 l3 ae) is compression safe
action (aeem a3 m1 l3 ae) has compression safe numeric effects at time 2
action has compression safe numeric effects but still panicking and setting compression safe to false for now: need a new flag
Effect (has-mobile-storage) += -10 of action (aeem a4 m1 l4 ae) is compression safe
action (aeem a4 m1 l4 ae) has compression safe numeric effects at time 2
action has compression safe numeric effects but still panicking and setting compression safe to false for now: need a new flag
Effect (has-mobile-storage) += -10 of action (aeem a5 m1 l5 ae) is compression safe
action (aeem a5 m1 l5 ae) has compression safe numeric effects at time 2
action has compression safe numeric effects but still panicking and setting compression safe to false for now: need a new flag
Effect (has-mobile-storage) += -10 of action (aeem a6 m1 l6 ae) is compression safe
action (aeem a6 m1 l6 ae) has compression safe numeric effects at time 2
action has compression safe numeric effects but still panicking and setting compression safe to false for now: need a new flag
Effect (has-mobile-storage) += -10 of action (aeem a7 m1 l7 ae) is compression safe
action (aeem a7 m1 l7 ae) has compression safe numeric effects at time 2
action has compression safe numeric effects but still panicking and setting compression safe to false for now: need a new flag
Effect (has-mobile-storage) += -10 of action (aeem a8 m1 l8 ae) is compression safe
action (aeem a8 m1 l8 ae) has compression safe numeric effects at time 2
action has compression safe numeric effects but still panicking and setting compression safe to false for now: need a new flag
Effect (has-mobile-storage) += -10 of action (aeem a9 m1 l9 ae) is compression safe
action (aeem a9 m1 l9 ae) has compression safe numeric effects at time 2
action has compression safe numeric effects but still panicking and setting compression safe to false for now: need a new flag
Effect (has-active-set-up) += -1 of action (rrc a1 m1 l1 ae) is compression safe
Effect (has-handover) += -1 of action (rrc a1 m1 l1 ae) is compression safe
Effect (has-cell-update) += -2 of action (rrc a1 m1 l1 ae) is compression safe
Effect (has-logical-channels) += -1 of action (rrc a1 m1 l1 ae) is compression safe
action (rrc a1 m1 l1 ae) has compression safe numeric effects at time 2
action has compression safe numeric effects but still panicking and setting compression safe to false for now: need a new flag
Effect (has-active-set-up) += -1 of action (rrc a10 m1 l10 ae) is compression safe
Effect (has-handover) += -1 of action (rrc a10 m1 l10 ae) is compression safe
Effect (has-cell-update) += -2 of action (rrc a10 m1 l10 ae) is compression safe
Effect (has-logical-channels) += -1 of action (rrc a10 m1 l10 ae) is compression safe
action (rrc a10 m1 l10 ae) has compression safe numeric effects at time 2
action has compression safe numeric effects but still panicking and setting compression safe to false for now: need a new flag
Effect (has-active-set-up) += -1 of action (rrc a2 m1 l2 ae) is compression safe
Effect (has-handover) += -1 of action (rrc a2 m1 l2 ae) is compression safe
Effect (has-cell-update) += -2 of action (rrc a2 m1 l2 ae) is compression safe
Effect (has-logical-channels) += -2 of action (rrc a2 m1 l2 ae) is compression safe
action (rrc a2 m1 l2 ae) has compression safe numeric effects at time 2
action has compression safe numeric effects but still panicking and setting compression safe to false for now: need a new flag
Effect (has-active-set-up) += -1 of action (rrc a3 m1 l3 ae) is compression safe
Effect (has-handover) += -1 of action (rrc a3 m1 l3 ae) is compression safe
Effect (has-cell-update) += -2 of action (rrc a3 m1 l3 ae) is compression safe
Effect (has-logical-channels) += -2 of action (rrc a3 m1 l3 ae) is compression safe
action (rrc a3 m1 l3 ae) has compression safe numeric effects at time 2
action has compression safe numeric effects but still panicking and setting compression safe to false for now: need a new flag
Effect (has-active-set-up) += -1 of action (rrc a4 m1 l4 ae) is compression safe
Effect (has-handover) += -1 of action (rrc a4 m1 l4 ae) is compression safe
Effect (has-cell-update) += -2 of action (rrc a4 m1 l4 ae) is compression safe
Effect (has-logical-channels) += -2 of action (rrc a4 m1 l4 ae) is compression safe
action (rrc a4 m1 l4 ae) has compression safe numeric effects at time 2
action has compression safe numeric effects but still panicking and setting compression safe to false for now: need a new flag
Effect (has-active-set-up) += -1 of action (rrc a5 m1 l5 ae) is compression safe
Effect (has-handover) += -1 of action (rrc a5 m1 l5 ae) is compression safe
Effect (has-cell-update) += -2 of action (rrc a5 m1 l5 ae) is compression safe
Effect (has-logical-channels) += -1 of action (rrc a5 m1 l5 ae) is compression safe
action (rrc a5 m1 l5 ae) has compression safe numeric effects at time 2
action has compression safe numeric effects but still panicking and setting compression safe to false for now: need a new flag
Effect (has-active-set-up) += -1 of action (rrc a6 m1 l6 ae) is compression safe
Effect (has-handover) += -1 of action (rrc a6 m1 l6 ae) is compression safe
Effect (has-cell-update) += -2 of action (rrc a6 m1 l6 ae) is compression safe
Effect (has-logical-channels) += -2 of action (rrc a6 m1 l6 ae) is compression safe
action (rrc a6 m1 l6 ae) has compression safe numeric effects at time 2
action has compression safe numeric effects but still panicking and setting compression safe to false for now: need a new flag
Effect (has-active-set-up) += -1 of action (rrc a7 m1 l7 ae) is compression safe
Effect (has-handover) += -1 of action (rrc a7 m1 l7 ae) is compression safe
Effect (has-cell-update) += -2 of action (rrc a7 m1 l7 ae) is compression safe
Effect (has-logical-channels) += -6 of action (rrc a7 m1 l7 ae) is compression safe
action (rrc a7 m1 l7 ae) has compression safe numeric effects at time 2
action has compression safe numeric effects but still panicking and setting compression safe to false for now: need a new flag
Effect (has-active-set-up) += -1 of action (rrc a8 m1 l8 ae) is compression safe
Effect (has-handover) += -1 of action (rrc a8 m1 l8 ae) is compression safe
Effect (has-cell-update) += -2 of action (rrc a8 m1 l8 ae) is compression safe
Effect (has-logical-channels) += -1 of action (rrc a8 m1 l8 ae) is compression safe
action (rrc a8 m1 l8 ae) has compression safe numeric effects at time 2
action has compression safe numeric effects but still panicking and setting compression safe to false for now: need a new flag
Effect (has-active-set-up) += -1 of action (rrc a9 m1 l9 ae) is compression safe
Effect (has-handover) += -1 of action (rrc a9 m1 l9 ae) is compression safe
Effect (has-cell-update) += -2 of action (rrc a9 m1 l9 ae) is compression safe
Effect (has-logical-channels) += -1 of action (rrc a9 m1 l9 ae) is compression safe
action (rrc a9 m1 l9 ae) has compression safe numeric effects at time 2
action has compression safe numeric effects but still panicking and setting compression safe to false for now: need a new flag
Effect (has-max-no-apn) += -1 of action (aeei a1 m1 l1 ae) is compression safe
Effect (has-max-no-pdp) += -1 of action (aeei a1 m1 l1 ae) is compression safe
Effect (has-ggsn-bitrate) += -128 of action (aeei a1 m1 l1 ae) is compression safe
action (aeei a1 m1 l1 ae) has compression safe numeric effects at time 2
action has compression safe numeric effects but still panicking and setting compression safe to false for now: need a new flag
Effect (has-max-no-apn) += -1 of action (aeei a10 m1 l10 ae) is compression safe
Effect (has-max-no-pdp) += -1 of action (aeei a10 m1 l10 ae) is compression safe
Effect (has-ggsn-bitrate) += -128 of action (aeei a10 m1 l10 ae) is compression safe
action (aeei a10 m1 l10 ae) has compression safe numeric effects at time 2
action has compression safe numeric effects but still panicking and setting compression safe to false for now: need a new flag
Effect (has-max-no-apn) += -1 of action (aeei a2 m1 l2 ae) is compression safe
Effect (has-max-no-pdp) += -1 of action (aeei a2 m1 l2 ae) is compression safe
Effect (has-ggsn-bitrate) += -128 of action (aeei a2 m1 l2 ae) is compression safe
action (aeei a2 m1 l2 ae) has compression safe numeric effects at time 2
action has compression safe numeric effects but still panicking and setting compression safe to false for now: need a new flag
Effect (has-max-no-apn) += -1 of action (aeei a3 m1 l3 ae) is compression safe
Effect (has-max-no-pdp) += -1 of action (aeei a3 m1 l3 ae) is compression safe
Effect (has-ggsn-bitrate) += -128 of action (aeei a3 m1 l3 ae) is compression safe
action (aeei a3 m1 l3 ae) has compression safe numeric effects at time 2
action has compression safe numeric effects but still panicking and setting compression safe to false for now: need a new flag
Effect (has-max-no-apn) += -1 of action (aeei a4 m1 l4 ae) is compression safe
Effect (has-max-no-pdp) += -1 of action (aeei a4 m1 l4 ae) is compression safe
Effect (has-ggsn-bitrate) += -128 of action (aeei a4 m1 l4 ae) is compression safe
action (aeei a4 m1 l4 ae) has compression safe numeric effects at time 2
action has compression safe numeric effects but still panicking and setting compression safe to false for now: need a new flag
Effect (has-max-no-apn) += -1 of action (aeei a5 m1 l5 ae) is compression safe
Effect (has-max-no-pdp) += -1 of action (aeei a5 m1 l5 ae) is compression safe
Effect (has-ggsn-bitrate) += -128 of action (aeei a5 m1 l5 ae) is compression safe
action (aeei a5 m1 l5 ae) has compression safe numeric effects at time 2
action has compression safe numeric effects but still panicking and setting compression safe to false for now: need a new flag
Effect (has-max-no-apn) += -1 of action (aeei a6 m1 l6 ae) is compression safe
Effect (has-max-no-pdp) += -1 of action (aeei a6 m1 l6 ae) is compression safe
Effect (has-ggsn-bitrate) += -128 of action (aeei a6 m1 l6 ae) is compression safe
action (aeei a6 m1 l6 ae) has compression safe numeric effects at time 2
action has compression safe numeric effects but still panicking and setting compression safe to false for now: need a new flag
Effect (has-max-no-apn) += -1 of action (aeei a7 m1 l7 ae) is compression safe
Effect (has-max-no-pdp) += -1 of action (aeei a7 m1 l7 ae) is compression safe
Effect (has-ggsn-bitrate) += -128 of action (aeei a7 m1 l7 ae) is compression safe
action (aeei a7 m1 l7 ae) has compression safe numeric effects at time 2
action has compression safe numeric effects but still panicking and setting compression safe to false for now: need a new flag
Effect (has-max-no-apn) += -1 of action (aeei a8 m1 l8 ae) is compression safe
Effect (has-max-no-pdp) += -1 of action (aeei a8 m1 l8 ae) is compression safe
Effect (has-ggsn-bitrate) += -128 of action (aeei a8 m1 l8 ae) is compression safe
action (aeei a8 m1 l8 ae) has compression safe numeric effects at time 2
action has compression safe numeric effects but still panicking and setting compression safe to false for now: need a new flag
Effect (has-max-no-apn) += -1 of action (aeei a9 m1 l9 ae) is compression safe
Effect (has-max-no-pdp) += -1 of action (aeei a9 m1 l9 ae) is compression safe
Effect (has-ggsn-bitrate) += -128 of action (aeei a9 m1 l9 ae) is compression safe
action (aeei a9 m1 l9 ae) has compression safe numeric effects at time 2
action has compression safe numeric effects but still panicking and setting compression safe to false for now: need a new flag
Effect (has-mobile-channels-available) += -1 of action (trm a1 m1 l1) is compression safe
Effect (has-e-load) += -24 of action (trm a1 m1 l1) is compression safe
Effect (has-k-available) += -3 of action (trm a1 m1 l1) is compression safe
Effect (has-d-available) += -48 of action (trm a1 m1 l1) is compression safe
Effect (has-mobile-cpu) += -80 of action (trm a1 m1 l1) is compression safe
action (trm a1 m1 l1) has compression safe numeric effects at time 2
action has compression safe numeric effects but still panicking and setting compression safe to false for now: need a new flag
Effect (has-mobile-channels-available) += -1 of action (trm a10 m1 l10) is compression safe
Effect (has-e-load) += -5 of action (trm a10 m1 l10) is compression safe
Effect (has-k-available) += -1 of action (trm a10 m1 l10) is compression safe
Effect (has-d-available) += -5 of action (trm a10 m1 l10) is compression safe
Effect (has-mobile-cpu) += -10 of action (trm a10 m1 l10) is compression safe
action (trm a10 m1 l10) has compression safe numeric effects at time 2
action has compression safe numeric effects but still panicking and setting compression safe to false for now: need a new flag
Effect (has-mobile-channels-available) += -2 of action (trm a2 m1 l2) is compression safe
Effect (has-e-load) += -18 of action (trm a2 m1 l2) is compression safe
Effect (has-k-available) += -2 of action (trm a2 m1 l2) is compression safe
Effect (has-d-available) += -12 of action (trm a2 m1 l2) is compression safe
Effect (has-mobile-cpu) += -11 of action (trm a2 m1 l2) is compression safe
action (trm a2 m1 l2) has compression safe numeric effects at time 2
action has compression safe numeric effects but still panicking and setting compression safe to false for now: need a new flag
Effect (has-mobile-channels-available) += -2 of action (trm a3 m1 l3) is compression safe
Effect (has-e-load) += -18 of action (trm a3 m1 l3) is compression safe
Effect (has-k-available) += -1 of action (trm a3 m1 l3) is compression safe
Effect (has-d-available) += -11 of action (trm a3 m1 l3) is compression safe
Effect (has-mobile-cpu) += -15 of action (trm a3 m1 l3) is compression safe
action (trm a3 m1 l3) has compression safe numeric effects at time 2
action has compression safe numeric effects but still panicking and setting compression safe to false for now: need a new flag
Effect (has-mobile-channels-available) += -2 of action (trm a4 m1 l4) is compression safe
Effect (has-e-load) += -12 of action (trm a4 m1 l4) is compression safe
Effect (has-k-available) += -2 of action (trm a4 m1 l4) is compression safe
Effect (has-d-available) += -14 of action (trm a4 m1 l4) is compression safe
Effect (has-mobile-cpu) += -2 of action (trm a4 m1 l4) is compression safe
action (trm a4 m1 l4) has compression safe numeric effects at time 2
action has compression safe numeric effects but still panicking and setting compression safe to false for now: need a new flag
Effect (has-mobile-channels-available) += -1 of action (trm a5 m1 l5) is compression safe
Effect (has-e-load) += -6 of action (trm a5 m1 l5) is compression safe
Effect (has-k-available) += -6 of action (trm a5 m1 l5) is compression safe
Effect (has-d-available) += -15 of action (trm a5 m1 l5) is compression safe
Effect (has-mobile-cpu) += -11 of action (trm a5 m1 l5) is compression safe
action (trm a5 m1 l5) has compression safe numeric effects at time 2
action has compression safe numeric effects but still panicking and setting compression safe to false for now: need a new flag
Effect (has-mobile-channels-available) += -2 of action (trm a6 m1 l6) is compression safe
Effect (has-e-load) += -19 of action (trm a6 m1 l6) is compression safe
Effect (has-k-available) += -1 of action (trm a6 m1 l6) is compression safe
Effect (has-d-available) += -9 of action (trm a6 m1 l6) is compression safe
Effect (has-mobile-cpu) += -11 of action (trm a6 m1 l6) is compression safe
action (trm a6 m1 l6) has compression safe numeric effects at time 2
action has compression safe numeric effects but still panicking and setting compression safe to false for now: need a new flag
Effect (has-mobile-channels-available) += -6 of action (trm a7 m1 l7) is compression safe
Effect (has-e-load) += -15 of action (trm a7 m1 l7) is compression safe
Effect (has-k-available) += -2 of action (trm a7 m1 l7) is compression safe
Effect (has-d-available) += -3 of action (trm a7 m1 l7) is compression safe
Effect (has-mobile-cpu) += -11 of action (trm a7 m1 l7) is compression safe
action (trm a7 m1 l7) has compression safe numeric effects at time 2
action has compression safe numeric effects but still panicking and setting compression safe to false for now: need a new flag
Effect (has-mobile-channels-available) += -1 of action (trm a8 m1 l8) is compression safe
Effect (has-e-load) += -9 of action (trm a8 m1 l8) is compression safe
Effect (has-k-available) += -2 of action (trm a8 m1 l8) is compression safe
Effect (has-d-available) += -13 of action (trm a8 m1 l8) is compression safe
Effect (has-mobile-cpu) += -10 of action (trm a8 m1 l8) is compression safe
action (trm a8 m1 l8) has compression safe numeric effects at time 2
action has compression safe numeric effects but still panicking and setting compression safe to false for now: need a new flag
Effect (has-mobile-channels-available) += -1 of action (trm a9 m1 l9) is compression safe
Effect (has-e-load) += -10 of action (trm a9 m1 l9) is compression safe
Effect (has-k-available) += -1 of action (trm a9 m1 l9) is compression safe
Effect (has-d-available) += -5 of action (trm a9 m1 l9) is compression safe
Effect (has-mobile-cpu) += -10 of action (trm a9 m1 l9) is compression safe
action (trm a9 m1 l9) has compression safe numeric effects at time 2
action has compression safe numeric effects but still panicking and setting compression safe to false for now: need a new flag
Effect (has-num-calls) += -1 of action (ct a1 m1 l1) is compression safe
Effect (has-num-mobiles) += -1 of action (ct a1 m1 l1) is compression safe
action (ct a1 m1 l1) has compression safe numeric effects at time 2
action has compression safe numeric effects but still panicking and setting compression safe to false for now: need a new flag
Effect (has-num-calls) += -1 of action (ct a10 m1 l10) is compression safe
Effect (has-num-mobiles) += -1 of action (ct a10 m1 l10) is compression safe
action (ct a10 m1 l10) has compression safe numeric effects at time 2
action has compression safe numeric effects but still panicking and setting compression safe to false for now: need a new flag
Effect (has-num-calls) += -1 of action (ct a2 m1 l2) is compression safe
Effect (has-num-mobiles) += -1 of action (ct a2 m1 l2) is compression safe
action (ct a2 m1 l2) has compression safe numeric effects at time 2
action has compression safe numeric effects but still panicking and setting compression safe to false for now: need a new flag
Effect (has-num-calls) += -1 of action (ct a3 m1 l3) is compression safe
Effect (has-num-mobiles) += -1 of action (ct a3 m1 l3) is compression safe
action (ct a3 m1 l3) has compression safe numeric effects at time 2
action has compression safe numeric effects but still panicking and setting compression safe to false for now: need a new flag
Effect (has-num-calls) += -1 of action (ct a4 m1 l4) is compression safe
Effect (has-num-mobiles) += -1 of action (ct a4 m1 l4) is compression safe
action (ct a4 m1 l4) has compression safe numeric effects at time 2
action has compression safe numeric effects but still panicking and setting compression safe to false for now: need a new flag
Effect (has-num-calls) += -1 of action (ct a5 m1 l5) is compression safe
Effect (has-num-mobiles) += -1 of action (ct a5 m1 l5) is compression safe
action (ct a5 m1 l5) has compression safe numeric effects at time 2
action has compression safe numeric effects but still panicking and setting compression safe to false for now: need a new flag
Effect (has-num-calls) += -1 of action (ct a6 m1 l6) is compression safe
Effect (has-num-mobiles) += -1 of action (ct a6 m1 l6) is compression safe
action (ct a6 m1 l6) has compression safe numeric effects at time 2
action has compression safe numeric effects but still panicking and setting compression safe to false for now: need a new flag
Effect (has-num-calls) += -1 of action (ct a7 m1 l7) is compression safe
Effect (has-num-mobiles) += -1 of action (ct a7 m1 l7) is compression safe
action (ct a7 m1 l7) has compression safe numeric effects at time 2
action has compression safe numeric effects but still panicking and setting compression safe to false for now: need a new flag
Effect (has-num-calls) += -1 of action (ct a8 m1 l8) is compression safe
Effect (has-num-mobiles) += -1 of action (ct a8 m1 l8) is compression safe
action (ct a8 m1 l8) has compression safe numeric effects at time 2
action has compression safe numeric effects but still panicking and setting compression safe to false for now: need a new flag
Effect (has-num-calls) += -1 of action (ct a9 m1 l9) is compression safe
Effect (has-num-mobiles) += -1 of action (ct a9 m1 l9) is compression safe
action (ct a9 m1 l9) has compression safe numeric effects at time 2
action has compression safe numeric effects but still panicking and setting compression safe to false for now: need a new flag
Effect (has-mobile-storage) += -10 of action (aeem a1 m1 l1 ae) is compression safe
action (aeem a1 m1 l1 ae) has compression safe numeric effects at time 2
action has compression safe numeric effects but still panicking and setting compression safe to false for now: need a new flag
Effect (has-mobile-storage) += -10 of action (aeem a10 m1 l10 ae) is compression safe
action (aeem a10 m1 l10 ae) has compression safe numeric effects at time 2
action has compression safe numeric effects but still panicking and setting compression safe to false for now: need a new flag
Effect (has-mobile-storage) += -10 of action (aeem a2 m1 l2 ae) is compression safe
action (aeem a2 m1 l2 ae) has compression safe numeric effects at time 2
action has compression safe numeric effects but still panicking and setting compression safe to false for now: need a new flag
Effect (has-mobile-storage) += -10 of action (aeem a3 m1 l3 ae) is compression safe
action (aeem a3 m1 l3 ae) has compression safe numeric effects at time 2
action has compression safe numeric effects but still panicking and setting compression safe to false for now: need a new flag
Effect (has-mobile-storage) += -10 of action (aeem a4 m1 l4 ae) is compression safe
action (aeem a4 m1 l4 ae) has compression safe numeric effects at time 2
action has compression safe numeric effects but still panicking and setting compression safe to false for now: need a new flag
Effect (has-mobile-storage) += -10 of action (aeem a5 m1 l5 ae) is compression safe
action (aeem a5 m1 l5 ae) has compression safe numeric effects at time 2
action has compression safe numeric effects but still panicking and setting compression safe to false for now: need a new flag
Effect (has-mobile-storage) += -10 of action (aeem a6 m1 l6 ae) is compression safe
action (aeem a6 m1 l6 ae) has compression safe numeric effects at time 2
action has compression safe numeric effects but still panicking and setting compression safe to false for now: need a new flag
Effect (has-mobile-storage) += -10 of action (aeem a7 m1 l7 ae) is compression safe
action (aeem a7 m1 l7 ae) has compression safe numeric effects at time 2
action has compression safe numeric effects but still panicking and setting compression safe to false for now: need a new flag
Effect (has-mobile-storage) += -10 of action (aeem a8 m1 l8 ae) is compression safe
action (aeem a8 m1 l8 ae) has compression safe numeric effects at time 2
action has compression safe numeric effects but still panicking and setting compression safe to false for now: need a new flag
Effect (has-mobile-storage) += -10 of action (aeem a9 m1 l9 ae) is compression safe
action (aeem a9 m1 l9 ae) has compression safe numeric effects at time 2
action has compression safe numeric effects but still panicking and setting compression safe to false for now: need a new flag
Effect (has-active-set-up) += -1 of action (rrc a1 m1 l1 ae) is compression safe
Effect (has-handover) += -1 of action (rrc a1 m1 l1 ae) is compression safe
Effect (has-cell-update) += -2 of action (rrc a1 m1 l1 ae) is compression safe
Effect (has-logical-channels) += -1 of action (rrc a1 m1 l1 ae) is compression safe
action (rrc a1 m1 l1 ae) has compression safe numeric effects at time 2
action has compression safe numeric effects but still panicking and setting compression safe to false for now: need a new flag
Effect (has-active-set-up) += -1 of action (rrc a10 m1 l10 ae) is compression safe
Effect (has-handover) += -1 of action (rrc a10 m1 l10 ae) is compression safe
Effect (has-cell-update) += -2 of action (rrc a10 m1 l10 ae) is compression safe
Effect (has-logical-channels) += -1 of action (rrc a10 m1 l10 ae) is compression safe
action (rrc a10 m1 l10 ae) has compression safe numeric effects at time 2
action has compression safe numeric effects but still panicking and setting compression safe to false for now: need a new flag
Effect (has-active-set-up) += -1 of action (rrc a2 m1 l2 ae) is compression safe
Effect (has-handover) += -1 of action (rrc a2 m1 l2 ae) is compression safe
Effect (has-cell-update) += -2 of action (rrc a2 m1 l2 ae) is compression safe
Effect (has-logical-channels) += -2 of action (rrc a2 m1 l2 ae) is compression safe
action (rrc a2 m1 l2 ae) has compression safe numeric effects at time 2
action has compression safe numeric effects but still panicking and setting compression safe to false for now: need a new flag
Effect (has-active-set-up) += -1 of action (rrc a3 m1 l3 ae) is compression safe
Effect (has-handover) += -1 of action (rrc a3 m1 l3 ae) is compression safe
Effect (has-cell-update) += -2 of action (rrc a3 m1 l3 ae) is compression safe
Effect (has-logical-channels) += -2 of action (rrc a3 m1 l3 ae) is compression safe
action (rrc a3 m1 l3 ae) has compression safe numeric effects at time 2
action has compression safe numeric effects but still panicking and setting compression safe to false for now: need a new flag
Effect (has-active-set-up) += -1 of action (rrc a4 m1 l4 ae) is compression safe
Effect (has-handover) += -1 of action (rrc a4 m1 l4 ae) is compression safe
Effect (has-cell-update) += -2 of action (rrc a4 m1 l4 ae) is compression safe
Effect (has-logical-channels) += -2 of action (rrc a4 m1 l4 ae) is compression safe
action (rrc a4 m1 l4 ae) has compression safe numeric effects at time 2
action has compression safe numeric effects but still panicking and setting compression safe to false for now: need a new flag
Effect (has-active-set-up) += -1 of action (rrc a5 m1 l5 ae) is compression safe
Effect (has-handover) += -1 of action (rrc a5 m1 l5 ae) is compression safe
Effect (has-cell-update) += -2 of action (rrc a5 m1 l5 ae) is compression safe
Effect (has-logical-channels) += -1 of action (rrc a5 m1 l5 ae) is compression safe
action (rrc a5 m1 l5 ae) has compression safe numeric effects at time 2
action has compression safe numeric effects but still panicking and setting compression safe to false for now: need a new flag
Effect (has-active-set-up) += -1 of action (rrc a6 m1 l6 ae) is compression safe
Effect (has-handover) += -1 of action (rrc a6 m1 l6 ae) is compression safe
Effect (has-cell-update) += -2 of action (rrc a6 m1 l6 ae) is compression safe
Effect (has-logical-channels) += -2 of action (rrc a6 m1 l6 ae) is compression safe
action (rrc a6 m1 l6 ae) has compression safe numeric effects at time 2
action has compression safe numeric effects but still panicking and setting compression safe to false for now: need a new flag
Effect (has-active-set-up) += -1 of action (rrc a7 m1 l7 ae) is compression safe
Effect (has-handover) += -1 of action (rrc a7 m1 l7 ae) is compression safe
Effect (has-cell-update) += -2 of action (rrc a7 m1 l7 ae) is compression safe
Effect (has-logical-channels) += -6 of action (rrc a7 m1 l7 ae) is compression safe
action (rrc a7 m1 l7 ae) has compression safe numeric effects at time 2
action has compression safe numeric effects but still panicking and setting compression safe to false for now: need a new flag
Effect (has-active-set-up) += -1 of action (rrc a8 m1 l8 ae) is compression safe
Effect (has-handover) += -1 of action (rrc a8 m1 l8 ae) is compression safe
Effect (has-cell-update) += -2 of action (rrc a8 m1 l8 ae) is compression safe
Effect (has-logical-channels) += -1 of action (rrc a8 m1 l8 ae) is compression safe
action (rrc a8 m1 l8 ae) has compression safe numeric effects at time 2
action has compression safe numeric effects but still panicking and setting compression safe to false for now: need a new flag
Effect (has-active-set-up) += -1 of action (rrc a9 m1 l9 ae) is compression safe
Effect (has-handover) += -1 of action (rrc a9 m1 l9 ae) is compression safe
Effect (has-cell-update) += -2 of action (rrc a9 m1 l9 ae) is compression safe
Effect (has-logical-channels) += -1 of action (rrc a9 m1 l9 ae) is compression safe
action (rrc a9 m1 l9 ae) has compression safe numeric effects at time 2
action has compression safe numeric effects but still panicking and setting compression safe to false for now: need a new flag
Effect (has-max-no-apn) += -1 of action (aeei a1 m1 l1 ae) is compression safe
Effect (has-max-no-pdp) += -1 of action (aeei a1 m1 l1 ae) is compression safe
Effect (has-ggsn-bitrate) += -128 of action (aeei a1 m1 l1 ae) is compression safe
action (aeei a1 m1 l1 ae) has compression safe numeric effects at time 2
action has compression safe numeric effects but still panicking and setting compression safe to false for now: need a new flag
Effect (has-max-no-apn) += -1 of action (aeei a10 m1 l10 ae) is compression safe
Effect (has-max-no-pdp) += -1 of action (aeei a10 m1 l10 ae) is compression safe
Effect (has-ggsn-bitrate) += -128 of action (aeei a10 m1 l10 ae) is compression safe
action (aeei a10 m1 l10 ae) has compression safe numeric effects at time 2
action has compression safe numeric effects but still panicking and setting compression safe to false for now: need a new flag
Effect (has-max-no-apn) += -1 of action (aeei a2 m1 l2 ae) is compression safe
Effect (has-max-no-pdp) += -1 of action (aeei a2 m1 l2 ae) is compression safe
Effect (has-ggsn-bitrate) += -128 of action (aeei a2 m1 l2 ae) is compression safe
action (aeei a2 m1 l2 ae) has compression safe numeric effects at time 2
action has compression safe numeric effects but still panicking and setting compression safe to false for now: need a new flag
Effect (has-max-no-apn) += -1 of action (aeei a3 m1 l3 ae) is compression safe
Effect (has-max-no-pdp) += -1 of action (aeei a3 m1 l3 ae) is compression safe
Effect (has-ggsn-bitrate) += -128 of action (aeei a3 m1 l3 ae) is compression safe
action (aeei a3 m1 l3 ae) has compression safe numeric effects at time 2
action has compression safe numeric effects but still panicking and setting compression safe to false for now: need a new flag
Effect (has-max-no-apn) += -1 of action (aeei a4 m1 l4 ae) is compression safe
Effect (has-max-no-pdp) += -1 of action (aeei a4 m1 l4 ae) is compression safe
Effect (has-ggsn-bitrate) += -128 of action (aeei a4 m1 l4 ae) is compression safe
action (aeei a4 m1 l4 ae) has compression safe numeric effects at time 2
action has compression safe numeric effects but still panicking and setting compression safe to false for now: need a new flag
Effect (has-max-no-apn) += -1 of action (aeei a5 m1 l5 ae) is compression safe
Effect (has-max-no-pdp) += -1 of action (aeei a5 m1 l5 ae) is compression safe
Effect (has-ggsn-bitrate) += -128 of action (aeei a5 m1 l5 ae) is compression safe
action (aeei a5 m1 l5 ae) has compression safe numeric effects at time 2
action has compression safe numeric effects but still panicking and setting compression safe to false for now: need a new flag
Effect (has-max-no-apn) += -1 of action (aeei a6 m1 l6 ae) is compression safe
Effect (has-max-no-pdp) += -1 of action (aeei a6 m1 l6 ae) is compression safe
Effect (has-ggsn-bitrate) += -128 of action (aeei a6 m1 l6 ae) is compression safe
action (aeei a6 m1 l6 ae) has compression safe numeric effects at time 2
action has compression safe numeric effects but still panicking and setting compression safe to false for now: need a new flag
Effect (has-max-no-apn) += -1 of action (aeei a7 m1 l7 ae) is compression safe
Effect (has-max-no-pdp) += -1 of action (aeei a7 m1 l7 ae) is compression safe
Effect (has-ggsn-bitrate) += -128 of action (aeei a7 m1 l7 ae) is compression safe
action (aeei a7 m1 l7 ae) has compression safe numeric effects at time 2
action has compression safe numeric effects but still panicking and setting compression safe to false for now: need a new flag
Effect (has-max-no-apn) += -1 of action (aeei a8 m1 l8 ae) is compression safe
Effect (has-max-no-pdp) += -1 of action (aeei a8 m1 l8 ae) is compression safe
Effect (has-ggsn-bitrate) += -128 of action (aeei a8 m1 l8 ae) is compression safe
action (aeei a8 m1 l8 ae) has compression safe numeric effects at time 2
action has compression safe numeric effects but still panicking and setting compression safe to false for now: need a new flag
Effect (has-max-no-apn) += -1 of action (aeei a9 m1 l9 ae) is compression safe
Effect (has-max-no-pdp) += -1 of action (aeei a9 m1 l9 ae) is compression safe
Effect (has-ggsn-bitrate) += -128 of action (aeei a9 m1 l9 ae) is compression safe
action (aeei a9 m1 l9 ae) has compression safe numeric effects at time 2
action has compression safe numeric effects but still panicking and setting compression safe to false for now: need a new flag
Compression-safe invariants...
20% of durative actions in this problem are compression safe
Goal Goal [3]
    (bs-ok a3 m1 l3 ae)
    (bs-ok a2 m1 l2 ae)
    (bs-ok a1 m1 l1 ae)

Finishing preprocessing.  Making a TRPG heuristic...
Making an open list...
Running WA* search (g weight = 1, h weight = 5)
{}
[ (has-mobile-cpu)=0, (has-d-available)=0, (has-k-available)=0, (has-e-load)=0, (has-mobile-channels-available)=0, (has-num-mobiles)=0, (has-num-calls)=0, (has-mobile-storage)=0, (has-logical-channels)=0, (has-cell-update)=0, (has-handover)=0, (has-active-set-up)=0, (has-ggsn-bitrate)=0, (has-max-no-pdp)=0, (has-max-no-apn)=0 ]
Initial heuristic = 41
Initial stats: t=0.01s, 9008kb
b (40 @ n=2, t=0.01s, 9008kb)b (39 @ n=14, t=0.01s, 9008kb)b (38 @ n=26, t=0.01s, 9008kb)Warning: self overlapping Action 0:1 at 3
b (37 @ n=57, t=0.02s, 9008kb)b (36 @ n=277, t=0.08s, 9008kb)b (35 @ n=293, t=0.09s, 9008kb)b (34 @ n=311, t=0.09s, 9008kb)b (33 @ n=333, t=0.1s, 9008kb)b (32 @ n=340, t=0.1s, 9008kb)xb (31 @ n=416, t=0.12s, 9276kb)xb (30 @ n=428, t=0.13s, 9276kb)b (29 @ n=435, t=0.13s, 9276kb)xb (28 @ n=461, t=0.14s, 9408kb)b (27 @ n=475, t=0.14s, 9524kb)xb (26 @ n=503, t=0.15s, 9660kb)x.{EPS=333.333,ETD=1.65306}xxxb (25 @ n=617, t=0.19s, 10508kb)xxxxxx.{EPS=337.838,ETD=4.14141}xxxxxx.{EPS=303.03,ETD=8.97315}xxxxxxxxxx.{EPS=299.401,ETD=16.3065}xxxxxxx.{EPS=284.091,ETD=20.1084}xxxxxx.{EPS=274.977,ETD=32.408}xxxxxxx.{EPS=267.38,ETD=29.914}xxxxxxxxx.{EPS=268.456,ETD=42.6366}xxxxxx.{EPS=259.217,ETD=47.2895}xxxxx.{EPS=254.842,ETD=66.2866}xxxxxxx.{EPS=248.139,ETD=83.346}xxxxxxx.{EPS=237.304,ETD=100.294}xxxxxx.{EPS=236.855,ETD=105.482}xxxxxxxx.{EPS=232.558,ETD=114.518}xxxxxxxx.{EPS=230.097,ETD=126.15}xxxxxxx.{EPS=224.115,ETD=132.178}xxxxxxx.{EPS=224.115,ETD=155.998}xxxxxxx.{EPS=214.869,ETD=178.11}xxxxxxxx.{EPS=215.332,ETD=204.432}xxxxxxxxx.{EPS=217.108,ETD=222.044}xxxxxxx.{EPS=216.357,ETD=217.774}xxxxxxx.{EPS=216.45,ETD=216.652}xxxxxxxxx.{EPS=215.239,ETD=224.17}xxxxxxx.{EPS=214.869,ETD=249.678}xxxxxxx.{EPS=216.544,ETD=281.284}xxxxx.{EPS=219.106,ETD=315.04}xxxxxx.{EPS=217.865,ETD=345.702}xxxxtxx.{EPS=219.587,ETD=363.548}xxxxxxxxx.{EPS=221.926,ETD=371.424}xxxxxxxxxxx.{EPS=226.552,ETD=406.806}xxxxxxx.{EPS=224.82,ETD=485.608}xxxxxxxx.{EPS=226.552,ETD=550.112}xxxxxxx.{EPS=222.916,ETD=629.168}xxxxxxxx.{EPS=223.514,ETD=664.308}xxxxxxxxxxx.{EPS=225.124,ETD=674.356}xxxxxxxx.{EPS=225.734,ETD=691.478}xxxxxxxx.{EPS=228.833,ETD=697.396}xxxxxxxx.{EPS=234.632,ETD=729.044}xxxxxx.{EPS=228.833,ETD=763.416}xxxxxxxxx.{EPS=222.222,ETD=741.024}xxxxxxxx.{EPS=221.239,ETD=722.928}xxxxxxxxx.{EPS=221.631,ETD=698.874}xxxxxxxxxx.{EPS=224.719,ETD=663.002}xxxxxxx.{EPS=221.926,ETD=657.642}xxxxxxxxxx.{EPS=225.124,ETD=644.23}xxxxxx.{EPS=223.714,ETD=665.782}xxxxxxxx.{EPS=221.239,ETD=727.66}xxxxxxx.{EPS=219.106,ETD=768.274}xxxtxxxxx.{EPS=221.239,ETD=804.404}xxxxxx.{EPS=219.974,ETD=852.118}xxxxxxxx.{EPS=221.141,ETD=838.164}xxxxx.{EPS=216.92,ETD=872.538}xxxxx.{EPS=210.349,ETD=917.936}xxxxx.{EPS=207.211,ETD=948.228}xxxxxx.{EPS=197.316,ETD=1007.51}xxxxxxx.{EPS=196.773,ETD=1004.43}xxxxxxxxxxx.{EPS=200.723,ETD=943.956}xxxxxxxxx.{EPS=203.832,ETD=945.196}xxxxxxxxx.{EPS=208.594,ETD=874.152}xxxxxxxxxx.{EPS=214.592,ETD=809.726}xxxxxxxxx.{EPS=219.106,ETD=788.286}xxxxxxxx.{EPS=224.719,ETD=740.412}xxxxxxxx.{EPS=232.558,ETD=851.134}xxxxxxx.{EPS=233.863,ETD=857.994}xxxxxxxx.{EPS=238.55,ETD=839.94}xxxxxxxx.{EPS=238.436,ETD=915.45}xxxxxxxx.{EPS=230.203,ETD=1008.9}xxxxxxxx.{EPS=216.826,ETD=1035.29}xxxtxxxxxx.{EPS=210.793,ETD=1108.46}xxxxxxxxxxxx.{EPS=204.834,ETD=1121.38}xxxxxxxxxx.{EPS=200.24,ETD=1225.16}xxxxxxxxx.{EPS=199.283,ETD=1313.71}xxxxxxxxx.{EPS=197.785,ETD=1233.44}xxxxxxx.{EPS=197.55,ETD=1314.84}xxxxxxxxxx.{EPS=198.098,ETD=1365.52}xxxxxxx.{EPS=199.124,ETD=1362.85}xxxxxxxxx.{EPS=201.288,ETD=1375.37}xxxxxxxxx.{EPS=209.732,ETD=1402.49}xxxxxxx.{EPS=211.06,ETD=1446.51}xxxxxxx.{EPS=209.38,ETD=1566.11}xxxxxxxxx.{EPS=208.42,ETD=1579.65}xxxxxx.{EPS=201.939,ETD=1594.7}xxxxxxxxxx.{EPS=202.84,ETD=1573.3}xxxxxxxxxxx.{EPS=207.469,ETD=1484.19}xxxxxxxxx.{EPS=206.612,ETD=1509.42}xxxxxxxx.{EPS=208.943,ETD=1497.82}xtxxxxxx.{EPS=204.082,ETD=1469.49}xxxxxxxx.{EPS=202.265,ETD=1439.8}xxxxxxxx.{EPS=200.723,ETD=1460.35}xxxxxxx.{EPS=200.24,ETD=1498.24}xxxxxxxxxx.{EPS=199.601,ETD=1439.72}xxxxxxx.{EPS=203.004,ETD=1488.8}xxxxxxxxxxx.{EPS=205.002,ETD=1519.34}xxxxxxxxxxxxx.{EPS=210.261,ETD=1571.3}xxxxxxxxxx.{EPS=214.316,ETD=1505.83}xxxxxxxx.{EPS=209.82,ETD=1465.39}xxxxxxxxxx.{EPS=213.402,ETD=1407.16}xxxxxxxxxxx.{EPS=215.239,ETD=1305.92}xxxxxxx.{EPS=214.316,ETD=1165.43}xxxxxx.{EPS=217.675,ETD=1229.85}xxxxxx.{EPS=220.946,ETD=1377.93}xxxxxx.{EPS=219.877,ETD=1420.48}xxxxx.{EPS=211.775,ETD=1453.66}xxxxxxxxx.{EPS=205.508,ETD=1546.34}xxxxxxxxx.{EPS=205.761,ETD=1694.91}xxxxxx.{EPS=204.165,ETD=1796.86}xxxxxxx.{EPS=201.369,ETD=1932.7}xxxxxxx.{EPS=197.472,ETD=1931.79}xxxxxxxxx.{EPS=199.601,ETD=2173.56}xxxxxxxx.{EPS=200.401,ETD=2193.47}xxxxxxx.{EPS=197.472,ETD=2213.3}xxxxxxxx.{EPS=197.316,ETD=2222.33}xxxxxxxx.{EPS=197.239,ETD=2393.36}xxxxxxx.{EPS=193.723,ETD=2337.27}xtxxxxxx.{EPS=189.036,ETD=2339.71}xxxxxxxxx.{EPS=191.791,ETD=2383.77}xxxxxxx.{EPS=188.537,ETD=2430.39}xxxxxx.{EPS=185.048,ETD=2612.97}xxxxxxxx.{EPS=181.554,ETD=2535.77}xxxxxxx.{EPS=178.827,ETD=2380.46}xxxxx.{EPS=176.491,ETD=2369.62}xxxxxx.{EPS=173.01,ETD=2342.71}xxxxxxx.{EPS=173.853,ETD=2210.54}xxtxxxxx.{EPS=171.057,ETD=2274.39}xxxxxxx.{EPS=169.779,ETD=2291.99}xxxxxxx.{EPS=168.011,ETD=2253.75}xxxxxxxx.{EPS=171.409,ETD=2270.2}xxxxxxxxxx.{EPS=177.242,ETD=2159.69}xxxxxxxxxxxxxx.{EPS=186.846,ETD=2132.67}xxxxxxxxx.{EPS=189.251,ETD=2104.63}xxxxxxx.{EPS=189.251,ETD=1951.86}xxxxxxx.{EPS=190.767,ETD=1795.31}xxxxxxx.{EPS=187.758,ETD=1646.68}xxxxxxxxx.{EPS=193.874,ETD=1444.69}xxxxxxxxx.{EPS=201.613,ETD=1327.21}xxxxxxxxxx.{EPS=204.918,ETD=1248.36}xxxxxxxxxxx.{EPS=209.205,ETD=1236.3}xxxxxxxxx.{EPS=206.782,ETD=1214.15}xxxxxxxxxxx.{EPS=200.965,ETD=1040.72}xxxxxxxxxxx.{EPS=200.965,ETD=984.59}xxxxxxxx.{EPS=205.002,ETD=1159.53}xxxxxxxx.{EPS=206.441,ETD=1146.34}xxxxxxxxxx.{EPS=212.947,ETD=1309.9}xxxxxxxxx.{EPS=210.881,ETD=1351.67}xxxxxxxxxxx.{EPS=208.681,ETD=1322.17}xxxxxxxxx.{EPS=215.054,ETD=1601.51}xxxxxxx.{EPS=212.857,ETD=1643.6}xxxxxxx.{EPS=211.775,ETD=1910.93}xxxxxx.{EPS=203.087,ETD=2235.7}xxxxxxxxxx.{EPS=201.939,ETD=2473.71}xxxxxxx.{EPS=197.472,ETD=2529.9}xxxxxxxxx.{EPS=200.965,ETD=2773}xxxxxxxxxx.{EPS=203.915,ETD=3000.49}xxxxxxxx.{EPS=199.681,ETD=3397.04}xxxxxxxx.{EPS=194.401,ETD=3565.24}xxxxxxxxx.{EPS=186.081,ETD=3438.09}xxxxxxxxx.{EPS=183.621,ETD=3551.96}xxxxxxxxx.{EPS=184.298,ETD=3573.3}xxxxtxx.{EPS=185.736,ETD=3717.2}xxxxxxxxxx.{EPS=185.529,ETD=3760.69}xxxxxxxx.{EPS=185.598,ETD=3918.35}xxxxxxxxx.{EPS=181.422,ETD=3904.86}xxxxxxxxxxxxx.{EPS=178.699,ETD=3546.47}xxxxxxxxxxxx.{EPS=181.291,ETD=3061.05}xxxxxxxxxx.{EPS=179.083,ETD=2779.76}xxxxxxxxxxxx.{EPS=182.749,ETD=2611.73}xxxxxxxx.{EPS=179.921,ETD=2374.59}xxxxxxxxxx.{EPS=178.763,ETD=1989.98}xxxxxxxxxx.{EPS=181.028,ETD=1638.57}xxxxxxxxxx.{EPS=179.856,ETD=1732.68}xxxxxxxx.{EPS=179.276,ETD=1597.82}xxxxxxxxxxx.{EPS=184.026,ETD=1659.66}xxxxxxx.{EPS=180.963,ETD=2114.32}xxxxxxxx.{EPS=180.245,ETD=2650.5}xxxxxxxxx.{EPS=184.502,ETD=3095.67}xxxxxxxxxx.{EPS=180.18,ETD=3300.18}xxxxxxx.{EPS=183.419,ETD=3569.29}xxxxxxxxx.{EPS=186.012,ETD=3792.77}xxxxxxxxx.{EPS=188.964,ETD=4120.67}xtxxxxxxx.{EPS=189.036,ETD=3739.7}xxxxxxxxx.{EPS=191.424,ETD=3876.72}xxxxxxxx.{EPS=187.547,ETD=3803.11}xxxxxxxxx.{EPS=188.324,ETD=3647.51}xxxxxxxxx.{EPS=188.75,ETD=3532.05}xxxxxxxx.{EPS=183.083,ETD=3492.83}xxxxxxxxxx.{EPS=186.081,ETD=3509.18}xxxxxxxxxx.{EPS=185.391,ETD=3368.27}xxxtxxxxxx.{EPS=182.349,ETD=3482.6}xxxxxxxxxxx.{EPS=180.44,ETD=3093.2}xxxxxxxxx.{EPS=179.986,ETD=3305.83}xxxxxxxxxxxxx.{EPS=183.016,ETD=2991.37}xxxxxxx.{EPS=181.62,ETD=3066.55}xxxxxxxxxx.{EPS=182.017,ETD=3107.39}xxxxxxxx.{EPS=179.469,ETD=2923.15}xxxxxxxx.{EPS=182.216,ETD=2763.7}xxxxxxxx.{EPS=179.083,ETD=2794.03}xxxxxxxxxx.{EPS=179.469,ETD=2870.66}xxxxtxxx.{EPS=179.598,ETD=2817.28}xxxxxxxx.{EPS=175.747,ETD=3068.81}xxxxxxx.{EPS=173.671,ETD=3252.81}xxxxxxxxx.{EPS=170.3,ETD=3483.71}xxxxxxxx.{EPS=169.434,ETD=3631.32}xxxxxxxxxxxx.{EPS=172.236,ETD=3384.05}xxxxxxxxx.{EPS=173.43,ETD=3469.86}xxxxxxxxxx.{EPS=174.095,ETD=3471.56}xxxxxxxxxxxx.{EPS=172.951,ETD=3102.81}xxxxxxxxxtxx.{EPS=172.236,ETD=2916.07}xxxxxxx.{EPS=166.5,ETD=3026.47}xxxxxxxxx.{EPS=166.389,ETD=3015.63}xxxxxxxx.{EPS=164.42,ETD=2931.19}xxxxxxxxxxx.{EPS=164.745,ETD=2882.92}xxxxxxxx.{EPS=166.389,ETD=2810.94}xxxxxxxxx.{EPS=164.582,ETD=2834.67}xxxxxxxxx.{EPS=164.799,ETD=2714.92}xxxxxxxxxxxx.{EPS=166.003,ETD=2464.78}xxxxxxxxxxxxx.{EPS=172.058,ETD=2743.68}xxxxxxxxx.{EPS=170.126,ETD=2864.16}xxxxxx.{EPS=172.117,ETD=2828.65}xxxxxxxx.{EPS=171.468,ETD=2890.18}xxxxxxxxxxxxxx.{EPS=180.832,ETD=2984.45}xxxxxxxxxxxxxxx.{EPS=190.84,ETD=3021.23}xxxxxxxxxxxxxxx.{EPS=200.24,ETD=2920.29}xxxxxxxx.{EPS=202.758,ETD=2802.89}xxxxxxxxxx.{EPS=207.641,ETD=2689.74}xxxxxxxxxx.{EPS=206.954,ETD=2884.1}xxxxxxxxxx.{EPS=202.922,ETD=2889.98}xxxxxxxxxx.{EPS=204.583,ETD=2858.4}xxxxxxxxxxx.{EPS=214.316,ETD=2505.9}xxxxxxxxxxx.{EPS=217.297,ETD=2289.16}xxxxxxxxxxxx.{EPS=212.495,ETD=1921.66}xxxxxxx.{EPS=196.773,ETD=1799.74}xxxxxxxxxxxx.{EPS=189.036,ETD=1700.1}xxxxxxxxxxxxxx.{EPS=189.466,ETD=1802.39}xxxxxxxxxxxx.{EPS=187.406,ETD=1893.3}xxxxxxxxx.{EPS=180.05,ETD=1883.38}xxxxxxxxxx.{EPS=176.741,ETD=1768.32}xxxxxxxxxxx.{EPS=178.763,ETD=1629.1}xxxxxxxtxxx.{EPS=174.034,ETD=1700.96}xxxxxxxxxx.{EPS=173.37,ETD=1663.18}xxxxxxxxx.{EPS=170.184,ETD=1699.25}xxxxxxxxxx.{EPS=171.409,ETD=1538.62}xxxxxxxxxx.{EPS=167.898,ETD=1426.84}xxxxxxxxxxx.{EPS=164.204,ETD=1266.44}xxxxxxxxxx.{EPS=161.238,ETD=1158.77}xxxxxxxxx.{EPS=165.837,ETD=1036.35}xxxxxxxx.{EPS=165.18,ETD=907.806}xxxxxxxxxxx.{EPS=163.988,ETD=795.418}xxxxxxxxxxx.{EPS=163.988,ETD=748.792}xxxxxxxxx.{EPS=165.399,ETD=1140.34}xxxxxxx.{EPS=164.42,ETD=1739.5}xxxxxxx.{EPS=164.096,ETD=2348.03}xxxxxxx.{EPS=166.279,ETD=2852.57}xxxxxx.{EPS=167.168,ETD=3676.07}xxxxxxx.{EPS=166.611,ETD=4285.56}xxxxxxx.{EPS=164.15,ETD=4815.96}xxxxxxx.{EPS=162.76,ETD=5393.28}xxxxxxxx.{EPS=165.235,ETD=5648.53}xxxxxxxx.{EPS=166.722,ETD=5615.27}xxxxxxxx.{EPS=165.893,ETD=5189.4}xxxxxx.{EPS=166.334,ETD=4770.49}xxxxxxx.{EPS=165.399,ETD=4748.4}xxxtxxx.{EPS=160.411,ETD=4793.15}xxxxxxxx.{EPS=155.909,ETD=4588.38}xxxxxxx.{EPS=153.563,ETD=4730.55}xxxxxxxx.{EPS=155.328,ETD=4822.46}xxxxxxx.{EPS=156.006,ETD=5009.14}xxxxxxxxx.{EPS=152.207,ETD=5525.3}xxxxxxx.{EPS=149.343,ETD=5990.87}xxxxxxx.{EPS=145.773,ETD=6773.14}xxxxxxxx.{EPS=145.307,ETD=7210.36}xxxxxxxx.{EPS=147.145,ETD=7073.23}xxxxxxxxxxx.{EPS=151.561,ETD=7144.43}xxxxxx.{EPS=154.036,ETD=6970.43}xxxxxx.{EPS=157.58,ETD=6578.18}xxxxxx.{EPS=155.569,ETD=6516}xxxxxxx.{EPS=155.135,ETD=6178.24}xxxxxxx.{EPS=151.653,ETD=6075.5}xxxxxxxxx.{EPS=153.327,ETD=6113.05}xxxxxxxx.{EPS=156.593,ETD=5293.28}xxxxxxxxx.{EPS=160.051,ETD=4693.71}xxxxxxxxx.{EPS=157.233,ETD=4759.83}xxxtxxxx.{EPS=152.439,ETD=4625.64}xxxxxxxx.{EPS=149.12,ETD=4769.59}xxxxxxxxxx.{EPS=147.232,ETD=4913.52}xxxxxxx.{EPS=148.192,ETD=4797.33}xxxxxxxx.{EPS=148.721,ETD=4713.98}xxxxxxx.{EPS=148.81,ETD=4632.14}xxxxxxx.{EPS=145.012,ETD=4706.77}xxxxxxxx.{EPS=143.431,ETD=5266.76}xxxxxxxx.{EPS=138.966,ETD=5791.31}xxxxxxxx.{EPS=139.665,ETD=5877.49}xxxxxxxxtx.{EPS=141.044,ETD=5825.56}xxxxxx.{EPS=141.203,ETD=5861.9}xxxxxxxxx.{EPS=140.647,ETD=5846.01}xxxxxxx.{EPS=138.966,ETD=6003.77}xxxxxxx.{EPS=136.203,ETD=6299.97}xxxxxxxx.{EPS=136.799,ETD=6227.7}xxxxxxxxx.{EPS=138.389,ETD=6119.74}xxxxxxxx.{EPS=137.137,ETD=6204.03}xxxxxxxx.{EPS=136.388,ETD=6200.99}xxxxxxx.{EPS=134.372,ETD=6040.62}xxxxxxx.{EPS=133.262,ETD=6088.04}xxxxxxxx.{EPS=132.591,ETD=5959.85}xxxxxx.{EPS=130.753,ETD=6005.59}xxxxxxx.{EPS=127.649,ETD=5860.28}xxxxxxx.{EPS=126.904,ETD=5802.28}xxxxxxxxxxx.{EPS=127.259,ETD=5637.35}xxxxxxxxxxx.{EPS=127.779,ETD=5672.2}xxxxxxxxxx.{EPS=130.242,ETD=5520.77}xxxxxxxxxx.{EPS=129.971,ETD=5412.26}xxxxxxxxxx.{EPS=130.617,ETD=5413.37}xxxxxxxxxxxxxxxxx.{EPS=138.083,ETD=5353.38}xxxxxxxxxxxxxxx.{EPS=146.37,ETD=5196.2}xxxxxxxxxxxx.{EPS=151.103,ETD=4848.06}xxxxxxxxxxxxxxxx.{EPS=166.003,ETD=4687.1}xxxxxxxxxxxx.{EPS=174.764,ETD=4406.57}xxxxxxxxxxxxx.{EPS=180.05,ETD=4171.63}xxxxxxxxxxxxxxxxx.{EPS=191.939,ETD=4032.54}xxxxxxxxxxxx.{EPS=191.351,ETD=3754.08}xxxxxxxxxxxxxxx.{EPS=203.087,ETD=3428.92}xxxxxxxxx.{EPS=204.499,ETD=3126.28}xxxxxxx.{EPS=188.964,ETD=2758.43}xxxxxxxxx.{EPS=178.635,ETD=2552.93}xxxtxxxxxx.{EPS=174.825,ETD=2511.76}xxxxxx.{EPS=159.286,ETD=2387.93}xxxxxx.{EPS=153.704,ETD=2270.87}xxxxxxx.{EPS=149.611,ETD=2251.37}xxxxxxxxxx.{EPS=143.349,ETD=2006.64}xxxxxxxxx.{EPS=142.939,ETD=1867.64}xxxxxxxx.{EPS=136.724,ETD=1686.11}xxxxxxxxxxxx.{EPS=141.563,ETD=1591.18}xxxxxxxxxx.{EPS=144.802,ETD=2245.33}xxxxxxxxxx.{EPS=148.236,ETD=2465.16}xxxxxxxxxxxtxxxx.{EPS=155.521,ETD=2703.04}xxxxxxxx.{EPS=157.729,ETD=3137.02}xxxxxxx.{EPS=157.928,ETD=3704.52}xxxxxxx.{EPS=156.495,ETD=3962.97}xxxxxxxx.{EPS=151.515,ETD=4546.32}xxxxxxxxxx.{EPS=150.24,ETD=5204.32}xxxxxxxxxxxx.{EPS=154.273,ETD=5650.54}xxxxxxxxxx.{EPS=145.054,ETD=6447.92}xxxxxxx.{EPS=138.889,ETD=6529.71}xxxxxxxx.{EPS=134.048,ETD=7066.68}xxxxxx.{EPS=124.008,ETD=7264.09}xxxxxxxx.{EPS=122.369,ETD=7218.83}xxxxxxxxx.{EPS=120.948,ETD=7394.46}xxxxxxxxxx.{EPS=120.773,ETD=7655.33}xxxxxxxxxx.{EPS=124.502,ETD=7798.03}xxxxxxxxx.{EPS=123.701,ETD=7155.89}xxxxxxxxxxx.{EPS=121.921,ETD=6665.06}xxxxxxxxxx.{EPS=123.579,ETD=5996.33}xxxxxxxx.{EPS=126.968,ETD=5131.24}xxxxxxxx.{EPS=127.065,ETD=4202.85}xxxxxxxxx.{EPS=132.1,ETD=3807.22}xxxxxxxxxx.{EPS=133.833,ETD=3888.51}xxxxxxxxxxx.{EPS=136.911,ETD=3144.88}xxxxxxxxxxxx.{EPS=140.331,ETD=2777.97}xxxxxxxxxx.{EPS=137.287,ETD=2737.58}xxxtxxxxxxx.{EPS=137.779,ETD=3290.89}xxxxxxxxxxxx.{EPS=139.626,ETD=3452.68}xxxxxxxxxxx.{EPS=141.123,ETD=3978.01}xxxxxxxxxxx.{EPS=138.927,ETD=4761.46}xxxxxxxx.{EPS=137.25,ETD=5380.92}xxxxxxxx.{EPS=135.172,ETD=6041.76}xxxxxxxxx.{EPS=134.59,ETD=6124.68}xxxxxxxxx.{EPS=132.521,ETD=6591.04}xxxxxxxx.{EPS=133.941,ETD=7322.26}xxxxxxxxxx.{EPS=137.855,ETD=7506.17}xxxxxxxx.{EPS=140.174,ETD=7786.82}xxxxxxx.{EPS=136.351,ETD=8651.34}xxxxxxxxxx.{EPS=132.38,ETD=8469.68}xxxxxxx.{EPS=129.366,ETD=8654.38}xxxxxxxx.{EPS=128.238,ETD=8734.58}xxxxxxxx.{EPS=126.231,ETD=8855.41}xxxxxxx.{EPS=123.701,ETD=9007.65}xxxxxxx.{EPS=123.946,ETD=9056.71}xxxxxxxxxx.{EPS=119.332,ETD=8944.29}xxxxxxxxxxx.{EPS=116.306,ETD=8730.34}xxxxxxxx.{EPS=112.108,ETD=8413}xxxxxxx.{EPS=110.156,ETD=8267.19}xxxxxxxxxxxt.{EPS=110.595,ETD=8281.51}xxxxxxxxxx.{EPS=113.766,ETD=8167.7}xxxxxxxxxxxx.{EPS=116.279,ETD=7773.55}xxxxxxxxxxxxxx.{EPS=119.617,ETD=6736.81}xxxxxxxxxxx.{EPS=123.122,ETD=6553.43}xxxxxxxxx.{EPS=122.579,ETD=7155.52}xxxxxxxxx.{EPS=121.773,ETD=6797.27}xxxxxxxxxxxx.{EPS=122.249,ETD=7022.57}xxxxxxxxxx.{EPS=124.285,ETD=7488.15}xxxxxxxx.{EPS=125.597,ETD=7820.67}xxxxxxxxxxxx.{EPS=126.775,ETD=8182.49}xxxxxxxxxx.{EPS=125.156,ETD=8271.46}xxxxxxxxxx.{EPS=124.844,ETD=8312.86}xxxxxxxxx.{EPS=124.1,ETD=9220.68}xxxxxxx.{EPS=122.459,ETD=9866.06}xxxxxxxxxx.{EPS=123.671,ETD=9295.23}xxxxxxxxx.{EPS=125.156,ETD=9883.74}xxxxxxxxx.{EPS=125.313,ETD=9625.87}xxxxxxxxxxxxtx.{EPS=126.263,ETD=8992.05}xxxxxxxxxx.{EPS=127.162,ETD=8921.62}xxxxxxxxxx.{EPS=125.691,ETD=8855.58}xxxxxxx.{EPS=122.369,ETD=8991.25}xxxxxxx.{EPS=119.275,ETD=9718.83}xxxxxxx.{EPS=113.973,ETD=9583.1}xxxxxxxxxx.{EPS=112.259,ETD=9189.87}xxxxxxxxxxxx.{EPS=112.082,ETD=9224.89}xxxxxxxxxxx.{EPS=112.007,ETD=8521.92}xxxxxxxxxxx.{EPS=109.842,ETD=8514.94}xxxxxxxxxxxxxx.{EPS=109.337,ETD=8041.09}xxxxxxxxxxxxxx.{EPS=110.693,ETD=6898.39}xxxxxxxxxxxxxx.{EPS=111.284,ETD=5960.37}xxxxxxxxxxxxx.{EPS=115.447,ETD=5495.27}xxxxxxxxxxx.{EPS=116.009,ETD=4926.06}xxxxxxxxx.{EPS=119.446,ETD=4659.51}xxxxxxxx.{EPS=119.818,ETD=4393.03}xxxxxxxxx.{EPS=116.577,ETD=4453.91}xxxxxxxxxxx.{EPS=116.279,ETD=5077.88}xxxxxxx.{EPS=114.155,ETD=5427.87}xxxxxxxxxx.{EPS=112.841,ETD=6336.52}xxxxxxxxxxxx.{EPS=114.312,ETD=7322.57}xxxxxxxx.{EPS=114.758,ETD=7919.45}xxxxxxxx.{EPS=112.133,ETD=7274.92}xxxxxxxxx.{EPS=113.817,ETD=7314.84}xxxxxxxxxxxx.{EPS=115.367,ETD=7095.41}xxxxxxxxxxxx.{EPS=119.019,ETD=7016.09}xxxxxxxxxx.{EPS=122.19,ETD=6956.01}xxxxxxxxxxxx.{EPS=123.732,ETD=5895.34}xxxxxxxxxxx.{EPS=125.188,ETD=4810.12}xxxxxxxxxxx.{EPS=124.906,ETD=3904.36}xxxxxxxxxxxx.{EPS=122.22,ETD=2920.73}xxxxxxxxxx.{EPS=118.624,ETD=2329.76}xxxxxxxxxxx.{EPS=117.98,ETD=2336.24}xxxxxxxxxxxx.{EPS=116.932,ETD=1802.16}xxxxxxxxxxxxxx.{EPS=117.261,ETD=1522.23}xxxxxxxxxxxx.{EPS=117.288,ETD=1040.18}xxxxxxxxx.{EPS=115.875,ETD=851.974}xxxxxxxxx.{EPS=112.537,ETD=1030.15}xxxxxxxxx.{EPS=111.832,ETD=1471.57}xxxxxxxxxx.{EPS=111.657,ETD=2001.43}xxxxxxxxx.{EPS=109.697,ETD=2559.79}xxxxxxxxxxx.{EPS=111.982,ETD=2728.25}xxxxxtxxxx.{EPS=113.973,ETD=3047.1}xxxxxxxxxxx.{EPS=117.096,ETD=3834.53}xxxxxx.{EPS=114.469,ETD=4744.7}xxxxxxxx.{EPS=108.885,ETD=5305.07}xxxxxxx.{EPS=104.998,ETD=5636.55}xxxxxxxxx.{EPS=103.907,ETD=6350.37}xxxxxxxxxxx.{EPS=105.753,ETD=6591.74}xxxxxxx.{EPS=102.859,ETD=7012.07}xxxxxxxx.{EPS=100.341,ETD=7375}xxxxxxxxxx.{EPS=100.1,ETD=7764.71}xxxxxxxxxxx.{EPS=101.585,ETD=8485.68}xxxxxxxx.{EPS=97.4659,ETD=8941.49}xxxxxxxxx.{EPS=96.2279,ETD=9131.07}xxxxxxxxxx.{EPS=97.6753,ETD=8868.6}xxxxxxxtxxxx.{EPS=100.725,ETD=8486.65}xxxxxxx.{EPS=100.321,ETD=8611.86}xxxxxxxxx.{EPS=97.5991,ETD=9034.85}xxxxxxxxxxxx.{EPS=100.929,ETD=8950.84}xxxxxxxxxxx.{EPS=103.95,ETD=8655.44}xxxxxxxxx.{EPS=101.564,ETD=8088}xxxxxxxxxxx.{EPS=98.4058,ETD=7584.19}xxxxxxxxxxx.{EPS=100.12,ETD=7324.14}xxxxxxxxxxxx.{EPS=101.812,ETD=7240.89}xxxxxxxxxxx.{EPS=101.338,ETD=7567.65}xxxxxxxxx.{EPS=98.8924,ETD=7984.67}xxxxxxxxxxx.{EPS=99.7009,ETD=7505.79}xxxxxxxxx.{EPS=100.725,ETD=7351.75}xxxxxxxxx.{EPS=98.6972,ETD=7077.78}xxxxxxxxxxxx.{EPS=99.0295,ETD=7103.47}xxxxxxx.{EPS=99.167,ETD=7849.08}xxxxxxxx.{EPS=98.1354,ETD=8469.97}xxxxxxx.{EPS=96.2094,ETD=8427.84}xxxxxxxxx.{EPS=94.2152,ETD=8416.16}xxxxxtxxxx.{EPS=95.4745,ETD=8444.24}xxxxxxxxxxx.{EPS=98.9511,ETD=8350.59}xxxxxxx.{EPS=98.5028,ETD=8851.5}xxxxxxx.{EPS=96.637,ETD=8905.52}xxxxxxxx.{EPS=95.4927,ETD=9493.91}xxxxxxxx.{EPS=92.6097,ETD=9903.07}xxxxxxxxx.{EPS=90.6454,ETD=10163.7}xxxxxxxxxxx.{EPS=91.3743,ETD=9620.89}xxxxxxxxxxx.{EPS=92.5754,ETD=9407.98}xxxxxxxxx.{EPS=92.4727,ETD=9285.42}xxxxxxxxxtxx.{EPS=91.2575,ETD=9283.38}xxxxxxxxx.{EPS=88.9363,ETD=9014.49}xxxxxxxxxx.{EPS=89.4294,ETD=8985.34}xxxxxxxxxxx.{EPS=91.5248,ETD=8690.73}xxxxxxxxxxx.{EPS=91.8105,ETD=8071.38}xxxxxxxxxxxx.{EPS=94.1974,ETD=7275.14}xxxxxxx.{EPS=95.6206,ETD=7193.9}xxxxxxxxx.{EPS=95.5657,ETD=7259.86}xxxxxxxxxx.{EPS=94.1442,ETD=7534.83}xxxx.{EPS=91.5919,ETD=7660.77}xxxxxxxx.{EPS=90.3016,ETD=8055.34}xxxxxxxxx.{EPS=90.0252,ETD=8626.8}xxxxxxt.{EPS=89.5255,ETD=7735.97}xxxxxxxx.{EPS=87.4432,ETD=8219.24}xxxxxxxxx.{EPS=87.6117,ETD=8821.85}xxxxxxxx.{EPS=85.778,ETD=9421.64}xxxxxxxxx.{EPS=84.5309,ETD=9602.52}xxxxxxxxxxxx.{EPS=85.4117,ETD=9751.56}xxxxxxxxxx.{EPS=86.0141,ETD=9661.19}xxxxxxxxxxxx.{EPS=89.2698,ETD=9300.79}xxxxxxxxx.{EPS=90.1388,ETD=9055.93}xxxxxxx.{EPS=88.6839,ETD=8843.81}xxxxxxxxx.{EPS=87.7809,ETD=9826.98}xxxxxxxxxxx.{EPS=87.858,ETD=9374.82}xxxxxxxxxxx.{EPS=87.2905,ETD=9013.66}xxxxxxxxxxx.{EPS=88.6368,ETD=9011}xxxxxxxx.{EPS=89.4454,ETD=8859.87}xxxxxxtxx.{EPS=86.7754,ETD=8828.9}xxxxxxxxxx.{EPS=86.4155,ETD=8885.81}xxxxxxxx.{EPS=84.2318,ETD=9268.63}xxxxxxxxx.{EPS=83.0427,ETD=9352.94}xxxxxxxx.{EPS=83.682,ETD=9377.45}xxxxxxxxxx.{EPS=84.9185,ETD=9277.96}xxxxxxxxxx.{EPS=86.6551,ETD=9240.11}xxxxxxxxxx.{EPS=88.2145,ETD=9316.29}xxxxxxxx.{EPS=86.5951,ETD=8862.29}xxxxxxxxxxxx.{EPS=88.0747,ETD=8643.68}xxxxxxxxx.{EPS=87.5657,ETD=8660.54}xxxxxxxxxxx.{EPS=87.5503,ETD=7943.01}xxxxxxxxxxxx.{EPS=89.6218,ETD=6992.89}xxxxxxxxxxxx.{EPS=91.6758,ETD=6222.83}xxxxxxxxxxxx.{EPS=93.2836,ETD=5688.72}xxxxxxx.{EPS=90.8595,ETD=5573.28}xxxxxxxxxxx.{EPS=89.2698,ETD=5960.96}xxxxxxxxxxx.{EPS=87.6424,ETD=6082.27}xxxxxxxxx.{EPS=85.3242,ETD=6761.72}xxxxxxxxx.{EPS=82.9463,ETD=6674.26}xxxxxxxxxx.{EPS=84.3313,ETD=6766.06}xxxxxxxxxxx.{EPS=83.5003,ETD=7474.02}xxxxxxxxx.{EPS=81.5395,ETD=8564.42}xxxxxxxxx.{EPS=79.8722,ETD=9327.26}xxxxxxxxxxxx.{EPS=78.8022,ETD=9676.01}xxxxxxxxxxxx.{EPS=78.703,ETD=9200.29}xxxxxxxxx.{EPS=77.7484,ETD=8812.5}xxxtxxxxxx.{EPS=77.7968,ETD=8631.75}xxxxxxxxxx.{EPS=79.885,ETD=8481.62}xxxxxxxxx.{EPS=80.4894,ETD=8800.82}xxxxxxxxxxxxxx.{EPS=83.5981,ETD=9207.2}xxxxxxxxxxxxxxxx.{EPS=88.7626,ETD=9324.58}xxxxxxxxxxxxxxxx.{EPS=95.0932,ETD=9254.76}xxxxxxxxxxxxxxxxx.{EPS=103.713,ETD=9326.06}xxxxxxxxxxxxxxxxxxx.{EPS=113.895,ETD=9651.85}xxxxxxxxxxxxxxxxxxx.{EPS=128.8,ETD=10327.5}xxxxxxxxxxxxxx.{EPS=139.899,ETD=10258.4}xxxxxxxxxxxxxx.{EPS=151.561,ETD=9895.66}xxxxxxxx.{EPS=151.607,ETD=9753.33}xxxxxxx.{EPS=149.076,ETD=9574.77}xxxxxxxx.{EPS=133.726,ETD=8907.57}xxxxxxxxx.{EPS=121.507,ETD=8473.84}xxxxxxxxx.{EPS=115.687,ETD=7466.06}xxxxxxxxxx.{EPS=108.272,ETD=6759.43}xxxxxxxx.{EPS=97.371,ETD=6409.68}xxxxxxxxxxx.{EPS=90.009,ETD=6103.52}xxxxtxxxxx.{EPS=85.237,ETD=6139.19}xxxxxxxxx.{EPS=79.783,ETD=6245.09}xxxxxxxxx.{EPS=78.7154,ETD=6164.72}xxxxx