Parsing and Instantiating...
Warning: rounding numeric constants such as 10.3045 to an accuracy of 0.001
Done
One way facts...
Mutex groups...
Semaphore Facts...
Envelope Facts...
One-shot actions...
(bs-dispense c-bs input wp1 base_black) is 1 shot
(bs-dispense c-bs output wp1 base_black) is 1 shot
(bs-dispense c-bs input wp1 base_red) is 1 shot
(bs-dispense c-bs output wp1 base_red) is 1 shot
(bs-dispense c-bs input wp1 base_silver) is 1 shot
(bs-dispense c-bs output wp1 base_silver) is 1 shot
(bs-dispense c-bs input wp1 base_black) is 1 shot
(bs-dispense c-bs output wp1 base_black) is 1 shot
(bs-dispense c-bs input wp1 base_red) is 1 shot
(bs-dispense c-bs output wp1 base_red) is 1 shot
(bs-dispense c-bs input wp1 base_silver) is 1 shot
(bs-dispense c-bs output wp1 base_silver) is 1 shot
(prepare-ds r-1 c-ds gate-1) is 1 shot
(prepare-ds r-2 c-ds gate-1) is 1 shot
(prepare-ds r-3 c-ds gate-1) is 1 shot
(prepare-ds r-1 c-ds gate-2) is 1 shot
(prepare-ds r-2 c-ds gate-2) is 1 shot
(prepare-ds r-3 c-ds gate-2) is 1 shot
(prepare-ds r-1 c-ds gate-3) is 1 shot
(prepare-ds r-2 c-ds gate-3) is 1 shot
(prepare-ds r-3 c-ds gate-3) is 1 shot
(wp-get-shelf r-1 cg1 c-cs1 left) is 1 shot
(wp-get-shelf r-2 cg1 c-cs1 left) is 1 shot
(wp-get-shelf r-3 cg1 c-cs1 left) is 1 shot
(wp-get-shelf r-1 cg2 c-cs1 middle) is 1 shot
(wp-get-shelf r-2 cg2 c-cs1 middle) is 1 shot
(wp-get-shelf r-3 cg2 c-cs1 middle) is 1 shot
(wp-get-shelf r-1 cg3 c-cs1 right) is 1 shot
(wp-get-shelf r-2 cg3 c-cs1 right) is 1 shot
(wp-get-shelf r-3 cg3 c-cs1 right) is 1 shot
(wp-get-shelf r-1 cb1 c-cs2 left) is 1 shot
(wp-get-shelf r-2 cb1 c-cs2 left) is 1 shot
(wp-get-shelf r-3 cb1 c-cs2 left) is 1 shot
(wp-get-shelf r-1 cb2 c-cs2 middle) is 1 shot
(wp-get-shelf r-2 cb2 c-cs2 middle) is 1 shot
(wp-get-shelf r-3 cb2 c-cs2 middle) is 1 shot
(wp-get-shelf r-1 cb3 c-cs2 right) is 1 shot
(wp-get-shelf r-2 cb3 c-cs2 right) is 1 shot
(wp-get-shelf r-3 cb3 c-cs2 right) is 1 shot
Integral variables...
Variable bounds...
Static numeric conditions...
Duration bounds...
TIL time window analysis...
Bounding action timestamps due to time windows...
(order-delivery-window-open o1) forms a window with range [0.000,128.922]
Bounds on (fulfill-order-c0-within-tw o1 wp1 c-ds gate-1 base_silver cap_black) (duration [0.010,0.010]):
	0: [0.000,128.912]
	1: [0.000,128.912]
	2: [0.010,128.922]
(can-commit-for-ontime-delivery o1) forms a window with range [0.000,14.440]
Bounds on (commit-to-ontime-delivery o1) (duration [0.010,0.010]):
	0: [0.000,14.439]
	1: [0.000,14.439]
	2: [0.010,14.449]
Bounds on (do-not-commit-to-ontime-delivery o1) (duration [0.010,0.010]):
	0: [0.000,14.439]
	1: [0.000,14.439]
	2: [0.010,14.449]
Dominance constraints (excluding processes and events)...
Damaging events...
Dominance constraints (including processes and events)...
Variable monotonicity...
Max/min needed values for any single precondition...
Irrelevant action pruning by backward reachability from goal...
Uninterestingness criteria...
Compression-safe actions...
Compression-safe invariants...
64% of durative actions in this problem are compression safe
Goal Goal [1]
    (order-fulfilled o1)

Finishing preprocessing.  Making a TRPG heuristic...
Making an open list...
Running WA* search (g weight = 1, h weight = 5)
{(order-delivery-window-open o1),(can-commit-for-ontime-delivery o1),(location-free start input),(location-free c-bs input),(location-free c-bs output),(location-free c-cs1 input),(location-free c-cs1 output),(location-free c-cs2 input),(location-free c-cs2 output),(location-free c-ds input),(location-free c-ds output),(cs-can-perform c-cs1 cs_retrieve),(cs-can-perform c-cs2 cs_retrieve),(wp-base-color wp1 base_none),(wp-cap-color wp1 cap_none),(wp-ring1-color wp1 ring_none),(wp-ring2-color wp1 ring_none),(wp-ring3-color wp1 ring_none),(wp-unused wp1),(robot-waiting r-1),(robot-waiting r-2),(robot-waiting r-3),(mps-state c-bs idle),(mps-state c-cs1 idle),(mps-state c-cs2 idle),(mps-state c-ds idle),(wp-cap-color cg1 cap_grey),(wp-cap-color cg2 cap_grey),(wp-cap-color cg3 cap_grey),(wp-on-shelf cg1 c-cs1 left),(wp-on-shelf cg2 c-cs1 middle),(wp-on-shelf cg3 c-cs1 right),(wp-cap-color cb1 cap_black),(wp-cap-color cb2 cap_black),(wp-cap-color cb3 cap_black),(wp-on-shelf cb1 c-cs2 left),(wp-on-shelf cb2 c-cs2 middle),(wp-on-shelf cb3 c-cs2 right)}
[]
Initial heuristic = 28
Initial stats: t=0.02s, 8096kb
b (27 @ n=6, t=0.02s, 8096kb)b (25 @ n=7, t=0.03s, 8096kb)b (24 @ n=55, t=0.03s, 8096kb)Warning: self overlapping Action 434:1 at 1
b (23 @ n=209, t=0.06s, 8464kb)xd.{EPS=943.396,ETD=20.4286}xxxx.{EPS=1052.63,ETD=40.5152}b (22 @ n=511, t=0.12s, 8996kb)db (21 @ n=516, t=0.12s, 8996kb)b (17 @ n=547, t=0.13s, 9096kb)b (16 @ n=557, t=0.13s, 9160kb)dd.{EPS=872.093,ETD=28.2819}dd.{EPS=793.651,ETD=22.2814}xb (14 @ n=1286, t=0.29s, 13532kb)d.{EPS=796.178,ETD=20.0402}xd.{EPS=835.655,ETD=19.806}xx.{EPS=881.612,ETD=19.3954}xx.{EPS=925.926,ETD=20.7118}xdx.{EPS=967.742,ETD=24.0356}xx.{EPS=1010.1,ETD=27.2084}xdx.{EPS=1061.57,ETD=29.518}d.{EPS=1022.49,ETD=26.018}x.{EPS=1094.09,ETD=27.648}xdx.{EPS=1193.32,ETD=28.856}xx.{EPS=1269.04,ETD=30.216}xxd.{EPS=1295.34,ETD=34.284}xx.{EPS=1315.79,ETD=38.764}xx.{EPS=1319.26,ETD=40.658}dxxx.{EPS=1285.35,ETD=66.194}dxx.{EPS=1207.73,ETD=97.362}xdx.{EPS=1136.36,ETD=117.344}xdxx.{EPS=1138.95,ETD=158.02}dxx.{EPS=1111.11,ETD=194.646}dxd.{EPS=1082.25,ETD=194.956}x.{EPS=1063.83,ETD=198.7}x.{EPS=1004.02,ETD=195.446}xd.{EPS=939.85,ETD=192.062}xx.{EPS=897.666,ETD=194.678}d.{EPS=877.193,ETD=166.658}xd.{EPS=891.266,ETD=143.898}xd.{EPS=889.68,ETD=122.404}xd.{EPS=910.747,ETD=93.842}x.{EPS=912.409,ETD=58.294}xd.{EPS=919.118,ETD=85.976}dx.{EPS=894.454,ETD=82.256}xd.{EPS=920.81,ETD=90.362}x.{EPS=936.33,ETD=90.632}xd.{EPS=978.474,ETD=113.394}d.{EPS=1039.5,ETD=113.394}xx.{EPS=1059.32,ETD=149.182}d.{EPS=1026.69,ETD=177.278}dx.{EPS=1020.41,ETD=166.024}x.{EPS=998.004,ETD=170.036}xdx.{EPS=948.767,ETD=144.162}x.{EPS=920.81,ETD=145.528}d.{EPS=886.525,ETD=145.258}xdx.{EPS=909.091,ETD=145.994}d.{EPS=853.242,ETD=134.08}xx.{EPS=822.368,ETD=142.584}d.{EPS=777.605,ETD=104.816}dxx.{EPS=805.153,ETD=92.956}d.{EPS=772.798,ETD=113.57}xx.{EPS=796.178,ETD=110.218}dd.{EPS=798.722,ETD=119.548}x.{EPS=834.725,ETD=132.06}xd.{EPS=872.6,ETD=147.826}x.{EPS=915.751,ETD=147.826}dx.{EPS=925.926,ETD=220.324}xx.{EPS=904.159,ETD=232.39}xdxx.{EPS=931.099,ETD=254.69}xx.{EPS=919.118,ETD=243.942}xxdx.{EPS=967.118,ETD=252.25}xxxxx.{EPS=904.159,ETD=256.416}xxxxxxdx.{EPS=825.083,ETD=243.32}xxxxxx.{EPS=647.668,ETD=226.946}xxxxxxd.{EPS=493.097,ETD=202.298}xxxxxxx.{EPS=342.936,ETD=198.502}xxxxxxd.{EPS=256.674,ETD=111.806}xxxxxxx.{EPS=199.124,ETD=96.306}xxxxxxd.{EPS=156.299,ETD=71.366}xxxxxxx.{EPS=124.162,ETD=70.552}xxxxxxd.{EPS=100.422,ETD=40.822}xxxxxxx.{EPS=89.3815,ETD=36.058}xxxxxxd.{EPS=83.9913,ETD=36.058}xxxxxxx.{EPS=78.6411,ETD=36.058}xxxxxxd.{EPS=72.5479,ETD=34.426}xxxxxxx.{EPS=67.0511,ETD=34.426}xxxxxxd.{EPS=60.5254,ETD=30.276}xxxx~~~~~~~~~~~~~~~~~~~~~~~~~~~~~~~~~~~~~~~~~~~~~~~~~~~~~~~~~~~~~~~~~~~~~~~~~~~~~~~~~~~~~~~~~~~~~~~~~~~~~~~~~~~~~~~~~~~~~~~~~~~~~~~~~~~~~~~~~~~~~~~~~~~~~~~~~~~~~~~~~~~~~~~~~~~~~~~~~~~~~~~~~~~~~~~~~~~~~~~~~~~~~~~~~~~~~~~~~~~~~~~~~~~~~~~~~~~~~~~~~~~~~~~~~~~~~~~~~~~~~~~~~~~~~~~~~~~~~~~~~~~~~~~~~~~~~~~~~~~~~~~~~~~~~~~~~~~~~~~~~~~~~~~~~~~~~~~~~~~~~~~~~~~~~~~~~~~~~~~~~~~~~~~~~~~~~~~~~~~~~~~~~~~~~~~~~~~~~~~~~~~~~~~~~~~~~~~~~~~~~~~~~~~~~~~~~~~~~~~~~~~~~~~~~~~~~~~~~~~~~~~~~~~~~~~~~~~~~~~~~~~~~~~~~~~~~~~~~~~~~~~~~~~~~~~~~~~~~~~~~~~~~~~~~~~~~~~~~~~~~~~~~~~~~~~~~~~~~~~~~~~~~~~~~~~~~~~~~~~~~~~~~~~~~~~~~~~~~~~~~~~~~~~~~~~~~~~~~~~~~~~~~~~~~~~~~~~~~~~~~~~~~~~~~~~~~~~~~~~~~~~~~~~~~~~~~~~~~~~~~~~~~~~~~~~~~~~~~~~~~~~~~~~~~~~~~~~~~~~~~~~~~~~~~~~~~~~~~~~~~~~~~~~~~~~~~~~~~~~~~~~~~~~~~~~~~~~~~~~~~~~~~~~~~~~~~~~~~~~~~~~~~~~~~~~~~~~~~~~~~~~~~~~~~~~~~~~~~~~~~~~~~~~~~~~~~~~~~~~~~~~~~~~~~~~~~~~~~~~~~~~~~~~~~~~~~~~~~~~~~~~~~~~~~~~~~~~~~~~~~~~~~~~~~~~~~~~~~~~~~~~~~~~~~~~~~~~~~~~~~~~~~~~~~~~~~~~~~~~~~~~~~~~~~~~~~~~~~~~~~~~~~~~~~~~~~~~~~~~~~~~~~~~~~~~~~~~~~~~~~~~~~~~~~~~~~~~~~~~~~~~~~~~~~~~~~~~~~~~~~~~~~~~~~~~~~~~~~~~~~~~~~~~~~~~~~~~~~~~~~~~~~~~~~~~~~~~~~~~~~~~~~~~~~~~~~~~~~~~~~~~~~~~~~~~~~~~~~~~~~~~~~~~~~~~~~~~~~~~~~~~~~~~~~~~~~~~~~~~~~~~~~~~~~~~~~~~~~~~~~~~~~~~~~~~~~~~~~~~~~~~~~~~~~~~~~~~~~~~~~~~~~~~~~~~~~~~~~~~~~~~~~~~~~~~~~~~~~~~~~~~~~~~~~~~~~~~~~~~~~~~~~~~~~~~~~~~~~~~~~~~~~~~~~~~~~~~~~~~~~~~~~~~~~~~~~~~~~~~~~~~~~~~~~~~~~~~~~~~~~~~~~~~~~~~~~~~~~~~~~~~~~~~~~~~~~~~~~~~~~~~~~~~~~~~~~~~~~~~~~~~~~~~~~~~~~~~~~~~~~~~~~~~~~~~~~~~~~~~~~~~~~~~~~~~~~~~~~~~~~~~~~~~~~~~~~~~~~~~~~~~~~~~~~~~~~~~~~~~~~~~~~~~~~~~~~~~~~~~~~~~~~~~~~~~~~~~~~~~~~~~~~~~~~~~~~~~~~~~~~~~~~~~~~~~~~~~~~~~~~~~~~~~~~~~~~~~~~~~~~~~~~~~~~~~~~~~~~~~~~~~~~~~~~~~~~~~~~~~~~~~~~~~~~~~~~~~~~~~~~~~~~~~~~~~~~~~~~~~~~~~~~~~~~~~~~~~~~~~~~~~~~~~~~~~~~~~~~~~~~~~~~~~~~~~~~~~~~~~~~~~~~~~~~~~~~~~~~~~~~~~~~~~~~~~~~~~~~~~~~~~~~~~~~~~~~~~~~~~~~~~~~~~~~~~~~~~~~~~~~~~~~~~~~~~~~~~~~~~~~~~~~~~~~~~~~~~~~~~~~~~~~~~~~~~~~~~~~~~~~~~~~~~~~~~~~~~~~~~~~~~~~~~~~~~~~~~~~~~~~~~~~~~~~~~~~~~~~~~~~~~~~~~~~~~~~~~~~~~~~~~~~~~~~~~~~~~~~~~~~~~~~~~~~~~~~~~~~~~~~~~~~~~~~~~~~~~~~~~~~~~~~~~~~~~~~~~~~~~~~~~~~~~~~~~~~~~~~~~~~~~~~~~~~~~~~~~~~~~~~~~~~~~~~~~~~~~~~~~~~~~~~~~~~~~~~~~~~~~~~~~~~~~~~~~~~~~~~~~~~~~~~~~~~~~~~~~~~~~~~~~~~~~~~~~~~~~~~~~~~~~~~~~~~~~~~~~~~~~~~~~~~~~~~~~~~~~~~~~~~~~~~~~~~~~~~~~~~~~~~~~~~~~~~~~~~~~~~~~~~~~~~~~~~~~~~~~~~~~~~~~~~~~~~~~~~~~~~~~~~~~~~~~~~~~~~~~~~~~~~~~~~~~~~~~~~~~~~~~~~~~~~~~~~~~~~~~~~~~~~~~~~~~~~~~~~~~~~~~~~~~~~~~~~~~~~~~~~~~~~~~~~~~~~~~~~~~~~~~~~~~~~~~~~~~~~~~~~~~~~~~~~~~~~~~~~~~~~~~~~~~~~~~~~~~~~~~~~~~~~~~~~~~~~~~~~~~~~~~~~~~~~~~~~~~~~~~~~~~~~~~~~~~~~~~~~~~~~~~~~~~~~~~~~~~~~~~~~~~~~~~~~~~~~~~~~~~~~~~~~~~~~~~~~~~~~~~~~~~~~~~~~~~~~~~~~~~~~~~~~~~~~~~~~~~~~~~~~~~~~~~~~~~~~~~~~~~~~~~~~~~~~~~~~~~~~~~~~~~~~~~~~~~~~~~~~~~~~~~~~~~~~~~~~~~~~~~~~~~~~~~~~~~~~~~~~~~~~~~~~~~~~~~~~~~~~~~~~~~~~~~~~~~~~~~~~~~~~~~~~~~~~~~~~~~~~~~~~~~~~~~~~~~~~~~~~~~~~~~~~~dx.{EPS=56.2556,ETD=163.594}dddd.{EPS=60.9682,ETD=546.618}dddddx.{EPS=67.769,ETD=931.51}ddd.{EPS=77.9423,ETD=1323.83}dxdd.{EPS=86.8961,ETD=1717.84}dd.{EPS=94.3574,ETD=2117.23}ddx
;;;; Problem Unsolvable
; Nodes Generated: 10810
; Nodes Expanded:  4230
; Nodes Evaluated: 10809
; Nodes Tunneled:  301
; Nodes memoised with open actions: 16589
; Nodes memoised without open actions: 8700
; Nodes pruned by memoisation: 14479
; Time 14.73
