Parsing and Instantiating...
Done
One way facts...
Mutex groups...
Semaphore Facts...
Envelope Facts...
One-shot actions...
Integral variables...
Variable bounds...
Static numeric conditions...
Duration bounds...
TIL time window analysis...
Bounding action timestamps due to time windows...
(deliverable b6) forms a window with range [0.000,9.130]
Bounds on (push-end s12 a1 a2 b6 b0) (duration [0.500,0.500]):
	0: [0.000,8.629]
	1: [0.000,8.629]
	2: [0.000,9.129]
Bounds on (push-end s13 a1 a3 b6 b0) (duration [0.500,0.500]):
	0: [0.000,8.629]
	1: [0.000,8.629]
	2: [0.000,9.129]
Bounds on (push-end s12 a1 a2 b6 b1) (duration [0.500,0.500]):
	0: [0.000,8.629]
	1: [0.000,8.629]
	2: [0.000,9.129]
Bounds on (push-end s13 a1 a3 b6 b1) (duration [0.500,0.500]):
	0: [0.000,8.629]
	1: [0.000,8.629]
	2: [0.000,9.129]
Bounds on (push-end s12 a1 a2 b6 b11) (duration [0.500,0.500]):
	0: [0.000,8.629]
	1: [0.000,8.629]
	2: [0.000,9.129]
Bounds on (push-end s13 a1 a3 b6 b11) (duration [0.500,0.500]):
	0: [0.000,8.629]
	1: [0.000,8.629]
	2: [0.000,9.129]
Bounds on (push-end s12 a1 a2 b6 b2) (duration [0.500,0.500]):
	0: [0.000,8.629]
	1: [0.000,8.629]
	2: [0.000,9.129]
Bounds on (push-end s13 a1 a3 b6 b2) (duration [0.500,0.500]):
	0: [0.000,8.629]
	1: [0.000,8.629]
	2: [0.000,9.129]
Bounds on (push-end s12 a1 a2 b6 b3) (duration [0.500,0.500]):
	0: [0.000,8.629]
	1: [0.000,8.629]
	2: [0.000,9.129]
Bounds on (push-end s13 a1 a3 b6 b3) (duration [0.500,0.500]):
	0: [0.000,8.629]
	1: [0.000,8.629]
	2: [0.000,9.129]
Bounds on (push-end s12 a1 a2 b6 b4) (duration [0.500,0.500]):
	0: [0.000,8.629]
	1: [0.000,8.629]
	2: [0.000,9.129]
Bounds on (push-end s13 a1 a3 b6 b4) (duration [0.500,0.500]):
	0: [0.000,8.629]
	1: [0.000,8.629]
	2: [0.000,9.129]
Bounds on (push-end s12 a1 a2 b6 b7) (duration [0.500,0.500]):
	0: [0.000,8.629]
	1: [0.000,8.629]
	2: [0.000,9.129]
Bounds on (push-end s13 a1 a3 b6 b7) (duration [0.500,0.500]):
	0: [0.000,8.629]
	1: [0.000,8.629]
	2: [0.000,9.129]
Bounds on (push-end s12 a1 a2 b6 b9) (duration [0.500,0.500]):
	0: [0.000,8.629]
	1: [0.000,8.629]
	2: [0.000,9.129]
Bounds on (push-end s13 a1 a3 b6 b9) (duration [0.500,0.500]):
	0: [0.000,8.629]
	1: [0.000,8.629]
	2: [0.000,9.129]
Bounds on (pop-end s12 a1 a2 b6 b0) (duration [0.500,0.500]):
	0: [0.000,8.629]
	1: [0.000,8.629]
	2: [0.000,9.129]
Bounds on (pop-end s13 a1 a3 b6 b0) (duration [0.500,0.500]):
	0: [0.000,8.629]
	1: [0.000,8.629]
	2: [0.000,9.129]
Bounds on (pop-end s12 a1 a2 b6 b1) (duration [0.500,0.500]):
	0: [0.000,8.629]
	1: [0.000,8.629]
	2: [0.000,9.129]
Bounds on (pop-end s13 a1 a3 b6 b1) (duration [0.500,0.500]):
	0: [0.000,8.629]
	1: [0.000,8.629]
	2: [0.000,9.129]
Bounds on (pop-end s12 a1 a2 b6 b11) (duration [0.500,0.500]):
	0: [0.000,8.629]
	1: [0.000,8.629]
	2: [0.000,9.129]
Bounds on (pop-end s13 a1 a3 b6 b11) (duration [0.500,0.500]):
	0: [0.000,8.629]
	1: [0.000,8.629]
	2: [0.000,9.129]
Bounds on (pop-end s12 a1 a2 b6 b2) (duration [0.500,0.500]):
	0: [0.000,8.629]
	1: [0.000,8.629]
	2: [0.000,9.129]
Bounds on (pop-end s13 a1 a3 b6 b2) (duration [0.500,0.500]):
	0: [0.000,8.629]
	1: [0.000,8.629]
	2: [0.000,9.129]
Bounds on (pop-end s12 a1 a2 b6 b3) (duration [0.500,0.500]):
	0: [0.000,8.629]
	1: [0.000,8.629]
	2: [0.000,9.129]
Bounds on (pop-end s13 a1 a3 b6 b3) (duration [0.500,0.500]):
	0: [0.000,8.629]
	1: [0.000,8.629]
	2: [0.000,9.129]
Bounds on (pop-end s12 a1 a2 b6 b4) (duration [0.500,0.500]):
	0: [0.000,8.629]
	1: [0.000,8.629]
	2: [0.000,9.129]
Bounds on (pop-end s13 a1 a3 b6 b4) (duration [0.500,0.500]):
	0: [0.000,8.629]
	1: [0.000,8.629]
	2: [0.000,9.129]
Bounds on (pop-end s12 a1 a2 b6 b7) (duration [0.500,0.500]):
	0: [0.000,8.629]
	1: [0.000,8.629]
	2: [0.000,9.129]
Bounds on (pop-end s13 a1 a3 b6 b7) (duration [0.500,0.500]):
	0: [0.000,8.629]
	1: [0.000,8.629]
	2: [0.000,9.129]
Bounds on (pop-end s12 a1 a2 b6 b9) (duration [0.500,0.500]):
	0: [0.000,8.629]
	1: [0.000,8.629]
	2: [0.000,9.129]
Bounds on (pop-end s13 a1 a3 b6 b9) (duration [0.500,0.500]):
	0: [0.000,8.629]
	1: [0.000,8.629]
	2: [0.000,9.129]
Bounds on (push-unitarypipe s34 b1 a3 a4 b6 gasoleo rat-a) (duration [2.000,2.000]):
	0: [0.000,7.129]
	1: [0.000,7.129]
	2: [0.000,9.129]
Bounds on (push-unitarypipe s34 b11 a3 a4 b6 gasoleo rat-a) (duration [2.000,2.000]):
	0: [0.000,7.129]
	1: [0.000,7.129]
	2: [0.000,9.129]
Bounds on (push-unitarypipe s34 b3 a3 a4 b6 gasoleo rat-a) (duration [2.000,2.000]):
	0: [0.000,7.129]
	1: [0.000,7.129]
	2: [0.000,9.129]
Bounds on (push-unitarypipe s34 b9 a3 a4 b6 gasoleo rat-a) (duration [2.000,2.000]):
	0: [0.000,7.129]
	1: [0.000,7.129]
	2: [0.000,9.129]
Bounds on (push-unitarypipe s34 b0 a3 a4 b6 lco rat-a) (duration [2.000,2.000]):
	0: [0.000,7.129]
	1: [0.000,7.129]
	2: [0.000,9.129]
Bounds on (push-unitarypipe s34 b7 a3 a4 b6 lco rat-a) (duration [2.000,2.000]):
	0: [0.000,7.129]
	1: [0.000,7.129]
	2: [0.000,9.129]
Bounds on (push-unitarypipe s34 b2 a3 a4 b6 rat-a rat-a) (duration [2.000,2.000]):
	0: [0.000,7.129]
	1: [0.000,7.129]
	2: [0.000,9.129]
Bounds on (push-unitarypipe s34 b4 a3 a4 b6 rat-a rat-a) (duration [2.000,2.000]):
	0: [0.000,7.129]
	1: [0.000,7.129]
	2: [0.000,9.129]
Bounds on (pop-unitarypipe s34 b1 a3 a4 b6 gasoleo rat-a) (duration [2.000,2.000]):
	0: [0.000,7.129]
	1: [0.000,7.129]
	2: [0.000,9.129]
Bounds on (pop-unitarypipe s34 b11 a3 a4 b6 gasoleo rat-a) (duration [2.000,2.000]):
	0: [0.000,7.129]
	1: [0.000,7.129]
	2: [0.000,9.129]
Bounds on (pop-unitarypipe s34 b3 a3 a4 b6 gasoleo rat-a) (duration [2.000,2.000]):
	0: [0.000,7.129]
	1: [0.000,7.129]
	2: [0.000,9.129]
Bounds on (pop-unitarypipe s34 b9 a3 a4 b6 gasoleo rat-a) (duration [2.000,2.000]):
	0: [0.000,7.129]
	1: [0.000,7.129]
	2: [0.000,9.129]
Bounds on (pop-unitarypipe s34 b0 a3 a4 b6 lco rat-a) (duration [2.000,2.000]):
	0: [0.000,7.129]
	1: [0.000,7.129]
	2: [0.000,9.129]
Bounds on (pop-unitarypipe s34 b7 a3 a4 b6 lco rat-a) (duration [2.000,2.000]):
	0: [0.000,7.129]
	1: [0.000,7.129]
	2: [0.000,9.129]
Bounds on (pop-unitarypipe s34 b2 a3 a4 b6 rat-a rat-a) (duration [2.000,2.000]):
	0: [0.000,7.129]
	1: [0.000,7.129]
	2: [0.000,9.129]
Bounds on (pop-unitarypipe s34 b4 a3 a4 b6 rat-a rat-a) (duration [2.000,2.000]):
	0: [0.000,7.129]
	1: [0.000,7.129]
	2: [0.000,9.129]
(deliverable b11) forms a window with range [0.000,8.120]
Bounds on (push-end s12 a1 a2 b11 b0) (duration [0.500,0.500]):
	0: [0.000,7.619]
	1: [0.000,7.619]
	2: [0.000,8.119]
Bounds on (push-end s13 a1 a3 b11 b0) (duration [0.500,0.500]):
	0: [0.000,7.619]
	1: [0.000,7.619]
	2: [0.000,8.119]
Bounds on (push-end s12 a1 a2 b11 b1) (duration [0.500,0.500]):
	0: [0.000,7.619]
	1: [0.000,7.619]
	2: [0.000,8.119]
Bounds on (push-end s13 a1 a3 b11 b1) (duration [0.500,0.500]):
	0: [0.000,7.619]
	1: [0.000,7.619]
	2: [0.000,8.119]
Bounds on (push-end s12 a1 a2 b11 b10) (duration [0.500,0.500]):
	0: [0.000,7.619]
	1: [0.000,7.619]
	2: [0.000,8.119]
Bounds on (push-end s13 a1 a3 b11 b10) (duration [0.500,0.500]):
	0: [0.000,7.619]
	1: [0.000,7.619]
	2: [0.000,8.119]
Bounds on (push-end s12 a1 a2 b11 b2) (duration [0.500,0.500]):
	0: [0.000,7.619]
	1: [0.000,7.619]
	2: [0.000,8.119]
Bounds on (push-end s13 a1 a3 b11 b2) (duration [0.500,0.500]):
	0: [0.000,7.619]
	1: [0.000,7.619]
	2: [0.000,8.119]
Bounds on (push-end s12 a1 a2 b11 b3) (duration [0.500,0.500]):
	0: [0.000,7.619]
	1: [0.000,7.619]
	2: [0.000,8.119]
Bounds on (push-end s13 a1 a3 b11 b3) (duration [0.500,0.500]):
	0: [0.000,7.619]
	1: [0.000,7.619]
	2: [0.000,8.119]
Bounds on (push-end s12 a1 a2 b11 b4) (duration [0.500,0.500]):
	0: [0.000,7.619]
	1: [0.000,7.619]
	2: [0.000,8.119]
Bounds on (push-end s13 a1 a3 b11 b4) (duration [0.500,0.500]):
	0: [0.000,7.619]
	1: [0.000,7.619]
	2: [0.000,8.119]
Bounds on (push-end s12 a1 a2 b11 b5) (duration [0.500,0.500]):
	0: [0.000,7.619]
	1: [0.000,7.619]
	2: [0.000,8.119]
Bounds on (push-end s13 a1 a3 b11 b5) (duration [0.500,0.500]):
	0: [0.000,7.619]
	1: [0.000,7.619]
	2: [0.000,8.119]
Bounds on (push-end s12 a1 a2 b11 b6) (duration [0.500,0.500]):
	0: [0.000,7.619]
	1: [0.000,7.619]
	2: [0.000,8.119]
Bounds on (push-end s13 a1 a3 b11 b6) (duration [0.500,0.500]):
	0: [0.000,7.619]
	1: [0.000,7.619]
	2: [0.000,8.119]
Bounds on (push-end s12 a1 a2 b11 b7) (duration [0.500,0.500]):
	0: [0.000,7.619]
	1: [0.000,7.619]
	2: [0.000,8.119]
Bounds on (push-end s13 a1 a3 b11 b7) (duration [0.500,0.500]):
	0: [0.000,7.619]
	1: [0.000,7.619]
	2: [0.000,8.119]
Bounds on (push-end s12 a1 a2 b11 b8) (duration [0.500,0.500]):
	0: [0.000,7.619]
	1: [0.000,7.619]
	2: [0.000,8.119]
Bounds on (push-end s13 a1 a3 b11 b8) (duration [0.500,0.500]):
	0: [0.000,7.619]
	1: [0.000,7.619]
	2: [0.000,8.119]
Bounds on (push-end s12 a1 a2 b11 b9) (duration [0.500,0.500]):
	0: [0.000,7.619]
	1: [0.000,7.619]
	2: [0.000,8.119]
Bounds on (push-end s13 a1 a3 b11 b9) (duration [0.500,0.500]):
	0: [0.000,7.619]
	1: [0.000,7.619]
	2: [0.000,8.119]
Bounds on (pop-end s12 a1 a2 b11 b0) (duration [0.500,0.500]):
	0: [0.000,7.619]
	1: [0.000,7.619]
	2: [0.000,8.119]
Bounds on (pop-end s13 a1 a3 b11 b0) (duration [0.500,0.500]):
	0: [0.000,7.619]
	1: [0.000,7.619]
	2: [0.000,8.119]
Bounds on (pop-end s12 a1 a2 b11 b1) (duration [0.500,0.500]):
	0: [0.000,7.619]
	1: [0.000,7.619]
	2: [0.000,8.119]
Bounds on (pop-end s13 a1 a3 b11 b1) (duration [0.500,0.500]):
	0: [0.000,7.619]
	1: [0.000,7.619]
	2: [0.000,8.119]
Bounds on (pop-end s12 a1 a2 b11 b10) (duration [0.500,0.500]):
	0: [0.000,7.619]
	1: [0.000,7.619]
	2: [0.000,8.119]
Bounds on (pop-end s13 a1 a3 b11 b10) (duration [0.500,0.500]):
	0: [0.000,7.619]
	1: [0.000,7.619]
	2: [0.000,8.119]
Bounds on (pop-end s12 a1 a2 b11 b2) (duration [0.500,0.500]):
	0: [0.000,7.619]
	1: [0.000,7.619]
	2: [0.000,8.119]
Bounds on (pop-end s13 a1 a3 b11 b2) (duration [0.500,0.500]):
	0: [0.000,7.619]
	1: [0.000,7.619]
	2: [0.000,8.119]
Bounds on (pop-end s12 a1 a2 b11 b3) (duration [0.500,0.500]):
	0: [0.000,7.619]
	1: [0.000,7.619]
	2: [0.000,8.119]
Bounds on (pop-end s13 a1 a3 b11 b3) (duration [0.500,0.500]):
	0: [0.000,7.619]
	1: [0.000,7.619]
	2: [0.000,8.119]
Bounds on (pop-end s12 a1 a2 b11 b4) (duration [0.500,0.500]):
	0: [0.000,7.619]
	1: [0.000,7.619]
	2: [0.000,8.119]
Bounds on (pop-end s13 a1 a3 b11 b4) (duration [0.500,0.500]):
	0: [0.000,7.619]
	1: [0.000,7.619]
	2: [0.000,8.119]
Bounds on (pop-end s12 a1 a2 b11 b5) (duration [0.500,0.500]):
	0: [0.000,7.619]
	1: [0.000,7.619]
	2: [0.000,8.119]
Bounds on (pop-end s13 a1 a3 b11 b5) (duration [0.500,0.500]):
	0: [0.000,7.619]
	1: [0.000,7.619]
	2: [0.000,8.119]
Bounds on (pop-end s12 a1 a2 b11 b6) (duration [0.500,0.500]):
	0: [0.000,7.619]
	1: [0.000,7.619]
	2: [0.000,8.119]
Bounds on (pop-end s13 a1 a3 b11 b6) (duration [0.500,0.500]):
	0: [0.000,7.619]
	1: [0.000,7.619]
	2: [0.000,8.119]
Bounds on (pop-end s12 a1 a2 b11 b7) (duration [0.500,0.500]):
	0: [0.000,7.619]
	1: [0.000,7.619]
	2: [0.000,8.119]
Bounds on (pop-end s13 a1 a3 b11 b7) (duration [0.500,0.500]):
	0: [0.000,7.619]
	1: [0.000,7.619]
	2: [0.000,8.119]
Bounds on (pop-end s12 a1 a2 b11 b8) (duration [0.500,0.500]):
	0: [0.000,7.619]
	1: [0.000,7.619]
	2: [0.000,8.119]
Bounds on (pop-end s13 a1 a3 b11 b8) (duration [0.500,0.500]):
	0: [0.000,7.619]
	1: [0.000,7.619]
	2: [0.000,8.119]
Bounds on (pop-end s12 a1 a2 b11 b9) (duration [0.500,0.500]):
	0: [0.000,7.619]
	1: [0.000,7.619]
	2: [0.000,8.119]
Bounds on (pop-end s13 a1 a3 b11 b9) (duration [0.500,0.500]):
	0: [0.000,7.619]
	1: [0.000,7.619]
	2: [0.000,8.119]
Bounds on (push-unitarypipe s34 b1 a3 a4 b11 gasoleo gasoleo) (duration [2.000,2.000]):
	0: [0.000,6.119]
	1: [0.000,6.119]
	2: [0.000,8.119]
Bounds on (push-unitarypipe s34 b3 a3 a4 b11 gasoleo gasoleo) (duration [2.000,2.000]):
	0: [0.000,6.119]
	1: [0.000,6.119]
	2: [0.000,8.119]
Bounds on (push-unitarypipe s34 b9 a3 a4 b11 gasoleo gasoleo) (duration [2.000,2.000]):
	0: [0.000,6.119]
	1: [0.000,6.119]
	2: [0.000,8.119]
Bounds on (push-unitarypipe s34 b0 a3 a4 b11 lco gasoleo) (duration [2.000,2.000]):
	0: [0.000,6.119]
	1: [0.000,6.119]
	2: [0.000,8.119]
Bounds on (push-unitarypipe s34 b7 a3 a4 b11 lco gasoleo) (duration [2.000,2.000]):
	0: [0.000,6.119]
	1: [0.000,6.119]
	2: [0.000,8.119]
Bounds on (push-unitarypipe s34 b10 a3 a4 b11 oc1b gasoleo) (duration [2.000,2.000]):
	0: [0.000,6.119]
	1: [0.000,6.119]
	2: [0.000,8.119]
Bounds on (push-unitarypipe s34 b5 a3 a4 b11 oc1b gasoleo) (duration [2.000,2.000]):
	0: [0.000,6.119]
	1: [0.000,6.119]
	2: [0.000,8.119]
Bounds on (push-unitarypipe s34 b8 a3 a4 b11 oca1 gasoleo) (duration [2.000,2.000]):
	0: [0.000,6.119]
	1: [0.000,6.119]
	2: [0.000,8.119]
Bounds on (push-unitarypipe s34 b2 a3 a4 b11 rat-a gasoleo) (duration [2.000,2.000]):
	0: [0.000,6.119]
	1: [0.000,6.119]
	2: [0.000,8.119]
Bounds on (push-unitarypipe s34 b4 a3 a4 b11 rat-a gasoleo) (duration [2.000,2.000]):
	0: [0.000,6.119]
	1: [0.000,6.119]
	2: [0.000,8.119]
Bounds on (push-unitarypipe s34 b6 a3 a4 b11 rat-a gasoleo) (duration [2.000,2.000]):
	0: [0.000,6.119]
	1: [0.000,6.119]
	2: [0.000,8.119]
Bounds on (pop-unitarypipe s34 b1 a3 a4 b11 gasoleo gasoleo) (duration [2.000,2.000]):
	0: [0.000,6.119]
	1: [0.000,6.119]
	2: [0.000,8.119]
Bounds on (pop-unitarypipe s34 b3 a3 a4 b11 gasoleo gasoleo) (duration [2.000,2.000]):
	0: [0.000,6.119]
	1: [0.000,6.119]
	2: [0.000,8.119]
Bounds on (pop-unitarypipe s34 b9 a3 a4 b11 gasoleo gasoleo) (duration [2.000,2.000]):
	0: [0.000,6.119]
	1: [0.000,6.119]
	2: [0.000,8.119]
Bounds on (pop-unitarypipe s34 b0 a3 a4 b11 lco gasoleo) (duration [2.000,2.000]):
	0: [0.000,6.119]
	1: [0.000,6.119]
	2: [0.000,8.119]
Bounds on (pop-unitarypipe s34 b7 a3 a4 b11 lco gasoleo) (duration [2.000,2.000]):
	0: [0.000,6.119]
	1: [0.000,6.119]
	2: [0.000,8.119]
Bounds on (pop-unitarypipe s34 b10 a3 a4 b11 oc1b gasoleo) (duration [2.000,2.000]):
	0: [0.000,6.119]
	1: [0.000,6.119]
	2: [0.000,8.119]
Bounds on (pop-unitarypipe s34 b5 a3 a4 b11 oc1b gasoleo) (duration [2.000,2.000]):
	0: [0.000,6.119]
	1: [0.000,6.119]
	2: [0.000,8.119]
Bounds on (pop-unitarypipe s34 b8 a3 a4 b11 oca1 gasoleo) (duration [2.000,2.000]):
	0: [0.000,6.119]
	1: [0.000,6.119]
	2: [0.000,8.119]
Bounds on (pop-unitarypipe s34 b2 a3 a4 b11 rat-a gasoleo) (duration [2.000,2.000]):
	0: [0.000,6.119]
	1: [0.000,6.119]
	2: [0.000,8.119]
Bounds on (pop-unitarypipe s34 b4 a3 a4 b11 rat-a gasoleo) (duration [2.000,2.000]):
	0: [0.000,6.119]
	1: [0.000,6.119]
	2: [0.000,8.119]
Bounds on (pop-unitarypipe s34 b6 a3 a4 b11 rat-a gasoleo) (duration [2.000,2.000]):
	0: [0.000,6.119]
	1: [0.000,6.119]
	2: [0.000,8.119]
Dominance constraints (excluding processes and events)...
Damaging events...
Dominance constraints (including processes and events)...
Variable monotonicity...
Max/min needed values for any single precondition...
Irrelevant action pruning by backward reachability from goal...
Uninterestingness criteria...
Compression-safe actions...
Compression-safe invariants...
40% of durative actions in this problem are compression safe
Goal Goal [2]
    (on b11 a1)
    (on b6 a2)

Finishing preprocessing.  Making a TRPG heuristic...
Making an open list...
Running WA* search (g weight = 1, h weight = 5)
{(deliverable b10),(deliverable b0),(deliverable b1),(deliverable b4),(deliverable b6),(deliverable b7),(deliverable b9),(deliverable b3),(deliverable b8),(deliverable b2),(deliverable b11),(deliverable b5),(normal s12),(normal s13),(normal s34),(on b10 a4),(on b1 a1),(on b6 a1),(on b3 a4),(on b8 a4),(on b2 a2),(on b11 a2),(first b5 s12),(follow b0 b5),(last b0 s12),(first b7 s13),(follow b9 b7),(last b9 s13),(first b4 s34),(last b4 s34)}
[]
Initial heuristic = 18
Initial stats: t=0.07s, 10088kb
b (14 @ n=2, t=0.07s, 10088kb)d.{EPS=549.451,ETD=14.6327}dxdx.{EPS=526.316,ETD=28.0303}dddx.{EPS=397.878,ETD=18.953}dxxxdx.{EPS=413.223,ETD=14.191}xdxxdxx.{EPS=413.223,ETD=11.3414}dxxxdx.{EPS=403.769,ETD=9.44482}xdxxdxx.{EPS=388.457,ETD=8.09169}dxxxdx.{EPS=369.344,ETD=7.07769}xdxxdxx.{EPS=347.759,ETD=6.28953}dxxxdx.{EPS=324.886,ETD=5.65932}xdxxdxx.{EPS=286.205,ETD=4.214}dxxxdx.{EPS=250.376,ETD=0.098}dxdxxxd.{EPS=256.41,ETD=1.856}xxdxxd.{EPS=256.279,ETD=1.856}xxdxxxd.{EPS=255.885,ETD=1.856}xxdxxd.{EPS=255.232,ETD=1.856}xxdxxxd.{EPS=254.065,ETD=1.856}xxdxxd.{EPS=252.398,ETD=1.856}xxdxxxd.{EPS=250.627,ETD=1.856}xxdxxd.{EPS=247.036,ETD=1.856}xxdxxxd.{EPS=244.978,ETD=1.856}xxdxxd.{EPS=241.08,ETD=1.856}xdxxdx.{EPS=213.129,ETD=1.032}xdxxxd.{EPS=180.701,ETD=1.032}xxdxxdx.{EPS=153.894,ETD=1.032}xdxxxd.{EPS=131.51,ETD=1.032}xxdxxdx.{EPS=112.816,ETD=1.032}xdxxxdd.{EPS=98.0969,ETD=15.244}dddddx.{EPS=98.3091,ETD=145.324}dddddd.{EPS=100.827,ETD=283.974}dxddd.{EPS=105.219,ETD=422.836}ddxdd.{EPS=111.657,ETD=558.218}ddxd.{EPS=120.656,ETD=701.252}dddd.{EPS=134.372,ETD=862.99}ddddx.{EPS=154.464,ETD=1018.92}dddd.{EPS=188.041,ETD=1176.35}ddd.{EPS=255.102,ETD=1341.38}ddd
;;;; Problem Unsolvable
; Nodes Generated: 6784
; Nodes Expanded:  1882
; Nodes Evaluated: 6785
; Nodes Tunneled:  616
; Nodes memoised with open actions: 11799
; Nodes memoised without open actions: 1807
; Nodes pruned by memoisation: 6822
; Time 9.39
