Parsing and Instantiating...
Warning: rounding numeric constants such as 4.03155 to an accuracy of 0.001
Done
One way facts...
Mutex groups...
Semaphore Facts...
Envelope Facts...
One-shot actions...
(bs-dispense c-bs input wp1 base_black) is 1 shot
(bs-dispense c-bs output wp1 base_black) is 1 shot
(bs-dispense c-bs input wp1 base_red) is 1 shot
(bs-dispense c-bs output wp1 base_red) is 1 shot
(bs-dispense c-bs input wp1 base_silver) is 1 shot
(bs-dispense c-bs output wp1 base_silver) is 1 shot
(bs-dispense c-bs input wp1 base_black) is 1 shot
(bs-dispense c-bs output wp1 base_black) is 1 shot
(bs-dispense c-bs input wp1 base_red) is 1 shot
(bs-dispense c-bs output wp1 base_red) is 1 shot
(bs-dispense c-bs input wp1 base_silver) is 1 shot
(bs-dispense c-bs output wp1 base_silver) is 1 shot
(prepare-ds r-1 c-ds gate-1) is 1 shot
(prepare-ds r-1 c-ds gate-2) is 1 shot
(prepare-ds r-1 c-ds gate-3) is 1 shot
(wp-get-shelf r-1 cg1 c-cs1 left) is 1 shot
(wp-get-shelf r-1 cg2 c-cs1 middle) is 1 shot
(wp-get-shelf r-1 cg3 c-cs1 right) is 1 shot
(wp-get-shelf r-1 cb1 c-cs2 left) is 1 shot
(wp-get-shelf r-1 cb2 c-cs2 middle) is 1 shot
(wp-get-shelf r-1 cb3 c-cs2 right) is 1 shot
Integral variables...
Variable bounds...
Static numeric conditions...
Duration bounds...
TIL time window analysis...
Bounding action timestamps due to time windows...
(order-delivery-window-open o1) forms a window with range [0.000,144.179]
Bounds on (fulfill-order-c0-within-tw o1 wp1 c-ds gate-2 base_black cap_black) (duration [0.010,0.010]):
	0: [0.000,144.169]
	1: [0.000,144.169]
	2: [0.010,144.179]
(can-commit-for-ontime-delivery o1) forms a window with range [0.000,7.100]
Bounds on (commit-to-ontime-delivery o1) (duration [0.010,0.010]):
	0: [0.000,7.099]
	1: [0.000,7.099]
	2: [0.010,7.109]
Bounds on (do-not-commit-to-ontime-delivery o1) (duration [0.010,0.010]):
	0: [0.000,7.099]
	1: [0.000,7.099]
	2: [0.010,7.109]
Dominance constraints (excluding processes and events)...
Damaging events...
Dominance constraints (including processes and events)...
Variable monotonicity...
Max/min needed values for any single precondition...
Irrelevant action pruning by backward reachability from goal...
Uninterestingness criteria...
Compression-safe actions...
Compression-safe invariants...
59% of durative actions in this problem are compression safe
Goal Goal [1]
    (order-fulfilled o1)

Finishing preprocessing.  Making a TRPG heuristic...
Making an open list...
Running WA* search (g weight = 1, h weight = 5)
{(order-delivery-window-open o1),(can-commit-for-ontime-delivery o1),(location-free start input),(location-free c-bs input),(location-free c-bs output),(location-free c-cs1 input),(location-free c-cs1 output),(location-free c-cs2 input),(location-free c-cs2 output),(location-free c-ds input),(location-free c-ds output),(cs-can-perform c-cs1 cs_retrieve),(cs-can-perform c-cs2 cs_retrieve),(wp-base-color wp1 base_none),(wp-cap-color wp1 cap_none),(wp-ring1-color wp1 ring_none),(wp-ring2-color wp1 ring_none),(wp-ring3-color wp1 ring_none),(wp-unused wp1),(robot-waiting r-1),(mps-state c-bs idle),(mps-state c-cs1 idle),(mps-state c-cs2 idle),(mps-state c-ds idle),(wp-cap-color cg1 cap_grey),(wp-cap-color cg2 cap_grey),(wp-cap-color cg3 cap_grey),(wp-on-shelf cg1 c-cs1 left),(wp-on-shelf cg2 c-cs1 middle),(wp-on-shelf cg3 c-cs1 right),(wp-cap-color cb1 cap_black),(wp-cap-color cb2 cap_black),(wp-cap-color cb3 cap_black),(wp-on-shelf cb1 c-cs2 left),(wp-on-shelf cb2 c-cs2 middle),(wp-on-shelf cb3 c-cs2 right)}
[]
Initial heuristic = 29
Initial stats: t=0.01s, 7180kb
b (28 @ n=2, t=0.01s, 7180kb)b (26 @ n=3, t=0.01s, 7180kb)b (25 @ n=19, t=0.02s, 7180kb)Warning: self overlapping Action 206:1 at 1
b (24 @ n=72, t=0.02s, 7316kb)xx.{EPS=1724.14,ETD=20.0408}b (23 @ n=257, t=0.05s, 7612kb)db (21 @ n=296, t=0.05s, 7696kb)xx.{EPS=1694.92,ETD=38.9899}b (20 @ n=484, t=0.08s, 8100kb)b (19 @ n=506, t=0.08s, 8100kb)db (17 @ n=570, t=0.09s, 8432kb)b (16 @ n=650, t=0.1s, 8880kb)db (15 @ n=705, t=0.11s, 9192kb)b (13 @ n=716, t=0.11s, 9304kb)d.{EPS=1339.29,ETD=26.8188}b (12 @ n=865, t=0.13s, 10620kb)b (11 @ n=896, t=0.14s, 10868kb)b (10 @ n=908, t=0.14s, 11000kb)db (9 @ n=966, t=0.15s, 11668kb)b (7 @ n=971, t=0.15s, 11668kb)b (5 @ n=991, t=0.16s, 11916kb)b (4 @ n=997, t=0.16s, 12032kb)b (3 @ n=1002, t=0.16s, 12032kb)b (1 @ n=1022, t=0.16s, 12296kb)Time diagnostics:
After step 0 search time left estimate was 0.010
After step 1 search time left estimate was 0.020
After step 2 search time left estimate was 0.030
After step 3 search time left estimate was 0.504
After step 4 search time left estimate was 0.454
After step 5 search time left estimate was 0.449
After step 6 search time left estimate was 0.423
After step 7 search time left estimate was 0.411
After step 8 search time left estimate was 0.428
After step 9 search time left estimate was 0.383
After step 10 search time left estimate was 0.380
After step 11 search time left estimate was 0.396
After step 12 search time left estimate was 0.364
After step 13 search time left estimate was 0.323
After step 14 search time left estimate was 0.358
After step 15 search time left estimate was 0.350
After step 16 search time left estimate was 0.347
After step 17 search time left estimate was 0.371
After step 18 search time left estimate was 0.369
After step 19 search time left estimate was 0.347
After step 20 search time left estimate was 0.288
After step 21 search time left estimate was 0.267
After step 22 search time left estimate was 0.261
After step 23 search time left estimate was 0.241
After step 24 search time left estimate was 0.221
After step 25 search time left estimate was 0.201
After step 26 search time left estimate was 0.182
After step 27 search time left estimate was 0.176
After step 28 search time left estimate was 0.193
After step 29 search time left estimate was 0.192
After step 30 search time left estimate was 0.173
After step 31 search time left estimate was 0.155
After step 32 search time left estimate was 0.154
After step 33 search time left estimate was 0.136
After step 34 search time left estimate was 0.118
After step 35 search time left estimate was 0.084
After step 36 search time left estimate was 0.067
After step 37 search time left estimate was 0.049
After step 38 search time left estimate was 0.065
After step 39 search time left estimate was 0.016
After step 40 search time left estimate was 0.016

;;;; Solution Found
; Time 0.16
; Peak memory 12296kb
; Nodes Generated: 1024
; Nodes Expanded:  197
; Nodes Evaluated: 1024
; Nodes Tunneled:  0
; Nodes memoised with open actions: 764
; Nodes memoised without open actions: 620
; Nodes pruned by memoisation: 360
0.168: (enter-field r-1 cyan) [10.000] ; (140)
0.168: (prepare-bs c-bs output base_black) [0.001] ; (1)
0.168: (do-not-commit-to-ontime-delivery o1) [0.010] ; (207)
0.169: (bs-dispense c-bs output wp1 base_black) [0.001] ; (14)
10.169: (move-wp-put-at-input r-1 start input c-cs2) [10.169] ; (112)
20.339: (wp-get-shelf r-1 cb1 c-cs2 left) [20.000] ; (148)
20.339: (prepare-cs r-1 c-cs2 cs_retrieve) [0.001] ; (12)
40.340: (wp-discard r-1 cb1) [0.001] ; (141)
40.341: (wp-get-shelf r-1 cb2 c-cs2 middle) [20.000] ; (150)
60.342: (wp-discard r-1 cb2) [0.001] ; (142)
60.343: (wp-get-shelf r-1 cb3 c-cs2 right) [20.000] ; (152)
80.344: (wp-put r-1 cb3 c-cs2) [10.000] ; (192)
90.345: (move-wp-get r-1 c-cs2 input c-bs output) [10.015] ; (129)
90.345: (cs-retrieve-cap c-cs2 cb3 cap_black) [0.010] ; (66)
100.361: (move-wp-put-at-input r-1 c-bs output c-cs1) [3.583] ; (107)
103.945: (prepare-cs r-1 c-cs1 cs_retrieve) [0.001] ; (11)
103.946: (move-wp-get r-1 c-cs1 input c-cs2 output) [10.012] ; (137)
113.959: (wp-get r-1 cb3 c-cs2 output) [10.000] ; (178)
113.960: (move-wp-put-at-input r-1 c-cs2 output c-ds) [9.237] ; (121)
123.960: (wp-discard r-1 cb3) [0.001] ; (143)
123.961: (move-wp-get r-1 c-ds input c-bs output) [6.228] ; (130)
130.190: (wp-get r-1 wp1 c-bs output) [10.000] ; (168)
130.191: (move-wp-put-at-input r-1 c-bs output c-cs2) [10.015] ; (113)
140.191: (prepare-bs c-bs input base_silver) [0.001] ; (4)
140.207: (prepare-cs r-1 c-cs2 cs_mount) [0.001] ; (10)
140.208: (wp-put r-1 wp1 c-cs2) [10.000] ; (196)
140.209: (move-wp-put-at-input r-1 c-cs2 input c-ds) [8.003] ; (117)
150.209: (cs-mount-cap c-cs2 wp1 cap_black) [0.010] ; (32)
150.220: (move-wp-get r-1 c-ds input c-cs2 output) [9.237] ; (138)
159.458: (wp-get r-1 wp1 c-cs2 output) [10.000] ; (182)
159.459: (move-wp-put-at-input r-1 c-cs2 output c-ds) [9.237] ; (121)
168.697: (prepare-ds r-1 c-ds gate-2) [0.001] ; (7)
169.459: (wp-put r-1 wp1 c-ds) [10.000] ; (203)
179.460: (fulfill-order-c0-ignore-tw o1 wp1 c-ds gate-2 base_black cap_black) [1000.000] ; (205)
