Parsing and Instantiating...
Done
One way facts...
Mutex groups...
Semaphore Facts...
Envelope Facts...
One-shot actions...
Integral variables...
Variable bounds...
Static numeric conditions...
Duration bounds...
TIL time window analysis...
Bounding action timestamps due to time windows...
(deliverable b0) forms a window with range [0.000,8.131]
Bounds on (push-end s12 a1 a2 b0 b1) (duration [0.500,0.500]):
	0: [0.000,7.630]
	1: [0.000,7.630]
	2: [0.000,8.130]
Bounds on (push-end s13 a1 a3 b0 b1) (duration [0.500,0.500]):
	0: [0.000,7.630]
	1: [0.000,7.630]
	2: [0.000,8.130]
Bounds on (push-end s12 a1 a2 b0 b2) (duration [0.500,0.500]):
	0: [0.000,7.630]
	1: [0.000,7.630]
	2: [0.000,8.130]
Bounds on (push-end s13 a1 a3 b0 b2) (duration [0.500,0.500]):
	0: [0.000,7.630]
	1: [0.000,7.630]
	2: [0.000,8.130]
Bounds on (push-end s12 a1 a2 b0 b3) (duration [0.500,0.500]):
	0: [0.000,7.630]
	1: [0.000,7.630]
	2: [0.000,8.130]
Bounds on (push-end s13 a1 a3 b0 b3) (duration [0.500,0.500]):
	0: [0.000,7.630]
	1: [0.000,7.630]
	2: [0.000,8.130]
Bounds on (push-end s12 a1 a2 b0 b4) (duration [0.500,0.500]):
	0: [0.000,7.630]
	1: [0.000,7.630]
	2: [0.000,8.130]
Bounds on (push-end s13 a1 a3 b0 b4) (duration [0.500,0.500]):
	0: [0.000,7.630]
	1: [0.000,7.630]
	2: [0.000,8.130]
Bounds on (push-end s12 a1 a2 b0 b5) (duration [0.500,0.500]):
	0: [0.000,7.630]
	1: [0.000,7.630]
	2: [0.000,8.130]
Bounds on (push-end s13 a1 a3 b0 b5) (duration [0.500,0.500]):
	0: [0.000,7.630]
	1: [0.000,7.630]
	2: [0.000,8.130]
Bounds on (push-end s12 a1 a2 b0 b6) (duration [0.500,0.500]):
	0: [0.000,7.630]
	1: [0.000,7.630]
	2: [0.000,8.130]
Bounds on (push-end s13 a1 a3 b0 b6) (duration [0.500,0.500]):
	0: [0.000,7.630]
	1: [0.000,7.630]
	2: [0.000,8.130]
Bounds on (push-end s12 a1 a2 b0 b7) (duration [0.500,0.500]):
	0: [0.000,7.630]
	1: [0.000,7.630]
	2: [0.000,8.130]
Bounds on (push-end s13 a1 a3 b0 b7) (duration [0.500,0.500]):
	0: [0.000,7.630]
	1: [0.000,7.630]
	2: [0.000,8.130]
Bounds on (push-end s12 a1 a2 b0 b8) (duration [0.500,0.500]):
	0: [0.000,7.630]
	1: [0.000,7.630]
	2: [0.000,8.130]
Bounds on (push-end s13 a1 a3 b0 b8) (duration [0.500,0.500]):
	0: [0.000,7.630]
	1: [0.000,7.630]
	2: [0.000,8.130]
Bounds on (push-end s12 a1 a2 b0 b9) (duration [0.500,0.500]):
	0: [0.000,7.630]
	1: [0.000,7.630]
	2: [0.000,8.130]
Bounds on (push-end s13 a1 a3 b0 b9) (duration [0.500,0.500]):
	0: [0.000,7.630]
	1: [0.000,7.630]
	2: [0.000,8.130]
Bounds on (pop-end s12 a1 a2 b0 b1) (duration [0.500,0.500]):
	0: [0.000,7.630]
	1: [0.000,7.630]
	2: [0.000,8.130]
Bounds on (pop-end s13 a1 a3 b0 b1) (duration [0.500,0.500]):
	0: [0.000,7.630]
	1: [0.000,7.630]
	2: [0.000,8.130]
Bounds on (pop-end s12 a1 a2 b0 b2) (duration [0.500,0.500]):
	0: [0.000,7.630]
	1: [0.000,7.630]
	2: [0.000,8.130]
Bounds on (pop-end s13 a1 a3 b0 b2) (duration [0.500,0.500]):
	0: [0.000,7.630]
	1: [0.000,7.630]
	2: [0.000,8.130]
Bounds on (pop-end s12 a1 a2 b0 b3) (duration [0.500,0.500]):
	0: [0.000,7.630]
	1: [0.000,7.630]
	2: [0.000,8.130]
Bounds on (pop-end s13 a1 a3 b0 b3) (duration [0.500,0.500]):
	0: [0.000,7.630]
	1: [0.000,7.630]
	2: [0.000,8.130]
Bounds on (pop-end s12 a1 a2 b0 b4) (duration [0.500,0.500]):
	0: [0.000,7.630]
	1: [0.000,7.630]
	2: [0.000,8.130]
Bounds on (pop-end s13 a1 a3 b0 b4) (duration [0.500,0.500]):
	0: [0.000,7.630]
	1: [0.000,7.630]
	2: [0.000,8.130]
Bounds on (pop-end s12 a1 a2 b0 b5) (duration [0.500,0.500]):
	0: [0.000,7.630]
	1: [0.000,7.630]
	2: [0.000,8.130]
Bounds on (pop-end s13 a1 a3 b0 b5) (duration [0.500,0.500]):
	0: [0.000,7.630]
	1: [0.000,7.630]
	2: [0.000,8.130]
Bounds on (pop-end s12 a1 a2 b0 b6) (duration [0.500,0.500]):
	0: [0.000,7.630]
	1: [0.000,7.630]
	2: [0.000,8.130]
Bounds on (pop-end s13 a1 a3 b0 b6) (duration [0.500,0.500]):
	0: [0.000,7.630]
	1: [0.000,7.630]
	2: [0.000,8.130]
Bounds on (pop-end s12 a1 a2 b0 b7) (duration [0.500,0.500]):
	0: [0.000,7.630]
	1: [0.000,7.630]
	2: [0.000,8.130]
Bounds on (pop-end s13 a1 a3 b0 b7) (duration [0.500,0.500]):
	0: [0.000,7.630]
	1: [0.000,7.630]
	2: [0.000,8.130]
Bounds on (pop-end s12 a1 a2 b0 b8) (duration [0.500,0.500]):
	0: [0.000,7.630]
	1: [0.000,7.630]
	2: [0.000,8.130]
Bounds on (pop-end s13 a1 a3 b0 b8) (duration [0.500,0.500]):
	0: [0.000,7.630]
	1: [0.000,7.630]
	2: [0.000,8.130]
Bounds on (pop-end s12 a1 a2 b0 b9) (duration [0.500,0.500]):
	0: [0.000,7.630]
	1: [0.000,7.630]
	2: [0.000,8.130]
Bounds on (pop-end s13 a1 a3 b0 b9) (duration [0.500,0.500]):
	0: [0.000,7.630]
	1: [0.000,7.630]
	2: [0.000,8.130]
(deliverable b9) forms a window with range [0.000,7.110]
Bounds on (push-end s12 a1 a2 b9 b0) (duration [0.500,0.500]):
	0: [0.000,6.609]
	1: [0.000,6.609]
	2: [0.000,7.109]
Bounds on (push-end s13 a1 a3 b9 b0) (duration [0.500,0.500]):
	0: [0.000,6.609]
	1: [0.000,6.609]
	2: [0.000,7.109]
Bounds on (push-end s12 a1 a2 b9 b1) (duration [0.500,0.500]):
	0: [0.000,6.609]
	1: [0.000,6.609]
	2: [0.000,7.109]
Bounds on (push-end s13 a1 a3 b9 b1) (duration [0.500,0.500]):
	0: [0.000,6.609]
	1: [0.000,6.609]
	2: [0.000,7.109]
Bounds on (push-end s12 a1 a2 b9 b2) (duration [0.500,0.500]):
	0: [0.000,6.609]
	1: [0.000,6.609]
	2: [0.000,7.109]
Bounds on (push-end s13 a1 a3 b9 b2) (duration [0.500,0.500]):
	0: [0.000,6.609]
	1: [0.000,6.609]
	2: [0.000,7.109]
Bounds on (push-end s12 a1 a2 b9 b3) (duration [0.500,0.500]):
	0: [0.000,6.609]
	1: [0.000,6.609]
	2: [0.000,7.109]
Bounds on (push-end s13 a1 a3 b9 b3) (duration [0.500,0.500]):
	0: [0.000,6.609]
	1: [0.000,6.609]
	2: [0.000,7.109]
Bounds on (push-end s12 a1 a2 b9 b4) (duration [0.500,0.500]):
	0: [0.000,6.609]
	1: [0.000,6.609]
	2: [0.000,7.109]
Bounds on (push-end s13 a1 a3 b9 b4) (duration [0.500,0.500]):
	0: [0.000,6.609]
	1: [0.000,6.609]
	2: [0.000,7.109]
Bounds on (push-end s12 a1 a2 b9 b5) (duration [0.500,0.500]):
	0: [0.000,6.609]
	1: [0.000,6.609]
	2: [0.000,7.109]
Bounds on (push-end s13 a1 a3 b9 b5) (duration [0.500,0.500]):
	0: [0.000,6.609]
	1: [0.000,6.609]
	2: [0.000,7.109]
Bounds on (push-end s12 a1 a2 b9 b6) (duration [0.500,0.500]):
	0: [0.000,6.609]
	1: [0.000,6.609]
	2: [0.000,7.109]
Bounds on (push-end s13 a1 a3 b9 b6) (duration [0.500,0.500]):
	0: [0.000,6.609]
	1: [0.000,6.609]
	2: [0.000,7.109]
Bounds on (push-end s12 a1 a2 b9 b7) (duration [0.500,0.500]):
	0: [0.000,6.609]
	1: [0.000,6.609]
	2: [0.000,7.109]
Bounds on (push-end s13 a1 a3 b9 b7) (duration [0.500,0.500]):
	0: [0.000,6.609]
	1: [0.000,6.609]
	2: [0.000,7.109]
Bounds on (push-end s12 a1 a2 b9 b8) (duration [0.500,0.500]):
	0: [0.000,6.609]
	1: [0.000,6.609]
	2: [0.000,7.109]
Bounds on (push-end s13 a1 a3 b9 b8) (duration [0.500,0.500]):
	0: [0.000,6.609]
	1: [0.000,6.609]
	2: [0.000,7.109]
Bounds on (pop-end s12 a1 a2 b9 b0) (duration [0.500,0.500]):
	0: [0.000,6.609]
	1: [0.000,6.609]
	2: [0.000,7.109]
Bounds on (pop-end s13 a1 a3 b9 b0) (duration [0.500,0.500]):
	0: [0.000,6.609]
	1: [0.000,6.609]
	2: [0.000,7.109]
Bounds on (pop-end s12 a1 a2 b9 b1) (duration [0.500,0.500]):
	0: [0.000,6.609]
	1: [0.000,6.609]
	2: [0.000,7.109]
Bounds on (pop-end s13 a1 a3 b9 b1) (duration [0.500,0.500]):
	0: [0.000,6.609]
	1: [0.000,6.609]
	2: [0.000,7.109]
Bounds on (pop-end s12 a1 a2 b9 b2) (duration [0.500,0.500]):
	0: [0.000,6.609]
	1: [0.000,6.609]
	2: [0.000,7.109]
Bounds on (pop-end s13 a1 a3 b9 b2) (duration [0.500,0.500]):
	0: [0.000,6.609]
	1: [0.000,6.609]
	2: [0.000,7.109]
Bounds on (pop-end s12 a1 a2 b9 b3) (duration [0.500,0.500]):
	0: [0.000,6.609]
	1: [0.000,6.609]
	2: [0.000,7.109]
Bounds on (pop-end s13 a1 a3 b9 b3) (duration [0.500,0.500]):
	0: [0.000,6.609]
	1: [0.000,6.609]
	2: [0.000,7.109]
Bounds on (pop-end s12 a1 a2 b9 b4) (duration [0.500,0.500]):
	0: [0.000,6.609]
	1: [0.000,6.609]
	2: [0.000,7.109]
Bounds on (pop-end s13 a1 a3 b9 b4) (duration [0.500,0.500]):
	0: [0.000,6.609]
	1: [0.000,6.609]
	2: [0.000,7.109]
Bounds on (pop-end s12 a1 a2 b9 b5) (duration [0.500,0.500]):
	0: [0.000,6.609]
	1: [0.000,6.609]
	2: [0.000,7.109]
Bounds on (pop-end s13 a1 a3 b9 b5) (duration [0.500,0.500]):
	0: [0.000,6.609]
	1: [0.000,6.609]
	2: [0.000,7.109]
Bounds on (pop-end s12 a1 a2 b9 b6) (duration [0.500,0.500]):
	0: [0.000,6.609]
	1: [0.000,6.609]
	2: [0.000,7.109]
Bounds on (pop-end s13 a1 a3 b9 b6) (duration [0.500,0.500]):
	0: [0.000,6.609]
	1: [0.000,6.609]
	2: [0.000,7.109]
Bounds on (pop-end s12 a1 a2 b9 b7) (duration [0.500,0.500]):
	0: [0.000,6.609]
	1: [0.000,6.609]
	2: [0.000,7.109]
Bounds on (pop-end s13 a1 a3 b9 b7) (duration [0.500,0.500]):
	0: [0.000,6.609]
	1: [0.000,6.609]
	2: [0.000,7.109]
Bounds on (pop-end s12 a1 a2 b9 b8) (duration [0.500,0.500]):
	0: [0.000,6.609]
	1: [0.000,6.609]
	2: [0.000,7.109]
Bounds on (pop-end s13 a1 a3 b9 b8) (duration [0.500,0.500]):
	0: [0.000,6.609]
	1: [0.000,6.609]
	2: [0.000,7.109]
Dominance constraints (excluding processes and events)...
Damaging events...
Dominance constraints (including processes and events)...
Variable monotonicity...
Max/min needed values for any single precondition...
Irrelevant action pruning by backward reachability from goal...
Uninterestingness criteria...
Compression-safe actions...
Compression-safe invariants...
50% of durative actions in this problem are compression safe
Goal Goal [2]
    (on b9 a3)
    (on b0 a2)

Finishing preprocessing.  Making a TRPG heuristic...
Making an open list...
Running WA* search (g weight = 1, h weight = 5)
{(deliverable b0),(deliverable b1),(deliverable b4),(deliverable b6),(deliverable b7),(deliverable b9),(deliverable b3),(deliverable b8),(deliverable b2),(deliverable b5),(normal s12),(normal s13),(on b0 a1),(on b4 a2),(on b3 a3),(on b8 a3),(on b2 a3),(on b5 a1),(first b9 s12),(follow b1 b9),(last b1 s12),(first b7 s13),(follow b6 b7),(last b6 s13)}
[]
Initial heuristic = 19
Initial stats: t=0.03s, 8388kb
b (17 @ n=48, t=0.04s, 8388kb)b (15 @ n=53, t=0.04s, 8388kb)b (14 @ n=80, t=0.05s, 8528kb)b (13 @ n=88, t=0.05s, 8528kb)b (12 @ n=98, t=0.06s, 8628kb)d.{EPS=602.41,ETD=9.69388}db (11 @ n=266, t=0.11s, 9040kb)b (10 @ n=271, t=0.11s, 9152kb)d.{EPS=641.026,ETD=24.5354}ddb (9 @ n=629, t=0.23s, 10352kb)b (8 @ n=633, t=0.23s, 10352kb).{EPS=649.351,ETD=26.2819}dxdd.{EPS=569.801,ETD=20.593}d.{EPS=574.713,ETD=18.8273}dd.{EPS=556.586,ETD=17.495}dxd.{EPS=547.731,ETD=15.5158}dd.{EPS=531.208,ETD=16.5263}dxd.{EPS=539.568,ETD=21.2071}ddx.{EPS=543.478,ETD=27.2224}dd.{EPS=549.451,ETD=34.616}dxd.{EPS=553.097,ETD=45.324}dxd.{EPS=554.939,ETD=43.592}dd.{EPS=582.072,ETD=58.34}dxd.{EPS=573.394,ETD=83.756}dd.{EPS=586.854,ETD=97.208}dd.{EPS=589.623,ETD=109.96}ddx.{EPS=613.497,ETD=117.648}b (7 @ n=4408, t=1.61s, 32136kb)db (6 @ n=4433, t=1.62s, 32244kb)d.{EPS=588.928,ETD=136.022}dd.{EPS=598.802,ETD=146.768}dxd.{EPS=585.48,ETD=161.34}dd.{EPS=585.48,ETD=154.926}dd.{EPS=578.704,ETD=186.88}dd.{EPS=586.166,ETD=206.956}xddd.{EPS=600.962,ETD=203.002}dd.{EPS=613.497,ETD=197.766}dxd.{EPS=632.911,ETD=190.658}dd.{EPS=645.161,ETD=193.22}dd.{EPS=693.481,ETD=190.112}xdd.{EPS=694.444,ETD=194.722}ddd.{EPS=719.424,ETD=189.714}dddd.{EPS=681.199,ETD=243.792}dxd.{EPS=680.272,ETD=282.342}dd.{EPS=681.199,ETD=325.716}dd.{EPS=686.813,ETD=374.288}dddd.{EPS=670.241,ETD=442.226}dd.{EPS=666.667,ETD=590.022}xdd.{EPS=658.762,ETD=720.612}dddd.{EPS=644.33,ETD=845.322}dddd.{EPS=639.386,ETD=959.602}ddd.{EPS=625,ETD=1086.29}ddxd.{EPS=645.161,ETD=1202.65}ddd.{EPS=638.57,ETD=1310.3}ddd.{EPS=625.782,ETD=1409.63}ddd.{EPS=618.812,ETD=1514.51}ddxd.{EPS=636.132,ETD=1626.95}ddd.{EPS=642.674,ETD=1672.03}ddd.{EPS=645.995,ETD=1723.39}dddd.{EPS=647.668,ETD=1759.05}ddd.{EPS=653.595,ETD=1804.36}dddd.{EPS=663.13,ETD=1843.9}dddxd.{EPS=666.667,ETD=1840.79}ddddd.{EPS=672.948,ETD=1834.74}dddd.{EPS=667.557,ETD=1847.22}dddd.{EPS=674.764,ETD=1860.46}ddddd.{EPS=654.45,ETD=1853.28}dddd.{EPS=648.508,ETD=1844.66}ddd.{EPS=661.376,ETD=1820.47}dddd.{EPS=672.948,ETD=1880.55}dxdd.{EPS=682.128,ETD=1948.15}d~~~~~~~~~~~~~~~~~~~~~~~~~~~~~~~~d~~~~~~~~~~~~~~~~~~~~~~~~~~~~~~~~~~~~~~~~~~~~~~~~~~~~~~~~~~~~~~~~~~~~~~~~~~~~~~~~~~~~~~~~~~~~~~~~~~~~~~~~~~~~~~~~~~~~~~~~~~~~~~~d~~~~~~~~~~~~~~~~~~~~~~~~~~~~~~~~~~~~~~~~~~~~~~~~~~~~~~~~~~~~~~~~~~~~~~~~.{EPS=698.324,ETD=1991.01}~~~~~~~~~~~~d~~~dd~~~d.{EPS=722.543,ETD=2066.62}dtd.{EPS=781.25,ETD=2122.55}dd~~~~~d.{EPS=838.926,ETD=2167.77}dxdd.{EPS=853.242,ETD=2127.17}xddd.{EPS=912.409,ETD=2103.55}dxd~~~~~~~~~~~d~~.{EPS=929.368,ETD=2082.37}~~~dd~~~~~~~~~~~~~~~~~~~~~~~~~~~~~~~~~~~~~~~~~~~~~~~~~~~~~~~~~~~~~~~~~~~~~~~~~~~~~~~~~~~~~~~~~~~~~~~~~~~~~~~~~~~~~~~~~dt.{EPS=932.836,ETD=2081.55}ddddd.{EPS=886.525,ETD=2023.89}dddd.{EPS=889.68,ETD=1987.21}dtxd.{EPS=932.836,ETD=2004.13}dtd.{EPS=972.763,ETD=2007.32}dtd.{EPS=959.693,ETD=2041.44}dddt.{EPS=959.693,ETD=2078.19}d~dt.{EPS=1016.26,ETD=2209.13}dd
;;;; Problem Unsolvable
; Nodes Generated: 14873
; Nodes Expanded:  3787
; Nodes Evaluated: 14496
; Nodes Tunneled:  0
; Nodes memoised with open actions: 10967
; Nodes memoised without open actions: 7992
; Nodes pruned by memoisation: 4086
; Time 5.55
