Parsing and Instantiating...
Warning: rounding numeric constants such as 3.87864 to an accuracy of 0.001
Done
One way facts...
Mutex groups...
Semaphore Facts...
Envelope Facts...
One-shot actions...
(bs-dispense c-bs input wp1 base_black) is 1 shot
(bs-dispense c-bs output wp1 base_black) is 1 shot
(bs-dispense c-bs input wp1 base_red) is 1 shot
(bs-dispense c-bs output wp1 base_red) is 1 shot
(bs-dispense c-bs input wp1 base_silver) is 1 shot
(bs-dispense c-bs output wp1 base_silver) is 1 shot
(bs-dispense c-bs input wp1 base_black) is 1 shot
(bs-dispense c-bs output wp1 base_black) is 1 shot
(bs-dispense c-bs input wp1 base_red) is 1 shot
(bs-dispense c-bs output wp1 base_red) is 1 shot
(bs-dispense c-bs input wp1 base_silver) is 1 shot
(bs-dispense c-bs output wp1 base_silver) is 1 shot
(prepare-ds r-1 c-ds gate-1) is 1 shot
(prepare-ds r-2 c-ds gate-1) is 1 shot
(prepare-ds r-1 c-ds gate-2) is 1 shot
(prepare-ds r-2 c-ds gate-2) is 1 shot
(prepare-ds r-1 c-ds gate-3) is 1 shot
(prepare-ds r-2 c-ds gate-3) is 1 shot
(wp-get-shelf r-1 cg1 c-cs1 left) is 1 shot
(wp-get-shelf r-2 cg1 c-cs1 left) is 1 shot
(wp-get-shelf r-1 cg2 c-cs1 middle) is 1 shot
(wp-get-shelf r-2 cg2 c-cs1 middle) is 1 shot
(wp-get-shelf r-1 cg3 c-cs1 right) is 1 shot
(wp-get-shelf r-2 cg3 c-cs1 right) is 1 shot
(wp-get-shelf r-1 cb1 c-cs2 left) is 1 shot
(wp-get-shelf r-2 cb1 c-cs2 left) is 1 shot
(wp-get-shelf r-1 cb2 c-cs2 middle) is 1 shot
(wp-get-shelf r-2 cb2 c-cs2 middle) is 1 shot
(wp-get-shelf r-1 cb3 c-cs2 right) is 1 shot
(wp-get-shelf r-2 cb3 c-cs2 right) is 1 shot
Integral variables...
Variable bounds...
Static numeric conditions...
Duration bounds...
TIL time window analysis...
Bounding action timestamps due to time windows...
(order-delivery-window-open o1) forms a window with range [0.000,150.000]
Bounds on (fulfill-order-c0-within-tw o1 wp1 c-ds gate-3 base_black cap_grey) (duration [0.010,0.010]):
	0: [0.000,149.990]
	1: [0.000,149.990]
	2: [0.010,150.000]
(can-commit-for-ontime-delivery o1) forms a window with range [0.000,15.000]
Bounds on (commit-to-ontime-delivery o1) (duration [0.010,0.010]):
	0: [0.000,14.999]
	1: [0.000,14.999]
	2: [0.010,15.009]
Bounds on (do-not-commit-to-ontime-delivery o1) (duration [0.010,0.010]):
	0: [0.000,14.999]
	1: [0.000,14.999]
	2: [0.010,15.009]
Dominance constraints (excluding processes and events)...
Damaging events...
Dominance constraints (including processes and events)...
Variable monotonicity...
Max/min needed values for any single precondition...
Irrelevant action pruning by backward reachability from goal...
Uninterestingness criteria...
Compression-safe actions...
Compression-safe invariants...
62% of durative actions in this problem are compression safe
Goal Goal [1]
    (order-fulfilled o1)

Finishing preprocessing.  Making a TRPG heuristic...
Making an open list...
Running WA* search (g weight = 1, h weight = 5)
{(order-delivery-window-open o1),(can-commit-for-ontime-delivery o1),(location-free start input),(location-free c-bs input),(location-free c-bs output),(location-free c-cs1 input),(location-free c-cs1 output),(location-free c-cs2 input),(location-free c-cs2 output),(location-free c-ds input),(location-free c-ds output),(cs-can-perform c-cs1 cs_retrieve),(cs-can-perform c-cs2 cs_retrieve),(wp-base-color wp1 base_none),(wp-cap-color wp1 cap_none),(wp-ring1-color wp1 ring_none),(wp-ring2-color wp1 ring_none),(wp-ring3-color wp1 ring_none),(wp-unused wp1),(robot-waiting r-1),(robot-waiting r-2),(mps-state c-bs idle),(mps-state c-cs1 idle),(mps-state c-cs2 idle),(mps-state c-ds idle),(wp-cap-color cg1 cap_grey),(wp-cap-color cg2 cap_grey),(wp-cap-color cg3 cap_grey),(wp-on-shelf cg1 c-cs1 left),(wp-on-shelf cg2 c-cs1 middle),(wp-on-shelf cg3 c-cs1 right),(wp-cap-color cb1 cap_black),(wp-cap-color cb2 cap_black),(wp-cap-color cb3 cap_black),(wp-on-shelf cb1 c-cs2 left),(wp-on-shelf cb2 c-cs2 middle),(wp-on-shelf cb3 c-cs2 right)}
[]
Initial heuristic = 29
Initial stats: t=0.02s, 7568kb
b (26 @ n=3, t=0.02s, 7568kb)b (25 @ n=21, t=0.02s, 7708kb)Warning: self overlapping Action 320:1 at 1
b (24 @ n=120, t=0.04s, 7812kb)xd.{EPS=1111.11,ETD=20.8163}xxxb (23 @ n=357, t=0.08s, 8232kb).{EPS=1176.47,ETD=39.1919}db (22 @ n=518, t=0.11s, 8632kb)b (21 @ n=563, t=0.12s, 8784kb)b (18 @ n=575, t=0.12s, 8892kb)b (17 @ n=588, t=0.12s, 8920kb)b (16 @ n=593, t=0.12s, 8920kb)b (15 @ n=609, t=0.13s, 9004kb)b (13 @ n=656, t=0.14s, 9336kb)db (11 @ n=754, t=0.16s, 9988kb)d.{EPS=920.245,ETD=26.5973}xdx.{EPS=909.091,ETD=25.9598}ddxx.{EPS=883.392,ETD=23.0683}ddd.{EPS=826.446,ETD=21.1003}dddd.{EPS=779.51,ETD=18.5673}dd.{EPS=772.201,ETD=17.6967}ddd.{EPS=782.609,ETD=16.8196}dxd.{EPS=789.889,ETD=16.0621}xx.{EPS=796.178,ETD=15.042}dxx.{EPS=794.913,ETD=10.368}xxx.{EPS=843.17,ETD=11.252}dxx.{EPS=863.558,ETD=9.892}xx.{EPS=889.68,ETD=9.786}xdxx.{EPS=945.18,ETD=9.702}xx.{EPS=1014.2,ETD=10.41}dxxx.{EPS=1050.42,ETD=10.3}xx.{EPS=1052.63,ETD=10.37}dxx.{EPS=1059.32,ETD=10.496}xxx.{EPS=1033.06,ETD=10.496}dxx.{EPS=1010.1,ETD=10.502}xx.{EPS=978.474,ETD=10.504}xdxx.{EPS=950.57,ETD=10.504}xx.{EPS=922.509,ETD=10.504}dxxx.{EPS=894.454,ETD=10.504}xx.{EPS=866.551,ETD=10.504}dxx.{EPS=838.926,ETD=10.498}xxx.{EPS=810.373,ETD=10.496}dxx.{EPS=781.25,ETD=10.496}xx.{EPS=740.741,ETD=10.496}xdxx.{EPS=705.219,ETD=10.496}xx.{EPS=669.344,ETD=10.496}dxxx.{EPS=637.755,ETD=10.502}xx.{EPS=604.595,ETD=10.504}dxx.{EPS=574.713,ETD=10.504}xxx.{EPS=546.448,ETD=10.504}dxx.{EPS=520.833,ETD=10.504}xx.{EPS=497.018,ETD=10.504}xdxx.{EPS=473.934,ETD=10.498}xx.{EPS=454.133,ETD=10.496}dxxx.{EPS=434.405,ETD=10.496}xx.{EPS=415.282,ETD=10.496}dxx.{EPS=398.089,ETD=10.496}xxx.{EPS=381.098,ETD=10.496}dxx.{EPS=366.569,ETD=10.502}xx.{EPS=350.385,ETD=10.504}xdxx.{EPS=336.247,ETD=10.504}xx.{EPS=323.206,ETD=10.504}dxxx.{EPS=310.752,ETD=10.504}xx.{EPS=298.507,ETD=10.504}dxx.{EPS=287.026,ETD=10.498}xxx.{EPS=277.008,ETD=10.496}dxx.{EPS=267.094,ETD=10.496}xx.{EPS=257.069,ETD=10.496}xdxx.{EPS=248.262,ETD=10.496}xx.{EPS=239.578,ETD=10.496}dxxx.{EPS=232.019,ETD=10.502}xx.{EPS=223.015,ETD=10.504}dxx.{EPS=215.796,ETD=10.504}xxx.{EPS=208.943,ETD=10.504}dxx.{EPS=202.347,ETD=10.504}xx.{EPS=196.002,ETD=10.504}xdxx.{EPS=189.681,ETD=10.498}xx.{EPS=184.298,ETD=10.496}dxxx.{EPS=178.699,ETD=10.496}xx.{EPS=173.01,ETD=10.496}dxx.{EPS=168.067,ETD=10.496}xxx.{EPS=163.292,ETD=10.496}dxx.{EPS=158.932,ETD=10.502}xx.{EPS=153.799,ETD=10.504}xdxx.{EPS=149.477,ETD=10.504}xx.{EPS=145.18,ETD=10.504}dxxx.{EPS=140.924,ETD=10.504}xx.{EPS=136.949,ETD=10.504}dxx.{EPS=132.908,ETD=10.498}xxx.{EPS=129.534,ETD=10.496}dxx.{EPS=125.913,ETD=10.496}xx.{EPS=122.16,ETD=10.496}xdx.{EPS=113.636,ETD=10.162}xd~~~~~~~~~~~~~~~~~~~~~~~~~~~~~~~~~~~~~~~~~~~~~~~~~~~~~~~~~~~~~~~~~~~~~~~~~~~~~~~~~~~~~~~~~~~~~~~~~~~~~~~~~~~~~~~~~~~~~~~~~~~~~~~~~~~~~~~~~~~~~~~~~~~~~~~~~~~~~~~~~~~~~~~~~~~~~~~~~~~~~~~~~~~~~~~~~~~~~~~~~~~~~~~~~~~~~~~~~~~~~~~~~~~~~~~~~~~~~~~~~~~~~~~~~~~~~~~~~~~~~~~~~~~~~~~~~~~~~~~~~~~~~~~~~~~~~~~~~~~~~~~~~~~~~~~~~~~~~~~~~~~~~~~~~~~~~~~~~~~~~~~~~~~~~~~~~~~~~~~~~~~~~~~~~~~~~~~~~~~~~~~~~~~~~~~~~~~~~~~~~~~~~~~~~~~~~~~~~~~~~~~~~~~~~~~~~~~~~~~~~~~~~~~~~~~~~~~~~~~~~~~~~~~~~~~~~~~~~~~~~~~~~~~~~~~~~~~~~~~~~~~~~~~~~~~~~~~~~~~~~~~~~~~~~~~~~~~~~~~~~~~~~~~~~~~~~~~~~~~~~~~~~~~~~~~~~~~~~~~~~~~~~~~~~~~~~~~~~~~~~~~~~~~~~~~~~~~~~~~~~~~~~~~~~~~~~~~~~~~~~~~~~~~~~~~~~~~~~~~~~~~~~~~~~~~~~~~~~~~~~~~~~~~~~~~~~~~~~~~~~~~~~~~~~~~~~~~~~~~~~~~~~~~~~~~~~~~~~~~~~~~~~~~~~~~~~~~~~~~~~~~~~~~~~~~~~~~~~~~~~~~~~~~~~~~~~~~~~~~~~~~~~~~~~~~~~~~~~~~~~~~~~~~~~~~~~~~~~~~~~~~~~~~~~~~~~~~~~~~~~~~~~~~~~~~~~~~~~~~~~~~~~~~~~~~~~~~~~~~~~~~~~~~~~~~~~~~~~~~~~~~~~~~~~~~~~~~~~~~~~~~~~~~~~~~~~~~~~~~~~~~~~~~~~~~~~~~~~~~~~~~~~~~~~~~~~~~~~~~~~~~~~~~~~~~~~~~~~~~~~~~~~~~~~~~~~~~~~~~~~~~~~~~~~~~~~~~~~~~~~~~~~~~~~~~~~~~~~~~~~~~~~~~~~~~~~~~~~~~~~~~~~~~~~~~~~~~~~~~~~~~~~~~~~~~~~~~~~~~~~~~~~~~~~~~~~~~~~~~~~~~~~~~~~~~~~~~~~~~~~~~~~~~~~~~~~~~~~~~~~~~~~~~~~~~~~~~~~~~~~~~~~~~~~~~~~~~~~~~~~~~~~~~~~~~~~~~~~~~~~~~~~~~~~~~~~~~~~~~~~~~~~~~~~~~~~~~~~~~~~~~~~~~~~~~~~~~~~~~~~~~~~~~~~~~~~~~~~~~~~~~~~~~~~~~~~~~~~~~~~~~~~~~~~~~~~~~~~~~~~~~~~~~~~~~~~~~~~~~~~~~~~~~~~~~~~~~~~~~~~~~~~~~~~~~~~~~~~~~~~~~~~~~~~~~~~~~~~~~~~~~~~~~~~~~~~~~~~~~~~~~~~~~~~~~~~~~~~~~~~~~~~~~~~~~~~~~~~~~~~~~~~~~~~~~~~~~~~~~~~~~~~~~~~~~~~~~~~~~~~~~~~~~~~~~~~~~~~~~~~~~~~~~~~~~~~~~~~~~~~~~~~~~~~~~~~~~~~~~~~~~~~~~~~~~~~~~~~~~~~~~~~~~~~~~~~~~~~~~~~~~~~~~~~~~~~~~~~~~~~~~~~~~~~~~~~~~~~~~~~~~~~~~~~~~~~~~~~~~~~~~~~~~~~~~~~~~~~~~~~~~~~~~~~~~~~~~~~~~~~~~~~~~~~~~~~~~~~~~~~~~~~~~~~~~~~~~~~~~~~~~~~~~~~~~~~~~~~~~~~~~~~~~~~~~~~~~~~~~~~~~~~~~~~~~~~~~~~~~~~~~~~~~~~~~~~~~~~~~~~~~~~~~~~~~~~~~~~~~~~~~~~~~~~~~~~~~~~~~~~~~~~~~~~~~~~~~~~~~~~~~~~~~~~~~~~~~~~~~~~~~~~~~~~~~~~~~~~~~~~~~~~~~~~~~~~~~~~~~~~~~~~~~~~~~~~~~~~~~~~~~~~~~~~~~~~~~~~~~~~~~~~~~~ddx.{EPS=104.888,ETD=137.664}dddd.{EPS=112.918,ETD=536.546}ddddd.{EPS=122.429,ETD=937.928}xddddd.{EPS=133.583,ETD=1343.42}ddddd.{EPS=147.667,ETD=1746.95}ddddd.{EPS=165.618,ETD=2145.47}d
;;;; Problem Unsolvable
; Nodes Generated: 10576
; Nodes Expanded:  4312
; Nodes Evaluated: 10574
; Nodes Tunneled:  287
; Nodes memoised with open actions: 16889
; Nodes memoised without open actions: 7103
; Nodes pruned by memoisation: 13416
; Time 15.30
