Parsing and Instantiating...
Warning: rounding numeric constants such as 5.49758 to an accuracy of 0.001
Done
One way facts...
Mutex groups...
Semaphore Facts...
Envelope Facts...
One-shot actions...
(bs-dispense c-bs input wp1 base_black) is 1 shot
(bs-dispense c-bs output wp1 base_black) is 1 shot
(bs-dispense c-bs input wp1 base_red) is 1 shot
(bs-dispense c-bs output wp1 base_red) is 1 shot
(bs-dispense c-bs input wp1 base_silver) is 1 shot
(bs-dispense c-bs output wp1 base_silver) is 1 shot
(bs-dispense c-bs input wp1 base_black) is 1 shot
(bs-dispense c-bs output wp1 base_black) is 1 shot
(bs-dispense c-bs input wp1 base_red) is 1 shot
(bs-dispense c-bs output wp1 base_red) is 1 shot
(bs-dispense c-bs input wp1 base_silver) is 1 shot
(bs-dispense c-bs output wp1 base_silver) is 1 shot
(prepare-ds r-1 c-ds gate-1) is 1 shot
(prepare-ds r-2 c-ds gate-1) is 1 shot
(prepare-ds r-1 c-ds gate-2) is 1 shot
(prepare-ds r-2 c-ds gate-2) is 1 shot
(prepare-ds r-1 c-ds gate-3) is 1 shot
(prepare-ds r-2 c-ds gate-3) is 1 shot
(wp-get-shelf r-1 cg1 c-cs1 left) is 1 shot
(wp-get-shelf r-2 cg1 c-cs1 left) is 1 shot
(wp-get-shelf r-1 cg2 c-cs1 middle) is 1 shot
(wp-get-shelf r-2 cg2 c-cs1 middle) is 1 shot
(wp-get-shelf r-1 cg3 c-cs1 right) is 1 shot
(wp-get-shelf r-2 cg3 c-cs1 right) is 1 shot
(wp-get-shelf r-1 cb1 c-cs2 left) is 1 shot
(wp-get-shelf r-2 cb1 c-cs2 left) is 1 shot
(wp-get-shelf r-1 cb2 c-cs2 middle) is 1 shot
(wp-get-shelf r-2 cb2 c-cs2 middle) is 1 shot
(wp-get-shelf r-1 cb3 c-cs2 right) is 1 shot
(wp-get-shelf r-2 cb3 c-cs2 right) is 1 shot
Integral variables...
Variable bounds...
Static numeric conditions...
Duration bounds...
TIL time window analysis...
Bounding action timestamps due to time windows...
(order-delivery-window-open o1) forms a window with range [0.000,128.528]
Bounds on (fulfill-order-c0-within-tw o1 wp1 c-ds gate-1 base_red cap_black) (duration [0.010,0.010]):
	0: [0.000,128.518]
	1: [0.000,128.518]
	2: [0.010,128.528]
(can-commit-for-ontime-delivery o1) forms a window with range [0.000,6.460]
Bounds on (commit-to-ontime-delivery o1) (duration [0.010,0.010]):
	0: [0.000,6.459]
	1: [0.000,6.459]
	2: [0.010,6.469]
Bounds on (do-not-commit-to-ontime-delivery o1) (duration [0.010,0.010]):
	0: [0.000,6.459]
	1: [0.000,6.459]
	2: [0.010,6.469]
Dominance constraints (excluding processes and events)...
Damaging events...
Dominance constraints (including processes and events)...
Variable monotonicity...
Max/min needed values for any single precondition...
Irrelevant action pruning by backward reachability from goal...
Uninterestingness criteria...
Compression-safe actions...
Compression-safe invariants...
62% of durative actions in this problem are compression safe
Goal Goal [1]
    (order-fulfilled o1)

Finishing preprocessing.  Making a TRPG heuristic...
Making an open list...
Running WA* search (g weight = 1, h weight = 5)
{(order-delivery-window-open o1),(can-commit-for-ontime-delivery o1),(location-free start input),(location-free c-bs input),(location-free c-bs output),(location-free c-cs1 input),(location-free c-cs1 output),(location-free c-cs2 input),(location-free c-cs2 output),(location-free c-ds input),(location-free c-ds output),(cs-can-perform c-cs1 cs_retrieve),(cs-can-perform c-cs2 cs_retrieve),(wp-base-color wp1 base_none),(wp-cap-color wp1 cap_none),(wp-ring1-color wp1 ring_none),(wp-ring2-color wp1 ring_none),(wp-ring3-color wp1 ring_none),(wp-unused wp1),(robot-waiting r-1),(robot-waiting r-2),(mps-state c-bs idle),(mps-state c-cs1 idle),(mps-state c-cs2 idle),(mps-state c-ds idle),(wp-cap-color cg1 cap_grey),(wp-cap-color cg2 cap_grey),(wp-cap-color cg3 cap_grey),(wp-on-shelf cg1 c-cs1 left),(wp-on-shelf cg2 c-cs1 middle),(wp-on-shelf cg3 c-cs1 right),(wp-cap-color cb1 cap_black),(wp-cap-color cb2 cap_black),(wp-cap-color cb3 cap_black),(wp-on-shelf cb1 c-cs2 left),(wp-on-shelf cb2 c-cs2 middle),(wp-on-shelf cb3 c-cs2 right)}
[]
Initial heuristic = 30
Initial stats: t=0.02s, 7568kb
b (29 @ n=2, t=0.02s, 7568kb)b (28 @ n=3, t=0.02s, 7568kb)b (27 @ n=4, t=0.02s, 7568kb)b (25 @ n=5, t=0.02s, 7568kb)b (24 @ n=35, t=0.02s, 7712kb)Warning: self overlapping Action 320:1 at 1
b (23 @ n=118, t=0.04s, 7884kb)xd.{EPS=1136.36,ETD=20.7347}xxxb (22 @ n=400, t=0.09s, 8300kb)d.{EPS=1190.48,ETD=38.7879}b (21 @ n=514, t=0.11s, 8612kb)b (20 @ n=564, t=0.12s, 8804kb)b (17 @ n=566, t=0.12s, 8804kb)b (16 @ n=576, t=0.12s, 8804kb)b (15 @ n=588, t=0.12s, 8892kb)b (14 @ n=595, t=0.12s, 8892kb)b (13 @ n=612, t=0.13s, 9088kb)dd.{EPS=828.729,ETD=26.1812}dddb (11 @ n=1183, t=0.27s, 13856kb)b (10 @ n=1190, t=0.27s, 13856kb)b (9 @ n=1195, t=0.28s, 13856kb)b (7 @ n=1218, t=0.28s, 14100kb).{EPS=743.494,ETD=20.7337}dxx.{EPS=833.333,ETD=18.1606}xx.{EPS=917.431,ETD=16.2776}xxx.{EPS=985.915,ETD=14.9857}xx.{EPS=1041.67,ETD=14.5238}xdx.{EPS=1063.83,ETD=14.1269}xdx.{EPS=1106.19,ETD=13.507}xx.{EPS=1138.95,ETD=12.266}xxx.{EPS=1162.79,ETD=7.626}xx.{EPS=1388.89,ETD=8.434}xd.{EPS=1543.21,ETD=8.858}xdd.{EPS=1408.45,ETD=8.556}dd.{EPS=1262.63,ETD=8.356}dd.{EPS=1106.19,ETD=8.202}dd.{EPS=982.318,ETD=9.85}dd.{EPS=905.797,ETD=11.302}dxd.{EPS=814.332,ETD=11.892}dd.{EPS=740.741,ETD=13.594}ddd.{EPS=683.995,ETD=15.654}dd.{EPS=628.141,ETD=17.064}dd.{EPS=598.086,ETD=22.106}dd.{EPS=576.037,ETD=24.882}dd.{EPS=557.414,ETD=31.95}dxd.{EPS=550.661,ETD=39.106}dd.{EPS=545.256,ETD=43.618}d.{EPS=534.759,ETD=48.372}ddd.{EPS=525.21,ETD=50.958}dd.{EPS=521.376,ETD=50.144}dd.{EPS=513.347,ETD=51.926}ddd.{EPS=505.051,ETD=54.256}dd.{EPS=496.032,ETD=52.876}xdd.{EPS=490.677,ETD=52.97}dd.{EPS=487.805,ETD=55.202}dd.{EPS=482.625,ETD=60.256}dd.{EPS=478.469,ETD=65.566}dd.{EPS=476.644,ETD=69.214}dd.{EPS=478.469,ETD=75.83}dd.{EPS=473.037,ETD=84.68}dd.{EPS=464.684,ETD=85.064}ddd.{EPS=457.457,ETD=86.338}dd.{EPS=453.721,ETD=91.02}dd.{EPS=442.478,ETD=95.46}dd.{EPS=440.529,ETD=93.484}ddd.{EPS=433.276,ETD=86.832}dd.{EPS=427.35,ETD=83.722}dd.{EPS=422.297,ETD=82.778}dd.{EPS=416.667,ETD=81.282}ddx.{EPS=415.628,ETD=80.194}dd.{EPS=415.628,ETD=84.98}dd.{EPS=416.667,ETD=87.024}dd.{EPS=414.938,ETD=86.448}dd.{EPS=416.667,ETD=83.208}dd.{EPS=410.509,ETD=82.44}dx.{EPS=413.223,ETD=146.536}xx.{EPS=440.141,ETD=316.894}xx.{EPS=469.043,ETD=461.12}xx.{EPS=507.099,ETD=579.748}xx.{EPS=543.478,ETD=671.376}xx.{EPS=591.017,ETD=741.838}xx.{EPS=652.742,ETD=793.38}dx.{EPS=693.481,ETD=958.426}d.{EPS=720.461,ETD=1159.85}dd.{EPS=741.84,ETD=1325.95}dx.{EPS=755.287,ETD=1397.02}d.{EPS=686.813,ETD=1326.91}dd.{EPS=632.111,ETD=1339.14}d.{EPS=570.125,ETD=1363.63}xd.{EPS=542.299,ETD=1527.14}d.{EPS=514.933,ETD=1653.24}d.{EPS=473.485,ETD=1857.38}~~~~d~~~~~~~~~~~~~~~~~~~~~~~~~~~~~~~~~~~~d~~~~~~~~~~~~~~~~~~~~~~~~~~~~~~~~~~~~~~~~~~~~~~~~~~~~~~~~~~~~~~~~~~~~~~~~~~~~~~~~~~~~~~~~~~~~~~~~~~~~~~~~~~~~~~~~~~~~~~~~~~~~~~~~~~~~~~~~~~~~~~~~~~~~~~~~~~~~~~~~~~~~~~~~~~~~~~~~~~~~~~~~~~~~~~~~~~~~~~~~~~~~~~~~~~~~~~~~~~~~~~~~~~~~~~~d~~dd~~d.{EPS=472.59,ETD=2034.6}~~d~~dddx.{EPS=490.677,ETD=2186.94}d~~~~~~~~~~d~~~~~~d~~~~d~~~~~~~~~~~~d.{EPS=517.063,ETD=2382.15}d~~~~~~~~~~~~~~~~dd~~~~~~~~~~~~~~~~~~~~~~~~~~~~~d~~~~~~~~~~~~~~~~~~~~~~~~~~~~~~~~~d~~~~~~~~~~~~~~~~~~~~~~~~~~~~~~~~.{EPS=551.876,ETD=2615.36}d~~~~~~~~~~~~~~~~~~~~~~~~~~~~~~~~~~~~~~~~~~~~~~~~~~~~~~~~~~~~~~~~~~~~~~~~~~~~~~~~~~~~~~~~~~~~~~~~~~~~~~~~~~~~~~~~~~~~~~~~~~~~~~~~~~~~~~~~~~~~~~~~~~~~~~~~~~~~~~~~~~~~~~~~~~~~~~~~~~~~~~~~~~~~~~~~~~~~~~~~~~~~~~~~~~~~~~~~~~~~~~~~~~~~~~~~~~~~~~~~~~~~~~~~~~~~~~~~~~~~~~~~~~~~~~~~~~~~~~~~~~~~~~~~~~~~~~~~~~~~~~~~~~~~~~~~~~~~~~~~~~~~~~~~~~~~~~~~~~~~~~~~~~~~~~~~~~~~~~~~~~~~~~~~~~~~~~~~~~~~~~~~~~~~~~~~~~~~~~~~~~~~~~~~~~~~~~~~~~~~~~~~~~~~~~~~~~~~~~~~~~~~~~~~~~~~~~~~~~~~~~~~~~~~~~~~~~~~~~~~~~~~~~~~~~~~~~~~~~~~~~~~~~~~~~~~~~~~~~~~~~~~~~~~~~~~~~~~~~~~~~~~~~~~~~~~~~~~~~~~~~~~~~~~~~~~~~~~~~~~~~~~~~~~~~~~~~~~~~~~~~~~~~~~~~~~~~~~~~~~~~~~~~~~~~~~~~~~~~~~~~~~~~~~~~~~~~~~~~~~~~~~~~~~~~~~~~~~~~~~~~~~~~~~~~~~~~~~~~~~~~~~~~~~~~~~~~~~~~~~~~~~~~~~~~~~~~~~~~~~~~~~~~~~~~~~~~~~~~~~~~~~~~~~~~~~~~~~~~~~~~~~~~~~~~~~~~~~~~~~~~~~~~~~~~~~~~~~~~~~~~~~~~~~~~~~~~~~~~~~~~~~~~~~~~~~~~~~~~~~~~~~~~~~~~~~~~~~~~~~~~~~~~~~~~~~~~~~~~~~~~~~~~~~~~~~~~~~~~~~~~~~~~~~~~~~~~~~~~~~~~~~~~~~~~~~~~~~~~~~~~~~~~~~~~~~~~~~~~~~~~~~~~~~~~~~~~~~~~~~~~~~~~~~~~~~~~~~~~~~~~~~~~~~~~~~~d~~~~~~~~~~~~~~~~~~~~~~~~~~~~~~~~~~~~~~~~~~~~~~~~~~~~~~~~~~~~~~~~~~~~~~~~~~~~~~~~~~~~~~~~~~~~~~~~~~~~~~~~~~~~~~~~~~~~~~~~~~~~~~~~~~~~~~~~~~~~~~~~~~~~~~~d~~~~~~~~~~~~~~~~~~~~~~~~~~~~~~~~~~~~~~~~~~~~~~~~~~~~~~~~~~~~~~~~~~~~~~~~~~~~~~~~~~~~~~~~~~~~~~~~~~~~~~~~~d
;;;; Problem Unsolvable
; Nodes Generated: 12413
; Nodes Expanded:  3899
; Nodes Evaluated: 12412
; Nodes Tunneled:  253
; Nodes memoised with open actions: 6116
; Nodes memoised without open actions: 13546
; Nodes pruned by memoisation: 7249
; Time 6.75
