Parsing and Instantiating...
Warning: rounding numeric constants such as 4.03155 to an accuracy of 0.001
Done
One way facts...
Mutex groups...
Semaphore Facts...
Envelope Facts...
One-shot actions...
(bs-dispense c-bs input wp1 base_black) is 1 shot
(bs-dispense c-bs output wp1 base_black) is 1 shot
(bs-dispense c-bs input wp1 base_red) is 1 shot
(bs-dispense c-bs output wp1 base_red) is 1 shot
(bs-dispense c-bs input wp1 base_silver) is 1 shot
(bs-dispense c-bs output wp1 base_silver) is 1 shot
(bs-dispense c-bs input wp1 base_black) is 1 shot
(bs-dispense c-bs output wp1 base_black) is 1 shot
(bs-dispense c-bs input wp1 base_red) is 1 shot
(bs-dispense c-bs output wp1 base_red) is 1 shot
(bs-dispense c-bs input wp1 base_silver) is 1 shot
(bs-dispense c-bs output wp1 base_silver) is 1 shot
(prepare-ds r-1 c-ds gate-1) is 1 shot
(prepare-ds r-2 c-ds gate-1) is 1 shot
(prepare-ds r-1 c-ds gate-2) is 1 shot
(prepare-ds r-2 c-ds gate-2) is 1 shot
(prepare-ds r-1 c-ds gate-3) is 1 shot
(prepare-ds r-2 c-ds gate-3) is 1 shot
(wp-get-shelf r-1 cg1 c-cs1 left) is 1 shot
(wp-get-shelf r-2 cg1 c-cs1 left) is 1 shot
(wp-get-shelf r-1 cg2 c-cs1 middle) is 1 shot
(wp-get-shelf r-2 cg2 c-cs1 middle) is 1 shot
(wp-get-shelf r-1 cg3 c-cs1 right) is 1 shot
(wp-get-shelf r-2 cg3 c-cs1 right) is 1 shot
(wp-get-shelf r-1 cb1 c-cs2 left) is 1 shot
(wp-get-shelf r-2 cb1 c-cs2 left) is 1 shot
(wp-get-shelf r-1 cb2 c-cs2 middle) is 1 shot
(wp-get-shelf r-2 cb2 c-cs2 middle) is 1 shot
(wp-get-shelf r-1 cb3 c-cs2 right) is 1 shot
(wp-get-shelf r-2 cb3 c-cs2 right) is 1 shot
Integral variables...
Variable bounds...
Static numeric conditions...
Duration bounds...
TIL time window analysis...
Bounding action timestamps due to time windows...
(order-delivery-window-open o1) forms a window with range [0.000,150.000]
Bounds on (fulfill-order-c0-within-tw o1 wp1 c-ds gate-2 base_black cap_black) (duration [0.010,0.010]):
	0: [0.000,149.990]
	1: [0.000,149.990]
	2: [0.010,150.000]
(can-commit-for-ontime-delivery o1) forms a window with range [0.000,15.000]
Bounds on (commit-to-ontime-delivery o1) (duration [0.010,0.010]):
	0: [0.000,14.999]
	1: [0.000,14.999]
	2: [0.010,15.009]
Bounds on (do-not-commit-to-ontime-delivery o1) (duration [0.010,0.010]):
	0: [0.000,14.999]
	1: [0.000,14.999]
	2: [0.010,15.009]
Dominance constraints (excluding processes and events)...
Damaging events...
Dominance constraints (including processes and events)...
Variable monotonicity...
Max/min needed values for any single precondition...
Irrelevant action pruning by backward reachability from goal...
Uninterestingness criteria...
Compression-safe actions...
Compression-safe invariants...
62% of durative actions in this problem are compression safe
Goal Goal [1]
    (order-fulfilled o1)

Finishing preprocessing.  Making a TRPG heuristic...
Making an open list...
Running WA* search (g weight = 1, h weight = 5)
{(order-delivery-window-open o1),(can-commit-for-ontime-delivery o1),(location-free start input),(location-free c-bs input),(location-free c-bs output),(location-free c-cs1 input),(location-free c-cs1 output),(location-free c-cs2 input),(location-free c-cs2 output),(location-free c-ds input),(location-free c-ds output),(cs-can-perform c-cs1 cs_retrieve),(cs-can-perform c-cs2 cs_retrieve),(wp-base-color wp1 base_none),(wp-cap-color wp1 cap_none),(wp-ring1-color wp1 ring_none),(wp-ring2-color wp1 ring_none),(wp-ring3-color wp1 ring_none),(wp-unused wp1),(robot-waiting r-1),(robot-waiting r-2),(mps-state c-bs idle),(mps-state c-cs1 idle),(mps-state c-cs2 idle),(mps-state c-ds idle),(wp-cap-color cg1 cap_grey),(wp-cap-color cg2 cap_grey),(wp-cap-color cg3 cap_grey),(wp-on-shelf cg1 c-cs1 left),(wp-on-shelf cg2 c-cs1 middle),(wp-on-shelf cg3 c-cs1 right),(wp-cap-color cb1 cap_black),(wp-cap-color cb2 cap_black),(wp-cap-color cb3 cap_black),(wp-on-shelf cb1 c-cs2 left),(wp-on-shelf cb2 c-cs2 middle),(wp-on-shelf cb3 c-cs2 right)}
[]
Initial heuristic = 29
Initial stats: t=0.02s, 7568kb
b (28 @ n=2, t=0.02s, 7568kb)b (26 @ n=3, t=0.02s, 7568kb)b (25 @ n=21, t=0.02s, 7708kb)Warning: self overlapping Action 320:1 at 1
b (24 @ n=124, t=0.04s, 7884kb)xd.{EPS=1136.36,ETD=20.8163}xxxb (23 @ n=391, t=0.08s, 8332kb).{EPS=1176.47,ETD=39.2323}db (22 @ n=518, t=0.11s, 8576kb)b (21 @ n=568, t=0.12s, 8736kb)b (18 @ n=570, t=0.12s, 8736kb)b (17 @ n=580, t=0.12s, 8820kb)b (15 @ n=590, t=0.12s, 8908kb)b (14 @ n=605, t=0.12s, 8908kb)b (13 @ n=616, t=0.13s, 9076kb)dd.{EPS=837.989,ETD=26.4899}dddb (11 @ n=1173, t=0.26s, 13712kb)b (10 @ n=1180, t=0.27s, 13784kb)b (9 @ n=1185, t=0.27s, 13784kb)b (7 @ n=1208, t=0.27s, 13964kb).{EPS=754.717,ETD=21.0302}dxx.{EPS=844.595,ETD=18.5582}xx.{EPS=928.793,ETD=16.4548}xxx.{EPS=1000,ETD=15.1948}xx.{EPS=1055.41,ETD=14.6566}xdx.{EPS=1076.56,ETD=14.245}xdx.{EPS=1116.07,ETD=13.6132}xx.{EPS=1152.07,ETD=12.364}xxx.{EPS=1182.03,ETD=7.646}xx.{EPS=1408.45,ETD=8.45}xd.{EPS=1623.38,ETD=8.838}xx.{EPS=1633.99,ETD=8.786}xxx.{EPS=1623.38,ETD=8.946}xxx.{EPS=1633.99,ETD=9.204}xx.{EPS=1677.85,ETD=9.08}ddx.{EPS=1572.33,ETD=11.082}x.{EPS=1572.33,ETD=11.154}xxx.{EPS=1572.33,ETD=11.08}xxx.{EPS=1572.33,ETD=11.1}xx.{EPS=1557.63,ETD=11.112}dd.{EPS=1344.09,ETD=18.686}dxx.{EPS=1282.05,ETD=18.304}dx.{EPS=1269.04,ETD=18.528}xxx.{EPS=1243.78,ETD=18.236}xxx.{EPS=1204.82,ETD=18.362}x.{EPS=1259.45,ETD=16.362}xdx.{EPS=1234.57,ETD=16.198}xx.{EPS=1228.5,ETD=16.212}xdx.{EPS=1179.25,ETD=15.772}xxx.{EPS=1170.96,ETD=15.858}xxd.{EPS=1305.48,ETD=9.372}xx.{EPS=1347.71,ETD=11.134}xx.{EPS=1355.01,ETD=11.524}xxx.{EPS=1351.35,ETD=12.074}xx.{EPS=1340.48,ETD=12.846}xd.{EPS=1315.79,ETD=14.074}xxd.{EPS=1288.66,ETD=14.406}xxx.{EPS=1275.51,ETD=14.518}xx.{EPS=1305.48,ETD=14.968}xxx.{EPS=1298.7,ETD=14.89}dx.{EPS=1259.45,ETD=17.194}xd.{EPS=1196.17,ETD=15.498}xdx.{EPS=1162.79,ETD=14.722}xdx.{EPS=1116.07,ETD=13.85}dx.{EPS=1068.38,ETD=12.706}xd.{EPS=1041.67,ETD=13.308}xxx.{EPS=1054.85,ETD=14.716}xxx.{EPS=1046.03,ETD=16.068}xx.{EPS=1052.63,ETD=16.772}x.{EPS=1033.06,ETD=20.52}xxx.{EPS=1054.85,ETD=18.194}xxx.{EPS=1082.25,ETD=21.534}xxd.{EPS=1075.27,ETD=24.186}xx.{EPS=1089.32,ETD=28.936}xxx.{EPS=1118.57,ETD=30.708}xx.{EPS=1146.79,ETD=31.51}xx.{EPS=1123.6,ETD=36.648}xx.{EPS=1113.59,ETD=38.512}xxx.{EPS=1077.59,ETD=41.136}xx.{EPS=1077.59,ETD=39.608}dxd.{EPS=968.992,ETD=45.834}dd.{EPS=883.392,ETD=42.57}ddx.{EPS=777.605,ETD=40.762}xx.{EPS=770.416,ETD=37.93}xdx.{EPS=765.697,ETD=38.78}xx.{EPS=758.725,ETD=38.98}ddd.{EPS=657.03,ETD=31.876}ddd.{EPS=551.876,ETD=28.544}ddd.{EPS=477.555,ETD=24.256}ddd.{EPS=411.862,ETD=21.682}ddd.{EPS=383.436,ETD=14.922}ddx.{EPS=372.024,ETD=19.25}dd.{EPS=371.471,ETD=17.978}dd.{EPS=350.385,ETD=16.916}dd.{EPS=332.668,ETD=14.834}dxd.{EPS=317.662,ETD=13.706}dx.{EPS=324.044,ETD=15.07}dx.{EPS=346.981,ETD=14.87}xxx.{EPS=377.644,ETD=15.544}xx.{EPS=418.76,ETD=15.712}dxxx.{EPS=460.405,ETD=15.072}xx.{EPS=478.011,ETD=10.928}xx.{EPS=491.159,ETD=11.516}xdxx.{EPS=509.165,ETD=11.014}xx.{EPS=522.466,ETD=10.51}xxx.{EPS=533.618,ETD=8.472}xdx.{EPS=541.712,ETD=7.388}xx.{EPS=526.87,ETD=7.598}xxx.{EPS=514.933,ETD=9.118}xx.{EPS=499.002,ETD=9.078}dxxx.{EPS=483.092,ETD=9.118}xx.{EPS=464.253,ETD=9.078}xx.{EPS=448.029,ETD=9.118}xdxx.{EPS=428.816,ETD=9.078}xx.{EPS=412.201,ETD=9.118}xxx.{EPS=394.322,ETD=9.078}xdx.{EPS=377.358,ETD=9.118}xx.{EPS=360.49,ETD=9.078}xxx.{EPS=342.466,ETD=7.6}xx.{EPS=327.869,ETD=9.978}dxxx.{EPS=311.915,ETD=9.942}xd.{EPS=297.619,ETD=12.766}ddd.{EPS=279.642,ETD=12.332}ddd.{EPS=263.019,ETD=12.484}ddd.{EPS=244.021,ETD=11.858}ddd.{EPS=223.115,ETD=11.33}ddd.{EPS=205.339,ETD=10.92}ddd.{EPS=194.024,ETD=11.11}dddd.{EPS=181.752,ETD=10.54}dd.{EPS=168.237,ETD=7.726}dxdd.{EPS=159.236,ETD=9.282}ddd.{EPS=152.3,ETD=11.172}ddd.{EPS=147.842,ETD=18.234}dd.{EPS=145.012,ETD=31.768}dd.{EPS=145.688,ETD=40.894}ddd.{EPS=149.88,ETD=48.256}ddd.{EPS=153.139,ETD=49.826}ddd.{EPS=154.416,ETD=49.684}dxdd.{EPS=157.48,ETD=49.682}ddd.{EPS=161.499,ETD=49.706}dd.{EPS=164.204,ETD=49.206}ddd.{EPS=166.667,ETD=48.256}ddd.{EPS=168.862,ETD=44.838}ddd.{EPS=167.336,ETD=30.55}ddd.{EPS=173.853,ETD=30.84}xddd.{EPS=185.048,ETD=246.902}ddd.{EPS=199.362,ETD=536.926}dd.{EPS=219.01,ETD=858.802}ddd.{EPS=241.896,ETD=1357.52}dddd.{EPS=273.373,ETD=2002.29}dddddd.{EPS=309.215,ETD=2656.78}ddddddd.{EPS=359.971,ETD=3314.76}ddd.{EPS=444.84,ETD=3980.58}d~~~~~~~~~~~~~~~~~~~~~~~~~~~~~~~~~~~~~~~~~~~~~~~~~~~~~~~~~~~~~~~~~~~~~~~~~~~~~~~~~~~~~~~~~~~~~~~~~~~~~~~~~~~~~~~~~~~~~~~~~~~~~~~~~~~~~~~~~~~~~~~~~~~~~~~~~~~~~~~~~~~~~~~~~~~~~~~~~~~~~~~~~~~~~~~~~~~~~~~~~~~~~~~~~~~~~~~~~~~~~~~~~~~~~~~~~~~~~~~~~~~~~~~~~~~~~~~~~~~~~~~~~~~~~~~~~~~~~~~~~~~~~~~~~~~~~~~~~~~~~~~~~~~~~~~~~~~~~~~~~~~~~~~~~~~~~~~~~~~~~~~~~~~~~~~~~~~~~~~~~~~~~~~~~~~~~~~~~~~~~~~~~~~~~~~~~~~~~~~~~~~~~~~~~~~~~~~~~~~~~~~~~~~~~~~~~~~~~~~~~~~~~~~~~~~~~~~~~~~~~~~~~~~~~~~~~~~~~~~~~~~~~~~~~~~~~~~~~~~~~~~~~~~~~~~~~~~~~~~~~~~~~~~~~~~~~~~~~~~~~~~~~~~~~~~~~~~~~~~~~~~~~~~~~~~~~~~~~~~~~~~~~~~~~~~~~~~~~~~~~~~~~~~~~~~~~~~~~~~~~~~~~~~~~~~~~~~~~~~~~~~~~~~~~~~~~~~~~~~~~~~~~~~~~~~~~~~~~~~~~~~~~~~~~~~~~~~~~~~~~~~~~~~~~~~~~~~~~~~~~~~~~~~~~~~~~~~~~~~~~~~~~~~~~~~~~~~~~~~~~~~~~~~~~~~~~~~~~~~~~~~~~~~~~~~~~~~~~~~~~~~~~~~~~~~~~~~~~~~~~~~~~~~~~~~~~~~~~~~~~~~~~~~~~~~~~~~~~~~~~~~~~~~~~~~~~~~~~~~~~~~~~~~~~~~~~~~~~~~~~~~~~~~~~~~~~~~~~~~~~~~~~~~~~~~~~~~~~~~~~~~~~~~~~~~~~~~~~~~~~~~~~~~~~~~~~~~~~~~~~~~~~~~~~~~~~~~~~~~~~~~~~~~~~~~~~~~~~~~~~~~~~~~~~~~~~~~~~~~~~~~~~~~~~~~~~~~~~~~~~~~~~~~~~~~~~~~~~~~~~~~~~~~~~~~~~~~~~~~~~~~~~~~~~~~~~~~~~~~~~~~~~~~~~~~~~~~~~~~~~~~~~~~~~~~~~~~~~~~~~~~~~~~~~~~~~~~~~~~~~~~~~~~~~~~~~~~~~~~~~~~~~~~~~~~~~~~~~~~~~~~~~~~~~~~~~~~~~~~~~~~~~~~~~~~~~~~~~~~~~~~~~~~~~~~~~~~~~~~~~~~~~~~~~~~~~~~~~~~~~~~~~~~~~~~~~~~~~~~~~~~~~~~~~~~~~~~~~~~~~~~~~~~~~~~~~~~~~~~~~~~~~~~~~~~~~~~~~~~~~~~~~~~~~~~~~~~~~~~~~~~~~~~~~~~~~~~~~~~~~~~~~~~~~~~~~~~~~~~~~~~~~~~~~~~~~~~~~~~~~~~~~~~~~~~~~~~~~~~~~~~~~~~~~~~~~~~~~~~~~~~~~~~~~~~~~~~~~~~~~~~~~~~~~~~~~~~~~~~~~~~~~~~~~~~~~~~~~~~~~~~~~~~~~~~~~~~~~~~~~~~~~~~~~~~~~~~~~~~~~~~~~~~~~~~~~~~~~~~~~~~~~~~~~~~~~~~~~~~~~~~~~~~~~~~~~~~~~~~~~~~~~~~~~~~~~~~~~~~~~~~~~~~~~~~~~~~~~~~~~~~~~~~~~~~~~~~~~~~~~~~~~~~~~~~~~~~~~~~~~~~~~~~~~~~~~~~~~~~~~~~~~~~~~~~~~~~~~~~~~~~~~~~~~~~~~~~~~~~~~~~~~~~~~~~~~~~~~~~~~~~~~~~~~~~~~~~~~~~~~~~~~~~~~~~~~~~~~~~~~~~~~~~~~~~~~~~~~~~~~~~~~~~~~~~~~~~~~~~~~~~~~~~~~~~~~~~~~~~~~~~~~~~~~~~~~~~~~~~~~~~~~~~~~~~~~~~~~~~~~~~~~~~~~~~~~~~~~~~~~~~~~~~~~~~~~~~~~~~~~~~~~~~~~~~~~~~~~~~~~~~~~~~~~~~~~~~~~~~~~~~~~~~~~~~~~~~~~~~~~~~~~~~~~~~~~~~~~~~~~~~~~~~~~~~~~~~~~~~~~~~~~~~~~~~~~~~~~~~~~~~~~~~~~~~~~~~~~~~~~~~~~~~~~~~~~~~~~~~~~~~~~~~~~~~~~~~~~~~~~~~~~~~~~~~~~~~~~~~~~~~~~~~~~~~~~~~~~~~~~~~~~~~~~~~~~~~~~~~~~~~~~~~~~~~~~~~~~~~~~~~~~~~~~~~~~~~~~~~~~~~~~~~~~~~~~~~~~~~~~~~~~~~~~~~~~~~~~~~~~~~~~~~~~~~~~~~~~~~~~~~~~~~~~~~~~~~~~~~~~~~~~~~~~~~~~~~~~~~~~~~~~~~~~~~~~~~~~~~~~~~~~~~~~~~~~~~~~~~~~~~~~~~~~~~~~~~~~~~~~~~~~~~~~~~~~~~~~~~~~~~~~~~~~~~~~~~~~~~~~~~~~~~~~~~~~~~~~~~~~~~~~~~~~~~~~~~~~~~~~~~~~~~~~~~~~~~~~~~~~~~~~~~~~~~~~~~~~~~~~~~~~~~~~~~~~~~~~~~~~~~~~~~~~~~~~~~~~~~~~~~~~~~~~~~~~~~~~~~~~~~~~~~~~~~~~~~~~~~~~~~~~~~~~~~~~~~~~~~~~~~~~~~~~~~~~~~~~~~~~~~~~~~~~~~~~~~~~~~~~~~~~~~~~~~~~~~~~~~~~~~~~~~~~~~~~~~~~~~~~~~~~~~~~~~~~~~~~~~~~~~~~~~~~~~~~~~~~~~~~~~~~~~~~~~~~~~~~~~~~~~~~~~~~~~~~~~~~~~~~~~~~~~~~~~~~~~~~~~~~~~~~~~~~~~~~~~~~~~~~~~~~~~~~~~~~~~~~~~~~~~~~~~~~~~~~~~~~~~~~~~~~~~~~~~~~~~~~~~~~~~~~~~~~~~~~~~~~~~~~~~~~~~~~~~~~~~~~~~~~~~~~~~~~~~~~~~~~~~~~~~~~~~~~~~~~~~~~~~~~~~~~~~~~~~~~~~~~~~~~~~~~~~~~~~~~~~~~~~~~~~~~~~~~~~~~~~~~~~~~~~~~~~~~~~~~~~~~~~~~~~~~~~~~~~~~~~~~~~~~~~~~~~~~~~~~~~~~~~~~~~~~~~~~~~~~~~~~~~~~~~~~~~~~~~~~~~~~~~~~~~~~~~~~~~~~~~~~~~~~~~~~~~~~~~~~~~~~~~~~~~~~~~~~~~~~~~~~~~~~~~~~~~~~~~~~~~~~~~~~~~~~~~~~~~~~~~~~~~~~~~~~~~~~~~~~~~~~~~~~~~~~~~~~~~~~~~~~~~~~~~~~~~~~~~~~~~~~~~~~~~~~~~~~~~~~~~~~~~~~~~~~~~~~~~~~~~~~~~~~~~~~~~~~~~~~~~~~~~~~~~~~~~~~~~~~~~~~~~~~~~~~~~~~~~~~~~~~~~~~~~~~~~~~~~~~~~~~~~~~~~~~~~~~~~~~~~~~~~~~~~~~~~~~~~~~~~~~~~~~~~~~~~~~~~~~~~~~~~~~~~~~~~~~~~~~~~~~~~~~~~~~~~~~~~~~~~~~~~~~~~~~~~~~~~~~~~~~~~~~~~~~~~~~~~~~~~~~~~~~~~~~~~~~~~~~~~~~~~~~~~~~~~~~~~~~~~~~~~~~~~~~~~~~~~~~~~~~~~~~~~~~~~~~~~~~~~~~~~~~~~~~~~~~~~~~~~~~~~~~~~~~~~~~~~~~~~~~~~~~~~~~~~~~~~~~~~~~~~~~~~~~~~~~~~~~~~~~~~~~~~~~~~~~~~~~~~~~~~~~~~~~~~~~~~~~~~~~~~~~~~~~~~~~~~~~~~~~~~~~~~~~~~~~~~~~~~~~~~~~~~~~~~~~~~~~~~~~~~~~~~~~~~~~~~~~~~~~~~~~~~~~~~~~~~~~~~~~~~~~~~~~~~~~~~~~~~~~~~~~~~~~~~~~~~~~~~~~~~~~~~~~~~~~~~~~~~~~~~~~~~~~~~~~~~~~~~~~~~~~~~~~~~~~~~~~~~~~~~~~~~~~~~~~~~~~~~~~~~~~~~~~~~~~~~~~~~~~~~~~~~~~~~~~~~~~~~~~~~~~~~~~~~~~~~~~~~~~~~~~~~~~~~~~~~~~~~~~~~~~~~~~~~~~~~~~~~~~~~~~~~~~~~~~~~~~~~~~~~~~~~~~~~~~~~~~~~~~~~~~~~~~~~~~~~~~~~~~~~~~~~~~~~~~~~~~~~~~~~~~~~~~~~~~~~~~~~~~~~~~~~~~~~~~~~~~~~~~~~~~~~~~~~~~~~~~~~~~~~~~~~~~~~~~~~~~~~~~~~~~~~~~~~~~~~~~~~~~~~~~~~~~~~~~~~~~~~~~~~~~~~~~~~~~~~~~~~~~~~~~~~~~~~~~~~~~~~~~~~~~~~~~~~~~~~~~~~~~~~~~~~~~~~~~~~~~~~~~~~~~~~~~~~~~~~~~~~~~~~~~~~~~~~~~~~~~~~~~~~~~~~~~~~~~~~~~~~~~~~~~~~~~~~~~~~~~~~~~~~~~~~~~~~~~~~~~~~~~~~~~~~~~~~~~~~~~~~~~~~~~~~~~~~~~~~~~~~~~~~~~~~~~~~~~~~~~~~~~~~~~~~~~~~~~~~~~~~~~~~~~~~~~~~~~~~~~~~~~~~~~~~~~~~~~~~~~~~~~~~~~~~~~~~~~~~~~~~~~~~~~~~~~~~~~~~~~~~~~~~~~~~~~~~~~~~~~~~~~~~~~~~~~~~~~~~~~~~~~~~~~~~~~~~~~~~~~~~~~~~~~~~~~~~~~~~~~~~~~~~~~~~~~~~~~~~~~~~~~~~~~~~~~~~~~~~~~~~~~~~~~~~~~~~~~~~~~~~~~~~~~~~~~~~~~~~~~~~~~~~~~~~~~~~~~~~~~~~~~~~~~~~~~~~~~~~~~~~~~~~~~~~~~~~~~~~~~~~~~~~~~~~~~~~~~~~~~~~~~~~~~~~~~~~~~~~~~~~~~~~~~~~~~~~~~~~~~~~~~~~~~~~~~~~~~~~~~~~~~~~~~~~~~~~~~~~~~~~~~~~~~~~~~~~~~~~~~~~~~~~~~~~~~~~~~~~~~~~~~~~~~~~~~~~~~~~~~~~~~~~~~~~~~~~~~~
;;;; Problem Unsolvable
; Nodes Generated: 20317
; Nodes Expanded:  6816
; Nodes Evaluated: 20318
; Nodes Tunneled:  463
; Nodes memoised with open actions: 22182
; Nodes memoised without open actions: 13101
; Nodes pruned by memoisation: 14966
; Time 15.70
