Warnings encountered when parsing Domain/Problem File
-----------------------------------------------------

The supplied domain/problem file appear to violate part of the PDDL
language specification.  Specifically:

Errors: 0, warnings: 12
pddl-instances/ipc-2004/domains/umts-temporal-time-windows-strips/domain.pddl: line: 154: Warning: Undeclared requirement :durative-actions 
pddl-instances/ipc-2004/domains/umts-temporal-time-windows-strips/domain.pddl: line: 176: Warning: Undeclared requirement :durative-actions 
pddl-instances/ipc-2004/domains/umts-temporal-time-windows-strips/domain.pddl: line: 190: Warning: Undeclared requirement :durative-actions 
pddl-instances/ipc-2004/domains/umts-temporal-time-windows-strips/domain.pddl: line: 207: Warning: Undeclared requirement :durative-actions 
pddl-instances/ipc-2004/domains/umts-temporal-time-windows-strips/domain.pddl: line: 241: Warning: Undeclared requirement :durative-actions 
pddl-instances/ipc-2004/domains/umts-temporal-time-windows-strips/domain.pddl: line: 253: Warning: Undeclared requirement :durative-actions 
pddl-instances/ipc-2004/domains/umts-temporal-time-windows-strips/domain.pddl: line: 280: Warning: Undeclared requirement :durative-actions 
pddl-instances/ipc-2004/domains/umts-temporal-time-windows-strips/domain.pddl: line: 299: Warning: Undeclared requirement :durative-actions 
pddl-instances/ipc-2004/domains/umts-temporal-time-windows-strips/instances/instance-32.pddl: line: 288: Warning: Undeclared requirement :timed-initial-literals 
pddl-instances/ipc-2004/domains/umts-temporal-time-windows-strips/instances/instance-32.pddl: line: 289: Warning: Undeclared requirement :timed-initial-literals 
pddl-instances/ipc-2004/domains/umts-temporal-time-windows-strips/instances/instance-32.pddl: line: 290: Warning: Undeclared requirement :timed-initial-literals 
pddl-instances/ipc-2004/domains/umts-temporal-time-windows-strips/instances/instance-32.pddl: line: 291: Warning: Undeclared requirement :timed-initial-literals 

The planner will continue, but you may wish to fix your files accordingly
Parsing and Instantiating...
Warning - the variable:

(app-channels a1 m10)

...was found in a ground precondition/effect, but was never assigned a value
either in the initial state; or as an effect of an action.  If this was
deliberate, you may safely ignore this warning.  Otherwise, note that
following the PDDL semantics:

- Preconditions referring to undefined variables are assumed to be false;

- Actions with effects on variables that have never been given a value are
  eliminated, as they can never be applied (their outcome would be undefined).

Other such variables may exist, but this warning is only shown for the first.

Warning: zero-duration durative actions
-------------------------------------------------------------
At least one durative action in the domain has a duration of
zero:
	(am a1 m1 l1)
This should be rewritten as an instantaneous action (a PDDL
:action).  The planner will try to do the right thing, and
internally replace it with an :action, with all the conditions
and effects changed to being instantaneous.  But, this is not
guaranteed to be correct, if e.g. you wrote an effect
(at start (p)) later followed by a condition (at end (p)).
If it can't solve your problem, rewrite your domain to
respect the PDDL requirement that durative actions
need to have a non-zero duration.
TIL[761.000] @ 0x1a78eb0 -> { TIL[70.000]}
TIL[2151.000] @ 0x1a79290 -> { TIL[1430.000]}
Done
One way facts...
Mutex groups...
Semaphore Facts...
Envelope Facts...
One-shot actions...
Integral variables...
Variable bounds...
Static numeric conditions...
Duration bounds...
TIL time window analysis...
Bounding action timestamps due to time windows...
(begin-init ae) forms a window with range [70.000,761.000]
Bounds on (aeem a1 m1 l1 ae) (duration [72.000,72.000]):
	0: [70.001,760.999]
	1: [70.001,760.999]
	2: [142.001,832.999]
Bounds on (aeem a10 m1 l10 ae) (duration [72.000,72.000]):
	0: [70.001,760.999]
	1: [70.001,760.999]
	2: [142.001,832.999]
Bounds on (aeem a2 m1 l2 ae) (duration [62.000,62.000]):
	0: [70.001,760.999]
	1: [70.001,760.999]
	2: [132.001,822.999]
Bounds on (aeem a3 m1 l3 ae) (duration [72.000,72.000]):
	0: [70.001,760.999]
	1: [70.001,760.999]
	2: [142.001,832.999]
Bounds on (aeem a4 m1 l4 ae) (duration [72.000,72.000]):
	0: [70.001,760.999]
	1: [70.001,760.999]
	2: [142.001,832.999]
Bounds on (aeem a5 m1 l5 ae) (duration [72.000,72.000]):
	0: [70.001,760.999]
	1: [70.001,760.999]
	2: [142.001,832.999]
Bounds on (aeem a6 m1 l6 ae) (duration [72.000,72.000]):
	0: [70.001,760.999]
	1: [70.001,760.999]
	2: [142.001,832.999]
Bounds on (aeem a7 m1 l7 ae) (duration [72.000,72.000]):
	0: [70.001,760.999]
	1: [70.001,760.999]
	2: [142.001,832.999]
Bounds on (aeem a8 m1 l8 ae) (duration [72.000,72.000]):
	0: [70.001,760.999]
	1: [70.001,760.999]
	2: [142.001,832.999]
Bounds on (aeem a9 m1 l9 ae) (duration [72.000,72.000]):
	0: [70.001,760.999]
	1: [70.001,760.999]
	2: [142.001,832.999]
(begin-aeei ae) forms a window with range [1430.000,2151.000]
Bounds on (aeei a1 m1 l1 ae) (duration [46.000,46.000]):
	0: [1430.001,2150.999]
	1: [1430.001,2150.999]
	2: [1476.001,2196.999]
Bounds on (aeei a10 m1 l10 ae) (duration [86.000,86.000]):
	0: [1430.001,2150.999]
	1: [1430.001,2150.999]
	2: [1516.001,2236.999]
Bounds on (aeei a2 m1 l2 ae) (duration [86.000,86.000]):
	0: [1430.001,2150.999]
	1: [1430.001,2150.999]
	2: [1516.001,2236.999]
Bounds on (aeei a3 m1 l3 ae) (duration [86.000,86.000]):
	0: [1430.001,2150.999]
	1: [1430.001,2150.999]
	2: [1516.001,2236.999]
Bounds on (aeei a4 m1 l4 ae) (duration [86.000,86.000]):
	0: [1430.001,2150.999]
	1: [1430.001,2150.999]
	2: [1516.001,2236.999]
Bounds on (aeei a5 m1 l5 ae) (duration [86.000,86.000]):
	0: [1430.001,2150.999]
	1: [1430.001,2150.999]
	2: [1516.001,2236.999]
Bounds on (aeei a6 m1 l6 ae) (duration [46.000,46.000]):
	0: [1430.001,2150.999]
	1: [1430.001,2150.999]
	2: [1476.001,2196.999]
Bounds on (aeei a7 m1 l7 ae) (duration [86.000,86.000]):
	0: [1430.001,2150.999]
	1: [1430.001,2150.999]
	2: [1516.001,2236.999]
Bounds on (aeei a8 m1 l8 ae) (duration [86.000,86.000]):
	0: [1430.001,2150.999]
	1: [1430.001,2150.999]
	2: [1516.001,2236.999]
Bounds on (aeei a9 m1 l9 ae) (duration [86.000,86.000]):
	0: [1430.001,2150.999]
	1: [1430.001,2150.999]
	2: [1516.001,2236.999]
Dominance constraints (excluding processes and events)...
Damaging events...
Dominance constraints (including processes and events)...
Variable monotonicity...
Max/min needed values for any single precondition...
Dependencies from NumericFluents to the conditions and effects that use them...
Irrelevant action pruning by backward reachability from goal...
Uninterestingness criteria...
Compression-safe actions...
Effect (has-mobile-channels-available) += -1 of action (trm a1 m1 l1) is compression safe
Effect (has-e-load) += -27 of action (trm a1 m1 l1) is compression safe
Effect (has-k-available) += -4 of action (trm a1 m1 l1) is compression safe
Effect (has-d-available) += -41 of action (trm a1 m1 l1) is compression safe
Effect (has-mobile-cpu) += -78 of action (trm a1 m1 l1) is compression safe
action (trm a1 m1 l1) has compression safe numeric effects at time 2
action has compression safe numeric effects but still panicking and setting compression safe to false for now: need a new flag
Effect (has-mobile-channels-available) += -1 of action (trm a10 m1 l10) is compression safe
Effect (has-e-load) += -5 of action (trm a10 m1 l10) is compression safe
Effect (has-k-available) += -1 of action (trm a10 m1 l10) is compression safe
Effect (has-d-available) += -5 of action (trm a10 m1 l10) is compression safe
Effect (has-mobile-cpu) += -10 of action (trm a10 m1 l10) is compression safe
action (trm a10 m1 l10) has compression safe numeric effects at time 2
action has compression safe numeric effects but still panicking and setting compression safe to false for now: need a new flag
Effect (has-mobile-channels-available) += -3 of action (trm a2 m1 l2) is compression safe
Effect (has-e-load) += -21 of action (trm a2 m1 l2) is compression safe
Effect (has-k-available) += -1 of action (trm a2 m1 l2) is compression safe
Effect (has-d-available) += -10 of action (trm a2 m1 l2) is compression safe
Effect (has-mobile-cpu) += -1 of action (trm a2 m1 l2) is compression safe
action (trm a2 m1 l2) has compression safe numeric effects at time 2
action has compression safe numeric effects but still panicking and setting compression safe to false for now: need a new flag
Effect (has-mobile-channels-available) += -1 of action (trm a3 m1 l3) is compression safe
Effect (has-e-load) += -10 of action (trm a3 m1 l3) is compression safe
Effect (has-k-available) += -1 of action (trm a3 m1 l3) is compression safe
Effect (has-d-available) += -16 of action (trm a3 m1 l3) is compression safe
Effect (has-mobile-cpu) += -8 of action (trm a3 m1 l3) is compression safe
action (trm a3 m1 l3) has compression safe numeric effects at time 2
action has compression safe numeric effects but still panicking and setting compression safe to false for now: need a new flag
Effect (has-mobile-channels-available) += -1 of action (trm a4 m1 l4) is compression safe
Effect (has-e-load) += -16 of action (trm a4 m1 l4) is compression safe
Effect (has-k-available) += -1 of action (trm a4 m1 l4) is compression safe
Effect (has-d-available) += -12 of action (trm a4 m1 l4) is compression safe
Effect (has-mobile-cpu) += -12 of action (trm a4 m1 l4) is compression safe
action (trm a4 m1 l4) has compression safe numeric effects at time 2
action has compression safe numeric effects but still panicking and setting compression safe to false for now: need a new flag
Effect (has-mobile-channels-available) += -1 of action (trm a5 m1 l5) is compression safe
Effect (has-e-load) += -12 of action (trm a5 m1 l5) is compression safe
Effect (has-k-available) += -3 of action (trm a5 m1 l5) is compression safe
Effect (has-d-available) += -6 of action (trm a5 m1 l5) is compression safe
Effect (has-mobile-cpu) += -8 of action (trm a5 m1 l5) is compression safe
action (trm a5 m1 l5) has compression safe numeric effects at time 2
action has compression safe numeric effects but still panicking and setting compression safe to false for now: need a new flag
Effect (has-mobile-channels-available) += -3 of action (trm a6 m1 l6) is compression safe
Effect (has-e-load) += -11 of action (trm a6 m1 l6) is compression safe
Effect (has-k-available) += -1 of action (trm a6 m1 l6) is compression safe
Effect (has-d-available) += -5 of action (trm a6 m1 l6) is compression safe
Effect (has-mobile-cpu) += -1 of action (trm a6 m1 l6) is compression safe
action (trm a6 m1 l6) has compression safe numeric effects at time 2
action has compression safe numeric effects but still panicking and setting compression safe to false for now: need a new flag
Effect (has-mobile-channels-available) += -1 of action (trm a7 m1 l7) is compression safe
Effect (has-e-load) += -5 of action (trm a7 m1 l7) is compression safe
Effect (has-k-available) += -1 of action (trm a7 m1 l7) is compression safe
Effect (has-d-available) += -11 of action (trm a7 m1 l7) is compression safe
Effect (has-mobile-cpu) += -8 of action (trm a7 m1 l7) is compression safe
action (trm a7 m1 l7) has compression safe numeric effects at time 2
action has compression safe numeric effects but still panicking and setting compression safe to false for now: need a new flag
Effect (has-mobile-channels-available) += -1 of action (trm a8 m1 l8) is compression safe
Effect (has-e-load) += -11 of action (trm a8 m1 l8) is compression safe
Effect (has-k-available) += -1 of action (trm a8 m1 l8) is compression safe
Effect (has-d-available) += -12 of action (trm a8 m1 l8) is compression safe
Effect (has-mobile-cpu) += -12 of action (trm a8 m1 l8) is compression safe
action (trm a8 m1 l8) has compression safe numeric effects at time 2
action has compression safe numeric effects but still panicking and setting compression safe to false for now: need a new flag
Effect (has-mobile-channels-available) += -1 of action (trm a9 m1 l9) is compression safe
Effect (has-e-load) += -10 of action (trm a9 m1 l9) is compression safe
Effect (has-k-available) += -1 of action (trm a9 m1 l9) is compression safe
Effect (has-d-available) += -5 of action (trm a9 m1 l9) is compression safe
Effect (has-mobile-cpu) += -10 of action (trm a9 m1 l9) is compression safe
action (trm a9 m1 l9) has compression safe numeric effects at time 2
action has compression safe numeric effects but still panicking and setting compression safe to false for now: need a new flag
Effect (has-num-calls) += -1 of action (ct a1 m1 l1) is compression safe
Effect (has-num-mobiles) += -1 of action (ct a1 m1 l1) is compression safe
action (ct a1 m1 l1) has compression safe numeric effects at time 2
action has compression safe numeric effects but still panicking and setting compression safe to false for now: need a new flag
Effect (has-num-calls) += -1 of action (ct a10 m1 l10) is compression safe
Effect (has-num-mobiles) += -1 of action (ct a10 m1 l10) is compression safe
action (ct a10 m1 l10) has compression safe numeric effects at time 2
action has compression safe numeric effects but still panicking and setting compression safe to false for now: need a new flag
Effect (has-num-calls) += -1 of action (ct a2 m1 l2) is compression safe
Effect (has-num-mobiles) += -1 of action (ct a2 m1 l2) is compression safe
action (ct a2 m1 l2) has compression safe numeric effects at time 2
action has compression safe numeric effects but still panicking and setting compression safe to false for now: need a new flag
Effect (has-num-calls) += -1 of action (ct a3 m1 l3) is compression safe
Effect (has-num-mobiles) += -1 of action (ct a3 m1 l3) is compression safe
action (ct a3 m1 l3) has compression safe numeric effects at time 2
action has compression safe numeric effects but still panicking and setting compression safe to false for now: need a new flag
Effect (has-num-calls) += -1 of action (ct a4 m1 l4) is compression safe
Effect (has-num-mobiles) += -1 of action (ct a4 m1 l4) is compression safe
action (ct a4 m1 l4) has compression safe numeric effects at time 2
action has compression safe numeric effects but still panicking and setting compression safe to false for now: need a new flag
Effect (has-num-calls) += -1 of action (ct a5 m1 l5) is compression safe
Effect (has-num-mobiles) += -1 of action (ct a5 m1 l5) is compression safe
action (ct a5 m1 l5) has compression safe numeric effects at time 2
action has compression safe numeric effects but still panicking and setting compression safe to false for now: need a new flag
Effect (has-num-calls) += -1 of action (ct a6 m1 l6) is compression safe
Effect (has-num-mobiles) += -1 of action (ct a6 m1 l6) is compression safe
action (ct a6 m1 l6) has compression safe numeric effects at time 2
action has compression safe numeric effects but still panicking and setting compression safe to false for now: need a new flag
Effect (has-num-calls) += -1 of action (ct a7 m1 l7) is compression safe
Effect (has-num-mobiles) += -1 of action (ct a7 m1 l7) is compression safe
action (ct a7 m1 l7) has compression safe numeric effects at time 2
action has compression safe numeric effects but still panicking and setting compression safe to false for now: need a new flag
Effect (has-num-calls) += -1 of action (ct a8 m1 l8) is compression safe
Effect (has-num-mobiles) += -1 of action (ct a8 m1 l8) is compression safe
action (ct a8 m1 l8) has compression safe numeric effects at time 2
action has compression safe numeric effects but still panicking and setting compression safe to false for now: need a new flag
Effect (has-num-calls) += -1 of action (ct a9 m1 l9) is compression safe
Effect (has-num-mobiles) += -1 of action (ct a9 m1 l9) is compression safe
action (ct a9 m1 l9) has compression safe numeric effects at time 2
action has compression safe numeric effects but still panicking and setting compression safe to false for now: need a new flag
Effect (has-mobile-storage) += -10 of action (aeem a1 m1 l1 ae) is compression safe
action (aeem a1 m1 l1 ae) has compression safe numeric effects at time 2
action has compression safe numeric effects but still panicking and setting compression safe to false for now: need a new flag
Effect (has-mobile-storage) += -10 of action (aeem a10 m1 l10 ae) is compression safe
action (aeem a10 m1 l10 ae) has compression safe numeric effects at time 2
action has compression safe numeric effects but still panicking and setting compression safe to false for now: need a new flag
Effect (has-mobile-storage) += -10 of action (aeem a2 m1 l2 ae) is compression safe
action (aeem a2 m1 l2 ae) has compression safe numeric effects at time 2
action has compression safe numeric effects but still panicking and setting compression safe to false for now: need a new flag
Effect (has-mobile-storage) += -10 of action (aeem a3 m1 l3 ae) is compression safe
action (aeem a3 m1 l3 ae) has compression safe numeric effects at time 2
action has compression safe numeric effects but still panicking and setting compression safe to false for now: need a new flag
Effect (has-mobile-storage) += -10 of action (aeem a4 m1 l4 ae) is compression safe
action (aeem a4 m1 l4 ae) has compression safe numeric effects at time 2
action has compression safe numeric effects but still panicking and setting compression safe to false for now: need a new flag
Effect (has-mobile-storage) += -10 of action (aeem a5 m1 l5 ae) is compression safe
action (aeem a5 m1 l5 ae) has compression safe numeric effects at time 2
action has compression safe numeric effects but still panicking and setting compression safe to false for now: need a new flag
Effect (has-mobile-storage) += -10 of action (aeem a6 m1 l6 ae) is compression safe
action (aeem a6 m1 l6 ae) has compression safe numeric effects at time 2
action has compression safe numeric effects but still panicking and setting compression safe to false for now: need a new flag
Effect (has-mobile-storage) += -10 of action (aeem a7 m1 l7 ae) is compression safe
action (aeem a7 m1 l7 ae) has compression safe numeric effects at time 2
action has compression safe numeric effects but still panicking and setting compression safe to false for now: need a new flag
Effect (has-mobile-storage) += -10 of action (aeem a8 m1 l8 ae) is compression safe
action (aeem a8 m1 l8 ae) has compression safe numeric effects at time 2
action has compression safe numeric effects but still panicking and setting compression safe to false for now: need a new flag
Effect (has-mobile-storage) += -10 of action (aeem a9 m1 l9 ae) is compression safe
action (aeem a9 m1 l9 ae) has compression safe numeric effects at time 2
action has compression safe numeric effects but still panicking and setting compression safe to false for now: need a new flag
Effect (has-active-set-up) += -1 of action (rrc a1 m1 l1 ae) is compression safe
Effect (has-handover) += -1 of action (rrc a1 m1 l1 ae) is compression safe
Effect (has-cell-update) += -2 of action (rrc a1 m1 l1 ae) is compression safe
Effect (has-logical-channels) += -1 of action (rrc a1 m1 l1 ae) is compression safe
action (rrc a1 m1 l1 ae) has compression safe numeric effects at time 2
action has compression safe numeric effects but still panicking and setting compression safe to false for now: need a new flag
Effect (has-active-set-up) += -1 of action (rrc a10 m1 l10 ae) is compression safe
Effect (has-handover) += -1 of action (rrc a10 m1 l10 ae) is compression safe
Effect (has-cell-update) += -2 of action (rrc a10 m1 l10 ae) is compression safe
Effect (has-logical-channels) += -1 of action (rrc a10 m1 l10 ae) is compression safe
action (rrc a10 m1 l10 ae) has compression safe numeric effects at time 2
action has compression safe numeric effects but still panicking and setting compression safe to false for now: need a new flag
Effect (has-active-set-up) += -1 of action (rrc a2 m1 l2 ae) is compression safe
Effect (has-handover) += -1 of action (rrc a2 m1 l2 ae) is compression safe
Effect (has-cell-update) += -2 of action (rrc a2 m1 l2 ae) is compression safe
Effect (has-logical-channels) += -3 of action (rrc a2 m1 l2 ae) is compression safe
action (rrc a2 m1 l2 ae) has compression safe numeric effects at time 2
action has compression safe numeric effects but still panicking and setting compression safe to false for now: need a new flag
Effect (has-active-set-up) += -1 of action (rrc a3 m1 l3 ae) is compression safe
Effect (has-handover) += -1 of action (rrc a3 m1 l3 ae) is compression safe
Effect (has-cell-update) += -2 of action (rrc a3 m1 l3 ae) is compression safe
Effect (has-logical-channels) += -1 of action (rrc a3 m1 l3 ae) is compression safe
action (rrc a3 m1 l3 ae) has compression safe numeric effects at time 2
action has compression safe numeric effects but still panicking and setting compression safe to false for now: need a new flag
Effect (has-active-set-up) += -1 of action (rrc a4 m1 l4 ae) is compression safe
Effect (has-handover) += -1 of action (rrc a4 m1 l4 ae) is compression safe
Effect (has-cell-update) += -2 of action (rrc a4 m1 l4 ae) is compression safe
Effect (has-logical-channels) += -1 of action (rrc a4 m1 l4 ae) is compression safe
action (rrc a4 m1 l4 ae) has compression safe numeric effects at time 2
action has compression safe numeric effects but still panicking and setting compression safe to false for now: need a new flag
Effect (has-active-set-up) += -1 of action (rrc a5 m1 l5 ae) is compression safe
Effect (has-handover) += -1 of action (rrc a5 m1 l5 ae) is compression safe
Effect (has-cell-update) += -2 of action (rrc a5 m1 l5 ae) is compression safe
Effect (has-logical-channels) += -1 of action (rrc a5 m1 l5 ae) is compression safe
action (rrc a5 m1 l5 ae) has compression safe numeric effects at time 2
action has compression safe numeric effects but still panicking and setting compression safe to false for now: need a new flag
Effect (has-active-set-up) += -1 of action (rrc a6 m1 l6 ae) is compression safe
Effect (has-handover) += -1 of action (rrc a6 m1 l6 ae) is compression safe
Effect (has-cell-update) += -2 of action (rrc a6 m1 l6 ae) is compression safe
Effect (has-logical-channels) += -3 of action (rrc a6 m1 l6 ae) is compression safe
action (rrc a6 m1 l6 ae) has compression safe numeric effects at time 2
action has compression safe numeric effects but still panicking and setting compression safe to false for now: need a new flag
Effect (has-active-set-up) += -1 of action (rrc a7 m1 l7 ae) is compression safe
Effect (has-handover) += -1 of action (rrc a7 m1 l7 ae) is compression safe
Effect (has-cell-update) += -2 of action (rrc a7 m1 l7 ae) is compression safe
Effect (has-logical-channels) += -1 of action (rrc a7 m1 l7 ae) is compression safe
action (rrc a7 m1 l7 ae) has compression safe numeric effects at time 2
action has compression safe numeric effects but still panicking and setting compression safe to false for now: need a new flag
Effect (has-active-set-up) += -1 of action (rrc a8 m1 l8 ae) is compression safe
Effect (has-handover) += -1 of action (rrc a8 m1 l8 ae) is compression safe
Effect (has-cell-update) += -2 of action (rrc a8 m1 l8 ae) is compression safe
Effect (has-logical-channels) += -1 of action (rrc a8 m1 l8 ae) is compression safe
action (rrc a8 m1 l8 ae) has compression safe numeric effects at time 2
action has compression safe numeric effects but still panicking and setting compression safe to false for now: need a new flag
Effect (has-active-set-up) += -1 of action (rrc a9 m1 l9 ae) is compression safe
Effect (has-handover) += -1 of action (rrc a9 m1 l9 ae) is compression safe
Effect (has-cell-update) += -2 of action (rrc a9 m1 l9 ae) is compression safe
Effect (has-logical-channels) += -1 of action (rrc a9 m1 l9 ae) is compression safe
action (rrc a9 m1 l9 ae) has compression safe numeric effects at time 2
action has compression safe numeric effects but still panicking and setting compression safe to false for now: need a new flag
Effect (has-max-no-apn) += -1 of action (aeei a1 m1 l1 ae) is compression safe
Effect (has-max-no-pdp) += -1 of action (aeei a1 m1 l1 ae) is compression safe
Effect (has-ggsn-bitrate) += -128 of action (aeei a1 m1 l1 ae) is compression safe
action (aeei a1 m1 l1 ae) has compression safe numeric effects at time 2
action has compression safe numeric effects but still panicking and setting compression safe to false for now: need a new flag
Effect (has-max-no-apn) += -1 of action (aeei a10 m1 l10 ae) is compression safe
Effect (has-max-no-pdp) += -1 of action (aeei a10 m1 l10 ae) is compression safe
Effect (has-ggsn-bitrate) += -128 of action (aeei a10 m1 l10 ae) is compression safe
action (aeei a10 m1 l10 ae) has compression safe numeric effects at time 2
action has compression safe numeric effects but still panicking and setting compression safe to false for now: need a new flag
Effect (has-max-no-apn) += -1 of action (aeei a2 m1 l2 ae) is compression safe
Effect (has-max-no-pdp) += -1 of action (aeei a2 m1 l2 ae) is compression safe
Effect (has-ggsn-bitrate) += -128 of action (aeei a2 m1 l2 ae) is compression safe
action (aeei a2 m1 l2 ae) has compression safe numeric effects at time 2
action has compression safe numeric effects but still panicking and setting compression safe to false for now: need a new flag
Effect (has-max-no-apn) += -1 of action (aeei a3 m1 l3 ae) is compression safe
Effect (has-max-no-pdp) += -1 of action (aeei a3 m1 l3 ae) is compression safe
Effect (has-ggsn-bitrate) += -128 of action (aeei a3 m1 l3 ae) is compression safe
action (aeei a3 m1 l3 ae) has compression safe numeric effects at time 2
action has compression safe numeric effects but still panicking and setting compression safe to false for now: need a new flag
Effect (has-max-no-apn) += -1 of action (aeei a4 m1 l4 ae) is compression safe
Effect (has-max-no-pdp) += -1 of action (aeei a4 m1 l4 ae) is compression safe
Effect (has-ggsn-bitrate) += -128 of action (aeei a4 m1 l4 ae) is compression safe
action (aeei a4 m1 l4 ae) has compression safe numeric effects at time 2
action has compression safe numeric effects but still panicking and setting compression safe to false for now: need a new flag
Effect (has-max-no-apn) += -1 of action (aeei a5 m1 l5 ae) is compression safe
Effect (has-max-no-pdp) += -1 of action (aeei a5 m1 l5 ae) is compression safe
Effect (has-ggsn-bitrate) += -128 of action (aeei a5 m1 l5 ae) is compression safe
action (aeei a5 m1 l5 ae) has compression safe numeric effects at time 2
action has compression safe numeric effects but still panicking and setting compression safe to false for now: need a new flag
Effect (has-max-no-apn) += -1 of action (aeei a6 m1 l6 ae) is compression safe
Effect (has-max-no-pdp) += -1 of action (aeei a6 m1 l6 ae) is compression safe
Effect (has-ggsn-bitrate) += -128 of action (aeei a6 m1 l6 ae) is compression safe
action (aeei a6 m1 l6 ae) has compression safe numeric effects at time 2
action has compression safe numeric effects but still panicking and setting compression safe to false for now: need a new flag
Effect (has-max-no-apn) += -1 of action (aeei a7 m1 l7 ae) is compression safe
Effect (has-max-no-pdp) += -1 of action (aeei a7 m1 l7 ae) is compression safe
Effect (has-ggsn-bitrate) += -128 of action (aeei a7 m1 l7 ae) is compression safe
action (aeei a7 m1 l7 ae) has compression safe numeric effects at time 2
action has compression safe numeric effects but still panicking and setting compression safe to false for now: need a new flag
Effect (has-max-no-apn) += -1 of action (aeei a8 m1 l8 ae) is compression safe
Effect (has-max-no-pdp) += -1 of action (aeei a8 m1 l8 ae) is compression safe
Effect (has-ggsn-bitrate) += -128 of action (aeei a8 m1 l8 ae) is compression safe
action (aeei a8 m1 l8 ae) has compression safe numeric effects at time 2
action has compression safe numeric effects but still panicking and setting compression safe to false for now: need a new flag
Effect (has-max-no-apn) += -1 of action (aeei a9 m1 l9 ae) is compression safe
Effect (has-max-no-pdp) += -1 of action (aeei a9 m1 l9 ae) is compression safe
Effect (has-ggsn-bitrate) += -128 of action (aeei a9 m1 l9 ae) is compression safe
action (aeei a9 m1 l9 ae) has compression safe numeric effects at time 2
action has compression safe numeric effects but still panicking and setting compression safe to false for now: need a new flag
Effect (has-mobile-channels-available) += -1 of action (trm a1 m1 l1) is compression safe
Effect (has-e-load) += -27 of action (trm a1 m1 l1) is compression safe
Effect (has-k-available) += -4 of action (trm a1 m1 l1) is compression safe
Effect (has-d-available) += -41 of action (trm a1 m1 l1) is compression safe
Effect (has-mobile-cpu) += -78 of action (trm a1 m1 l1) is compression safe
action (trm a1 m1 l1) has compression safe numeric effects at time 2
action has compression safe numeric effects but still panicking and setting compression safe to false for now: need a new flag
Effect (has-mobile-channels-available) += -1 of action (trm a10 m1 l10) is compression safe
Effect (has-e-load) += -5 of action (trm a10 m1 l10) is compression safe
Effect (has-k-available) += -1 of action (trm a10 m1 l10) is compression safe
Effect (has-d-available) += -5 of action (trm a10 m1 l10) is compression safe
Effect (has-mobile-cpu) += -10 of action (trm a10 m1 l10) is compression safe
action (trm a10 m1 l10) has compression safe numeric effects at time 2
action has compression safe numeric effects but still panicking and setting compression safe to false for now: need a new flag
Effect (has-mobile-channels-available) += -3 of action (trm a2 m1 l2) is compression safe
Effect (has-e-load) += -21 of action (trm a2 m1 l2) is compression safe
Effect (has-k-available) += -1 of action (trm a2 m1 l2) is compression safe
Effect (has-d-available) += -10 of action (trm a2 m1 l2) is compression safe
Effect (has-mobile-cpu) += -1 of action (trm a2 m1 l2) is compression safe
action (trm a2 m1 l2) has compression safe numeric effects at time 2
action has compression safe numeric effects but still panicking and setting compression safe to false for now: need a new flag
Effect (has-mobile-channels-available) += -1 of action (trm a3 m1 l3) is compression safe
Effect (has-e-load) += -10 of action (trm a3 m1 l3) is compression safe
Effect (has-k-available) += -1 of action (trm a3 m1 l3) is compression safe
Effect (has-d-available) += -16 of action (trm a3 m1 l3) is compression safe
Effect (has-mobile-cpu) += -8 of action (trm a3 m1 l3) is compression safe
action (trm a3 m1 l3) has compression safe numeric effects at time 2
action has compression safe numeric effects but still panicking and setting compression safe to false for now: need a new flag
Effect (has-mobile-channels-available) += -1 of action (trm a4 m1 l4) is compression safe
Effect (has-e-load) += -16 of action (trm a4 m1 l4) is compression safe
Effect (has-k-available) += -1 of action (trm a4 m1 l4) is compression safe
Effect (has-d-available) += -12 of action (trm a4 m1 l4) is compression safe
Effect (has-mobile-cpu) += -12 of action (trm a4 m1 l4) is compression safe
action (trm a4 m1 l4) has compression safe numeric effects at time 2
action has compression safe numeric effects but still panicking and setting compression safe to false for now: need a new flag
Effect (has-mobile-channels-available) += -1 of action (trm a5 m1 l5) is compression safe
Effect (has-e-load) += -12 of action (trm a5 m1 l5) is compression safe
Effect (has-k-available) += -3 of action (trm a5 m1 l5) is compression safe
Effect (has-d-available) += -6 of action (trm a5 m1 l5) is compression safe
Effect (has-mobile-cpu) += -8 of action (trm a5 m1 l5) is compression safe
action (trm a5 m1 l5) has compression safe numeric effects at time 2
action has compression safe numeric effects but still panicking and setting compression safe to false for now: need a new flag
Effect (has-mobile-channels-available) += -3 of action (trm a6 m1 l6) is compression safe
Effect (has-e-load) += -11 of action (trm a6 m1 l6) is compression safe
Effect (has-k-available) += -1 of action (trm a6 m1 l6) is compression safe
Effect (has-d-available) += -5 of action (trm a6 m1 l6) is compression safe
Effect (has-mobile-cpu) += -1 of action (trm a6 m1 l6) is compression safe
action (trm a6 m1 l6) has compression safe numeric effects at time 2
action has compression safe numeric effects but still panicking and setting compression safe to false for now: need a new flag
Effect (has-mobile-channels-available) += -1 of action (trm a7 m1 l7) is compression safe
Effect (has-e-load) += -5 of action (trm a7 m1 l7) is compression safe
Effect (has-k-available) += -1 of action (trm a7 m1 l7) is compression safe
Effect (has-d-available) += -11 of action (trm a7 m1 l7) is compression safe
Effect (has-mobile-cpu) += -8 of action (trm a7 m1 l7) is compression safe
action (trm a7 m1 l7) has compression safe numeric effects at time 2
action has compression safe numeric effects but still panicking and setting compression safe to false for now: need a new flag
Effect (has-mobile-channels-available) += -1 of action (trm a8 m1 l8) is compression safe
Effect (has-e-load) += -11 of action (trm a8 m1 l8) is compression safe
Effect (has-k-available) += -1 of action (trm a8 m1 l8) is compression safe
Effect (has-d-available) += -12 of action (trm a8 m1 l8) is compression safe
Effect (has-mobile-cpu) += -12 of action (trm a8 m1 l8) is compression safe
action (trm a8 m1 l8) has compression safe numeric effects at time 2
action has compression safe numeric effects but still panicking and setting compression safe to false for now: need a new flag
Effect (has-mobile-channels-available) += -1 of action (trm a9 m1 l9) is compression safe
Effect (has-e-load) += -10 of action (trm a9 m1 l9) is compression safe
Effect (has-k-available) += -1 of action (trm a9 m1 l9) is compression safe
Effect (has-d-available) += -5 of action (trm a9 m1 l9) is compression safe
Effect (has-mobile-cpu) += -10 of action (trm a9 m1 l9) is compression safe
action (trm a9 m1 l9) has compression safe numeric effects at time 2
action has compression safe numeric effects but still panicking and setting compression safe to false for now: need a new flag
Effect (has-num-calls) += -1 of action (ct a1 m1 l1) is compression safe
Effect (has-num-mobiles) += -1 of action (ct a1 m1 l1) is compression safe
action (ct a1 m1 l1) has compression safe numeric effects at time 2
action has compression safe numeric effects but still panicking and setting compression safe to false for now: need a new flag
Effect (has-num-calls) += -1 of action (ct a10 m1 l10) is compression safe
Effect (has-num-mobiles) += -1 of action (ct a10 m1 l10) is compression safe
action (ct a10 m1 l10) has compression safe numeric effects at time 2
action has compression safe numeric effects but still panicking and setting compression safe to false for now: need a new flag
Effect (has-num-calls) += -1 of action (ct a2 m1 l2) is compression safe
Effect (has-num-mobiles) += -1 of action (ct a2 m1 l2) is compression safe
action (ct a2 m1 l2) has compression safe numeric effects at time 2
action has compression safe numeric effects but still panicking and setting compression safe to false for now: need a new flag
Effect (has-num-calls) += -1 of action (ct a3 m1 l3) is compression safe
Effect (has-num-mobiles) += -1 of action (ct a3 m1 l3) is compression safe
action (ct a3 m1 l3) has compression safe numeric effects at time 2
action has compression safe numeric effects but still panicking and setting compression safe to false for now: need a new flag
Effect (has-num-calls) += -1 of action (ct a4 m1 l4) is compression safe
Effect (has-num-mobiles) += -1 of action (ct a4 m1 l4) is compression safe
action (ct a4 m1 l4) has compression safe numeric effects at time 2
action has compression safe numeric effects but still panicking and setting compression safe to false for now: need a new flag
Effect (has-num-calls) += -1 of action (ct a5 m1 l5) is compression safe
Effect (has-num-mobiles) += -1 of action (ct a5 m1 l5) is compression safe
action (ct a5 m1 l5) has compression safe numeric effects at time 2
action has compression safe numeric effects but still panicking and setting compression safe to false for now: need a new flag
Effect (has-num-calls) += -1 of action (ct a6 m1 l6) is compression safe
Effect (has-num-mobiles) += -1 of action (ct a6 m1 l6) is compression safe
action (ct a6 m1 l6) has compression safe numeric effects at time 2
action has compression safe numeric effects but still panicking and setting compression safe to false for now: need a new flag
Effect (has-num-calls) += -1 of action (ct a7 m1 l7) is compression safe
Effect (has-num-mobiles) += -1 of action (ct a7 m1 l7) is compression safe
action (ct a7 m1 l7) has compression safe numeric effects at time 2
action has compression safe numeric effects but still panicking and setting compression safe to false for now: need a new flag
Effect (has-num-calls) += -1 of action (ct a8 m1 l8) is compression safe
Effect (has-num-mobiles) += -1 of action (ct a8 m1 l8) is compression safe
action (ct a8 m1 l8) has compression safe numeric effects at time 2
action has compression safe numeric effects but still panicking and setting compression safe to false for now: need a new flag
Effect (has-num-calls) += -1 of action (ct a9 m1 l9) is compression safe
Effect (has-num-mobiles) += -1 of action (ct a9 m1 l9) is compression safe
action (ct a9 m1 l9) has compression safe numeric effects at time 2
action has compression safe numeric effects but still panicking and setting compression safe to false for now: need a new flag
Effect (has-mobile-storage) += -10 of action (aeem a1 m1 l1 ae) is compression safe
action (aeem a1 m1 l1 ae) has compression safe numeric effects at time 2
action has compression safe numeric effects but still panicking and setting compression safe to false for now: need a new flag
Effect (has-mobile-storage) += -10 of action (aeem a10 m1 l10 ae) is compression safe
action (aeem a10 m1 l10 ae) has compression safe numeric effects at time 2
action has compression safe numeric effects but still panicking and setting compression safe to false for now: need a new flag
Effect (has-mobile-storage) += -10 of action (aeem a2 m1 l2 ae) is compression safe
action (aeem a2 m1 l2 ae) has compression safe numeric effects at time 2
action has compression safe numeric effects but still panicking and setting compression safe to false for now: need a new flag
Effect (has-mobile-storage) += -10 of action (aeem a3 m1 l3 ae) is compression safe
action (aeem a3 m1 l3 ae) has compression safe numeric effects at time 2
action has compression safe numeric effects but still panicking and setting compression safe to false for now: need a new flag
Effect (has-mobile-storage) += -10 of action (aeem a4 m1 l4 ae) is compression safe
action (aeem a4 m1 l4 ae) has compression safe numeric effects at time 2
action has compression safe numeric effects but still panicking and setting compression safe to false for now: need a new flag
Effect (has-mobile-storage) += -10 of action (aeem a5 m1 l5 ae) is compression safe
action (aeem a5 m1 l5 ae) has compression safe numeric effects at time 2
action has compression safe numeric effects but still panicking and setting compression safe to false for now: need a new flag
Effect (has-mobile-storage) += -10 of action (aeem a6 m1 l6 ae) is compression safe
action (aeem a6 m1 l6 ae) has compression safe numeric effects at time 2
action has compression safe numeric effects but still panicking and setting compression safe to false for now: need a new flag
Effect (has-mobile-storage) += -10 of action (aeem a7 m1 l7 ae) is compression safe
action (aeem a7 m1 l7 ae) has compression safe numeric effects at time 2
action has compression safe numeric effects but still panicking and setting compression safe to false for now: need a new flag
Effect (has-mobile-storage) += -10 of action (aeem a8 m1 l8 ae) is compression safe
action (aeem a8 m1 l8 ae) has compression safe numeric effects at time 2
action has compression safe numeric effects but still panicking and setting compression safe to false for now: need a new flag
Effect (has-mobile-storage) += -10 of action (aeem a9 m1 l9 ae) is compression safe
action (aeem a9 m1 l9 ae) has compression safe numeric effects at time 2
action has compression safe numeric effects but still panicking and setting compression safe to false for now: need a new flag
Effect (has-active-set-up) += -1 of action (rrc a1 m1 l1 ae) is compression safe
Effect (has-handover) += -1 of action (rrc a1 m1 l1 ae) is compression safe
Effect (has-cell-update) += -2 of action (rrc a1 m1 l1 ae) is compression safe
Effect (has-logical-channels) += -1 of action (rrc a1 m1 l1 ae) is compression safe
action (rrc a1 m1 l1 ae) has compression safe numeric effects at time 2
action has compression safe numeric effects but still panicking and setting compression safe to false for now: need a new flag
Effect (has-active-set-up) += -1 of action (rrc a10 m1 l10 ae) is compression safe
Effect (has-handover) += -1 of action (rrc a10 m1 l10 ae) is compression safe
Effect (has-cell-update) += -2 of action (rrc a10 m1 l10 ae) is compression safe
Effect (has-logical-channels) += -1 of action (rrc a10 m1 l10 ae) is compression safe
action (rrc a10 m1 l10 ae) has compression safe numeric effects at time 2
action has compression safe numeric effects but still panicking and setting compression safe to false for now: need a new flag
Effect (has-active-set-up) += -1 of action (rrc a2 m1 l2 ae) is compression safe
Effect (has-handover) += -1 of action (rrc a2 m1 l2 ae) is compression safe
Effect (has-cell-update) += -2 of action (rrc a2 m1 l2 ae) is compression safe
Effect (has-logical-channels) += -3 of action (rrc a2 m1 l2 ae) is compression safe
action (rrc a2 m1 l2 ae) has compression safe numeric effects at time 2
action has compression safe numeric effects but still panicking and setting compression safe to false for now: need a new flag
Effect (has-active-set-up) += -1 of action (rrc a3 m1 l3 ae) is compression safe
Effect (has-handover) += -1 of action (rrc a3 m1 l3 ae) is compression safe
Effect (has-cell-update) += -2 of action (rrc a3 m1 l3 ae) is compression safe
Effect (has-logical-channels) += -1 of action (rrc a3 m1 l3 ae) is compression safe
action (rrc a3 m1 l3 ae) has compression safe numeric effects at time 2
action has compression safe numeric effects but still panicking and setting compression safe to false for now: need a new flag
Effect (has-active-set-up) += -1 of action (rrc a4 m1 l4 ae) is compression safe
Effect (has-handover) += -1 of action (rrc a4 m1 l4 ae) is compression safe
Effect (has-cell-update) += -2 of action (rrc a4 m1 l4 ae) is compression safe
Effect (has-logical-channels) += -1 of action (rrc a4 m1 l4 ae) is compression safe
action (rrc a4 m1 l4 ae) has compression safe numeric effects at time 2
action has compression safe numeric effects but still panicking and setting compression safe to false for now: need a new flag
Effect (has-active-set-up) += -1 of action (rrc a5 m1 l5 ae) is compression safe
Effect (has-handover) += -1 of action (rrc a5 m1 l5 ae) is compression safe
Effect (has-cell-update) += -2 of action (rrc a5 m1 l5 ae) is compression safe
Effect (has-logical-channels) += -1 of action (rrc a5 m1 l5 ae) is compression safe
action (rrc a5 m1 l5 ae) has compression safe numeric effects at time 2
action has compression safe numeric effects but still panicking and setting compression safe to false for now: need a new flag
Effect (has-active-set-up) += -1 of action (rrc a6 m1 l6 ae) is compression safe
Effect (has-handover) += -1 of action (rrc a6 m1 l6 ae) is compression safe
Effect (has-cell-update) += -2 of action (rrc a6 m1 l6 ae) is compression safe
Effect (has-logical-channels) += -3 of action (rrc a6 m1 l6 ae) is compression safe
action (rrc a6 m1 l6 ae) has compression safe numeric effects at time 2
action has compression safe numeric effects but still panicking and setting compression safe to false for now: need a new flag
Effect (has-active-set-up) += -1 of action (rrc a7 m1 l7 ae) is compression safe
Effect (has-handover) += -1 of action (rrc a7 m1 l7 ae) is compression safe
Effect (has-cell-update) += -2 of action (rrc a7 m1 l7 ae) is compression safe
Effect (has-logical-channels) += -1 of action (rrc a7 m1 l7 ae) is compression safe
action (rrc a7 m1 l7 ae) has compression safe numeric effects at time 2
action has compression safe numeric effects but still panicking and setting compression safe to false for now: need a new flag
Effect (has-active-set-up) += -1 of action (rrc a8 m1 l8 ae) is compression safe
Effect (has-handover) += -1 of action (rrc a8 m1 l8 ae) is compression safe
Effect (has-cell-update) += -2 of action (rrc a8 m1 l8 ae) is compression safe
Effect (has-logical-channels) += -1 of action (rrc a8 m1 l8 ae) is compression safe
action (rrc a8 m1 l8 ae) has compression safe numeric effects at time 2
action has compression safe numeric effects but still panicking and setting compression safe to false for now: need a new flag
Effect (has-active-set-up) += -1 of action (rrc a9 m1 l9 ae) is compression safe
Effect (has-handover) += -1 of action (rrc a9 m1 l9 ae) is compression safe
Effect (has-cell-update) += -2 of action (rrc a9 m1 l9 ae) is compression safe
Effect (has-logical-channels) += -1 of action (rrc a9 m1 l9 ae) is compression safe
action (rrc a9 m1 l9 ae) has compression safe numeric effects at time 2
action has compression safe numeric effects but still panicking and setting compression safe to false for now: need a new flag
Effect (has-max-no-apn) += -1 of action (aeei a1 m1 l1 ae) is compression safe
Effect (has-max-no-pdp) += -1 of action (aeei a1 m1 l1 ae) is compression safe
Effect (has-ggsn-bitrate) += -128 of action (aeei a1 m1 l1 ae) is compression safe
action (aeei a1 m1 l1 ae) has compression safe numeric effects at time 2
action has compression safe numeric effects but still panicking and setting compression safe to false for now: need a new flag
Effect (has-max-no-apn) += -1 of action (aeei a10 m1 l10 ae) is compression safe
Effect (has-max-no-pdp) += -1 of action (aeei a10 m1 l10 ae) is compression safe
Effect (has-ggsn-bitrate) += -128 of action (aeei a10 m1 l10 ae) is compression safe
action (aeei a10 m1 l10 ae) has compression safe numeric effects at time 2
action has compression safe numeric effects but still panicking and setting compression safe to false for now: need a new flag
Effect (has-max-no-apn) += -1 of action (aeei a2 m1 l2 ae) is compression safe
Effect (has-max-no-pdp) += -1 of action (aeei a2 m1 l2 ae) is compression safe
Effect (has-ggsn-bitrate) += -128 of action (aeei a2 m1 l2 ae) is compression safe
action (aeei a2 m1 l2 ae) has compression safe numeric effects at time 2
action has compression safe numeric effects but still panicking and setting compression safe to false for now: need a new flag
Effect (has-max-no-apn) += -1 of action (aeei a3 m1 l3 ae) is compression safe
Effect (has-max-no-pdp) += -1 of action (aeei a3 m1 l3 ae) is compression safe
Effect (has-ggsn-bitrate) += -128 of action (aeei a3 m1 l3 ae) is compression safe
action (aeei a3 m1 l3 ae) has compression safe numeric effects at time 2
action has compression safe numeric effects but still panicking and setting compression safe to false for now: need a new flag
Effect (has-max-no-apn) += -1 of action (aeei a4 m1 l4 ae) is compression safe
Effect (has-max-no-pdp) += -1 of action (aeei a4 m1 l4 ae) is compression safe
Effect (has-ggsn-bitrate) += -128 of action (aeei a4 m1 l4 ae) is compression safe
action (aeei a4 m1 l4 ae) has compression safe numeric effects at time 2
action has compression safe numeric effects but still panicking and setting compression safe to false for now: need a new flag
Effect (has-max-no-apn) += -1 of action (aeei a5 m1 l5 ae) is compression safe
Effect (has-max-no-pdp) += -1 of action (aeei a5 m1 l5 ae) is compression safe
Effect (has-ggsn-bitrate) += -128 of action (aeei a5 m1 l5 ae) is compression safe
action (aeei a5 m1 l5 ae) has compression safe numeric effects at time 2
action has compression safe numeric effects but still panicking and setting compression safe to false for now: need a new flag
Effect (has-max-no-apn) += -1 of action (aeei a6 m1 l6 ae) is compression safe
Effect (has-max-no-pdp) += -1 of action (aeei a6 m1 l6 ae) is compression safe
Effect (has-ggsn-bitrate) += -128 of action (aeei a6 m1 l6 ae) is compression safe
action (aeei a6 m1 l6 ae) has compression safe numeric effects at time 2
action has compression safe numeric effects but still panicking and setting compression safe to false for now: need a new flag
Effect (has-max-no-apn) += -1 of action (aeei a7 m1 l7 ae) is compression safe
Effect (has-max-no-pdp) += -1 of action (aeei a7 m1 l7 ae) is compression safe
Effect (has-ggsn-bitrate) += -128 of action (aeei a7 m1 l7 ae) is compression safe
action (aeei a7 m1 l7 ae) has compression safe numeric effects at time 2
action has compression safe numeric effects but still panicking and setting compression safe to false for now: need a new flag
Effect (has-max-no-apn) += -1 of action (aeei a8 m1 l8 ae) is compression safe
Effect (has-max-no-pdp) += -1 of action (aeei a8 m1 l8 ae) is compression safe
Effect (has-ggsn-bitrate) += -128 of action (aeei a8 m1 l8 ae) is compression safe
action (aeei a8 m1 l8 ae) has compression safe numeric effects at time 2
action has compression safe numeric effects but still panicking and setting compression safe to false for now: need a new flag
Effect (has-max-no-apn) += -1 of action (aeei a9 m1 l9 ae) is compression safe
Effect (has-max-no-pdp) += -1 of action (aeei a9 m1 l9 ae) is compression safe
Effect (has-ggsn-bitrate) += -128 of action (aeei a9 m1 l9 ae) is compression safe
action (aeei a9 m1 l9 ae) has compression safe numeric effects at time 2
action has compression safe numeric effects but still panicking and setting compression safe to false for now: need a new flag
Compression-safe invariants...
25% of durative actions in this problem are compression safe
Goal Goal [7]
    (bs-ok a7 m1 l7 ae)
    (bs-ok a6 m1 l6 ae)
    (bs-ok a5 m1 l5 ae)
    (bs-ok a4 m1 l4 ae)
    (bs-ok a3 m1 l3 ae)
    (bs-ok a2 m1 l2 ae)
    (bs-ok a1 m1 l1 ae)

Finishing preprocessing.  Making a TRPG heuristic...
Making an open list...
Running WA* search (g weight = 1, h weight = 5)
{}
[ (has-mobile-cpu)=0, (has-d-available)=0, (has-k-available)=0, (has-e-load)=0, (has-mobile-channels-available)=0, (has-num-mobiles)=0, (has-num-calls)=0, (has-mobile-storage)=0, (has-logical-channels)=0, (has-cell-update)=0, (has-handover)=0, (has-active-set-up)=0, (has-ggsn-bitrate)=0, (has-max-no-pdp)=0, (has-max-no-apn)=0 ]
Initial heuristic = 93
Initial stats: t=0.01s, 9020kb
b (92 @ n=2, t=0.01s, 9020kb)b (91 @ n=14, t=0.01s, 9020kb)b (90 @ n=26, t=0.01s, 9020kb)Warning: self overlapping Action 0:1 at 3
b (89 @ n=57, t=0.02s, 9020kb)b (88 @ n=234, t=0.06s, 9020kb)b (87 @ n=263, t=0.06s, 9020kb)b (86 @ n=291, t=0.07s, 9020kb)b (85 @ n=304, t=0.07s, 9020kb)x.{EPS=375.94,ETD=4.87755}xxb (84 @ n=928, t=0.22s, 10908kb)b (83 @ n=937, t=0.22s, 10908kb)b (82 @ n=942, t=0.23s, 11048kb)b (81 @ n=957, t=0.23s, 11048kb)b (80 @ n=977, t=0.23s, 11180kb)b (79 @ n=997, t=0.24s, 11316kb)b (78 @ n=1012, t=0.24s, 11316kb)b (77 @ n=1019, t=0.24s, 11316kb)b (76 @ n=1027, t=0.25s, 11316kb)xxx.{EPS=363.636,ETD=5.92929}xxxxxxxxx.{EPS=352.113,ETD=7.62416}xxxxxxxx.{EPS=333.333,ETD=8.92965}xxxxxxx.{EPS=320.513,ETD=12.9639}xxxb (75 @ n=4065, t=1.03s, 34412kb)x.{EPS=289.017,ETD=16.6054}xxxxxxxb (74 @ n=4652, t=1.19s, 38936kb)xxx.{EPS=288.303,ETD=14.8911}xb (73 @ n=4866, t=1.25s, 40672kb)xxxxxx.{EPS=267.917,ETD=14.4436}xxxb (72 @ n=6050, t=1.59s, 53208kb)b (71 @ n=6069, t=1.6s, 53340kb)b (70 @ n=6099, t=1.61s, 53764kb)b (69 @ n=6117, t=1.61s, 53924kb)b (68 @ n=6135, t=1.62s, 54056kb)xb (67 @ n=6150, t=1.62s, 54196kb)b (66 @ n=6160, t=1.62s, 54328kb)b (65 @ n=6180, t=1.63s, 54592kb)b (64 @ n=6192, t=1.63s, 54592kb)xb (63 @ n=6206, t=1.64s, 54808kb)b (62 @ n=6226, t=1.64s, 55072kb)b (61 @ n=6251, t=1.65s, 55348kb)b (60 @ n=6266, t=1.66s, 55448kb)b (59 @ n=6282, t=1.66s, 55580kb)xb (58 @ n=6298, t=1.67s, 55876kb)b (57 @ n=6306, t=1.67s, 55876kb)b (56 @ n=6315, t=1.67s, 55976kb)xb (55 @ n=6324, t=1.67s, 55976kb)b (54 @ n=6334, t=1.68s, 56108kb)xb (53 @ n=6353, t=1.68s, 56504kb)b (52 @ n=6365, t=1.69s, 56636kb)xb (51 @ n=6387, t=1.7s, 57012kb)xxxx.{EPS=260.417,ETD=13.5434}xxxxxxxxxxxxxxxxxxxxxx.{EPS=261.506,ETD=13.0521}xxxxxxxxxxxxxxxxxx.{EPS=259.605,ETD=13.366}xxxxxxxxxxxxxxxxxx.{EPS=255.232,ETD=15.032}xxxxxxxxxxxxxxxxxxxxx.{EPS=251.636,ETD=14.788}xxxxxxxxxxxxxxxxxxxxx.{EPS=245.339,ETD=14.324}xxxxxxxxxxxxxxxxxxxxxx.{EPS=241.546,ETD=12.882}xxxxxxxxxxxxxxxxxxx.{EPS=248.509,ETD=10.714}xxxxxxxxxxxxxxxxxxxxxxx.{EPS=246.305,ETD=10.974}xxxxxxxxxxxxxxxxxxxxxxx.{EPS=253.678,ETD=14.02}xxxxxxxxxxxxxxxxxxxxxx.{EPS=255.102,ETD=24.924}xxxxxxxxxxxxxxxxxxxxxxx.{EPS=251.13,ETD=30.892}xxxxxxxxxxxxxxxxxxxxxxxx.{EPS=241.313,ETD=30.704}xxxxxxxxxxxxxxxxxxxxxxxx.{EPS=233.536,ETD=43.968}xxxxxxxxxxxxxxxxxxxx.{EPS=228.206,ETD=52.984}xxxxxxxxxxxxxxxxxxxxxx.{EPS=230.097,ETD=58.306}xxxxxxxxxxxxxxxxxxxxxxx.{EPS=229.358,ETD=58.038}xxxxxxxxxxxxxxxxxxxxxxx.{EPS=225.632,ETD=58.378}xxxxxxxxxxxxxxxxxxxxxxxx.{EPS=222.717,ETD=82.234}xxxxxxxxxxxxxxxxxxxxxxxxx.{EPS=218.818,ETD=102.356}xxxxxxxxxxxxxx.{EPS=220.556,ETD=129.03}xxxxxxxxxxxxxxxxxxxxxxxx.{EPS=217.108,ETD=150.258}xxxxxxxxxxxxxxx.{EPS=214.869,ETD=166.808}xxxxxxxxxxxxxxxxxxx.{EPS=215.054,ETD=182.664}xxxxxxxxxxxxxxxxxxxxxx.{EPS=213.858,ETD=175.638}xxxxxxxxxxxxxxxxxxxxxxx.{EPS=210.349,ETD=171.236}xxxxxxxxxxxxxxxxxxxxx.{EPS=209.996,ETD=193.674}xxxxxxxxxxxxxxxxxxxxxxxxx.{EPS=205.508,ETD=203.498}xxxxxxxxxxxxxxxxxx.{EPS=206.612,ETD=216.542}xxxxxxxxxxxxxxxxxxxxxxxx.{EPS=208.943,ETD=193.2}xxxxxxxxxxxxxxxxxxxxxxxxx.{EPS=207.469,ETD=156.182}xxxxxxxxxxxxxxxxxxxxxxxx.{EPS=208.594,ETD=135.992}xxxxxxxxxxxxxxxxxxxx.{EPS=213.493,ETD=124.482}xxxxxxxxxxxxxxxxxxxxxxx.{EPS=213.584,ETD=93.656}xxxxxxxxxxxxxxxxxxxxxxx.{EPS=213.311,ETD=92.412}xxxxxxxxxxxxxxxxxxxxxxx.{EPS=209.732,ETD=92.048}xxxxxxxxxxxxxxxxxxxxxxx.{EPS=205.846,ETD=70.992}xxxxxxxxxxxxxxxxxxxxxxx.{EPS=205.677,ETD=64.664}xxxxxxxxxxxxxxxxxxxxxx.{EPS=202.184,ETD=29.686}xxxxxxxxxxxxxxxxxxxxxxxx.{EPS=202.102,ETD=29.49}xxxxxxxxxxxxxxxxxxxxxxx.{EPS=198.334,ETD=29.502}xxxxxxxxxxxxxxxxxxxxxxxx.{EPS=194.477,ETD=24.942}xxxxxxxxxxxxxxxxxxxxxxx.{EPS=190.913,ETD=24.412}xxxxxxxxxxxxxxxxxxxxxxxxxx.{EPS=189.179,ETD=45.034}xxxxxxxxxxxxxxxxxxxxxxxxx.{EPS=187.617,ETD=57.396}xxxxxxxxxxxxxxxxxxxxx.{EPS=191.498,ETD=71.784}xxxxxxxxxxxxxxxxxxxxxxx.{EPS=196.232,ETD=77.186}xxxxxxxxxxxxxxxxxxxxxxx.{EPS=202.347,ETD=83.834}xxxxxxxxxxxxxxxxxxxxxx.{EPS=201.532,ETD=143.25}xxxxxxxxxxxxx.{EPS=190.259,ETD=232.298}xxxxxxxxxxxxxxxxxxxxxxxxxx.{EPS=186.916,ETD=303.848}xxxxxxxxxxxxxxxxx.{EPS=183.621,ETD=405.522}xxxxxxxxxxxxxxxxxx.{EPS=176.929,ETD=491.4}xxxxxxxxxxxxxxxxx.{EPS=173.491,ETD=535.918}xxxxxxxxxxxxxxx.{EPS=165.782,ETD=542.42}xxxxxxxxxxx.{EPS=153.941,ETD=528.422}xxxxxxxxxxxxxxx.{EPS=145.433,ETD=540.618}xxxxxxxxxxxxxxxxxxxxxxxx.{EPS=142.694,ETD=529.832}xxxxxxxxxxxxxxxxxxxxxxxx.{EPS=142.45,ETD=471.132}xxxxxxxxxxxxxxxxxxxxx.{EPS=148.765,ETD=483.034}xxxxxxxxxxxxxxxxxxxxxxx.{EPS=151.976,ETD=451.254}xxxxxxxxxxxxxxxxxxxxxxxxx.{EPS=155.135,ETD=347.274}xxxxxxxxxxxxxxxxxxxxxxx.{EPS=158.68,ETD=286.184}xxxxxxxxxxxxxxxxxxxxxx.{EPS=162.338,ETD=226.128}xxxxxxxxxxxxxxxxxxxxxxx.{EPS=169.607,ETD=211.826}xxxxxxxxxxxxxxxxxxxxxxx.{EPS=183.486,ETD=223.736}xxxxxxxxxxxxxxxxxxxxxxxx.{EPS=192.976,ETD=204.49}xxxxxxxxxxxxxxxxxxxxxx.{EPS=192.604,ETD=204.186}xxxxxxxxxxxxxxxxxxxxxxx.{EPS=192.16,ETD=203.754}xxxxxxxxxxxxxxxxxxxxxxxxx.{EPS=186.567,ETD=107.906}xxxxxxxxxxxxxxxxxxxxxxxx.{EPS=185.185,ETD=73.564}xxxxxxxxxxxxxxxxxxxxxxx.{EPS=187.196,ETD=124.04}xxxxxxxxxxxxxxxxxxxxxxxxxx.{EPS=186.706,ETD=191.824}xxxxxxxxxxxxxxxxxx.{EPS=183.15,ETD=269.5}xxxxxxxxxxxxxxxx.{EPS=178.827,ETD=334.77}xxxxxxxxxxxxxxxxx.{EPS=172.058,ETD=395.816}xxxxxxxxxxxxxxxxxxxxxxxxxx.{EPS=169.952,ETD=452.31}xxxxxxxxxxxxxxxxxxxxxxxxxxx.{EPS=168.067,ETD=488.236}xxxxxxxxxxxxxxxxxxxxxxxxxxx.{EPS=166.722,ETD=523.804}xxxxxxxxxxxxxxxxxxxxxxxxxx.{EPS=167.729,ETD=549.126}xxxxxxxxxxxxxxxxxxxxxxxxxx.{EPS=164.528,ETD=615.778}xxxxxxxxxxxxxxxxxx.{EPS=158.781,ETD=654.538}xxxxxxxxxxx.{EPS=152.346,ETD=633.318}xxxxxxxxxx.{EPS=145.391,ETD=629.95}xxxxxxxxxxxxxxxxxxx.{EPS=146.714,ETD=615.076}xxxxxxxxxxxxxxxxxxxxxxx.{EPS=148.412,ETD=571.456}xxxxxxxxxxxxxxxxxxx.{EPS=148.104,ETD=537.946}xxxxxxxxxxxxxxxxxxxxxx.{EPS=144.55,ETD=506.224}xxxxxxxxxxxxxxxxxxxxxxxxx.{EPS=141.523,ETD=478.75}xxxxxxxxxxxxxxxxxxxxx.{EPS=144.844,ETD=448.606}xxxxxxxxxxxxxxxxxxxxxx.{EPS=147.754,ETD=375.662}xxxxxxxxxxxxxxxxxxxxxxxxx.{EPS=150.966,ETD=287.824}xxxxxxxxxxxxxxxxxxxxx.{EPS=158.428,ETD=212.616}xxxxxxxxxxxxxxxxxxxxxxx.{EPS=169.377,ETD=135.074}xxxxxxxxxxxxxxxxxxxxxx.{EPS=171.939,ETD=80.328}xxxxxxxxxxxxxxxxxxxxxx.{EPS=174.095,ETD=49.864}xxxxxxxxxxxxxxxxxxxxxx.{EPS=174.642,ETD=29.25}xxxxxxxxxxxxxxxxxxxxxxxx.{EPS=181.752,ETD=29.312}xxxxxxxxxxxxxxxxxxxxxx.{EPS=192.678,ETD=22.138}xxxxxxxxxxxxxxxxxxxxxxx.{EPS=190.114,ETD=31.03}xxxxxxxxxxxxxxxxxxxxxxx.{EPS=189.897,ETD=39.66}xxxxxxxxxxxxxxxxxxxxxxxxx.{EPS=189.753,ETD=53.512}xxxxxxxxxxxxxxxxxxxxxxxx.{EPS=190.84,ETD=65.506}xxxxxxxxxxxxxxxxxxxxxxxx.{EPS=194.856,ETD=96.346}xxxxxxxxxxxxxxxxxxxxxx.{EPS=197.472,ETD=106.848}xxxxxxxxxxxxxxxxxxxxxxx.{EPS=199.92,ETD=133.74}xxxxxxxxxxxxxxxxxxxxxxx.{EPS=203.417,ETD=153.036}xxxxxxxxxxxxxxxxxxxxxxxx.{EPS=205.002,ETD=169.212}xxxxxxxxxxxxxxxxxxxxxxxx.{EPS=203.004,ETD=202.32}xxxxxxxxxxxxxxxxxxxxxxxxxx.{EPS=203.004,ETD=239.45}xxxxxxxxxxxxxxxxxxxxxxxxx.{EPS=199.84,ETD=267.27}xxxxxxxxxxxxxxxxxxxxxxxxxx.{EPS=197.941,ETD=288.716}xxxxxxxxxxxxxxxxxxxxxxxxx.{EPS=195.008,ETD=315.294}xxxxxxxxxxxxxxxxxxxxxx.{EPS=193.573,ETD=293.38}xxxxxxxxxxxxxxxxxxxxxxxxxx.{EPS=191.791,ETD=307.206}xxxxxxxxxxxxxxxxxxxx.{EPS=190.549,ETD=323.762}xxxxxxxxxxxxxxxxxxxx.{EPS=191.058,ETD=313.332}xxxxxxxxxxxxxxxxxxxxxxxx.{EPS=193.498,ETD=356.212}xxxxxxxxxxxxxxxxxxxxxxx.{EPS=194.932,ETD=354.206}xxxxxxxxxxxxxxxxxxxxxx.{EPS=195.312,ETD=314.732}xxxxxxxxxxxxxxxxxxxxxxxx.{EPS=201.369,ETD=289.846}xxxxxxxxxxxxxxxxxxxxxx.{EPS=207.641,ETD=258.852}xxxxxxxxxxxxxxxxxxxxxxxxx.{EPS=211.149,ETD=219.972}xxxxxxxxxxxxxxxxxxxxxx.{EPS=207.814,ETD=212.298}xxxxxxxxxxxxxxxxxxxxxxx.{EPS=207.211,ETD=186.966}xxxxxxxxxxxxxxxxxxxxxxx.{EPS=206.612,ETD=144.116}xxxxxxxxxxxxxxxxxxxxxxxx.{EPS=205.508,ETD=136.666}xxxxxxxxxxxxxxxxxxxxxxxxx.{EPS=200.08,ETD=78.802}xxxxxxxxxxxxxxxxxxxxxxxxxx.{EPS=194.024,ETD=52.29}xxxxxxxxxxxxxxxxxxxxxxxxx.{EPS=189.681,ETD=51.986}xxxxxxxxxxxxxxxxxxxxxxxxx.{EPS=184.57,ETD=41.07}xxxxxxxxxxxxxxxxxxxxxxx.{EPS=180.245,ETD=36.804}xxxxxxxxxxxxxxxxxxxxxxxxx.{EPS=174.703,ETD=37.49}xxxxxxxxxxxxxxxxxxxxxxxx.{EPS=169.492,ETD=34.794}xxxxxxxxxxxxxxxxxxxxxxxxxx.{EPS=164.15,ETD=36.56}xxxxxxxxxxxxxxxxxxxxxxxxxx.{EPS=156.642,ETD=41.676}xxxxxxxxxxxxxxxxxxxxxxxx.{EPS=151.469,ETD=52.028}xxxxxxxxxxxxxxxxxxxxxxxxx.{EPS=148.898,ETD=58.848}xxxxxxxxxxxxxxxxxxxxxxxxxx.{EPS=146.929,ETD=64.494}xxxxxxxxxxxxxxxxxxxxxxxxx.{EPS=146.242,ETD=70.206}xxxxxxxxxxxxxxxxxxxxxxxxxx.{EPS=142.167,ETD=111.518}xxxxxxxxxxxxxxxxxxxxxxxxxx.{EPS=141.123,ETD=145.608}xxxxxxxxxxxxxxxxxxxxxxxxxx.{EPS=141.323,ETD=168.79}xxxxxxxxxxxxxxxxxxxxxxxxx.{EPS=142.857,ETD=190.262}xxxxxxxxxxxxxxxxxxxxxxxxxx.{EPS=144.259,ETD=208.062}xxxxxxxxxxxxxxxxxxxxx.{EPS=152.161,ETD=212.574}xxxxxxxxxxxxxxxxxxxxxx.{EPS=158.68,ETD=219.02}xxxxxxxxxxxxxxxxxxxxxxx.{EPS=164.853,ETD=206.578}xxxxxxxxxxxxxxxxxxxxxxx.{EPS=170.648,ETD=194.648}xxxxxxxxxxxxxxxxxxxxxxx.{EPS=174.581,ETD=206.85}xxxxxxxxxxxxxxxxxxxxxxxx.{EPS=181.752,ETD=286.046}xxxxxxxxxxxxxxxxxxxxxx.{EPS=186.012,ETD=278.126}xxxxxxxxxxxxxxxxxxxxxx.{EPS=191.498,ETD=291.996}xxxxxxxxxxxxxxxxxxx.{EPS=192.53,ETD=342.37}xxxxxxxxxxxxxxxxxxxxx.{EPS=196.773,ETD=366.408}xxxxxxxxxxxxxxxxxxxxx.{EPS=193.798,ETD=390.796}xxxxxxxxxxxxxxxxxxxxxxxxx.{EPS=191.278,ETD=526.748}xxxxxxxxxxxxxxxxxxxxxxxx.{EPS=185.874,ETD=689.092}xxxxxxxxxxxxxxxxxxxxxxxxx.{EPS=181.62,ETD=825.248}xxxxxxxxxxxxxxxxxxxxxxxxx.{EPS=180.05,ETD=976.318}xxxxxxxxxxxxxxxxxxxxx.{EPS=180.636,ETD=926.596}xxxxxxxxxxxxxxxxxxx.{EPS=177.936,ETD=920.832}xxxxxxxxxxxxxxxxxxxxxxx.{EPS=179.34,ETD=973.784}xxxxxxxxxxxxxxxxxxxxx.{EPS=178.444,ETD=981.832}xxxxxxxxxxxxxxxxxxxxxxxx.{EPS=180.115,ETD=1035}xxxxxxxxxxxxxxxxxxxxxxxxxx.{EPS=177.117,ETD=1117.96}xxxxxxxxxxxxxxxxxxxxxxxxxxxx.{EPS=172.891,ETD=1094.77}xxxxxxxxxxxxxxxxxxxxxxxxxxx.{EPS=171.233,ETD=1033.66}xxxxxxxxxxxxxxxxxxxxxxxxxx.{EPS=170.01,ETD=1031.01}xxxxxxxxxxxxxxxxxxxxxxxxxxx.{EPS=166.334,ETD=985.016}xxxxxxxxxxxxxxxxxxxxxxxxxxx.{EPS=160.823,ETD=1049.07}xxxxxxxxxxxxxxxxxxxxxxxxxxxx.{EPS=156.104,ETD=1152.45}xxxxxxxxxxxxxxxxxxxxxxxxxxx.{EPS=146.456,ETD=1187.63}xxxxxxxxxxxxxxxxxxxxxxxxxxx.{EPS=143.431,ETD=1230.21}xxxxxxxxxxxxxxxxxxxxxxxxxxx.{EPS=137.137,ETD=1245.78}xxxxxxxxxxxxxxxxxxxxxxxxxx.{EPS=135.062,ETD=1223.16}xxxxxxxxxxxxxxxxxxxxxxxxxx.{EPS=136.017,ETD=1161.47}xxxxxxxxxxxxxxxxxxxxxxxxxx.{EPS=136.537,ETD=1224.47}xxxxxxxxxxxxxxxxxxxxxxxxxx.{EPS=134.228,ETD=1343.68}xxxxxxxxxxxxxxxxxxxxxxxxxx.{EPS=132.521,ETD=1476.23}xxxxxxxxxxxxxxxxxxxxxxxxxx.{EPS=133.583,ETD=1612.13}xxxxxxxxxxxxxxxxxxxxxxxxxx.{EPS=135.465,ETD=1752.54}xxxxxxxxxxxxxxxxxxxxxxxxxx.{EPS=139.315,ETD=1922.21}xxxxxxxxxxxxxxxxxxxxxxxxxx.{EPS=140.017,ETD=2053.99}xxxxxxxxxxxxxxxxxxxxxxx.{EPS=143.968,ETD=2062.15}xxxxxxxxxxxxxxxxxxxxx.{EPS=148.81,ETD=1995.66}xxxxxxxxxxxxxxxxxxxxxxxx.{EPS=150.195,ETD=2061.4}xxxxxxxxxxxxxxxxxxxxxxxxxx.{EPS=149.254,ETD=2158.65}xxxxxxxxxxxxxxxxxxxxxx.{EPS=153.704,ETD=2005.22}xxxxxxxxxxxxxxxxxxxxx.{EPS=157.778,ETD=1778.94}xxxxxxxxxxxxxxxxxxxxxxx.{EPS=158.781,ETD=1508.34}xxxxxxxxxxxxxxxxxxxxxxxxx.{EPS=158.68,ETD=1243.97}xxxxxxxxxxxxxxxxxxxxxxx.{EPS=157.085,ETD=951.154}xxxxxxxxxxxxxxxxxxxxxxxxxx.{EPS=156.299,ETD=717.056}xxxxxxxxxxxxxxxxxxxxx.{EPS=156.446,ETD=732.536}xxxxxxxxxxxxxxxxxxxxxxxx.{EPS=154.178,ETD=704.32}xxxxxxxxxxxxxxxxxxxxxxx.{EPS=152.625,ETD=568.368}xxxxxxxxxxxxxxxxxxxxxxxxxx.{EPS=153.421,ETD=311.232}xxxxxxxxxxxxxxxxxxxxxxxx.{EPS=151.791,ETD=214.036}xxxxxxxxxxxxxxxxxxxxxxx.{EPS=153.28,ETD=186.616}xxxxxxxxxxxxxxxxxxxxxxxx.{EPS=154.131,ETD=193.97}xxxxxxxxxxxxxxxxxxxxxxxx.{EPS=157.085,ETD=200.926}xxxxxxxxxxxxxxxxxxxxxxxx.{EPS=161.238,ETD=197.772}xxxxxxxxxxxxxxxxxxxxxxxxx.{EPS=166.445,ETD=177.71}xxxxxxxxxxxxxxxxxxxxxxxx.{EPS=166.889,ETD=59.096}xxxxxxxxxxxxxxxxxxxxxxx.{EPS=169.262,ETD=66.752}xxxxxxxxxxxxxxxxxxxxxxxxxx.{EPS=170.01,ETD=107.98}xxxxxxxxxxxxxxxxxxxxxxxx.{EPS=172.058,ETD=212.826}xxxxxxxxxxxxxxxxxxxxxxxx.{EPS=175.009,ETD=209.486}xxxxxxxxxxxxxxxxxxxxxxxx.{EPS=168.237,ETD=225.428}xxxxxxxxxxxxxxxxxxxxxxxxxxx.{EPS=163.079,ETD=218.95}xxxxxxxxxxxxxxxxxxxxxxxxxx.{EPS=156.25,ETD=220.138}xxxxxxxxxxxxxxxxxxxxxxxxx.{EPS=150.286,ETD=221.02}xxxxxxxxxxxxxxxxxxxxxxxxxx.{EPS=143.802,ETD=222.622}xxxxxxxxxxxxxxxxxxxxxxxxxx.{EPS=138.85,ETD=206.038}xxxxxxxxxxxxxxxxxxxxxxxxxx.{EPS=133.654,ETD=201.32}xxxxxxxxxxxxxxxxxxxxxxxxxxx.{EPS=131.337,ETD=166.382}xxxxxxxxxxxxxxxxxxxxxxxxxx.{EPS=129.601,ETD=71.946}xxxxxxxxxxxxxxxxxxxxxxxxx.{EPS=127.975,ETD=71.566}xxxxxxxxxxxxxxxxxxxxxxxxx.{EPS=127.259,ETD=47.488}xxxxxxxxxxxxxxxxxxxxxx.{EPS=129.099,ETD=73.302}xxxxxxxxxxxxxxxxxxxxxxxxx.{EPS=131.579,ETD=72.334}xxxxxxxxxxxxxxxxxxxxxxxxx.{EPS=134.048,ETD=89.554}xxxxxxxxxxxxxxxxxxxxxxxx.{EPS=137.325,ETD=142.72}xxxxxxxxxxxxxxxxxxxxxxx.{EPS=140.017,ETD=150.804}xxxxxxxxxxxxxxxxxxxxxx.{EPS=141.924,ETD=166.546}xxxxxxxxxxxxxxxxxxxxxxxxxx.{EPS=142.572,ETD=158.846}xxxxxxxxxxxxxxxxxxxxxxxxx.{EPS=143.266,ETD=145.258}xxxxxxxxxxxxxxxxxxxxxxxxxx.{EPS=142.045,ETD=147.402}xxxxxxxxxxxxxxxxxxxxxxxx.{EPS=141.603,ETD=147.228}xxxxxxxxxxxxxxxxxxxxxxxxx.{EPS=137.438,ETD=122.106}xxxxxxxxxxxxxxxxxxxxxxxxxxx.{EPS=131.614,ETD=117.72}xxxxxxxxxxxxxxxxxxxxx.{EPS=127.943,ETD=100.116}xxxxxxxxxxxxxxxxxxxxxxxx.{EPS=123.274,ETD=46.352}xxxxxxxxxxxxxxxxxxxxxxxx.{EPS=119.104,ETD=41.134}xxxxxxxxxxxxxxxxxxxxxxxxx.{EPS=116.306,ETD=24.952}xxxxxxxxxxxxxxxxxxxxxxxx.{EPS=114.574,ETD=25.152}xxxxxxxxxxxxxxxxxxxxxxxx.{EPS=113.559,ETD=29.82}xxxxxxxxxxxxxxxxxxxxxxxxx.{EPS=113.74,ETD=37.214}xxxxxxxxxxxxxxxxxxxxxxxx.{EPS=111.807,ETD=51.276}xxxxxxxxxxxxxxxxxxxxxxxxx.{EPS=110.914,ETD=60.136}xxxxxxxxxxxxxxxxxxxxxxxxxx.{EPS=110.717,ETD=72.448}xxxxxxxxxxxxxxxxxxxxxxxx.{EPS=109.409,ETD=82.648}xxxxxxxxxxxxxxxxxxxxxxxxxx.{EPS=110.302,ETD=111.358}xxxxxxxxxxxxxxxxxxxxxxxxx.{EPS=111.086,ETD=141.19}xxxxxxxxxxxxxxxxxxxxxxxxxx.{EPS=111.782,ETD=179}xxxxxxxxxxxxxxxxxxxxxxxxxx.{EPS=110.595,ETD=218.476}xxxxxxxxxxxxxxxxxxxxxxxxxx.{EPS=109.625,ETD=239.484}xxxxxxxxxxxxxxxxxxxxxxxxx.{EPS=106.929,ETD=260.506}xxxxxxxxxxxxxxxxxxxxxxxxx.{EPS=109.314,ETD=291.768}xxxxxxxxxxxxxxxxxxxxxxxxxx.{EPS=112.663,ETD=292.21}xxxxxxxxxxxxxxxxxxxxxxxxx.{EPS=116.741,ETD=286.78}xxxxxxxxxxxxxxxxxxx.{EPS=119.904,ETD=634.41}xxxxxxxxxxxxxxxxxxxxxxxxxx.{EPS=122.339,ETD=777.606}xxxxxxxxxxxxxxxxxxxxxxxxxx.{EPS=124.471,ETD=940.516}xxxxxxxxxxxxxxxxxxxxxx.{EPS=127.845,ETD=1037.12}xxxxxxxxxxxxxxxxxxxxxxxx.{EPS=132.732,ETD=1343.09}xxxxxxxxxxxxxxxxxxxxx.{EPS=134.481,ETD=1401.09}xxxxxxxxxxxxxxxxxxxxx.{EPS=138.85,ETD=1445.16}xxxxxxxxxxxxxxxxxxxxxxx.{EPS=142.207,ETD=1560.32}xxxxxxxxxxxxxxxxxxxxxxx.{EPS=143.308,ETD=1710.41}xxxxxxxxxxxxxxxxxxxxx.{EPS=144.051,ETD=1871.63}xxxxxxxxxxxxxxxxxxxx.{EPS=145.943,ETD=1654.13}xxxxxxxxxxxxxxxxxxxxx.{EPS=146.242,ETD=1622}xxxxxxxxxxxxxxxxxxxxxx.{EPS=148.017,ETD=1600.18}xxxxxxxxxxxxxxxxxxxxxxx.{EPS=148.236,ETD=1616.19}xxxxxxxxxxxxxxxxxxxxxxxxxx.{EPS=148.987,ETD=1748.44}xxxxxxxxxxxxxxxxxxxxxxxx.{EPS=151.976,ETD=1888.39}xxxxxxxxxxxxxxxxxxxxx.{EPS=152.022,ETD=1888.53}xxxxxxxxxxxxxxxxxxxx.{EPS=148.898,ETD=1803.6}xxxxxxxxxxxxxxxxxxxxxxx.{EPS=145.645,ETD=1696.14}xxxxxxxxxxxxxxxxxxxxxx.{EPS=143.39,ETD=1610.87}xxxxxxxxxxxxxxxxxxxxxxx.{EPS=142.086,ETD=1525.06}xxxxxxxxxxxxxxxxxxxxxx.{EPS=139.237,ETD=1560.72}xxxxxxxxxxxxxxxxxxxxxxxx.{EPS=136.166,ETD=1540.96}xxxxxxxxxxxxxxxxxxxxxx.{EPS=132.24,ETD=1454.15}xxxxxxxxxxxxxxxxxxxxxxxxx.{EPS=128.833,ETD=1221.25}xxxxxxxxxxxxxxxxxxxxxxxxxx.{EPS=124.906,ETD=1293.12}xxxxxxxxxxxxxxxxxxxxxxxxxxx.{EPS=127.551,ETD=1672.85}xxxxxxxxxxxxxxxxxxxxxxxx.{EPS=130.107,ETD=1926.63}xxxxxxxxxxxxxxxxxxxxxxxxxx.{EPS=131.337,ETD=2106.87}xxxxxxxxxxxxxxxxxxxxxxxxx.{EPS=130.89,ETD=2291.77}xxxxxxxxxxxxxxxxxxxxxxxxxx.{EPS=129.735,ETD=2408.56}xxxxxxxxxxxxxxxxxxxxxxxxxxx.{EPS=131.579,ETD=2487.65}xxxxxxxxxxxxxxxxxxxxxxxxxx.{EPS=133.833,ETD=2611.41}xxxxxxxxxxxxxxxxxxxxxxxxxxxx.{EPS=133.583,ETD=2806.23}xxxxxxxxxxxxxxxxxxxxxxxxxx.{EPS=130.617,ETD=2763.8}xxxxxxxxxxxxxxxxxxxxxxxxxxx.{EPS=130.959,ETD=2660.85}xxxxxxxxxxxxxxxxxxxxxxxxxxx.{EPS=126.646,ETD=2316.17}xxxxxxxxxxxxxxxxxxxxxxxxxxx.{EPS=122.279,ETD=2111.63}xxxxxxxxxxxxxxxxxxxxxxxxxx.{EPS=120.511,ETD=2048.64}xxxxxxxxxxxxxxxxxxxxxxxxx.{EPS=119.417,ETD=1907.29}xxxxxxxxxxxxxxxxxxxxxxxxx.{EPS=118.231,ETD=1845.97}xxxxxxxxxxxxxxxxxxxxxxxxx.{EPS=117.123,ETD=1596.52}xxxxxxxxxxxxxxxxxxxxxxxx.{EPS=115.207,ETD=1324.04}xxxxxxxxxxxxxxxxxxxxxxx.{EPS=115.022,ETD=1075.38}xxxxxxxxxxxxxxxxxxxxxxxxx.{EPS=116.686,ETD=873.386}xxxxxxxxxxxxxxxxxxxxxxxxx.{EPS=115.234,ETD=805.182}xxxxxxxxxxxxxxxxxxxxxxxxx.{EPS=113.636,ETD=884.066}xxxxxxxxxxxxxxxxxxxxxxxxxxxx.{EPS=113.74,ETD=937.484}xxxxxxxxxxxxxxxxxxxxxxxxxx.{EPS=113.122,ETD=949.072}xxxxxxxxxxxxxxxxxxxxxxxxxx.{EPS=114.626,ETD=1028.94}xxxxxxxxxxxxxxxxxxxxxxxxx.{EPS=118.455,ETD=1080.85}xxxxxxxxxxxxxxxxxxxxxxxxx.{EPS=120.685,ETD=1163.96}xxxxxxxxxxxxxxxxxxxxxxxxxxx.{EPS=122.22,ETD=1261.05}xxxxxxxxxxxxxxxxxxxxxxxxx.{EPS=123.335,ETD=1287.43}xxxxxxxxxxxxxxxxxxxxxxxxxx.{EPS=122.399,ETD=1300.61}xxxxxxxxxxxxxxxxxxxxxxxxx.{EPS=121.951,ETD=1324.15}xxxxxxxxxxxxxxxxxxx.{EPS=126.295,ETD=1325.09}xxxxxxxxxxxxxx.{EPS=128.469,ETD=2033.46}xxxxxxxxxxxxxxxxxxxxxxx.{EPS=130.31,ETD=2179.32}xxxxxxxxxxxxxxxxxxxxxxx.{EPS=130.582,ETD=1968.78}xxxxxxxxxxxxxxxxxxxxxxxx.{EPS=126.486,ETD=1807.39}xxxxxxxxxxxxxxxxxxxxxxxx.{EPS=123.671,ETD=1719.68}xxxxxxxxxxxxxxxxxxxxxxx.{EPS=122.011,ETD=1617.95}xxxxxxxxxxxxxxxxxxxxxxxxx.{EPS=119.133,ETD=1585.95}xxxxxxxxxxxxxxxxxxxxxxxxxx.{EPS=118.821,ETD=1580.77}xxxxxxxxxxxxxxxxxxxxx.{EPS=119.962,ETD=1646.21}xxxxxxxxxxxxxxxxxxxxxxxx.{EPS=117.316,ETD=1457.04}xxxxxxxxxxxxxxxxxxxxxxxxxx.{EPS=116.333,ETD=571.918}xxxxxxxxxxxxxxxxxxxxxxx.{EPS=116.387,ETD=396.788}xxxxxxxxxxxxxxxxxxxx.{EPS=112.082,ETD=1349.87}xxxxxxxxxxx.{EPS=109.146,ETD=2211.84}xxxxxxxxxxxxxxxxxxxxx.{EPS=109.218,ETD=2672.67}xxxxxxxxxxxxxxxxxxxxxxxxx.{EPS=108.719,ETD=2671.23}xxxxxxxxxxxxxxxxxxxxxxxxxx.{EPS=111.161,ETD=2667.19}xxxxxxxxxxxxxxxxxxxxxxxx.{EPS=112.007,ETD=2689.23}xxxxxxxxxxxxxxxxxxxxxxxxx.{EPS=111.832,ETD=2475.81}xxxxxxxxxxxxxxxxxxxxxxxxxxx.{EPS=110.424,ETD=2479.57}xxxxxxxxxxxxxxxxxxxxxxxx.{EPS=110.181,ETD=2511.97}xxxxxxxxxxxxxxxxxxxxxx.{EPS=110.011,ETD=2484.22}xxxxxxxxxxxxxxxxxxxxxxxx.{EPS=112.74,ETD=1531.45}xxxxxxxxxxxxxxxxxxxxxx.{EPS=116.414,ETD=763.39}xxxxxxxxxxxxxxxxxxxxxxxx.{EPS=117.206,ETD=332.244}xxxxxxxxxxxxxxxxxxxxxx.{EPS=118.203,ETD=459.458}xxxxxxxxxxxxxxxxxxxxxxx.{EPS=118.287,ETD=488.532}xxxxxxxxxxxxxxxxxxxxxxx.{EPS=116.523,ETD=489.864}xxxxxxxxxxxxxxxxxxxxxx.{EPS=116.496,ETD=648.646}xxxxxxxxxxxxxxxxxxxxxxxxxx.{EPS=116.225,ETD=645.25}xxxxxxxxxxxxxxxxxxxxxxxxx.{EPS=114.626,ETD=613.082}xxxxxxxxxxxxxxxxxxxxxxxx.{EPS=111.982,ETD=1067.33}xxxxxxxxxxxxxxxxxxxxxxxxxxx.{EPS=110.595,ETD=2001.46}xxxxxxxxxxxxxx.{EPS=106.815,ETD=3028.22}xxxxxxxxxxxxxxxxxxxx.{EPS=105.175,ETD=3856.21}xxxxxxxxxxxxxxxxx.{EPS=105.197,ETD=4454.44}xxxxxxxxxxxxxxxxxxxxxxxx.{EPS=105.042,ETD=4485.49}xxxxxxxxxxxxxxxxxxxxxxxxxx.{EPS=104.844,ETD=5524.89}xxxxxxxxxxxxxxxxxxxxxxxxx.{EPS=103.434,ETD=5365.14}xxxxxxxxxxxxxxxxxxxxxxxx.{EPS=103.135,ETD=5617.21}xxxxxxxxxxxxxxxxxxxxxxxxx.{EPS=104.319,ETD=5615.79}xxxxxxxxxxxxxxxxxxxxxxxx.{EPS=106.135,ETD=5067.57}xxxxxxxxxxxxxxxxxxxxxxx.{EPS=106.883,ETD=4387.82}xxxxxxxxxxxxxxxxxxxxxxx.{EPS=108.015,ETD=3990.1}xxxxxxxxxxxxxxxxxxxxxxxxx.{EPS=107.805,ETD=3130.24}xxxxxxxxxxxxxxxxxxxxxxxxxx.{EPS=105.463,ETD=2405.46}xxxxxxxxxxxxxxxxxxxxxxxxxx.{EPS=103.242,ETD=2346.01}xxxxxxxxxxxxxxxxxxxxxxxx.{EPS=103.242,ETD=1306.99}xxxxxxxxxxxxxxxxxxxxxxxx.{EPS=103.37,ETD=1306.94}xxxxxxxxxxxxxxxxxxxxxxxx.{EPS=102.564,ETD=1055.31}xxxxxxxxxxxxxxxxxxxxxxxxxx.{EPS=99.5619,ETD=1055.91}xxxxxxxxxxxxxxxxxxxxxxxxxx.{EPS=96.1354,ETD=1029.37}xxxxxxxxxxtxxxxxxxxxxxxx.{EPS=94.4287,ETD=903.104}xxxxxxxxxxxxxxxxxxxxxxxx.{EPS=94.7867,ETD=180.326}xxxxxxxxxxxxxxxxxxxxxxxxx.{EPS=93.3358,ETD=567.832}xxxxxxxxxxxxxxxxxxxxxxxx.{EPS=93.2662,ETD=1144.36}xxxxxxxxxxxxxxxxxxxxx.{EPS=94.6253,ETD=1332.28}xxxxxxxxxxxxxxxxxxxxxxx.{EPS=94.9487,ETD=1427.44}xxxxxxxxxxxxxxxxxxxxxxxxx.{EPS=95.3289,ETD=1588.59}xxxxxxxxxxxxxxxxxxxxxx.{EPS=96.6557,ETD=1940.4}xxxxxxxxxxxxxxxxxxxxxxx.{EPS=98.7167,ETD=1971.14}xxxxxxxxxxxxxxxxxxxxxxxxxx.{EPS=101.276,ETD=1967.09}xxxxxxxxxxxxxxxxxxxxxxxxxx.{EPS=100.523,ETD=1841.27}xxxxxxxxxxxxxxxxxxxxxxxxxx.{EPS=101.297,ETD=1843.52}xxxxxxxxxxxxxxxxxxxxxxxxx.{EPS=102.796,ETD=1556.45}xxxxxxxxxxxxxxxxxxxxxxxx.{EPS=104.015,ETD=1239.62}xxxxxxxxxxxxxxxxxxxxxxxxx.{EPS=102.733,ETD=1049.2}xxxxxxxxxxxxxxxxxxxxxxx.{EPS=103.306,ETD=1381.16}xxxxxxxxxxxxx.{EPS=99.9201,ETD=2334.72}xxxxxxxxxxxxxxxxxxxxxxxxxx.{EPS=98.7947,ETD=3063.21}xxxxxxxxxx.{EPS=95.1294,ETD=4177.73}xxxxxxxxx.{EPS=92.1319,ETD=5420.94}xxxxxxxxxxxxxxx.{EPS=91.0581,ETD=6430.25}xxxxxxxxxxxxxxxxxxxxxxx.{EPS=90.4159,ETD=6718.94}xxxxxxxxxxxxxxxxxxxxxxxxx.{EPS=89.3176,ETD=7328.57}xxxxxxxxxxxxxxxxxxxxxx.{EPS=88.4486,ETD=7389.07}xxxxxxxxxxxxxxxxxxxxxxx.{EPS=86.9716,ETD=7388.23}xxxxxxxxxxxxxxxxxxxxxxxx.{EPS=85.3679,ETD=6960.67}xxxxxxxxxxxxxxxxxxxxxxxxx.{EPS=85.9993,ETD=5847}xxxxxxxxxxxxxxxxxxxxxxxxxx.{EPS=85.1644,ETD=4768.88}xxxxxxxxxxxxxxxxxxxxxxxx.{EPS=86.881,ETD=3690.39}xxxxxxxxxxxxxxxxxxxxxxxxx.{EPS=87.8735,ETD=2446.17}xxxxxxxxxxxxxxxxxxxxxxxxx.{EPS=89.6539,ETD=1761.29}xxxxxxxxxxxxxxxxxxxxxxxxxx.{EPS=88.7942,ETD=1469.33}xxxxxxxxxxxxxxxxxxxxxxxxx.{EPS=88.6525,ETD=792.69}xxxxxxxxxxxxxxxxxxxxxx.{EPS=88.9363,ETD=504.49}xxxxxxxxxxxxxxxxxxxxxxx.{EPS=88.5583,ETD=504.798}xxxxxxxxxxxxxxxxxxxxxxxx.{EPS=87.26,ETD=638.992}xxxxxxxxxxxxxxxxxxxxx.{EPS=88.8573,ETD=834.664}xxxxxxxxxxxxxxxxxxxx.{EPS=88.4643,ETD=1644.71}xxxxxxxxxx.{EPS=85.0774,ETD=2714.5}xxxxxxxxxxxxxxxxxx.{EPS=83.3611,ETD=3524.71}xxxxxxxxxxxxxxxxxxxxxxxx.{EPS=83.4725,ETD=4075.23}xxxxxxxxxxxxxxxxxxxxx.{EPS=84.0619,ETD=4390.63}xxxxxxxxxxxxxxxxxxxxxx.{EPS=85.0919,ETD=4587.41}xxxxxxxxxxxxxxxxxxxxxx.{EPS=85.8664,ETD=4669.87}xxxxxxxxxxxxxxxxxxxxxxx.{EPS=87.7501,ETD=4814.09}xxxxxxxxxxxxxxxxxxxxxxx.{EPS=90.5469,ETD=4850.88}xxxxxxxxxxxxxxxxxxxx.{EPS=90.4486,ETD=4916.07}xxxxxxxxxxxxxxxxxxxxx.{EPS=92.1829,ETD=4219.18}xxxxxxxxxxxxxxxxxxxxxxx.{EPS=97.5229,ETD=3140.17}xxxxxxxxxxxxxxxxxxxxxx.{EPS=101.626,ETD=2329.9}xxxxxxxxxxxxxxxxxxxxxx.{EPS=102.166,ETD=1453.14}xxxxxxxxxxxxxxxxxxxxx.{EPS=103.756,ETD=1289.26}xxxxxxxxxxxxxxxxxxxxxxxxxx.{EPS=103.756,ETD=1798.85}xxxxxxxxxxxxxxxxxxx.{EPS=100.381,ETD=2482.36}xxxxxxxxxxxxxxxxxxxxxxxx.{EPS=100.908,ETD=2426.25}xxxxxxxxxxxxxxxxxxxxx.{EPS=98.9511,ETD=2549.56}xxxxxxxxxxxxxxxxxxxxxxxxx.{EPS=99.3838,ETD=3233.4}xxxxxxxxxxxxxxxxxxxxxxxxxxx.{EPS=96.8992,ETD=4007.19}xxxxxxxxxxxxxxxxxxxxxxxxxxx.{EPS=93.3184,ETD=4868.34}xxxxxxxxxxxxxxxxxxxxxxxxxxx.{EPS=91.2742,ETD=5704.84}xxxxxxxxxxxxxxxxxxxxxxxxxx.{EPS=88.9996,ETD=6541.23}xxxxxxxxxxxxxxxxxxxxxxxxxxx.{EPS=86.8056,ETD=6865.17}xxxxxxxxxxxxxxxxxxxxxxxxxx.{EPS=84.1609,ETD=6769.21}xxxxxxxxxxxxxxxxxxxxxxxxxx.{EPS=83.5282,ETD=6811.19}xxxxxxxxxxxxxxxxxxxxxxxxxxx.{EPS=81.3405,ETD=7423.98}xxxxxxxxxxxxxxxxxxxxxxxxx.{EPS=81.646,ETD=7986.17}xxxxxxxxxxxxxxxxxxxxxxxxx.{EPS=82.1558,ETD=7880.6}xxxxxxxxxxxxxxxxxxxxxx.{EPS=83.2224,ETD=7469.4}xxxxxxxxxxxxxxxxxxxxxxxxxx.{EPS=86.9263,ETD=7605.49}xxxxxxxxxxxxxxxxxxxxx.{EPS=87.7501,ETD=7161.53}xxxxxxxxxxxxxxxxxxxxx.{EPS=89.9281,ETD=6889.56}xxxxxxxxxxxxxxxxxxxxxx.{EPS=91.2076,ETD=6925.48}xxxxxxxxxxxxxxxxxxxxxxx.{EPS=93.214,ETD=6693.44}xxxxxxxxxxxxxxxxxxxxxxxx.{EPS=94.2152,ETD=6669.64}xxxxxxxxxxxxxxxxxxxxxxxxxxx.{EPS=93.2488,ETD=6799.71}xxxxxxxxxxxxxxxxxxxxxxxxxx.{EPS=89.8957,ETD=6744.12}xxxxxxxxxxxxxxxxxxxxxxxx.{EPS=89.0631,ETD=5927.62}xxxxxxxxxxxxxxxxxxxxxxxx.{EPS=88.5583,ETD=5780.94}xxxxxxxxxxxxxxxxxxxxxxxx.{EPS=86.6101,ETD=4984.28}xxxxxxxxxxxxxxxxxxxxxxxxx.{EPS=86.7303,ETD=4592.61}xxxxxxxxxxxxxxxxxxxxxxxx.{EPS=85.9254,ETD=4050.88}xxxxxxxxxxxxxxxxxxxxxxxx.{EPS=85.5578,ETD=3610.55}xxxxxxxxxxxxxxxxxxxxxxxxxx.{EPS=86.2813,ETD=3199.55}xxxxxxxxxxxxxxxxxxxxxxxxxx.{EPS=87.2448,ETD=2384.63}xxxxxxxxxxxxxxxxxxxxxxx.{EPS=89.2857,ETD=1767.55}xxxxxxxxxxxxxxxxxxxxxxx.{EPS=92.1489,ETD=934.524}xxxxxxxxxxxxxxxxxxxxxxxxx.{EPS=90.2853,ETD=913.288}xxxxxxxxxxxxxxxxxxxxxxxx.{EPS=89.4614,ETD=580.952}xxxxxxxxxxxxxxxxxxxxxxxxx.{EPS=88.7154,ETD=322.482}xxxxxxxxxxxxxxxxxxxxxxxx.{EPS=87.7039,ETD=321.532}xxxxxxxxxxxxxxxxxxxxxxxxx.{EPS=86.8357,ETD=298.636}xxxxxxxxxxxxxxxxxxxxxxxx.{EPS=85.9697,ETD=228.634}xxxxxxxxxxxxxxxxxxxxxxxxx.{EPS=85.6751,ETD=236.614}xxxxxxxxxxxxxxxxxxxxxxxxx.{EPS=85.4117,ETD=240.942}xxxxxxxxxxxxxxxxxxxxxxxxxx.{EPS=84.7027,ETD=44.85}xxxxxxxxxxxxxxxxxxxxxxxxx.{EPS=84.4595,ETD=57.962}xxxxxxxxxxxxxxxxxxxxxxxxx.{EPS=83.5143,ETD=67.74}xxxxxxxxxxxxxxxxxxxxxxxxx.{EPS=84.2318,ETD=75.238}xxxxxxxxxxxxxxxxxxxxxxxxx.{EPS=84.3313,ETD=75.65}xxxxxxxxxxxxxxxxxxxxxxxxxx.{EPS=84.631,ETD=76.328}xxxxxxxxxxxxxxxxxxxxxxxxxxx.{EPS=83.8082,ETD=103.758}xxxxxxxxxxxxxxxxxxxxxxxxxxx.{EPS=82.7815,ETD=151.902}xxxxxxxxxxxxxxxxxxxxxxxxxx.{EPS=81.9672,ETD=175.924}xxxxxxxxxxxxxxxxxxxxxxxxxxxx.{EPS=80.4117,ETD=209.344}xxxxxxxxxxxxxxxxxxxxxxxxxx.{EPS=79.9105,ETD=221.386}xxxxxxxxxxxxxxxxxxxxxxxxxx.{EPS=79.4913,ETD=244.352}xxxxxxxxxxxxxxxxxxxxxxxxx.{EPS=80.2697,ETD=274.266}xxxxxxxxxxxxxxxxxxxxxxxx.{EPS=80.2826,ETD=292.402}xxxxxxxxxxxxxxxxxxxxxxxxx.{EPS=80.9585,ETD=292.626}xxxxxxxxxxxxxxxxxxxxxxxxxx.{EPS=81.6593,ETD=294.376}xxxxxxxxxxxxxxxxxxxxxxxxx.{EPS=83.5701,ETD=270.626}xxxxxxxxxxxxxxxxxxxxxxxxxxx.{EPS=83.5561,ETD=227.584}xxxxxxxxxxxxxxxxxxxxxxxxxxx.{EPS=83.7521,ETD=201.902}xxxxxxxxxxxxxxxxxxxxxxxx.{EPS=84.8896,ETD=349.236}xxxxxxxxxxxxxxxxxxxxxxxxxx.{EPS=84.3313,ETD=319.198}xxxxxxxxxxxxxxxxxxxxxxxxx.{EPS=83.1947,ETD=311.88}xxxxxxxxxxxxxxxxxxxxxxxxx.{EPS=82.3452,ETD=269.718}xxxxxxxxxxxxxxxxxxxxxxxxx.{EPS=80.9848,ETD=245.568}xxxxxxxxxxxxxxxxxxxxxxxxx.{EPS=78.8022,ETD=272.168}xxxxxxxxxxxxxxxxxxxxxxxxx.{EPS=77.7847,ETD=269.72}xxxxxxxxxxxxxxxxxxxxxxxxxxx.{EPS=76.3126,ETD=565.312}xxxxxxxxxxxxxxxxxxxxxxxx.{EPS=76.1963,ETD=1020.62}xxxxxxxxxxxxxxxxxxxxxxxx.{EPS=75.3239,ETD=1148}xxxxxxxxxxxxxxxxxxxxxxxxxx.{EPS=74.085,ETD=1605.07}xxxxxxxxxxxxxxxxxxxxxxxxxxx.{EPS=74.0521,ETD=1604.81}xxxxxxxxxxxxxxxxxxxxxxxxxxxx.{EPS=74.6269,ETD=1578.35}xxxxxxxxxxxxxxxxxxxxxxxxx.{EPS=74.4713,ETD=1605.53}xxxxxxxxxxxxxxxxxxxxxxxxx.{EPS=74.4491,ETD=1604.03}xxxxxxxxxxxxxxxxxxxxxxxxx.{EPS=74.2721,ETD=1577.31}xxxxxxxxxxxxxxxxxxxxxxxxxxxx.{EPS=72.685,ETD=1636.87}xxxxxxxxxxxxxxxxxxxxxx