Parsing and Instantiating...
Warning: rounding numeric constants such as 12.2547 to an accuracy of 0.001
Done
One way facts...
Mutex groups...
Semaphore Facts...
Envelope Facts...
One-shot actions...
(bs-dispense c-bs input wp1 base_black) is 1 shot
(bs-dispense c-bs output wp1 base_black) is 1 shot
(bs-dispense c-bs input wp1 base_red) is 1 shot
(bs-dispense c-bs output wp1 base_red) is 1 shot
(bs-dispense c-bs input wp1 base_silver) is 1 shot
(bs-dispense c-bs output wp1 base_silver) is 1 shot
(bs-dispense c-bs input wp1 base_black) is 1 shot
(bs-dispense c-bs output wp1 base_black) is 1 shot
(bs-dispense c-bs input wp1 base_red) is 1 shot
(bs-dispense c-bs output wp1 base_red) is 1 shot
(bs-dispense c-bs input wp1 base_silver) is 1 shot
(bs-dispense c-bs output wp1 base_silver) is 1 shot
(prepare-ds r-1 c-ds gate-1) is 1 shot
(prepare-ds r-2 c-ds gate-1) is 1 shot
(prepare-ds r-3 c-ds gate-1) is 1 shot
(prepare-ds r-1 c-ds gate-2) is 1 shot
(prepare-ds r-2 c-ds gate-2) is 1 shot
(prepare-ds r-3 c-ds gate-2) is 1 shot
(prepare-ds r-1 c-ds gate-3) is 1 shot
(prepare-ds r-2 c-ds gate-3) is 1 shot
(prepare-ds r-3 c-ds gate-3) is 1 shot
(wp-get-shelf r-1 cg1 c-cs1 left) is 1 shot
(wp-get-shelf r-2 cg1 c-cs1 left) is 1 shot
(wp-get-shelf r-3 cg1 c-cs1 left) is 1 shot
(wp-get-shelf r-1 cg2 c-cs1 middle) is 1 shot
(wp-get-shelf r-2 cg2 c-cs1 middle) is 1 shot
(wp-get-shelf r-3 cg2 c-cs1 middle) is 1 shot
(wp-get-shelf r-1 cg3 c-cs1 right) is 1 shot
(wp-get-shelf r-2 cg3 c-cs1 right) is 1 shot
(wp-get-shelf r-3 cg3 c-cs1 right) is 1 shot
(wp-get-shelf r-1 cb1 c-cs2 left) is 1 shot
(wp-get-shelf r-2 cb1 c-cs2 left) is 1 shot
(wp-get-shelf r-3 cb1 c-cs2 left) is 1 shot
(wp-get-shelf r-1 cb2 c-cs2 middle) is 1 shot
(wp-get-shelf r-2 cb2 c-cs2 middle) is 1 shot
(wp-get-shelf r-3 cb2 c-cs2 middle) is 1 shot
(wp-get-shelf r-1 cb3 c-cs2 right) is 1 shot
(wp-get-shelf r-2 cb3 c-cs2 right) is 1 shot
(wp-get-shelf r-3 cb3 c-cs2 right) is 1 shot
Integral variables...
Variable bounds...
Static numeric conditions...
Duration bounds...
TIL time window analysis...
Bounding action timestamps due to time windows...
(order-delivery-window-open o1) forms a window with range [0.000,150.000]
Bounds on (fulfill-order-c0-within-tw o1 wp1 c-ds gate-3 base_black cap_black) (duration [0.010,0.010]):
	0: [0.000,149.990]
	1: [0.000,149.990]
	2: [0.010,150.000]
(can-commit-for-ontime-delivery o1) forms a window with range [0.000,15.000]
Bounds on (commit-to-ontime-delivery o1) (duration [0.010,0.010]):
	0: [0.000,14.999]
	1: [0.000,14.999]
	2: [0.010,15.009]
Bounds on (do-not-commit-to-ontime-delivery o1) (duration [0.010,0.010]):
	0: [0.000,14.999]
	1: [0.000,14.999]
	2: [0.010,15.009]
Dominance constraints (excluding processes and events)...
Damaging events...
Dominance constraints (including processes and events)...
Variable monotonicity...
Max/min needed values for any single precondition...
Irrelevant action pruning by backward reachability from goal...
Uninterestingness criteria...
Compression-safe actions...
Compression-safe invariants...
64% of durative actions in this problem are compression safe
Goal Goal [1]
    (order-fulfilled o1)

Finishing preprocessing.  Making a TRPG heuristic...
Making an open list...
Running WA* search (g weight = 1, h weight = 5)
{(order-delivery-window-open o1),(can-commit-for-ontime-delivery o1),(location-free start input),(location-free c-bs input),(location-free c-bs output),(location-free c-cs1 input),(location-free c-cs1 output),(location-free c-cs2 input),(location-free c-cs2 output),(location-free c-ds input),(location-free c-ds output),(cs-can-perform c-cs1 cs_retrieve),(cs-can-perform c-cs2 cs_retrieve),(wp-base-color wp1 base_none),(wp-cap-color wp1 cap_none),(wp-ring1-color wp1 ring_none),(wp-ring2-color wp1 ring_none),(wp-ring3-color wp1 ring_none),(wp-unused wp1),(robot-waiting r-1),(robot-waiting r-2),(robot-waiting r-3),(mps-state c-bs idle),(mps-state c-cs1 idle),(mps-state c-cs2 idle),(mps-state c-ds idle),(wp-cap-color cg1 cap_grey),(wp-cap-color cg2 cap_grey),(wp-cap-color cg3 cap_grey),(wp-on-shelf cg1 c-cs1 left),(wp-on-shelf cg2 c-cs1 middle),(wp-on-shelf cg3 c-cs1 right),(wp-cap-color cb1 cap_black),(wp-cap-color cb2 cap_black),(wp-cap-color cb3 cap_black),(wp-on-shelf cb1 c-cs2 left),(wp-on-shelf cb2 c-cs2 middle),(wp-on-shelf cb3 c-cs2 right)}
[]
Initial heuristic = 26
Initial stats: t=0.02s, 8092kb
b (23 @ n=3, t=0.02s, 8092kb)b (22 @ n=32, t=0.02s, 8092kb)Warning: self overlapping Action 434:1 at 1
b (21 @ n=121, t=0.04s, 8276kb)b (20 @ n=143, t=0.04s, 8276kb)xd.{EPS=961.538,ETD=20.102}xxxxb (19 @ n=444, t=0.1s, 8784kb).{EPS=1030.93,ETD=40.3838}b (18 @ n=546, t=0.12s, 9080kb)db (16 @ n=668, t=0.15s, 9656kb)dd.{EPS=630.252,ETD=27.1745}dd.{EPS=533.333,ETD=21.005}b (15 @ n=1409, t=0.4s, 16860kb)b (14 @ n=1438, t=0.41s, 17148kb)b (13 @ n=1442, t=0.41s, 17244kb)db (11 @ n=1484, t=0.43s, 17748kb)b (10 @ n=1536, t=0.46s, 18596kb)b (9 @ n=1539, t=0.46s, 18596kb)b (8 @ n=1542, t=0.46s, 18596kb)b (7 @ n=1550, t=0.46s, 18704kb)b (6 @ n=1557, t=0.47s, 18828kb)b (5 @ n=1564, t=0.47s, 18960kb)d.{EPS=547.046,ETD=17.4217}x.{EPS=622.407,ETD=17.2007}dd.{EPS=628.366,ETD=16.4642}x.{EPS=637.959,ETD=15.5288}.{EPS=688.073,ETD=15.7016}.{EPS=727.802,ETD=15.7375}xd.{EPS=744.048,ETD=20.702}.{EPS=766.871,ETD=19.184}xd.{EPS=863.558,ETD=22.102}.{EPS=1070.66,ETD=23.39}dxd.{EPS=1144.16,ETD=28.834}dx.{EPS=1106.19,ETD=29.808}.{EPS=1190.48,ETD=29.8}.{EPS=1333.33,ETD=30.4}xd.{EPS=1213.59,ETD=33.338}xdx.{EPS=1179.25,ETD=32.794}xxxxx.{EPS=1157.41,ETD=26.946}xxxxxxxx.{EPS=1070.66,ETD=22.918}xdxxxxxxx.{EPS=1084.6,ETD=20.418}xxxxxxx.{EPS=982.318,ETD=19.348}xxdxxxxxx.{EPS=934.579,ETD=14.088}xxxxxxxx.{EPS=860.585,ETD=12.024}xdxxxxxx.{EPS=792.393,ETD=11.326}xxxxxxxx.{EPS=706.215,ETD=10.306}xxdxxxxxx.{EPS=666.667,ETD=6.18}xxxxxxxx.{EPS=608.273,ETD=5.598}xdxxxxxx.{EPS=553.71,ETD=4.98}xxxxxxxx.{EPS=500.501,ETD=5.02}xxdxxxxxx.{EPS=449.64,ETD=5}xxxxxxxx.{EPS=414.594,ETD=5}xdxxxxxxx.{EPS=386.1,ETD=5.02}xxxxxxx.{EPS=357.398,ETD=4.98}xxdxxxxxx.{EPS=332.226,ETD=4.98}xxxxxxxx.{EPS=308.833,ETD=5.02}xdxxxxxx.{EPS=285.714,ETD=5}xxxxxxxx.{EPS=265.393,ETD=5}xxdxxxxxx.{EPS=247.525,ETD=5.02}xxxxxxxx.{EPS=231.803,ETD=4.98}xdxxxxxx.{EPS=218.627,ETD=4.98}xxxxxxxx.{EPS=203.832,ETD=5.02}xxdxxxxxx.{EPS=188.537,ETD=5}xxxxxxxx.{EPS=176.367,ETD=5}xdxxxxxxx.{EPS=164.636,ETD=5.02}xxxxxxx.{EPS=152.068,ETD=4.98}xxdxxxxxx.{EPS=143.678,ETD=4.98}xxxxxxxx.{EPS=135.501,ETD=5.02}xdxxxxxx.{EPS=127.453,ETD=5}xxxxxxxx.{EPS=120.627,ETD=5}xxdxxxxxx.{EPS=114.469,ETD=5.02}xxxxxxxx.{EPS=108.295,ETD=4.98}xdxxxxxx.{EPS=103.306,ETD=4.98}xxxxxxxx.{EPS=98.2125,ETD=5.02}xxdxxxxxx.{EPS=93.3707,ETD=5}xxxxxxxx.{EPS=89.5897,ETD=5}xdxxxxxxx.{EPS=85.1499,ETD=5.02}xxxxxxx.{EPS=80.6452,ETD=4.98}xxdxxxd.{EPS=79.9488,ETD=10.254}d.{EPS=85.3242,ETD=10.926}dd.{EPS=91.659,ETD=14.744}ddx.{EPS=99.3838,ETD=15.386}dd.{EPS=109.769,ETD=16.55}ddd.{EPS=121.921,ETD=20.358}ddd.{EPS=141.965,ETD=206.774}dddd.{EPS=172.176,ETD=524.842}dddd.{EPS=221.141,ETD=849.548}dddd.{EPS=324.675,ETD=1181.78}dddxdd.{EPS=462.107,ETD=1515.73}dddddd.{EPS=478.469,ETD=1860.91}dddxddd.{EPS=502.008,ETD=2208.57}dddxddd.{EPS=551.268,ETD=2565.76}dddd.{EPS=603.865,ETD=2931.57}x~~~~~~~~~~~~~~~~~~~~~~~~~~~~~~~~~~~~~~~~~~~~~~~~~~~~~~~~~~~~~~~~~~~~~~~~~~~~~~~~~~~~~~~~~~~~~~~~~~~~~~~~~~~~~~~~~~~~~~~~~~~~~~~~~~~~~~~~~~~~~~~~~~~~~~~~~~~~~~~~~~~~~~~~~~~~~~~~~~~~~~~~~~~~~~~~~~~~~~~~~~~~~~~~~~~~~~~~~~~~~~~~~~~~~~~~~~~~~~~~~~~~~~~~~~~~~~~~~~~~~~~~~~~~~~~~~~~~~~~~~~~~~~~~~~~~~~~~~~~~~~~~~~~~~~~~~~~~~~~~~~~~~~~~~~~~~~~~~~~~~~~~~~~~~~~~~~~~~~~~~~~~~~~~~~~~~~~~~~~~~~~~~~~~~~~~~~~~~~~~~~~~~~~~~~~~~~~~~~~~~~~~~~~~~~~~~~~~~~~~~~~~~~~~~~~~~~~~~~~~~~~~~~~~~~~~~~~~~~~~~~~~~~~~~~~~~~~~~~~~~~~~~~~~~~~~~~~~~~~~~~~~~~~~~~~~~~~~~~~~~~~~~~~~~~~~~~~~~~~~~~~~~~~~~~~~~~~~~~~~~~~~~~~~~~~~~~~~~~~~~~~~~~~~~~~~~~~~~~~~~~~~~~~~~~~~~~~~~~~~~~~~~~~~~~~~~~~~~~~~~~~~~~~~~~~~~~~~~~~~~~~~~~~~~~~~~~~~~~~~~~~~~~~~~~~~~~~~~~~~~~~~~~~~~~~~~~~~~~~~~~~~~~~~~~~~~~~~~~~~~~~~~~~~~~~~~~~~~~~~~~~~~~~~~~~~~~~~~~~~~~~~~~~~~~~~~~~~~~~~~~~~~~~~~~~~~~~~~~~~~~~~~~~~~~~~~~~~~~~~~~~~~~~~~~~~~~~~~~~~~~~~~~~~~~~~~~~~~~~~~~~~~~~~~~~~~~~~~~~~~~~~~~~~~~~~~~~~~~~~~~~~~~~~~~~~~~~~~~~~~~~~~~~~~~~~~~~~~~~~~~~~~~~~~~~~~~~~~~~~~~~~~~~~~~~~~~~~~~~~~~~~~~~~~~~~~~~~~~~~~~~~~~~~~~~~~~~~~~~~~~~~~~~~~~~~~~~~~~~~~~~~~~~~~~~~~~~~~~~~~~~~~~~~~~~~~~~~~~~~~~~~~~~~~~~~~~~~~~~~~~~~~~~~~~~~~~~~~~~~~~~~~~~~~~~~~~~~~~~~~~~~~~~~~~~~~~~~~~~~~~~~~~~~~~~~~~~~~~~~~~~~~~~~~~~~~~~~~~~~~~~~~~~~~~~~~~~~~~~~~~~~~~~~~~~~~~~~~~~~~~~~~~~~~~~~~~~~~~~~~~~~~~~~~~~~~~~~~~~~~~~~~~~~~~~~~~~~~~~~~~~~~~~~~~~~~~~~~~~~~~~~~~~~~~~~~~~~~~~~~~~~~~~~~~~~~~~~~~~~~~~~~~~~~~~~~~~~~~~~~~~~~~~~~~~~~~~~~~~~~~~~~~~~~~~~~~~~~~~~~~~~~~~~~~~~~~~~~~~~~~~~~~~~~~~~~~~~~~~~~~~~~~~~~~~~~~~~~~~~~~~~~~~~~~~~~~~~~~~~~~~~~~~~~~~~~~~~~~~~~~~~~~~~~~~~~~~~~~~~~~~~~~~~~~~~~~~~~~~~~~~~~~~~~~~~~~~~~~~~~~~~~
;;;; Problem Unsolvable
; Nodes Generated: 9933
; Nodes Expanded:  3776
; Nodes Evaluated: 9933
; Nodes Tunneled:  582
; Nodes memoised with open actions: 22900
; Nodes memoised without open actions: 8066
; Nodes pruned by memoisation: 21033
; Time 15.63
