Parsing and Instantiating...
TIL[197.040] @ 0x11d3230 -> { TIL[117.000]}
TIL[236.040] @ 0x11d3890 -> { TIL[156.000]}
Done
One way facts...
Mutex groups...
Semaphore Facts...
Envelope Facts...
One-shot actions...
Integral variables...
Variable bounds...
Static numeric conditions...
Duration bounds...
TIL time window analysis...
Bounding action timestamps due to time windows...
(visible antenna0 satellite2) forms a window with range [117.000,197.040]
Bounds on (send_image satellite2 antenna0 phenomenon5 image2) (duration [10.650,10.650]):
	0: [117.000,186.390]
	1: [117.000,186.390]
	2: [127.650,197.040]
Bounds on (send_image satellite2 antenna0 phenomenon6 image2) (duration [14.570,14.570]):
	0: [117.000,182.470]
	1: [117.000,182.470]
	2: [131.570,197.040]
Bounds on (send_image satellite2 antenna0 phenomenon8 image2) (duration [15.510,15.510]):
	0: [117.000,181.530]
	1: [117.000,181.530]
	2: [132.510,197.040]
Bounds on (send_image satellite2 antenna0 planet9 spectrograph1) (duration [19.190,19.190]):
	0: [117.000,177.850]
	1: [117.000,177.850]
	2: [136.190,197.040]
Bounds on (send_image satellite2 antenna0 star3 thermograph0) (duration [18.110,18.110]):
	0: [117.000,178.930]
	1: [117.000,178.930]
	2: [135.110,197.040]
Bounds on (send_image satellite2 antenna0 star7 thermograph0) (duration [6.990,6.990]):
	0: [117.000,190.050]
	1: [117.000,190.050]
	2: [123.990,197.040]
(visible antenna0 satellite1) forms a window with range [117.000,197.040]
Bounds on (send_image satellite1 antenna0 phenomenon5 image2) (duration [10.650,10.650]):
	0: [117.000,186.390]
	1: [117.000,186.390]
	2: [127.650,197.040]
Bounds on (send_image satellite1 antenna0 phenomenon6 image2) (duration [14.570,14.570]):
	0: [117.000,182.470]
	1: [117.000,182.470]
	2: [131.570,197.040]
Bounds on (send_image satellite1 antenna0 phenomenon8 image2) (duration [15.510,15.510]):
	0: [117.000,181.530]
	1: [117.000,181.530]
	2: [132.510,197.040]
Bounds on (send_image satellite1 antenna0 planet9 spectrograph1) (duration [19.190,19.190]):
	0: [117.000,177.850]
	1: [117.000,177.850]
	2: [136.190,197.040]
Bounds on (send_image satellite1 antenna0 star3 thermograph0) (duration [18.110,18.110]):
	0: [117.000,178.930]
	1: [117.000,178.930]
	2: [135.110,197.040]
Bounds on (send_image satellite1 antenna0 star7 thermograph0) (duration [6.990,6.990]):
	0: [117.000,190.050]
	1: [117.000,190.050]
	2: [123.990,197.040]
(visible antenna0 satellite0) forms a window with range [117.000,197.040]
Bounds on (send_image satellite0 antenna0 phenomenon5 image2) (duration [10.650,10.650]):
	0: [117.000,186.390]
	1: [117.000,186.390]
	2: [127.650,197.040]
Bounds on (send_image satellite0 antenna0 phenomenon6 image2) (duration [14.570,14.570]):
	0: [117.000,182.470]
	1: [117.000,182.470]
	2: [131.570,197.040]
Bounds on (send_image satellite0 antenna0 phenomenon8 image2) (duration [15.510,15.510]):
	0: [117.000,181.530]
	1: [117.000,181.530]
	2: [132.510,197.040]
Bounds on (send_image satellite0 antenna0 planet9 spectrograph1) (duration [19.190,19.190]):
	0: [117.000,177.850]
	1: [117.000,177.850]
	2: [136.190,197.040]
Bounds on (send_image satellite0 antenna0 star3 thermograph0) (duration [18.110,18.110]):
	0: [117.000,178.930]
	1: [117.000,178.930]
	2: [135.110,197.040]
Bounds on (send_image satellite0 antenna0 star7 thermograph0) (duration [6.990,6.990]):
	0: [117.000,190.050]
	1: [117.000,190.050]
	2: [123.990,197.040]
(visible antenna1 satellite2) forms a window with range [156.000,236.040]
Bounds on (send_image satellite2 antenna1 phenomenon5 image2) (duration [10.650,10.650]):
	0: [156.000,225.390]
	1: [156.000,225.390]
	2: [166.650,236.040]
Bounds on (send_image satellite2 antenna1 phenomenon6 image2) (duration [14.570,14.570]):
	0: [156.000,221.470]
	1: [156.000,221.470]
	2: [170.570,236.040]
Bounds on (send_image satellite2 antenna1 phenomenon8 image2) (duration [15.510,15.510]):
	0: [156.000,220.530]
	1: [156.000,220.530]
	2: [171.510,236.040]
Bounds on (send_image satellite2 antenna1 planet9 spectrograph1) (duration [19.190,19.190]):
	0: [156.000,216.850]
	1: [156.000,216.850]
	2: [175.190,236.040]
Bounds on (send_image satellite2 antenna1 star3 thermograph0) (duration [18.110,18.110]):
	0: [156.000,217.930]
	1: [156.000,217.930]
	2: [174.110,236.040]
Bounds on (send_image satellite2 antenna1 star7 thermograph0) (duration [6.990,6.990]):
	0: [156.000,229.050]
	1: [156.000,229.050]
	2: [162.990,236.040]
(visible antenna1 satellite1) forms a window with range [156.000,236.040]
Bounds on (send_image satellite1 antenna1 phenomenon5 image2) (duration [10.650,10.650]):
	0: [156.000,225.390]
	1: [156.000,225.390]
	2: [166.650,236.040]
Bounds on (send_image satellite1 antenna1 phenomenon6 image2) (duration [14.570,14.570]):
	0: [156.000,221.470]
	1: [156.000,221.470]
	2: [170.570,236.040]
Bounds on (send_image satellite1 antenna1 phenomenon8 image2) (duration [15.510,15.510]):
	0: [156.000,220.530]
	1: [156.000,220.530]
	2: [171.510,236.040]
Bounds on (send_image satellite1 antenna1 planet9 spectrograph1) (duration [19.190,19.190]):
	0: [156.000,216.850]
	1: [156.000,216.850]
	2: [175.190,236.040]
Bounds on (send_image satellite1 antenna1 star3 thermograph0) (duration [18.110,18.110]):
	0: [156.000,217.930]
	1: [156.000,217.930]
	2: [174.110,236.040]
Bounds on (send_image satellite1 antenna1 star7 thermograph0) (duration [6.990,6.990]):
	0: [156.000,229.050]
	1: [156.000,229.050]
	2: [162.990,236.040]
Dominance constraints (excluding processes and events)...
Damaging events...
Dominance constraints (including processes and events)...
Variable monotonicity...
Max/min needed values for any single precondition...
Irrelevant action pruning by backward reachability from goal...
Uninterestingness criteria...
Compression-safe actions...
Compression-safe invariants...
100% of durative actions in this problem are compression safe
Goal Goal [8]
    (sent_image planet9 spectrograph1)
    (sent_image phenomenon8 image2)
    (sent_image star7 thermograph0)
    (sent_image phenomenon6 image2)
    (sent_image phenomenon5 image2)
    (sent_image star3 thermograph0)
    (pointing satellite1 groundstation2)
    (pointing satellite0 phenomenon5)

Finishing preprocessing.  Making a TRPG heuristic...
Making an open list...
Running WA* search (g weight = 1, h weight = 5)
{(power_avail satellite0),(pointing satellite0 phenomenon8),(power_avail satellite1),(pointing satellite1 groundstation2),(power_avail satellite2),(pointing satellite2 phenomenon5),(available antenna0),(available antenna1)}
[]
Initial heuristic = 27
Initial stats: t=0s, 7208kb
b (25 @ n=20, t=0.01s, 7284kb)b (24 @ n=23, t=0.01s, 7284kb)b (23 @ n=423, t=0.11s, 7676kb).{EPS=224.215,ETD=23.7755}.{EPS=236.967,ETD=47.8081}b (22 @ n=1512, t=0.42s, 9788kb)b (21 @ n=1553, t=0.44s, 9872kb)b (20 @ n=1575, t=0.44s, 9960kb)b (19 @ n=1613, t=0.45s, 10052kb)b (18 @ n=1621, t=0.46s, 10148kb)b (17 @ n=1656, t=0.46s, 10172kb)b (16 @ n=1711, t=0.48s, 10384kb)b (15 @ n=1747, t=0.49s, 10576kb)b (14 @ n=2510, t=0.73s, 14036kb)b (13 @ n=2573, t=0.75s, 14416kb).{EPS=186.104,ETD=35.1544}b (12 @ n=2822, t=0.83s, 16404kb)b (11 @ n=2844, t=0.84s, 16404kb)b (10 @ n=2938, t=0.87s, 17140kb)b (9 @ n=2976, t=0.88s, 17568kb).{EPS=139.373,ETD=26.3216}.{EPS=105.977,ETD=21.2771}.{EPS=88.7837,ETD=19.2676}.{EPS=78.0379,ETD=18.5501}.{EPS=71.0353,ETD=19.7068}.{EPS=65.8665,ETD=21.8775}.{EPS=61.9118,ETD=23.7976}.{EPS=54.6627,ETD=26.138}.{EPS=48.4872,ETD=23.73}.{EPS=44.1228,ETD=28.14}b (8 @ n=16828, t=12.82s, 375628kb).{EPS=41.0004,ETD=30.894}.{EPS=38.1185,ETD=30.844}.{EPS=34.2489,ETD=30.322}.{EPS=32.4423,ETD=61.506}.{EPS=31.9775,ETD=105.394}.{EPS=31.8451,ETD=160.796}.{EPS=31.6776,ETD=226.086}.{EPS=31.5836,ETD=279.848}.{EPS=31.7541,ETD=359.252}.{EPS=31.7985,ETD=432.696}.{EPS=32.0965,ETD=512.248}.{EPS=32.6968,ETD=574.79}.{EPS=33.9789,ETD=637.12}.{EPS=34.8505,ETD=677.712}d.{EPS=34.1623,ETD=701.878}.{EPS=32.9359,ETD=726.412}.{EPS=32.6179,ETD=756.206}.{EPS=31.7702,ETD=819.614}.{EPS=30.7977,ETD=851.094}.{EPS=29.9958,ETD=883.674}.{EPS=29.0748,ETD=906.704}.{EPS=28.6533,ETD=981.502}.{EPS=28.7952,ETD=1041.69}.{EPS=28.2998,ETD=1094.53}.{EPS=28.1294,ETD=1187.41}.{EPS=27.5285,ETD=1227.19}.{EPS=25.9403,ETD=1249.29}.{EPS=25.2258,ETD=1279.11}d.{EPS=24.8769,ETD=1331.56}tddddd.{EPS=24.8979,ETD=1344.71}ddddddddddddddd.{EPS=26.9687,ETD=1310.16}ddddddddddddd.{EPS=29.1869,ETD=1264.36}~~~~~~~~~~~~~~~~~~~~~~~~~~~~~~~~~~~~~~~~~~~~~~~~~~~~~~~~~~~~~~~~~~~~~~~~~~~~~~~~~~~~~~~~~~~~~~~~~~~~~~~~~~~~~~~~~~~~~~~~~~~~~~~~~~~~~~~~~~.{EPS=29.8543,ETD=1356.39}.{EPS=30.6542,ETD=1450.73}~~.{EPS=31.4327,ETD=1485.23}~~~~~~~~~~~~~~~~~~~~~~~~~~~~~~~~~~~~d~~.{EPS=32.6926,ETD=1573.45}~~~~~~~~~~~~~~~~~~~~~~~~~~~~~~~~~~~~~~~~~~~~~~~~~~~~~~~~~~~~~~~~~~~~~~~~~~~~~~~~~~~~~~~~~~~~~~~~~~~~~~~~~~~~~~~~~~~~~~~~~t~~~~~~~.{EPS=35.1124,ETD=1684.69}tt.{EPS=35.2386,ETD=1721.62}tt.{EPS=35.1741,ETD=1783.2}tt.{EPS=34.4353,ETD=1895.16}tt.{EPS=30.5605,ETD=2056.38}ttdtdddd.{EPS=28.3206,ETD=2192.07}dtddddtddddtdddd.{EPS=29.4933,ETD=2206.22}dtddddtddddtddd.{EPS=30.7673,ETD=2233.82}dtddddtddddtddd.{EPS=32.0205,ETD=2278.32}dtddddtddddtddd.{EPS=33.8295,ETD=2304.18}ddtddddtdddddt~~~~~~~~~~~~~~~~~~~~~~~~~~~~~~~~~~~~~~~~~~~~~~~~~~~~~~~~~~~~~~~~~~~~~~~~~~~~~~~~~~~~~~~~~~~~~~~~~~~~~~~~~~~~~~~~~~~~~ddd.{EPS=35.7373,ETD=2317.01}dtdddddtd~~~~~~~~~~~~~~~~~ddddd.{EPS=40.833,ETD=2368.12}~~~~~~~t~~~~~~~~~~~~~~~~~~~~~~~~~~~~~~~~~~~~~~~~~~~~~~~~~~~~~~~~~~~~~~~~~~~~~~~~~~~~~~~~~~~~~~~~~~~~~~~~~~~~~~~~~~~~~~~~~~~~~~~~~~~~~~~~~~~~~~~~~~~~~~~~~~~~~~~~~~~~~~~~~~~~~~~~~~~~~~~~~~~~~~~~~~~~~~~~~~~~~~~~~~~~~~~~~~~~~~~~~~~~~~~~~~~~~~~~~~~~~~~~~~~~~~~~~~~~~~~~~~~~~~~~~~~~~~~~~~~~~~~~~~~~~~~~~~~~~~~~~~~~~~~~~~~~~~~~~~~~~~~~~~~~~~~~~~~~~~~~~~~~~~~~~~~~~~~~~~~~~~~~~~~~~~~~~~~~~~~~~~~~~~~~~~~~~~~~~~~~~~~~~~~~~~~~~~~~~~~~~~~~~~~~~~~~~~~~~~~~~~~~~~~~~~~~~~~~~~~~~~~~~~~~~~~~~~~~~~~~~~~~~~~~~~~~~~~~~~~~~~~~~~~~~~~~~~~~~~~~~~~~~~~~~~~~~~~~~~~~~~~~~~~~~~~~~~~~~~~~~~~~~~~~~~~~~~~~~~~~~~~~~~~~~~~~~~~~~~~~~~~~~~~~~~~~~~~~~~~~~~~~~~~~~~~~~~~~~~~~~~~~~~~~~~~~~~~~~~~~~~~~~~~~~~~~~~~~~~~~~~~~~~~~~~~~~~~~~~~~~~~~~~~~~~~~~~~~~~~~~~~~~~~~~~~~~~~~~~~~~~~~~~~~~~~~~~~~~~~~~~~~~~~~~~~~~~~~~~~~~~~~~~~~~~~~~~~~~~~~~~~~~~~~~~~~~~~~~~~~~~~~~~~~~~~~~~~~~~~~~~~~~~~~~~~~~~~~~~~~~~~~~~~~~~~~~~~~~~~~~~~~~~~~~~~~~~~~d~t~~~~~~~~~~~~~dt~~~d~~~~~.{EPS=41.2916,ETD=2427.44}~~~~~~~~~t~d~~~~~~~~~~~ddddd~~~~~~.{EPS=44.0995,ETD=2485.36}tddd~~d~~~~~~~~~~~~~~~~~~~~~~~~~~~~~~~~~~~~~~~~~~~~~~~~~~~~~~~~~~~~~~~~~~~~~~~~~~~~~~~~~~~~~~~~~~~~~~t~~~~~~d~~~.{EPS=48.3325,ETD=2508.41}~~~~~~~t~~~~dd.{EPS=48.2439,ETD=2588.73}~dd~~~~~~~~~~~~dt~~~~~~~~.{EPS=44.193,ETD=2667.82}~~d~~~~~~~~~~~~~~~~t~~~~~d~~~~~~~~~~~~~~~~~~~~~~~~~~~~~~d~~~~~~~~~~~t~~~~~~~~~~~~~~~~d~~~~~~~~~~~~~~~~~~~~~~~~d~~~t~~~~~~~~~~~~~~~~~~~.{EPS=38.1621,ETD=2720.65}d~~~~~d~~~~~~~~~~~t~~d~~~~~~~~~~~dd~~~~~~~d~~~.{EPS=35.7373,ETD=2794.68}~~~~~~~~~~~~~t~~~~~~~~~~~~~~~~~~~~~~~~~~~~~~~~~~~~~~~~~~~~~~~~~~~~~~~~~~~~~~~~~~~~~~~~~~~~~~~~~~~~~~~~~~~~~~~~~~~~~~~~~~~~~~~~~~~d~~~~~~~~~~~~~~~~~d~~~~~~~~~~~~~~t~~~d~~~~~~~~~~~~dd~~~~~~~~~~~~~~d~~~~~~t~~~~.{EPS=32.5521,ETD=2844.46}d~~~~~ddddtddddddtdddddt.{EPS=32.4338,ETD=2922.65}dddddtddddtddddtd.{EPS=31.8735,ETD=3005.36}ddddtddddtddddtd.{EPS=34.421,ETD=3035.42}ddtdd~~~~~~~~~~~~~~dtdddtddddt.{EPS=35.832,ETD=3043.26}dddt~dddtddddtdddtd.{EPS=36.6461,ETD=3097.81}dddtdddddtdd~~~~~~~~~~~~~~~~~~~~~~~~~~~~~~~~~~~~~~~~~~~~~~~~~~~~~~~~~~~~~~ddtdd.{EPS=39.557,ETD=3121}dtdddtddtdddtdd.{EPS=42.7533,ETD=3136.99}dtdddtdddtdddtdd.{EPS=49.96,ETD=3156.17}dtdddddtdddtdd.{EPS=55.4201,ETD=3203.75}ddtddddtddddtdd.{EPS=65.7376,ETD=3274.7}dtdddtdddt~~~~~~~~~~~~~~~~~~~~~~~~~~~~~~~~~~~~~~~~~~~~~~~~~~~~~~~~~~~~~~~~~~~~~~~~~~~~~~~~~~~~~~~~~~~~~~~~~~~~~~~~~~~~~~~~~~~dddddt.{EPS=65.8415,ETD=3308.53}ddddtdddtddddtdddt.{EPS=64.8172,ETD=3338.55}ddddtdddtddddtdddt.{EPS=63.5566,ETD=3370.76}dddddtdddtddddtdddd.{EPS=62.6881,ETD=3429.55}ddtddddddtddddddtdd.{EPS=63.6375,ETD=3516.67}ddtdddddtddd~~~~~~~~~~~~~~~~~~~ddtddd.{EPS=62.5234,ETD=3577.62}dtddddtddddtddd.{EPS=62.3364,ETD=3644.48}dtdddtdddtdddtdd.{EPS=62.3208,ETD=3709.89}dtdddtdd~~~~~~~~~~~~~~~~~~~~~~~~~~~~~~~~~~~~~~~~~~~~~~~~~~~~~~~~~~~~~~~~~~~~~~~~~~~~~~~~~~~~~~~~~~~~~~~~~~~~~~~~~~~~~~~~~~~dtdddtdd.{EPS=60.562,ETD=3728.6}dtddddtdddtdddddtd.{EPS=59.8516,ETD=3760.3}dddtddddtddddtd.{EPS=60.1974,ETD=3822.54}ddd~~~~~~~~~~~~~~~~~~~~~~~~~~~~~~~~~~~~~~~~~~~~~~~~~~~~~~~~~~~~~~~~~~~~~~~~~~~~~~~~~~~~~~~~~~~~~~~~~~~~~~~~~~~~~~~~~~~~~~~~~~~~~~~~~~~~~~~~~~~~~~~~~~~~~~~~~~~~~~~~~~~~~~~~~~~~~~~~~~~~~~~~~~~~~~~~~~~~~~~~~~~~~~~~~~~~~~~~~~~~~~~~~~~~~~~~~~~~~~~~~~~~~~~~~~~~~~~~~~~~~~~~~~~~~~~~~~~~~~~~~~~~~~~~~~~~~~~~~~~~~~~~~~~~~~~~~~~~~~~~~~~~~~~~~~~~~~~~~~~~~~~~~~~~~~~~~~~~~~~~~~~~~~~~~~~~~~~~~~~~~~~~~~~~~~~~~~~~~~~~~~~~~~~~~~~~~~~~~~~~~~~~~~~~~~~~~~~~~~~~~~~~~~~~~~~~~~~~~~~~~~~~~~~~~~~~~~~~~~~~~~~~~~~~~~~~~~~~~~~~~~~~~~~~~~~~~~~~~~~~~~~~~~~~~~~~~~~~~~~~~~~~~~~~~~~~~~~~~~~~~~~~~~~~~~~~~~~~~~~~~~~~~~~~~~~~~~~~~~~~~~~~~~~~~~~~~~~~~~~~~~~~~~~~~~~~~~~~~~~~~~~~~~~~~~~~~~~~~~~~~~~~~~~~~~~~~~~~~~~~~~~~~~~~~~~~~~~~~~~~~~~~~~~~~~~~~~~~~~~~~ddd~~~~td~~~~~~~~~~~~~~~~~~d~dd.{EPS=64.2261,ETD=3869.29}~dddd~dd~~~~~~~~~~~~~~~~~~~~~~~~~~~~~~~~~~~~~~d.{EPS=71.1744,ETD=3908.71}d~dtd~d~dd.{EPS=79.1264,ETD=3909.6}~~~~~~~~~~~~~~~~~~~~~~~ddtdddddtddddtdd.{EPS=79.694,ETD=3939.63}dddtddddtdddddtdd.{EPS=79.3273,ETD=3988.21}ddtddddtddddtdddt.{EPS=78.0396,ETD=4033.35}dddt~~~~~~~~~~~~~~~~~~ddddtdddtdddt.{EPS=76.746,ETD=4078.01}ddddtddddtdddtddddd.{EPS=75.5173,ETD=4129.7}dtdddddtdddddtddd.{EPS=76.5462,ETD=4210.29}dtddddtdddtddd.{EPS=75.9071,ETD=4250.18}tdddtdddt~~~~~~~~~~~~~~~~~~~~~~~~~~~~~~~~~~~~~~~~~~~~~~~~~~~~~~~~~~~~~~~~~~~~~~~~~~~~~~~~~~~~~~~~~~~~~~~~~~~~~~~~~~~~~~~~~~~ddtddd.{EPS=70.7714,ETD=4305.69}tdddtdddtddtddd.{EPS=64.4995,ETD=4365.51}tdddtdddtddddtdd.{EPS=59.4177,ETD=4465.27}ddtdddtdd~~~~~~~~~~~~~~~~~~~~~~~~~~~~~~~~~~~~~~~~~~~~~~~~~~~~~~~~~~~~~~~~~~dddddddd~~~~~~~~~~~~~~~~~~~~~~~~~~~~~~~~~~~~~~~~~~~~~~~~~~~~~~~~~~~~~~~~~~~~~~~~~~~~~~~~~~.{EPS=59.7514,ETD=4532.27}dtdd~~~~~~~~~~~~~d~dddd~d~.{EPS=64.8508,ETD=4526.6}ddt~~~~~~~~~~~~~~~~~~~~~~~~~~~~~~~~~~~~~~~~~~~~~~~~~~~~~~~~~~~~~~~~~~~~~~~~~~~~~~~~~~~~~~~~~~~~~~~~~~~~~~~~~~~~~~~~~~~~~~~~~~~~~~~~~~~~~~~~~~~~~~~~~~~dd~dd.{EPS=71.5205,ETD=4498.46}~~~~~~~~~~~~~~~~~~~~~~~~~~~~~~~~~~~~~~~~~~~~~~~~~~~~~~~~~~~~~~~~~~~~~~~~~~~~~~~~~~~~~~~~~~~~~~~~~~~~~~~~~~~~~~~~~~~~~~~~~~~~~~~~~~~~~~~~~~~~~~~~~~~ddddt~d~~~~~~~~~~~~~~~~~~~~~~~~~~~~~~~~~~~~~~~~~~~~~~~~~~~~~~~~~~~~~~~~~~~~~~~~~~~~~~~~~~~~~~~~~~~~~~~~~~~~~~~~~~~~~~~~~~~~~~~~~~~~~~~~~~~~~~~~~~~~~~~~~~~~~~~~~~~~~~~~~~~~~~~~~~~~~~~~~~~~~~~~~~~~~~~~~~~~~~~~~~~~~~~~~~~~~~~dddddtdd.{EPS=76.8285,ETD=4511.77}ddddtdddd~~~~~~~~~~~~~~~~~~~tdddddtd.{EPS=78.0762,ETD=4589.07}dddtdddddtddddtd.{EPS=75.9071,ETD=4626.3}dddtdddtdddtddddtd.{EPS=74.162,ETD=4668.64}ddtdddtddddtdddtd.{EPS=72.8544,ETD=4706.31}dddtddddtdddddtddd.{EPS=73.2815,ETD=4773.21}ddtddddtddd~~~~~~~~~~~~~~~~~~~~~~~~~~~~~~~~~~~~~~~~~~~~~~~~~~~~~~~~~~~~~~~~~~~~~~~~~~~~~~~~~~~~~~~~~~~~~~~~~~~~~~~~~~~~~~~~~~~tdd.{EPS=72.7908,ETD=4845.94}ddtddddtddddtdd.{EPS=70.8015,ETD=4881.62}tdddtdddtdddtdd.{EPS=64.8508,ETD=4972.16}tddddtddtdddtdd.{EPS=59.8086,ETD=5076.88}dtdddtdddtdddtdd.{EPS=56.9346,ETD=5161.02}ddt~~~~~~~~~~~~~~~~~~~~~~~~~~~~~~~~~~~~~~~~~~~~~~~~~~~~~~~~~~~~~~~~~~~~~~~~~~~~~~~~~~~~~~~~~~~~~~~~ddddtdd~~~~~~~~~~~~~ddtdddt.{EPS=56.427,ETD=5195.26}ddddtdddtdddtddddt.{EPS=55.3526,ETD=5223.76}ddddtdddtddddddtddd.{EPS=54.8787,ETD=5270.99}dddtddddddtddddtdd.{EPS=54.7825,ETD=5356.35}ddtddddtdddddtdd.{EPS=53.6711,ETD=5413.75}ddtddddtddddtdd.{EPS=53.5217,ETD=5452.85}dtdddtddddtddd.{EPS=53.6481,ETD=5508.48}dtdddtdddtddtdd.{EPS=53.5733,ETD=5561.9}dtdddtdddtdddtd.{EPS=53.2198,ETD=5617.21}dtdddtdddtd~~~~~~~~~~~~~~~~~~~~~~~~~~~~~~~~~~~~~~~~~~~~~~~~~~~~~~~~~~~~~~~~~~~~~~~~~~~~~~~~~~~~~~~~~~~~~~~~~~~~~~~~~~~~~~~~~~~~~~~~~~~dddtd.{EPS=52.687,ETD=5662.39}dddtddddtddd~~~~~~~~~~~~~~~~~~~~~~~~~~~~~~~~~~~~~~~~~~~~~~~~~~~~~~~~~~~~~~~~~~~~~~~~~~~~~~~~~~~~~~~~~~~~~~~~~~~~~~~~~~~~~~~~~~~~~~~~~~~~~~~~~~~~~~~~~~~~~~~~~~~~~~~~~~~~~~~~~~~~~~~~~~~~~dt.{EPS=54.3242,ETD=5719.19}dd~~~~~~~~~~~~~~~~~~~~~~~~~~~~~~~~~~~~~~~~~d~~~~~~~~~~~~~~~~~~~~~~~~~~~~~~~dddtd~dd~tddd~d.{EPS=56.0099,ETD=5716.81}t~~~d~ddtdddtd~d~~dt~d.{EPS=57.169,ETD=5710.01}dtd~dtddddtdddt.{EPS=58.2208,ETD=5674.46}dd~dt~~dd~tdd~dtdd~~dt~~~~~.{EPS=59.4742,ETD=5650.05}~~d~~ddtdd~~~~~~dt~dddtd.{EPS=59.988,ETD=5633.63}dtd~d~~~~d~t~~d~~d~dt~~d~~~~~~~~~~~~~~~~~~d~~~~~~~~~~~~~d~d~td.{EPS=59.5948,ETD=5607.34}dtd~~~~~~~~ddt~d~~~~~~~~~~~d~~~~dt~d~d~~~~~d.{EPS=59.8372,ETD=5591.47}~~dt~d~~d~dt~~~dd~~~~~~td~~~dtd.{EPS=60.1251,ETD=5592.94}d~~~~td~dd~dt~~d~~~~dt~~~~~~~~~~~~~~~~~~~~~dd~~t~~d.{EPS=61.2595,ETD=5595.12}~~dd~~d~td~~~dt~dd~d~~td~.{EPS=60.1034,ETD=5571.83}dtd~~~dt~d~~~dd~tdddt~.{EPS=60.3209,ETD=5632.09}~~~d~d~~~d~~t~~~~~~~~dd~~~dtd~~t~dd.{EPS=60.9607,ETD=5678.39}ddtddt~~d~~d~~~d~t~dddt.{EPS=60.7165,ETD=5727.69}~~~~~~~~~~~~~d~dtdtdddt~~d~.{EPS=61.4175,ETD=5783.85}td~d~~~dt~d~d~~~~~~~~~~~~~~~d~tdd~~dt.{EPS=61.5688,ETD=5826.53}dt~~~~ddt~~~~~~~~dtd~~~~~~~d~~~~~~~t.{EPS=63.1872,ETD=5870.89}d~~~~~~dt~~d~dtdd~dt~~~~~~~~~d~~~~~~~~t~.{EPS=63.6456,ETD=5925.62}d~dtdd~~tdt~dd.{EPS=64.9773,ETD=5982.99}~~td~~~ddtddt~~~~d~td.{EPS=65.8415,ETD=6034.32}dt~~~~~ddt~~~d~td~~~~d~.{EPS=67.1682,ETD=6082.59}dt~~d~~~td~d~~td~~~~~~d~td.{EPS=68.2408,ETD=6125.08}~d~td~~~~td~~~dtd~~d~dt.{EPS=69.377,ETD=6179.6}ddtddtd~~~~dtd~~d.{EPS=70.8617,ETD=6230.51}~t~d~dt~~~dt~d~d~t~d~.{EPS=71.4796,ETD=6274.91}dt~d~d~~~td~~~~~~~~dtd~dtd.{EPS=72.5374,ETD=6329.23}~~d~td~dt~~d~~dtd~.{EPS=72.5374,ETD=6385.05}t~ddtd~d~~dt~~dtd.{EPS=73.4646,ETD=6429.6}~~td~ddtd~d~td~t.{EPS=73.3568,ETD=6465.31}d~td~d~tddt~~~~dd.{EPS=73.7572,ETD=6516.1}td~~~td~~~~dtd~td.{EPS=73.014,ETD=6561.23}d~~dt~dtd~~~~~~dtd~dt.{EPS=72.6427,ETD=6608.26}d~~~~tddt~~dtd~.{EPS=72.9607,ETD=6665.17}td~~d~t~d~~d~d~t~~~dtd.{EPS=73.1636,ETD=6714.41}dt~~~~~~~~d~~~~~~d~~~t~~~~d~~td~d.{EPS=73.5835,ETD=6764.93}td~~~~dt~~~d~~~~dt~~~d~~~t.{EPS=74.195,ETD=6808.1}~~~~~~d~~~~~d~td~td~~~dt~d~~~~~~~~~.{EPS=74.5935,ETD=6861.42}~~t~~~~~~~~~~~~~~d~~d~~t~~~~~~~~dt~dtd.{EPS=75.6544,ETD=6907.2}~d~td~~~t~d~~td~~~~~~~~~~~~~~~~~dt.{EPS=76.2777,ETD=6964.45}~~~~~~d~~~t~~~~~~dt~~~~d~~td~~~~~~~~~.{EPS=77.5434,ETD=7014}t~~~d~~d~t~~~~~~~~~~~~~~~d~~~~td~~~~~~dt~~~.{EPS=78.6906,ETD=7059.32}dtd~~~~~t~d~~~~~~~~td~~~~t~~~d~~~.{EPS=79.5798,ETD=7109.68}~d~~~~~~~~~~~~~td~d~~~~t~~~~~d~~td~.{EPS=78.9889,ETD=7150.76}dt~~~~~~~~~~~~~~~d~td~dt~~~~~~~dt~.{EPS=79.885,ETD=7200.85}td~~~~~~d~~t~~~~~dt~~~d~t~~~~~.{EPS=80.5672,ETD=7255.63}d~tddt~~~~d~t~d~~~~~~~t.{EPS=80.4635,ETD=7304.35}d~~~~~dt~~~~~~~~~~~~~~~dt~~~~~~~~~t~~~~~~~~~d~~~~.{EPS=81.3537,ETD=7344.87}d~tdt~~~~~~~~~~d~dtd~~~~~t~~~.{EPS=80.9979,ETD=7393.57}~~d~~~~~~~td~~dt~td~~~~~~~~~~~~~~~~~~~~~~~d~t.{EPS=81.5262,ETD=7445.25}d~~~~~~~~~t~~~d~td~~~~d~td~~~~~.{EPS=80.9979,ETD=7490.94}~~~~~~td~~~~~~t~d~~~~~~~~~~~~~~~d~~t~~~dt.{EPS=81.7127,ETD=7547.39}~~~~~~d~~t~~~~d~~~~~~~~~~~~~~~~~~~~~~~~~td~~~~~~~~~~~td~~~~~~.{EPS=81.5262,ETD=7595.56}td~~~~~~~td~~~dt~~~~dt~d.{EPS=82.5764,ETD=7643.48}~~t~~~~~~~~~~~~d~~~~~~~~~~t~dt~d~t~~~.{EPS=83.4028,ETD=7696.12}d~~~~~~td~~~~~~~~~~~~~t~d~tdt.{EPS=83.9208,ETD=7749.55}tddt~~~~~~~d~~t~~~.{EPS=85.4555,ETD=7813.95}dt~dt~~d~~td~d~~~t.{EPS=85.7927,ETD=7876.56}~dt~t~~ddt~~~.{EPS=87.1992,ETD=7932.91}td~~~~~t~~~dd~~t~d~t.{EPS=86.9868,ETD=7973.76}td~~~~~dt~~~dt~~~~td.{EPS=87.858,ETD=8029.95}~t~~~~~~~~d~tdt~~~~~~~dt~d.{EPS=87.7039,ETD=8089.65}~~~td~~dt~~~td~t.{EPS=88.5583,ETD=8146.83}d~~~td~~~~d~t~~~~~~~~~~~dt~~.{EPS=88.8731,ETD=8193.36}~d~td~t~~~~dtd~~~~~~~td.{EPS=88.1213,ETD=8246.64}~td~tddtd.{EPS=87.5657,ETD=8288.88}~~~~~~~t~~~~dt~~~dt~~td~.{EPS=86.9414,ETD=8329.61}t~~~dt~~~~~~dt~~~d~~t.{EPS=87.3515,ETD=8381.13}d~t~~~~~dt~t~~~~d.{EPS=87.7193,ETD=8437.03}tdtd~td~~~~~~~t~~~.{EPS=88.9205,ETD=8493.74}~~~dt~td~tdt.{EPS=88.968,ETD=8537.09}~d~~~tdt~dt~~~~~dt.{EPS=89.6218,ETD=8589.26}~d~~~dt~dt~~td~~.{EPS=89.3815,ETD=8635.57}tdtdtd~t.{EPS=89.5897,ETD=8690.18}~d~~ttd~~t~~~d~t~~~~~.{EPS=91.2242,ETD=8737.02}dt~~~~~dt~~td~~.{EPS=92.285,ETD=8781.03}~~~dt~~~~dt~~~~~tdt~.{EPS=93.3881,ETD=8834.69}~dttd~~t~ddd.{EPS=90.9918,ETD=8878.65}d~d~~ddddd~dd~d~dd~~~~ddd~d~~~~d~~d.{EPS=79.6559,ETD=8922.99}dd~~~~ddddd~dddddd~dd~dd.{EPS=72.0461,ETD=8980.18}dddd