Parsing and Instantiating...
TIL[197.040] @ 0x28cb230 -> { TIL[117.000]}
TIL[236.040] @ 0x28cb890 -> { TIL[156.000]}
Done
One way facts...
Mutex groups...
Semaphore Facts...
Envelope Facts...
One-shot actions...
Integral variables...
Variable bounds...
Static numeric conditions...
Duration bounds...
TIL time window analysis...
Bounding action timestamps due to time windows...
(visible antenna0 satellite2) forms a window with range [117.000,197.040]
Bounds on (send_image satellite2 antenna0 phenomenon5 image2) (duration [10.650,10.650]):
	0: [117.000,186.390]
	1: [117.000,186.390]
	2: [127.650,197.040]
Bounds on (send_image satellite2 antenna0 phenomenon6 image2) (duration [14.570,14.570]):
	0: [117.000,182.470]
	1: [117.000,182.470]
	2: [131.570,197.040]
Bounds on (send_image satellite2 antenna0 phenomenon8 image2) (duration [15.510,15.510]):
	0: [117.000,181.530]
	1: [117.000,181.530]
	2: [132.510,197.040]
Bounds on (send_image satellite2 antenna0 planet9 spectrograph1) (duration [19.190,19.190]):
	0: [117.000,177.850]
	1: [117.000,177.850]
	2: [136.190,197.040]
Bounds on (send_image satellite2 antenna0 star3 thermograph0) (duration [18.110,18.110]):
	0: [117.000,178.930]
	1: [117.000,178.930]
	2: [135.110,197.040]
Bounds on (send_image satellite2 antenna0 star7 thermograph0) (duration [6.990,6.990]):
	0: [117.000,190.050]
	1: [117.000,190.050]
	2: [123.990,197.040]
(visible antenna0 satellite1) forms a window with range [117.000,197.040]
Bounds on (send_image satellite1 antenna0 phenomenon5 image2) (duration [10.650,10.650]):
	0: [117.000,186.390]
	1: [117.000,186.390]
	2: [127.650,197.040]
Bounds on (send_image satellite1 antenna0 phenomenon6 image2) (duration [14.570,14.570]):
	0: [117.000,182.470]
	1: [117.000,182.470]
	2: [131.570,197.040]
Bounds on (send_image satellite1 antenna0 phenomenon8 image2) (duration [15.510,15.510]):
	0: [117.000,181.530]
	1: [117.000,181.530]
	2: [132.510,197.040]
Bounds on (send_image satellite1 antenna0 planet9 spectrograph1) (duration [19.190,19.190]):
	0: [117.000,177.850]
	1: [117.000,177.850]
	2: [136.190,197.040]
Bounds on (send_image satellite1 antenna0 star3 thermograph0) (duration [18.110,18.110]):
	0: [117.000,178.930]
	1: [117.000,178.930]
	2: [135.110,197.040]
Bounds on (send_image satellite1 antenna0 star7 thermograph0) (duration [6.990,6.990]):
	0: [117.000,190.050]
	1: [117.000,190.050]
	2: [123.990,197.040]
(visible antenna0 satellite0) forms a window with range [117.000,197.040]
Bounds on (send_image satellite0 antenna0 phenomenon5 image2) (duration [10.650,10.650]):
	0: [117.000,186.390]
	1: [117.000,186.390]
	2: [127.650,197.040]
Bounds on (send_image satellite0 antenna0 phenomenon6 image2) (duration [14.570,14.570]):
	0: [117.000,182.470]
	1: [117.000,182.470]
	2: [131.570,197.040]
Bounds on (send_image satellite0 antenna0 phenomenon8 image2) (duration [15.510,15.510]):
	0: [117.000,181.530]
	1: [117.000,181.530]
	2: [132.510,197.040]
Bounds on (send_image satellite0 antenna0 planet9 spectrograph1) (duration [19.190,19.190]):
	0: [117.000,177.850]
	1: [117.000,177.850]
	2: [136.190,197.040]
Bounds on (send_image satellite0 antenna0 star3 thermograph0) (duration [18.110,18.110]):
	0: [117.000,178.930]
	1: [117.000,178.930]
	2: [135.110,197.040]
Bounds on (send_image satellite0 antenna0 star7 thermograph0) (duration [6.990,6.990]):
	0: [117.000,190.050]
	1: [117.000,190.050]
	2: [123.990,197.040]
(visible antenna1 satellite2) forms a window with range [156.000,236.040]
Bounds on (send_image satellite2 antenna1 phenomenon5 image2) (duration [10.650,10.650]):
	0: [156.000,225.390]
	1: [156.000,225.390]
	2: [166.650,236.040]
Bounds on (send_image satellite2 antenna1 phenomenon6 image2) (duration [14.570,14.570]):
	0: [156.000,221.470]
	1: [156.000,221.470]
	2: [170.570,236.040]
Bounds on (send_image satellite2 antenna1 phenomenon8 image2) (duration [15.510,15.510]):
	0: [156.000,220.530]
	1: [156.000,220.530]
	2: [171.510,236.040]
Bounds on (send_image satellite2 antenna1 planet9 spectrograph1) (duration [19.190,19.190]):
	0: [156.000,216.850]
	1: [156.000,216.850]
	2: [175.190,236.040]
Bounds on (send_image satellite2 antenna1 star3 thermograph0) (duration [18.110,18.110]):
	0: [156.000,217.930]
	1: [156.000,217.930]
	2: [174.110,236.040]
Bounds on (send_image satellite2 antenna1 star7 thermograph0) (duration [6.990,6.990]):
	0: [156.000,229.050]
	1: [156.000,229.050]
	2: [162.990,236.040]
(visible antenna1 satellite1) forms a window with range [156.000,236.040]
Bounds on (send_image satellite1 antenna1 phenomenon5 image2) (duration [10.650,10.650]):
	0: [156.000,225.390]
	1: [156.000,225.390]
	2: [166.650,236.040]
Bounds on (send_image satellite1 antenna1 phenomenon6 image2) (duration [14.570,14.570]):
	0: [156.000,221.470]
	1: [156.000,221.470]
	2: [170.570,236.040]
Bounds on (send_image satellite1 antenna1 phenomenon8 image2) (duration [15.510,15.510]):
	0: [156.000,220.530]
	1: [156.000,220.530]
	2: [171.510,236.040]
Bounds on (send_image satellite1 antenna1 planet9 spectrograph1) (duration [19.190,19.190]):
	0: [156.000,216.850]
	1: [156.000,216.850]
	2: [175.190,236.040]
Bounds on (send_image satellite1 antenna1 star3 thermograph0) (duration [18.110,18.110]):
	0: [156.000,217.930]
	1: [156.000,217.930]
	2: [174.110,236.040]
Bounds on (send_image satellite1 antenna1 star7 thermograph0) (duration [6.990,6.990]):
	0: [156.000,229.050]
	1: [156.000,229.050]
	2: [162.990,236.040]
Dominance constraints (excluding processes and events)...
Damaging events...
Dominance constraints (including processes and events)...
Variable monotonicity...
Max/min needed values for any single precondition...
Irrelevant action pruning by backward reachability from goal...
Uninterestingness criteria...
Compression-safe actions...
Compression-safe invariants...
100% of durative actions in this problem are compression safe
Goal Goal [8]
    (sent_image planet9 spectrograph1)
    (sent_image phenomenon8 image2)
    (sent_image star7 thermograph0)
    (sent_image phenomenon6 image2)
    (sent_image phenomenon5 image2)
    (sent_image star3 thermograph0)
    (pointing satellite1 groundstation2)
    (pointing satellite0 phenomenon5)

Finishing preprocessing.  Making a TRPG heuristic...
Making an open list...
Running WA* search (g weight = 1, h weight = 5)
{(power_avail satellite0),(pointing satellite0 phenomenon8),(power_avail satellite1),(pointing satellite1 groundstation2),(power_avail satellite2),(pointing satellite2 phenomenon5),(available antenna0),(available antenna1)}
[]
Initial heuristic = 27
Initial stats: t=0s, 7208kb
b (25 @ n=20, t=0.01s, 7284kb)b (24 @ n=23, t=0.01s, 7284kb)b (23 @ n=423, t=0.11s, 7672kb).{EPS=225.225,ETD=23.7755}.{EPS=236.967,ETD=47.7879}b (22 @ n=1537, t=0.44s, 9872kb)b (21 @ n=1588, t=0.45s, 9952kb)b (20 @ n=1600, t=0.46s, 10052kb)b (19 @ n=1650, t=0.47s, 10132kb)b (18 @ n=1658, t=0.47s, 10240kb)b (17 @ n=1699, t=0.48s, 10328kb)b (16 @ n=2060, t=0.59s, 12144kb)b (15 @ n=2093, t=0.6s, 12384kb).{EPS=165.38,ETD=32.8926}b (14 @ n=3039, t=0.94s, 20220kb)b (13 @ n=3074, t=0.96s, 20472kb)b (12 @ n=3104, t=0.97s, 20816kb)b (11 @ n=3137, t=0.98s, 21100kb)b (10 @ n=3174, t=1s, 21476kb)b (9 @ n=3240, t=1.02s, 22188kb)b (8 @ n=3356, t=1.07s, 23568kb)b (7 @ n=3369, t=1.08s, 24112kb)b (6 @ n=3425, t=1.1s, 24488kb)b (5 @ n=3463, t=1.11s, 24968kb)b (4 @ n=3501, t=1.13s, 25428kb)b (3 @ n=3574, t=1.16s, 26444kb)b (2 @ n=3609, t=1.18s, 26968kb).{EPS=129.702,ETD=26.6482}.{EPS=115.314,ETD=30.49}.{EPS=106.534,ETD=39.2977}.{EPS=100.865,ETD=50.7421}.{EPS=96.0615,ETD=63.8471}.{EPS=92.2131,ETD=77.9332}.{EPS=89.0155,ETD=92.1563}.{EPS=81.182,ETD=114.622}.{EPS=74.0412,ETD=135.484}.{EPS=70.8617,ETD=166.104}.{EPS=68.9655,ETD=199.226}.{EPS=66.836,ETD=231.516}.{EPS=64.8256,ETD=263.016}.{EPS=62.6881,ETD=293.862}.{EPS=60.6575,ETD=324.052}.{EPS=58.8512,ETD=353.158}.{EPS=56.9736,ETD=381.932}.{EPS=55.273,ETD=409.88}.{EPS=53.5848,ETD=437.664}.{EPS=51.7813,ETD=465.488}.{EPS=50.0551,ETD=493.324}.{EPS=48.4872,ETD=520.384}.{EPS=47.3082,ETD=489.128}.{EPS=47.1209,ETD=453.24}.{EPS=47.0633,ETD=419.178}.{EPS=47.0455,ETD=387.482}.{EPS=47.1832,ETD=357.948}.{EPS=47.5647,ETD=331.016}.{EPS=48.2905,ETD=305.92}.{EPS=49.2611,ETD=282.482}.{EPS=50.8233,ETD=260.59}.{EPS=52.8541,ETD=240.734}.{EPS=53.4702,ETD=280.648}.{EPS=53.0673,ETD=327.022}.{EPS=52.7037,ETD=373.388}.{EPS=52.2739,ETD=419.738}.{EPS=52.2466,ETD=466.004}.{EPS=52.0562,ETD=512.142}.{EPS=52.0237,ETD=558.14}.{EPS=52.2084,ETD=603.566}d.{EPS=51.7652,ETD=648.878}.{EPS=51.0569,ETD=694.624}d.{EPS=52.3341,ETD=740.502}dt~.{EPS=53.775,ETD=785.648}~~~t~.{EPS=54.0482,ETD=830.4}~~~t~.{EPS=54.2358,ETD=875}~~~~~~~~~~~~.{EPS=55.139,ETD=919.092}~t~~d~td.{EPS=57.9106,ETD=962.564}~d~td~d~dt.{EPS=63.2831,ETD=1006.11}~d~d~t~~~d~~~d~.{EPS=69.3289,ETD=1049.99}~t~~~~d~dt~d.{EPS=77.3754,ETD=1093.35}~dt~d~dt~d.{EPS=87.4126,ETD=1136.59}~dt~d~d~~t~d~.{EPS=97.5991,ETD=1179.86}~~~d~~~t~d~~d~.{EPS=110.522,ETD=1223.05}td~d~td~d~.{EPS=134.084,ETD=1266.16}td~d~td~.{EPS=171.762,ETD=1309.26}d~~~~dt~~~~d~~~d~t.{EPS=222.717,ETD=1352.39}~~d~dt~d~.{EPS=264.271,ETD=1395.5}d~td~d~td~.{EPS=263.713,ETD=1438.61}d~td~~~~d~~t~d~~.{EPS=263.158,ETD=1481.73}~d~~~~td~d~t.{EPS=262.881,ETD=1524.84}d~d~td~d~.{EPS=262.192,ETD=1567.95}td~d~td~~~d~.{EPS=261.37,ETD=1611.06}~~~dt~~~d~~~~td~.{EPS=260.824,ETD=1654.19}d~dt~d~dt~.{EPS=260.281,ETD=1697.29}d~dt~d~d.{EPS=260.146,ETD=1740.4}t~~~d~~~d~~t~~d~~.{EPS=259.605,ETD=1783.52}~~dt~d~dt~d.{EPS=259.605,ETD=1826.64}~d~td~d~t.{EPS=259.202,ETD=1869.74}d~d~t~d~~~~d~~.{EPS=258.532,ETD=1912.86}~d~t~~~~d~~d~t~d~~.{EPS=255.754,ETD=1955.86}d~~d~td~~~d~~~t.{EPS=254.712,ETD=1998.3}d~~d~~d~~dt~~d~~.{EPS=251.256,ETD=2040.08}d~t~~d~~d~~d~t~d~.{EPS=246.305,ETD=2081.87}~d~d~~t~d~~~d~~.{EPS=245.459,ETD=2123.35}td~~d~~d~~dt~~d~.{EPS=243.546,ETD=2164.15}~~dt~~d~~d~~d~t~d.{EPS=238.095,ETD=2204.68}~d~~~t~~d~d~~d~.{EPS=237.192,ETD=2245.19}t~d~~d~~d~t~d~.{EPS=235.96,ETD=2285.05}~~~d~td~~d~~d~~dt~.{EPS=231.481,ETD=2324.39}~d~~~~dt~~d~d~~.{EPS=230.84,ETD=2363.93}d~t~d~~d~~~dt~~~.{EPS=230.521,ETD=2403.52}d~~d~td~~d~~d~~t.{EPS=229.463,ETD=2443.1}d~~~~d~~~dt~~.{EPS=234.192,ETD=2482.7}d~~~d~~t~~d~~~.{EPS=238.55,ETD=2522.22}d~~~dt~~~d~~.{EPS=243.665,ETD=2561.69}~~d~t~d~~~d~~~.{EPS=250,ETD=2601.08}td~~~~d~~~d~~t~.{EPS=254.065,ETD=2640.4}d~~~d~~~d~t~~~~.{EPS=254.972,ETD=2679.58}~~~d~~~~~d~~~~~~t~~~~d.{EPS=260.824,ETD=2717.9}dddtd.{EPS=257.599,ETD=2756.01}dddt.{EPS=254.194,ETD=2794.78}dddd.{EPS=256.279,ETD=2833.92}tddd.{EPS=250,ETD=2873.11}dtddd.{EPS=242.131,ETD=2912.99}dtddd.{EPS=235.849,ETD=2953.5}ddtd.{EPS=230.947,ETD=2994.07}dddtd.{EPS=227.894,ETD=3035.22}dddtd.{EPS=214.684,ETD=3093.51}ddd.{EPS=216.732,ETD=3136.54}tddd.{EPS=220.751,ETD=3179.99}dtddd.{EPS=224.82,ETD=3223.44}dtddd.{EPS=228.624,ETD=3266.96}ddtd.{EPS=232.883,ETD=3310.44}dddtd.{EPS=237.304,ETD=3353.88}dddtd.{EPS=241.546,ETD=3397.38}dddt.{EPS=246.548,ETD=3440.88}dddd.{EPS=247.28,ETD=3484.33}tdddd.{EPS=265.957,ETD=3511.43}tddd.{EPS=265.675,ETD=3554.86}dtddd.{EPS=265.111,ETD=3598.27}ddtdd.{EPS=264.271,ETD=3641.67}ddtd.{EPS=263.713,ETD=3685.1}dddtd.{EPS=263.852,ETD=3728.51}dddt.{EPS=263.435,ETD=3771.92}dddd.{EPS=263.158,ETD=3815.33}tddd.{EPS=262.881,ETD=3858.75}dtddd.{EPS=262.743,ETD=3902.16}dtddd.{EPS=262.467,ETD=3945.57}ddtd.{EPS=262.192,ETD=3988.99}ddddtdd.{EPS=256.542,ETD=4032.07}ddddt.{EPS=255.885,ETD=4074.58}dddd.{EPS=253.807,ETD=4116.71}dtdddd.{EPS=248.262,ETD=4158.89}dtddd.{EPS=245.821,ETD=4200.55}dd~~~~~~~~~~~~~~~~~~~~~~~~~~~~~~~~~~~~~~~~~~~~~~~~~~~~~~~~~~~~~~~~~~~~~~~~~~~~~~~~~~~~~~~~~~~~~~~~~~~~~~~~~~~~~~~~~~~~~~~~~~~~~~~~~~~~~~~~~~~~~~~~~~~~~~~~~~~~~~~~~~~~~~~~~~~~~~~~~~~~~~~~~~~~~~~~~~~~~~~~~~~~~~~~~~~~~~~~~~~~~~~~~~~~~~~~~~~~~~~~~~~~~~~~~~~~~~~~~~~~~~~~~~~~~~~~~~~~~~~~~~~~~~~~~~~~~~~~~~~~~~~~~~~~~~~~~~~~~~~~~~~~~~~~~~~~~~~~~~~~~~~~~~~~~~~~~~~~~~~~~~~~~~~~~~~~~~~~~~~~~~~~~~~~~~~~~~~~~~~~~~~~~~~~~~~~~~~~~~~~~~~~~~~~~~~~~~~~~~~~~~~~~~~~~~~~~~~~~~~~~~~~~~~~~~~~~~~~~~~~~~~~~~~~~~~~~~~~~~~~~~~~~~~~~~~~~~~~~~~~~~~~~~~~~~~~~~~~~~~~~~~~~~~~~~~~~~~~~~~~~~~~~~~~~~~~~~~~~~~~~~~~~~~~~~~~~~~~~~~~~~~~~~~~~~~~~~~~~~~~~~~~~~~~~~~~~~~~~~~~~~~~~~~~~~~~~~~~~~~~~~~~~~~~~~~~~~~~~~~~~~~~~~~~~~~~~~~~~~~~~~~~~~~~~~~~~~~~~~~~~~~~~~~~~~~~~~~~~~~~~~~~~~~~~~~~~~~~~~~~~~~~~~~~~~~~~~~~~~~~~~~~~~~~~~~~~~~~~~~~~~~~~~~~~~~~~~~~~~~~~~~~~~~~~~~~~~~~~~~~~~~~~~~~~~~~~~~~~~~~~~~~~~~~~~~~~~~~~~~~~~~~~~~~~~~~~~~~~~~~~~~~~~~~~~~~~~~~~~~~~~~~~~~~~~~~~~~~~~~~~~~~~~~~~~~~~~~~~~~~~~~~~~~~~~~~~~~~~~~~~~~~~~~~~~~~~~~~~~~~~~~~~~~~~~~~~~~~~~~~~~~~~~~~~~~~~~~~~~~~~~~~~~~~~~~~~~~~~~~~~~~~~~~~~~~~~~~~~~~~~~~~~~~~~~~~~~~~~~~~~~~~~~~~~~~~~~~~~~~~~~~~~~~~~~~~~~~~~~~~~~~~~~~~~~~~~~~~~~~~~~~~~~~~~~~~~~~~~~~~~~~~~~~~~~~~~~~~~~~~~~~~~~~~~~~~~~~~~~~~~~~~~~~~~~~~~~~~~~~~~~~~~~~~~~~~~~~~~~~~~~~~~~~~~~~~~~~~~~~~~~~~~~~~~~~~~~~~~~~~~~~~~~~~~~~~~~~~~~~~~~~~~~~~~~~~~~~~~~~~~~~~~~~~~~~~~~~~~~~~~~~~~~~~~~~~~~~~~~~~~~~~~~~~~~~~~~~~~~~~~~~~~~~~~~~~~~~~~~~~~~~~~~~~~~~~~~~~~~~~~~~~~~~~~~~~~~~~~~~~~~~~~~~~~~~~~~~~~~~~~~~~~~~~~~~~~~~~~~~~~~~~~~~~~~~~~~~~~~~~~~~~~~~~~~~~~~~~~~~~~~~~~~~~~~~~~~~~~~~~~~~~~~~~~~~~~~~~~~~~~~~~~~~~~~~~~~~~~~~~~~~~~~~~~~~~~~~~~~~~~~~~~~~~~~~~~~~~~~~~~~~~~~~~~~~~~~~~~~~~~~~~~~~~~~~~~~~~~~~~~~~~~~~~~~~~~~~~~~~~~~~~~~~~~~~~~~~~~~~~~~~~~~~~~~~~~~~~~~~~~~~~~~~~~~~~~~~~~~~~~~~~~~~~~~~~~~~~~~~~~~~~~~~~~~~~~~~~~~~~~~~~~~~~~~~~~~~~~~~~~~~~~~~~~~~~~~~~~~~~~~~~~~~~~~~~~~~~~~~~~~~~~~~~~~~~~~~~~~~~~~~~~~~~~~~~~~~~~~~~~~~~~~~~~~~~~~~~~~~~~~~~~~~~~~~~~~~~~~~~~~~~~~~~~~~~~~~~~~~~~~~~~~~~~~~~~~~~~~~~~~~~~~~~~~~~~~~~~~~~~~~~~~~~~~~~~~~~~~~~~~~~~~~~~~~~~~~~~~~~~~~~~~~~~~~~~~~~~~~~~~~~~~~~~~~~~~~~~~~~~~~~~~~~~~~~~~~~~~~~~~~~~~~~~~~~~~~~~~~~~~~~~~~~~~~~~~~~~~~~~~~~~~~~~~~~~~~~~~~~~~~~~~~~~~~~~~~~~~~~~~~~~~~~~~~~~~~~~~~~~~~~~~~~~~~~~~~~~~~~~~~~~~~~~~~~~~~~~~~~~~~~~~~~~~~~~~~~~~~~~~~~~~~~~~~~~~~~~~~~~~~~~~~~~~~~~~~~~~~~~~~~~~~~~~~~~~~~~~~~~~~~~~~~~~~~~~~~~~~~~~~~~~~~~~~~~~~~~~~~~~~~~~~~~~~~~~~~~~~~~~~~~~~~~~~~~~~~~~~~~~~~~~~~~~~~~~~~~~~~~~~~~~~~~~~~~~~~~~~~~~~~~~~~~~~~~~~~~~~~~~~~~~~~~~~~~~~~~~~~~~~~~~~~~~~~~~~~~~~~~~~~~~~~~~~~~~~~~~~~~~~~~~~~~~~~~~~~~~~~~~~~~~~~~~~~~~~~~~~~~~~~~~~~~~~~~~~~~~~~~~~~~~~~~~~~~~~~~~~~~~~~~~~~~~~~~~~~~~~~~~~~~~~~~~~~~~~~~~~~~~~~~~~~~~~~~~~~~~~~~~~~~~~~~~~~~~~~~~~~~~~~~~~~~~~~~~~~~~~~~~~~~~~~~~~~~~~~~~~~~~~~~~~~~~~~~~~~~~~~~~~~~~~~~~~~~~~~~~~~~~~~~~~~~~~~~~~~~~~~~~~~~~~~~~~~~~~~~~~~~~~~~~~~~~~~~~~~~~~~~~~~~~~~~~~~~~~~~~~~~~~~~~~~~~~~~~~~~~~~~~~~~~~~~~~~~~~~~~~~~~~~~~~~~~~~~~~~~~~~~~~~~~~~~~~~~~~~~~~~~~~~~~~~~~~~~~~~~~~~~~~~~~~~~~~~~~~~~~~~~~~~~~~~~~~~~~~~~~~~~~~~~~~~~~~~~~~~~~~~~~~~~~~~~~~~~~~~~~~~~~~~~~~~~~~~~~~~~~~~~~~~~~~~~~~~~~~~~~~~~~~~~~~~~~~~~~~~~~~~~~~~~~~~~~~~~~~~~~~~~~~~~~~~~~~~~~~~~~~~~~~~~~~~~~~~~~~~~~~~~~~~~~~~~~~~~~~~~~~~~~~~~~~~~~~~~~~~~~~~~~~~~~~~~~~~~~~~~~~~~~~~~~~~~~~~~~~~~~~~~~~~~~~~~~~~~~~~~~~~~~~~~~~~~~~~~~~~~~~~~~~~~~~~~~~~~~~~~~~~~~~~~~~~~~~~~~~~~~~~~~~~~~~~~~~~~~~~~~~~~~~~~~~~~~~~~~~~~~~~~~~~~~~~~~~~~~~~~~~~~~~~~~~~~~~~~~~~~~~~~~~~~~~~~~~~~~~~~~~~~~~~~~~~~~~~~~~~~~~~~~~~~~~~~~~~~~~~~~~~~~~~~~~~~~.{EPS=175.439,ETD=4379.54}~~~~~~~~~~~~~~~~~~~~~~~~~~~~~~~~d~~~~~~~~~~~~~~~~~~~~~~~~~~~~~~~~~~~~~~~~~~~~~~~~~~~~~~~~~~~~~~~~~~~~~~~~~~~~~~~~~~~~~~~~~~~~~~~~~~~~~~~~~~~~~~~~~~~~~~~~~~~~~~~~~~~~~~~~~~~~~~~~~~~~~~~~~~~~~~~~~~~~~~~~~~~~~~~~~~~~~~~~~~~~~~~~~~~~~~~~~~~~~~~~~~~~~~~~~~~~~~~~~~~~~~~~~~~~~~~~~~~~~~~~~~~~~~~~~~~~~~~~~~~~~~~~~~~~~~~~~~~~~~~~~~~~~~~~~~~~~~~~~~~~~~~~~~~~~~~~~~~~~~~~~~~~~~~~~~~~~~~~~~~~~~~~~~~~~~~~~~~~~~~~~~~~~~~~~~~~~~~~~~~~~~~~~~~~~~~~~~~~~~~~~~~~~~~~~~~~~~~~~~~~~~~~~~~~~~~~~~~~~~~~~~~~~~~~~~~~~~~~~~~~~~~~~~~~~~~~~~~~~~~~~~~~~~~~~~~~~~~~~~~~~~~~~~~~~~~~~~~~~~~~~~~~~~~~~~~~~~~~~~~~~~~~~~~~~~~~~~~~~~~~~~~~~~~~~~~~~~~~~~~~~~~~~~~~~~~~~~~~~~~~~~~~~~~~~~~~~~~~~~~~~~~~~~~~~~~~~~~~~~~~~~~~~~~~~~~~~~~~~~~~~~~~~~~~~~~~~~~~~~~~~~.{EPS=124.471,ETD=4605.45}~~~~~~~~~~~~~~~~~~~~~~~~~~~~~~~~~~~~~~~~~~~~~~~~~~~~~~~~~~~~~~~~~~~~~~~~~~~~~~~~~~~~~~~~~~~~~~~~~~~~~~~~~~~~~~~~~~~~~~~~~~~~~~~~~~~~~~~~~~~~~~~~~~~~~~~~~~~~~~~~~~~~~~~~~~~~~~~~~~~~~~~~~~~~~~~~~~~~~~~~~~~~~~~~~~~~~~~~~~~~~~~~~~~~~~~~~~~~~~~~~~~~~~~~~~~~~~~~~~~~~~~~~~~~~~~~~~~~~~~~~~~~~~~~~~~~~~~~~~~~~~~~~~~~~~~~~~~~~~~~~~~~~~~~~~~~~.{EPS=100,ETD=4833.76}d~~dddddd.{EPS=87.8735,ETD=5011.99}dd~~~~~~~~~~~~~~~~~~~~~~~~~~~~~~~~~~~~~~~~~~~~~~~~~~~~~~~~~~~~~~~~~~~~~~~~~~~~~~~~~~~~~~~~~~~~~~~~~~~~~~~~~~~~~~~~~~~~~~~~~~~~~~~~~~~~~~~~~~~~~~~~~~~~~~~~~~~~~~~~~~~~~~~~~~~~~~~~~~~~~~~~~~~~~~~~~~~~~~~~~~~~~~~~~~~~~~~~~~~~~~~~~~~~~~~~~~~~~~~~~~~~~~~~~~~~~~~~~~~~~~~~~~~~~~~~~~~~~~~~~~~~~~~~~~~~~~~~~~~~~~~~~~~~~~~~~~~~~~~~~~~~~~~~~~~~~~~~~~~~~~~~~~~~~~~~~~~~~~~~~~~~~~~~~~~~~~~~~~~~~~~~~~~~~~~~~~~~~~~~~~~~~~~~~~~~~~~~~~~~~~~~~~~~~~~~~~~~~~~~~~~~~~~~~~~~~~~~~~~~~~~~~~~~~~~~~~~~~~~~~~~~~~~~~~~~~~~~~~~~~~~~~~~~~~~~~~~~~~~~~~~~~~~~~~~~~~~~~~~~~~~~~~~~~~~~~~~~~~~~~~~~~~~~~~~~~~~~~~~~~~~~~~~~~~~~~~~~~~~~~~~~~~~~~~~~~~~~~~~~~~~~~~~~~~~~~~~~~~~~~~~~~~~~~~~~~~~~~~~~~~~~~~~~~~~~~~~~~~~~~~~~~~~~~~~~~~~~~~~~~~~~~~~~~~~~~~~~~~~~~~~~~~~~~~~~~~~~~~~~~~~~~~~~~~~~~~~~~~~~~~~~~~~~~~~~~~~~~~~~~~~~~~~~~~~~~~~~~~~~~~~~~~~~~~~~~~~~~~~~~~~~~~~~~~~~~~~~~~~~~~~~~~~~~~~~~~~~~~~~~~~~~~~~~~~~~~~~~~~~~~~~~~~~~~~~~~~~~~~~~~~~~~~~~~~~~~~~~~~~~~~~~~~~~~~~~~~~~~~~~~~~~~~~~~~~~~~~~~~~~~~~~~~~~~~~~~~~~~~~~~~~~~~~~~~~~~~~~~~~~~~~~~~~~~~~~~~~~~~~~~~~~~~~~~~~~~~~~~~~~~~~~~~~~~~~~~~~~~~~~~~~~~~~~~~~~~~~~~~~~~~~~~~~~~~~~~~~~~~~~~~~~~~~~~~~~~~~~~~~~~~~~~~~~~~~~~~~~~~~~~~~~~~~~~~~~~~~~~~~~~~~~~~~~~~~~~~~~~~~~~~~~~~~~~~~~~~~~~~~~~~~~~~~~~~~~~~~~~~~~~~~~~~~~~~~~~~~~~~~~~~~~~~~~~~~~~~~~~~~~~~~~~~~~~~~~~~~~~~~~~~~~~~~~~~~~~~~~~~~~~~~~~~~~~~~~~~~~~~~~~~~~~~~~~~~~~~~~~~~~~~~~~~~~~~~~~~~~~~~~~~~~~~~~~~~~~~~~~~~~~~~~~~~~~~~~~~~~~~~~~~~~~~~~~~~~~~~~~~~~~~~~~~~~~~~~~~~~~~~~~~~~~~~~~~~~~~~~~~~~~~~~~~~~~~~~~~~~~~~~~~~~~~~~~~~~~~~~~~~~~~~~~~~~~~~~~~~~~~~~~~~~~~~~~~~~~~~~~~~~~~~~~~~~~~~~~~~~~~~~~~~~~~~~~~~~~~~~~~~~~~~~~~~~~~~~~~~~~~~~~~~~~~~~~~~~~~~~~~~~~~~~~~~~~~~~~~~~~~~~~~~~~~~~~~~~~~~~~~~~~~~~~~~~~~~~~~~~~~~~~~~~~~~~~~~~~~~~~~~~~~~~~~~~~~~~~~~~~~~~~~~~~~~~~~~~~~~~~~~~~~~~~~~~~~~~~~~~~~~~~~~~~~~~~~~~~~~~~~~~~~~~~~~~~~~~~~~~~~~~~~~~~~~~~~~~~~~~~~~~~~~~~~~~~~~~~~~~~~~~~~~~~~~~~~~~~~~~~~~~~~~~~~~~~~~~~~~~~~~~~~~~~~~~~~~~~~~~~~~~~~~~~~~~~~~~~~~~~~~~~~~~~~~~~~~~~~~~~~~~~~~~~~~~~~~~~~~~~~~~~~~~~~~~~~~~~~~~~~~~~~~~~~~~~~~~~~~~~~~~~~~~~~~~~~~~~~~~~~~~~~~~~~~~~~~~~~~~~~~~~~~~~~~~~~~~~~~~~~~~~~~~~~~~~~~~~~~~~~~~~~~~~~~~~~~~~~~~~~~~~~~~~~~~~~~~~~~~~~~~~~~~~~~~~~~~~~~~~~~~~~~~~~~~~~~~~~~~~~~~~~~~~~~~~~~~~~~~~~~~~~~~~~~~~~~~~~~~~~~~~~~~~~~~~~~~~~~~~~~~~~~~~~~~~~~~~~~~~~~~~~~~~~~~~~~~~~~~~~~~~~~~~~~~~~~~~~~~~~~~~~~~~~~~~~~~~~~~~~~~~~~~~~~~~~~~~~~~~~~~~~~~~~~~~~~~~~~~~~~~~~~~~~~~~~~~~~~~~~~~~~~~~~~~~~~~~~~~~~~~~~~~~~~~~~~~~~~~~~~~~~~~~~~~~~~~~~~~~~~~~~~~~~~~~~~~~~~~~~~~~~~~~~~~~~~~~~~~~~~~~~~~~~~~~~~~~~~~~~~~~~~~~~~~~~~~~~~~~~~~~~~~~~~~~~~~~~~~~~~~~~~~~~~~~~~~~~~~~~~~~~~~~~~~~~~~~~~~~~~~~~~~~~~~~~~~~~~~~~~~~~~~~~~~~~~~~~~~~~~~~~~~~~~~~~~~~~~~~~~~~~~~~~~~~~~~~~~~~~~~~~~~~~~~~~~~~~~~~~~~~~~~~~~~~~~~~~~~~~~~~~~~~~~~~~~~~~~~~~~~~~~~~~~~~~~~~~~~~~~~~~~~~~~~~~~~~~~~~~~~~~~~~~~~~~~~~~~~~~~~~~~~~~~~~~~~~~~~~~~~~~~~~~~~~~~~~~~~~~~~~~~~~~~~~~~~~~~~~~~~~~~~~~~~~~~~~~~~~~~~~~~~~~~~~~~~~~~~~~~~~~~~~~~~~~~~~~~~~~~~~~~~~~~~~~~~~~~~~~~~~~~~~~~~~~~~~~~~~~~~~~~~~~~~~~~~~~~~~~~~~~~~~~~~~~~~~~~~~~~~~~~~~~~~~~~~~~~~~~~~~~~~~~~~~~~~~~~~~~~~~~~~~~~~~~~~~~~~~~~~~~~~~~~~~~~~~~~~~~~~~~~~~~~~~~~~~~~~~~~~~~~~~~~~~~~~~~~~~~~~~~~~~~~~~~~~~~~~~~~~~~~~~~~~~~~~~~~~~~~~~~~~~~~~~~~~~~~~~~~~~~~~~~~~~~~~~~~~~~~~~~~~~~~~~~~~~~~~~~~~~~~~~~~~~~~~~~~~~~~~~~~~~~~~~~~~~~~~~~~~~~~~~~~~~~~~~~~~~~~~~~~~~~~~~~~~~~~~~~~~~~~~~~~~~~~~~~~~~~~~~~~~~~~~~~~~~~~~~~~~~~~~~~~~~~~~~~~~~~~~~~~~~~~~~~~~~~~~~~~~~~~~~~~~~~~~~~~~~~~~~~~~~~~~~~~~~~~~~~~~~~~~~~~~~~~~~~~~~~~~~~~~~~~~~~~~~~~~~~~~~~~~~~~~~~~~~~~~~~~~~~~~~~~~~~~~~~~~~~~~~~~~~~~~~~~~~~~~~~~~~~~~~~~~~~~~~~~~~~~~~~~~~~~~~~~~~~~~~~~~~~~~~~~~~~~~~~~~~~~~~~~~~~~~~~~~~~~~~~~~~~~~~~~~~~~~~~~~~~~~~~~~~~~~~~~~~~~~~~~~~~~~~~~~~~~~~~~~~~~~~~~~~~~~~~~~~~~~~~~~~~~~~~~~~~~~~~~~~~~~~~~~~~~~~~~~~~~~~~~~~~~~~~~~~~~~~~~~~~~~~~~~~~~~~~~~~~~~~~~~~~~~~~~~~~~~~~~~~~~~~~~~~~~~~~~~~~~~~~~~~~~~~~~~~~~~~~~~~~~~~~~~~~~~~~~~~~~~~~~~~~~~~~~~~~~~~~~~~~~~~~~~~~~~~~~~~~~~~~~~~~~~~~~~~~~~~~~~~~~~~~~~~~~~~~~~~~~~~~~~~~~~~~~~~~~~~~~~~~~~~~~~~~~~~~~~~~~~~~~~~~~~~~~~~~~~~~~~~~~~~~~~~~~~~~~~~~~~~~~~~~~~~~~~~~~~~~~~~~~~~~~~~~~~~~~~~~~~~~~~~~~~~~~~~~~~~~~~~~~~~~~~~~~~~~~~~~~~~~~~~~~~~~~~~~~~~~~~~~~~~~~~~~~~~~~~~~~~~~~~~~~~~~~~~~~~~~~~~~~~~~~~~~~~~~~~~~~~~~~~~~~~~~~~~~~~~~~~~~~~~~~~~~~~~~~~~~~~~~~~~~~~~~~~~~~~~~~~~~~~~~~~~~~~~~~~~~~~~~~~~~~~~~~~~~~~~~~~~~~~~~~~~~~~~~~~~~~~~~~~~~~~~~~~~~~~~~~~~~~~~~~~~~~~~~~~~~~~~~~~~~~~~~~~~~~~~~~~~~~~~~~~~~~~~~~~~~~~~~~~~~~~~~~~~~~~~~~~~~~~~~~~~~~~~~~~~~~~~~~~~~~~~~~~~~~~~~~~~~~~~~~~~~~~~~~~~~~~~~~~~~~~~~~~~~~~~~~~~~~~~~~~~~~~~~~~~~~~~~~~~~~~~~~~~~~~~~~~~~~~~~~~~~~~~~~~~~~~~~~~~~~~~~~~~~~~~~~~~~~~~~~~~~~~~~~~~~~~~~~~~~~~~~~~~~~~~~~~~~~~~~~~~~~~~~~~~~~~~~~~~~~~~~~~~~~~~~~~~~~~~~~~~~~~~~~~~~~~~~~~~~~~~~~~~~~~~~~~~~~~~~~~~~~~~~~~~~~~~~~~~~~~~~~~~~~~~~~~~~~~~~~~~~~~~~~~~~~~~~~~~~~~~~~~~~~~~~~~~~~~~~~~~~~~~~~~~~~~~~~~~~~~~~~~~~~~~~~~~~~~~~~~~~~~~~~~~~~~~~~~~~~~~~~~~~~~~~~~~~~~~~~~~~~~~~~~~~~~~~~~~~~~~~~~~~~~~~~~~~~~~~~~~~~~~~~~~~~~~~~~~~~~~~~~~~~~~~~~~~~~~~~~~~~~~~~~~~~~~~~~~~~~~~~~~~~~~~~~~~~~~~~~~~~~~~~~~~~~~~~~~~~~~~~~~~~~~~~~~~~~~~~~~~~~~~~~~~~~~~~~~~~~~~~~~~~~~~~~~~~~~~~~~~~~~~~~~~~~~~~~~~~~~~~~~~~~~~~~~~~~~~~~~~~~~~~~~~~~~~~~~~~~~~~~~~~~~~~~~~~~~~~~~~~~~~~~~~~~~~~~~~~~~~~~~~~~~~~~~~~~~~~~~~~~~~~~~~~~~~~~~~~~~~~~~~~~~~~~~~~~~~~~~~~~~~~~~~~~~~~~~~~~~~~~~~~~~~~~~~~~~~~~~~~~~~~~~~~~~~~~~~~~~~~~~~~~~~~~~~~~~~~~~~~~~~~~~~~~~~~~~~~~~~~~~~~~~~~~~~~~~~~~~~~~~~~~~~~~~~~~~~~~~~~~~~~~~~~~~~~~~~~~~~~~~~~~~~~~~~~~~~~~~~~~~~~~~~~~~~~~~~~~~~~~~~~~~~~~~~~~~~~~~~~~~~~~~~~~~~~~~~~~~~~~~~~~~~~~~~~~~~~~~~~~~~~~~~~~~~~~~~~~~~~~~~~~~~~~~~~~~~~~~~~~~~~~~~~~~~~~~~~~~~~~~~~~~~~~~~~~~~~~~~~~~~~~~~~~~~~~~~~~~~~~~~~~~~~~~~~~~~~~~~~~~~~~~~~~~~~~~~~~~~~~~~~~~~~~~~~~~~~~~~~~~~~~~~~~~~~~~~~~~~~~~~~~~~~~~~~~~~~~~~~~~~~~~~~~~~~~~~~~~~~~~~~~~~~~~~~~~~~~~~~~~~~~~~~~~~~~~~~~~~~~~~~~~~~~~~~~~~~~~~~~~~~~~~~~~~~~~~~~~~~~~~~~~~~~~~~~~~~~~~~~~~~~~~~~~~~~~~~~~~~~~~~~~~~~~~~~~~~~~~~~~~~~~~~~~~~~~~~~~~~~~~~~~~~~~~~~~~~~~~~~~~~~~~~~~~~~~~~~~~~~~~~~~~~~~~~~~~~~~~~~~~~~~~~~~~~~~~~~~~~~~~~~~~~~~~~~~~~~~~~~~~~~~~~~~~~~~~~~~~~~~~~~~~~~~~~~~~~~~~~~~~~~~~~~~~~~~~~~~~~~~~~~~~~~~~~~~~~~~~~~~~~~~~~~~~~~~~~~~~~~~~~~~~~~~~~~~~~~~~~~~~~~~~~~~~~~~~~~~~~~~~~~~~~~~~~~~~~~~~~~~~~~~~~~~~~~~~~~~~~~~~~~~~~~~~~~~~~~~~~~~~~~~~~~~~~~~~~~~~~~~~~~~~~~~~~~~~~~~~~~~~~~~~~~~~~~~~~~~~~~~~~~~~~~~~~~~~~~~~~~~~~~~~~~~~~~~~~~~~~~~~~~~~~~~~~~~~~~~~~~~~~~~~~~~~~~~~~~~~~~~~~~~~~~~~~~~~~~~~~~~~~~~~~~~~~~~~~~~~~~~~~~~~~~~~~~~~~~~~~~~~~~~~~~~~~~~~~~~~~~~~~~~~~~~~~~~~~~~~~~~~~~~~~~~~~~~~~~~~~~~~~~~~~~~~~~~~~~~~~~~~~~~~~~~~~~~~~~~~~~~~~~~~~~~~~~~~~~~~~~~~~~~~~~~~~~~~~~~~~~~~~~~~~~~~~~~~~~~~~~~~~~~~~~~~~~~~~~~~~~~~~~~~~~~~~~~~~~~~~~~~~~~~~~~~~~~~~~~~~~~~~~~~~~~~~~~~~~~~~~~~~~~~~~~~~~~~~~~~~~~~~~~~~~~~~~~~~~~~~~~~~~~~~~~~~~~~~~~~~~~~~~~~~~~~~~~~~~~~~~~~~~~~~~~~~~~~~~~~~~~~~~~~~~~~~~~~~~~~~~~~~~~~~~~~~~~~~~~~~~~~~~~~~~~~~~~~~~~~~~~~~~~~~~~~~~~~~~~~~~~~~~~~~~~~~~~~~~~~~~~~~~~~~~~~~~~~~~~~~~~~~~~~~~~~~~~~~~~~~~~~~~~~~~~~~~~~~~~~~~~~~~~~~~~~~~~~~~~~~~~~~~~~~~~~~~~~~~~~~~~~~~~~~~~~~~~~~~~~~~~~~~~~~~~~~~~~~~~~~~~~~~~~~~~~~~~~~~~~~~~~~~~~~~~~~~~~~~~~~~~~~~~~~~~~~~~~~~~~~~~~~~~~~~~~~~~~~~~~~~~~~~~~~~~~~~~~~~~~~~~~~~~~~~~~~~~~~~~~~~~~~~~~~~~~~~~~~~~~~~~~~~~~~~~~~~~~~~~~~~~~~~~~~~~~~~~~~~~~~~~~~~~~~~~~~~~~~~~~~~~~~~~~~~~~~~~~~~~~~~~~~~~~~~~~~~~~~~~~~~~~~~~~~~~~~~~~~~~~~~~~~~~~~~~~~~~~~~~~~~~~~~~~~~~~~~~~~~~~~~~~~~~~~~~~~~~~~~~~~~~~~~~~~~~~~~~~~~~~~~~~~~~~~~~~~~~~~~~~~~~~~~~~~~~~~~~~~~~~~~~~~~~~~~~~~~~~~~~~~~~~~~~~~~~~~~~~~~~~~~~~~~~~~~~~~~~~~~~~~~~~~~~~~~~~~~~~~~~~~~~~~~~~~~~~~~~~~~~~~~~~~~~~~~~~~~~~~~~~~~~~~~~~~~~~~~~~~~~~~~~~~~~~~~~~~~~~~~~~~~~~~~~~~~~~~~~~~~~~~~~~~~~~~~~~~~~~~~~~~~~~~~~~~~~~~~~~~~~~~~~~~~~~~~~~~~~~~~~~~~~~~~~~~~~~~~~~~~~~~~~~~~~~~~~~~~~~~~~~~~~~~~~~~~~~~~~~~~~~~~~~~~~~~~~~~~~~~~~~~~~~~~~~~~~~~~~~~~~~~~~~~~~~~~~~~~~~~~~~~~~~~~~~~~~~~~~~~~~~~~~~~~~~~~~~~~~~~~~~~~~~~~~~~~~~~~~~~~~~~~~~~~~~~~~~~~~~~~~~~~~~~~~~~~~~~~~~~~~~~~~~~~~~~~~~~~~~~~~~~~~~~~~~~~~~~~~~~~~~~~~~~~~~~~~~~~~~~~~~~~~~~~~~~~~~~~~~~~~~~~~~~~~~~~~~~~~~~~~~~~~~~~~~~~~~~~~~~~~~~~~~~~~~~~~~~~~~~~~~~~~~~~~~~~~~~~~~~~~~~~~~~~~~~~~~~~~~~~~~~~~~~~~~~~~~~~~~~~~~~~~~~~~~~~~~~~~~~~~~~~~~~~~~~~~~~~~~~~~~~~~~~~~~~~~~~~~~~~~~~~~~~~~~~~~~~~~~~~~~~~~~~~~~~~~~~~~~~~~~~~~~~~~~~~~~~~~~~~~~~~~~~~~~~~~~~~~~~~~~~~~~~~~~~~~~~~~~~~~~~~~~~~~~~~~~~~~~~~~~~~~~~~~~~~~~~~~~~~~~~~~~~~~~~~~~~~~~~~~~~~~~~~~~~~~~~~~~~~~~~~~~~~~~~~~~~~~~~~~~~~~~~~~~~~~~~~~~~~~~~~~~~~~~~~~~~~~~~~~~~~~~~~~~~~~~~~~~~~~~~~~~~~~~~~~~~~~~~~~~~~~~~~~~~~~~~~~~~~~~~~~~~~~~~~~~~~~~~~~~~~~~~~~~~~~~~~~~~~~~~~~~~~~~~~~~~~~~~~~~~~~~~~~~~~~~~~~~~~~~~~~~~~~~~~~~~~~~~~~~~~~~~~~~~~~~~~~~~~~~~~~~~~~~~~~~~~~~~~~~~~~~~~~~~~~~~~~~~~~~~~~~~~~~~~~~~~~~~~~~~~~~~~~~~~~~~~~~~~~~~~~~~~~~~~~~~~~~~~~~~~~~~~~~~~~~~~~~~~~~~~~~~~~~~~~~~~~~~~~~~~~~~~~~~~~~~~~~~~~~~~~~~~~~~~~~~~~~~~~~~~~~~~~~~~~~~~~~~~~~~~~~~~~~~~~~~~~~~~~~~~~~~~~~~~~~~~~~~~~~~~~~~~~~~~~~~~~~~~~~~~~~~~~~~~~~~~~~~~~~~~~~~~~~~~~~~~~~~~~~~~~~~~~~~~~~~~~~~~~~~~~~~~~~~~~~~~~~~~~~~~~~~~~~~~~~~~~~~~~~~~~~~~~~~~~~~~~~~~~~~~~~~~~~~~~~~~~~~~~~~~~~~~~~~~~~~~~~~~~~~~~~~~~~~~~~~~~~~~~~~~~~~~~~~~~~~~~~~~~~~~~~~~~~~~~~~~~~~~~~~~~~~~~~~~~~~~~~~~~~~~~~~~~~~~~~~~~~~~~~~~~~~~~~~~~~~~~~~~~~~~~~~~~~~~~~~~~~~~~~~~~~~~~~~~~~~~~~~~~~~~~~~~~~~~~~~~~~~~~~~~~~~~~~~~~~~~~~~~~~~~~~~~~~~~~~~~~~~~~~~~~~~~~~~~~~~~~~~~~~~~~~~~~~~~~~~~~~~~~~~~~~~~~~~~~~~~~~~~~~~~~~~~~~~~~~~~~~~~~~~~~~~~~~~~~~~~~~~~~~~~~~~~~~~~~~~~~~~~~~~~~~~~~~~~~~~~~~~~~~~~~~~~~~~~~~~~~~~~~~~~~~~~~~~~~~~~~~~~~~~~~~~~~~~~~~~~~~~~~~~~~~~~~~~~~~~~~~~~~~~~~~~~~~~~~~~~~~~~~~~~~~~~~~~~~~~~~~~~~~~~~~~~~~~~~~~~~~~~~~~~~~~~~~~~~~~~~~~~~~~~~~~~~~~~~~~~~~~~~~~~~~~~~~~~~~~~~~~~~~~~~~~~~~~~~~~~~~~~~~~~~~~~~~~~~~~~~~~~~~~~~~~~~~~~~~~~~~~~~~~~~~~~~~~~~~~~~~~~~~~~~~~~~~~~~~~~~~~~~~~~~~~~~~~~~~~~~~~~~~~~~~~~~~~~~~~~~~~~~~~~~~~~~~~~~~~~~~~~~~~~~~~~~~~~~~~~~~~~~~~~~~~~~~~~~~~~~~~~~~~~~~~~~~~~~~~~~~~~~~~~~~~~~~~~~~~~~~~~~~~~~~~~~~~~~~~~~~~~~~~~~~~~~~~~~~~~~~~~~~~~~~~~~~~~~~~~~~~~~~~~~~~~~~~~~~~~~~~~~~~~~~~~~~~~~~~~~~~~~~~~~~~~~~~~~~~~~~~~~~~~~~~~~~~~~~~~~~~~~~~~~~~~~~~~~~~~~~~~~~~~~~~~~~~~~~~~~~~~~~~~~~~~~~~~~~~~~~~~~~~~~~~~~~~~~~~~~~~~~~~~~~~~~~~~~~~~~~~~~~~~~~~~~~~~~~~~~~~~~~~~~~~~~~~~~~~~~~~~~~~~~~~~~~~~~~~~~~~~~~~~~~~~~~~~~~~~~~~~~~~~~~~~~~~~~~~~~~~~~~~~~~~~~~~~~~~~~~~~~~~~~~~~~~~~~~~~~~~~~~~~~~~~~~~~~~~~~~~~~~~~~~~~~~~~~~~~~~~~~~~~~~~~~~~~~~~~~~~~~~~~~~~~~~~~~~~~~~~~~~~~~~~~~~~~~~~~~~~~~~~~~~~~~~~~~~~~~~~~~~~~~~~~~~~~~~~~~~~~~~~~~~~~~~~~~~~~~~~~~~~~~~~~~~~~~~~~~~~~~~~~~~~~~~~~~~~~~~~~~~~~~~~~~~~~~~~~~~~~~~~~~~~~~~~~~~~~~~~~~~~~~~~~~~~~~~~~~~~~~~~~~~~~~~~~~~~~~~~~~~~~~~~~~~~~~~~~~~~~~~~~~~~~~~~~~~~~~~~~~~~~~~~~~~~~~~~~~~~~~~~~~~~~~~~~~~~~~~~~~~~~~~~~~~~~~~~~~~~~~~~~~~~~~~~~~~~~~~~~~~~~~~~~~~~~~~~~~~~~~~~~~~~~~~~~~~~~~~~~~~~~~~~~~~~~~~~~~~~~~~~~~~~~~~~~~~~~~~~~~~~~~~~~~~~~~~~~~~~~~~~~~~~~~~~~~~~~~~~~~~~~~~~~~~~~~~~~~~~~~~~~~~~~~~~~~~~~~~~~~~~~~~~~~~~~~~~~~~~~~~~~~~~~~~~~~~~~~~~~~~~~~~~~~~~~~~~~~~~~~~~~~~~~~~~~~~~~~~~~~~~~~~~~~~~~~~~~~~~~~~~~~~~~~~~~~~~~~~~~~~~~~~~~~~~~~~~~~~~~~~~~~~~~~~~~~~~~~~~~~~~~~~~~~~~~~~~~~~~~~~~~~~~~~~~~~~~~~~~~~~~~~~~~~~~~~~~~~~~~~~~~~~~~~~~~~~~~~~~~~~~~~~~~~~~~~~~~~~~~~~~~~~~~~~~~~~~~~~~~~~~~~~~~~~~~~~~~~~~~~~~~~~~~~~~~~~~~~~~~~~~~~~~~~~~~~~~~~~~~~~~~~~~~~~~~~~~~~~~~~~~~~~~~~~~~~~~~~~~~~~~~~~~~~~~~~~~~~~~~~~~~~~~~~~~~~~~~~~~~~~~~~~~~~~~~~~~~~~~~~~~~~~~~~~~~~~~~~~~~~~~~~~~~~~~~~~~~~~~~~~~~~~~~~~~~~~~~~~~~~~~~~~~~~~~~~~~~~~~~~~~~~~~~~~~~~~~~~~~~~~~~~~~~~~~~~~~~~~~~~~~~~~~~~~~~~~~~~~~~~~~~~~~~~~~~~~~~~~~~~~~~~~~~~~~~~~~~~~~~~~~~~~~~~~~~~~~~~~~~~~~~~~~~~~~~~~~~~~~~~~~~~~~~~~~~~~~~~~~~~~~~~~~~~~~~~~~~~~~~~~~~~~~~~~~~~~~~~~~~~~~~~~~~~~~~~~~~~~~~~~~~~~~~~~~~~~~~~~~~~~~~~~~~~~~~~~~~~~~~~~~~~~~~~~~~~~~~~~~~~~~~~~~~~~~~~~~~~~~~~~~~~~~~~~~~~~~~~~~~~~~~~~~~~~~~~~~~~~~~~~~~~~~~~~~~~~~~~~~~~~~~~~~~~~~~~~~~~~~~~~~~~~~~~~~~~~~~~~~~~~~~~~~~~~~~~~~~~~~~~~~~~~~~~~~~~~~~~~~~~~~~~~~~~~~~~~~~~~~~~~~~~~~~~~~~~~~~~~~~~~~~~~~~~~~~~~~~~~~~~~~~~~~~~~~~~~~~~~~~~~~~~~~~~~~~~~~~~~~~~~~~~~~~~~~~~~~~~~~~~~~~~~~~~~~~~~~~~~~~~~~~~~~~~~~~~~~~~~~~~~~~~~~~~~~~~~~~~~~~~~~~~~~~~~~~~~~~~~~~~~~~~~~~~~~~~~~~~~~~~~~~~~~~~~~~~~~~~~~~~~~~~~~~~~~~~~~~~~~~~~~~~~~~~~~~~~~~~~~~~~~~~~~~~~~~~~~~~~~~~~~~~~~~~~~~~~~~~~~~~~~~~~~~~~~~~~~~~~~~~~~~~~~~~~~~~~~~~~~~~~~~~~~~~~~~~~~~~~~~~~~~~~~~~~~~~~~~~~~~~~~~~~~~~~~~~~~~~~~~~~~~~~~~~~~~~~~~~~~~~~~~~~~~~~~~~~~~~~~~~~~~~~~~~~~~~~~~~~~~~~~~~~~~~~~~~~~~~~~~~~~~~~~~~~~~~~~~~~~~~~~~~~~~~~~~~~~~~~~~~~~~~~~~~~~~~~~~~~~~~~~~~~~~~~~~~~~~~~~~~~~~~~~~~~~~~~~~~~~~~~~~~~~~~~~~~~~~~~~~~~~~~~~~~~~~~~~~~~~~~~~~~~~~~~~~~~~~~~~~~~~~~~~~~~~~~~~~~~~~~~~~~~~~~~~~~~~~~~~~~~~~~~~~~~~~~~~~~~~~~~~~~~~~~~~~~~~~~~~~~~~~~~~~~~~~~~~~~~~~~~~~~~~~~~~~~~~~~~~~~~~~~~~~~~~~~~~~~~~~~~~~~~~~~~~~~~~~~~~~~~~~~~~~~~~~~~~~~~~~~~~~~~~~~~~~~~~~~~~~~~~~~~~~~~~~~~~~~~~~~~~~~~~~~~~~~~~~~~~~~~~~~~~~~~~~~~~~~~~~~~~~~~~~~~~~~~~~~~~~~~~~~~~~~~~~~~~~~~~~~~~~~~~~~~~~~~~~~~~~~~~~~~~~~~~~~~~~~~~~~~~~~~~~~~~~~~~~~~~~~~~~~~~~~~~~~~~~~~~~~~~~~~~~~~~~~~~~~~~~~~~~~~~~~~~~~~~~~~~~~~~~~~~~~~~~~~~~~~~~~~~~~~~~~~~~~~~~~~~~~~~~~~~~~~~~~~~~~~~~~~~~~~~~~~~~~~~~~~~~~~~~~~~~~~~~~~~~~~~~~~~~~~~~~~~~~~~~~~~~~~~~~~~~~~~~~~~~~~~~~~~~~~~~~~~~~~~~~~~~~~~~~~~~~~~~~~~~~~~~~~~~~~~~~~~~~~~~~~~~~~~~~~~~~~~~~~~~~~~~~~~~~~~~~~~~~~~~~~~~~~~~~~~~~~~~~~~~~~~~~~~~~~~~~~~~~~~~~~~~~~~~~~~~~~~~~~~~~~~~~~~~~~~~~~~~~~~~~~~~~~~~~~~~~~~~~~~~~~~~~~~~~~~~~~~~~~~~~~~~~~~~~~~~~~~~~~~~~~~~~~~~~~~~~~~~~~~~~~~~~~~~~~~~~~~~~~~~~~~~~~~~~~~~~~~~~~~~~~~~~~~~~~~~~~~~~~~~~~~~~~~~~~~~~~~~~~~~~~~~~~~~~~~~~~~~~~~~~~~~~~~~~~~~~~~~~~~~~~~~~~~~~~~~~~~~~~~~~~~~~~~~~~~~~~~~~~~~~~~~~~~~~~~~~~~~~~~~~~~~~~~~~~~~~~~~~~~~~~~~~~~~~~~~~~~~~~~~~~~~~~~~~~~~~~~~~~~~~~~~~~~~~~~~~~~~~~~~~~~~~~~~~~~~~~~~~~~~~~~~~~~~~~~~~~~~~~~~~~~~~~~~~~~~~~~~~~~~~~~~~~~~~~~~~~~~~~~~~~~~~~~~~~~~~~~~~~~~~~~~~~~~~~~~~~~~~~~~~~~~~~~~~~~~~~~~~~~~~~~~~~~~~~~~~~~~~~~~~~~~~~~~~~~~~~~~~~~~~~~~~~~~~~~~~~~~~~~~~~~~~~~~~~~~~~~~~~~~~~~~~~~~~~~~~~~~~~~~~~~~~~~~~~~~~~~~~~~~~~~~~~~~~~~~~~~~~~~~~~~~~~~~~~~~~~~~~~~~~~~~~~~~~~~~~~~~~~~~~~~~~~~~~~~~~~~~~~~~~~~~~~~~~~~~~~~~~~~~~~~~~~~~~~~~~~~~~~~~~~~~~~~~~~~~~~~~~~~~~~~~~~~~~~~~~~~~~~~~~~~~~~~~~~~~~~~~~~~~~~~~~~~~~~~~~~~~~~~~~~~~~~~~~~~~~~~~~~~~~~~~~~~~~~~~~~~~~~~~~~~~~~~~~~~~~~~~~~~~~~~~~~~~~~~~~~~~~~~~~~~~~~~~~~~~~~~~~~~~~~~~~~~~~~~~~~~~~~~~~~~~~~~~~~~~~~~~~~~~~~~~~~~~~~~~~~~~~~~~~~~~~~~~~~~~~~~~~~~~~~~~~~~~~~~~~~~~~~~~~~~~~~~~~~~~~~~~~~~~~~~~~~~~~~~~~~~~~~~~~~~~~~~~~~~~~~~~~~~~~~~~~~~~~~~~~~~~~~~~~~~~~~~~~~~~~~~~~~~~~~~~~~~~~~~~~~~~~~~~~~~~~~~~~~~~~~~~~~~~~~~~~~~~~~~~~~~~~~~~~~~~~~~~~~~~~~~~~~~~~~~~~~~~~~~~~~~~~~~~~~~~~~~~~~~~~~~~~~~~~~~~~~~~~~~~~~~~~~~~~~~~~~~~~~~~~~~~~~~~~~~~~~~~~~~~~~~~~~~~~~~~~~~~~~~~~~~~~~~~~~~~~~~~~~~~~~~~~~~~~~~~~~~~~~~~~~~~~~~~~~~~~~~~~~~~~~~~~~~~~~~~~~~~~~~~~~~~~~~~~~~~~~~~~~~~~~~~~~~~~~~~~~~~~~~~~~~~~~~~~~~~~~~~~~~~~~~~~~~~~~~~~~~~~~~~~~~~~~~~~~~~~~~~~~~~~~~~~~~~~~~~~~~~~~~~~~~~~~~~~~~~~~~~~~~~~~~~~~~~~~~~~~~~~~~~~~~~~~~~~~~~~~~~~~~~~~~~~~~~~~~~~~~~~~~~~~~~~~~~~~~~~~~~~~~~~~~~~~~~~~~~~~~~~~~~~~~~~~~~~~~~~~~~~~~~~~~~~~~~~~~~~~~~~~~~~~~~~~~~~~~~~~~~~~~~~~~~~~~~~~~~~~~~~~~~~~~~~~~~~~~~~~~~~~~~~~~~~~~~~~~~~~~~~~~~~~~~~~~~~~~~~~~~~~~~~~~~~~~~~~~~~~~~~~~~~~~~~~~~~~~~~~~~~~~~~~~~~~~~~~~~~~~~~~~~~~~~~~~~~~~~~~~~~~~~~~~~~~~~~~~~~~~~~~~~~~~~~~~~~~~~~~~~~~~~~~~~~~~~~~~~~~~~~~~~~~~~~~~~~~~~~~~~~~~~~~~~~~~~~~~~~~~~~~~~~~~~~~~~~~~~~~~~~~~~~~~~~~~~~~~~~~~~~~~~~~~~~~~~~~~~~~~~~~~~~~~~~~~~~~~~~~~~~~~~~~~~~~~~~~~~~~~~~~~~~~~~~~~~~~~~~~~~~~~~~~~~~~~~~~~~~~~~~~~~~~~~~~~~~~~~~~~~~~~~~~~~~~~~~~~~~~~~~~~~~~~~~~~~~~~~~~~~~~~~~~~~~~~~~~~~~~~~~~~~~~~~~~~~~~~~~~~~~~~~~~~~~~~~~~~~~~~~~~~~~~~~~~~~~~~~~~~~~~~~~~~~~~~~~~~~~~~~~~~~~~~~~~~~~~~~~~~~~~~~~~~~~~~~~~~~~~~~~~~~~~~~~~~~~~~~~~~~~~~~~~~~~~~~~~~~~~~~~~~~~~~~~~~~~~~~~~~~~~~~~~~~~~~~~~~~~~~~~~~~~~~~~~~~~~~~~~~~~~~~~~~~~~~~~~~~~~~~~~~~~~~~~~~~~~~~~~~~~~~~~~~~~~~~~~~~~~~~~~~~~~~~~~~~~~~~~~~~~~~~~~~~~~~~~~~~~~~~~~~~~~~~~~~~~~~~~~~~~~~~~~~~~~~~~~~~~~~~~~~~~~~~~~~~~~~~~~~~~~~~~~~~~~~~~~~~~~~~~~~~~~~~~~~~~~~~~~~~~~~~~~~~~~~~~~~~~~~~~~~~~~~~~~~~~~~~~~~~~~~~~~~~~~~~~~~~~~~~~~~~~~~~~~~~~~~~~~~~~~~~~~~~~~~~~~~~~~~~~~~~~~~~~~~~~~~~~~~~~~~~~~~~~~~~~~~~~~~~~~~~~~~~~~~~~~~~~~~~~~~~~~~~~~~~~~~~~~~~~~~~~~~~~~~~~~~~~~~~~~~~~~~~~~~~~~~~~~~~~~~~~~~~~~~~~~~~~~~~~~~~~~~~~~~~~~~~~~~~~~~~~~~~~~~~~~~~~~~~~~~~~~~~~~~~~~~~~~~~~~~~~~~~~~~~~~~~~~~~~~~~~~~~~~~~~~~~~~~~~~~~~~~~~~~~~~~~~~~~~~~~~~~~~~~~~~~~~~~~~~~~~~~~~~~~~~~~~~~~~~~~~~~~~~~~~~~~~~~~~~~~~~~~~~~~~~~~~~~~~~~~~~~~~~~~~~~~~~~~~~~~~~~~~~~~~~~~~~~~~~~~~~~~~~~~~~~~~~~~~~~~~~~~~~~~~~~~~~~~~~~~~~~~~~~~~~~~~~~~~~~~~~~~~~~~~~~~~~~~~~~~~~~~~~~~~~~~~~~~~~~~~~~~~~~~~~~~~~~~~~~~~~~~~~~~~~~~~~~~~~~~~~~~~~~~~~~~~~~~~~~~~~~~~~~~~~~~~~~~~~~~~~~~~~~~~~~~~~~~~~~~~~~~~~~~~~~~~~~~~~~~~~~~~~~~~~~~~~~~~~~~~~~~~~~~~~~~~~~~~~~~~~~~~~~~~~~~~~~~~~~~~~~~~~~~~~~~~~~~~~~~~~~~~~~~~~~~~~~~~~~~~~~~~~~~~~~~~~~~~~~~~~~~~~~~~~~~~~~~~~~~~~~~~~~~~~~~~~~~~~~~~~~~~~~~~~~~~~~~~~~~~~~~~~~~~~~~~~~~~~~~~~~~~~~~~~~~~~~~~~~~~~~~~~~~~~~~~~~~~~~~~~~~~~~~~~~~~~~~~~~~~~~~~~~~~~~~~~~~~~~~~~~~~~~~~~~~~~~~~~~~~~~~~~~~~~~~~~~~~~~~~~~~~~~~~~~~~~~~~~~~~~~~~~~~~~~~~~~~~~~~~~~~~~~~~~~~~~~~~~~~~~~~~~~~~~~~~~~~~~~~~~~~~~~~~~~~~~~~~~~~~~~~~~~~~~~~~~~~~~~~~~~~~~~~~~~~~~~~~~~~~~~~~~~~~~~~~~~~~~~~~~~~~~~~~~~~~~~~~~~~~~~~~~~~~~~~~~~~~~~~~~~~~~~~~~~~~~~~~~~~~~~~~~~~~~~~~~~~~~~~~~~~~~~~~~~~~~~~~~~~~~~~~~~~~~~~~~~~~~~~~~~~~~~~~~~~~~~~~~~~~~~~~~~~~~~~~~~~~~~~~~~~~~~~~~~~~~~~~~~~~~~~~~~~~~~~~~~~~~~~~~~~~~~~~~~~~~~~~~~~~~~~~~~~~~~~~~~~~~~~~~~~~~~~~~~~~~~~~~~~~~~~~~~~~~~~~~~~~~~~~~~~~~~~~~~~~~~~~~~~~~~~~~~~~~~~~~~~~~~~~~~~~~~~~~~~~~~~~~~~~~~~~~~~~~~~~~~~~~~~~~~~~~~~~~~~~~~~~~~~~~~~~~~~~~~~~~~~~~~~~~~~~~~~~~~~~~~~~~~~~~~~~~~~~~~~~~~~~~~~~~~~~~~~~~~~~~~~~~~~~~~~~~~~~~~~~~~~~~~~~~~~~~~~~~~~~~~~~~~~~~~~~~~~~~~~~~~~~~~~~~~~~~~~~~~~~~~~~~~~~~~~~~~~~~~~~~~~~~~~~~~~~~~~~~~~~~~~~~~~~~~~~~~~~~~~~~~~~~~~~~~~~~~~~~~~~~~~~~~~~~~~~~~~~~~~~~~~~~~~~~~~~~~~~~~~~~~~~~~~~~~~~~~~~~~~~~~~~~~~~~~~~~~~~~~~~~~~~~~~~~~~~~~~~~~~~~~~~~~~~~~~~~~~~~~~~~~~~~~~~~~~~~~~~~~~~~~~~~~~~~~~~~~~~~~~~~~~~~~~~~~~~~~~~~~~~~~~~~~~~~~~~~~~~~~~~~~~~~~~~~~~~~~~~~~~~~~~~~~~~~~~~~~~~~~~~~~~~~~~~~~~~~~~~~~~~~~~~~~~~~~~~~~~~~~~~~~~~~~~~~~~~~~~~~~~~~~~~~~~~~~~~~~~~~~~~~~~~~~~~~~~~~~~~~~~~~~~~~~~~~~~~~~~~~~~~~~~~~~~~~~~~~~~~~~~~~~~~~~~~~~~~~~~~~~~~~~~~~~~~~~~~~~~~~~~~~~~~~~~~~~~~~~~~~~~~~~~~~~~~~~~~~~~~~~~~~~~~~~~~~~~~~~~~~~~~~~~~~~~~~~~~~~~~~~~~~~~~~~~~~~~~~~~~~~~~~~~~~~~~~~~~~~~~~~~~~~~~~~~~~~~~~~~~~~~~~~~~~~~~~~~~~~~~~~~~~~~~~~~~~~~~~~~~~~~~~~~~~~~~~~~~~~~~~~~~~~~~~~~~~~~~~~~~~~~~~~~~~~~~~~~~~~~~~~~~~~~~~~~~~~~~~~~~~~~~~~~~~~~~~~~~~~~~~~~~~~~~~~~~~~~~~~~~~~~~~~~~~~~~~~~~~~~~~~~~~~~~~~~~~~~~~~~~~~~~~~~~~~~~~~~~~~~~~~~~~~~~~~~~~~~~~~~~~~~~~~~~~~~~~~~~~~~~~~~~~~~~~~~~~~~~~~~~~~~~~~~~~~~~~~~~~~~~~~~~~~~~~~~~~~~~~~~~~~~~~~~~~~~~~~~~~~~~~~~~~~~~~~~~~~~~~~~~~~~~~~~~~~~~~~~~~~~~~~~~~~~~~~~~~~~~~~~~~~~~~~~~~~~~~~~~~~~~~~~~~~~~~~~~~~~~~~~~~~~~~~~~~~~~~~~~~~~~~~~~~~~~~~~~~~~~~~~~~~~~~~~~~~~~~~~~~~~~~~~~~~~~~~~~~~~~~~~~~~~~~~~~~~~~~~~~~~~~~~~~~~~~~~~~~~~~~~~~~~~~~~~~~~~~~~~~~~~~~~~~~~~~~~~~~~~~~~~~~~~~~~~~~~~~~~~~~~~~~~~~~~~~~~~~~~~~~~~~~~~~~~~~~~~~~~~~~~~~~~~~~~~~~~~~~~~~~~~~~~~~~~~~~~~~~~~~~~~~~~~~~~~~~~~~~~~~~~~~~~~~~~~~~~~~~~~~~~~~~~~~~~~~~~~~~~~~~~~~~~~~~~~~~~~~~~~~~~~~~~~~~~~~~~~~~~~~~~~~~~~~~~~~~~~~~~~~~~~~~~~~~~~~~~~~~~~~~~~~~~~~~~~~~~~~~~~~~~~~~~~~~~~~~~~~~~~~~~~~~~~~~~~~~~~~~~~~~~~~~~~~~~~~~~~~~~~~~~~~~~~~~~~~~~~~~~~~~~~~~~~~~~~~~~~~~~~~~~~~~~~~~~~~~~~~~~~~~~~~~~~~~~~~~~~~~~~~~~~~~~~~~~~~~~~~~~~~~~~~~~~~~~~~~~~~~~~~~~~~~~~~~~~~~~~~~~~~~~~~~~~~~~~~~~~~~~~~~~~~~~~~~~~~~~~~~~~~~~~~~~~~~~~~~~~~~~~~~~~~~~~~~~~~~~~~~~~~~~~~~~~~~~~~~~~~~~~~~~~~~~~~~~~~~~~~~~~~~~~~~~~~~~~~~~~~~~~~~~~~~~~~~~~~~~~~~~~~~~~~~~~~~~~~~~~~~~~~~~~~~~~~~~~~~~~~~~~~~~~~~~~~~~~~~~~~~~~~~~~~~~~~~~~~~~~~~~~~~~~~~~~~~~~~~~~~~~~~~~~~~~~~~~~~~~~~~~~~~~~~~~~~~~~~~~~~~~~~~~~~~~~~~~~~~~~~~~~~~~~~~~~~~~~~~~~~~~~~~~~~~~~~~~~~~~~~~~~~~~~~~~~~~~~~~~~~~~~~~~~~~~~~~~~~~~~~~~~~~~~~~~~~~~~~~~~~~~~~~~~~~~~~~~~~~~~~~~~~~~~~~~~~~~~~~~~~~~~~~~~~~~~~~~~~~~~~~~~~~~~~~~~~~~~~~~~~~~~~~~~~~~~~~~~~~~~~~~~~~~~~~~~~~~~~~~~~~~~~~~~~~~~~~~~~~~~~~~~~~~~~~~~~~~~~~~~~~~~~~~~~~~~~~~~~~~~~~~~~~~~~~~~~~~~~~~~~~~~~~~~~~~~~~~~~~~~~~~~~~~~~~~~~~~~~~~~~~~~~~~~~~~~~~~~~~~~~~~~~~~~~~~~~~~~~~~~~~~~~~~~~~~~~~~~~~~~~~~~~~~~~~~~~~~~~~~~~~~~~~~~~~~~~~~~~~~~~~~~~~~~~~~~~~~~~~~~~~~~~~~~~~~~~~~~~~~~~~~~~~~~~~~~~~~~~~~~~~~~~~~~~~~~~~~~~~~~~~~~~~~~~~~~~~~~~~~~~~~~~~~~~~~~~~~~~~~~~~~~~~~~~~~~~~~~~~~~~~~~~~~~~~~~~~~~~~~~~~~~~~~~~~~~~~~~~~~~~~~~~~~~~~~~~~~~~~~~~~~~~~~~~~~~~~~~~~~~~~~~~~~~~~~~~~~~~~~~~~~~~~~~~~~~~~~~~~~~~~~~~~~~~~~~~~~~~~~~~~~~~~~~~~~~~~~~~~~~~~~~~~~~~~~~~~~~~~~~~~~~~~~~~~~~~~~~~~~~~~~~~~~~~~~~~~~~~~~~~~~~~~~~~~~~~~~~~~~~~~~~~~~~~~~~~~~~~~~~~~~~~~~~~~~~~~~~~~~~~~~~~~~~~~~~~~~~~~~~~~~~~~~~~~~~~~~~~~~~~~~~~~~~~~~~~~~~~~~~~~~~~~~~~~~~~~~~~~~~~~~~~~~~~~~~~~~~~~~~~~~~~~~~~~~~~~~~~~~~~~~~~~~~~~~~~~~~~~~~~~~~~~~~~~~~~~~~~~~~~~~~~~~~~~~~~~~~~~~~~~~~~~~~~~~~~~~~~~~~~~~~~~~~~~~~~~~~~~~~~~~~~~~~~~~~~~~~~~~~~~~~~~~~~~~~~~~~~~~~~~~~~~~~~~~~~~~~~~~~~~~~~~~~~~~~~~~~~~~~~~~~~~~~~~~~~~~~~~~~~~~~~~~~~~~~~~~~~~~~~~~~~~~~~~~~~~~~~~~~~~~~~~~~~~~~~~~~~~~~~~~~~~~~~~~~~~~~~~~~~~~~~~~~~~~~~~~~~~~~~~~~~~~~~~~~~~~~~~~~~~~~~~~~~~~~~~~~~~~~~~~~~~~~~~~~~~~~~~~~~~~~~~~~~~~~~~~~~~~~~~~~~~~~~~~~~~~~~~~~~~~~~~~~~~~~~~~~~~~~~~~~~~~~~~~~~~~~~~~~~~~~~~~~~~~~~~~~~~~~~~~~~~~~~~~~~~~~~~~~~~~~~~~~~~~~~~~dtddddddtdddd.{EPS=83.5143,ETD=4819.04}dddd.{EPS=79.139,ETD=4822.69}tt.{EPS=74.4491,ETD=4614.86}dd.{EPS=69.2329,ETD=4220.43}.{EPS=65.8588,ETD=3877.17}d.{EPS=63.6699,ETD=3816.34}.{EPS=69.3385,ETD=3927.98}.{EPS=80.2568,ETD=3993.59}.{EPS=92.115,ETD=4057.21}.{EPS=102.166,ETD=4171.07}.{EPS=104.603,ETD=4656.74}.{EPS=109.433,ETD=4946.68}.{EPS=115.314,ETD=5448.76}.{EPS=125.408,ETD=6138.11}.{EPS=133.976,ETD=6776.94}.{EPS=142.369,ETD=7133.8}.{EPS=141.965,ETD=7180.29}.{EPS=140.292,ETD=7226.67}.{EPS=138.85,ETD=7272.98}.{EPS=137.4,ETD=7319.21}.{EPS=135.943,ETD=7365.26}.{EPS=134.916,ETD=7411.17}.{EPS=132.031,ETD=7457.06}.{EPS=129.032,ETD=7502.99}.{EPS=126.103,ETD=7548.96}.{EPS=120.831,ETD=7595.11}.{EPS=118.934,ETD=7641.9}.{EPS=119.617,ETD=7688.52}.{EPS=119.531,ETD=7734.74}.{EPS=117.426,ETD=7780.95}.{EPS=114.469,ETD=7827.32}.{EPS=111.882,ETD=7873.86}.{EPS=112.208,ETD=7920.38}.{EPS=111.334,ETD=7966.69}.{EPS=108.696,ETD=8013.05}.{EPS=104.537,ETD=8059.57}.{EPS=99.5818,ETD=8106.26}.{EPS=94.4465,ETD=8153.23}.{EPS=89.3655,ETD=8200.67}dddddddddd.{EPS=87.184,ETD=7891.92}.{EPS=83.2085,ETD=7939.67}dddd.{EPS=79.7703,ETD=7873.01}ddddd.{EPS=77.1367,ETD=7692.11}.{EPS=72.9288,ETD=7740.53}dddddd.{EPS=72.685,ETD=7445.67}d.{EPS=69.4637,ETD=7493.96}ddd.{EPS=69.2521,ETD=7390.05}dd.{EPS=69.1563,ETD=7260.74}dddddd.{EPS=68.5401,ETD=7131.49}ddtdd~dd.{EPS=68.5589,ETD=7269.66}ddd.{EPS=68.6248,ETD=7318.34}dddddddddd~.{EPS=70.1361,ETD=7049.53}dd.{EPS=68.2967,ETD=7327.2}ddtddd.{EPS=70.7014,ETD=7109.11}dd.{EPS=69.2233,ETD=7501.13}d~~~~~~~~~~~~~~~~~~~~~dddd.{EPS=71.3267,ETD=7549.98}ddd~~~~~~~~~~~~~~~~~~~~~.{EPS=70.2346,ETD=7751.01}~~~~~~~~~~~~~~~~~~~~~d.{EPS=68.4182,ETD=7977.34}dd~~~~~~~~~~~~~~~~~~~~~.{EPS=68.3901,ETD=8203.59}dd.{EPS=66.1201,ETD=8518.69}d~~~~~~~~~~~~~~~~~~~~~d.{EPS=65.6082,ETD=8566.82}ddd~~~~~~~~~~~~~~~~~~~~~.{EPS=63.5082,ETD=9046.89}ddddd~~~~~~~~~~~~~~~~~~~~~.{EPS=62.9089,ETD=9094.87}ddd.{EPS=61.6675,ETD=9409.57}d~~~~~~~~~~~~~~~~~~~~~dddd.{EPS=63.5405,ETD=9457.46}ddddd~~~~~~~~~~~~~ddd.{EPS=63.9795,ETD=9505.35}dddddd~~~~~~~~~~~~~dd.{EPS=64.6162,ETD=9553.26}dddd~~~~~~~~~~~~~.{EPS=64.1931,ETD=9601.25}dddd~~~~~~~~~~~~~dddd.{EPS=65.9109,ETD=9649.27}ddd~~~~~~~~~~~~~dddddd.{EPS=71.3063,ETD=9697.3}d~~~~~~~~~~~~~ddddddddd.{EPS=76.5814,ETD=9745.34}ddddd~~~~~~~~~~~~~dddd.{EPS=83.3056,ETD=9793.41}ddd~~~~~~ddd~~~~~~~~~~~~~~~~~~~~~~~~~~~~~~~~~~~~~~~~~~~~~~~~~~~~~~~~~~~~~~~~~~~~~~~~~~~~~~~~~~~~~~~~~~~~~~~~~~~~~~~~~~~~~~~ddddddd~dd.{EPS=90.6125,ETD=9549.03}dddtdd~~dddtd~~dddd.{EPS=96.1723,ETD=8960.47}dddtd~~~~~~~~~~~~~~~~~~~~~~~~~~~~~~~~~~dddddddd.{EPS=98.0777,ETD=8370.56}dddddtd~dddd~.{EPS=104.384,ETD=7778.35}dddddddtd~~~~~~~~~~~~~~~~~~~~~~~~~~~~~~~~~~~~~~~~~~~~~~~~~~~~~~~~~~~~~~~~~~~~~~~~~~~~~~~~~~~~~~~~~~~~~~~~~~~~~~~~~~~~~~~~~~~~~~~~~~~~~~~~~~~~~~~~~~~~~~~~~~~~~~~~~~~~~~~~~~~~~~~~~~~~~~~~~~~~~~~~~~~~~~~~~~~~~~~~~dddddd.{EPS=110.375,ETD=7240.94}ddddddddddd.{EPS=125.976,ETD=7097.8}~~~~~~~~~~~~~~~~~~~~~~~~~~~~~~~~~~~~~~~~~~~~~~~~~~~~~~~~~~~~~~~~~~~~~~~~~~~~~~~~~~~~~~~~~~~~~~~~~~~~~~~~~~~~~~~~~~~~~~~~~~~~~~~~~~~~~~~~~~~~~~~~~~~~~~~~~~~~~~~~~~~~~~~~~~~~~~~~~~~~~~~~~~~~~~~~~~~~~~~~~~~~~~~~~~~~~~~~~~~~~~~~~~~~~~~~~~~~~~~~~~~~~~~~~~~~~~~~~~~~~~~~~~~~~~~~~~~~~~~~~~~~~~~~~~~~~~~~~~~~~~~~~~~~~~~~~~~~~~~~~~~~~~~~~~~~~~~~~~~~~~~~~~~~~~~~~~~~~~~~~~~~~~~~~~~~~~~~~~~~~~~~~~~~~~~~~~~~~~~~~~~~~~~~~~~~~~~~~~~~~~~~~~~~~~~~~~~~~~~~~~~~~~~~~~~~~~~~~~~~~~~~~~~~~~~~~~~~~~~~~~~~~~~~~~~~~~~~~~~~~~~~~~~~~~~~~~~~~~~~~~~~~~~~~~~~~~~~~~~~~~~~~~~~~~~~~~~~~~~~~~~~~~~~~~~~~~~~~~~~~~~~~~~~~~~~~~~~~~~~~~~~~~~~~~~~~~~~~~~~~~~~~~~~~~~~~~~~~~~~~~~~~~~~~~~~~~~~~~~~~~~~~~~~~~~~~~~~~~~~~~~~~~~~~~~~~~~~~~~~~~~~~~~~~~~~~~~~~~~~~~~~~~~~~~~~~~~~~~~~~~~~~~~~~~~~~~~~~~~~~~~~~~~~~~~~~~~~~~~~~~~~~~~~~~~~~~~~~~~~~~~~~~~~~~~~~~~~~~~~~~~~~~~~~~~~~~~~~~~~~~~~~~~~~~~~~~~~~~~~~~~~~~~~~~~~~~~~~~~~~~~~~~~~~~~~~~~~~~~~~~~~~~~~~~~~~~~~~~~~~~~~~~~~~~~~~~~~~~~~~~~~~~~~~~~~~~~~~~~~~~~~~~~~~~~~~~~~~~~~~~~~~~~~~~~~~~~~~~~~~~~~~~~~~~~~~~~~~~~~~~~~~~~~~~~~~~~~~~~~~~~~~~~~~~~~~~~~~~~~~~~~~~~~~~~~~~~~~~~~~~~~~~~~~~~~~~~~~~~~~~~~~~~~~~~~~~~~~~~~~~~~~~~~~~~~~~~~~~~~~~~~~~~~~~~~~~~~~~~~~~~~~~~~~~~~~~~~~~~~~~~~~~~~~~~~~~~~~~~~~~~~~~~~~~~~~~~~~~~~~~~~~~~~~~~~~~~~~~~~~~~~~~~~~~~~~~~~~~~~~~~~~~~~~~~~~~~~~~~~~~~~~~~~~~~~~~~~~~~~~~~~~~~~~~~~~~~~~~~~~~~~~~~~~~~~~~~~~~~~~~~~~~~~~~~~~~~~~~~~~~~~~~~~~~~~~~~~~~~~~~~~~~~~~~~~~~~~~~~~~~~~~~~~~~~~~~~~~~~~~~~~~~~~~~~~~~~~~~~~~~~~~~~~~~~~~~~~~~~~~~~~~~~~~~~~~~~~~~~~~~~~~~~~~~~~~~~~~~~~~~~~~~~~~~~~~~~~~~~~~~~~~~~~~~~~~~~~~~~~~~~~~~~~~~~~~~~~~~~~~~~~~~~~~~~~~~~~~~~~~~~~~~~~~~~~~~~~~~~~~~~~~~~~~~~~~~~~~~~~~~~~~~~~~~~~~~~~~~~~~~~~~~~~~~~~~~~~~~~~~~~~~~~~~~~~~~~~~~~~~~~~~~~~~~~~~~~~~~~~~~~~~~~~~~~~~~~~~~~~~~~~~~~~~~~~~~~~~~~~~~~~~~~~~~~~~~~~~~~~~~~~~~~~~~~~~~~~~~~~~~~~~~~~~~~~~~~~~~~~~~ddddddddddd.{EPS=135.062,ETD=6631.23}ddddddddddddd~~~~~~~~~~~~~~~~~~~~~~~~~~~~~~~~~~~~~~~~~~~~~~~~~~~~~~~~~~~~~~~~~~~~~~~~~~d.{EPS=129.066,ETD=6003.59}dd.{EPS=114.758,ETD=5323.59}dddd.{EPS=103.199,ETD=4643.64}dd.{EPS=95.4563,ETD=4224.97}d.{EPS=88.6368,ETD=4144.47}d~~~~ddd.{EPS=82.3045,ETD=4095.03}dddddd~~~ddd.{EPS=78.5176,ETD=4012.38}dddddtdddd.{EPS=81.2744,ETD=3980.77}d~d~~~~~~~~~~d~~~d~~~~~~~~~~~~~~~~~~~~~~~~~~~~~~~~~~~~~~~~~~~~~~~~~~~~~~~~~~~~~~~~~~~~~~~~dd.{EPS=76.4877,ETD=3573.2}~~~~~ddddddddd~~~~d~~dd.{EPS=76.3009,ETD=3388.05}ddd~dddddddddddddd.{EPS=75.9532,ETD=3473.75}dddddddddddddd.{EPS=81.9807,ETD=3617.74}dddd~ddd.{EPS=85.7486,ETD=3738.24}ddddd~ddd.{EPS=94.0026,ETD=3748.87}dddd.{EPS=93.6856,ETD=3839.8}dddddddd.{EPS=95.039,ETD=3892.6}ddd.{EPS=90.9918,ETD=3983.39}ddddddddd.{EPS=85.9254,ETD=3969.02}ddddddddddd.{EPS=91.9963,ETD=3983.66}dtddddddd.{EPS=93.8262,ETD=4151.02}dddd~~~~ddddddd.{EPS=96.4692,ETD=4155.89}ddd~~~dddtdddd.{EPS=97.7135,ETD=4204.18}dddt~~~~dddd.{EPS=104.297,ETD=4232.34}dddddddddd.{EPS=100.929,ETD=4365.9}ddddddddd.{EPS=114.837,ETD=4515.49}ddddd.{EPS=125.691,ETD=4597.11}ddddddd.{EPS=132.591,ETD=4602.61}ddddddddddd.{EPS=136.687,ETD=4680.06}ddddddtdd.{EPS=140.252,ETD=4777.4}dddd~~~~~~dddddddd.{EPS=136.277,ETD=4830.26}dddtdddddd.{EPS=139.821,ETD=4928.97}d~~ddt.{EPS=145.518,ETD=4981.45}d~~~~~~~~~~~~~~~~~~~~~~~~~~~~~~~~~~~~~~~~~~~~~~~~~~~~~~~~~~~~~~~~~~~~~~~~~~~~~~~~~~~~~~~~~~~~~~~~~~~~~~~~~~~~~~~~~~~~~~~~~~~~~~~~~~~~~~~~~~~~~~~~~~~~~~~~~~~~~~~~~~~~~~~~~~~~~~~~~~~~~~~~~~~~~~~~~~ddddd.{EPS=126.904,ETD=4991.12}ddd~~~~~~~~~ddddddd.{EPS=129.433,ETD=4931.69}ddddddddddd.{EPS=128.205,ETD=4737.66}ddtddddd.{EPS=133.333,ETD=4620}dddtdddddddd.{EPS=147.71,ETD=4575.89}ddddddddddddd.{EPS=154.512,ETD=4459.04}ddd.{EPS=147.973,ETD=4438.37}dddddddddddtd.{EPS=147.623,ETD=4388.66}ddddddddtd.{EPS=146.327,ETD=4437.41}dddd~~d~ddd~~~d.{EPS=138.466,ETD=4375.44}dddddddddd.{EPS=147.754,ETD=4422.49}dddddd~~~d~~~~~~~~~~~d~dt.{EPS=150.966,ETD=4532.34}dddddddddd.{EPS=142.98,ETD=4636.88}dddddd.{EPS=141.004,ETD=4797.49}ddddddddd.{EPS=138.812,ETD=4913.27}ddddddddd.{EPS=136.911,ETD=5072.26}dddddddd.{EPS=142.735,ETD=4938.49}dddddddddd.{EPS=145.645,ETD=4942.19}ddddd~~~~~~~~~~~~~~~~~~~~~~~~~~~~~~~~d.{EPS=148.987,ETD=4811.59}d~ddddd.{EPS=155.135,ETD=4712.36}ddddddd.{EPS=170.068,ETD=4589.98}ddddddddd.{EPS=174.459,ETD=4526.33}ddddddd.{EPS=198.098,ETD=4627.09}dd.{EPS=174.034,ETD=4678.77}dddd.{EPS=182.615,ETD=4771.71}ddddd.{EPS=199.84,ETD=4827.37}dddddd.{EPS=209.908,ETD=5004.82}dddddddd.{EPS=220.07,ETD=5068.45}dd.{EPS=226.244,ETD=5177.27}dddd.{EPS=232.666,ETD=5320.36}ddddddddd~~~dd~.{EPS=221.533,ETD=5388.43}ddddddddd.{EPS=218.914,ETD=5415.72}ddd~~tddd~~~~~~~~~~~~~~~~~~~~~~~~~~~~~~~~~~~~~~~~~~~~~~~~~~~~~~~~~~~~~~~~~~~~~~~~~~~~~~~~~~~~~~~~~~~~~~~~~~~~~~~~~~~~~~~~~~~~~~~~~~~~~~~~~~~~~~~~~~~~~~~~~~~~~~~~~~~~~~~~~~~~~~~~~~~~~~~~~~~~~~~~~~~~~~~~~~~~~~~~~~~~~~~~~~~~~~~~~~~~~~~~~~~~~~~~~~~~~~~~ddd.{EPS=208.768,ETD=5337.51}ddddddddd.{EPS=241.896,ETD=5239.03}dddd.{EPS=254.194,ETD=5238.41}dddd.{EPS=252.781,ETD=5275.51}ddddddddd.{EPS=235.627,ETD=5188.91}ddddddd.{EPS=230.734,ETD=5106.77}dddddd.{EPS=224.014,ETD=5002.97}dd.{EPS=227.48,ETD=5119.48}dddddd.{EPS=241.08,ETD=5272.13}ddddddddd.{EPS=241.313,ETD=5308.02}ddddddddddd.{EPS=236.855,ETD=5334.07}ddddddddd.{EPS=237.192,ETD=5372.23}ddddddddddd.{EPS=217.108,ETD=5315.65}dddddddddd.{EPS=205.508,ETD=5296.2}ddddddddd.{EPS=205.086,ETD=5325.49}dddd~~~~~ddd~~~~~~dd~~dddtddt~~~~~~~~~~~~~~~~~~~~~~d.{EPS=179.921,ETD=5594.15}dd~~~~ddddddd~~dd~~~~~~~~~~~~d~~dt~~~~~~~dd.{EPS=162.285,ETD=5915.05}d~~d~~~~~~dddddddd.{EPS=152.114,ETD=5854.38}dddddddddd.{EPS=147.493,ETD=5756.27}dddddddddd.{EPS=146.028,ETD=5798.37}ddddddddd.{EPS=147.493,ETD=5840.52}d.{EPS=155.86,ETD=6106.61}ddddd.{EPS=164.582,ETD=6324.84}ddd~~~~~~~~~~~~~~~dddddd.{EPS=163.773,ETD=6443.19}dtddd~~d~~~~~~tddddd.{EPS=159.236,ETD=6670.21}dddddddddddd.{EPS=173.31,ETD=6552.8}dddddddd.{EPS=193.723,ETD=6403.67}ddddddd.{EPS=200.965,ETD=6429.65}dddddd.{EPS=212.947,ETD=6566.99}dddddd.{EPS=228.938,ETD=6709.62}ddddddddd.{EPS=231.911,ETD=6950.34}dddddddd.{EPS=224.517,ETD=6965.01}ddd.{EPS=219.587,ETD=7017.81}d.{EPS=239.234,ETD=7101.35}ddddddd.{EPS=261.097,ETD=7070.33}ddddddddddd.{EPS=272.777,ETD=7234.71}dddddddddd.{EPS=264.831,ETD=7269.5}dddd.{EPS=279.955,ETD=7360.9}tdddd.{EPS=274.424,ETD=7311.26}dtddddd.{EPS=266.951,ETD=7255.84}tddddddd.{EPS=265.111,ETD=7102.06}dtddddd~~~~~~~~~~~~~~~~~~~~~~~~~~~~~~~~~~~~~~~~~~d.{EPS=255.754,ETD=7009.12}dd.{EPS=202.429,ETD=7054.88}dd.{EPS=158.278,ETD=7095.48}dd.{EPS=132.837,ETD=7226.54}d.{EPS=114.679,ETD=7262.04}ddd.{EPS=102.249,ETD=7428.6}dd.{EPS=88.8573,ETD=7559.73}dddd.{EPS=81.1425,ETD=7801.04}d.{EPS=73.4322,ETD=8044.16}dd.{EPS=68.157,ETD=8287.39}dt~~~~~~dd.{EPS=66.0328,ETD=8417.44}dd.{EPS=72.1293,ETD=8514.27}dddd.{EPS=79.3273,ETD=8462.63}dtdddd.{EPS=87.4279,ETD=8315.1}dtdddddddd.{EPS=95.8773,ETD=8165.42}dtdddd~~.{EPS=108.79,ETD=8059.52}ddddtdd.{EPS=125.818,ETD=7911.28}dddtddd.{EPS=144.134,ETD=7758.95}dddddddddddd.{EPS=168.067,ETD=7623.02}ddddddddd.{EPS=199.84,ETD=7468.61}dddddddddd.{EPS=214.316,ETD=7369.63}ddddd~~.{EPS=205.423,ETD=7237.06}ddtdd.{EPS=206.016,ETD=7183.83}dddd.{EPS=211.238,ETD=7224.28}ddddddddddd.{EPS=212.947,ETD=7365.22}ddddddddddd.{EPS=200.965,ETD=7452.25}dddddddd.{EPS=202.429,ETD=7600.43}dddd.{EPS=207.297,ETD=7741.24}ddd~~~~~~~~~~~~~~d.{EPS=227.998,ETD=7880.66}dddd.{EPS=243.902,ETD=7927.12}ddddtdddd.{EPS=247.402,ETD=7978.37}dddddddd.{EPS=239.349,ETD=7962.84}ddddd.{EPS=238.095,ETD=8102.3}ddd.{EPS=243.309,ETD=8311.4}dddd.{EPS=264.41,ETD=8420.72}ddddddddddddddd.{EPS=266.525,ETD=8535.41}dddddddddddd.{EPS=262.329,ETD=8636.07}ddddddddddd.{EPS=253.421,ETD=8744.89}dddddddddd.{EPS=244.26,ETD=8836.28}dddddddddd.{EPS=238.209,ETD=9040.5}dddddddddd.{EPS=244.978,ETD=9246.78}ddddddddd.{EPS=251.383,ETD=9460.26}ddddddddddd.{EPS=245.098,ETD=9584.57}ddddddddd.{EPS=233.536,ETD=9632.87}dddddddd.{EPS=226.552,ETD=9678.88}dddddddd.{EPS=237.756,ETD=9729.41}ddddddd.{EPS=243.665,ETD=9708.75}ddtdddddd.{EPS=237.643,ETD=9599.94}dddtdddddd.{EPS=228.938,ETD=9561.34}~~~~d~~~~~~~~~~~ddtddddd.{EPS=222.025,ETD=9744.76}ddt~~ddddddd.{EPS=217.96,ETD=9870.32}ddddddddddt.{EPS=209.118,ETD=9774.82}ddddd.{EPS=209.732,ETD=9653.99}td.{EPS=216.076,ETD=9538.89}tdd~~~~~~~~~~~~~~~~~~~~~~~~~~~~~~~~~~~~~~~~~~~~~~~~~~~~~~~~~~~~~~~~~~~~~~~~~~~~~~~~~~~~~~~~~~~~~~~~~~~~~~~~~~~~~~~~~~~.{EPS=219.106,ETD=9571.74}dd~~~~~~~~~~~~~~~~~~~~~~~~~~~~~~~~~~~~~~~~~~~~~~~~~~~~~~~~~~~~~~~~~~~~~~~~~~d.{EPS=222.916,ETD=9778.22}d~~~~~~~~~~~~~~~~~~~~~~~~~~~~~~~~~~~~~~~~~~~~~~~~~~~~~~~~~~~~~~~~~~~~~~~~~~~~~~~~~~~~d.{EPS=227.583,ETD=10057.7}d~~~~~~~~~~~ddddd.{EPS=230.203,ETD=10284.9}dtdddddddddddd.{EPS=215.332,ETD=10304.6}dddddtddd.{EPS=208.16,ETD=10058.3}dddddddddddd.{EPS=200.24,ETD=9924.34}ddddddd.{EPS=207.469,ETD=10066.1}dddddddddd.{EPS=204.248,ETD=10238.7}dddddddd~~~~~~~~~~~~~~~~~~~~~~~~~~~~~~~~~~~~~~~~~~~~~~~~~~~~~~~~~~~~~~~~~~~~~~~~~~~~~~~~~~~~~~~~~~~~~~~~~~~~~~~~~~~~~~~~~~~~~~~~~~~~~~~~~~~~~~~~~~~~~~~~~~~~~~~~~~~~~~~~~~~~~~~~~~~~~~~~~~~~~~~~.{EPS=196.232,ETD=10391.8}tdddddddddddd.{EPS=186.15,ETD=10433.8}ddddddddd.{EPS=182.548,ETD=10340.2}dddd.{EPS=184.094,ETD=10300.1}ddddd.{EPS=193.498,ETD=10354}dddd.{EPS=216.732,ETD=10497.6}dddd~dtdddddddd.{EPS=209.205,ETD=10541.9}ddtddd~~~dddddddddddd.{EPS=193.798,ETD=10570}dddddddtddd.{EPS=187.688,ETD=10592.2}ddddddd.{EPS=187.617,ETD=10603.1}dddtddddddt.{EPS=178.317,ETD=10563}ddddddtdddd.{EPS=173.01,ETD=10471.4}dddtddddddddtdddddd.{EPS=150.83,ETD=10337.7}dtdddddddtdddd.{EPS=139.159,ETD=10210.2}dddddd.{EPS=136.799,ETD=10191.3}ddddddddtddd~d.{EPS=127.291,ETD=10132.9}dtddddtddddtd.{EPS=127.551,ETD=10173}~~~~~~~~~~~~~~~~~~~~~d~~~~~~~~~~d~~~~~~~~~~~dtd~dd~ddd~ddddddddd.{EPS=129.266,ETD=10252.8}ddddddddd.{EPS=131.337,ETD=10337.9}ddddddddddd.{EPS=130.039,ETD=10430.6}dddtddddddddd.{EPS=132.943,ETD=10597.4}dddddddddddd.{EPS=135.722,ETD=10786.3}ddddddd.{EPS=154.607,ETD=10973.7}dddd~d.{EPS=166.889,ETD=11099.3}dddddddd.{EPS=164.096,ETD=11157.1}d~ddddddd.{EPS=175.871,ETD=11300.2}ddddd.{EPS=193.874,ETD=11494.7}d~ddddd.{EPS=220.167,ETD=11604.4}dddd.{EPS=229.568,ETD=11658.6}dd~dddd.{EPS=242.718,ETD=11705.9}dddd~ddtddd.{EPS=247.77,ETD=11757.8}ddddd.{EPS=265.252,ETD=11798.6}ddddddd.{EPS=264.41,ETD=11851.9}dddd.{EPS=266.667,ETD=11904.9}dddd.{EPS=281.215,ETD=11954.5}dddd.{EPS=291.206,ETD=12009.5}ddd~ddddddddd.{EPS=265.393,ETD=12065.1}dddd.{EPS=265.252,ETD=12111.2}d~dddddddd.{EPS=249.875,ETD=12170.5}ddddd.{EPS=249.377,ETD=12228.4}~ddd.{EPS=261.233,ETD=12272.7}dddd.{EPS=260.417,ETD=12318.1}dd~~~dd.{EPS=261.78,ETD=12378.9}dddd.{EPS=259.336,ETD=12423.9}dddd.{EPS=253.678,ETD=12479.2}dd.{EPS=264.69,ETD=12534.2}dtdd.{EPS=299.043,ETD=12578.8}ddddd.{EPS=305.437,ETD=12637.1}ddd.{EPS=333.778,ETD=12682.3}dd~~~~~~~~~~~~dddt.{EPS=322.581,ETD=12688.7}d~~~~~~~~~~~~~ddtdd~~~~~~~~~~~~~~~~~~~~~ddtdddtddd.{EPS=253.678,ETD=12593.1}tddddtdddtddddt~dd.{EPS=209.293,ETD=12502.6}dtd~~~~~~~~~~~~~~~~~~~~dddtd~~~~~~~~~~~~~~~~~~~~~~~~~~~~~~~~~~~~~~~~~~~~~~~~~~~d~dt~~~~~~~~~~~~~~~~~~~~ddd~dt.{EPS=180.701,ETD=12386.3}d~~~~~~~~~~~~~~~~~~~~ddtdd~~~~~~d~~~~~~~~dt~~~~~~~~~~~~~d~~~~~~~~~~~~~~~~d~~~~~dt~~~~~~~~~~~~~~~~~~~.{EPS=161.499,ETD=12287.8}ddtddd.{EPS=159.949,ETD=12295.7}dddddd~dtd~~~~~~~~~~~~~.{EPS=149.701,ETD=12278.1}dt~~~~~~~~~~~~~~dtdddddddd.{EPS=138.619,ETD=12231.5}dddddddddd.{EPS=132.24,ETD=12253.5}ddddddddd.{EPS=127.453,ETD=12277.7}dddddddd.{EPS=126.103,ETD=12334.4}td~~~~~~~~~~dtdt~~~~~dt~~~~d.{EPS=134.264,ETD=12384}dt~~~~~~~~~~~~dtdt~~~~~~~~~~d~~~~~~t.{EPS=145.391,ETD=12430.4}d~~~~~~~~~~~~~~~~~~~~~~~~~t~~~~~~~~~~~~~~~~~~~~~~~dt~~d~~~~~~~~~~~~~~~~~~~~~~~~~~~~~~~~~~~~~~~~~~~~~~~~t.{EPS=158.932,ETD=12479.4}dddddddddd.{EPS=168.862,ETD=12653}dddddddddd.{EPS=163.239,ETD=12722.4}ddddddd.{EPS=165.563,ETD=12810.2}ddddddddd.{EPS=171.527,ETD=12927.6}ddddddddd.{EPS=173.07,ETD=12977.4}ddddddddd.{EPS=172.414,ETD=13024.7}ddddddd.{EPS=173.13,ETD=13081.4}d~ddddddd.{EPS=177.431,ETD=13252.3}dddd~~~~~~~~~~~~~~~~~~tdddtd.{EPS=173.01,ETD=13338.8}ddtddtddddd.{EPS=164.42,ETD=13442.6}dddtdd.{EPS=168.919,ETD=13469}dddtdd.{EPS=175.685,ETD=13503.2}dtddddd.{EPS=176.118,ETD=13538.9}dddd.{EPS=183.284,ETD=13588.6}ddd.{EPS=196.232,ETD=13635.8}ddd.{EPS=205.677,ETD=13683.6}dddd.{EPS=215.054,ETD=13726.2}dddddd.{EPS=219.298,ETD=13779}ddddd.{EPS=234.742,ETD=13932.2}dddd.{EPS=261.233,ETD=14097.7}ddd.{EPS=275.33,ETD=14261.7}dddd.{EPS=273.973,ETD=14343.3}dddddd.{EPS=277.932,ETD=14412.7}dddddd.{EPS=265.675,ETD=14469.9}dd.{EPS=261.506,ETD=14607.9}dd.{EPS=267.809,ETD=14796.5}ddd.{EPS=268.673,ETD=14875.6}dddd.{EPS=272.926,ETD=14932.9}ddd.{EPS=283.447,ETD=14994.3}ddd.{EPS=293.772,ETD=15038.1}ddd.{EPS=294.985,ETD=15013.7}d.{EPS=320.718,ETD=15072.4}dd.{EPS=347.222,ETD=15179.6}d.{EPS=398.089,ETD=15265.6}ddd.{EPS=407.83,ETD=15245.5}ddddddddddddd.{EPS=354.108,ETD=15004.1}dd.{EPS=359.454,ETD=15032.7}dd.{EPS=382.848,ETD=15081}dd.{EPS=403.226,ETD=15112.4}d.{EPS=418.06,ETD=15130.6}dddddddd.{EPS=391.543,ETD=15012.8}dddddddd.{EPS=353.607,ETD=14847.9}dddddddd.{EPS=334.001,ETD=14650.6}ddddddddd.{EPS=300.3,ETD=14473.9}dddddd.{EPS=292.056,ETD=14319.9}dddddd.{EPS=311.139,ETD=14334.9}dddddddd.{EPS=297.974,ETD=14194}ddddd.{EPS=290.36,ETD=14044.8}dddddddd.{EPS=271.592,ETD=13894.7}dd~~~~~~~~~~~~~~~~~~~~~~dd~~~~~~~~~~~dddddd.{EPS=247.77,ETD=13743.1}dddd~~~~~~~~~~~~~~~~~~~~~~~~~~~~~d~~~~~~~~~~~~~~~~~~~~~~~~~~~~~~~~~~~~~~~~~~~~~~~~~~~~~~~~~~~~~~~~~~~~~~~~~~~~~~~~~~~~~~~~~~~~~~~~~~~d.{EPS=252.27,ETD=13750.1}dd~~~~~~~~~~ddddddd.{EPS=251.762,ETD=13790.7}ddddd.{EPS=254.712,ETD=13831.2}ddddddd.{EPS=259.875,ETD=13984.3}ddd.{EPS=263.158,ETD=14229.9}dd.{EPS=276.091,ETD=14482.5}dd.{EPS=290.192,ETD=14722.4}dd.{EPS=298.864,ETD=14963.2}dddddd.{EPS=303.767,ETD=15008.4}ddddd.{EPS=327.654,ETD=15053.8}ddddddd.{EPS=321.75,ETD=15160}ddddddd.{EPS=324.254,ETD=15203.8}ddddddd.{EPS=320.513,ETD=15247.6}ddd.{EPS=338.066,ETD=15181.9}ddddd.{EPS=332.668,ETD=15018.8}ddd.{EPS=331.565,ETD=14849.1}ddddddd.{EPS=315.259,ETD=14840.9}dddddddddddd.{EPS=284.738,ETD=15013.1}dddddddddd.{EPS=275.634,ETD=15390.1}ddddddddd.{EPS=263.713,ETD=15759.5}d~~~~~~~~~~~~~~~~~~~~~~~~~~~~~~~~~~~~~~~~~~~~~~~~~~~~~~~~~~~~~~dd.{EPS=279.174,ETD=15750.2}dd.{EPS=295.334,ETD=15790.6}ddddddd.{EPS=265.534,ETD=15996.6}dddddddddddddd.{EPS=223.414,ETD=16069.8}ddddddddddddd~~~~~~~~~~~~~~~~~~~~~~~~~~~~~~~~~~~~~~~~~~~~~~~~~~~~~~~~~~~~~~~~~~~~~~~~~~~~~~~~~~~~~~~~~~~~~~~~~~~~~~~~~~~~~~~~~~~~~~~~~~~~~~~~~~~~~~~~~~~~~~~~~~~~~~~~~~~~~~~~~~~~~~~~~~d.{EPS=195.771,ETD=16101.8}dddddddddd.{EPS=176.429,ETD=16133.4}dddddd~~~~~~~~~~~~~~~~~~~~~~~~~~~~~~~~~~~~~~~~~~~~~~~~~~~~~~~~~~~~~~~~~~~~~~~~~~~~~~~~~~~~~~~~~~~~~~~~~~~~~~~~~~~~~~~dddd.{EPS=169.607,ETD=16207.8}ddddddddddddd.{EPS=168.691,ETD=16257.9}ddd~~~~~~~~~~~~~~~~~~~~~~~~~~~~~~~~~~~~~~~~~~~~~~~~~~~~~~~~~~~~~~~~~~~~~~~~~~~~~~~~~~~~~~~~~~~~~~~~~~~~~~~~~~~~~~~~~~~~~~~~~~~~~~~~~~~~~~~~~~~~~~~~~~~~~~~~~~~~~~~~~~~~~~~~~~~~~~~~~~~~~~~~~~ddddddd.{EPS=168.976,ETD=16300.2}dddddddd.{EPS=170.242,ETD=16325.4}ddddddd.{EPS=165.071,ETD=16672.1}dddddd.{EPS=159.795,ETD=17023.6}ddd.{EPS=173.07,ETD=17267.4}ddd.{EPS=195.465,ETD=17546.7}ddd.{EPS=226.347,ETD=17889.2}dddd.{EPS=250.25,ETD=18137}ddd.{EPS=271.444,ETD=18025}ddddddddddddddddd.{EPS=252.398,ETD=18072.8}ddddddddddddddd.{EPS=232.883,ETD=18094}ddddddddddd.{EPS=222.025,ETD=18131.8}dddddddddd.{EPS=214.869,ETD=18154.1}dddddddddd.{EPS=212.224,ETD=18251.6}ddddddddd.{EPS=203.666,ETD=18265.9}ddddddddd.{EPS=198.098,ETD=18363.2}dddddd.{EPS=193.798,ETD=18434}ddddddddddddddd.{EPS=181.159,ETD=18405.3}ddddddddddddddd.{EPS=168.407,ETD=18401}d