Parsing and Instantiating...
Warning: rounding numeric constants such as 10.8434 to an accuracy of 0.001
Done
One way facts...
Mutex groups...
Semaphore Facts...
Envelope Facts...
One-shot actions...
(bs-dispense c-bs input wp1 base_black) is 1 shot
(bs-dispense c-bs output wp1 base_black) is 1 shot
(bs-dispense c-bs input wp1 base_red) is 1 shot
(bs-dispense c-bs output wp1 base_red) is 1 shot
(bs-dispense c-bs input wp1 base_silver) is 1 shot
(bs-dispense c-bs output wp1 base_silver) is 1 shot
(bs-dispense c-bs input wp1 base_black) is 1 shot
(bs-dispense c-bs output wp1 base_black) is 1 shot
(bs-dispense c-bs input wp1 base_red) is 1 shot
(bs-dispense c-bs output wp1 base_red) is 1 shot
(bs-dispense c-bs input wp1 base_silver) is 1 shot
(bs-dispense c-bs output wp1 base_silver) is 1 shot
(prepare-ds r-1 c-ds gate-1) is 1 shot
(prepare-ds r-1 c-ds gate-2) is 1 shot
(prepare-ds r-1 c-ds gate-3) is 1 shot
(wp-get-shelf r-1 cg1 c-cs1 left) is 1 shot
(wp-get-shelf r-1 cg2 c-cs1 middle) is 1 shot
(wp-get-shelf r-1 cg3 c-cs1 right) is 1 shot
(wp-get-shelf r-1 cb1 c-cs2 left) is 1 shot
(wp-get-shelf r-1 cb2 c-cs2 middle) is 1 shot
(wp-get-shelf r-1 cb3 c-cs2 right) is 1 shot
Integral variables...
Variable bounds...
Static numeric conditions...
Duration bounds...
TIL time window analysis...
Bounding action timestamps due to time windows...
(order-delivery-window-open o1) forms a window with range [0.000,133.448]
Bounds on (fulfill-order-c0-within-tw o1 wp1 c-ds gate-3 base_black cap_black) (duration [0.010,0.010]):
	0: [0.000,133.438]
	1: [0.000,133.438]
	2: [0.010,133.448]
(can-commit-for-ontime-delivery o1) forms a window with range [0.000,5.570]
Bounds on (commit-to-ontime-delivery o1) (duration [0.010,0.010]):
	0: [0.000,5.569]
	1: [0.000,5.569]
	2: [0.010,5.579]
Bounds on (do-not-commit-to-ontime-delivery o1) (duration [0.010,0.010]):
	0: [0.000,5.569]
	1: [0.000,5.569]
	2: [0.010,5.579]
Dominance constraints (excluding processes and events)...
Damaging events...
Dominance constraints (including processes and events)...
Variable monotonicity...
Max/min needed values for any single precondition...
Irrelevant action pruning by backward reachability from goal...
Uninterestingness criteria...
Compression-safe actions...
Compression-safe invariants...
59% of durative actions in this problem are compression safe
Goal Goal [1]
    (order-fulfilled o1)

Finishing preprocessing.  Making a TRPG heuristic...
Making an open list...
Running WA* search (g weight = 1, h weight = 5)
{(order-delivery-window-open o1),(can-commit-for-ontime-delivery o1),(location-free start input),(location-free c-bs input),(location-free c-bs output),(location-free c-cs1 input),(location-free c-cs1 output),(location-free c-cs2 input),(location-free c-cs2 output),(location-free c-ds input),(location-free c-ds output),(cs-can-perform c-cs1 cs_retrieve),(cs-can-perform c-cs2 cs_retrieve),(wp-base-color wp1 base_none),(wp-cap-color wp1 cap_none),(wp-ring1-color wp1 ring_none),(wp-ring2-color wp1 ring_none),(wp-ring3-color wp1 ring_none),(wp-unused wp1),(robot-waiting r-1),(mps-state c-bs idle),(mps-state c-cs1 idle),(mps-state c-cs2 idle),(mps-state c-ds idle),(wp-cap-color cg1 cap_grey),(wp-cap-color cg2 cap_grey),(wp-cap-color cg3 cap_grey),(wp-on-shelf cg1 c-cs1 left),(wp-on-shelf cg2 c-cs1 middle),(wp-on-shelf cg3 c-cs1 right),(wp-cap-color cb1 cap_black),(wp-cap-color cb2 cap_black),(wp-cap-color cb3 cap_black),(wp-on-shelf cb1 c-cs2 left),(wp-on-shelf cb2 c-cs2 middle),(wp-on-shelf cb3 c-cs2 right)}
[]
Initial heuristic = 29
Initial stats: t=0.01s, 7180kb
b (28 @ n=2, t=0.01s, 7180kb)b (26 @ n=3, t=0.01s, 7180kb)b (25 @ n=19, t=0.02s, 7180kb)Warning: self overlapping Action 206:1 at 1
b (24 @ n=72, t=0.02s, 7316kb)b (22 @ n=118, t=0.03s, 7408kb)xx.{EPS=1724.14,ETD=20.0408}db (21 @ n=281, t=0.05s, 7708kb)b (19 @ n=326, t=0.05s, 7804kb)xx.{EPS=1754.39,ETD=38.798}b (18 @ n=476, t=0.07s, 8040kb)db (16 @ n=539, t=0.08s, 8256kb)b (15 @ n=575, t=0.08s, 8256kb)db (14 @ n=724, t=0.11s, 8952kb)b (12 @ n=730, t=0.11s, 9084kb)b (11 @ n=736, t=0.11s, 9084kb).{EPS=1485.15,ETD=26.8993}dd.{EPS=1612.9,ETD=22.2261}ddb (10 @ n=1004, t=0.15s, 10996kb).{EPS=1700.68,ETD=20.8795}b (9 @ n=1037, t=0.16s, 11248kb)b (8 @ n=1043, t=0.16s, 11248kb)db (7 @ n=1097, t=0.17s, 11768kb)d.{EPS=1685.39,ETD=18.4682}ddd.{EPS=1682.69,ETD=19.2206}dd.{EPS=1666.67,ETD=17.5388}d.{EPS=1737.45,ETD=17.0022}dd.{EPS=1706.48,ETD=16.1824}ddd.{EPS=1712.33,ETD=16.06}dd.{EPS=1683.5,ETD=11.936}d.{EPS=1818.18,ETD=12.856}dd.{EPS=1760.56,ETD=13.038}dd.{EPS=1730.1,ETD=12.506}ddd.{EPS=1712.33,ETD=14.702}dd.{EPS=1760.56,ETD=13.62}dd.{EPS=1779.36,ETD=14.35}dd.{EPS=1694.92,ETD=15.584}d.{EPS=1760.56,ETD=15.658}xdd.{EPS=1742.16,ETD=18.016}dd.{EPS=1785.71,ETD=17.704}ddd.{EPS=1754.39,ETD=18.51}dd.{EPS=1706.48,ETD=27.298}ddd.{EPS=1650.17,ETD=36.234}d.{EPS=1639.34,ETD=36.164}dd.{EPS=1547.99,ETD=40.192}dd.{EPS=1543.21,ETD=45.462}dd.{EPS=1577.29,ETD=44.066}dd.{EPS=1524.39,ETD=46.038}dd.{EPS=1515.15,ETD=42.73}d.{EPS=1506.02,ETD=46.032}dd.{EPS=1497.01,ETD=44.696}ddd.{EPS=1483.68,ETD=41.644}dd.{EPS=1474.93,ETD=46.61}dd.{EPS=1449.28,ETD=47.694}d.{EPS=1436.78,ETD=46.26}dd.{EPS=1453.49,ETD=40.956}ddd.{EPS=1420.45,ETD=41.084}d.{EPS=1404.49,ETD=40.752}dd.{EPS=1424.5,ETD=40.784}dd.{EPS=1373.63,ETD=42.462}ddd.{EPS=1315.79,ETD=53.764}dd.{EPS=1315.79,ETD=63.994}d.{EPS=1305.48,ETD=53.814}dd.{EPS=1305.48,ETD=63.242}dd.{EPS=1326.26,ETD=60.634}ddx.{EPS=1272.26,ETD=60.736}dd.{EPS=1285.35,ETD=62.11}d.{EPS=1291.99,ETD=61.988}dxdd.{EPS=1250,ETD=98.982}dd.{EPS=1256.28,ETD=107.022}xdd.{EPS=1265.82,ETD=97.482}dd.{EPS=1288.66,ETD=90.142}dd.{EPS=1295.34,ETD=85.838}dd.{EPS=1291.99,ETD=122.35}ddd.{EPS=1298.7,ETD=123.188}dd.{EPS=1326.26,ETD=128.784}d.{EPS=1326.26,ETD=140.786}ddx.{EPS=1340.48,ETD=139.348}dd.{EPS=1369.86,ETD=102.192}dd.{EPS=1373.63,ETD=119.48}ddd.{EPS=1340.48,ETD=117.588}ddd.{EPS=1298.7,ETD=108.562}ddd.{EPS=1295.34,ETD=109.34}dd.{EPS=1285.35,ETD=62.04}ddd.{EPS=1231.53,ETD=132.162}ddddd.{EPS=1225.49,ETD=270.032}ddd.{EPS=1225.49,ETD=400.158}ddd.{EPS=1228.5,ETD=470.126}dd.{EPS=1207.73,ETD=472.62}dddd.{EPS=1173.71,ETD=442.196}ddd.{EPS=1225.49,ETD=573.708}xdd.{EPS=1243.78,ETD=654.44}ddd.{EPS=1199.04,ETD=714.38}ddd.{EPS=1179.25,ETD=715.182}ddd.{EPS=1204.82,ETD=651.89}ddd.{EPS=1182.03,ETD=535.574}ddd.{EPS=1116.07,ETD=450.884}ddd.{EPS=1072.96,ETD=431.698}ddd.{EPS=1059.32,ETD=451.012}ddd.{EPS=1057.08,ETD=471.966}ddd.{EPS=1028.81,ETD=363.268}dd.{EPS=1033.06,ETD=283.186}ddd.{EPS=1077.59,ETD=229.668}dd.{EPS=1098.9,ETD=257.016}dd.{EPS=1094.09,ETD=283.632}ddd.{EPS=1089.32,ETD=283.896}ddd.{EPS=1096.49,ETD=235.194}ddd.{EPS=1086.96,ETD=194.502}ddd.{EPS=1079.91,ETD=180.014}dd.{EPS=1089.32,ETD=163.666}ddd.{EPS=1079.91,ETD=156.414}dd.{EPS=1070.66,ETD=155.938}dd.{EPS=1050.42,ETD=151.188}dd.{EPS=1068.38,ETD=125.32}dd.{EPS=1079.91,ETD=100.27}dd.{EPS=1094.09,ETD=72.87}dd.{EPS=1123.6,ETD=108.612}dd.{EPS=1154.73,ETD=107.356}dxd.{EPS=1182.03,ETD=101.36}dd.{EPS=1210.65,ETD=96.442}dx.{EPS=1265.82,ETD=83.17}dd.{EPS=1278.77,ETD=85.326}ddx.{EPS=1295.34,ETD=84.278}dd.{EPS=1282.05,ETD=90.344}dd.{EPS=1288.66,ETD=80.366}dd.{EPS=1291.99,ETD=89.63}dd.{EPS=1315.79,ETD=43.544}dd.{EPS=1326.26,ETD=34.424}xd.{EPS=1329.79,ETD=33.174}dd.{EPS=1347.71,ETD=33.324}dd.{EPS=1308.9,ETD=46.006}ddd.{EPS=1253.13,ETD=64.594}ddd.{EPS=1225.49,ETD=63.396}ddd.{EPS=1204.82,ETD=53.678}dd.{EPS=1184.83,ETD=54.22}ddd.{EPS=1160.09,ETD=48.944}dd.{EPS=1133.79,ETD=49.03}dd.{EPS=1128.67,ETD=69.744}dd.{EPS=1128.67,ETD=91.11}dd.{EPS=1111.11,ETD=111.312}dxd.{EPS=1116.07,ETD=103.852}dd.{EPS=1160.09,ETD=184.258}.{EPS=1126.13,ETD=197.464}xd.{EPS=1077.59,ETD=201.702}xd.{EPS=1033.06,ETD=209.898}x.{EPS=994.036,ETD=217.572}d.{EPS=939.85,ETD=233.368}x.{EPS=881.834,ETD=232.426}xd.{EPS=823.723,ETD=234.51}x.{EPS=775.194,ETD=241.38}xd.{EPS=730.994,ETD=264.832}x.{EPS=684.932,ETD=198.1}xd~~~~~~~~~~~~~~~~~~~~~~~~~~~~~~~~~~~~~~~~~~~~~~~~~~~~~~~~~~~~~~~~~~~~~~~~~~~~~~~~~~~~~~~~~~~~~~~~~~~~~~~~~~~~~~~~~~~~~~~~~~~~~~~~~~~~~~~~~~~~~~~~~~~~~~~~~~~~~~~~~~~~~~~~~~~~~~~~~~~~~~~~~~~~~~~~~~~~~~~~~~~~~~~~~~~~~~~~~~~~~~~~~~~~~~~~~~~~~~~~~~~~~~~~~~~~~~~~~~~~~~~~~~~~~~~~~~~~~~~~~~~~~~~~~~~~~~~~~~~~~~~~~~~~~~~~~~~~~~~~~~~~~~~~~~~~~~~~~~~~~~~~~~~~~~~~~~~~~~~~~~~~~~~~~~~~~~~~~~~~~~~~~~~~~~~~~~~~~~~~~~~~~~~~~~~~~~~~~~~~~~~~~~~~~~~~~~~~~~~~~~~~~~~~~~~~~~~~~~~~~~~~~~~~~~~~~~~~~~~~~~~~~~~~~~~~~~~~~~~~~~~~~~~~~~~~~~~~~~~~~~~~~~~~~~~~~~~~~~~~~~~~~~~~~~~~~~~~~~~~~~~~~~~~~~~~~~~~~~~~~~~~~~~~~~~~~~~~~~~~~~~~~~~~~~~~~~~~~~~~~~~~~~~~~~~~~~~~~~~~~~~~~~~~~~~~~~~~~~~~~~~~~~~~~~~~~~~~~~~~~~~~~~~~~~~~~~~~~~~~~~~~~~~~~~~~~~~~~~~~~~~~~~~~~~~~~~~~~~~~~~~~~~~~~~~~~~~~~~~~~~~~~~~~~~~~~~~~~~~~~~~~~~~~~~~~~~~~~~~~~~~~~~~~~~~~~~~~~~~~~~~~~~~~~~~~~~~~~~~~~~~~~~~~~~~~~~~~~~~~~~~~~~~~~~~~~~~~~~~~~~~~~~~~~~~~~~~~~~~~~~~~~~~~~~~~~~~~~~~~~~~~~~~~~~~~~~~~~~~~~~~~~~~~~~~~~~~~~~~~~~~~~~~~~~~~~~~~~~~~~~~~~~~~~~~~~~~~~~~~~~~~~~~~~~~~~~~~~~~~~~~~~~~~~~~~~~~~~~~~~~~~~~~~~~~~~~~~~~~~~~~~~~~~~~~~~~~~~~~~~~~~~~~~~~~~~~~~~~~~~~~~~~~~~~~~~~~~~~~~~~~~~~~~~~~~~~~~~~~~~~~~~~~~~~~~~~~~~~~~~~~~~~~~~~~~~~~~~~~~~~~~~~~~~~~~~~~~~~~~~~~~~~~~~~~~~~~~~~~~~~~~~~~~~~~~~~~~~~~~~~~~~~~~~~~~~~~~~~~~~~~~~~~~~~~~~~~~~~~~~~~~~~~~~~~~~~~~~~~~~~~~~~~~~~~~~~~~~~~~~~~~~~~~~~~~~~~~~~~~~~~~~~~~~~~~~~~~~~~~~~~~~~~~~~~~~~~~~~~~~~~~~~~~~~~~~~~~~~~~~~~~~~~~~~~~~~~~~~~~~~~~~~~~~~~~~~~~~~~~~~~~~~~~~~~~~~~~~~~~~~~~~~~~~~~~~~~~~~~~~~~~~~~~~~~~~~~~~~~~~~~~~~~~~~~~~~~~~~~~~~~~~~~~~~~~~~~~~~~~~~~~~~~~~~~~~~~~~~~~~~~~~~~~~~~~~~~~~~~~~~~~~~~~~~~~~~~~~~~~~~~~~~~~~~~~~~~~~~~~~~~~~~~~~~~~~~~~~~~~~~~~~~~~~~~~~~~~~~~~~~~~~~~~~~~~~~~~~~~~~~~~~~~~~~~~~~~~~~~~~~~~~~~~~~~~~~~~~~~~~~~~~~~~~~~~~~~~~~~~~~~~~~~~~~~~~~~~~~~~~~~~~~~~~~~~~~~~~~~~~~~~~~~~~~~~~~~~~~~~~~~~~~~~~~~~~~~~~~~~~~~~~~~~~~~~~~~~~~~~~~~~~~~~~~~~~~~~~~~~~~~~~~~~~~~~~~~~~~~~~~~~~~~~~~~~~~~~~~~~~~~~~~~~~~~~~~~~~~~~~~~~~~~~~~~~~~~~~~~~~~~~~~~~~~~~~~~~~~~~~~~~~~~~~~~~~~~~~~~~~~~~~~~~~~~~~~~~~~~~~~~~~~~~~~~~~~~~~~~~~~~~~~~~~~~~~~~~~~~~~~~~~~~~~~~~~~~~~~~~~~~~~~~~~~~~~~~~~~~~~~~~~~~~~~~~~~~~~~~~~~~~~~~~~~~~~~~~~~~~~~~~~~~~~~~~~~~~~~~~~~~~~~~~~~~~~~~~~~~~~~~~~~~~~~~~~~~~~~~~~~~~~~~~~~~~~~~~~~~~~~~~~~~~~~~~~~~~~~~~~~~~~~~~~~~~~~~~~~~~~~~~~~~~~~~~~~~~~d.{EPS=672.948,ETD=398.982}dddd.{EPS=709.22,ETD=1063.41}d
;;;; Problem Unsolvable
; Nodes Generated: 23395
; Nodes Expanded:  6813
; Nodes Evaluated: 23395
; Nodes Tunneled:  82
; Nodes memoised with open actions: 12692
; Nodes memoised without open actions: 22489
; Nodes pruned by memoisation: 11786
; Time 5.61
