Parsing and Instantiating...
Warning: rounding numeric constants such as 5.76256 to an accuracy of 0.001
Done
One way facts...
Mutex groups...
Semaphore Facts...
Envelope Facts...
One-shot actions...
(bs-dispense c-bs input wp1 base_black) is 1 shot
(bs-dispense c-bs output wp1 base_black) is 1 shot
(bs-dispense c-bs input wp1 base_red) is 1 shot
(bs-dispense c-bs output wp1 base_red) is 1 shot
(bs-dispense c-bs input wp1 base_silver) is 1 shot
(bs-dispense c-bs output wp1 base_silver) is 1 shot
(bs-dispense c-bs input wp1 base_black) is 1 shot
(bs-dispense c-bs output wp1 base_black) is 1 shot
(bs-dispense c-bs input wp1 base_red) is 1 shot
(bs-dispense c-bs output wp1 base_red) is 1 shot
(bs-dispense c-bs input wp1 base_silver) is 1 shot
(bs-dispense c-bs output wp1 base_silver) is 1 shot
(prepare-ds r-1 c-ds gate-1) is 1 shot
(prepare-ds r-2 c-ds gate-1) is 1 shot
(prepare-ds r-1 c-ds gate-2) is 1 shot
(prepare-ds r-2 c-ds gate-2) is 1 shot
(prepare-ds r-1 c-ds gate-3) is 1 shot
(prepare-ds r-2 c-ds gate-3) is 1 shot
(wp-get-shelf r-1 cg1 c-cs1 left) is 1 shot
(wp-get-shelf r-2 cg1 c-cs1 left) is 1 shot
(wp-get-shelf r-1 cg2 c-cs1 middle) is 1 shot
(wp-get-shelf r-2 cg2 c-cs1 middle) is 1 shot
(wp-get-shelf r-1 cg3 c-cs1 right) is 1 shot
(wp-get-shelf r-2 cg3 c-cs1 right) is 1 shot
(wp-get-shelf r-1 cb1 c-cs2 left) is 1 shot
(wp-get-shelf r-2 cb1 c-cs2 left) is 1 shot
(wp-get-shelf r-1 cb2 c-cs2 middle) is 1 shot
(wp-get-shelf r-2 cb2 c-cs2 middle) is 1 shot
(wp-get-shelf r-1 cb3 c-cs2 right) is 1 shot
(wp-get-shelf r-2 cb3 c-cs2 right) is 1 shot
Integral variables...
Variable bounds...
Static numeric conditions...
Duration bounds...
TIL time window analysis...
Bounding action timestamps due to time windows...
(order-delivery-window-open o1) forms a window with range [0.000,150.000]
Bounds on (fulfill-order-c0-within-tw o1 wp1 c-ds gate-1 base_black cap_black) (duration [0.010,0.010]):
	0: [0.000,149.990]
	1: [0.000,149.990]
	2: [0.010,150.000]
(can-commit-for-ontime-delivery o1) forms a window with range [0.000,15.000]
Bounds on (commit-to-ontime-delivery o1) (duration [0.010,0.010]):
	0: [0.000,14.999]
	1: [0.000,14.999]
	2: [0.010,15.009]
Bounds on (do-not-commit-to-ontime-delivery o1) (duration [0.010,0.010]):
	0: [0.000,14.999]
	1: [0.000,14.999]
	2: [0.010,15.009]
Dominance constraints (excluding processes and events)...
Damaging events...
Dominance constraints (including processes and events)...
Variable monotonicity...
Max/min needed values for any single precondition...
Irrelevant action pruning by backward reachability from goal...
Uninterestingness criteria...
Compression-safe actions...
Compression-safe invariants...
62% of durative actions in this problem are compression safe
Goal Goal [1]
    (order-fulfilled o1)

Finishing preprocessing.  Making a TRPG heuristic...
Making an open list...
Running WA* search (g weight = 1, h weight = 5)
{(order-delivery-window-open o1),(can-commit-for-ontime-delivery o1),(location-free start input),(location-free c-bs input),(location-free c-bs output),(location-free c-cs1 input),(location-free c-cs1 output),(location-free c-cs2 input),(location-free c-cs2 output),(location-free c-ds input),(location-free c-ds output),(cs-can-perform c-cs1 cs_retrieve),(cs-can-perform c-cs2 cs_retrieve),(wp-base-color wp1 base_none),(wp-cap-color wp1 cap_none),(wp-ring1-color wp1 ring_none),(wp-ring2-color wp1 ring_none),(wp-ring3-color wp1 ring_none),(wp-unused wp1),(robot-waiting r-1),(robot-waiting r-2),(mps-state c-bs idle),(mps-state c-cs1 idle),(mps-state c-cs2 idle),(mps-state c-ds idle),(wp-cap-color cg1 cap_grey),(wp-cap-color cg2 cap_grey),(wp-cap-color cg3 cap_grey),(wp-on-shelf cg1 c-cs1 left),(wp-on-shelf cg2 c-cs1 middle),(wp-on-shelf cg3 c-cs1 right),(wp-cap-color cb1 cap_black),(wp-cap-color cb2 cap_black),(wp-cap-color cb3 cap_black),(wp-on-shelf cb1 c-cs2 left),(wp-on-shelf cb2 c-cs2 middle),(wp-on-shelf cb3 c-cs2 right)}
[]
Initial heuristic = 28
Initial stats: t=0.02s, 7568kb
b (27 @ n=2, t=0.02s, 7568kb)b (25 @ n=3, t=0.02s, 7568kb)b (24 @ n=21, t=0.02s, 7708kb)Warning: self overlapping Action 320:1 at 1
b (23 @ n=114, t=0.03s, 7796kb)xd.{EPS=1136.36,ETD=20.8163}xxxb (22 @ n=365, t=0.07s, 8284kb)d.{EPS=1111.11,ETD=39.2424}b (21 @ n=551, t=0.11s, 8696kb)b (17 @ n=570, t=0.11s, 8696kb)b (16 @ n=610, t=0.12s, 8864kb)b (15 @ n=621, t=0.12s, 8968kb)b (14 @ n=635, t=0.12s, 8968kb)b (13 @ n=657, t=0.12s, 9096kb)ddd.{EPS=955.414,ETD=27.094}dddd.{EPS=884.956,ETD=21.4171}ddd.{EPS=841.751,ETD=18.6948}ddb (11 @ n=1789, t=0.35s, 17384kb)d.{EPS=837.989,ETD=23.3746}ddd.{EPS=886.076,ETD=22.6332}ddd.{EPS=917.431,ETD=21.1303}ddd.{EPS=937.5,ETD=19.8931}xddxx.{EPS=965.251,ETD=19.5291}xxxxxxxx.{EPS=970.874,ETD=17.818}xxxxxdxxx.{EPS=970.874,ETD=12.452}xxxxxxxx.{EPS=1004.02,ETD=12.52}xxxxxxxx.{EPS=1022.49,ETD=12.43}xxxxxdxxx.{EPS=1030.93,ETD=12.018}xxxxxxxx.{EPS=994.036,ETD=7.71}xxxxxxxx.{EPS=902.527,ETD=6.262}xxxxxxdxx.{EPS=814.332,ETD=5.56}xxxxxxxx.{EPS=726.744,ETD=4.926}xxxxxxxx.{EPS=640.205,ETD=3.668}xxxxxdxxx.{EPS=561.167,ETD=3.664}xxxxxxxx.{EPS=497.018,ETD=3.672}xxxxxxxx.{EPS=437.063,ETD=3.66}xxxxxdxxx.{EPS=388.5,ETD=3.674}xxxxxxxx.{EPS=344.353,ETD=3.66}xxxxxxxx.{EPS=309.023,ETD=3.672}xxxxxxdxx.{EPS=278.242,ETD=3.662}xxxxxxxx.{EPS=250.501,ETD=3.668}xxxxxxxx.{EPS=227.687,ETD=3.668}xxxxxdxxx.{EPS=206.612,ETD=3.664}xxxxxxxx.{EPS=189.897,ETD=3.672}xxxxxxxx.{EPS=173.13,ETD=3.66}xxxxxdxxx.{EPS=159.49,ETD=3.674}xxxxxxxx.{EPS=146.542,ETD=3.66}xxxxxxxx.{EPS=135.759,ETD=3.672}xxxxxxdxx.{EPS=125.691,ETD=3.662}xxxxxxxx.{EPS=116.198,ETD=3.668}xxxxxxxx.{EPS=108.249,ETD=3.668}xxxxxdxxx.{EPS=100.402,ETD=3.664}xxxxxxxx.{EPS=94.1974,ETD=3.672}xxxxxxxx.{EPS=87.5964,ETD=3.66}xxxxxdxxx.{EPS=82.1828,ETD=3.674}xxxxxxxx.{EPS=76.7813,ETD=3.66}xxxxxxxx.{EPS=71.9011,ETD=3.672}xxxxxxdxx.{EPS=67.6041,ETD=3.662}xxxdb (9 @ n=6308, t=13.82s, 264576kb)b (8 @ n=6315, t=13.83s, 264576kb)b (7 @ n=6325, t=13.84s, 264852kb)d.{EPS=67.0781,ETD=10.15}xdddx.{EPS=63.012,ETD=24.666}~~~~~~~~~~~~~~~~~~~~~~~~~~~~~~~~~~~~~~~~~~~~~~~~~~~~~~~~~~~~~~~~~~~~~~~~~~~~~~~~~~~~~~~~~~~~~~~~~~~~~~~~~~~~~~~~~~~~~~~~~~~~~~~~~~~~~~~~~~~~~~~~~~~~~~~~~~~~~~~~~~~~~~~~~~~~~~~~~~~~~~~~~~~~~~~~~~~~~~~~~~~~~~~~~~~~~~~~~~~~~~~~~~~~~~~~~~~~~~~~~~~~~~~~~~~~~~~~~~~~~~~~~~~~~~~~~~~~~~~~~~~~~~~~~~~~~~~~~~~~~~~~~~~~~~~~~~~~~~~~~~~~~~~~~~~~~~~~~~~~~~~~~~~~~~~~~~~~~~~~~~~~~~~~~~~~~~~~~~~~~~~~~~~~~~~~~~~~~~~~~~~~~~~~~~~~~~~~~~~~~~~~~~~~~~~~~~~~~~~~~~~~~~~~~~~~~~~~~~~~~~~~~~~~~~~~~~~~~~~~~~~~~~~~~~~~~~~~~~~~~~~~~~~~~~~~~~~~~~~~~~~~~~~~~~~~~~~~~~~~~~~~~~~~~~~~~~~~~~~~~~~~~~~~~~~~~~~~~~~~~~~~~~~~~~~~~~~~~~~~~~~~~~~~~~~~~~~~~~~~~~~~~~~~~~~~~~~~~~~~~~~~~~~~~~~~~~~~~~~~~~~~~~~~~~~~~~~~~~~~~~~~~~~~~~~~~~~~~~~~~~~~~~~~~~~~~~~~~~~~~~~~~~~~~~~~~~~~~~~~~~~~~~~~~~~~~~~~~~~~~~~~~~~~~~~~~~~~~~~~~~~~~~~~~~~~~~~~~~~~~~~~~~~~~~~~~~~~~~~~~~~~~~~~~~~~~~~~~~~~~~~~~~~~~~~~~~~~~~~~~~~~~~~~~~~~~~~~~~~~~~~~~~~~~~~~~~~~~~~~~~~~~~~~~~~~~~~~~~~~~~~~~~~~~~~~~~~~~~~~~~~~~~~~~~~~~~~~~~~~~~~~~~~~~~~~~~~~~~~~~~~~~~~~~~~~~~~~~~~~~~~~~~~~~~~~~~~~~~~~~~~~~~~~~~~~~~~~~~~~~~~~~~~~~~~~~~~~~~~~~~~~~~~~~~~~~~~~~~~~~~~~~~~~~~~~~~~~~~~~~~~~~~~~~~~~~~~~~~~~~~~~~~~~~~~~~~~~~~~~~~~~~~~~~~~~~~~~~~~~~~~~~~~~~~~~~~~~~~~~~~~~~~~~~~~~~~~~~~~~~~~~~~~~~~~~~~~~~~~~~~~~~~~~~~~~~~~~~~~~~~~~~~~~~~~~~~~~~~~~~~~~~~~~~~~~~~~~~~~~~~~~~~~~~~~~~~~~~~~~~~~~~~~~~~~~~~~~~~~~~~~~~~~~~~~~~~~~~~~~~~~~~~~~~~~~~~~~~~~~~~~~~~~~~~~~~~~~~~~~~~~~~~~~~~~~~~~~~~~~~~~~~~~~~~~~~~~~~~~~~~~~~~~~~~~~~~~~~~~~~~~~~~~~~~~~~~~~~~~~~~~~~~~~~~~~~~~~~~~~~~~~~~~~~~~~~~~~~~~~~~~~~~~~~~~~~~~~~~~~~~~~~~~~~~~~~~~~~~~~~~~~~~~~~~~~~~~~~~~~~~~~~~~~~~~~~~~~~~~~~~~~~~~~~~~~~~~~~~~~~~~~~~~~~~~~~~~~~~~~~~~~~~~~~~~~~~~~~~~~~~~~~~~~~~~~~~~~~~~~~~~~~~~~~~~~~~~~~~~~~~~~~~~~~~~~~~~~~~~~~~~~~~~~~~~~~~~~~~~~~~~~~~~~~~~~~~~~~~~~~~~~~~~~~~~~~~~~~~~~~~~~~~~~~~~~~~~~~~~~~~~~~~~~~~~~~~~~~~~~~~~~~~~~~~~~~~~~~~~~~~~~~~~~~~~~~~~~~~~~~~~~~~~~~~~~~~~~~~~~~~~~~~~~~~~~~~~~~~~~~~~~~~~~~~~~~~~~~~~~~~~~~~~~~~~~~~~~~~~~~~~~~~~~~~~~~~~~~~~~~~~~~~~dddd.{EPS=67.9256,ETD=256.636}dxdddd.{EPS=74.3163,ETD=491.088}dxddd.{EPS=82.2368,ETD=728.816}ddddddd.{EPS=93.0752,ETD=965.07}d
;;;; Problem Unsolvable
; Nodes Generated: 7750
; Nodes Expanded:  2562
; Nodes Evaluated: 7743
; Nodes Tunneled:  219
; Nodes memoised with open actions: 19746
; Nodes memoised without open actions: 5809
; Nodes pruned by memoisation: 17805
; Time 15.18
