Parsing and Instantiating...
Done
One way facts...
Mutex groups...
Semaphore Facts...
Envelope Facts...
One-shot actions...
Integral variables...
Variable bounds...
Static numeric conditions...
Duration bounds...
TIL time window analysis...
Bounding action timestamps due to time windows...
(deliverable package2 l1) forms a window with range [0.000,992.800]
Bounds on (deliver-ontime package2 l1) (duration [1.000,1.000]):
	0: [0.000,991.799]
	1: [0.000,991.799]
	2: [0.000,992.799]
(deliverable package3 l1) forms a window with range [0.000,1866.700]
Bounds on (deliver-ontime package3 l1) (duration [1.000,1.000]):
	0: [0.000,1865.699]
	1: [0.000,1865.699]
	2: [0.000,1866.699]
(deliverable package7 l3) forms a window with range [0.000,2878.000]
Bounds on (deliver-ontime package7 l3) (duration [1.000,1.000]):
	0: [0.000,2876.999]
	1: [0.000,2876.999]
	2: [0.000,2877.999]
Dominance constraints (excluding processes and events)...
Damaging events...
Dominance constraints (including processes and events)...
Variable monotonicity...
Max/min needed values for any single precondition...
Irrelevant action pruning by backward reachability from goal...
Uninterestingness criteria...
Compression-safe actions...
Compression-safe invariants...
96% of durative actions in this problem are compression safe
Goal Goal [7]
    (delivered package7 l3)
    (at-destination package6 l3)
    (at-destination package5 l3)
    (at-destination package4 l2)
    (delivered package3 l1)
    (delivered package2 l1)
    (at-destination package1 l3)

Finishing preprocessing.  Making a TRPG heuristic...
Making an open list...
Running WA* search (g weight = 1, h weight = 5)
{(at truck1 l3),(free a1 truck1),(free a2 truck1),(at package1 l2),(at package2 l2),(at package3 l3),(at package4 l3),(at package5 l2),(at package6 l2),(at package7 l2),(deliverable package2 l1),(deliverable package3 l1),(deliverable package7 l3)}
[]
Initial heuristic = 26
Initial stats: t=0s, 5744kb
b (25 @ n=4, t=0s, 5744kb)b (24 @ n=51, t=0s, 5876kb)db (23 @ n=172, t=0.01s, 5996kb)d.{EPS=2631.58,ETD=14.8571}ddWarning: self overlapping Action 91:1 at 7
b (22 @ n=386, t=0.02s, 6452kb)d.{EPS=2439.02,ETD=27.4444}db (21 @ n=622, t=0.04s, 7036kb)b (20 @ n=682, t=0.04s, 7168kb)b (19 @ n=689, t=0.04s, 7308kb)b (18 @ n=702, t=0.04s, 7308kb)b (17 @ n=742, t=0.05s, 7436kb)b (16 @ n=746, t=0.05s, 7436kb)b (15 @ n=751, t=0.05s, 7568kb)b (14 @ n=761, t=0.05s, 7704kb)db (13 @ n=774, t=0.05s, 7704kb)b (12 @ n=782, t=0.05s, 7704kb)b (11 @ n=792, t=0.05s, 7816kb)b (10 @ n=797, t=0.05s, 7816kb)b (9 @ n=805, t=0.05s, 7948kb)b (8 @ n=814, t=0.05s, 7948kb)b (7 @ n=822, t=0.05s, 8080kb)b (5 @ n=834, t=0.06s, 8212kb)b (4 @ n=838, t=0.06s, 8212kb)b (3 @ n=842, t=0.06s, 8320kb)b (2 @ n=854, t=0.06s, 8452kb)b (1 @ n=863, t=0.06s, 8452kb)Time diagnostics:
After step 0 search time left estimate was 0.010
After step 1 search time left estimate was 0.020
After step 2 search time left estimate was 0.030
After step 3 search time left estimate was 0.040
After step 4 search time left estimate was 0.233
After step 5 search time left estimate was 0.231
After step 6 search time left estimate was 0.219
After step 7 search time left estimate was 0.206
After step 8 search time left estimate was 0.194
After step 9 search time left estimate was 0.193
After step 10 search time left estimate was 0.181
After step 11 search time left estimate was 0.175
After step 12 search time left estimate was 0.164
After step 13 search time left estimate was 0.153
After step 14 search time left estimate was 0.142
After step 15 search time left estimate was 0.132
After step 16 search time left estimate was 0.121
After step 17 search time left estimate was 0.111
After step 18 search time left estimate was 0.110
After step 19 search time left estimate was 0.100
After step 20 search time left estimate was 0.090
After step 21 search time left estimate was 0.081
After step 22 search time left estimate was 0.071
After step 23 search time left estimate was 0.062
After step 24 search time left estimate was 0.061
After step 25 search time left estimate was 0.043
After step 26 search time left estimate was 0.034
After step 27 search time left estimate was 0.025
After step 28 search time left estimate was 0.017
After step 29 search time left estimate was 0.008
After step 30 search time left estimate was 0.008

;;;; Solution Found
; Time 0.06
; Peak memory 8584kb
; Nodes Generated: 874
; Nodes Expanded:  139
; Nodes Evaluated: 871
; Nodes Tunneled:  0
; Nodes memoised with open actions: 45
; Nodes memoised without open actions: 1012
; Nodes pruned by memoisation: 183
0.074: (load package4 truck1 a1 l3) [1.000] ; (31)
1.074: (drive truck1 l3 l2) [306.500] ; (87)
307.574: (unload package4 truck1 a1 l2) [1.000] ; (59)
308.575: (deliver-anytime package4 l2) [1.000] ; (103)
308.575: (load package2 truck1 a2 l2) [1.000] ; (22)
309.575: (drive truck1 l2 l1) [215.300] ; (84)
524.875: (unload package2 truck1 a2 l1) [1.000] ; (50)
525.875: (deliver-ontime package2 l1) [1.000] ; (90)
525.875: (drive truck1 l1 l2) [215.300] ; (86)
741.175: (load package1 truck1 a2 l2) [1.000] ; (21)
742.175: (load package5 truck1 a1 l2) [1.000] ; (18)
743.175: (drive truck1 l2 l3) [306.500] ; (89)
1049.675: (unload package5 truck1 a1 l3) [1.000] ; (74)
1050.676: (unload package1 truck1 a2 l3) [1.000] ; (77)
1050.676: (deliver-anytime package5 l3) [1.000] ; (111)
1051.677: (load package3 truck1 a2 l3) [1.000] ; (37)
1051.677: (deliver-anytime package1 l3) [1.000] ; (107)
1052.677: (drive truck1 l3 l1) [289.600] ; (85)
1342.277: (unload package3 truck1 a2 l1) [1.000] ; (51)
1343.277: (drive truck1 l1 l2) [215.300] ; (86)
1343.277: (deliver-ontime package3 l1) [1.000] ; (91)
1558.577: (load package6 truck1 a2 l2) [1.000] ; (26)
1559.577: (load package7 truck1 a1 l2) [1.000] ; (20)
1560.577: (drive truck1 l2 l3) [306.500] ; (89)
1867.077: (unload package7 truck1 a1 l3) [1.000] ; (76)
1868.077: (deliver-ontime package7 l3) [1.000] ; (92)
1868.078: (unload package6 truck1 a2 l3) [1.000] ; (82)
1869.079: (deliver-anytime package6 l3) [1.000] ; (112)
