Parsing and Instantiating...
Warning: rounding numeric constants such as 5.39665 to an accuracy of 0.001
Done
One way facts...
Mutex groups...
Semaphore Facts...
Envelope Facts...
One-shot actions...
(bs-dispense c-bs input wp1 base_black) is 1 shot
(bs-dispense c-bs output wp1 base_black) is 1 shot
(bs-dispense c-bs input wp1 base_red) is 1 shot
(bs-dispense c-bs output wp1 base_red) is 1 shot
(bs-dispense c-bs input wp1 base_silver) is 1 shot
(bs-dispense c-bs output wp1 base_silver) is 1 shot
(bs-dispense c-bs input wp1 base_black) is 1 shot
(bs-dispense c-bs output wp1 base_black) is 1 shot
(bs-dispense c-bs input wp1 base_red) is 1 shot
(bs-dispense c-bs output wp1 base_red) is 1 shot
(bs-dispense c-bs input wp1 base_silver) is 1 shot
(bs-dispense c-bs output wp1 base_silver) is 1 shot
(prepare-ds r-1 c-ds gate-1) is 1 shot
(prepare-ds r-2 c-ds gate-1) is 1 shot
(prepare-ds r-3 c-ds gate-1) is 1 shot
(prepare-ds r-1 c-ds gate-2) is 1 shot
(prepare-ds r-2 c-ds gate-2) is 1 shot
(prepare-ds r-3 c-ds gate-2) is 1 shot
(prepare-ds r-1 c-ds gate-3) is 1 shot
(prepare-ds r-2 c-ds gate-3) is 1 shot
(prepare-ds r-3 c-ds gate-3) is 1 shot
(wp-get-shelf r-1 cg1 c-cs1 left) is 1 shot
(wp-get-shelf r-2 cg1 c-cs1 left) is 1 shot
(wp-get-shelf r-3 cg1 c-cs1 left) is 1 shot
(wp-get-shelf r-1 cg2 c-cs1 middle) is 1 shot
(wp-get-shelf r-2 cg2 c-cs1 middle) is 1 shot
(wp-get-shelf r-3 cg2 c-cs1 middle) is 1 shot
(wp-get-shelf r-1 cg3 c-cs1 right) is 1 shot
(wp-get-shelf r-2 cg3 c-cs1 right) is 1 shot
(wp-get-shelf r-3 cg3 c-cs1 right) is 1 shot
(wp-get-shelf r-1 cb1 c-cs2 left) is 1 shot
(wp-get-shelf r-2 cb1 c-cs2 left) is 1 shot
(wp-get-shelf r-3 cb1 c-cs2 left) is 1 shot
(wp-get-shelf r-1 cb2 c-cs2 middle) is 1 shot
(wp-get-shelf r-2 cb2 c-cs2 middle) is 1 shot
(wp-get-shelf r-3 cb2 c-cs2 middle) is 1 shot
(wp-get-shelf r-1 cb3 c-cs2 right) is 1 shot
(wp-get-shelf r-2 cb3 c-cs2 right) is 1 shot
(wp-get-shelf r-3 cb3 c-cs2 right) is 1 shot
Integral variables...
Variable bounds...
Static numeric conditions...
Duration bounds...
TIL time window analysis...
Bounding action timestamps due to time windows...
(order-delivery-window-open o1) forms a window with range [0.000,132.155]
Bounds on (fulfill-order-c0-within-tw o1 wp1 c-ds gate-1 base_black cap_black) (duration [0.010,0.010]):
	0: [0.000,132.145]
	1: [0.000,132.145]
	2: [0.010,132.155]
(can-commit-for-ontime-delivery o1) forms a window with range [0.000,9.380]
Bounds on (commit-to-ontime-delivery o1) (duration [0.010,0.010]):
	0: [0.000,9.379]
	1: [0.000,9.379]
	2: [0.010,9.389]
Bounds on (do-not-commit-to-ontime-delivery o1) (duration [0.010,0.010]):
	0: [0.000,9.379]
	1: [0.000,9.379]
	2: [0.010,9.389]
Dominance constraints (excluding processes and events)...
Damaging events...
Dominance constraints (including processes and events)...
Variable monotonicity...
Max/min needed values for any single precondition...
Irrelevant action pruning by backward reachability from goal...
Uninterestingness criteria...
Compression-safe actions...
Compression-safe invariants...
64% of durative actions in this problem are compression safe
Goal Goal [1]
    (order-fulfilled o1)

Finishing preprocessing.  Making a TRPG heuristic...
Making an open list...
Running WA* search (g weight = 1, h weight = 5)
{(order-delivery-window-open o1),(can-commit-for-ontime-delivery o1),(location-free start input),(location-free c-bs input),(location-free c-bs output),(location-free c-cs1 input),(location-free c-cs1 output),(location-free c-cs2 input),(location-free c-cs2 output),(location-free c-ds input),(location-free c-ds output),(cs-can-perform c-cs1 cs_retrieve),(cs-can-perform c-cs2 cs_retrieve),(wp-base-color wp1 base_none),(wp-cap-color wp1 cap_none),(wp-ring1-color wp1 ring_none),(wp-ring2-color wp1 ring_none),(wp-ring3-color wp1 ring_none),(wp-unused wp1),(robot-waiting r-1),(robot-waiting r-2),(robot-waiting r-3),(mps-state c-bs idle),(mps-state c-cs1 idle),(mps-state c-cs2 idle),(mps-state c-ds idle),(wp-cap-color cg1 cap_grey),(wp-cap-color cg2 cap_grey),(wp-cap-color cg3 cap_grey),(wp-on-shelf cg1 c-cs1 left),(wp-on-shelf cg2 c-cs1 middle),(wp-on-shelf cg3 c-cs1 right),(wp-cap-color cb1 cap_black),(wp-cap-color cb2 cap_black),(wp-cap-color cb3 cap_black),(wp-on-shelf cb1 c-cs2 left),(wp-on-shelf cb2 c-cs2 middle),(wp-on-shelf cb3 c-cs2 right)}
[]
Initial heuristic = 28
Initial stats: t=0.02s, 8096kb
b (27 @ n=2, t=0.02s, 8096kb)b (25 @ n=3, t=0.02s, 8096kb)b (24 @ n=23, t=0.03s, 8096kb)Warning: self overlapping Action 434:1 at 1
b (23 @ n=111, t=0.04s, 8204kb)xd.{EPS=909.091,ETD=20.5918}xxxxb (22 @ n=431, t=0.11s, 8764kb).{EPS=1030.93,ETD=41.1818}b (21 @ n=512, t=0.12s, 8972kb)b (17 @ n=537, t=0.13s, 9112kb)b (16 @ n=580, t=0.14s, 9204kb)db (15 @ n=585, t=0.14s, 9316kb)b (14 @ n=596, t=0.14s, 9316kb)b (13 @ n=607, t=0.14s, 9424kb)ddd.{EPS=837.989,ETD=28.4765}ddddd.{EPS=746.269,ETD=22.5226}ddddd.{EPS=692.521,ETD=19.502}dddd.{EPS=655.022,ETD=19.2742}dddd.{EPS=642.202,ETD=17.4212}xdddd.{EPS=629.921,ETD=16.2206}xdddx.{EPS=623.269,ETD=17.4588}dddxd.{EPS=612.745,ETD=21.3447}ddxdx.{EPS=588.235,ETD=20.848}dddxd.{EPS=551.876,ETD=23.988}ddxxd.{EPS=543.478,ETD=24.526}ddb (11 @ n=4613, t=1.16s, 40072kb)b (10 @ n=4628, t=1.17s, 40224kb)b (9 @ n=4640, t=1.17s, 40352kb)dd.{EPS=523.56,ETD=24.612}ddxb (7 @ n=5056, t=1.33s, 44652kb).{EPS=520.833,ETD=25.742}ddd.{EPS=536.481,ETD=24.896}xdxxxxxxx.{EPS=546.448,ETD=24.654}xdxxxxxxx.{EPS=548.847,ETD=23.97}xxdxxxxxxx.{EPS=537.634,ETD=21.336}xdxxxxxxx.{EPS=516.529,ETD=15.812}xxdxxxxxxx.{EPS=479.386,ETD=14.348}xdxxxxxxx.{EPS=437.063,ETD=5.172}xxdxxxxxxx.{EPS=389.712,ETD=4.402}xdxxxxxxx.{EPS=346.5,ETD=3.938}xxdxxxxxxx.{EPS=297.796,ETD=2.16}xdxxxxxxx.{EPS=248.016,ETD=1.292}xxdxxxxxxx.{EPS=210.261,ETD=1}xdxxxxxxx.{EPS=179.211,ETD=1}xxdxxxxdxx.{EPS=154.131,ETD=2.54}xxxxxxdxxx.{EPS=131.13,ETD=2.54}xxxdxxxxx.{EPS=113.148,ETD=4.248}xxxddd.{EPS=108.366,ETD=6.356}dxxxxxxd.{EPS=98.4058,ETD=8.682}xddxxx.{EPS=93.668,ETD=12.928}xxd.{EPS=93.5454,ETD=18.562}ddd.{EPS=98.4834,ETD=18.83}ddx.{EPS=104.69,ETD=19.032}ddd.{EPS=113.662,ETD=19.274}dd.{EPS=125.881,ETD=18.02}dddd.{EPS=144.592,ETD=18.33}b (6 @ n=9720, t=9.09s, 202296kb)b (5 @ n=9730, t=9.1s, 202560kb)b (3 @ n=9786, t=9.13s, 203616kb)db (2 @ n=9834, t=9.15s, 204792kb)Time diagnostics:
After step 0 search time left estimate was 0.010
After step 1 search time left estimate was 0.020
After step 2 search time left estimate was 6.167
After step 3 search time left estimate was 5.769
After step 4 search time left estimate was 5.966
After step 5 search time left estimate was 5.370
After step 6 search time left estimate was 5.368
After step 7 search time left estimate was 5.368
After step 8 search time left estimate was 4.771
After step 9 search time left estimate was 4.572
After step 10 search time left estimate was 4.372
After step 11 search time left estimate was 5.366
After step 12 search time left estimate was 5.166
After step 13 search time left estimate was 5.365
After step 14 search time left estimate was 5.364
After step 15 search time left estimate was 5.165
After step 16 search time left estimate was 4.965
After step 17 search time left estimate was 4.767
After step 18 search time left estimate was 4.567
After step 19 search time left estimate was 4.567
After step 20 search time left estimate was 4.368
After step 21 search time left estimate was 4.368
After step 22 search time left estimate was 4.168
After step 23 search time left estimate was 4.168
After step 24 search time left estimate was 4.430
After step 25 search time left estimate was 3.825
After step 26 search time left estimate was 3.825
After step 27 search time left estimate was 3.824
After step 28 search time left estimate was 2.629
After step 29 search time left estimate was 2.629
After step 30 search time left estimate was 2.628
After step 31 search time left estimate was 2.482
After step 32 search time left estimate was 2.481
After step 33 search time left estimate was 2.335
After step 34 search time left estimate was 1.897
After step 35 search time left estimate was 2.043
After step 36 search time left estimate was 2.043
After step 37 search time left estimate was 2.043
After step 38 search time left estimate was 1.896
After step 39 search time left estimate was 2.188
After step 40 search time left estimate was 2.188
After step 41 search time left estimate was 2.188
After step 42 search time left estimate was 2.041
After step 43 search time left estimate was 2.187
After step 44 search time left estimate was 1.749
After step 45 search time left estimate was 2.041
After step 46 search time left estimate was 2.186
After step 47 search time left estimate was 1.895
After step 48 search time left estimate was 2.623
After step 49 search time left estimate was 1.603
After step 50 search time left estimate was 1.457
After step 51 search time left estimate was 1.311
After step 52 search time left estimate was 1.456
After step 53 search time left estimate was 1.456
After step 54 search time left estimate was 1.456
After step 55 search time left estimate was 1.310
After step 56 search time left estimate was 1.164
After step 57 search time left estimate was 1.014
After step 58 search time left estimate was 1.140
After step 59 search time left estimate was 0.887
After step 60 search time left estimate was 0.760
After step 61 search time left estimate was 0.887
After step 62 search time left estimate was 0.886
After step 63 search time left estimate was 0.760
After step 64 search time left estimate was 0.633
After step 65 search time left estimate was 0.633
After step 66 search time left estimate was 0.633
After step 67 search time left estimate was 0.633
After step 68 search time left estimate was 0.506
After step 69 search time left estimate was 0.506
After step 70 search time left estimate was 0.506
After step 71 search time left estimate was 0.379
After step 72 search time left estimate was 0.253
After step 73 search time left estimate was 0.253

;;;; Solution Found
; Time 9.15
; Peak memory 204792kb
; Nodes Generated: 9835
; Nodes Expanded:  2017
; Nodes Evaluated: 9836
; Nodes Tunneled:  19
; Nodes memoised with open actions: 13165
; Nodes memoised without open actions: 6538
; Nodes pruned by memoisation: 9867
9.154: (enter-field r-2 cyan) [10.000] ; (241)
9.362: (do-not-commit-to-ontime-delivery o1) [0.010] ; (435)
9.371: (do-not-commit-to-ontime-delivery o1) [0.010] ; (435)
19.155: (move-wp-put-at-input r-2 start input c-ds) [5.045] ; (175)
19.156: (enter-field r-1 cyan) [10.000] ; (240)
24.201: (move-wp-put-at-input r-2 c-ds input c-cs2) [5.842] ; (154)
30.044: (wp-get-shelf r-2 cb3 c-cs2 right) [20.000] ; (277)
50.045: (wp-discard r-2 cb3) [0.001] ; (250)
50.046: (wp-get-shelf r-2 cb1 c-cs2 left) [20.000] ; (265)
50.047: (move-wp-put-at-input r-2 c-cs2 input c-ds) [5.842] ; (172)
50.048: (move-wp-put-at-input r-1 start input c-cs2) [8.931] ; (156)
50.049: (enter-field r-3 cyan) [10.000] ; (242)
55.890: (move-wp-put-at-input r-2 c-ds input c-cs1) [3.998] ; (136)
58.980: (wp-get-shelf r-1 cb2 c-cs2 middle) [20.000] ; (270)
58.981: (move-wp-put-at-input r-1 c-cs2 input c-ds) [5.842] ; (171)
60.050: (move-wp-put-at-input r-3 start input c-cs2) [8.931] ; (158)
64.824: (move-wp-put-at-input r-1 c-ds input c-bs) [6.448] ; (117)
64.825: (prepare-bs c-bs output base_black) [0.001] ; (1)
64.826: (bs-dispense c-bs output wp1 base_black) [0.001] ; (28)
70.047: (wp-discard r-2 cb1) [0.001] ; (244)
70.048: (wp-get-shelf r-2 cg2 c-cs1 middle) [20.000] ; (268)
90.049: (wp-discard r-2 cg2) [0.001] ; (256)
90.050: (wp-get-shelf r-2 cg3 c-cs1 right) [20.000] ; (274)
90.051: (move-wp-put-at-input r-2 c-cs1 input c-ds) [3.998] ; (169)
90.052: (move-wp-put-at-input r-3 c-cs2 input c-cs1) [7.030] ; (134)
97.083: (wp-get-shelf r-3 cg1 c-cs1 left) [20.000] ; (263)
97.083: (prepare-cs r-3 c-cs1 cs_retrieve) [0.001] ; (23)
110.051: (wp-discard r-2 cg3) [0.001] ; (259)
110.052: (move-wp-get r-2 c-ds input c-bs output) [6.145] ; (211)
116.198: (wp-get r-2 wp1 c-bs output) [10.000] ; (325)
116.199: (move-wp-put-at-input r-2 c-bs output c-ds) [6.145] ; (178)
117.084: (wp-discard r-3 cg1) [0.001] ; (254)
122.345: (move-wp-put-at-input r-2 c-ds input c-cs2) [5.842] ; (154)
122.346: (move-wp-put-at-input r-1 c-bs input c-ds) [6.448] ; (165)
128.188: (move-wp-put-at-input r-2 c-cs2 input c-bs) [10.450] ; (115)
128.795: (move-wp-put-at-input r-1 c-ds input c-cs2) [5.842] ; (153)
134.638: (prepare-cs r-1 c-cs2 cs_retrieve) [0.001] ; (24)
134.639: (wp-put r-1 cb2 c-cs2) [10.000] ; (393)
138.639: (move-wp-put-at-input r-2 c-bs input c-ds) [6.448] ; (166)
138.640: (move-wp-put-at-input r-3 c-cs1 input c-bs) [5.397] ; (113)
144.640: (cs-retrieve-cap c-cs2 cb2 cap_black) [0.010] ; (78)
144.651: (move-wp-get r-3 c-bs input c-cs2 output) [10.865] ; (230)
145.088: (move-wp-put-at-input r-2 c-ds input c-bs) [6.448] ; (118)
145.089: (move-wp-put-at-input r-1 c-cs2 input c-ds) [5.842] ; (171)
155.517: (wp-get r-3 cb2 c-cs2 output) [10.000] ; (353)
165.518: (wp-discard r-3 cb2) [0.001] ; (248)
165.518: (move-wp-put-at-input r-2 c-bs input c-cs2) [10.450] ; (148)
165.519: (move-wp-put-at-input r-3 c-cs2 output c-bs) [10.865] ; (128)
175.969: (prepare-cs r-2 c-cs2 cs_mount) [0.001] ; (19)
175.970: (wp-put r-2 wp1 c-cs2) [10.000] ; (409)
185.971: (cs-mount-cap c-cs2 wp1 cap_black) [0.010] ; (46)
185.982: (move-wp-get r-3 c-bs input c-cs2 output) [10.865] ; (230)
185.983: (move-wp-put-at-input r-2 c-cs2 input c-bs) [10.450] ; (115)
196.848: (wp-get r-3 wp1 c-cs2 output) [10.000] ; (368)
206.849: (move-wp-put-at-input r-1 c-ds input c-cs2) [5.842] ; (153)
206.850: (move-wp-put-at-input r-2 c-bs input c-ds) [6.448] ; (166)
212.692: (move-wp-put-at-input r-1 c-cs2 input c-bs) [10.450] ; (114)
212.693: (prepare-bs c-bs output base_silver) [0.001] ; (5)
213.299: (move-wp-put-at-input r-2 c-ds input c-cs2) [5.842] ; (154)
213.300: (move-wp-put-at-input r-3 c-cs2 output c-ds) [9.467] ; (185)
219.142: (prepare-cs r-2 c-cs2 cs_retrieve) [0.001] ; (25)
222.768: (prepare-ds r-3 c-ds gate-1) [0.001] ; (8)
222.769: (wp-put r-3 wp1 c-ds) [10.000] ; (431)
232.770: (fulfill-order-c0-ignore-tw o1 wp1 c-ds gate-1 base_black cap_black) [1000.000] ; (433)
