Parsing and Instantiating...
Warning: rounding numeric constants such as 4.88077 to an accuracy of 0.001
Done
One way facts...
Mutex groups...
Semaphore Facts...
Envelope Facts...
One-shot actions...
(bs-dispense c-bs input wp1 base_black) is 1 shot
(bs-dispense c-bs output wp1 base_black) is 1 shot
(bs-dispense c-bs input wp1 base_red) is 1 shot
(bs-dispense c-bs output wp1 base_red) is 1 shot
(bs-dispense c-bs input wp1 base_silver) is 1 shot
(bs-dispense c-bs output wp1 base_silver) is 1 shot
(bs-dispense c-bs input wp1 base_black) is 1 shot
(bs-dispense c-bs output wp1 base_black) is 1 shot
(bs-dispense c-bs input wp1 base_red) is 1 shot
(bs-dispense c-bs output wp1 base_red) is 1 shot
(bs-dispense c-bs input wp1 base_silver) is 1 shot
(bs-dispense c-bs output wp1 base_silver) is 1 shot
(prepare-ds r-1 c-ds gate-1) is 1 shot
(prepare-ds r-2 c-ds gate-1) is 1 shot
(prepare-ds r-1 c-ds gate-2) is 1 shot
(prepare-ds r-2 c-ds gate-2) is 1 shot
(prepare-ds r-1 c-ds gate-3) is 1 shot
(prepare-ds r-2 c-ds gate-3) is 1 shot
(wp-get-shelf r-1 cg1 c-cs1 left) is 1 shot
(wp-get-shelf r-2 cg1 c-cs1 left) is 1 shot
(wp-get-shelf r-1 cg2 c-cs1 middle) is 1 shot
(wp-get-shelf r-2 cg2 c-cs1 middle) is 1 shot
(wp-get-shelf r-1 cg3 c-cs1 right) is 1 shot
(wp-get-shelf r-2 cg3 c-cs1 right) is 1 shot
(wp-get-shelf r-1 cb1 c-cs2 left) is 1 shot
(wp-get-shelf r-2 cb1 c-cs2 left) is 1 shot
(wp-get-shelf r-1 cb2 c-cs2 middle) is 1 shot
(wp-get-shelf r-2 cb2 c-cs2 middle) is 1 shot
(wp-get-shelf r-1 cb3 c-cs2 right) is 1 shot
(wp-get-shelf r-2 cb3 c-cs2 right) is 1 shot
Integral variables...
Variable bounds...
Static numeric conditions...
Duration bounds...
TIL time window analysis...
Bounding action timestamps due to time windows...
(order-delivery-window-open o1) forms a window with range [0.000,124.042]
Bounds on (fulfill-order-c0-within-tw o1 wp1 c-ds gate-2 base_black cap_black) (duration [0.010,0.010]):
	0: [0.000,124.032]
	1: [0.000,124.032]
	2: [0.010,124.042]
(can-commit-for-ontime-delivery o1) forms a window with range [0.000,7.090]
Bounds on (commit-to-ontime-delivery o1) (duration [0.010,0.010]):
	0: [0.000,7.089]
	1: [0.000,7.089]
	2: [0.010,7.099]
Bounds on (do-not-commit-to-ontime-delivery o1) (duration [0.010,0.010]):
	0: [0.000,7.089]
	1: [0.000,7.089]
	2: [0.010,7.099]
Dominance constraints (excluding processes and events)...
Damaging events...
Dominance constraints (including processes and events)...
Variable monotonicity...
Max/min needed values for any single precondition...
Irrelevant action pruning by backward reachability from goal...
Uninterestingness criteria...
Compression-safe actions...
Compression-safe invariants...
62% of durative actions in this problem are compression safe
Goal Goal [1]
    (order-fulfilled o1)

Finishing preprocessing.  Making a TRPG heuristic...
Making an open list...
Running WA* search (g weight = 1, h weight = 5)
{(order-delivery-window-open o1),(can-commit-for-ontime-delivery o1),(location-free start input),(location-free c-bs input),(location-free c-bs output),(location-free c-cs1 input),(location-free c-cs1 output),(location-free c-cs2 input),(location-free c-cs2 output),(location-free c-ds input),(location-free c-ds output),(cs-can-perform c-cs1 cs_retrieve),(cs-can-perform c-cs2 cs_retrieve),(wp-base-color wp1 base_none),(wp-cap-color wp1 cap_none),(wp-ring1-color wp1 ring_none),(wp-ring2-color wp1 ring_none),(wp-ring3-color wp1 ring_none),(wp-unused wp1),(robot-waiting r-1),(robot-waiting r-2),(mps-state c-bs idle),(mps-state c-cs1 idle),(mps-state c-cs2 idle),(mps-state c-ds idle),(wp-cap-color cg1 cap_grey),(wp-cap-color cg2 cap_grey),(wp-cap-color cg3 cap_grey),(wp-on-shelf cg1 c-cs1 left),(wp-on-shelf cg2 c-cs1 middle),(wp-on-shelf cg3 c-cs1 right),(wp-cap-color cb1 cap_black),(wp-cap-color cb2 cap_black),(wp-cap-color cb3 cap_black),(wp-on-shelf cb1 c-cs2 left),(wp-on-shelf cb2 c-cs2 middle),(wp-on-shelf cb3 c-cs2 right)}
[]
Initial heuristic = 29
Initial stats: t=0.02s, 7568kb
b (28 @ n=2, t=0.02s, 7568kb)b (26 @ n=3, t=0.02s, 7568kb)Warning: self overlapping Action 320:1 at 1
b (25 @ n=36, t=0.02s, 7708kb)xb (24 @ n=161, t=0.04s, 7840kb)xx.{EPS=1250,ETD=20.7143}dxxx.{EPS=1219.51,ETD=27.3434}b (23 @ n=511, t=0.1s, 8572kb)b (22 @ n=514, t=0.1s, 8572kb)b (21 @ n=516, t=0.1s, 8572kb)b (20 @ n=520, t=0.1s, 8572kb)b (16 @ n=536, t=0.1s, 8572kb)b (14 @ n=559, t=0.1s, 8656kb)b (13 @ n=566, t=0.1s, 8656kb)b (12 @ n=571, t=0.11s, 8656kb)db (11 @ n=620, t=0.11s, 9052kb)dd.{EPS=1209.68,ETD=19.9732}dddd.{EPS=1234.57,ETD=17.2111}dddd.{EPS=1225.49,ETD=17.9157}ddddb (9 @ n=1488, t=0.26s, 15460kb)b (8 @ n=1491, t=0.26s, 15460kb)b (7 @ n=1494, t=0.26s, 15592kb).{EPS=1195.22,ETD=15.9231}ddd.{EPS=1219.51,ETD=14.6103}ddd.{EPS=1208.46,ETD=13.8847}dd.{EPS=1216.22,ETD=13.2227}dd.{EPS=1240.69,ETD=13.2325}dddd.{EPS=1231.53,ETD=13.138}dd.{EPS=1225.49,ETD=10.39}ddd.{EPS=1234.57,ETD=12.708}ddd.{EPS=1219.51,ETD=16.622}ddd.{EPS=1237.62,ETD=15.254}dd.{EPS=1265.82,ETD=16.466}ddd.{EPS=1256.28,ETD=16.57}ddd.{EPS=1259.45,ETD=22.84}ddxd.{EPS=1265.82,ETD=26.024}ddd.{EPS=1210.65,ETD=26.302}dddd.{EPS=1184.83,ETD=26.298}ddd.{EPS=1176.47,ETD=28.126}ddd.{EPS=1144.16,ETD=27.188}ddd.{EPS=1136.36,ETD=26.334}dxd.{EPS=1133.79,ETD=30.956}ddd.{EPS=1131.22,ETD=33.732}ddd.{EPS=1089.32,ETD=34.722}dddd.{EPS=1082.25,ETD=31.328}xd.{EPS=1101.32,ETD=29.716}d.{EPS=1160.09,ETD=30.672}d.{EPS=1228.5,ETD=30.122}ddd.{EPS=1193.32,ETD=41.324}dd.{EPS=1204.82,ETD=41.092}dd.{EPS=1187.65,ETD=40.246}dd.{EPS=1154.73,ETD=38.372}dd.{EPS=1116.07,ETD=35.688}ddd.{EPS=1113.59,ETD=38.224}ddd.{EPS=1089.32,ETD=50.582}ddd.{EPS=1041.67,ETD=52.692}ddd.{EPS=990.099,ETD=67.218}dd.{EPS=936.33,ETD=68.158}ddd.{EPS=938.086,ETD=63.502}ddd.{EPS=936.33,ETD=80.426}ddd.{EPS=936.33,ETD=113.598}ddd.{EPS=925.926,ETD=132.768}dd.{EPS=929.368,ETD=138.216}ddd.{EPS=938.086,ETD=141.762}ddd.{EPS=954.198,ETD=154.618}dd.{EPS=956.023,ETD=179.064}dddb (6 @ n=10123, t=2.29s, 88124kb)b (5 @ n=10127, t=2.29s, 88124kb).{EPS=952.381,ETD=174.156}db (4 @ n=10248, t=2.33s, 89696kb)b (2 @ n=10252, t=2.33s, 89696kb)b (1 @ n=10259, t=2.34s, 89828kb)Time diagnostics:
After step 0 search time left estimate was 0.010
After step 1 search time left estimate was 0.020
After step 2 search time left estimate was 0.547
After step 3 search time left estimate was 0.519
After step 4 search time left estimate was 0.491
After step 5 search time left estimate was 0.460
After step 6 search time left estimate was 0.430
After step 7 search time left estimate was 0.426
After step 8 search time left estimate was 0.337
After step 9 search time left estimate was 0.355
After step 10 search time left estimate was 0.352
After step 11 search time left estimate was 0.349
After step 12 search time left estimate was 0.325
After step 13 search time left estimate was 0.524
After step 14 search time left estimate was 0.489
After step 15 search time left estimate was 0.474
After step 16 search time left estimate was 0.438
After step 17 search time left estimate was 0.452
After step 18 search time left estimate was 0.465
After step 19 search time left estimate was 2.986
After step 20 search time left estimate was 2.600
After step 21 search time left estimate was 2.600
After step 22 search time left estimate was 2.786
After step 23 search time left estimate was 2.786
After step 24 search time left estimate was 2.042
After step 25 search time left estimate was 1.856
After step 26 search time left estimate was 1.670
After step 27 search time left estimate was 1.670
After step 28 search time left estimate was 1.855
After step 29 search time left estimate was 1.847
After step 30 search time left estimate was 1.637
After step 31 search time left estimate was 1.820
After step 32 search time left estimate was 1.456
After step 33 search time left estimate was 1.274
After step 34 search time left estimate was 1.274
After step 35 search time left estimate was 1.273
After step 36 search time left estimate was 1.273
After step 37 search time left estimate was 1.273
After step 38 search time left estimate was 1.091
After step 39 search time left estimate was 0.909
After step 40 search time left estimate was 0.727
After step 41 search time left estimate was 0.363
After step 42 search time left estimate was 0.181
After step 43 search time left estimate was 0.181

;;;; Solution Found
; Time 2.34
; Peak memory 89828kb
; Nodes Generated: 10263
; Nodes Expanded:  2540
; Nodes Evaluated: 10262
; Nodes Tunneled:  0
; Nodes memoised with open actions: 2116
; Nodes memoised without open actions: 12179
; Nodes pruned by memoisation: 4032
2.339: (prepare-bs c-bs output base_black) [0.001] ; (1)
2.339: (commit-to-ontime-delivery o1) [0.010] ; (320)
2.339: (enter-field r-1 cyan) [10.000] ; (190)
2.340: (bs-dispense c-bs output wp1 base_black) [0.001] ; (21)
12.340: (move-wp-put-at-input r-1 start input c-cs1) [4.670] ; (122)
12.341: (enter-field r-2 cyan) [10.000] ; (191)
17.011: (prepare-cs r-1 c-cs1 cs_retrieve) [0.001] ; (16)
17.012: (move-wp-get r-1 c-cs1 input c-bs output) [4.410] ; (166)
21.423: (wp-get r-1 wp1 c-bs output) [10.000] ; (246)
21.424: (move-wp-put-at-input r-1 c-bs output c-ds) [6.283] ; (148)
22.342: (move-wp-put-at-input r-2 start input c-cs2) [6.035] ; (135)
28.378: (wp-get-shelf r-2 cb1 c-cs2 left) [20.000] ; (207)
28.378: (prepare-cs r-2 c-cs2 cs_retrieve) [0.001] ; (19)
31.424: (move-wp-put-at-input r-1 c-ds input c-bs) [7.874] ; (108)
31.425: (prepare-bs c-bs input base_silver) [0.001] ; (4)
48.379: (wp-put r-2 cb1 c-cs2) [10.000] ; (291)
48.380: (move-wp-put-at-input r-2 c-cs2 input c-ds) [6.484] ; (145)
58.380: (cs-retrieve-cap c-cs2 cb1 cap_black) [0.010] ; (69)
58.391: (move-wp-get r-2 c-ds input c-cs2 output) [6.341] ; (187)
58.392: (move-wp-put-at-input r-1 c-bs input c-ds) [7.874] ; (140)
64.733: (wp-get r-2 cb1 c-cs2 output) [10.000] ; (263)
74.734: (wp-discard r-2 cb1) [0.001] ; (193)
74.734: (move-wp-put-at-input r-1 c-ds input c-cs2) [6.484] ; (132)
74.735: (move-wp-put-at-input r-2 c-cs2 output c-ds) [6.341] ; (153)
81.219: (prepare-cs r-1 c-cs2 cs_mount) [0.001] ; (14)
81.220: (wp-put r-1 wp1 c-cs2) [10.000] ; (302)
91.221: (cs-mount-cap c-cs2 wp1 cap_black) [0.010] ; (39)
91.221: (wp-get-shelf r-1 cb3 c-cs2 right) [20.000] ; (214)
91.232: (move-wp-get r-2 c-ds input c-cs2 output) [6.341] ; (187)
97.574: (wp-get r-2 wp1 c-cs2 output) [10.000] ; (275)
97.575: (move-wp-put-at-input r-2 c-cs2 output c-ds) [6.341] ; (153)
103.917: (prepare-ds r-2 c-ds gate-2) [0.001] ; (9)
107.575: (wp-put r-2 wp1 c-ds) [10.000] ; (317)
111.222: (wp-discard r-1 cb3) [0.001] ; (196)
111.223: (wp-get-shelf r-1 cb2 c-cs2 middle) [20.000] ; (210)
117.576: (fulfill-order-c0-within-tw o1 wp1 c-ds gate-2 base_black cap_black) [0.010] ; (318)
