Parsing and Instantiating...
Warning: rounding numeric constants such as 0.352766 to an accuracy of 0.001
Done
One way facts...
Mutex groups...
Semaphore Facts...
Envelope Facts...
One-shot actions...
(bs-dispense c-bs input wp1 base_black) is 1 shot
(bs-dispense c-bs output wp1 base_black) is 1 shot
(bs-dispense c-bs input wp1 base_red) is 1 shot
(bs-dispense c-bs output wp1 base_red) is 1 shot
(bs-dispense c-bs input wp1 base_silver) is 1 shot
(bs-dispense c-bs output wp1 base_silver) is 1 shot
(bs-dispense c-bs input wp1 base_black) is 1 shot
(bs-dispense c-bs output wp1 base_black) is 1 shot
(bs-dispense c-bs input wp1 base_red) is 1 shot
(bs-dispense c-bs output wp1 base_red) is 1 shot
(bs-dispense c-bs input wp1 base_silver) is 1 shot
(bs-dispense c-bs output wp1 base_silver) is 1 shot
(prepare-ds r-1 c-ds gate-1) is 1 shot
(prepare-ds r-2 c-ds gate-1) is 1 shot
(prepare-ds r-3 c-ds gate-1) is 1 shot
(prepare-ds r-1 c-ds gate-2) is 1 shot
(prepare-ds r-2 c-ds gate-2) is 1 shot
(prepare-ds r-3 c-ds gate-2) is 1 shot
(prepare-ds r-1 c-ds gate-3) is 1 shot
(prepare-ds r-2 c-ds gate-3) is 1 shot
(prepare-ds r-3 c-ds gate-3) is 1 shot
(wp-get-shelf r-1 cg1 c-cs1 left) is 1 shot
(wp-get-shelf r-2 cg1 c-cs1 left) is 1 shot
(wp-get-shelf r-3 cg1 c-cs1 left) is 1 shot
(wp-get-shelf r-1 cg2 c-cs1 middle) is 1 shot
(wp-get-shelf r-2 cg2 c-cs1 middle) is 1 shot
(wp-get-shelf r-3 cg2 c-cs1 middle) is 1 shot
(wp-get-shelf r-1 cg3 c-cs1 right) is 1 shot
(wp-get-shelf r-2 cg3 c-cs1 right) is 1 shot
(wp-get-shelf r-3 cg3 c-cs1 right) is 1 shot
(wp-get-shelf r-1 cb1 c-cs2 left) is 1 shot
(wp-get-shelf r-2 cb1 c-cs2 left) is 1 shot
(wp-get-shelf r-3 cb1 c-cs2 left) is 1 shot
(wp-get-shelf r-1 cb2 c-cs2 middle) is 1 shot
(wp-get-shelf r-2 cb2 c-cs2 middle) is 1 shot
(wp-get-shelf r-3 cb2 c-cs2 middle) is 1 shot
(wp-get-shelf r-1 cb3 c-cs2 right) is 1 shot
(wp-get-shelf r-2 cb3 c-cs2 right) is 1 shot
(wp-get-shelf r-3 cb3 c-cs2 right) is 1 shot
Integral variables...
Variable bounds...
Static numeric conditions...
Duration bounds...
TIL time window analysis...
Bounding action timestamps due to time windows...
(order-delivery-window-open o1) forms a window with range [0.000,150.000]
Bounds on (fulfill-order-c0-within-tw o1 wp1 c-ds gate-2 base_black cap_black) (duration [0.010,0.010]):
	0: [0.000,149.990]
	1: [0.000,149.990]
	2: [0.010,150.000]
(can-commit-for-ontime-delivery o1) forms a window with range [0.000,15.000]
Bounds on (commit-to-ontime-delivery o1) (duration [0.010,0.010]):
	0: [0.000,14.999]
	1: [0.000,14.999]
	2: [0.010,15.009]
Bounds on (do-not-commit-to-ontime-delivery o1) (duration [0.010,0.010]):
	0: [0.000,14.999]
	1: [0.000,14.999]
	2: [0.010,15.009]
Dominance constraints (excluding processes and events)...
Damaging events...
Dominance constraints (including processes and events)...
Variable monotonicity...
Max/min needed values for any single precondition...
Irrelevant action pruning by backward reachability from goal...
Uninterestingness criteria...
Compression-safe actions...
Compression-safe invariants...
64% of durative actions in this problem are compression safe
Goal Goal [1]
    (order-fulfilled o1)

Finishing preprocessing.  Making a TRPG heuristic...
Making an open list...
Running WA* search (g weight = 1, h weight = 5)
{(order-delivery-window-open o1),(can-commit-for-ontime-delivery o1),(location-free start input),(location-free c-bs input),(location-free c-bs output),(location-free c-cs1 input),(location-free c-cs1 output),(location-free c-cs2 input),(location-free c-cs2 output),(location-free c-ds input),(location-free c-ds output),(cs-can-perform c-cs1 cs_retrieve),(cs-can-perform c-cs2 cs_retrieve),(wp-base-color wp1 base_none),(wp-cap-color wp1 cap_none),(wp-ring1-color wp1 ring_none),(wp-ring2-color wp1 ring_none),(wp-ring3-color wp1 ring_none),(wp-unused wp1),(robot-waiting r-1),(robot-waiting r-2),(robot-waiting r-3),(mps-state c-bs idle),(mps-state c-cs1 idle),(mps-state c-cs2 idle),(mps-state c-ds idle),(wp-cap-color cg1 cap_grey),(wp-cap-color cg2 cap_grey),(wp-cap-color cg3 cap_grey),(wp-on-shelf cg1 c-cs1 left),(wp-on-shelf cg2 c-cs1 middle),(wp-on-shelf cg3 c-cs1 right),(wp-cap-color cb1 cap_black),(wp-cap-color cb2 cap_black),(wp-cap-color cb3 cap_black),(wp-on-shelf cb1 c-cs2 left),(wp-on-shelf cb2 c-cs2 middle),(wp-on-shelf cb3 c-cs2 right)}
[]
Initial heuristic = 27
Initial stats: t=0.02s, 8096kb
b (26 @ n=3, t=0.02s, 8096kb)b (25 @ n=40, t=0.03s, 8096kb)Warning: self overlapping Action 434:1 at 1
b (24 @ n=146, t=0.05s, 8296kb)xd.{EPS=892.857,ETD=19.9796}xxxxb (23 @ n=494, t=0.12s, 9000kb).{EPS=943.396,ETD=40.6162}b (22 @ n=555, t=0.13s, 9096kb)db (21 @ n=570, t=0.14s, 9204kb)b (20 @ n=586, t=0.14s, 9204kb)b (19 @ n=604, t=0.14s, 9324kb)b (18 @ n=626, t=0.15s, 9324kb)b (17 @ n=668, t=0.16s, 9572kb)b (16 @ n=680, t=0.16s, 9572kb)db (15 @ n=804, t=0.18s, 10380kb)b (14 @ n=886, t=0.2s, 11028kb)b (12 @ n=912, t=0.21s, 11160kb)d.{EPS=717.703,ETD=27.5369}ddxddb (11 @ n=1303, t=0.31s, 14248kb)x.{EPS=677.966,ETD=21.7186}xxdxxxxxxx.{EPS=684.932,ETD=17.3574}xxxxxxxxx.{EPS=621.118,ETD=14.4548}xxdxxxxxxx.{EPS=518.519,ETD=12.384}xxxxxxxxx.{EPS=414.938,ETD=10.8321}xxdxxxxxxx.{EPS=327.273,ETD=9.62584}xxxxxxxxx.{EPS=257.865,ETD=8.66132}xxdxxxxxxx.{EPS=190.259,ETD=6.686}xxxxxxxxx.{EPS=141.403,ETD=0.602}xxdxxxxxxx.{EPS=107.968,ETD=0.438}xxxxxxdb (10 @ n=2609, t=5.92s, 125776kb)b (9 @ n=2612, t=5.92s, 125776kb)b (8 @ n=2614, t=5.92s, 125776kb).{EPS=89.1266,ETD=1.032}dx.{EPS=89.6379,ETD=1.468}dddd.{EPS=89.3176,ETD=2.052}ddd.{EPS=90.9422,ETD=3.004}ddd.{EPS=94.8587,ETD=4.022}dddd.{EPS=100.705,ETD=6.012}dxdxxxxxxx.{EPS=111.532,ETD=8.358}xxxxxxxxxx.{EPS=132.066,ETD=11.368}xxxxxxxxxd.{EPS=174.155,ETD=16.124}dd.{EPS=288.018,ETD=22.478}dd.{EPS=689.655,ETD=25.254}dddx.{EPS=658.762,ETD=36.312}xdxxxdxdx.{EPS=692.521,ETD=45.428}ddd.{EPS=710.227,ETD=59.046}x.{EPS=729.927,ETD=59.7}d.{EPS=801.282,ETD=63.09}x.{EPS=865.052,ETD=62.646}x.{EPS=866.551,ETD=62.616}x.{EPS=881.834,ETD=65.038}dx.{EPS=909.091,ETD=60.754}x.{EPS=945.18,ETD=64.534}xxxxxxx.{EPS=1039.5,ETD=66.426}xdddd.{EPS=881.834,ETD=81.24}dddd.{EPS=833.333,ETD=67.75}xxxxxd.{EPS=805.153,ETD=67.534}dddxx.{EPS=757.576,ETD=64.574}dd.{EPS=702.247,ETD=68.256}xd.{EPS=710.227,ETD=66.51}x.{EPS=689.655,ETD=61.712}d.{EPS=687.758,ETD=64.636}xd.{EPS=672.043,ETD=58.1}xd.{EPS=636.943,ETD=48.26}xd.{EPS=778.816,ETD=24.494}xxxdd.{EPS=827.815,ETD=32.108}ddd.{EPS=776.398,ETD=31.296}ddxxxxx.{EPS=770.416,ETD=30.422}ddd.{EPS=791.139,ETD=26.878}dxx.{EPS=742.942,ETD=27.502}dd.{EPS=716.332,ETD=30.604}dx.{EPS=719.424,ETD=27.652}xd.{EPS=724.638,ETD=31.29}x.{EPS=745.156,ETD=29.162}d.{EPS=740.741,ETD=29.382}dxx.{EPS=747.384,ETD=24.122}dx.{EPS=814.332,ETD=28.804}xddd.{EPS=797.448,ETD=32.64}ddddxx.{EPS=744.048,ETD=31.716}xxxxd.{EPS=759.878,ETD=31.272}dddxx.{EPS=742.942,ETD=28.526}dd.{EPS=696.379,ETD=31.806}xd.{EPS=702.247,ETD=29.508}.{EPS=695.41,ETD=29.336}xd.{EPS=698.324,ETD=33.276}dx.{EPS=710.227,ETD=30.852}xd.{EPS=694.444,ETD=29.086}dx.{EPS=746.269,ETD=24.45}xxdd.{EPS=796.178,ETD=98.364}dd.{EPS=787.402,ETD=113.334}ddddd.{EPS=777.605,ETD=208.144}dd.{EPS=783.699,ETD=241.046}ddx.{EPS=741.84,ETD=303.428}xx.{EPS=745.156,ETD=318.378}dx.{EPS=746.269,ETD=339.452}x.{EPS=758.725,ETD=349.122}xxd.{EPS=729.927,ETD=479.068}dddddd.{EPS=618.812,ETD=680.454}dddddxdd.{EPS=568.182,ETD=753.086}ddddxdd.{EPS=521.921,ETD=829.678}dxxxxxd.{EPS=541.712,ETD=904.646}ddxdddd.{EPS=523.013,ETD=1142.34}xdddd.{EPS=494.56,ETD=1228.13}dxxxxxdxx.{EPS=484.966,ETD=1435.91}xxxxxdxxxxx.{EPS=455.373,ETD=1811.48}xxxxxdxxxxx.{EPS=383.73,ETD=2197.35}xxxxxdxxxxx.{EPS=297.265,ETD=2455.4}xxxxxdxxxxx.{EPS=216.826,ETD=2639.81}xxxxxdxxxd.{EPS=159.49,ETD=2860.2}dddddx.{EPS=158.579,ETD=3099.08}xxdxddx.{EPS=156.006,ETD=3324.73}dxdxxdx.{EPS=155.569,ETD=3499.35}xxdxxdd.{EPS=155.569,ETD=3768.34}dxdxxx.{EPS=152.114,ETD=4000.37}xxxxxxxx.{EPS=146.284,ETD=4047.67}xxxxxx~~~~~~~~~~~~~~~~~~~~~~~~~~~~~~~~~~~~~~~~~~~~~~~~~~~~~~~~~~~~~~~~~~~~~~~~~~~~~~~~~~~~~~~~~~~~~~~~~~~~~~~~~~~~~~~~~~~~~~~~~~~~~~~~~~~~~~~~~~~~d.{EPS=139.237,ETD=4102.36}dd~~~~~~ddd~~~~d.{EPS=156.055,ETD=4184.91}dd~~ddd~~xdd~~d.{EPS=199.362,ETD=4279.77}ddd~~~~~~d~~~~~~~d~~~~~~~~~~~~~~~~~~~~~~~~~dx.{EPS=313.676,ETD=4401.76}dd~~~~~~~~~~~~~~~~~~~~~~~dd~~~~~~~~~~~~~~~~~~~~~~~~~~~~~~~~~~~~~~x.{EPS=339.213,ETD=4565.51}~~~~~~~~~~~~~~~~~~~~~~~~~~~~~~~~~d~~~~~~~~~~~~~~~~~~~~~~~~~~~~~~~~~~~~~~~~~~~~~~~~~~~~~~~~~~~~~d~~~~~~~~~~~~~~~~~~~~~~~~~~~~~~~~~~~~~~~~~~~~~~~~~~~~~~~~~~~~~~~~~~~~~~~~~~~~~~~~~~~~~~~~~~~~~~~~~~~~~~~~~~~~~~~~~~~~~~~~~~~~~~~~~~~~~~~~~~~~~~~~~~~~~~~~~~~~~~~~~~~~~~~~~~~~~~~~~~~~~~~~~~~~~~~~~~~~~~~~~~~~~~~~~~~~~~~~~~~~~~~~~~~~~~~~~~~~~~~~~~~~~~~~~~~~~~~~~~~~~~~~~~~~~~~~~~~~~~~~~~~~~~~~~~~~~~~~~~~~~~~~~~~~~~~~~~~~~~~~~~~~~~~~~~~~~~~~~~~~~~~~~~~~~~~~~~~~~~~~~~~~~~~~~~~~~~~~~~~~~~~~~~~~~~~~~~~~~~~~~~~~~~~~~~~~~~~~~~~~~~~~~~~~~~~~~~~~~~~~~~~~~~~~~~~~~~~~~~~~~~~~~~~~~~~~~~~~~~~~~~~~~~~~~~~~~~~~~~~~~~~~~~~~~~~~~~~~~~~~~~~~~~~~~~~~~~~~~~~~~~~~~~~~~~~~~~~~~~~~~~~~~~~~~~~~~~~~~~~~~~~~~~~~~~~~~~~~~~~~~~~~~~~~~~~~~~~~~~~~~~~~~~~~~~~~~~~~~~~~~~~~~~~~~~~~~~~~~~~~~~~~~~~~~~~~~~~~.{EPS=360.49,ETD=4609.05}d~~~~~~~~~~x~~~~d~~~~~~d~~d~~~~~~d~~~~.{EPS=378.501,ETD=4217.61}~~~~~~~~~~~~~~~~~~~~~~~~~~~~~~~~~~~~~~~~~~~~~~~~~~~~~~~~~~~~~~~~~~~~~~~~~~~~~~~~~~~~~~~~~~~~~~~~~~~~~~~~~~~~~~~~~~~~~~~~~~~~~~~~~~~~~~~~~~~~~~~~~~~~~~~~~~~~~~~~~~~~~~~~~~~~~~~~~dx~~~~~~d~~~~~~~~~~~~d~~~~~~~~~~~~d~~~~~~~~~~~~d~~~~~~x.{EPS=397.141,ETD=3854.53}~~d~~~~d~~~~~~~~~~~~~~~~~~~~~~~~~~~~~~~~~~~~~~~~~~~~~~~~~~~~~~~~~~~~~~~~~~~~~~~~~~~~~~~~~~~~~~~~~~~~~~~~~~~~~~~~~~~~~~~~~~~~~~~~~~~~~~~~~~~~~~~~~~~~~~~~~~~~~~~~~~~~~~~~~~~~~~~~~~~~~~~~~~~~~~~~~~~~~~~~~~~~~~~~~~~~~~~~~~~~~~~~~d~~~~~~~~~~~~~~d~~~~~~~~~~~~~~~~d~~~~~~d~~x.{EPS=419.111,ETD=3451.93}~~~~~~d~~d~~d~~~~x~~~~~~~~~~~~~~~~~~~~~~~~~~~~~~~~~~~~~~~~~~~~~~~~~~~~~~~~~~~~~~~~~~~~~~~~~~~~~~~~~~~~~~~~~~~~~~~~~~~~~~~~~~~~~~~~~~~~~~~~~~~~~~~~~~~~~~~~~~~~~~~~~~~~~~~~~~~~~~~~~~~~~~~~~~~~~~~~~~~~~~~~~~~~~~~~~~~~~~~~~~~~~~~~~~~~~~~~~~~~~~~~~~~~~~~~~~~~~~~~~~~~~~~~~~~~~~~~~~~~~~~~~~~~~~~~~~~~~~~~~~~~~~~~~~~~~~~~~~~~~~~~~~~~~~~~~~~~~~~~~~~~~~~~~~~~~~~~~~~~~~~~~~~~~~~~~~~~~~~~~~~~~~~~~~~~~~~~~~~~~~~~~~~~~~~~~~~~~~~~~~~~~~~~~~~~~~~~~~~~~~~~~~~~~~~~~~~~
;;;; Problem Unsolvable
; Nodes Generated: 18222
; Nodes Expanded:  5281
; Nodes Evaluated: 18220
; Nodes Tunneled:  449
; Nodes memoised with open actions: 22365
; Nodes memoised without open actions: 19082
; Nodes pruned by memoisation: 23225
; Time 15.61
