Parsing and Instantiating...
Warning: rounding numeric constants such as 4.01111 to an accuracy of 0.001
Done
One way facts...
Mutex groups...
Semaphore Facts...
Envelope Facts...
One-shot actions...
(bs-dispense c-bs input wp1 base_black) is 1 shot
(bs-dispense c-bs output wp1 base_black) is 1 shot
(bs-dispense c-bs input wp1 base_red) is 1 shot
(bs-dispense c-bs output wp1 base_red) is 1 shot
(bs-dispense c-bs input wp1 base_silver) is 1 shot
(bs-dispense c-bs output wp1 base_silver) is 1 shot
(bs-dispense c-bs input wp1 base_black) is 1 shot
(bs-dispense c-bs output wp1 base_black) is 1 shot
(bs-dispense c-bs input wp1 base_red) is 1 shot
(bs-dispense c-bs output wp1 base_red) is 1 shot
(bs-dispense c-bs input wp1 base_silver) is 1 shot
(bs-dispense c-bs output wp1 base_silver) is 1 shot
(prepare-ds r-1 c-ds gate-1) is 1 shot
(prepare-ds r-1 c-ds gate-2) is 1 shot
(prepare-ds r-1 c-ds gate-3) is 1 shot
(wp-get-shelf r-1 cg1 c-cs1 left) is 1 shot
(wp-get-shelf r-1 cg2 c-cs1 middle) is 1 shot
(wp-get-shelf r-1 cg3 c-cs1 right) is 1 shot
(wp-get-shelf r-1 cb1 c-cs2 left) is 1 shot
(wp-get-shelf r-1 cb2 c-cs2 middle) is 1 shot
(wp-get-shelf r-1 cb3 c-cs2 right) is 1 shot
Integral variables...
Variable bounds...
Static numeric conditions...
Duration bounds...
TIL time window analysis...
Bounding action timestamps due to time windows...
(order-delivery-window-open o1) forms a window with range [0.000,149.901]
Bounds on (fulfill-order-c0-within-tw o1 wp1 c-ds gate-1 base_black cap_black) (duration [0.010,0.010]):
	0: [0.000,149.891]
	1: [0.000,149.891]
	2: [0.010,149.901]
(can-commit-for-ontime-delivery o1) forms a window with range [0.000,6.310]
Bounds on (commit-to-ontime-delivery o1) (duration [0.010,0.010]):
	0: [0.000,6.309]
	1: [0.000,6.309]
	2: [0.010,6.319]
Bounds on (do-not-commit-to-ontime-delivery o1) (duration [0.010,0.010]):
	0: [0.000,6.309]
	1: [0.000,6.309]
	2: [0.010,6.319]
Dominance constraints (excluding processes and events)...
Damaging events...
Dominance constraints (including processes and events)...
Variable monotonicity...
Max/min needed values for any single precondition...
Irrelevant action pruning by backward reachability from goal...
Uninterestingness criteria...
Compression-safe actions...
Compression-safe invariants...
59% of durative actions in this problem are compression safe
Goal Goal [1]
    (order-fulfilled o1)

Finishing preprocessing.  Making a TRPG heuristic...
Making an open list...
Running WA* search (g weight = 1, h weight = 5)
{(order-delivery-window-open o1),(can-commit-for-ontime-delivery o1),(location-free start input),(location-free c-bs input),(location-free c-bs output),(location-free c-cs1 input),(location-free c-cs1 output),(location-free c-cs2 input),(location-free c-cs2 output),(location-free c-ds input),(location-free c-ds output),(cs-can-perform c-cs1 cs_retrieve),(cs-can-perform c-cs2 cs_retrieve),(wp-base-color wp1 base_none),(wp-cap-color wp1 cap_none),(wp-ring1-color wp1 ring_none),(wp-ring2-color wp1 ring_none),(wp-ring3-color wp1 ring_none),(wp-unused wp1),(robot-waiting r-1),(mps-state c-bs idle),(mps-state c-cs1 idle),(mps-state c-cs2 idle),(mps-state c-ds idle),(wp-cap-color cg1 cap_grey),(wp-cap-color cg2 cap_grey),(wp-cap-color cg3 cap_grey),(wp-on-shelf cg1 c-cs1 left),(wp-on-shelf cg2 c-cs1 middle),(wp-on-shelf cg3 c-cs1 right),(wp-cap-color cb1 cap_black),(wp-cap-color cb2 cap_black),(wp-cap-color cb3 cap_black),(wp-on-shelf cb1 c-cs2 left),(wp-on-shelf cb2 c-cs2 middle),(wp-on-shelf cb3 c-cs2 right)}
[]
Initial heuristic = 23
Initial stats: t=0.01s, 7180kb
b (22 @ n=3, t=0.01s, 7180kb)Warning: self overlapping Action 206:1 at 1
b (21 @ n=20, t=0.01s, 7180kb)b (20 @ n=75, t=0.02s, 7316kb)xx.{EPS=1851.85,ETD=20.8163}b (19 @ n=263, t=0.04s, 7568kb)dxx.{EPS=1818.18,ETD=26.7071}b (18 @ n=484, t=0.07s, 7984kb)b (17 @ n=486, t=0.07s, 7984kb)b (15 @ n=491, t=0.07s, 8064kb)b (14 @ n=525, t=0.07s, 8188kb)b (13 @ n=535, t=0.07s, 8188kb)db (12 @ n=569, t=0.08s, 8408kb)b (11 @ n=571, t=0.08s, 8408kb)dx.{EPS=1744.19,ETD=19.3154}dd.{EPS=1724.14,ETD=17.1457}dd.{EPS=1811.59,ETD=19.3092}dd.{EPS=1829.27,ETD=17.2609}xdd.{EPS=1813.47,ETD=15.9885}xdd.{EPS=1809.95,ETD=14.7719}xdd.{EPS=1807.23,ETD=18.5702}d.{EPS=1798.56,ETD=18.7275}dd.{EPS=1785.71,ETD=18.194}dd.{EPS=1779.36,ETD=15.486}dd.{EPS=1818.18,ETD=18.292}xdd.{EPS=1838.24,ETD=18.564}xdd.{EPS=1798.56,ETD=16.114}xdd.{EPS=1785.71,ETD=15.756}xd.{EPS=1792.11,ETD=15.364}dxd.{EPS=1792.11,ETD=15.318}dxd.{EPS=1792.11,ETD=10.96}xdd.{EPS=1792.11,ETD=9.2}dxdd.{EPS=1766.78,ETD=9.226}d.{EPS=1792.11,ETD=9.74}dd.{EPS=1779.36,ETD=7.056}dd.{EPS=1773.05,ETD=6.108}dd.{EPS=1754.39,ETD=6.05}dd.{EPS=1754.39,ETD=6.33}dd.{EPS=1742.16,ETD=9.104}dd.{EPS=1742.16,ETD=8.708}d.{EPS=1748.25,ETD=8.696}dd.{EPS=1748.25,ETD=11.356}dd.{EPS=1742.16,ETD=10.216}dd.{EPS=1718.21,ETD=10.78}dd.{EPS=1700.68,ETD=12.106}ddd.{EPS=1694.92,ETD=13.816}xdd.{EPS=1712.33,ETD=15.736}xd.{EPS=1689.19,ETD=16.592}ddd.{EPS=1666.67,ETD=13.876}dd.{EPS=1683.5,ETD=17.55}dd.{EPS=1672.24,ETD=19.712}dxd.{EPS=1672.24,ETD=19.932}db (10 @ n=6263, t=1.17s, 52256kb)db (9 @ n=6283, t=1.18s, 52360kb)b (8 @ n=6292, t=1.18s, 52476kb)b (7 @ n=6301, t=1.18s, 52616kb).{EPS=1661.13,ETD=19.984}dddd.{EPS=1597.44,ETD=19.114}dd.{EPS=1582.28,ETD=18.272}dd.{EPS=1543.21,ETD=17.264}dd.{EPS=1515.15,ETD=16.298}dd.{EPS=1519.76,ETD=18.962}dd.{EPS=1529.05,ETD=19.026}dd.{EPS=1510.57,ETD=15.914}dd.{EPS=1497.01,ETD=13.762}d.{EPS=1470.59,ETD=11.326}dd.{EPS=1488.1,ETD=12.406}dd.{EPS=1497.01,ETD=12.58}dd.{EPS=1440.92,ETD=13.02}ddd.{EPS=1392.76,ETD=12.272}ddx.{EPS=1366.12,ETD=12.306}dd.{EPS=1358.7,ETD=10.404}dd.{EPS=1347.71,ETD=22.156}dd.{EPS=1333.33,ETD=26.544}dd.{EPS=1315.79,ETD=29.354}b (6 @ n=9212, t=1.85s, 78988kb)db (5 @ n=9215, t=1.85s, 78988kb)b (4 @ n=9224, t=1.85s, 79104kb)b (3 @ n=9227, t=1.85s, 79104kb)b (2 @ n=9232, t=1.85s, 79236kb)b (1 @ n=9238, t=1.85s, 79236kb)Time diagnostics:
After step 0 search time left estimate was 0.010
After step 1 search time left estimate was 0.020
After step 2 search time left estimate was 0.030
After step 3 search time left estimate was 0.280
After step 4 search time left estimate was 0.263
After step 5 search time left estimate was 0.244
After step 6 search time left estimate was 0.213
After step 7 search time left estimate was 0.219
After step 8 search time left estimate was 0.231
After step 9 search time left estimate was 0.202
After step 10 search time left estimate was 0.148
After step 11 search time left estimate was 0.088
After step 12 search time left estimate was 0.083
After step 13 search time left estimate was 0.065
After step 14 search time left estimate was 0.086
After step 15 search time left estimate was 0.376
After step 16 search time left estimate was 0.354
After step 17 search time left estimate was 0.354
After step 18 search time left estimate was 0.332
After step 19 search time left estimate was 0.307
After step 20 search time left estimate was 0.240
After step 21 search time left estimate was 0.240
After step 22 search time left estimate was 0.218
After step 23 search time left estimate was 0.197
After step 24 search time left estimate was 0.175
After step 25 search time left estimate was 0.175
After step 26 search time left estimate was 0.153
After step 27 search time left estimate was 0.153
After step 28 search time left estimate was 0.175
After step 29 search time left estimate was 0.179
After step 30 search time left estimate was 0.157
After step 31 search time left estimate was 0.134
After step 32 search time left estimate was 0.134
After step 33 search time left estimate was 0.112
After step 34 search time left estimate was 0.089
After step 35 search time left estimate was 0.067
After step 36 search time left estimate was 0.044
After step 37 search time left estimate was 0.022
After step 38 search time left estimate was 0.022

;;;; Solution Found
; Time 1.85
; Peak memory 79236kb
; Nodes Generated: 9241
; Nodes Expanded:  2972
; Nodes Evaluated: 9240
; Nodes Tunneled:  0
; Nodes memoised with open actions: 6989
; Nodes memoised without open actions: 7044
; Nodes pruned by memoisation: 4792
1.851: (prepare-bs c-bs output base_black) [0.001] ; (1)
1.851: (commit-to-ontime-delivery o1) [0.010] ; (206)
1.851: (enter-field r-1 cyan) [10.000] ; (140)
1.852: (bs-dispense c-bs output wp1 base_black) [0.001] ; (14)
11.852: (move-wp-put-at-input r-1 start input c-cs2) [3.833] ; (112)
15.686: (prepare-cs r-1 c-cs2 cs_retrieve) [0.001] ; (12)
15.686: (wp-get-shelf r-1 cb3 c-cs2 right) [20.000] ; (152)
35.687: (wp-put r-1 cb3 c-cs2) [10.000] ; (192)
45.688: (cs-retrieve-cap c-cs2 cb3 cap_black) [0.010] ; (66)
45.688: (wp-get-shelf r-1 cb2 c-cs2 middle) [20.000] ; (150)
45.689: (move-wp-put-at-input r-1 c-cs2 input c-cs1) [7.048] ; (104)
52.738: (prepare-cs r-1 c-cs1 cs_retrieve) [0.001] ; (11)
65.689: (wp-discard r-1 cb2) [0.001] ; (142)
65.690: (move-wp-get r-1 c-cs1 input c-cs2 output) [4.918] ; (137)
70.609: (wp-get r-1 cb3 c-cs2 output) [10.000] ; (178)
70.610: (move-wp-put-at-input r-1 c-cs2 output c-ds) [2.054] ; (121)
80.610: (wp-discard r-1 cb3) [0.001] ; (143)
80.611: (move-wp-get r-1 c-ds input c-bs output) [7.962] ; (130)
88.574: (wp-get r-1 wp1 c-bs output) [10.000] ; (168)
88.575: (move-wp-put-at-input r-1 c-bs output c-ds) [7.962] ; (119)
96.538: (move-wp-put-at-input r-1 c-ds input c-cs2) [4.400] ; (111)
98.575: (prepare-bs c-bs input base_black) [0.001] ; (0)
100.939: (prepare-cs r-1 c-cs2 cs_mount) [0.001] ; (10)
100.940: (wp-put r-1 wp1 c-cs2) [10.000] ; (196)
100.941: (move-wp-put-at-input r-1 c-cs2 input c-ds) [4.400] ; (117)
110.941: (cs-mount-cap c-cs2 wp1 cap_black) [0.010] ; (32)
110.952: (move-wp-get r-1 c-ds input c-cs2 output) [2.054] ; (138)
113.007: (wp-get r-1 wp1 c-cs2 output) [10.000] ; (182)
113.008: (move-wp-put-at-input r-1 c-cs2 output c-ds) [2.054] ; (121)
115.063: (prepare-ds r-1 c-ds gate-1) [0.001] ; (6)
123.008: (wp-put r-1 wp1 c-ds) [10.000] ; (203)
133.009: (fulfill-order-c0-within-tw o1 wp1 c-ds gate-1 base_black cap_black) [0.010] ; (204)
