Parsing and Instantiating...
Warning: rounding numeric constants such as 4.01111 to an accuracy of 0.001
Done
One way facts...
Mutex groups...
Semaphore Facts...
Envelope Facts...
One-shot actions...
(bs-dispense c-bs input wp1 base_black) is 1 shot
(bs-dispense c-bs output wp1 base_black) is 1 shot
(bs-dispense c-bs input wp1 base_red) is 1 shot
(bs-dispense c-bs output wp1 base_red) is 1 shot
(bs-dispense c-bs input wp1 base_silver) is 1 shot
(bs-dispense c-bs output wp1 base_silver) is 1 shot
(bs-dispense c-bs input wp1 base_black) is 1 shot
(bs-dispense c-bs output wp1 base_black) is 1 shot
(bs-dispense c-bs input wp1 base_red) is 1 shot
(bs-dispense c-bs output wp1 base_red) is 1 shot
(bs-dispense c-bs input wp1 base_silver) is 1 shot
(bs-dispense c-bs output wp1 base_silver) is 1 shot
(prepare-ds r-1 c-ds gate-1) is 1 shot
(prepare-ds r-1 c-ds gate-2) is 1 shot
(prepare-ds r-1 c-ds gate-3) is 1 shot
(wp-get-shelf r-1 cg1 c-cs1 left) is 1 shot
(wp-get-shelf r-1 cg2 c-cs1 middle) is 1 shot
(wp-get-shelf r-1 cg3 c-cs1 right) is 1 shot
(wp-get-shelf r-1 cb1 c-cs2 left) is 1 shot
(wp-get-shelf r-1 cb2 c-cs2 middle) is 1 shot
(wp-get-shelf r-1 cb3 c-cs2 right) is 1 shot
Integral variables...
Variable bounds...
Static numeric conditions...
Duration bounds...
TIL time window analysis...
Bounding action timestamps due to time windows...
(order-delivery-window-open o1) forms a window with range [0.000,149.901]
Bounds on (fulfill-order-c0-within-tw o1 wp1 c-ds gate-1 base_black cap_black) (duration [0.010,0.010]):
	0: [0.000,149.891]
	1: [0.000,149.891]
	2: [0.010,149.901]
(can-commit-for-ontime-delivery o1) forms a window with range [0.000,6.310]
Bounds on (commit-to-ontime-delivery o1) (duration [0.010,0.010]):
	0: [0.000,6.309]
	1: [0.000,6.309]
	2: [0.010,6.319]
Bounds on (do-not-commit-to-ontime-delivery o1) (duration [0.010,0.010]):
	0: [0.000,6.309]
	1: [0.000,6.309]
	2: [0.010,6.319]
Dominance constraints (excluding processes and events)...
Damaging events...
Dominance constraints (including processes and events)...
Variable monotonicity...
Max/min needed values for any single precondition...
Irrelevant action pruning by backward reachability from goal...
Uninterestingness criteria...
Compression-safe actions...
Compression-safe invariants...
59% of durative actions in this problem are compression safe
Goal Goal [1]
    (order-fulfilled o1)

Finishing preprocessing.  Making a TRPG heuristic...
Making an open list...
Running WA* search (g weight = 1, h weight = 5)
{(order-delivery-window-open o1),(can-commit-for-ontime-delivery o1),(location-free start input),(location-free c-bs input),(location-free c-bs output),(location-free c-cs1 input),(location-free c-cs1 output),(location-free c-cs2 input),(location-free c-cs2 output),(location-free c-ds input),(location-free c-ds output),(cs-can-perform c-cs1 cs_retrieve),(cs-can-perform c-cs2 cs_retrieve),(wp-base-color wp1 base_none),(wp-cap-color wp1 cap_none),(wp-ring1-color wp1 ring_none),(wp-ring2-color wp1 ring_none),(wp-ring3-color wp1 ring_none),(wp-unused wp1),(robot-waiting r-1),(mps-state c-bs idle),(mps-state c-cs1 idle),(mps-state c-cs2 idle),(mps-state c-ds idle),(wp-cap-color cg1 cap_grey),(wp-cap-color cg2 cap_grey),(wp-cap-color cg3 cap_grey),(wp-on-shelf cg1 c-cs1 left),(wp-on-shelf cg2 c-cs1 middle),(wp-on-shelf cg3 c-cs1 right),(wp-cap-color cb1 cap_black),(wp-cap-color cb2 cap_black),(wp-cap-color cb3 cap_black),(wp-on-shelf cb1 c-cs2 left),(wp-on-shelf cb2 c-cs2 middle),(wp-on-shelf cb3 c-cs2 right)}
[]
Initial heuristic = 23
Initial stats: t=0.01s, 7180kb
b (22 @ n=3, t=0.01s, 7180kb)b (21 @ n=13, t=0.02s, 7180kb)b (20 @ n=19, t=0.02s, 7180kb)b (19 @ n=24, t=0.02s, 7180kb)b (17 @ n=30, t=0.02s, 7180kb)Warning: self overlapping Action 206:1 at 7
b (15 @ n=92, t=0.02s, 7428kb)db (14 @ n=232, t=0.04s, 7948kb)b (13 @ n=242, t=0.04s, 7948kb).{EPS=1428.57,ETD=3.22449}b (12 @ n=283, t=0.05s, 8220kb)b (11 @ n=285, t=0.05s, 8336kb)dd.{EPS=1612.9,ETD=5.0101}ddd.{EPS=1807.23,ETD=10.745}d.{EPS=1886.79,ETD=17.5226}dd.{EPS=1879.7,ETD=15.008}ddd.{EPS=1923.08,ETD=15.8763}d.{EPS=1966.29,ETD=20.0143}dd.{EPS=1951.22,ETD=18.1353}ddd.{EPS=1965.07,ETD=18.3719}d.{EPS=2000,ETD=21.3206}dd.{EPS=2083.33,ETD=35.252}xdd.{EPS=2066.12,ETD=50.178}ddx.{EPS=2024.29,ETD=56.004}dd.{EPS=2032.52,ETD=56.89}xd.{EPS=2032.52,ETD=59.596}d.{EPS=1976.28,ETD=58.322}d.{EPS=2000,ETD=55.278}d.{EPS=2016.13,ETD=55.672}d.{EPS=2024.29,ETD=56.5}d.{EPS=2057.61,ETD=54.532}d.{EPS=2127.66,ETD=43.566}d.{EPS=2283.11,ETD=46.662}d.{EPS=2242.15,ETD=40.464}d.{EPS=2262.44,ETD=37.286}d.{EPS=2283.11,ETD=34.98}d.{EPS=2369.67,ETD=37.11}dd.{EPS=2369.67,ETD=38.474}.{EPS=2463.05,ETD=40.89}d.{EPS=2604.17,ETD=56.188}d.{EPS=2439.02,ETD=56.416}xd.{EPS=2392.34,ETD=54.646}d.{EPS=2262.44,ETD=36.848}d.{EPS=2336.45,ETD=37.886}dd.{EPS=2347.42,ETD=39.2}d.{EPS=2439.02,ETD=41.584}.{EPS=2551.02,ETD=56.29}d.{EPS=2525.25,ETD=83.462}xd.{EPS=2475.25,ETD=100.154}xd.{EPS=2369.67,ETD=93.688}xd.{EPS=2475.25,ETD=110.644}d.{EPS=2450.98,ETD=170.012}x.{EPS=2525.25,ETD=176.592}dx.{EPS=2577.32,ETD=180.194}xd.{EPS=2564.1,ETD=188.534}xd.{EPS=2538.07,ETD=192.618}x.{EPS=2463.05,ETD=185.15}d.{EPS=2475.25,ETD=166.912}xd.{EPS=2500,ETD=156.794}xd.{EPS=2427.18,ETD=156.294}dd.{EPS=2336.45,ETD=137.316}ddd.{EPS=2304.15,ETD=78.534}d.{EPS=2232.14,ETD=79.33}dd.{EPS=2127.66,ETD=73.898}ddd.{EPS=2074.69,ETD=64.89}d.{EPS=2016.13,ETD=66.068}dd.{EPS=1930.5,ETD=56.644}ddd.{EPS=1893.94,ETD=47.106}d.{EPS=1838.24,ETD=46.392}dd.{EPS=1811.59,ETD=35.884}ddd.{EPS=1831.5,ETD=37.074}d.{EPS=1831.5,ETD=44.384}dd.{EPS=1798.56,ETD=36.708}dd.{EPS=1824.82,ETD=37.582}dd.{EPS=1824.82,ETD=45.594}dd.{EPS=1792.11,ETD=37.556}dd.{EPS=1805.05,ETD=38.886}dd.{EPS=1811.59,ETD=53.754}ddd.{EPS=1792.11,ETD=58.134}xd.{EPS=1872.66,ETD=58.642}dd.{EPS=1851.85,ETD=57.57}d.{EPS=1901.14,ETD=49.478}dd.{EPS=1923.08,ETD=49.628}dd.{EPS=1953.12,ETD=49.086}dd.{EPS=1960.78,ETD=39.878}d.{EPS=2032.52,ETD=42.286}dd.{EPS=2040.82,ETD=43.134}dd.{EPS=2000,ETD=56.658}dd.{EPS=2066.12,ETD=44.09}xd.{EPS=2016.13,ETD=44.114}dd.{EPS=2066.12,ETD=44.074}dd.{EPS=1992.03,ETD=43.692}dd.{EPS=2057.61,ETD=44.068}dd.{EPS=1992.03,ETD=43.918}d.{EPS=2040.82,ETD=44.052}dd.{EPS=2000,ETD=44.302}dd.{EPS=1992.03,ETD=68.674}dd.{EPS=1984.13,ETD=46.498}d.{EPS=2000,ETD=46.832}ddx.{EPS=1960.78,ETD=46.542}dd.{EPS=1968.5,ETD=46.654}dd.{EPS=1984.13,ETD=46.592}d.{EPS=1953.12,ETD=46.762}dd.{EPS=2000,ETD=46.532}dd.{EPS=1945.53,ETD=48.376}d.{EPS=1945.53,ETD=48.046}ddd.{EPS=1879.7,ETD=207.694}d.{EPS=1915.71,ETD=468.586}xdd.{EPS=1858.74,ETD=661.064}xd.{EPS=1851.85,ETD=870.678}d.{EPS=1798.56,ETD=1048.23}d.{EPS=1818.18,ETD=1199.3}x.{EPS=1858.74,ETD=1351.39}d.{EPS=1792.11,ETD=1504.31}dx.{EPS=1760.56,ETD=1655.23}.{EPS=1754.39,ETD=1807.4}dx.{EPS=1805.05,ETD=1775.93}d.{EPS=1754.39,ETD=1660.61}x.{EPS=1748.25,ETD=1622.03}d.{EPS=1773.05,ETD=1567.54}x.{EPS=1742.16,ETD=1544.29}dd.{EPS=1672.24,ETD=1539.51}dx.{EPS=1592.36,ETD=1509.13}d.{EPS=1618.12,ETD=1606.93}d.{EPS=1587.3,ETD=1700.26}d.{EPS=1562.5,ETD=1718.18}d.{EPS=1567.4,ETD=1654.64}dd.{EPS=1587.3,ETD=1556.71}dx.{EPS=1587.3,ETD=1648.71}d.{EPS=1572.33,ETD=1655.63}dd.{EPS=1567.4,ETD=1569.08}d.{EPS=1538.46,ETD=1663.51}d.{EPS=1529.05,ETD=1709.13}d.{EPS=1519.76,ETD=1570.96}dx.{EPS=1529.05,ETD=1616.9}d.{EPS=1529.05,ETD=1676.49}d.{EPS=1510.57,ETD=1874.91}dxd.{EPS=1492.54,ETD=2102.37}d.{EPS=1474.93,ETD=2109.58}d.{EPS=1457.73,ETD=2151.39}d.{EPS=1479.29,ETD=2214.1}dd.{EPS=1510.57,ETD=2171.09}xd.{EPS=1552.8,ETD=2302.78}.{EPS=1562.5,ETD=2464.67}d.{EPS=1597.44,ETD=2400.78}dx.{EPS=1612.9,ETD=2312.86}d.{EPS=1650.17,ETD=2211.42}xdx.{EPS=1742.16,ETD=2033}.{EPS=1811.59,ETD=2105.91}d.{EPS=1872.66,ETD=2191.91}d.{EPS=1851.85,ETD=2386.6}dx.{EPS=1779.36,ETD=2510.41}d.{EPS=1650.17,ETD=2385.82}d.{EPS=1644.74,ETD=2295.13}.{EPS=1736.11,ETD=2068.62}xd.{EPS=1824.82,ETD=1926.3}d.{EPS=1831.5,ETD=1742.84}d.{EPS=1785.71,ETD=1639.33}.{EPS=1851.85,ETD=1314.39}x.{EPS=1915.71,ETD=1025.46}d.{EPS=2024.29,ETD=785.936}dx.{EPS=2283.11,ETD=553.214}xd.{EPS=2617.8,ETD=470.034}dx.{EPS=2808.99,ETD=340.536}d.{EPS=2732.24,ETD=401.578}xd.{EPS=2631.58,ETD=444.998}d.{EPS=2659.57,ETD=503.026}xd.{EPS=2604.17,ETD=580.416}dd.{EPS=2304.15,ETD=650.834}dd.{EPS=2145.92,ETD=712.056}d.{EPS=2032.52,ETD=689.03}dd.{EPS=1901.14,ETD=660.584}d.{EPS=1792.11,ETD=629.402}dd.{EPS=1730.1,ETD=632.206}xd.{EPS=1655.63,ETD=702.224}d.{EPS=1612.9,ETD=735.882}dd.{EPS=1524.39,ETD=739.046}dd.{EPS=1515.15,ETD=707.132}d.{EPS=1597.44,ETD=671.134}xdd.{EPS=1602.56,ETD=641.88}d.{EPS=1612.9,ETD=604.45}dd.{EPS=1602.56,ETD=566.556}d.{EPS=1618.12,ETD=520.576}dd.{EPS=1592.36,ETD=469.59}d.{EPS=1577.29,ETD=348.694}d.{EPS=1582.28,ETD=281.52}dd.{EPS=1592.36,ETD=250.184}dd.{EPS=1529.05,ETD=215.3}d.{EPS=1432.66,ETD=184.86}d.{EPS=1436.78,ETD=152.596}d.{EPS=1420.45,ETD=133.02}d.{EPS=1453.49,ETD=111.268}.{EPS=1436.78,ETD=102.966}d.{EPS=1461.99,ETD=97.484}dd.{EPS=1445.09,ETD=91.966}d.{EPS=1453.49,ETD=87.252}ddx.{EPS=1497.01,ETD=52.984}dd.{EPS=1533.74,ETD=48.304}d.{EPS=1602.56,ETD=49.862}dd.{EPS=1592.36,ETD=49.192}dd.{EPS=1612.9,ETD=50.216}dd.{EPS=1618.12,ETD=49.752}dd.{EPS=1623.38,ETD=50.556}d.{EPS=1592.36,ETD=57.2}dd.{EPS=1567.4,ETD=51.482}dx.{EPS=1501.5,ETD=52.192}ddd.{EPS=1449.28,ETD=52.774}d.{EPS=1416.43,ETD=53.726}dd.{EPS=1355.01,ETD=55.068}dd.{EPS=1326.26,ETD=55.428}d.{EPS=1282.05,ETD=56.644}dd.{EPS=1228.5,ETD=57.064}dd.{EPS=1207.73,ETD=58.046}dd.{EPS=1184.83,ETD=52.41}ddx.{EPS=1196.17,ETD=81.588}dd.{EPS=1207.73,ETD=88.998}dd.{EPS=1228.5,ETD=122.264}d.{EPS=1250,ETD=141.942}dd.{EPS=1278.77,ETD=220.48}dd.{EPS=1298.7,ETD=320.128}.{EPS=1385.04,ETD=331.688}xddx.{EPS=1416.43,ETD=469.098}dd.{EPS=1436.78,ETD=523.202}d.{EPS=1466.28,ETD=567.852}d.{EPS=1440.92,ETD=556.366}dxdxx.{EPS=1432.66,ETD=541.274}dd.{EPS=1373.63,ETD=516.232}dxxdx.{EPS=1355.01,ETD=498.21}ddx.{EPS=1315.79,ETD=410.828}dxd.{EPS=1285.35,ETD=426.798}d.{EPS=1250,ETD=508.932}d~~~~~~~~~~~~~~~~~~~~~~~~~~~~~~~xd~~~~~~~~~~~~~~~~~~~~~~~~~~~~~~~~~~~~~~~~~~~~~~~~~~~~~~~~~~~~~~~~~~~~~~~~~~~~~~~~~~~~~~~~~~~~~~~~~~~~~~~~~~~~~~~~~~~~~~~~~~~~~~~~~~~~~~~~~~~~~~~~~~~~~~~~~~~~~~~~~~~~~~~~~~~~~~~~~~~~~~~~~~~~~~~~~~~~~~~~~~~~~~~~~~~~~~~~~~~~~~~~~~~~~~~~~~~~~~~~~~~~~~~~~~~~~~~~~~~~~~~~~~~~~~~~~~~~~~~~~~~~~~~~~~~~~~~~~~~~~~~~~~~~~~~~~~~~~~~~~~~~~~~~~~~~~~~~~~~~~~~~~~~~~~~~~~~~~~~~~~~~~~~~~~~~~~~~~~~~~~~~~~~~~~~~~~~~~~~~~~~~~~~~~~~~~~~~~~~~~~~~~~~~~~~~~~~~~~~~~~~~~~~~~~~~~~~~~~~~~~~~~~~~~~~~~~~~~~~~~~~~~~~~~~~~~~~~~~~~~~~~~~~~~~~~~~~~~~~~~~~~~~~~~~~~~~~~~~~~~~~~~.{EPS=1222.49,ETD=500.84}d~~~~~~~~~~~~~~~~~~~~~~~~~~~~~~~~~~~~~~~~~~~~~~~~~~~~~~~~~~~~~~~~~~~~~~~~~~~~~~~~~~~~~~~~~~~~~~~~~~~~~~~~~~~~~~~~~~~~~~~~~~~~~~~~~~~~~~~~~~~~~~~~~~~~~~~~~~~~~~~~~~~~~~~~~~~~~~~~~~~~~~~~~~~~~~~~~~~~~~~~~~~~~~~~~~~~~~~~~~~~~~~~~~~~~~~~~~~~~~~~~~~~~~~~~~~~~~~~~~~~~~~~~~~~~~~~~~~~~~~~~~~~~~~~~~~~~~~~~~~~~~~~~~~~~~~~~~~~~~~~~~~~~~~~~~~~~~~~~~~~~~~~~~~~~~~~~~~~~~~~~~~~~~~~~~~~~~~~~~~~~~~~~~~~~~~~~~~~~~~~~~~~~~~~~~~~~~~~~~~~~~~~~~~~~~~~~~~~~~~~~~~~~~~~~~~~~~~~~~~~~~~~~~~~~~~~~~~~~~~~~~~~~~~~~~~~~~~~~~~~~~~~~~~~~~~~~~~~~~~~~~~~~~~~~~~~~~~~~~~~~~~~~~~~~~~~~~~~~~~~~~~~~~~~~~~~~~~~~~~~~~~~~~~~~~~~~~~~~~~~~~~~~~~~~~~~~~~~~~~~~~~~~~~~~~~~~~~~~~~~~~~~~~~~~~~~~~~~~~~~~~~~~~~~~~~~~~~~~~~~~~~~~~~~~~~~~~~~~~~~~~~~~~~~~~~~~~~~~~~~~~~~~~~~~~~~~~~~~~~~~~~~~~~~~~~~~~~~~~~~~~~~~~~~~~~~~~~~~~~~~~~~~~~~~~~~~~~~~~~~~~~~~~~~~~~~~~~~~~~~~~~~~~~~~~~~~~~~~~~~~~~~~~~~~~~~~~~~~~~~~~~~~~~~~~~~~~~~~~~~~~~~~~~~~~~~~~~~~~~~~~~~~~~~~~~~~~~~~~~~~~~~~~~~~~~~~~~~~~~~~~~~~~~~~~~~~~~~~~~~~~~~~~~~~~~~~~~~~~~~~~~~~~~~~~~~~~~~~~~~~~~~~~~~~~~~~~~~~~~~~~~~~~~~~~~~~~~~~~~~~~~~~~~~~~~~~~~~~~~~~~~~~~~~~~~~~~~~~~~~~~~~~~~~~~~~~~~~~~~~~~~~~~~~~~~~~~~~~~~~~~~~~~~~~~~~~~~~~~~~~~~~~~~~~~~~~~~~~~~~~~~~~~~~~~~~~~~~~~~~~~~~~~~~~~~~~~~~~~~~~~~~~~~~~~~~~~~~~~~~~~~~~~~~~~~~~~~~~~~~~~~~~~~~~~~~~~~~~~~~~~~~~~~~~~~~~~~~~~~~~~~~~~~~~~~~~~~~~~~~~~~~~~~~~~~~~~~~~~~~~~~~~~~~~~~~~~~~~~~~~~~~~~~~~~~~~~~~~~~~~~~~~~~~~~~~~~~~~~~~~~~~~~~~~~~~~~~~~~~~~~~~~~~~~~~~~~~~~~~~~~~~~~~~~~~~~~~~~~~~~~~~~~~~~~~~~~~~~~~~~~~~~~~~~~~~~~~~~~~~~~~~~~~~~~~~~~~~~~~~~~~~~~~~~~~~~~~~~~~~~~~~~~~~~~~~~~~~~~~~~~~~~~~~~~~~~~~~~~~~~~~~~~~~~~~~~~~~~~~~~~~~~~~~~~~~~~~~~~~~~~~~~~~~~~~~~~~~~~~~~~~~~~~~~~d~~~~~~~~~~~~~~~~~~~~~~~~~~~~~~~~~~~~~~~~~~~~~~~~~~~~~~~~~~~~~~~~~~~~~~~~~~~~~~~~~~~~~~~~~~~~~~~~~~~~~~~~~~~~~~~~~~~~~~~~~~~~~~~~~~~~~~~~~~~~~~~~~~~~~~~~~~~~~~~~~~~~~~~~~~~~~~~~~~~~~~~~~~~~~~~~~~~~~~~~~~~~~~~~~~~~~~~~~~~~~~~~~~~~~~~~~~~~~~~~~~~~~~~~~~~~~~~~~~~~~~~~~~~~~~~~~~~~~~~~~~~~~~~~~~~~~~~~~~~~~~~~~~~~~~~~~~~~~~~~~~~~~~~~~~~~~~~~~~~~~~~~~~~~~~~~~~~~~~~~~~~~~~~~~~~~~~~~~~~~~~~~~~~~~~~~~~~~~~~~~~~~~~~~~~~~~~~~~~~~~~~~~~~~~~~~~~~~~~~~~~~~~~~~~~~~~~~~~~~~~~~~~~~~~~~~~~~~~~~~~~~~~~~~~~~~~~~~~~~~~~~~~~~~~~~~~~~~~~~~~~~~~~~~~~~~~~~~~~~~~~~~~~~~~~~~~~~~~~~~~~~~~~~~~~~~~~~~~~~~~~~~~~~~~~~~~~~~~~~~~~~~~~~~~~~~~~~~~~~~~~~~~~~~~~~~~~~~~~~~~~~~~~~~~~~~~~~~~~~~~~~~~~~~~~~~~~~~~~~~~~~~~~~~~~~~~~~~~~~~~~~~~~~~~~~~~~~~~~~~~~~~~~~~~~~~~~~~~~~~~~~~~~~~~~~~~~~~~~~~~~~~~~~~~~~~~~~~~~~~~~~~~~~~~~~~~~~~~~~d~~~~~~~~~~~~~~~~~~~~~~~~~~~~~~~~~~~~~~~~~~~~~~~~~~~~~~~~~~~~~~~~~~~~~~~~~~~~~~~~~~~~~~~~~~~~~~~~~~~~~~~~~~~~~~~~~~~~~~~~~~~~~~~~~~~~~~~~~~~~~~~~~~~~~~~~~~~~~~~~~~~~~~~~~~~~~~~~~~~~~~~~~~~~~~~~~~~~~~~~~~~~~~~~~~~~~~~~~~~~~~~~~~~~~~~~~~~~~~~~~~~~~~~~~~~~~~~~~~~~~~~~~~~~~~~~~~~~~~~~~~~~~~~~~~~~~~~~~~~~~~~~~~~~~~~~~~~~~~~~~~~~~~~~~~~~~~~~~~~~~~~~~~~~~~~~~~~~~~~~~~~~~~~~~~~~~~~~~~~~~~~~~~~~~~~~~~~~~~~~~~~~~~~~~~~~~~~~~~~~~~~~~~~~~~~~~~~~~~~~~~~~~~~~~~~~~~~~~~~~~~~~~~~~~~~~~~~~~~~~~~~~~~~~~~~~~~~~~~~~~~~~~~~~~~~~~~~~~~~~~~~~~~~~~~~~~~~~~~~~~~~~~~~~~~~~~~~~~~~~~~~~~~~~~~~~~~~~~~~~~~~~~~~~~~~~~~~~~~~~~~~~~~~~~~~~~~~~~~~~~~~~~~~~~~~~~~~~~~~~~~~~~~~~~~~~~~~~~~~~~~~~~~~~~~~~~~~~~~~~~~~~~~~~~~~~~~~~~~~~~~~~~~~~~~~~~~~~~~~~~~~~~~~~~~~~~~~~~~~~~~~~~~~~~~~~~~~~~~~~~~~~~~~~~~~~~~~~~~~~~~~~~~~~~~~~~~~~~~~~~~~~~~~~~~~~~~~~~~~~~~~~~~~~~~~~~~~~~~~~~~~~~~~~~~~~~~~~~~~~~~~~~~~~~~~~~~~~~~~~~~~~~~~~~~~~~~~~~~~~~~~~~~~~~~~~~~~~~~~~~~~~~~~~d~~~~~~~~~~~~~~~~~~~~~~~~~~~~~~~~~~~~~~~~~~~~~~~~~~~~~~~~~~~~~~~~~~~~~~~~~~~~~~~~~~~~~~~~~~~~~~~~~~~~~.{EPS=1228.5,ETD=882.042}~~~~~~~~~~~~~~~~~~~~~~~~~~~~~~~~~~~~~~~~~~~~~~~~~~~~~~~~~~~~~~~~~~~~~~~~~~~~~~~~~~~~~~~~~~~~~~~~~~~~~~~~~~~~~~~~~~~~~~~~~~~~~~~~~~~~~~~~~~~~~~~~~~~~~~~~~~~~~~~~~~~~~~~~~~~~~~~~~~~~~~~~~~~~~~~~~~~~~~~~d~~~~~~
;;;; Problem Unsolvable
; Nodes Generated: 30954
; Nodes Expanded:  11114
; Nodes Evaluated: 30955
; Nodes Tunneled:  200
; Nodes memoised with open actions: 18219
; Nodes memoised without open actions: 36139
; Nodes pruned by memoisation: 23404
; Time 6.36
