Parsing and Instantiating...
Warning: rounding numeric constants such as 7.57465 to an accuracy of 0.001
Done
One way facts...
Mutex groups...
Semaphore Facts...
Envelope Facts...
One-shot actions...
(bs-dispense c-bs input wp1 base_black) is 1 shot
(bs-dispense c-bs output wp1 base_black) is 1 shot
(bs-dispense c-bs input wp1 base_red) is 1 shot
(bs-dispense c-bs output wp1 base_red) is 1 shot
(bs-dispense c-bs input wp1 base_silver) is 1 shot
(bs-dispense c-bs output wp1 base_silver) is 1 shot
(bs-dispense c-bs input wp1 base_black) is 1 shot
(bs-dispense c-bs output wp1 base_black) is 1 shot
(bs-dispense c-bs input wp1 base_red) is 1 shot
(bs-dispense c-bs output wp1 base_red) is 1 shot
(bs-dispense c-bs input wp1 base_silver) is 1 shot
(bs-dispense c-bs output wp1 base_silver) is 1 shot
(prepare-ds r-1 c-ds gate-1) is 1 shot
(prepare-ds r-2 c-ds gate-1) is 1 shot
(prepare-ds r-3 c-ds gate-1) is 1 shot
(prepare-ds r-1 c-ds gate-2) is 1 shot
(prepare-ds r-2 c-ds gate-2) is 1 shot
(prepare-ds r-3 c-ds gate-2) is 1 shot
(prepare-ds r-1 c-ds gate-3) is 1 shot
(prepare-ds r-2 c-ds gate-3) is 1 shot
(prepare-ds r-3 c-ds gate-3) is 1 shot
(wp-get-shelf r-1 cg1 c-cs1 left) is 1 shot
(wp-get-shelf r-2 cg1 c-cs1 left) is 1 shot
(wp-get-shelf r-3 cg1 c-cs1 left) is 1 shot
(wp-get-shelf r-1 cg2 c-cs1 middle) is 1 shot
(wp-get-shelf r-2 cg2 c-cs1 middle) is 1 shot
(wp-get-shelf r-3 cg2 c-cs1 middle) is 1 shot
(wp-get-shelf r-1 cg3 c-cs1 right) is 1 shot
(wp-get-shelf r-2 cg3 c-cs1 right) is 1 shot
(wp-get-shelf r-3 cg3 c-cs1 right) is 1 shot
(wp-get-shelf r-1 cb1 c-cs2 left) is 1 shot
(wp-get-shelf r-2 cb1 c-cs2 left) is 1 shot
(wp-get-shelf r-3 cb1 c-cs2 left) is 1 shot
(wp-get-shelf r-1 cb2 c-cs2 middle) is 1 shot
(wp-get-shelf r-2 cb2 c-cs2 middle) is 1 shot
(wp-get-shelf r-3 cb2 c-cs2 middle) is 1 shot
(wp-get-shelf r-1 cb3 c-cs2 right) is 1 shot
(wp-get-shelf r-2 cb3 c-cs2 right) is 1 shot
(wp-get-shelf r-3 cb3 c-cs2 right) is 1 shot
Integral variables...
Variable bounds...
Static numeric conditions...
Duration bounds...
TIL time window analysis...
Bounding action timestamps due to time windows...
(order-delivery-window-open o1) forms a window with range [0.000,150.000]
Bounds on (fulfill-order-c0-within-tw o1 wp1 c-ds gate-1 base_black cap_black) (duration [0.010,0.010]):
	0: [0.000,149.990]
	1: [0.000,149.990]
	2: [0.010,150.000]
(can-commit-for-ontime-delivery o1) forms a window with range [0.000,15.000]
Bounds on (commit-to-ontime-delivery o1) (duration [0.010,0.010]):
	0: [0.000,14.999]
	1: [0.000,14.999]
	2: [0.010,15.009]
Bounds on (do-not-commit-to-ontime-delivery o1) (duration [0.010,0.010]):
	0: [0.000,14.999]
	1: [0.000,14.999]
	2: [0.010,15.009]
Dominance constraints (excluding processes and events)...
Damaging events...
Dominance constraints (including processes and events)...
Variable monotonicity...
Max/min needed values for any single precondition...
Irrelevant action pruning by backward reachability from goal...
Uninterestingness criteria...
Compression-safe actions...
Compression-safe invariants...
64% of durative actions in this problem are compression safe
Goal Goal [1]
    (order-fulfilled o1)

Finishing preprocessing.  Making a TRPG heuristic...
Making an open list...
Running WA* search (g weight = 1, h weight = 5)
{(order-delivery-window-open o1),(can-commit-for-ontime-delivery o1),(location-free start input),(location-free c-bs input),(location-free c-bs output),(location-free c-cs1 input),(location-free c-cs1 output),(location-free c-cs2 input),(location-free c-cs2 output),(location-free c-ds input),(location-free c-ds output),(cs-can-perform c-cs1 cs_retrieve),(cs-can-perform c-cs2 cs_retrieve),(wp-base-color wp1 base_none),(wp-cap-color wp1 cap_none),(wp-ring1-color wp1 ring_none),(wp-ring2-color wp1 ring_none),(wp-ring3-color wp1 ring_none),(wp-unused wp1),(robot-waiting r-1),(robot-waiting r-2),(robot-waiting r-3),(mps-state c-bs idle),(mps-state c-cs1 idle),(mps-state c-cs2 idle),(mps-state c-ds idle),(wp-cap-color cg1 cap_grey),(wp-cap-color cg2 cap_grey),(wp-cap-color cg3 cap_grey),(wp-on-shelf cg1 c-cs1 left),(wp-on-shelf cg2 c-cs1 middle),(wp-on-shelf cg3 c-cs1 right),(wp-cap-color cb1 cap_black),(wp-cap-color cb2 cap_black),(wp-cap-color cb3 cap_black),(wp-on-shelf cb1 c-cs2 left),(wp-on-shelf cb2 c-cs2 middle),(wp-on-shelf cb3 c-cs2 right)}
[]
Initial heuristic = 23
Initial stats: t=0.02s, 8092kb
b (22 @ n=3, t=0.02s, 8092kb)b (21 @ n=32, t=0.03s, 8092kb)Warning: self overlapping Action 434:1 at 1
b (20 @ n=121, t=0.04s, 8280kb)xd.{EPS=961.538,ETD=20.102}xxxxb (19 @ n=437, t=0.1s, 8780kb)b (18 @ n=443, t=0.1s, 8780kb).{EPS=1020.41,ETD=40.3636}b (17 @ n=553, t=0.12s, 9044kb)db (16 @ n=649, t=0.15s, 9540kb)dd.{EPS=627.615,ETD=27.7181}ddb (15 @ n=1317, t=0.35s, 14284kb)b (14 @ n=1323, t=0.35s, 14364kb)b (13 @ n=1327, t=0.35s, 14496kb)db (11 @ n=1369, t=0.36s, 14860kb).{EPS=571.429,ETD=20.9799}b (10 @ n=1422, t=0.39s, 15516kb)b (9 @ n=1435, t=0.39s, 15620kb)b (8 @ n=1436, t=0.39s, 15620kb)b (7 @ n=1437, t=0.39s, 15620kb)b (6 @ n=1438, t=0.39s, 15752kb)b (5 @ n=1439, t=0.39s, 15752kb)d.{EPS=634.518,ETD=17.3936}x.{EPS=692.841,ETD=16.0067}dxxx.{EPS=735.294,ETD=14.3668}xxxdxxxx.{EPS=718.133,ETD=12.5664}xxxdxxxx.{EPS=648.415,ETD=11.167}xxxdxxxx.{EPS=547.645,ETD=10.0481}xxxdxxxx.{EPS=419.815,ETD=8.058}xxxdxxxx.{EPS=309.598,ETD=2.036}xxxdxxxx.{EPS=238.663,ETD=1.768}xxxdxxxx.{EPS=178.444,ETD=1.678}xxxdxxxx.{EPS=131.062,ETD=1.366}xxxdxxxx.{EPS=97.8857,ETD=0.456}xxxdxxxx.{EPS=75.2559,ETD=1.996}xxdxxxxx.{EPS=58.6579,ETD=1.996}xxdxxxxx.{EPS=46.8823,ETD=2.228}xxdxxxxx.{EPS=38.4468,ETD=3.568}xxdxxxxx.{EPS=37.9248,ETD=3.602}d.{EPS=38.7837,ETD=7.534}db (3 @ n=3570, t=14.68s, 201796kb)db (2 @ n=3618, t=14.69s, 201796kb)Time diagnostics:
After step 0 search time left estimate was 0.010
After step 1 search time left estimate was 0.020
After step 2 search time left estimate was 0.030
After step 3 search time left estimate was 0.707
After step 4 search time left estimate was 3.773
After step 5 search time left estimate was 3.177
After step 6 search time left estimate was 3.972
After step 7 search time left estimate was 3.773
After step 8 search time left estimate was 3.773
After step 9 search time left estimate was 3.773
After step 10 search time left estimate was 3.574
After step 11 search time left estimate was 3.376
After step 12 search time left estimate was 3.773
After step 13 search time left estimate was 3.773
After step 14 search time left estimate was 3.773
After step 15 search time left estimate was 5.163
After step 16 search time left estimate was 5.163
After step 17 search time left estimate was 4.965
After step 18 search time left estimate was 4.567
After step 19 search time left estimate was 4.567
After step 20 search time left estimate was 4.369
After step 21 search time left estimate was 3.773
After step 22 search time left estimate was 3.574
After step 23 search time left estimate was 3.376
After step 24 search time left estimate was 4.170
After step 25 search time left estimate was 3.574
After step 26 search time left estimate was 3.574
After step 27 search time left estimate was 3.376
After step 28 search time left estimate was 3.376
After step 29 search time left estimate was 3.376
After step 30 search time left estimate was 4.369
After step 31 search time left estimate was 3.177
After step 32 search time left estimate was 2.979
After step 33 search time left estimate was 3.177
After step 34 search time left estimate was 2.780
After step 35 search time left estimate was 2.780
After step 36 search time left estimate was 3.574
After step 37 search time left estimate was 3.376
After step 38 search time left estimate was 2.780
After step 39 search time left estimate was 2.780
After step 40 search time left estimate was 3.376
After step 41 search time left estimate was 3.177
After step 42 search time left estimate was 2.184
After step 43 search time left estimate was 1.986
After step 44 search time left estimate was 1.787
After step 45 search time left estimate was 1.588
After step 46 search time left estimate was 1.588
After step 47 search time left estimate was 1.921
After step 48 search time left estimate was 1.494
After step 49 search time left estimate was 1.281
After step 50 search time left estimate was 1.494
After step 51 search time left estimate was 1.494
After step 52 search time left estimate was 1.281
After step 53 search time left estimate was 1.494
After step 54 search time left estimate was 1.494
After step 55 search time left estimate was 1.281
After step 56 search time left estimate was 1.067
After step 57 search time left estimate was 1.067
After step 58 search time left estimate was 1.067
After step 59 search time left estimate was 1.067
After step 60 search time left estimate was 1.067
After step 61 search time left estimate was 0.640
After step 62 search time left estimate was 0.640
After step 63 search time left estimate was 0.640
After step 64 search time left estimate was 0.427
After step 65 search time left estimate was 0.427

;;;; Solution Found
; Time 14.70
; Peak memory 201796kb
; Nodes Generated: 3632
; Nodes Expanded:  1144
; Nodes Evaluated: 3633
; Nodes Tunneled:  53
; Nodes memoised with open actions: 7748
; Nodes memoised without open actions: 2365
; Nodes pruned by memoisation: 6480
14.698: (enter-field r-1 cyan) [10.000] ; (240)
14.698: (prepare-bs c-bs output base_black) [0.001] ; (1)
14.698: (do-not-commit-to-ontime-delivery o1) [0.010] ; (435)
14.699: (bs-dispense c-bs output wp1 base_black) [0.001] ; (28)
24.699: (move-wp-put-at-input r-1 start input c-cs2) [4.722] ; (156)
24.700: (enter-field r-2 cyan) [10.000] ; (241)
29.422: (wp-get-shelf r-1 cb1 c-cs2 left) [20.000] ; (264)
29.423: (move-wp-put-at-input r-1 c-cs2 input c-cs1) [9.219] ; (132)
49.423: (wp-discard r-1 cb1) [0.001] ; (243)
49.424: (wp-get-shelf r-1 cg1 c-cs1 left) [20.000] ; (261)
49.425: (move-wp-put-at-input r-1 c-cs1 input c-ds) [7.865] ; (168)
49.426: (move-wp-put-at-input r-2 start input c-cs1) [11.167] ; (139)
49.427: (enter-field r-3 cyan) [10.000] ; (242)
57.291: (move-wp-put-at-input r-1 c-ds input c-cs2) [1.894] ; (153)
60.594: (wp-get-shelf r-2 cg2 c-cs1 middle) [20.000] ; (268)
60.594: (prepare-cs r-2 c-cs1 cs_retrieve) [0.001] ; (22)
69.425: (wp-discard r-1 cg1) [0.001] ; (252)
69.426: (wp-get-shelf r-1 cb3 c-cs2 right) [20.000] ; (276)
69.427: (move-wp-put-at-input r-1 c-cs2 input c-ds) [1.894] ; (171)
69.428: (move-wp-put-at-input r-3 start input c-cs2) [4.722] ; (158)
74.151: (wp-get-shelf r-3 cb2 c-cs2 middle) [20.000] ; (272)
74.151: (prepare-cs r-3 c-cs2 cs_retrieve) [0.001] ; (26)
80.595: (wp-discard r-2 cg2) [0.001] ; (256)
80.596: (wp-get-shelf r-2 cg3 c-cs1 right) [20.000] ; (274)
89.427: (wp-discard r-1 cb3) [0.001] ; (249)
94.152: (wp-put r-3 cb2 c-cs2) [10.000] ; (395)
100.597: (wp-discard r-2 cg3) [0.001] ; (259)
104.153: (cs-retrieve-cap c-cs2 cb2 cap_black) [0.010] ; (78)
104.153: (move-wp-get r-3 c-cs2 input c-bs output) [6.350] ; (209)
104.164: (move-wp-get r-2 c-cs1 input c-cs2 output) [11.353] ; (232)
110.504: (wp-get r-3 wp1 c-bs output) [10.000] ; (326)
120.505: (move-wp-put-at-input r-2 c-cs2 output c-bs) [4.674] ; (127)
120.506: (move-wp-get r-1 c-ds input c-cs2 output) [3.926] ; (234)
124.433: (wp-get r-1 cb2 c-cs2 output) [10.000] ; (351)
125.180: (move-wp-put-at-input r-2 c-bs input c-ds) [8.264] ; (166)
125.181: (move-wp-put-at-input r-1 c-cs2 output c-bs) [4.674] ; (126)
134.434: (move-wp-put-at-input r-3 c-bs output c-cs2) [6.350] ; (161)
134.434: (wp-discard r-1 cb2) [0.001] ; (246)
140.785: (prepare-cs r-3 c-cs2 cs_mount) [0.001] ; (20)
140.786: (wp-put r-3 wp1 c-cs2) [10.000] ; (410)
150.787: (cs-mount-cap c-cs2 wp1 cap_black) [0.010] ; (46)
150.798: (move-wp-get r-1 c-bs input c-cs2 output) [4.674] ; (228)
150.799: (move-wp-put-at-input r-2 c-ds input c-bs) [8.264] ; (118)
155.473: (move-wp-put-at-input r-1 c-cs2 output c-ds) [3.926] ; (183)
159.064: (move-wp-get r-2 c-bs input c-cs2 output) [4.674] ; (229)
159.065: (move-wp-put-at-input r-3 c-cs2 input c-bs) [7.575] ; (116)
163.739: (wp-get r-2 wp1 c-cs2 output) [10.000] ; (367)
173.740: (move-wp-put-at-input r-1 c-ds input c-cs2) [1.894] ; (153)
173.741: (move-wp-put-at-input r-3 c-bs input c-ds) [8.264] ; (167)
175.635: (move-wp-put-at-input r-1 c-cs2 input c-bs) [7.575] ; (114)
175.636: (prepare-bs c-bs input base_silver) [0.001] ; (4)
182.006: (move-wp-put-at-input r-3 c-ds input c-cs2) [1.894] ; (155)
182.007: (move-wp-put-at-input r-2 c-cs2 output c-ds) [3.926] ; (184)
183.901: (prepare-cs r-3 c-cs2 cs_retrieve) [0.001] ; (26)
185.934: (prepare-ds r-2 c-ds gate-1) [0.001] ; (7)
185.935: (wp-put r-2 wp1 c-ds) [10.000] ; (430)
195.936: (fulfill-order-c0-ignore-tw o1 wp1 c-ds gate-1 base_black cap_black) [1000.000] ; (433)
