Parsing and Instantiating...
Warning: rounding numeric constants such as 12.5626 to an accuracy of 0.001
Done
One way facts...
Mutex groups...
Semaphore Facts...
Envelope Facts...
One-shot actions...
(bs-dispense c-bs input wp1 base_black) is 1 shot
(bs-dispense c-bs output wp1 base_black) is 1 shot
(bs-dispense c-bs input wp1 base_red) is 1 shot
(bs-dispense c-bs output wp1 base_red) is 1 shot
(bs-dispense c-bs input wp1 base_silver) is 1 shot
(bs-dispense c-bs output wp1 base_silver) is 1 shot
(bs-dispense c-bs input wp1 base_black) is 1 shot
(bs-dispense c-bs output wp1 base_black) is 1 shot
(bs-dispense c-bs input wp1 base_red) is 1 shot
(bs-dispense c-bs output wp1 base_red) is 1 shot
(bs-dispense c-bs input wp1 base_silver) is 1 shot
(bs-dispense c-bs output wp1 base_silver) is 1 shot
(prepare-ds r-1 c-ds gate-1) is 1 shot
(prepare-ds r-1 c-ds gate-2) is 1 shot
(prepare-ds r-1 c-ds gate-3) is 1 shot
(wp-get-shelf r-1 cg1 c-cs1 left) is 1 shot
(wp-get-shelf r-1 cg2 c-cs1 middle) is 1 shot
(wp-get-shelf r-1 cg3 c-cs1 right) is 1 shot
(wp-get-shelf r-1 cb1 c-cs2 left) is 1 shot
(wp-get-shelf r-1 cb2 c-cs2 middle) is 1 shot
(wp-get-shelf r-1 cb3 c-cs2 right) is 1 shot
Integral variables...
Variable bounds...
Static numeric conditions...
Duration bounds...
TIL time window analysis...
Bounding action timestamps due to time windows...
(order-delivery-window-open o1) forms a window with range [0.000,122.913]
Bounds on (fulfill-order-c0-within-tw o1 wp1 c-ds gate-1 base_red cap_black) (duration [0.010,0.010]):
	0: [0.000,122.903]
	1: [0.000,122.903]
	2: [0.010,122.913]
(can-commit-for-ontime-delivery o1) forms a window with range [0.000,5.200]
Bounds on (commit-to-ontime-delivery o1) (duration [0.010,0.010]):
	0: [0.000,5.199]
	1: [0.000,5.199]
	2: [0.010,5.209]
Bounds on (do-not-commit-to-ontime-delivery o1) (duration [0.010,0.010]):
	0: [0.000,5.199]
	1: [0.000,5.199]
	2: [0.010,5.209]
Dominance constraints (excluding processes and events)...
Damaging events...
Dominance constraints (including processes and events)...
Variable monotonicity...
Max/min needed values for any single precondition...
Irrelevant action pruning by backward reachability from goal...
Uninterestingness criteria...
Compression-safe actions...
Compression-safe invariants...
59% of durative actions in this problem are compression safe
Goal Goal [1]
    (order-fulfilled o1)

Finishing preprocessing.  Making a TRPG heuristic...
Making an open list...
Running WA* search (g weight = 1, h weight = 5)
{(order-delivery-window-open o1),(can-commit-for-ontime-delivery o1),(location-free start input),(location-free c-bs input),(location-free c-bs output),(location-free c-cs1 input),(location-free c-cs1 output),(location-free c-cs2 input),(location-free c-cs2 output),(location-free c-ds input),(location-free c-ds output),(cs-can-perform c-cs1 cs_retrieve),(cs-can-perform c-cs2 cs_retrieve),(wp-base-color wp1 base_none),(wp-cap-color wp1 cap_none),(wp-ring1-color wp1 ring_none),(wp-ring2-color wp1 ring_none),(wp-ring3-color wp1 ring_none),(wp-unused wp1),(robot-waiting r-1),(mps-state c-bs idle),(mps-state c-cs1 idle),(mps-state c-cs2 idle),(mps-state c-ds idle),(wp-cap-color cg1 cap_grey),(wp-cap-color cg2 cap_grey),(wp-cap-color cg3 cap_grey),(wp-on-shelf cg1 c-cs1 left),(wp-on-shelf cg2 c-cs1 middle),(wp-on-shelf cg3 c-cs1 right),(wp-cap-color cb1 cap_black),(wp-cap-color cb2 cap_black),(wp-cap-color cb3 cap_black),(wp-on-shelf cb1 c-cs2 left),(wp-on-shelf cb2 c-cs2 middle),(wp-on-shelf cb3 c-cs2 right)}
[]
Initial heuristic = 27
Initial stats: t=0.01s, 7180kb
b (25 @ n=3, t=0.01s, 7180kb)b (22 @ n=5, t=0.01s, 7180kb)b (21 @ n=31, t=0.02s, 7180kb)Warning: self overlapping Action 206:1 at 1
b (20 @ n=97, t=0.03s, 7408kb)xx.{EPS=1785.71,ETD=19.9592}db (19 @ n=281, t=0.05s, 7648kb)b (18 @ n=291, t=0.05s, 7648kb)x.{EPS=1785.71,ETD=38.5051}b (17 @ n=477, t=0.07s, 8040kb)db (15 @ n=570, t=0.08s, 8340kb)db (14 @ n=710, t=0.1s, 8828kb)b (12 @ n=741, t=0.11s, 9032kb).{EPS=1515.15,ETD=26.9866}b (11 @ n=778, t=0.11s, 9272kb)dd.{EPS=1538.46,ETD=21.8744}ddd.{EPS=1612.9,ETD=22.7952}db (10 @ n=1172, t=0.18s, 11772kb)b (9 @ n=1204, t=0.19s, 12000kb)b (8 @ n=1209, t=0.19s, 12104kb)b (7 @ n=1217, t=0.19s, 12104kb)d.{EPS=1587.3,ETD=21.7291}db (6 @ n=1373, t=0.22s, 13524kb)b (5 @ n=1377, t=0.22s, 13524kb)b (4 @ n=1388, t=0.22s, 13660kb)b (3 @ n=1392, t=0.22s, 13660kb)b (2 @ n=1400, t=0.22s, 13792kb)b (1 @ n=1405, t=0.22s, 13792kb)Time diagnostics:
After step 0 search time left estimate was 0.010
After step 1 search time left estimate was 0.020
After step 2 search time left estimate was 0.030
After step 3 search time left estimate was 0.388
After step 4 search time left estimate was 0.362
After step 5 search time left estimate was 0.350
After step 6 search time left estimate was 0.289
After step 7 search time left estimate was 0.303
After step 8 search time left estimate was 0.278
After step 9 search time left estimate was 0.243
After step 10 search time left estimate was 0.240
After step 11 search time left estimate was 0.228
After step 12 search time left estimate was 0.229
After step 13 search time left estimate was 0.228
After step 14 search time left estimate was 0.213
After step 15 search time left estimate was 0.196
After step 16 search time left estimate was 0.154
After step 17 search time left estimate was 0.152
After step 18 search time left estimate was 0.138
After step 19 search time left estimate was 0.123
After step 20 search time left estimate was 0.109
After step 21 search time left estimate was 0.095
After step 22 search time left estimate was 0.095
After step 23 search time left estimate was 0.108
After step 24 search time left estimate was 0.103
After step 25 search time left estimate was 0.090
After step 26 search time left estimate was 0.077
After step 27 search time left estimate was 0.077
After step 28 search time left estimate was 0.063
After step 29 search time left estimate was 0.051
After step 30 search time left estimate was 0.038
After step 31 search time left estimate was 0.025
After step 32 search time left estimate was 0.012
After step 33 search time left estimate was 0.012

;;;; Solution Found
; Time 0.24
; Peak memory 13792kb
; Nodes Generated: 1409
; Nodes Expanded:  333
; Nodes Evaluated: 1408
; Nodes Tunneled:  0
; Nodes memoised with open actions: 709
; Nodes memoised without open actions: 1477
; Nodes pruned by memoisation: 777
0.231: (prepare-bs c-bs output base_red) [0.001] ; (3)
0.231: (enter-field r-1 cyan) [10.000] ; (140)
0.231: (commit-to-ontime-delivery o1) [0.010] ; (206)
0.232: (bs-dispense c-bs output wp1 base_red) [0.001] ; (16)
10.232: (move-wp-put-at-input r-1 start input c-cs2) [3.333] ; (112)
13.566: (prepare-cs r-1 c-cs2 cs_retrieve) [0.001] ; (12)
13.566: (wp-get-shelf r-1 cb1 c-cs2 left) [20.000] ; (148)
33.567: (wp-put r-1 cb1 c-cs2) [10.000] ; (190)
33.568: (move-wp-put-at-input r-1 c-cs2 input c-ds) [5.441] ; (117)
43.568: (cs-retrieve-cap c-cs2 cb1 cap_black) [0.010] ; (62)
43.579: (move-wp-get r-1 c-ds input c-cs2 output) [6.908] ; (138)
50.488: (wp-get r-1 cb1 c-cs2 output) [10.000] ; (176)
50.489: (move-wp-put-at-input r-1 c-cs2 output c-ds) [6.908] ; (121)
60.489: (wp-discard r-1 cb1) [0.001] ; (141)
60.490: (move-wp-get r-1 c-ds input c-bs output) [5.548] ; (130)
66.039: (wp-get r-1 wp1 c-bs output) [10.000] ; (168)
66.040: (move-wp-put-at-input r-1 c-bs output c-cs2) [4.256] ; (113)
70.297: (prepare-cs r-1 c-cs2 cs_mount) [0.001] ; (10)
76.040: (prepare-bs c-bs input base_black) [0.001] ; (0)
76.040: (wp-put r-1 wp1 c-cs2) [10.000] ; (196)
76.041: (move-wp-put-at-input r-1 c-cs2 input c-ds) [5.441] ; (117)
86.041: (cs-mount-cap c-cs2 wp1 cap_black) [0.010] ; (32)
86.052: (move-wp-get r-1 c-ds input c-cs2 output) [6.908] ; (138)
92.961: (wp-get r-1 wp1 c-cs2 output) [10.000] ; (182)
92.962: (move-wp-put-at-input r-1 c-cs2 output c-ds) [6.908] ; (121)
99.871: (prepare-ds r-1 c-ds gate-1) [0.001] ; (6)
102.962: (wp-put r-1 wp1 c-ds) [10.000] ; (203)
112.963: (fulfill-order-c0-within-tw o1 wp1 c-ds gate-1 base_red cap_black) [0.010] ; (204)
