Parsing and Instantiating...
Warning: rounding numeric constants such as 2.3754 to an accuracy of 0.001
Done
One way facts...
Mutex groups...
Semaphore Facts...
Envelope Facts...
One-shot actions...
(bs-dispense c-bs input wp1 base_black) is 1 shot
(bs-dispense c-bs output wp1 base_black) is 1 shot
(bs-dispense c-bs input wp1 base_red) is 1 shot
(bs-dispense c-bs output wp1 base_red) is 1 shot
(bs-dispense c-bs input wp1 base_silver) is 1 shot
(bs-dispense c-bs output wp1 base_silver) is 1 shot
(bs-dispense c-bs input wp1 base_black) is 1 shot
(bs-dispense c-bs output wp1 base_black) is 1 shot
(bs-dispense c-bs input wp1 base_red) is 1 shot
(bs-dispense c-bs output wp1 base_red) is 1 shot
(bs-dispense c-bs input wp1 base_silver) is 1 shot
(bs-dispense c-bs output wp1 base_silver) is 1 shot
(prepare-ds r-1 c-ds gate-1) is 1 shot
(prepare-ds r-1 c-ds gate-2) is 1 shot
(prepare-ds r-1 c-ds gate-3) is 1 shot
(wp-get-shelf r-1 cg1 c-cs1 left) is 1 shot
(wp-get-shelf r-1 cg2 c-cs1 middle) is 1 shot
(wp-get-shelf r-1 cg3 c-cs1 right) is 1 shot
(wp-get-shelf r-1 cb1 c-cs2 left) is 1 shot
(wp-get-shelf r-1 cb2 c-cs2 middle) is 1 shot
(wp-get-shelf r-1 cb3 c-cs2 right) is 1 shot
Integral variables...
Variable bounds...
Static numeric conditions...
Duration bounds...
TIL time window analysis...
Bounding action timestamps due to time windows...
(order-delivery-window-open o1) forms a window with range [0.000,141.106]
Bounds on (fulfill-order-c0-within-tw o1 wp1 c-ds gate-1 base_silver cap_black) (duration [0.010,0.010]):
	0: [0.000,141.096]
	1: [0.000,141.096]
	2: [0.010,141.106]
(can-commit-for-ontime-delivery o1) forms a window with range [0.000,6.130]
Bounds on (commit-to-ontime-delivery o1) (duration [0.010,0.010]):
	0: [0.000,6.129]
	1: [0.000,6.129]
	2: [0.010,6.139]
Bounds on (do-not-commit-to-ontime-delivery o1) (duration [0.010,0.010]):
	0: [0.000,6.129]
	1: [0.000,6.129]
	2: [0.010,6.139]
Dominance constraints (excluding processes and events)...
Damaging events...
Dominance constraints (including processes and events)...
Variable monotonicity...
Max/min needed values for any single precondition...
Irrelevant action pruning by backward reachability from goal...
Uninterestingness criteria...
Compression-safe actions...
Compression-safe invariants...
59% of durative actions in this problem are compression safe
Goal Goal [1]
    (order-fulfilled o1)

Finishing preprocessing.  Making a TRPG heuristic...
Making an open list...
Running WA* search (g weight = 1, h weight = 5)
{(order-delivery-window-open o1),(can-commit-for-ontime-delivery o1),(location-free start input),(location-free c-bs input),(location-free c-bs output),(location-free c-cs1 input),(location-free c-cs1 output),(location-free c-cs2 input),(location-free c-cs2 output),(location-free c-ds input),(location-free c-ds output),(cs-can-perform c-cs1 cs_retrieve),(cs-can-perform c-cs2 cs_retrieve),(wp-base-color wp1 base_none),(wp-cap-color wp1 cap_none),(wp-ring1-color wp1 ring_none),(wp-ring2-color wp1 ring_none),(wp-ring3-color wp1 ring_none),(wp-unused wp1),(robot-waiting r-1),(mps-state c-bs idle),(mps-state c-cs1 idle),(mps-state c-cs2 idle),(mps-state c-ds idle),(wp-cap-color cg1 cap_grey),(wp-cap-color cg2 cap_grey),(wp-cap-color cg3 cap_grey),(wp-on-shelf cg1 c-cs1 left),(wp-on-shelf cg2 c-cs1 middle),(wp-on-shelf cg3 c-cs1 right),(wp-cap-color cb1 cap_black),(wp-cap-color cb2 cap_black),(wp-cap-color cb3 cap_black),(wp-on-shelf cb1 c-cs2 left),(wp-on-shelf cb2 c-cs2 middle),(wp-on-shelf cb3 c-cs2 right)}
[]
Initial heuristic = 25
Initial stats: t=0.01s, 7180kb
b (22 @ n=7, t=0.01s, 7180kb)b (21 @ n=13, t=0.02s, 7180kb)b (20 @ n=19, t=0.02s, 7180kb)b (19 @ n=24, t=0.02s, 7180kb)b (17 @ n=30, t=0.02s, 7180kb)Warning: self overlapping Action 206:1 at 7
b (15 @ n=74, t=0.02s, 7424kb)b (14 @ n=187, t=0.04s, 7824kb)d.{EPS=1515.15,ETD=2.61224}b (12 @ n=266, t=0.05s, 8292kb)b (11 @ n=269, t=0.05s, 8292kb)ddd.{EPS=1724.14,ETD=4.50505}d.{EPS=1807.23,ETD=7.7651}ddd.{EPS=1851.85,ETD=7.60804}dd.{EPS=1879.7,ETD=9.15261}dd.{EPS=1898.73,ETD=8.98662}dd.{EPS=1944.44,ETD=15.9599}dd.{EPS=1990.05,ETD=16.0251}d.{EPS=2027.03,ETD=33.1759}d.{EPS=1992.03,ETD=33.2705}d.{EPS=2057.61,ETD=33.356}dd.{EPS=2092.05,ETD=33.706}d.{EPS=2145.92,ETD=35.052}d.{EPS=2183.41,ETD=39.864}d.{EPS=2202.64,ETD=38.934}d.{EPS=2252.25,ETD=39.186}dd.{EPS=2304.15,ETD=37.73}.{EPS=2252.25,ETD=40.12}dd.{EPS=2252.25,ETD=23.82}d.{EPS=2325.58,ETD=21.952}d.{EPS=2450.98,ETD=29.37}d.{EPS=2500,ETD=35.998}d.{EPS=2487.56,ETD=39.46}.{EPS=2525.25,ETD=38.876}d.{EPS=2645.5,ETD=39.886}.{EPS=2673.8,ETD=77.072}d.{EPS=2590.67,ETD=94.178}ddd.{EPS=2577.32,ETD=90.854}dd.{EPS=2487.56,ETD=94.07}dd.{EPS=2439.02,ETD=93.342}dxd.{EPS=2283.11,ETD=89.536}dd.{EPS=2202.64,ETD=83.136}dd.{EPS=2109.7,ETD=80.714}ddd.{EPS=2049.18,ETD=80.644}dd.{EPS=1923.08,ETD=79.39}dd.{EPS=1865.67,ETD=46.142}dd.{EPS=1824.82,ETD=25.13}dd.{EPS=1824.82,ETD=36.958}dd.{EPS=1845.02,ETD=37.288}dd.{EPS=1872.66,ETD=37.796}dd.{EPS=1923.08,ETD=34.488}dd.{EPS=1923.08,ETD=34.408}d.{EPS=2008.03,ETD=32.156}dd.{EPS=2008.03,ETD=27.948}xd.{EPS=2074.69,ETD=30.94}dd.{EPS=2092.05,ETD=28.572}dd.{EPS=2109.7,ETD=47.45}dd.{EPS=2164.5,ETD=35.844}dd.{EPS=2145.92,ETD=32.614}d.{EPS=2173.91,ETD=32.688}dd.{EPS=2136.75,ETD=32.64}dd.{EPS=2136.75,ETD=32.788}dd.{EPS=2136.75,ETD=32.238}xd.{EPS=2127.66,ETD=35.14}dd.{EPS=2100.84,ETD=45.418}dd.{EPS=2057.61,ETD=53.364}dd.{EPS=2127.66,ETD=35.478}dd.{EPS=2083.33,ETD=35.206}d.{EPS=2109.7,ETD=35.31}dd.{EPS=2092.05,ETD=34.918}dd.{EPS=2074.69,ETD=35.374}xdd.{EPS=2100.84,ETD=37.172}d.{EPS=2040.82,ETD=38.718}dd.{EPS=2083.33,ETD=216.95}d.{EPS=2040.82,ETD=203.746}dd.{EPS=2092.05,ETD=194.008}d.{EPS=2040.82,ETD=194.132}d.{EPS=2100.84,ETD=205.722}d.{EPS=2066.12,ETD=205.086}dd.{EPS=2032.52,ETD=205.3}d.{EPS=2092.05,ETD=207.814}.{EPS=2057.61,ETD=227.222}dd.{EPS=2074.69,ETD=225.24}d.{EPS=2040.82,ETD=44.706}d.{EPS=2136.75,ETD=50.364}d.{EPS=2092.05,ETD=57.402}dd.{EPS=2092.05,ETD=56.786}d.{EPS=2049.18,ETD=45.824}d.{EPS=2127.66,ETD=72.738}d.{EPS=2092.05,ETD=71.938}d.{EPS=2057.61,ETD=69.308}dd.{EPS=2057.61,ETD=48.682}d.{EPS=2109.7,ETD=61.378}d.{EPS=2066.12,ETD=60.564}d.{EPS=2016.13,ETD=55.7}d.{EPS=2083.33,ETD=51.638}d.{EPS=2083.33,ETD=85.066}dd.{EPS=2074.69,ETD=84.484}.{EPS=2100.84,ETD=58.54}x.{EPS=2272.73,ETD=60.666}d.{EPS=2358.49,ETD=60.824}d.{EPS=2403.85,ETD=60.722}d.{EPS=2336.45,ETD=48.702}.{EPS=2577.32,ETD=50.284}xd.{EPS=2688.17,ETD=51.708}d.{EPS=2590.67,ETD=48.524}d.{EPS=2702.7,ETD=15.686}x.{EPS=2923.98,ETD=17.274}d.{EPS=2808.99,ETD=18.098}d.{EPS=2631.58,ETD=16.792}.{EPS=2688.17,ETD=16.72}xd.{EPS=2793.3,ETD=17.62}.{EPS=2906.98,ETD=22.982}d.{EPS=2793.3,ETD=30.578}d.{EPS=2702.7,ETD=36.246}d.{EPS=2747.25,ETD=36.85}.{EPS=2808.99,ETD=36.446}xd.{EPS=2747.25,ETD=36.82}d.{EPS=2732.24,ETD=37.062}d.{EPS=2747.25,ETD=37.048}x.{EPS=2747.25,ETD=38.042}d.{EPS=2717.39,ETD=43.784}d.{EPS=2564.1,ETD=37.796}.{EPS=2538.07,ETD=29.672}dx.{EPS=2702.7,ETD=23.67}.{EPS=2777.78,ETD=32.752}d.{EPS=2702.7,ETD=37.662}xd.{EPS=2604.17,ETD=130.448}d.{EPS=2564.1,ETD=138.942}d.{EPS=2617.8,ETD=139.254}.{EPS=2631.58,ETD=139.484}dx.{EPS=2631.58,ETD=132.414}.{EPS=2688.17,ETD=133.528}dd.{EPS=2604.17,ETD=133.248}.{EPS=2617.8,ETD=132.276}.{EPS=2645.5,ETD=124.32}dx.{EPS=2525.25,ETD=119.99}d.{EPS=2564.1,ETD=25.88}d.{EPS=2777.78,ETD=16.836}.{EPS=2702.7,ETD=18.076}dd.{EPS=2525.25,ETD=16.668}.{EPS=2538.07,ETD=16.702}x.{EPS=2702.7,ETD=17.43}d.{EPS=2793.3,ETD=22.17}xd.{EPS=2688.17,ETD=26.062}.{EPS=2590.67,ETD=37.314}dd.{EPS=2617.8,ETD=36.448}.{EPS=2659.57,ETD=36.552}.{EPS=2631.58,ETD=37.044}dx.{EPS=2631.58,ETD=36.948}d.{EPS=2590.67,ETD=37.27}d.{EPS=2673.8,ETD=37.738}x.{EPS=2590.67,ETD=37.358}d.{EPS=2475.25,ETD=38.678}d.{EPS=2427.18,ETD=34.78}.{EPS=2577.32,ETD=23.152}d.{EPS=2645.5,ETD=31.6}xd.{EPS=2617.8,ETD=37.412}.{EPS=2525.25,ETD=155.45}d.{EPS=2463.05,ETD=166.506}d.{EPS=2525.25,ETD=166.534}d.{EPS=2512.56,ETD=166.752}x.{EPS=2525.25,ETD=166.458}d.{EPS=2564.1,ETD=160.952}dd.{EPS=2512.56,ETD=160.824}.{EPS=2487.56,ETD=159.954}x.{EPS=2551.02,ETD=153.09}d.{EPS=2475.25,ETD=147.742}d.{EPS=2427.18,ETD=28.44}.{EPS=2631.58,ETD=16.818}xd.{EPS=2673.8,ETD=18.418}d.{EPS=2439.02,ETD=17.058}d.{EPS=2427.18,ETD=16.738}.{EPS=2590.67,ETD=17.518}xd.{EPS=2673.8,ETD=21.042}.{EPS=2617.8,ETD=24.396}d.{EPS=2551.02,ETD=37.634}d.{EPS=2475.25,ETD=36.394}d.{EPS=2551.02,ETD=36.668}x.{EPS=2551.02,ETD=37.122}d.{EPS=2463.05,ETD=36.806}d.{EPS=2500,ETD=37.346}.{EPS=2564.1,ETD=37.092}xd.{EPS=2500,ETD=37.046}d.{EPS=2427.18,ETD=39.82}d.{EPS=2325.58,ETD=36.572}.{EPS=2415.46,ETD=23.01}xd.{EPS=2538.07,ETD=27.494}.{EPS=2525.25,ETD=36.514}d.{EPS=2450.98,ETD=209.686}d.{EPS=2475.25,ETD=654.48}dd.{EPS=2450.98,ETD=699.734}d.{EPS=2252.25,ETD=744.334}dd.{EPS=2118.64,ETD=801.92}d.{EPS=2083.33,ETD=861.178}d.{EPS=2145.92,ETD=931.98}.{EPS=2066.12,ETD=942.648}dx.{EPS=2074.69,ETD=996.2}d.{EPS=2016.13,ETD=1054.64}.{EPS=1992.03,ETD=946.544}d.{EPS=2024.29,ETD=511.238}.{EPS=2100.84,ETD=519.89}d.{EPS=2173.91,ETD=665.402}.{EPS=2304.15,ETD=753.868}d.{EPS=2380.95,ETD=901.516}xd.{EPS=2403.85,ETD=1699.48}d.{EPS=2427.18,ETD=2194.42}d.{EPS=2314.81,ETD=2305.16}dd.{EPS=2325.58,ETD=2267.09}dd.{EPS=2242.15,ETD=2389.89}d.{EPS=2145.92,ETD=2559.3}d.{EPS=2232.14,ETD=3152.58}.{EPS=2293.58,ETD=3080.94}xd.{EPS=2304.15,ETD=2933.86}.{EPS=2325.58,ETD=2720.17}d.{EPS=2304.15,ETD=1885.86}d.{EPS=2183.41,ETD=1441.7}d.{EPS=2232.14,ETD=1273.53}x.{EPS=2369.67,ETD=1244.7}d.{EPS=2463.05,ETD=1105.94}.{EPS=2617.8,ETD=944.274}xd.{EPS=2525.25,ETD=297.158}d.{EPS=2487.56,ETD=178.418}.{EPS=2427.18,ETD=238.364}dd.{EPS=2293.58,ETD=253.84}.{EPS=2272.73,ETD=219.526}dx.{EPS=2475.25,ETD=157.974}.{EPS=2500,ETD=204.202}d.{EPS=2439.02,ETD=209.958}x.{EPS=2475.25,ETD=159.44}d.{EPS=2450.98,ETD=140.614}d.{EPS=2380.95,ETD=189.958}d.{EPS=2252.25,ETD=195.106}d.{EPS=2252.25,ETD=135.2}x.{EPS=2450.98,ETD=121.322}d.{EPS=2475.25,ETD=171.206}b (10 @ n=24293, t=4.88s, 177672kb)b (9 @ n=24322, t=4.88s, 177936kb)b (8 @ n=24327, t=4.89s, 177936kb)b (7 @ n=24333, t=4.89s, 177936kb)d.{EPS=2232.14,ETD=290.48}db (6 @ n=24491, t=4.92s, 179484kb)b (5 @ n=24500, t=4.93s, 179616kb)d.{EPS=2016.13,ETD=243.908}db (4 @ n=24601, t=4.95s, 180660kb)b (3 @ n=24611, t=4.96s, 180928kb)b (2 @ n=24625, t=4.96s, 181056kb)b (1 @ n=24636, t=4.96s, 181176kb)Time diagnostics:
After step 0 search time left estimate was 0.010
After step 1 search time left estimate was 0.020
After step 2 search time left estimate was 0.030
After step 3 search time left estimate was 0.040
After step 4 search time left estimate was 0.050
After step 5 search time left estimate was 0.060
After step 6 search time left estimate was 0.070
After step 7 search time left estimate was 0.080
After step 8 search time left estimate was 0.090
After step 9 search time left estimate was 0.100
After step 10 search time left estimate was 0.379
After step 11 search time left estimate was 0.334
After step 12 search time left estimate was 0.311
After step 13 search time left estimate was 0.333
After step 14 search time left estimate was 0.235
After step 15 search time left estimate was 6.221
After step 16 search time left estimate was 1.885
After step 17 search time left estimate was 1.767
After step 18 search time left estimate was 1.648
After step 19 search time left estimate was 1.293
After step 20 search time left estimate was 1.292
After step 21 search time left estimate was 1.174
After step 22 search time left estimate was 1.056
After step 23 search time left estimate was 0.939
After step 24 search time left estimate was 0.821
After step 25 search time left estimate was 1.038
After step 26 search time left estimate was 1.038
After step 27 search time left estimate was 0.788
After step 28 search time left estimate was 0.655
After step 29 search time left estimate was 0.705
After step 30 search time left estimate was 0.587
After step 31 search time left estimate was 0.470
After step 32 search time left estimate was 0.352
After step 33 search time left estimate was 0.235
After step 34 search time left estimate was 0.117
After step 35 search time left estimate was 0.117

;;;; Solution Found
; Time 4.96
; Peak memory 181296kb
; Nodes Generated: 24646
; Nodes Expanded:  11412
; Nodes Evaluated: 24645
; Nodes Tunneled:  477
; Nodes memoised with open actions: 7700
; Nodes memoised without open actions: 46998
; Nodes pruned by memoisation: 30052
4.965: (prepare-bs c-bs output base_silver) [0.001] ; (5)
4.965: (enter-field r-1 cyan) [10.000] ; (140)
4.965: (commit-to-ontime-delivery o1) [0.010] ; (206)
4.966: (bs-dispense c-bs output wp1 base_silver) [0.001] ; (18)
14.966: (move-wp-put-at-input r-1 start input c-cs2) [2.328] ; (112)
17.295: (prepare-cs r-1 c-cs2 cs_retrieve) [0.001] ; (12)
17.295: (wp-get-shelf r-1 cb1 c-cs2 left) [20.000] ; (148)
17.296: (move-wp-put-at-input r-1 c-cs2 input c-cs1) [9.133] ; (104)
26.430: (prepare-cs r-1 c-cs1 cs_retrieve) [0.001] ; (11)
37.296: (wp-put r-1 cb1 c-cs1) [10.000] ; (183)
47.297: (move-wp-get r-1 c-cs1 input c-bs output) [8.932] ; (128)
47.297: (cs-retrieve-cap c-cs1 cb1 cap_black) [0.010] ; (61)
56.230: (move-wp-put-at-input r-1 c-bs output c-ds) [6.710] ; (119)
62.941: (move-wp-get r-1 c-ds input c-cs1 output) [6.640] ; (134)
69.582: (wp-get r-1 cb1 c-cs1 output) [10.000] ; (169)
69.583: (move-wp-put-at-input r-1 c-cs1 output c-ds) [6.640] ; (120)
79.583: (wp-discard r-1 cb1) [0.001] ; (141)
79.584: (move-wp-get r-1 c-ds input c-bs output) [6.710] ; (130)
86.295: (wp-get r-1 wp1 c-bs output) [10.000] ; (168)
86.296: (move-wp-put-at-input r-1 c-bs output c-cs1) [8.932] ; (107)
95.229: (prepare-cs r-1 c-cs1 cs_mount) [0.001] ; (9)
96.296: (wp-put r-1 wp1 c-cs1) [10.000] ; (189)
96.297: (move-wp-put-at-input r-1 c-cs1 input c-ds) [6.231] ; (116)
106.297: (cs-mount-cap c-cs1 wp1 cap_black) [0.010] ; (31)
106.308: (move-wp-get r-1 c-ds input c-cs1 output) [6.640] ; (134)
112.949: (wp-get r-1 wp1 c-cs1 output) [10.000] ; (175)
112.950: (move-wp-put-at-input r-1 c-cs1 output c-ds) [6.640] ; (120)
119.591: (prepare-ds r-1 c-ds gate-1) [0.001] ; (6)
122.950: (wp-put r-1 wp1 c-ds) [10.000] ; (203)
132.951: (fulfill-order-c0-within-tw o1 wp1 c-ds gate-1 base_silver cap_black) [0.010] ; (204)
