Parsing and Instantiating...
Warning: rounding numeric constants such as 0.7343 to an accuracy of 0.001
TIL[133.040] @ 0x30f7bb0 -> { TIL[53.000]}
TIL[162.040] @ 0x30f81f0 -> { TIL[82.000]}
TIL[183.040] @ 0x30f8890 -> { TIL[103.000]}
TIL[201.000] @ 0x30f8c00 -> { TIL[133.040]}
TIL[237.000] @ 0x30f92a0 -> { TIL[162.040]}
TIL[281.040] @ 0x30f8f30 -> { TIL[201.000]}
TIL[317.040] @ 0x30f95d0 -> { TIL[237.000]}
Done
One way facts...
Mutex groups...
Semaphore Facts...
Envelope Facts...
One-shot actions...
Integral variables...
Variable bounds...
Static numeric conditions...
Duration bounds...
TIL time window analysis...
Bounding action timestamps due to time windows...
(visible antenna0 satellite2) forms a window with range [53.000,133.040]
Bounds on (send_image satellite2 antenna0 phenomenon24 infrared0) (duration [15.430,15.430]):
	0: [53.000,117.610]
	1: [53.000,117.610]
	2: [68.430,133.040]
Bounds on (send_image satellite2 antenna0 planet5 infrared0) (duration [10.100,10.100]):
	0: [53.000,122.940]
	1: [53.000,122.940]
	2: [63.100,133.040]
Bounds on (send_image satellite2 antenna0 star7 infrared0) (duration [13.680,13.680]):
	0: [53.000,119.360]
	1: [53.000,119.360]
	2: [66.680,133.040]
Bounds on (send_image satellite2 antenna0 planet16 infrared1) (duration [17.160,17.160]):
	0: [53.000,115.880]
	1: [53.000,115.880]
	2: [70.160,133.040]
Bounds on (send_image satellite2 antenna0 planet8 infrared1) (duration [11.320,11.320]):
	0: [53.000,121.720]
	1: [53.000,121.720]
	2: [64.320,133.040]
Bounds on (send_image satellite2 antenna0 star22 infrared1) (duration [17.180,17.180]):
	0: [53.000,115.860]
	1: [53.000,115.860]
	2: [70.180,133.040]
Bounds on (send_image satellite2 antenna0 planet11 infrared3) (duration [16.420,16.420]):
	0: [53.000,116.620]
	1: [53.000,116.620]
	2: [69.420,133.040]
Bounds on (send_image satellite2 antenna0 star15 infrared3) (duration [12.660,12.660]):
	0: [53.000,120.380]
	1: [53.000,120.380]
	2: [65.660,133.040]
Bounds on (send_image satellite2 antenna0 phenomenon13 spectrograph4) (duration [16.040,16.040]):
	0: [53.000,117.000]
	1: [53.000,117.000]
	2: [69.040,133.040]
Bounds on (send_image satellite2 antenna0 phenomenon17 spectrograph4) (duration [5.890,5.890]):
	0: [53.000,127.150]
	1: [53.000,127.150]
	2: [58.890,133.040]
Bounds on (send_image satellite2 antenna0 phenomenon6 spectrograph4) (duration [11.060,11.060]):
	0: [53.000,121.980]
	1: [53.000,121.980]
	2: [64.060,133.040]
Bounds on (send_image satellite2 antenna0 star18 spectrograph4) (duration [7.700,7.700]):
	0: [53.000,125.340]
	1: [53.000,125.340]
	2: [60.700,133.040]
Bounds on (send_image satellite2 antenna0 star23 spectrograph4) (duration [13.080,13.080]):
	0: [53.000,119.960]
	1: [53.000,119.960]
	2: [66.080,133.040]
Bounds on (send_image satellite2 antenna0 star9 spectrograph4) (duration [15.020,15.020]):
	0: [53.000,118.020]
	1: [53.000,118.020]
	2: [68.020,133.040]
Bounds on (send_image satellite2 antenna0 phenomenon21 thermograph2) (duration [8.610,8.610]):
	0: [53.000,124.430]
	1: [53.000,124.430]
	2: [61.610,133.040]
Bounds on (send_image satellite2 antenna0 planet10 thermograph2) (duration [7.810,7.811]):
	0: [53.000,125.229]
	1: [53.000,125.229]
	2: [60.810,133.040]
Bounds on (send_image satellite2 antenna0 planet20 thermograph2) (duration [9.210,9.210]):
	0: [53.000,123.830]
	1: [53.000,123.830]
	2: [62.210,133.040]
Bounds on (send_image satellite2 antenna0 star14 thermograph2) (duration [5.530,5.530]):
	0: [53.000,127.510]
	1: [53.000,127.510]
	2: [58.530,133.040]
Bounds on (send_image satellite2 antenna0 star19 thermograph2) (duration [9.210,9.210]):
	0: [53.000,123.830]
	1: [53.000,123.830]
	2: [62.210,133.040]
(visible antenna0 satellite1) forms a window with range [53.000,281.040]
Bounds on (send_image satellite1 antenna0 phenomenon24 infrared0) (duration [15.430,15.430]):
	0: [53.000,265.610]
	1: [53.000,265.610]
	2: [68.430,281.040]
Bounds on (send_image satellite1 antenna0 planet5 infrared0) (duration [10.100,10.100]):
	0: [53.000,270.940]
	1: [53.000,270.940]
	2: [63.100,281.040]
Bounds on (send_image satellite1 antenna0 star7 infrared0) (duration [13.680,13.680]):
	0: [53.000,267.360]
	1: [53.000,267.360]
	2: [66.680,281.040]
Bounds on (send_image satellite1 antenna0 planet16 infrared1) (duration [17.160,17.160]):
	0: [53.000,263.880]
	1: [53.000,263.880]
	2: [70.160,281.040]
Bounds on (send_image satellite1 antenna0 planet8 infrared1) (duration [11.320,11.320]):
	0: [53.000,269.720]
	1: [53.000,269.720]
	2: [64.320,281.040]
Bounds on (send_image satellite1 antenna0 star22 infrared1) (duration [17.180,17.180]):
	0: [53.000,263.860]
	1: [53.000,263.860]
	2: [70.180,281.040]
Bounds on (send_image satellite1 antenna0 planet11 infrared3) (duration [16.420,16.420]):
	0: [53.000,264.620]
	1: [53.000,264.620]
	2: [69.420,281.040]
Bounds on (send_image satellite1 antenna0 star15 infrared3) (duration [12.660,12.660]):
	0: [53.000,268.380]
	1: [53.000,268.380]
	2: [65.660,281.040]
Bounds on (send_image satellite1 antenna0 phenomenon13 spectrograph4) (duration [16.040,16.040]):
	0: [53.000,265.000]
	1: [53.000,265.000]
	2: [69.040,281.040]
Bounds on (send_image satellite1 antenna0 phenomenon17 spectrograph4) (duration [5.890,5.890]):
	0: [53.000,275.150]
	1: [53.000,275.150]
	2: [58.890,281.040]
Bounds on (send_image satellite1 antenna0 phenomenon6 spectrograph4) (duration [11.060,11.060]):
	0: [53.000,269.980]
	1: [53.000,269.980]
	2: [64.060,281.040]
Bounds on (send_image satellite1 antenna0 star18 spectrograph4) (duration [7.700,7.700]):
	0: [53.000,273.340]
	1: [53.000,273.340]
	2: [60.700,281.040]
Bounds on (send_image satellite1 antenna0 star23 spectrograph4) (duration [13.080,13.080]):
	0: [53.000,267.960]
	1: [53.000,267.960]
	2: [66.080,281.040]
Bounds on (send_image satellite1 antenna0 star9 spectrograph4) (duration [15.020,15.020]):
	0: [53.000,266.020]
	1: [53.000,266.020]
	2: [68.020,281.040]
Bounds on (send_image satellite1 antenna0 phenomenon21 thermograph2) (duration [8.610,8.610]):
	0: [53.000,272.430]
	1: [53.000,272.430]
	2: [61.610,281.040]
Bounds on (send_image satellite1 antenna0 planet10 thermograph2) (duration [7.810,7.811]):
	0: [53.000,273.229]
	1: [53.000,273.229]
	2: [60.810,281.040]
Bounds on (send_image satellite1 antenna0 planet20 thermograph2) (duration [9.210,9.210]):
	0: [53.000,271.830]
	1: [53.000,271.830]
	2: [62.210,281.040]
Bounds on (send_image satellite1 antenna0 star14 thermograph2) (duration [5.530,5.530]):
	0: [53.000,275.510]
	1: [53.000,275.510]
	2: [58.530,281.040]
Bounds on (send_image satellite1 antenna0 star19 thermograph2) (duration [9.210,9.210]):
	0: [53.000,271.830]
	1: [53.000,271.830]
	2: [62.210,281.040]
(visible antenna0 satellite3) forms a window with range [53.000,133.040]
Bounds on (send_image satellite3 antenna0 phenomenon24 infrared0) (duration [15.430,15.430]):
	0: [53.000,117.610]
	1: [53.000,117.610]
	2: [68.430,133.040]
Bounds on (send_image satellite3 antenna0 planet5 infrared0) (duration [10.100,10.100]):
	0: [53.000,122.940]
	1: [53.000,122.940]
	2: [63.100,133.040]
Bounds on (send_image satellite3 antenna0 star7 infrared0) (duration [13.680,13.680]):
	0: [53.000,119.360]
	1: [53.000,119.360]
	2: [66.680,133.040]
Bounds on (send_image satellite3 antenna0 planet16 infrared1) (duration [17.160,17.160]):
	0: [53.000,115.880]
	1: [53.000,115.880]
	2: [70.160,133.040]
Bounds on (send_image satellite3 antenna0 planet8 infrared1) (duration [11.320,11.320]):
	0: [53.000,121.720]
	1: [53.000,121.720]
	2: [64.320,133.040]
Bounds on (send_image satellite3 antenna0 star22 infrared1) (duration [17.180,17.180]):
	0: [53.000,115.860]
	1: [53.000,115.860]
	2: [70.180,133.040]
Bounds on (send_image satellite3 antenna0 planet11 infrared3) (duration [16.420,16.420]):
	0: [53.000,116.620]
	1: [53.000,116.620]
	2: [69.420,133.040]
Bounds on (send_image satellite3 antenna0 star15 infrared3) (duration [12.660,12.660]):
	0: [53.000,120.380]
	1: [53.000,120.380]
	2: [65.660,133.040]
Bounds on (send_image satellite3 antenna0 phenomenon13 spectrograph4) (duration [16.040,16.040]):
	0: [53.000,117.000]
	1: [53.000,117.000]
	2: [69.040,133.040]
Bounds on (send_image satellite3 antenna0 phenomenon17 spectrograph4) (duration [5.890,5.890]):
	0: [53.000,127.150]
	1: [53.000,127.150]
	2: [58.890,133.040]
Bounds on (send_image satellite3 antenna0 phenomenon6 spectrograph4) (duration [11.060,11.060]):
	0: [53.000,121.980]
	1: [53.000,121.980]
	2: [64.060,133.040]
Bounds on (send_image satellite3 antenna0 star18 spectrograph4) (duration [7.700,7.700]):
	0: [53.000,125.340]
	1: [53.000,125.340]
	2: [60.700,133.040]
Bounds on (send_image satellite3 antenna0 star23 spectrograph4) (duration [13.080,13.080]):
	0: [53.000,119.960]
	1: [53.000,119.960]
	2: [66.080,133.040]
Bounds on (send_image satellite3 antenna0 star9 spectrograph4) (duration [15.020,15.020]):
	0: [53.000,118.020]
	1: [53.000,118.020]
	2: [68.020,133.040]
Bounds on (send_image satellite3 antenna0 phenomenon21 thermograph2) (duration [8.610,8.610]):
	0: [53.000,124.430]
	1: [53.000,124.430]
	2: [61.610,133.040]
Bounds on (send_image satellite3 antenna0 planet10 thermograph2) (duration [7.810,7.811]):
	0: [53.000,125.229]
	1: [53.000,125.229]
	2: [60.810,133.040]
Bounds on (send_image satellite3 antenna0 planet20 thermograph2) (duration [9.210,9.210]):
	0: [53.000,123.830]
	1: [53.000,123.830]
	2: [62.210,133.040]
Bounds on (send_image satellite3 antenna0 star14 thermograph2) (duration [5.530,5.530]):
	0: [53.000,127.510]
	1: [53.000,127.510]
	2: [58.530,133.040]
Bounds on (send_image satellite3 antenna0 star19 thermograph2) (duration [9.210,9.210]):
	0: [53.000,123.830]
	1: [53.000,123.830]
	2: [62.210,133.040]
(visible antenna1 satellite1) forms a window with range [82.000,317.040]
Bounds on (send_image satellite1 antenna1 phenomenon24 infrared0) (duration [15.430,15.430]):
	0: [82.000,301.610]
	1: [82.000,301.610]
	2: [97.430,317.040]
Bounds on (send_image satellite1 antenna1 planet5 infrared0) (duration [10.100,10.100]):
	0: [82.000,306.940]
	1: [82.000,306.940]
	2: [92.100,317.040]
Bounds on (send_image satellite1 antenna1 star7 infrared0) (duration [13.680,13.680]):
	0: [82.000,303.360]
	1: [82.000,303.360]
	2: [95.680,317.040]
Bounds on (send_image satellite1 antenna1 planet16 infrared1) (duration [17.160,17.160]):
	0: [82.000,299.880]
	1: [82.000,299.880]
	2: [99.160,317.040]
Bounds on (send_image satellite1 antenna1 planet8 infrared1) (duration [11.320,11.320]):
	0: [82.000,305.720]
	1: [82.000,305.720]
	2: [93.320,317.040]
Bounds on (send_image satellite1 antenna1 star22 infrared1) (duration [17.180,17.180]):
	0: [82.000,299.860]
	1: [82.000,299.860]
	2: [99.180,317.040]
Bounds on (send_image satellite1 antenna1 planet11 infrared3) (duration [16.420,16.420]):
	0: [82.000,300.620]
	1: [82.000,300.620]
	2: [98.420,317.040]
Bounds on (send_image satellite1 antenna1 star15 infrared3) (duration [12.660,12.660]):
	0: [82.000,304.380]
	1: [82.000,304.380]
	2: [94.660,317.040]
Bounds on (send_image satellite1 antenna1 phenomenon13 spectrograph4) (duration [16.040,16.040]):
	0: [82.000,301.000]
	1: [82.000,301.000]
	2: [98.040,317.040]
Bounds on (send_image satellite1 antenna1 phenomenon17 spectrograph4) (duration [5.890,5.890]):
	0: [82.000,311.150]
	1: [82.000,311.150]
	2: [87.890,317.040]
Bounds on (send_image satellite1 antenna1 phenomenon6 spectrograph4) (duration [11.060,11.060]):
	0: [82.000,305.980]
	1: [82.000,305.980]
	2: [93.060,317.040]
Bounds on (send_image satellite1 antenna1 star18 spectrograph4) (duration [7.700,7.700]):
	0: [82.000,309.340]
	1: [82.000,309.340]
	2: [89.700,317.040]
Bounds on (send_image satellite1 antenna1 star23 spectrograph4) (duration [13.080,13.080]):
	0: [82.000,303.960]
	1: [82.000,303.960]
	2: [95.080,317.040]
Bounds on (send_image satellite1 antenna1 star9 spectrograph4) (duration [15.020,15.020]):
	0: [82.000,302.020]
	1: [82.000,302.020]
	2: [97.020,317.040]
Bounds on (send_image satellite1 antenna1 phenomenon21 thermograph2) (duration [8.610,8.610]):
	0: [82.000,308.430]
	1: [82.000,308.430]
	2: [90.610,317.040]
Bounds on (send_image satellite1 antenna1 planet10 thermograph2) (duration [7.810,7.811]):
	0: [82.000,309.229]
	1: [82.000,309.229]
	2: [89.810,317.040]
Bounds on (send_image satellite1 antenna1 planet20 thermograph2) (duration [9.210,9.210]):
	0: [82.000,307.830]
	1: [82.000,307.830]
	2: [91.210,317.040]
Bounds on (send_image satellite1 antenna1 star14 thermograph2) (duration [5.530,5.530]):
	0: [82.000,311.510]
	1: [82.000,311.510]
	2: [87.530,317.040]
Bounds on (send_image satellite1 antenna1 star19 thermograph2) (duration [9.210,9.210]):
	0: [82.000,307.830]
	1: [82.000,307.830]
	2: [91.210,317.040]
(visible antenna1 satellite4) forms a window with range [82.000,162.040]
Bounds on (send_image satellite4 antenna1 phenomenon24 infrared0) (duration [15.430,15.430]):
	0: [82.000,146.610]
	1: [82.000,146.610]
	2: [97.430,162.040]
Bounds on (send_image satellite4 antenna1 planet5 infrared0) (duration [10.100,10.100]):
	0: [82.000,151.940]
	1: [82.000,151.940]
	2: [92.100,162.040]
Bounds on (send_image satellite4 antenna1 star7 infrared0) (duration [13.680,13.680]):
	0: [82.000,148.360]
	1: [82.000,148.360]
	2: [95.680,162.040]
Bounds on (send_image satellite4 antenna1 planet16 infrared1) (duration [17.160,17.160]):
	0: [82.000,144.880]
	1: [82.000,144.880]
	2: [99.160,162.040]
Bounds on (send_image satellite4 antenna1 planet8 infrared1) (duration [11.320,11.320]):
	0: [82.000,150.720]
	1: [82.000,150.720]
	2: [93.320,162.040]
Bounds on (send_image satellite4 antenna1 star22 infrared1) (duration [17.180,17.180]):
	0: [82.000,144.860]
	1: [82.000,144.860]
	2: [99.180,162.040]
Bounds on (send_image satellite4 antenna1 planet11 infrared3) (duration [16.420,16.420]):
	0: [82.000,145.620]
	1: [82.000,145.620]
	2: [98.420,162.040]
Bounds on (send_image satellite4 antenna1 star15 infrared3) (duration [12.660,12.660]):
	0: [82.000,149.380]
	1: [82.000,149.380]
	2: [94.660,162.040]
Bounds on (send_image satellite4 antenna1 phenomenon13 spectrograph4) (duration [16.040,16.040]):
	0: [82.000,146.000]
	1: [82.000,146.000]
	2: [98.040,162.040]
Bounds on (send_image satellite4 antenna1 phenomenon17 spectrograph4) (duration [5.890,5.890]):
	0: [82.000,156.150]
	1: [82.000,156.150]
	2: [87.890,162.040]
Bounds on (send_image satellite4 antenna1 phenomenon6 spectrograph4) (duration [11.060,11.060]):
	0: [82.000,150.980]
	1: [82.000,150.980]
	2: [93.060,162.040]
Bounds on (send_image satellite4 antenna1 star18 spectrograph4) (duration [7.700,7.700]):
	0: [82.000,154.340]
	1: [82.000,154.340]
	2: [89.700,162.040]
Bounds on (send_image satellite4 antenna1 star23 spectrograph4) (duration [13.080,13.080]):
	0: [82.000,148.960]
	1: [82.000,148.960]
	2: [95.080,162.040]
Bounds on (send_image satellite4 antenna1 star9 spectrograph4) (duration [15.020,15.020]):
	0: [82.000,147.020]
	1: [82.000,147.020]
	2: [97.020,162.040]
Bounds on (send_image satellite4 antenna1 phenomenon21 thermograph2) (duration [8.610,8.610]):
	0: [82.000,153.430]
	1: [82.000,153.430]
	2: [90.610,162.040]
Bounds on (send_image satellite4 antenna1 planet10 thermograph2) (duration [7.810,7.811]):
	0: [82.000,154.229]
	1: [82.000,154.229]
	2: [89.810,162.040]
Bounds on (send_image satellite4 antenna1 planet20 thermograph2) (duration [9.210,9.210]):
	0: [82.000,152.830]
	1: [82.000,152.830]
	2: [91.210,162.040]
Bounds on (send_image satellite4 antenna1 star14 thermograph2) (duration [5.530,5.530]):
	0: [82.000,156.510]
	1: [82.000,156.510]
	2: [87.530,162.040]
Bounds on (send_image satellite4 antenna1 star19 thermograph2) (duration [9.210,9.210]):
	0: [82.000,152.830]
	1: [82.000,152.830]
	2: [91.210,162.040]
(visible antenna2 satellite1) forms a window with range [103.000,183.040]
Bounds on (send_image satellite1 antenna2 phenomenon24 infrared0) (duration [15.430,15.430]):
	0: [103.000,167.610]
	1: [103.000,167.610]
	2: [118.430,183.040]
Bounds on (send_image satellite1 antenna2 planet5 infrared0) (duration [10.100,10.100]):
	0: [103.000,172.940]
	1: [103.000,172.940]
	2: [113.100,183.040]
Bounds on (send_image satellite1 antenna2 star7 infrared0) (duration [13.680,13.680]):
	0: [103.000,169.360]
	1: [103.000,169.360]
	2: [116.680,183.040]
Bounds on (send_image satellite1 antenna2 planet16 infrared1) (duration [17.160,17.160]):
	0: [103.000,165.880]
	1: [103.000,165.880]
	2: [120.160,183.040]
Bounds on (send_image satellite1 antenna2 planet8 infrared1) (duration [11.320,11.320]):
	0: [103.000,171.720]
	1: [103.000,171.720]
	2: [114.320,183.040]
Bounds on (send_image satellite1 antenna2 star22 infrared1) (duration [17.180,17.180]):
	0: [103.000,165.860]
	1: [103.000,165.860]
	2: [120.180,183.040]
Bounds on (send_image satellite1 antenna2 planet11 infrared3) (duration [16.420,16.420]):
	0: [103.000,166.620]
	1: [103.000,166.620]
	2: [119.420,183.040]
Bounds on (send_image satellite1 antenna2 star15 infrared3) (duration [12.660,12.660]):
	0: [103.000,170.380]
	1: [103.000,170.380]
	2: [115.660,183.040]
Bounds on (send_image satellite1 antenna2 phenomenon13 spectrograph4) (duration [16.040,16.040]):
	0: [103.000,167.000]
	1: [103.000,167.000]
	2: [119.040,183.040]
Bounds on (send_image satellite1 antenna2 phenomenon17 spectrograph4) (duration [5.890,5.890]):
	0: [103.000,177.150]
	1: [103.000,177.150]
	2: [108.890,183.040]
Bounds on (send_image satellite1 antenna2 phenomenon6 spectrograph4) (duration [11.060,11.060]):
	0: [103.000,171.980]
	1: [103.000,171.980]
	2: [114.060,183.040]
Bounds on (send_image satellite1 antenna2 star18 spectrograph4) (duration [7.700,7.700]):
	0: [103.000,175.340]
	1: [103.000,175.340]
	2: [110.700,183.040]
Bounds on (send_image satellite1 antenna2 star23 spectrograph4) (duration [13.080,13.080]):
	0: [103.000,169.960]
	1: [103.000,169.960]
	2: [116.080,183.040]
Bounds on (send_image satellite1 antenna2 star9 spectrograph4) (duration [15.020,15.020]):
	0: [103.000,168.020]
	1: [103.000,168.020]
	2: [118.020,183.040]
Bounds on (send_image satellite1 antenna2 phenomenon21 thermograph2) (duration [8.610,8.610]):
	0: [103.000,174.430]
	1: [103.000,174.430]
	2: [111.610,183.040]
Bounds on (send_image satellite1 antenna2 planet10 thermograph2) (duration [7.810,7.811]):
	0: [103.000,175.229]
	1: [103.000,175.229]
	2: [110.810,183.040]
Bounds on (send_image satellite1 antenna2 planet20 thermograph2) (duration [9.210,9.210]):
	0: [103.000,173.830]
	1: [103.000,173.830]
	2: [112.210,183.040]
Bounds on (send_image satellite1 antenna2 star14 thermograph2) (duration [5.530,5.530]):
	0: [103.000,177.510]
	1: [103.000,177.510]
	2: [108.530,183.040]
Bounds on (send_image satellite1 antenna2 star19 thermograph2) (duration [9.210,9.210]):
	0: [103.000,173.830]
	1: [103.000,173.830]
	2: [112.210,183.040]
(visible antenna2 satellite4) forms a window with range [103.000,183.040]
Bounds on (send_image satellite4 antenna2 phenomenon24 infrared0) (duration [15.430,15.430]):
	0: [103.000,167.610]
	1: [103.000,167.610]
	2: [118.430,183.040]
Bounds on (send_image satellite4 antenna2 planet5 infrared0) (duration [10.100,10.100]):
	0: [103.000,172.940]
	1: [103.000,172.940]
	2: [113.100,183.040]
Bounds on (send_image satellite4 antenna2 star7 infrared0) (duration [13.680,13.680]):
	0: [103.000,169.360]
	1: [103.000,169.360]
	2: [116.680,183.040]
Bounds on (send_image satellite4 antenna2 planet16 infrared1) (duration [17.160,17.160]):
	0: [103.000,165.880]
	1: [103.000,165.880]
	2: [120.160,183.040]
Bounds on (send_image satellite4 antenna2 planet8 infrared1) (duration [11.320,11.320]):
	0: [103.000,171.720]
	1: [103.000,171.720]
	2: [114.320,183.040]
Bounds on (send_image satellite4 antenna2 star22 infrared1) (duration [17.180,17.180]):
	0: [103.000,165.860]
	1: [103.000,165.860]
	2: [120.180,183.040]
Bounds on (send_image satellite4 antenna2 planet11 infrared3) (duration [16.420,16.420]):
	0: [103.000,166.620]
	1: [103.000,166.620]
	2: [119.420,183.040]
Bounds on (send_image satellite4 antenna2 star15 infrared3) (duration [12.660,12.660]):
	0: [103.000,170.380]
	1: [103.000,170.380]
	2: [115.660,183.040]
Bounds on (send_image satellite4 antenna2 phenomenon13 spectrograph4) (duration [16.040,16.040]):
	0: [103.000,167.000]
	1: [103.000,167.000]
	2: [119.040,183.040]
Bounds on (send_image satellite4 antenna2 phenomenon17 spectrograph4) (duration [5.890,5.890]):
	0: [103.000,177.150]
	1: [103.000,177.150]
	2: [108.890,183.040]
Bounds on (send_image satellite4 antenna2 phenomenon6 spectrograph4) (duration [11.060,11.060]):
	0: [103.000,171.980]
	1: [103.000,171.980]
	2: [114.060,183.040]
Bounds on (send_image satellite4 antenna2 star18 spectrograph4) (duration [7.700,7.700]):
	0: [103.000,175.340]
	1: [103.000,175.340]
	2: [110.700,183.040]
Bounds on (send_image satellite4 antenna2 star23 spectrograph4) (duration [13.080,13.080]):
	0: [103.000,169.960]
	1: [103.000,169.960]
	2: [116.080,183.040]
Bounds on (send_image satellite4 antenna2 star9 spectrograph4) (duration [15.020,15.020]):
	0: [103.000,168.020]
	1: [103.000,168.020]
	2: [118.020,183.040]
Bounds on (send_image satellite4 antenna2 phenomenon21 thermograph2) (duration [8.610,8.610]):
	0: [103.000,174.430]
	1: [103.000,174.430]
	2: [111.610,183.040]
Bounds on (send_image satellite4 antenna2 planet10 thermograph2) (duration [7.810,7.811]):
	0: [103.000,175.229]
	1: [103.000,175.229]
	2: [110.810,183.040]
Bounds on (send_image satellite4 antenna2 planet20 thermograph2) (duration [9.210,9.210]):
	0: [103.000,173.830]
	1: [103.000,173.830]
	2: [112.210,183.040]
Bounds on (send_image satellite4 antenna2 star14 thermograph2) (duration [5.530,5.530]):
	0: [103.000,177.510]
	1: [103.000,177.510]
	2: [108.530,183.040]
Bounds on (send_image satellite4 antenna2 star19 thermograph2) (duration [9.210,9.210]):
	0: [103.000,173.830]
	1: [103.000,173.830]
	2: [112.210,183.040]
(visible antenna0 satellite0) forms a window with range [201.000,281.040]
Bounds on (send_image satellite0 antenna0 phenomenon24 infrared0) (duration [15.430,15.430]):
	0: [201.000,265.610]
	1: [201.000,265.610]
	2: [216.430,281.040]
Bounds on (send_image satellite0 antenna0 planet5 infrared0) (duration [10.100,10.100]):
	0: [201.000,270.940]
	1: [201.000,270.940]
	2: [211.100,281.040]
Bounds on (send_image satellite0 antenna0 star7 infrared0) (duration [13.680,13.680]):
	0: [201.000,267.360]
	1: [201.000,267.360]
	2: [214.680,281.040]
Bounds on (send_image satellite0 antenna0 planet16 infrared1) (duration [17.160,17.160]):
	0: [201.000,263.880]
	1: [201.000,263.880]
	2: [218.160,281.040]
Bounds on (send_image satellite0 antenna0 planet8 infrared1) (duration [11.320,11.320]):
	0: [201.000,269.720]
	1: [201.000,269.720]
	2: [212.320,281.040]
Bounds on (send_image satellite0 antenna0 star22 infrared1) (duration [17.180,17.180]):
	0: [201.000,263.860]
	1: [201.000,263.860]
	2: [218.180,281.040]
Bounds on (send_image satellite0 antenna0 planet11 infrared3) (duration [16.420,16.420]):
	0: [201.000,264.620]
	1: [201.000,264.620]
	2: [217.420,281.040]
Bounds on (send_image satellite0 antenna0 star15 infrared3) (duration [12.660,12.660]):
	0: [201.000,268.380]
	1: [201.000,268.380]
	2: [213.660,281.040]
Bounds on (send_image satellite0 antenna0 phenomenon13 spectrograph4) (duration [16.040,16.040]):
	0: [201.000,265.000]
	1: [201.000,265.000]
	2: [217.040,281.040]
Bounds on (send_image satellite0 antenna0 phenomenon17 spectrograph4) (duration [5.890,5.890]):
	0: [201.000,275.150]
	1: [201.000,275.150]
	2: [206.890,281.040]
Bounds on (send_image satellite0 antenna0 phenomenon6 spectrograph4) (duration [11.060,11.060]):
	0: [201.000,269.980]
	1: [201.000,269.980]
	2: [212.060,281.040]
Bounds on (send_image satellite0 antenna0 star18 spectrograph4) (duration [7.700,7.700]):
	0: [201.000,273.340]
	1: [201.000,273.340]
	2: [208.700,281.040]
Bounds on (send_image satellite0 antenna0 star23 spectrograph4) (duration [13.080,13.080]):
	0: [201.000,267.960]
	1: [201.000,267.960]
	2: [214.080,281.040]
Bounds on (send_image satellite0 antenna0 star9 spectrograph4) (duration [15.020,15.020]):
	0: [201.000,266.020]
	1: [201.000,266.020]
	2: [216.020,281.040]
Bounds on (send_image satellite0 antenna0 phenomenon21 thermograph2) (duration [8.610,8.610]):
	0: [201.000,272.430]
	1: [201.000,272.430]
	2: [209.610,281.040]
Bounds on (send_image satellite0 antenna0 planet10 thermograph2) (duration [7.810,7.811]):
	0: [201.000,273.229]
	1: [201.000,273.229]
	2: [208.810,281.040]
Bounds on (send_image satellite0 antenna0 planet20 thermograph2) (duration [9.210,9.210]):
	0: [201.000,271.830]
	1: [201.000,271.830]
	2: [210.210,281.040]
Bounds on (send_image satellite0 antenna0 star14 thermograph2) (duration [5.530,5.530]):
	0: [201.000,275.510]
	1: [201.000,275.510]
	2: [206.530,281.040]
Bounds on (send_image satellite0 antenna0 star19 thermograph2) (duration [9.210,9.210]):
	0: [201.000,271.830]
	1: [201.000,271.830]
	2: [210.210,281.040]
Dominance constraints (excluding processes and events)...
Damaging events...
Dominance constraints (including processes and events)...
Variable monotonicity...
Max/min needed values for any single precondition...
Irrelevant action pruning by backward reachability from goal...
Uninterestingness criteria...
Compression-safe actions...
Compression-safe invariants...
100% of durative actions in this problem are compression safe
Goal Goal [19]
    (sent_image phenomenon24 infrared0)
    (sent_image star23 spectrograph4)
    (sent_image star22 infrared1)
    (sent_image phenomenon21 thermograph2)
    (sent_image planet20 thermograph2)
    (sent_image star19 thermograph2)
    (sent_image star18 spectrograph4)
    (sent_image phenomenon17 spectrograph4)
    (sent_image planet16 infrared1)
    (sent_image star15 infrared3)
    (sent_image star14 thermograph2)
    (sent_image phenomenon13 spectrograph4)
    (sent_image planet11 infrared3)
    (sent_image planet10 thermograph2)
    (sent_image star9 spectrograph4)
    (sent_image planet8 infrared1)
    (sent_image star7 infrared0)
    (sent_image phenomenon6 spectrograph4)
    (sent_image planet5 infrared0)

Finishing preprocessing.  Making a TRPG heuristic...
Making an open list...
Running WA* search (g weight = 1, h weight = 5)
{(power_avail satellite0),(pointing satellite0 planet16),(power_avail satellite1),(pointing satellite1 star4),(power_avail satellite2),(pointing satellite2 star15),(power_avail satellite3),(pointing satellite3 phenomenon6),(power_avail satellite4),(pointing satellite4 star14),(available antenna0),(available antenna1),(available antenna2)}
[]
Initial heuristic = 73
Initial stats: t=0.2s, 19404kb
b (72 @ n=74, t=0.42s, 20268kb)b (71 @ n=102, t=0.5s, 20268kb).{EPS=4.02123,ETD=24}.{EPS=5.02361,ETD=49}b (70 @ n=11426, t=26.44s, 48908kb).{EPS=5.41555,ETD=35.7651}.{EPS=5.68699,ETD=39.8241}.{EPS=5.82588,ETD=51.7149}.{EPS=5.87763,ETD=67.1739}b (69 @ n=28865, t=53.92s, 140996kb).{EPS=5.84005,ETD=84.1519}.{EPS=5.80804,ETD=102.263}.{EPS=5.81583,ETD=121.029}.{EPS=5.79173,ETD=125.816}.{EPS=6.03806,ETD=127.516}.{EPS=5.955,ETD=129.226}.{EPS=5.81064,ETD=142.13}.{EPS=5.70561,ETD=155.54}.{EPS=5.58329,ETD=168.77}.{EPS=5.50916,ETD=181.99}.{EPS=5.42152,ETD=195.598}.{EPS=5.37883,ETD=209.404}.{EPS=5.22974,ETD=223.526}ddddd.{EPS=5.10991,ETD=252.384}dddddddd.{EPS=5.00325,ETD=298.12}ddddd