Parsing and Instantiating...
Warning: rounding numeric constants such as 6.45279 to an accuracy of 0.001
Done
One way facts...
Mutex groups...
Semaphore Facts...
Envelope Facts...
One-shot actions...
(bs-dispense c-bs input wp1 base_black) is 1 shot
(bs-dispense c-bs output wp1 base_black) is 1 shot
(bs-dispense c-bs input wp1 base_red) is 1 shot
(bs-dispense c-bs output wp1 base_red) is 1 shot
(bs-dispense c-bs input wp1 base_silver) is 1 shot
(bs-dispense c-bs output wp1 base_silver) is 1 shot
(bs-dispense c-bs input wp1 base_black) is 1 shot
(bs-dispense c-bs output wp1 base_black) is 1 shot
(bs-dispense c-bs input wp1 base_red) is 1 shot
(bs-dispense c-bs output wp1 base_red) is 1 shot
(bs-dispense c-bs input wp1 base_silver) is 1 shot
(bs-dispense c-bs output wp1 base_silver) is 1 shot
(prepare-ds r-1 c-ds gate-1) is 1 shot
(prepare-ds r-2 c-ds gate-1) is 1 shot
(prepare-ds r-3 c-ds gate-1) is 1 shot
(prepare-ds r-1 c-ds gate-2) is 1 shot
(prepare-ds r-2 c-ds gate-2) is 1 shot
(prepare-ds r-3 c-ds gate-2) is 1 shot
(prepare-ds r-1 c-ds gate-3) is 1 shot
(prepare-ds r-2 c-ds gate-3) is 1 shot
(prepare-ds r-3 c-ds gate-3) is 1 shot
(wp-get-shelf r-1 cg1 c-cs1 left) is 1 shot
(wp-get-shelf r-2 cg1 c-cs1 left) is 1 shot
(wp-get-shelf r-3 cg1 c-cs1 left) is 1 shot
(wp-get-shelf r-1 cg2 c-cs1 middle) is 1 shot
(wp-get-shelf r-2 cg2 c-cs1 middle) is 1 shot
(wp-get-shelf r-3 cg2 c-cs1 middle) is 1 shot
(wp-get-shelf r-1 cg3 c-cs1 right) is 1 shot
(wp-get-shelf r-2 cg3 c-cs1 right) is 1 shot
(wp-get-shelf r-3 cg3 c-cs1 right) is 1 shot
(wp-get-shelf r-1 cb1 c-cs2 left) is 1 shot
(wp-get-shelf r-2 cb1 c-cs2 left) is 1 shot
(wp-get-shelf r-3 cb1 c-cs2 left) is 1 shot
(wp-get-shelf r-1 cb2 c-cs2 middle) is 1 shot
(wp-get-shelf r-2 cb2 c-cs2 middle) is 1 shot
(wp-get-shelf r-3 cb2 c-cs2 middle) is 1 shot
(wp-get-shelf r-1 cb3 c-cs2 right) is 1 shot
(wp-get-shelf r-2 cb3 c-cs2 right) is 1 shot
(wp-get-shelf r-3 cb3 c-cs2 right) is 1 shot
Integral variables...
Variable bounds...
Static numeric conditions...
Duration bounds...
TIL time window analysis...
Bounding action timestamps due to time windows...
(order-delivery-window-open o1) forms a window with range [0.000,180.690]
Bounds on (fulfill-order-c0-within-tw o1 wp1 c-ds gate-2 base_black cap_black) (duration [0.010,0.010]):
	0: [0.000,180.680]
	1: [0.000,180.680]
	2: [0.010,180.690]
(can-commit-for-ontime-delivery o1) forms a window with range [0.000,24.970]
Bounds on (commit-to-ontime-delivery o1) (duration [0.010,0.010]):
	0: [0.000,24.969]
	1: [0.000,24.969]
	2: [0.010,24.979]
Bounds on (do-not-commit-to-ontime-delivery o1) (duration [0.010,0.010]):
	0: [0.000,24.969]
	1: [0.000,24.969]
	2: [0.010,24.979]
Dominance constraints (excluding processes and events)...
Damaging events...
Dominance constraints (including processes and events)...
Variable monotonicity...
Max/min needed values for any single precondition...
Irrelevant action pruning by backward reachability from goal...
Uninterestingness criteria...
Compression-safe actions...
Compression-safe invariants...
64% of durative actions in this problem are compression safe
Goal Goal [1]
    (order-fulfilled o1)

Finishing preprocessing.  Making a TRPG heuristic...
Making an open list...
Running WA* search (g weight = 1, h weight = 5)
{(order-delivery-window-open o1),(can-commit-for-ontime-delivery o1),(location-free start input),(location-free c-bs input),(location-free c-bs output),(location-free c-cs1 input),(location-free c-cs1 output),(location-free c-cs2 input),(location-free c-cs2 output),(location-free c-ds input),(location-free c-ds output),(cs-can-perform c-cs1 cs_retrieve),(cs-can-perform c-cs2 cs_retrieve),(wp-base-color wp1 base_none),(wp-cap-color wp1 cap_none),(wp-ring1-color wp1 ring_none),(wp-ring2-color wp1 ring_none),(wp-ring3-color wp1 ring_none),(wp-unused wp1),(robot-waiting r-1),(robot-waiting r-2),(robot-waiting r-3),(mps-state c-bs idle),(mps-state c-cs1 idle),(mps-state c-cs2 idle),(mps-state c-ds idle),(wp-cap-color cg1 cap_grey),(wp-cap-color cg2 cap_grey),(wp-cap-color cg3 cap_grey),(wp-on-shelf cg1 c-cs1 left),(wp-on-shelf cg2 c-cs1 middle),(wp-on-shelf cg3 c-cs1 right),(wp-cap-color cb1 cap_black),(wp-cap-color cb2 cap_black),(wp-cap-color cb3 cap_black),(wp-on-shelf cb1 c-cs2 left),(wp-on-shelf cb2 c-cs2 middle),(wp-on-shelf cb3 c-cs2 right)}
[]
Initial heuristic = 29
Initial stats: t=0.02s, 8096kb
b (28 @ n=2, t=0.02s, 8096kb)b (26 @ n=3, t=0.02s, 8096kb)b (25 @ n=23, t=0.03s, 8096kb)Warning: self overlapping Action 434:1 at 1
b (24 @ n=121, t=0.05s, 8296kb)xd.{EPS=892.857,ETD=20.5918}xxxxb (23 @ n=458, t=0.11s, 8888kb).{EPS=1010.1,ETD=41.2929}b (22 @ n=512, t=0.12s, 9000kb)b (21 @ n=514, t=0.12s, 9000kb)b (20 @ n=517, t=0.13s, 9000kb)b (16 @ n=535, t=0.13s, 9056kb)b (15 @ n=561, t=0.14s, 9132kb)db (13 @ n=566, t=0.14s, 9240kb)b (12 @ n=575, t=0.14s, 9240kb)b (11 @ n=585, t=0.14s, 9240kb)dxdd.{EPS=931.677,ETD=28.3356}dddd.{EPS=925.926,ETD=23.8342}ddddd.{EPS=905.797,ETD=21.0643}ddddd.{EPS=877.193,ETD=19.602}dddd.{EPS=886.076,ETD=20.7278}dxxdxd.{EPS=898.876,ETD=21.2556}ddxd.{EPS=914.634,ETD=22.1314}xddx.{EPS=936.33,ETD=23.02}dxdxdx.{EPS=950.57,ETD=24.432}dxddd.{EPS=920.81,ETD=20.114}xdxddx.{EPS=954.198,ETD=24.836}dxd.{EPS=984.252,ETD=32.636}dxdxdx.{EPS=1020.41,ETD=37.136}xddxd.{EPS=1054.85,ETD=49.846}dxdxd.{EPS=1091.7,ETD=61.78}xdxdx.{EPS=1121.08,ETD=63.138}dxxdxxxx.{EPS=1136.36,ETD=70.008}db (9 @ n=4298, t=0.96s, 37712kb)b (8 @ n=4302, t=0.96s, 37712kb)b (7 @ n=4305, t=0.96s, 37844kb)dddd.{EPS=1037.34,ETD=67.134}ddd.{EPS=1022.49,ETD=65.592}ddd.{EPS=1024.59,ETD=65.868}xdd.{EPS=1004.02,ETD=61.59}xdxdd.{EPS=972.763,ETD=53.884}ddd.{EPS=938.086,ETD=49.668}ddd.{EPS=909.091,ETD=37.224}dxdd.{EPS=865.052,ETD=23.374}dxdx.{EPS=836.12,ETD=20.826}ddddd.{EPS=794.913,ETD=16.7}ddd.{EPS=822.368,ETD=17.132}ddd.{EPS=811.688,ETD=16.03}ddddd.{EPS=773.994,ETD=15.924}dddd.{EPS=762.195,ETD=23.558}ddd.{EPS=766.871,ETD=40.538}dd.{EPS=770.416,ETD=46.034}ddd.{EPS=796.178,ETD=46.134}ddx.{EPS=803.859,ETD=49.228}dd.{EPS=821.018,ETD=48.81}ddd.{EPS=856.164,ETD=46.05}dxd.{EPS=860.585,ETD=46.402}dxdxd.{EPS=874.126,ETD=46.212}dd.{EPS=920.81,ETD=45.998}dddxd.{EPS=919.118,ETD=38.664}xddx.{EPS=907.441,ETD=22.646}ddddd.{EPS=883.392,ETD=39.134}ddd.{EPS=841.751,ETD=38.148}ddd.{EPS=846.024,ETD=35.61}ddxd.{EPS=827.815,ETD=36.446}dd.{EPS=825.083,ETD=35.118}ddxd.{EPS=815.661,ETD=37.456}ddddxd.{EPS=771.605,ETD=45.564}ddd.{EPS=764.526,ETD=44.88}dd.{EPS=758.725,ETD=44.672}dxdx.{EPS=761.035,ETD=43.616}dddd.{EPS=749.625,ETD=21.952}ddd.{EPS=749.625,ETD=22.76}ddxd.{EPS=730.994,ETD=22.458}ddx.{EPS=729.927,ETD=22.024}dxddd.{EPS=705.219,ETD=23.69}dddd.{EPS=684.932,ETD=22.386}ddd.{EPS=701.262,ETD=14.458}dddd.{EPS=684.932,ETD=15.522}ddd.{EPS=693.481,ETD=31.762}ddd.{EPS=685.871,ETD=43.048}ddxd.{EPS=705.219,ETD=45.16}dd.{EPS=732.064,ETD=44.676}dd.{EPS=756.43,ETD=46.314}dxd.{EPS=751.88,ETD=46.02}ddxxddxdx.{EPS=733.138,ETD=51.466}xxdxxdxdxdx.{EPS=754.148,ETD=102.112}xdddxd.{EPS=730.994,ETD=137.574}ddd.{EPS=750.751,ETD=136.944}ddd.{EPS=747.384,ETD=123.118}dd.{EPS=756.43,ETD=111.254}dd.{EPS=765.697,ETD=109.514}ddxddx.{EPS=724.638,ETD=124.942}dddd.{EPS=693.481,ETD=122.8}ddd.{EPS=700.28,ETD=123.57}dd.{EPS=733.138,ETD=116.55}xdddd.{EPS=704.225,ETD=117.092}ddd.{EPS=723.589,ETD=81.8}dddx.{EPS=698.324,ETD=81.104}ddxd.{EPS=694.444,ETD=79.318}ddd.{EPS=667.557,ETD=80.046}xddd.{EPS=646.831,ETD=79.22}dd.{EPS=664.011,ETD=63.854}dxddx.{EPS=675.676,ETD=64.06}dddd.{EPS=641.849,ETD=67.348}ddd.{EPS=624.22,ETD=66.496}dddd.{EPS=629.723,ETD=15.124}ddd.{EPS=631.313,ETD=27.414}ddd.{EPS=645.161,ETD=41.042}dxd.{EPS=651.89,ETD=42.124}ddxdd.{EPS=647.668,ETD=50.918}dddx.{EPS=659.631,ETD=50.008}dd.{EPS=662.252,ETD=49.352}dd.{EPS=668.449,ETD=50.21}dxd.{EPS=698.324,ETD=45.658}ddxd.{EPS=716.332,ETD=48.254}dxd.{EPS=742.942,ETD=58.218}dd.{EPS=755.287,ETD=45.192}ddxd.{EPS=769.231,ETD=32.094}dd.{EPS=768.049,ETD=30.08}dd.{EPS=806.452,ETD=20.71}xdddx.{EPS=803.859,ETD=23.51}dd.{EPS=803.859,ETD=23.542}dd.{EPS=801.282,ETD=24.088}dxd.{EPS=803.859,ETD=23.984}ddd.{EPS=802.568,ETD=21.36}dxd.{EPS=809.061,ETD=12.648}xdd.{EPS=809.061,ETD=18.9}ddd.{EPS=791.139,ETD=18.34}dxd.{EPS=783.699,ETD=18.76}dd.{EPS=776.398,ETD=18.704}dd.{EPS=778.816,ETD=16.52}dxdd.{EPS=773.994,ETD=16.894}dd.{EPS=775.194,ETD=18.976}xddx.{EPS=781.25,ETD=36.2}ddx.{EPS=784.929,ETD=39.832}dd.{EPS=784.929,ETD=42.154}dxdx.{EPS=780.031,ETD=44.36}ddd.{EPS=781.25,ETD=46.09}ddx.{EPS=781.25,ETD=45.408}dd.{EPS=778.816,ETD=46.988}ddd.{EPS=777.605,ETD=46.666}xdd.{EPS=778.816,ETD=46.302}ddx.{EPS=775.194,ETD=46.624}dxdd.{EPS=758.725,ETD=46.506}dxd.{EPS=755.287,ETD=46.704}ddx.{EPS=751.88,ETD=50.164}ddd.{EPS=745.156,ETD=42.118}xddx.{EPS=753.012,ETD=43.118}dd.{EPS=759.878,ETD=52.102}xddx.{EPS=762.195,ETD=63.438}dd.{EPS=763.359,ETD=66.128}dxdd.{EPS=761.035,ETD=67.354}dxd.{EPS=766.871,ETD=65.356}dd.{EPS=771.605,ETD=51.134}xdddxx.{EPS=751.88,ETD=83.19}dxxxdxxxxdx.{EPS=744.048,ETD=74.76}xxdxxxxdxd.{EPS=728.863,ETD=170.398}ddd.{EPS=729.927,ETD=167.116}xdd.{EPS=722.543,ETD=158.214}dd.{EPS=720.461,ETD=146.616}dxd.{EPS=721.501,ETD=144.286}ddd.{EPS=715.308,ETD=143.798}xdd.{EPS=704.225,ETD=141.538}dd.{EPS=702.247,ETD=138.552}dxdd.{EPS=713.267,ETD=102.228}dd.{EPS=712.251,ETD=104.328}ddx.{EPS=728.863,ETD=11.116}dxdxd.{EPS=716.332,ETD=17.732}dd.{EPS=709.22,ETD=17.82}dd.{EPS=703.235,ETD=17.62}dxd.{EPS=697.35,ETD=17.096}ddd.{EPS=699.301,ETD=16.366}dxd.{EPS=701.262,ETD=16.888}dd.{EPS=703.235,ETD=18.93}xddx.{EPS=703.235,ETD=29.776}dd.{EPS=704.225,ETD=29.062}ddxd.{EPS=711.238,ETD=46.508}dxd.{EPS=726.744,ETD=49.592}dxd.{EPS=730.994,ETD=51.184}dxd.{EPS=738.552,ETD=59.324}ddx.{EPS=741.84,ETD=66.45}ddd.{EPS=736.377,ETD=67.996}dxd.{EPS=727.802,ETD=68.958}ddx.{EPS=723.589,ETD=78.008}xdd.{EPS=723.589,ETD=68.16}ddxd.{EPS=714.286,ETD=67.012}ddx.{EPS=703.235,ETD=47.43}dd.{EPS=693.481,ETD=39.522}dxdd.{EPS=688.705,ETD=38.794}dxd.{EPS=683.995,ETD=30.668}ddxdx.{EPS=664.894,ETD=66.536}ddd.{EPS=663.13,ETD=65.182}dd.{EPS=668.449,ETD=63.712}xdd.{EPS=667.557,ETD=52.66}dd.{EPS=664.894,ETD=51.776}dxdd.{EPS=672.948,ETD=52.802}dxd.{EPS=663.13,ETD=54.078}dd.{EPS=659.631,ETD=52.422}ddxd.{EPS=657.895,ETD=54.012}dd.{EPS=655.308,ETD=52.756}dd.{EPS=665.779,ETD=9.928}xdd.{EPS=671.141,ETD=11.222}ddx.{EPS=676.59,ETD=14.712}ddd.{EPS=672.948,ETD=15.38}xxdd.{EPS=659.631,ETD=21.612}ddd.{EPS=650.195,ETD=20.172}dxd.{EPS=653.595,ETD=18.336}dd.{EPS=652.742,ETD=18.342}ddx.{EPS=649.351,ETD=16.002}ddx.{EPS=646.831,ETD=21.85}ddd.{EPS=639.386,ETD=23.434}ddx.{EPS=635.324,ETD=21.878}dd.{EPS=626.566,ETD=18.468}ddd.{EPS=622.665,ETD=17.992}xdd.{EPS=629.723,ETD=12.636}dxd.{EPS=625,ETD=18.132}xddxd.{EPS=629.723,ETD=27.11}dxd.{EPS=631.313,ETD=32.882}ddx.{EPS=636.943,ETD=61.572}ddxdd.{EPS=617.284,ETD=71.51}xdd.{EPS=626.566,ETD=82.172}dxd.{EPS=625,ETD=83.546}dd.{EPS=628.141,ETD=89.592}dxd.{EPS=632.911,ETD=99.046}ddd.{EPS=632.911,ETD=106.386}xdxdxddx.{EPS=610.501,ETD=259.592}xddxdxxxdx.{EPS=583.431,ETD=297.764}xdxxdxxxdx.{EPS=569.476,ETD=293.214}xxdxdd.{EPS=545.852,ETD=266.758}ddxd.{EPS=547.046,ETD=251.364}dxxdxd.{EPS=527.426,ETD=247.216}dddxd.{EPS=513.347,ETD=246.454}dxdxxd.{EPS=496.524,ETD=247.228}dddd.{EPS=469.484,ETD=238.2}dxdd.{EPS=454.959,ETD=230.836}dddx.{EPS=460.405,ETD=73.042}dxxdxxxdd.{EPS=454.959,ETD=26.502}dd.{EPS=453.721,ETD=26.236}ddd.{EPS=452.899,ETD=25.406}ddd.{EPS=454.959,ETD=26.358}ddd.{EPS=453.309,ETD=19.512}dd.{EPS=454.959,ETD=19.922}dxdddd.{EPS=441.306,ETD=20.548}ddxdd.{EPS=437.063,ETD=24.284}ddxd.{EPS=438.982,ETD=23.936}dxdd.{EPS=437.063,ETD=24.668}dxxxxdd.{EPS=444.444,ETD=31.08}dxd.{EPS=450.045,ETD=37.02}dd.{EPS=461.255,ETD=43.258}dxdxxxd.{EPS=459.982,ETD=54.36}dddd.{EPS=448.43,ETD=53.316}dddx.{EPS=443.656,ETD=52.952}dxdxxd.{EPS=460.405,ETD=46.074}xxddd.{EPS=469.043,ETD=42.684}ddd.{EPS=469.484,ETD=43.318}dd.{EPS=465.116,ETD=43.492}ddxd.{EPS=461.681,ETD=37.338}dddd.{EPS=439.367,ETD=34.218}dxddd.{EPS=416.667,ETD=28.412}dxdd.{EPS=417.711,ETD=16.528}dxdd.{EPS=428.816,ETD=18.492}dxxxxdd.{EPS=430.293,ETD=26.57}xdxxxdxx.{EPS=428.816,ETD=47.716}xdxxxxdxx.{EPS=436.3,ETD=58.83}xdxxxdxxxxd.{EPS=437.063,ETD=77.696}dddxd.{EPS=428.816,ETD=76.502}ddd.{EPS=427.35,ETD=76.31}dxdxdx.{EPS=437.828,ETD=72.962}xddd.{EPS=439.754,ETD=71.662}dddd.{EPS=427.716,ETD=72.608}dxddd.{EPS=410.509,ETD=72.076}dxddd.{EPS=402.253,ETD=64.878}dxxdxdd.{EPS=391.85,ETD=58.796}ddxdd.{EPS=381.679,ETD=47.216}ddx.{EPS=379.363,ETD=28.072}dxdxdxdxx.{EPS=381.098,ETD=41.324}dddxd.{EPS=373.692,ETD=47.07}ddd.{EPS=370.37,ETD=47.486}dxdxdx.{EPS=378.501,ETD=47.44}ddxxxddd.{EPS=367.918,ETD=57.984}xdddd.{EPS=369.822,ETD=57.05}dxdx.{EPS=377.358,ETD=57.414}dxdxdxdx.{EPS=378.215,ETD=42.5}xdxxxdxx.{EPS=386.997,ETD=88.898}xdxxxdxxd.{EPS=384.025,ETD=98.714}ddxdx.{EPS=390.93,ETD=85.04}xdxxxdxxx.{EPS=400.962,ETD=111.172}dxxdd.{EPS=407.83,ETD=173.964}dxdd.{EPS=412.201,ETD=173.944}dddxd.{EPS=410.509,ETD=162.698}dddd.{EPS=402.901,ETD=162.44}dddd.{EPS=389.712,ETD=161.796}dxdddd.{EPS=394.011,ETD=169.644}ddxdd.{EPS=390.32,ETD=135.644}xdddxd.{EPS=394.633,ETD=226.844}xdxd.{EPS=400,ETD=236.388}dxddd.{EPS=382.848,ETD=203.69}dddd.{EPS=352.361,ETD=143.204}dddd.{EPS=337.382,ETD=143.55}ddd.{EPS=345.304,ETD=170.162}ddxd.{EPS=356.633,ETD=190.034}dddd.{EPS=355.619,ETD=195.63}ddxd.{EPS=348.432,ETD=208.138}dddd.{EPS=336.7,ETD=200.596}ddxxd.{EPS=328.299,ETD=109.348}dxdxxd.{EPS=307.503,ETD=106.76}ddd.{EPS=313.283,ETD=122.324}dddxd.{EPS=318.471,ETD=122.116}ddd.{EPS=312.11,ETD=126.684}dddd.{EPS=304.136,ETD=121.278}d~~~~~~~~~~~~~~~~~~~~~~~~~~~~~~~~~~~~~~~~~~~~~~~~~~~~~~~~~~~~~~~~~~~~~~~~~~~~~~~~~~~~~~~~~~~~~~~~~~~~~~~~~~~~~~~~~~~~~~~~~~~~~~~~~~~~~~~~~~~~~~~~~~~~~~~~~~~~~~~~~~~~~~~~~~~~~~~~~~~~~~~~~~~~~~~~~~~~~~~~~~~~~~~~~~~~~~~~~~~~~~~~~~~~~~~~~~~~~~~~~~~~~~~~~~~~~~~~~~~~~~~~~~~~~~~~~~~~~~~~~~~~~~~~~~~~~~~~~~~~~~~~~~~~~~~~~~~~~~~~~~~~~~~~~~~~~~~~~~~~~~~~~~~~~~~~~~~~~~~~~~~~~~~~~~~~~~~~~~~~~~~~~~~~~~~~~~~~~~~~~~~~~~~~~~~~~~~~~~~~~~~~~~~~~~~~~~~~~~~~~~~~~~~~~~~~~~~~~~~~~~~~~~~~~~~~~~~~~~~~~~~~~~~~~~~~~~~~~~~~~~~~~~~~~~~~~~~~~~~~~~~~~~~~~~~~~~~~~~~~~~~~~~~~~~~~~~~~~~~~~~~~~~~~~~~~~~~~~~~~~~~~~~~~~~~~~~~~~~~~~~~~~~~~~~~~~~~~~~~~~~~~~~~~~~~~~~~~~~~~~~~~~~~~~~~~~~~~~~~~~~~~~~~~~~~~~~~~~~~~~~~~~~~~~~~~~~~~~~~~~~~~~~~~~~~~~~~~~~~~~~~~~~~~~~~~~~~~~~~~~~~~~~~~~~~~~~~~~~~~~~~~~~~~~~~~~~~~~~~~~~~~~~~~~~~~~~~~~~~~~~~~~~~~~~~x~~~~~~~~~~~~~~~~~~~~~~~~~~~~~~~~~~~~~~~~~~~~~~~~~~~~~~~~~~~~~~~~~~~~~~~~~~~~~~~~~~~~~~~~~~~~~~~~~~~~~~~~~~~~~~~~~~~~~~~~~~~~~~~~~~~~~~~~~~~~~~~~~~~~~~~~~~~~~~~~~~~~~~~~~~~~~~~~~~~~~~~~~~~~~~~~~~~~~~~~~~~~~~~~~~~~~~~~~~~~~~~~~~~~~~~~~~~~~~~~~~~~~~~~~~~~~~~~~~~~~~~~~~~~~~~~~~~~~~~~~~~~~~~~~~~~~~~~~~~~~~~~~~~~~~~~~~~~~~~~~~~~~~~~~~~~~~~~~~~~~~~~~~~~~~~~~~~~~~~~~~~~~~~~~~~~~~~~~~~~~~~~~~~~~~~~~~~~~~~~~~~~~~~~~~~~~~~~~~~~~~~~~~~~~~~~~~~~~~~~~~~~~~~~~~~~~~~~~~~~~~~~~~~~~~~~~~~~~~~~~~~~~~~~~~~~~~~d.{EPS=308.452,ETD=1017.82}ddddd.{EPS=322.997,ETD=2482.25}dd
;;;; Problem Unsolvable
; Nodes Generated: 58232
; Nodes Expanded:  14820
; Nodes Evaluated: 58226
; Nodes Tunneled:  108
; Nodes memoised with open actions: 51387
; Nodes memoised without open actions: 41457
; Nodes pruned by memoisation: 34612
; Time 25.10
