Parsing and Instantiating...
Done
One way facts...
Mutex groups...
Semaphore Facts...
Envelope Facts...
One-shot actions...
Integral variables...
Variable bounds...
Static numeric conditions...
Duration bounds...
TIL time window analysis...
Bounding action timestamps due to time windows...
(deliverable b1) forms a window with range [0.000,3.100]
Bounds on (push-end s12 a1 a2 b1 b10) (duration [0.500,0.500]):
	0: [0.000,2.599]
	1: [0.000,2.599]
	2: [0.000,3.099]
Bounds on (push-end s13 a1 a3 b1 b10) (duration [0.500,0.500]):
	0: [0.000,2.599]
	1: [0.000,2.599]
	2: [0.000,3.099]
Bounds on (push-end s12 a1 a2 b1 b11) (duration [0.500,0.500]):
	0: [0.000,2.599]
	1: [0.000,2.599]
	2: [0.000,3.099]
Bounds on (push-end s13 a1 a3 b1 b11) (duration [0.500,0.500]):
	0: [0.000,2.599]
	1: [0.000,2.599]
	2: [0.000,3.099]
Bounds on (push-end s12 a1 a2 b1 b3) (duration [0.500,0.500]):
	0: [0.000,2.599]
	1: [0.000,2.599]
	2: [0.000,3.099]
Bounds on (push-end s13 a1 a3 b1 b3) (duration [0.500,0.500]):
	0: [0.000,2.599]
	1: [0.000,2.599]
	2: [0.000,3.099]
Bounds on (push-end s12 a1 a2 b1 b4) (duration [0.500,0.500]):
	0: [0.000,2.599]
	1: [0.000,2.599]
	2: [0.000,3.099]
Bounds on (push-end s13 a1 a3 b1 b4) (duration [0.500,0.500]):
	0: [0.000,2.599]
	1: [0.000,2.599]
	2: [0.000,3.099]
Bounds on (push-end s12 a1 a2 b1 b5) (duration [0.500,0.500]):
	0: [0.000,2.599]
	1: [0.000,2.599]
	2: [0.000,3.099]
Bounds on (push-end s13 a1 a3 b1 b5) (duration [0.500,0.500]):
	0: [0.000,2.599]
	1: [0.000,2.599]
	2: [0.000,3.099]
Bounds on (push-end s12 a1 a2 b1 b6) (duration [0.500,0.500]):
	0: [0.000,2.599]
	1: [0.000,2.599]
	2: [0.000,3.099]
Bounds on (push-end s13 a1 a3 b1 b6) (duration [0.500,0.500]):
	0: [0.000,2.599]
	1: [0.000,2.599]
	2: [0.000,3.099]
Bounds on (push-end s12 a1 a2 b1 b7) (duration [0.500,0.500]):
	0: [0.000,2.599]
	1: [0.000,2.599]
	2: [0.000,3.099]
Bounds on (push-end s13 a1 a3 b1 b7) (duration [0.500,0.500]):
	0: [0.000,2.599]
	1: [0.000,2.599]
	2: [0.000,3.099]
Bounds on (push-end s12 a1 a2 b1 b8) (duration [0.500,0.500]):
	0: [0.000,2.599]
	1: [0.000,2.599]
	2: [0.000,3.099]
Bounds on (push-end s13 a1 a3 b1 b8) (duration [0.500,0.500]):
	0: [0.000,2.599]
	1: [0.000,2.599]
	2: [0.000,3.099]
Bounds on (push-end s12 a1 a2 b1 b9) (duration [0.500,0.500]):
	0: [0.000,2.599]
	1: [0.000,2.599]
	2: [0.000,3.099]
Bounds on (push-end s13 a1 a3 b1 b9) (duration [0.500,0.500]):
	0: [0.000,2.599]
	1: [0.000,2.599]
	2: [0.000,3.099]
Bounds on (pop-end s12 a1 a2 b1 b10) (duration [0.500,0.500]):
	0: [0.000,2.599]
	1: [0.000,2.599]
	2: [0.000,3.099]
Bounds on (pop-end s13 a1 a3 b1 b10) (duration [0.500,0.500]):
	0: [0.000,2.599]
	1: [0.000,2.599]
	2: [0.000,3.099]
Bounds on (pop-end s12 a1 a2 b1 b11) (duration [0.500,0.500]):
	0: [0.000,2.599]
	1: [0.000,2.599]
	2: [0.000,3.099]
Bounds on (pop-end s13 a1 a3 b1 b11) (duration [0.500,0.500]):
	0: [0.000,2.599]
	1: [0.000,2.599]
	2: [0.000,3.099]
Bounds on (pop-end s12 a1 a2 b1 b3) (duration [0.500,0.500]):
	0: [0.000,2.599]
	1: [0.000,2.599]
	2: [0.000,3.099]
Bounds on (pop-end s13 a1 a3 b1 b3) (duration [0.500,0.500]):
	0: [0.000,2.599]
	1: [0.000,2.599]
	2: [0.000,3.099]
Bounds on (pop-end s12 a1 a2 b1 b4) (duration [0.500,0.500]):
	0: [0.000,2.599]
	1: [0.000,2.599]
	2: [0.000,3.099]
Bounds on (pop-end s13 a1 a3 b1 b4) (duration [0.500,0.500]):
	0: [0.000,2.599]
	1: [0.000,2.599]
	2: [0.000,3.099]
Bounds on (pop-end s12 a1 a2 b1 b5) (duration [0.500,0.500]):
	0: [0.000,2.599]
	1: [0.000,2.599]
	2: [0.000,3.099]
Bounds on (pop-end s13 a1 a3 b1 b5) (duration [0.500,0.500]):
	0: [0.000,2.599]
	1: [0.000,2.599]
	2: [0.000,3.099]
Bounds on (pop-end s12 a1 a2 b1 b6) (duration [0.500,0.500]):
	0: [0.000,2.599]
	1: [0.000,2.599]
	2: [0.000,3.099]
Bounds on (pop-end s13 a1 a3 b1 b6) (duration [0.500,0.500]):
	0: [0.000,2.599]
	1: [0.000,2.599]
	2: [0.000,3.099]
Bounds on (pop-end s12 a1 a2 b1 b7) (duration [0.500,0.500]):
	0: [0.000,2.599]
	1: [0.000,2.599]
	2: [0.000,3.099]
Bounds on (pop-end s13 a1 a3 b1 b7) (duration [0.500,0.500]):
	0: [0.000,2.599]
	1: [0.000,2.599]
	2: [0.000,3.099]
Bounds on (pop-end s12 a1 a2 b1 b8) (duration [0.500,0.500]):
	0: [0.000,2.599]
	1: [0.000,2.599]
	2: [0.000,3.099]
Bounds on (pop-end s13 a1 a3 b1 b8) (duration [0.500,0.500]):
	0: [0.000,2.599]
	1: [0.000,2.599]
	2: [0.000,3.099]
Bounds on (pop-end s12 a1 a2 b1 b9) (duration [0.500,0.500]):
	0: [0.000,2.599]
	1: [0.000,2.599]
	2: [0.000,3.099]
Bounds on (pop-end s13 a1 a3 b1 b9) (duration [0.500,0.500]):
	0: [0.000,2.599]
	1: [0.000,2.599]
	2: [0.000,3.099]
(deliverable b9) forms a window with range [0.000,7.120]
Bounds on (push-end s12 a1 a2 b9 b0) (duration [0.500,0.500]):
	0: [0.000,6.619]
	1: [0.000,6.619]
	2: [0.000,7.119]
Bounds on (push-end s13 a1 a3 b9 b0) (duration [0.500,0.500]):
	0: [0.000,6.619]
	1: [0.000,6.619]
	2: [0.000,7.119]
Bounds on (push-end s12 a1 a2 b9 b1) (duration [0.500,0.500]):
	0: [0.000,6.619]
	1: [0.000,6.619]
	2: [0.000,7.119]
Bounds on (push-end s13 a1 a3 b9 b1) (duration [0.500,0.500]):
	0: [0.000,6.619]
	1: [0.000,6.619]
	2: [0.000,7.119]
Bounds on (push-end s12 a1 a2 b9 b10) (duration [0.500,0.500]):
	0: [0.000,6.619]
	1: [0.000,6.619]
	2: [0.000,7.119]
Bounds on (push-end s13 a1 a3 b9 b10) (duration [0.500,0.500]):
	0: [0.000,6.619]
	1: [0.000,6.619]
	2: [0.000,7.119]
Bounds on (push-end s12 a1 a2 b9 b11) (duration [0.500,0.500]):
	0: [0.000,6.619]
	1: [0.000,6.619]
	2: [0.000,7.119]
Bounds on (push-end s13 a1 a3 b9 b11) (duration [0.500,0.500]):
	0: [0.000,6.619]
	1: [0.000,6.619]
	2: [0.000,7.119]
Bounds on (push-end s12 a1 a2 b9 b2) (duration [0.500,0.500]):
	0: [0.000,6.619]
	1: [0.000,6.619]
	2: [0.000,7.119]
Bounds on (push-end s13 a1 a3 b9 b2) (duration [0.500,0.500]):
	0: [0.000,6.619]
	1: [0.000,6.619]
	2: [0.000,7.119]
Bounds on (push-end s12 a1 a2 b9 b3) (duration [0.500,0.500]):
	0: [0.000,6.619]
	1: [0.000,6.619]
	2: [0.000,7.119]
Bounds on (push-end s13 a1 a3 b9 b3) (duration [0.500,0.500]):
	0: [0.000,6.619]
	1: [0.000,6.619]
	2: [0.000,7.119]
Bounds on (push-end s12 a1 a2 b9 b4) (duration [0.500,0.500]):
	0: [0.000,6.619]
	1: [0.000,6.619]
	2: [0.000,7.119]
Bounds on (push-end s13 a1 a3 b9 b4) (duration [0.500,0.500]):
	0: [0.000,6.619]
	1: [0.000,6.619]
	2: [0.000,7.119]
Bounds on (push-end s12 a1 a2 b9 b5) (duration [0.500,0.500]):
	0: [0.000,6.619]
	1: [0.000,6.619]
	2: [0.000,7.119]
Bounds on (push-end s13 a1 a3 b9 b5) (duration [0.500,0.500]):
	0: [0.000,6.619]
	1: [0.000,6.619]
	2: [0.000,7.119]
Bounds on (push-end s12 a1 a2 b9 b6) (duration [0.500,0.500]):
	0: [0.000,6.619]
	1: [0.000,6.619]
	2: [0.000,7.119]
Bounds on (push-end s13 a1 a3 b9 b6) (duration [0.500,0.500]):
	0: [0.000,6.619]
	1: [0.000,6.619]
	2: [0.000,7.119]
Bounds on (push-end s12 a1 a2 b9 b7) (duration [0.500,0.500]):
	0: [0.000,6.619]
	1: [0.000,6.619]
	2: [0.000,7.119]
Bounds on (push-end s13 a1 a3 b9 b7) (duration [0.500,0.500]):
	0: [0.000,6.619]
	1: [0.000,6.619]
	2: [0.000,7.119]
Bounds on (push-end s12 a1 a2 b9 b8) (duration [0.500,0.500]):
	0: [0.000,6.619]
	1: [0.000,6.619]
	2: [0.000,7.119]
Bounds on (push-end s13 a1 a3 b9 b8) (duration [0.500,0.500]):
	0: [0.000,6.619]
	1: [0.000,6.619]
	2: [0.000,7.119]
Bounds on (pop-end s12 a1 a2 b9 b0) (duration [0.500,0.500]):
	0: [0.000,6.619]
	1: [0.000,6.619]
	2: [0.000,7.119]
Bounds on (pop-end s13 a1 a3 b9 b0) (duration [0.500,0.500]):
	0: [0.000,6.619]
	1: [0.000,6.619]
	2: [0.000,7.119]
Bounds on (pop-end s12 a1 a2 b9 b1) (duration [0.500,0.500]):
	0: [0.000,6.619]
	1: [0.000,6.619]
	2: [0.000,7.119]
Bounds on (pop-end s13 a1 a3 b9 b1) (duration [0.500,0.500]):
	0: [0.000,6.619]
	1: [0.000,6.619]
	2: [0.000,7.119]
Bounds on (pop-end s12 a1 a2 b9 b10) (duration [0.500,0.500]):
	0: [0.000,6.619]
	1: [0.000,6.619]
	2: [0.000,7.119]
Bounds on (pop-end s13 a1 a3 b9 b10) (duration [0.500,0.500]):
	0: [0.000,6.619]
	1: [0.000,6.619]
	2: [0.000,7.119]
Bounds on (pop-end s12 a1 a2 b9 b11) (duration [0.500,0.500]):
	0: [0.000,6.619]
	1: [0.000,6.619]
	2: [0.000,7.119]
Bounds on (pop-end s13 a1 a3 b9 b11) (duration [0.500,0.500]):
	0: [0.000,6.619]
	1: [0.000,6.619]
	2: [0.000,7.119]
Bounds on (pop-end s12 a1 a2 b9 b2) (duration [0.500,0.500]):
	0: [0.000,6.619]
	1: [0.000,6.619]
	2: [0.000,7.119]
Bounds on (pop-end s13 a1 a3 b9 b2) (duration [0.500,0.500]):
	0: [0.000,6.619]
	1: [0.000,6.619]
	2: [0.000,7.119]
Bounds on (pop-end s12 a1 a2 b9 b3) (duration [0.500,0.500]):
	0: [0.000,6.619]
	1: [0.000,6.619]
	2: [0.000,7.119]
Bounds on (pop-end s13 a1 a3 b9 b3) (duration [0.500,0.500]):
	0: [0.000,6.619]
	1: [0.000,6.619]
	2: [0.000,7.119]
Bounds on (pop-end s12 a1 a2 b9 b4) (duration [0.500,0.500]):
	0: [0.000,6.619]
	1: [0.000,6.619]
	2: [0.000,7.119]
Bounds on (pop-end s13 a1 a3 b9 b4) (duration [0.500,0.500]):
	0: [0.000,6.619]
	1: [0.000,6.619]
	2: [0.000,7.119]
Bounds on (pop-end s12 a1 a2 b9 b5) (duration [0.500,0.500]):
	0: [0.000,6.619]
	1: [0.000,6.619]
	2: [0.000,7.119]
Bounds on (pop-end s13 a1 a3 b9 b5) (duration [0.500,0.500]):
	0: [0.000,6.619]
	1: [0.000,6.619]
	2: [0.000,7.119]
Bounds on (pop-end s12 a1 a2 b9 b6) (duration [0.500,0.500]):
	0: [0.000,6.619]
	1: [0.000,6.619]
	2: [0.000,7.119]
Bounds on (pop-end s13 a1 a3 b9 b6) (duration [0.500,0.500]):
	0: [0.000,6.619]
	1: [0.000,6.619]
	2: [0.000,7.119]
Bounds on (pop-end s12 a1 a2 b9 b7) (duration [0.500,0.500]):
	0: [0.000,6.619]
	1: [0.000,6.619]
	2: [0.000,7.119]
Bounds on (pop-end s13 a1 a3 b9 b7) (duration [0.500,0.500]):
	0: [0.000,6.619]
	1: [0.000,6.619]
	2: [0.000,7.119]
Bounds on (pop-end s12 a1 a2 b9 b8) (duration [0.500,0.500]):
	0: [0.000,6.619]
	1: [0.000,6.619]
	2: [0.000,7.119]
Bounds on (pop-end s13 a1 a3 b9 b8) (duration [0.500,0.500]):
	0: [0.000,6.619]
	1: [0.000,6.619]
	2: [0.000,7.119]
(deliverable b5) forms a window with range [0.000,8.131]
Bounds on (push-end s12 a1 a2 b5 b0) (duration [0.500,0.500]):
	0: [0.000,7.630]
	1: [0.000,7.630]
	2: [0.000,8.130]
Bounds on (push-end s13 a1 a3 b5 b0) (duration [0.500,0.500]):
	0: [0.000,7.630]
	1: [0.000,7.630]
	2: [0.000,8.130]
Bounds on (push-end s12 a1 a2 b5 b1) (duration [0.500,0.500]):
	0: [0.000,7.630]
	1: [0.000,7.630]
	2: [0.000,8.130]
Bounds on (push-end s13 a1 a3 b5 b1) (duration [0.500,0.500]):
	0: [0.000,7.630]
	1: [0.000,7.630]
	2: [0.000,8.130]
Bounds on (push-end s12 a1 a2 b5 b10) (duration [0.500,0.500]):
	0: [0.000,7.630]
	1: [0.000,7.630]
	2: [0.000,8.130]
Bounds on (push-end s13 a1 a3 b5 b10) (duration [0.500,0.500]):
	0: [0.000,7.630]
	1: [0.000,7.630]
	2: [0.000,8.130]
Bounds on (push-end s12 a1 a2 b5 b11) (duration [0.500,0.500]):
	0: [0.000,7.630]
	1: [0.000,7.630]
	2: [0.000,8.130]
Bounds on (push-end s13 a1 a3 b5 b11) (duration [0.500,0.500]):
	0: [0.000,7.630]
	1: [0.000,7.630]
	2: [0.000,8.130]
Bounds on (push-end s12 a1 a2 b5 b2) (duration [0.500,0.500]):
	0: [0.000,7.630]
	1: [0.000,7.630]
	2: [0.000,8.130]
Bounds on (push-end s13 a1 a3 b5 b2) (duration [0.500,0.500]):
	0: [0.000,7.630]
	1: [0.000,7.630]
	2: [0.000,8.130]
Bounds on (push-end s12 a1 a2 b5 b3) (duration [0.500,0.500]):
	0: [0.000,7.630]
	1: [0.000,7.630]
	2: [0.000,8.130]
Bounds on (push-end s13 a1 a3 b5 b3) (duration [0.500,0.500]):
	0: [0.000,7.630]
	1: [0.000,7.630]
	2: [0.000,8.130]
Bounds on (push-end s12 a1 a2 b5 b4) (duration [0.500,0.500]):
	0: [0.000,7.630]
	1: [0.000,7.630]
	2: [0.000,8.130]
Bounds on (push-end s13 a1 a3 b5 b4) (duration [0.500,0.500]):
	0: [0.000,7.630]
	1: [0.000,7.630]
	2: [0.000,8.130]
Bounds on (push-end s12 a1 a2 b5 b6) (duration [0.500,0.500]):
	0: [0.000,7.630]
	1: [0.000,7.630]
	2: [0.000,8.130]
Bounds on (push-end s13 a1 a3 b5 b6) (duration [0.500,0.500]):
	0: [0.000,7.630]
	1: [0.000,7.630]
	2: [0.000,8.130]
Bounds on (push-end s12 a1 a2 b5 b7) (duration [0.500,0.500]):
	0: [0.000,7.630]
	1: [0.000,7.630]
	2: [0.000,8.130]
Bounds on (push-end s13 a1 a3 b5 b7) (duration [0.500,0.500]):
	0: [0.000,7.630]
	1: [0.000,7.630]
	2: [0.000,8.130]
Bounds on (push-end s12 a1 a2 b5 b8) (duration [0.500,0.500]):
	0: [0.000,7.630]
	1: [0.000,7.630]
	2: [0.000,8.130]
Bounds on (push-end s13 a1 a3 b5 b8) (duration [0.500,0.500]):
	0: [0.000,7.630]
	1: [0.000,7.630]
	2: [0.000,8.130]
Bounds on (push-end s12 a1 a2 b5 b9) (duration [0.500,0.500]):
	0: [0.000,7.630]
	1: [0.000,7.630]
	2: [0.000,8.130]
Bounds on (push-end s13 a1 a3 b5 b9) (duration [0.500,0.500]):
	0: [0.000,7.630]
	1: [0.000,7.630]
	2: [0.000,8.130]
Bounds on (pop-end s12 a1 a2 b5 b0) (duration [0.500,0.500]):
	0: [0.000,7.630]
	1: [0.000,7.630]
	2: [0.000,8.130]
Bounds on (pop-end s13 a1 a3 b5 b0) (duration [0.500,0.500]):
	0: [0.000,7.630]
	1: [0.000,7.630]
	2: [0.000,8.130]
Bounds on (pop-end s12 a1 a2 b5 b1) (duration [0.500,0.500]):
	0: [0.000,7.630]
	1: [0.000,7.630]
	2: [0.000,8.130]
Bounds on (pop-end s13 a1 a3 b5 b1) (duration [0.500,0.500]):
	0: [0.000,7.630]
	1: [0.000,7.630]
	2: [0.000,8.130]
Bounds on (pop-end s12 a1 a2 b5 b10) (duration [0.500,0.500]):
	0: [0.000,7.630]
	1: [0.000,7.630]
	2: [0.000,8.130]
Bounds on (pop-end s13 a1 a3 b5 b10) (duration [0.500,0.500]):
	0: [0.000,7.630]
	1: [0.000,7.630]
	2: [0.000,8.130]
Bounds on (pop-end s12 a1 a2 b5 b11) (duration [0.500,0.500]):
	0: [0.000,7.630]
	1: [0.000,7.630]
	2: [0.000,8.130]
Bounds on (pop-end s13 a1 a3 b5 b11) (duration [0.500,0.500]):
	0: [0.000,7.630]
	1: [0.000,7.630]
	2: [0.000,8.130]
Bounds on (pop-end s12 a1 a2 b5 b2) (duration [0.500,0.500]):
	0: [0.000,7.630]
	1: [0.000,7.630]
	2: [0.000,8.130]
Bounds on (pop-end s13 a1 a3 b5 b2) (duration [0.500,0.500]):
	0: [0.000,7.630]
	1: [0.000,7.630]
	2: [0.000,8.130]
Bounds on (pop-end s12 a1 a2 b5 b3) (duration [0.500,0.500]):
	0: [0.000,7.630]
	1: [0.000,7.630]
	2: [0.000,8.130]
Bounds on (pop-end s13 a1 a3 b5 b3) (duration [0.500,0.500]):
	0: [0.000,7.630]
	1: [0.000,7.630]
	2: [0.000,8.130]
Bounds on (pop-end s12 a1 a2 b5 b4) (duration [0.500,0.500]):
	0: [0.000,7.630]
	1: [0.000,7.630]
	2: [0.000,8.130]
Bounds on (pop-end s13 a1 a3 b5 b4) (duration [0.500,0.500]):
	0: [0.000,7.630]
	1: [0.000,7.630]
	2: [0.000,8.130]
Bounds on (pop-end s12 a1 a2 b5 b6) (duration [0.500,0.500]):
	0: [0.000,7.630]
	1: [0.000,7.630]
	2: [0.000,8.130]
Bounds on (pop-end s13 a1 a3 b5 b6) (duration [0.500,0.500]):
	0: [0.000,7.630]
	1: [0.000,7.630]
	2: [0.000,8.130]
Bounds on (pop-end s12 a1 a2 b5 b7) (duration [0.500,0.500]):
	0: [0.000,7.630]
	1: [0.000,7.630]
	2: [0.000,8.130]
Bounds on (pop-end s13 a1 a3 b5 b7) (duration [0.500,0.500]):
	0: [0.000,7.630]
	1: [0.000,7.630]
	2: [0.000,8.130]
Bounds on (pop-end s12 a1 a2 b5 b8) (duration [0.500,0.500]):
	0: [0.000,7.630]
	1: [0.000,7.630]
	2: [0.000,8.130]
Bounds on (pop-end s13 a1 a3 b5 b8) (duration [0.500,0.500]):
	0: [0.000,7.630]
	1: [0.000,7.630]
	2: [0.000,8.130]
Bounds on (pop-end s12 a1 a2 b5 b9) (duration [0.500,0.500]):
	0: [0.000,7.630]
	1: [0.000,7.630]
	2: [0.000,8.130]
Bounds on (pop-end s13 a1 a3 b5 b9) (duration [0.500,0.500]):
	0: [0.000,7.630]
	1: [0.000,7.630]
	2: [0.000,8.130]
Dominance constraints (excluding processes and events)...
Damaging events...
Dominance constraints (including processes and events)...
Variable monotonicity...
Max/min needed values for any single precondition...
Irrelevant action pruning by backward reachability from goal...
Uninterestingness criteria...
Compression-safe actions...
Compression-safe invariants...
50% of durative actions in this problem are compression safe
Goal Goal [3]
    (on b5 a1)
    (on b9 a3)
    (on b1 a2)

Finishing preprocessing.  Making a TRPG heuristic...
Making an open list...
Running WA* search (g weight = 1, h weight = 5)
{(deliverable b10),(deliverable b0),(deliverable b1),(deliverable b4),(deliverable b6),(deliverable b7),(deliverable b9),(deliverable b3),(deliverable b8),(deliverable b2),(deliverable b11),(deliverable b5),(normal s12),(normal s13),(on b10 a3),(on b0 a3),(on b1 a1),(on b4 a1),(on b7 a1),(on b8 a3),(on b2 a1),(on b5 a2),(first b6 s12),(follow b11 b6),(last b11 s12),(first b9 s13),(follow b3 b9),(last b3 s13)}
[]
Initial heuristic = 21
Initial stats: t=0.04s, 9064kb
b (20 @ n=3, t=0.04s, 9064kb)b (19 @ n=18, t=0.05s, 9196kb)b (17 @ n=30, t=0.05s, 9196kb)b (16 @ n=35, t=0.05s, 9196kb)b (14 @ n=40, t=0.06s, 9196kb)b (13 @ n=47, t=0.06s, 9196kb)dddd.{EPS=390.625,ETD=3.7551}ddddd.{EPS=373.134,ETD=7.30303}dddddd.{EPS=350.467,ETD=8.67785}dddd.{EPS=366.972,ETD=21.5427}ddddddd.{EPS=351.124,ETD=28.3373}dddddd.{EPS=340.136,ETD=37.7458}dddddd.{EPS=338.491,ETD=51.0086}dddddd.{EPS=334.169,ETD=60.9449}dddddd.{EPS=331.858,ETD=59.5234}dxxdxd.{EPS=351.617,ETD=74.9218}dddddd.{EPS=340.832,ETD=81.13}ddddddd.{EPS=330.033,ETD=88.082}dddddd.{EPS=327.225,ETD=92.724}ddddddd.{EPS=312.5,ETD=93.016}dddddd.{EPS=309.598,ETD=95.5}dddddd.{EPS=311.139,ETD=122.92}dddddd.{EPS=313.48,ETD=149.802}xxdxxdx.{EPS=334.448,ETD=162.388}ddddd.{EPS=339.213,ETD=165.758}dddddd.{EPS=313.676,ETD=158.252}ddddddd.{EPS=312.305,ETD=182.458}ddddd.{EPS=320.102,ETD=220.44}dddddd.{EPS=326.584,ETD=259.506}xdxdd.{EPS=349.895,ETD=276.732}dddddd.{EPS=362.582,ETD=319.548}ddd
;;;; Problem Unsolvable
; Nodes Generated: 8322
; Nodes Expanded:  1282
; Nodes Evaluated: 8323
; Nodes Tunneled:  274
; Nodes memoised with open actions: 4150
; Nodes memoised without open actions: 5460
; Nodes pruned by memoisation: 1288
; Time 3.81
