Parsing and Instantiating...
Warning: rounding numeric constants such as 0.1683 to an accuracy of 0.001
TIL[172.040] @ 0x13f7060 -> { TIL[92.000]}
TIL[229.040] @ 0x13f76e0 -> { TIL[149.000]}
Done
One way facts...
Mutex groups...
Semaphore Facts...
Envelope Facts...
One-shot actions...
Integral variables...
Variable bounds...
Static numeric conditions...
Duration bounds...
TIL time window analysis...
Bounding action timestamps due to time windows...
(visible antenna0 satellite1) forms a window with range [92.000,172.040]
Bounds on (send_image satellite1 antenna0 phenomenon9 infrared0) (duration [13.130,13.130]):
	0: [92.000,158.910]
	1: [92.000,158.910]
	2: [105.130,172.040]
Bounds on (send_image satellite1 antenna0 star7 infrared0) (duration [13.210,13.210]):
	0: [92.000,158.830]
	1: [92.000,158.830]
	2: [105.210,172.040]
Bounds on (send_image satellite1 antenna0 planet3 infrared1) (duration [10.220,10.220]):
	0: [92.000,161.820]
	1: [92.000,161.820]
	2: [102.220,172.040]
Bounds on (send_image satellite1 antenna0 star4 infrared1) (duration [12.730,12.730]):
	0: [92.000,159.310]
	1: [92.000,159.310]
	2: [104.730,172.040]
Bounds on (send_image satellite1 antenna0 star6 infrared1) (duration [16.470,16.470]):
	0: [92.000,155.570]
	1: [92.000,155.570]
	2: [108.470,172.040]
Bounds on (send_image satellite1 antenna0 phenomenon8 thermograph2) (duration [18.250,18.250]):
	0: [92.000,153.790]
	1: [92.000,153.790]
	2: [110.250,172.040]
Bounds on (send_image satellite1 antenna0 planet5 thermograph2) (duration [6.380,6.380]):
	0: [92.000,165.660]
	1: [92.000,165.660]
	2: [98.380,172.040]
(visible antenna0 satellite0) forms a window with range [92.000,172.040]
Bounds on (send_image satellite0 antenna0 phenomenon9 infrared0) (duration [13.130,13.130]):
	0: [92.000,158.910]
	1: [92.000,158.910]
	2: [105.130,172.040]
Bounds on (send_image satellite0 antenna0 star7 infrared0) (duration [13.210,13.210]):
	0: [92.000,158.830]
	1: [92.000,158.830]
	2: [105.210,172.040]
Bounds on (send_image satellite0 antenna0 planet3 infrared1) (duration [10.220,10.220]):
	0: [92.000,161.820]
	1: [92.000,161.820]
	2: [102.220,172.040]
Bounds on (send_image satellite0 antenna0 star4 infrared1) (duration [12.730,12.730]):
	0: [92.000,159.310]
	1: [92.000,159.310]
	2: [104.730,172.040]
Bounds on (send_image satellite0 antenna0 star6 infrared1) (duration [16.470,16.470]):
	0: [92.000,155.570]
	1: [92.000,155.570]
	2: [108.470,172.040]
Bounds on (send_image satellite0 antenna0 phenomenon8 thermograph2) (duration [18.250,18.250]):
	0: [92.000,153.790]
	1: [92.000,153.790]
	2: [110.250,172.040]
Bounds on (send_image satellite0 antenna0 planet5 thermograph2) (duration [6.380,6.380]):
	0: [92.000,165.660]
	1: [92.000,165.660]
	2: [98.380,172.040]
(visible antenna1 satellite1) forms a window with range [149.000,229.040]
Bounds on (send_image satellite1 antenna1 phenomenon9 infrared0) (duration [13.130,13.130]):
	0: [149.000,215.910]
	1: [149.000,215.910]
	2: [162.130,229.040]
Bounds on (send_image satellite1 antenna1 star7 infrared0) (duration [13.210,13.210]):
	0: [149.000,215.830]
	1: [149.000,215.830]
	2: [162.210,229.040]
Bounds on (send_image satellite1 antenna1 planet3 infrared1) (duration [10.220,10.220]):
	0: [149.000,218.820]
	1: [149.000,218.820]
	2: [159.220,229.040]
Bounds on (send_image satellite1 antenna1 star4 infrared1) (duration [12.730,12.730]):
	0: [149.000,216.310]
	1: [149.000,216.310]
	2: [161.730,229.040]
Bounds on (send_image satellite1 antenna1 star6 infrared1) (duration [16.470,16.470]):
	0: [149.000,212.570]
	1: [149.000,212.570]
	2: [165.470,229.040]
Bounds on (send_image satellite1 antenna1 phenomenon8 thermograph2) (duration [18.250,18.250]):
	0: [149.000,210.790]
	1: [149.000,210.790]
	2: [167.250,229.040]
Bounds on (send_image satellite1 antenna1 planet5 thermograph2) (duration [6.380,6.380]):
	0: [149.000,222.660]
	1: [149.000,222.660]
	2: [155.380,229.040]
Dominance constraints (excluding processes and events)...
Damaging events...
Dominance constraints (including processes and events)...
Variable monotonicity...
Max/min needed values for any single precondition...
Irrelevant action pruning by backward reachability from goal...
Uninterestingness criteria...
Compression-safe actions...
Compression-safe invariants...
100% of durative actions in this problem are compression safe
Goal Goal [8]
    (sent_image phenomenon9 infrared0)
    (sent_image phenomenon8 thermograph2)
    (sent_image star7 infrared0)
    (sent_image star6 infrared1)
    (sent_image planet5 thermograph2)
    (sent_image star4 infrared1)
    (sent_image planet3 infrared1)
    (pointing satellite1 planet5)

Finishing preprocessing.  Making a TRPG heuristic...
Making an open list...
Running WA* search (g weight = 1, h weight = 5)
{(power_avail satellite0),(pointing satellite0 star6),(power_avail satellite1),(pointing satellite1 star0),(available antenna0),(available antenna1)}
[]
Initial heuristic = 25
Initial stats: t=0s, 6428kb
b (24 @ n=3, t=0s, 6488kb)b (23 @ n=50, t=0.01s, 6488kb)b (22 @ n=300, t=0.06s, 6876kb).{EPS=617.284,ETD=20.3061}.{EPS=757.576,ETD=45.4949}b (21 @ n=572, t=0.14s, 7404kb)b (20 @ n=606, t=0.14s, 7480kb)b (19 @ n=628, t=0.15s, 7516kb)b (18 @ n=669, t=0.16s, 7696kb)b (17 @ n=879, t=0.2s, 8788kb)b (16 @ n=893, t=0.2s, 9000kb)b (15 @ n=918, t=0.21s, 9112kb).{EPS=453.172,ETD=31.094}.{EPS=411.523,ETD=32.3367}d.{EPS=381.679,ETD=37.8876}.{EPS=353.774,ETD=51.1171}.{EPS=331.754,ETD=49.8768}d.{EPS=324.675,ETD=48.5965}.{EPS=320.057,ETD=65.6748}b (14 @ n=4054, t=1.46s, 38248kb)d.{EPS=305.064,ETD=77.5932}.{EPS=286.862,ETD=110.75}d.{EPS=264.41,ETD=137.836}.{EPS=264.971,ETD=155.794}ddd.{EPS=246.67,ETD=164.62}ddddd.{EPS=236.295,ETD=174.462}ddddd.{EPS=229.463,ETD=182.762}dddd.{EPS=223.015,ETD=202.682}ddddd.{EPS=213.22,ETD=227.006}ddddd.{EPS=204.583,ETD=238.746}dddd.{EPS=202.02,ETD=256.124}dddddd.{EPS=194.628,ETD=260.662}ddddd.{EPS=189.681,ETD=270.398}ddddd.{EPS=184.911,ETD=300.022}ddddd.{EPS=187.266,ETD=339.544}ddb (13 @ n=10582, t=5.3s, 100264kb)d.{EPS=189.609,ETD=380.314}dddd.{EPS=193.798,ETD=421.602}dddd.{EPS=201.288,ETD=463.38}dddd.{EPS=206.868,ETD=505.484}dddd.{EPS=215.517,ETD=548.446}dddd.{EPS=221.729,ETD=592.08}dddd.{EPS=230.309,ETD=636.26}ddd.{EPS=239.808,ETD=680.69}dd.{EPS=249.75,ETD=725.32}dddd.{EPS=259.471,ETD=770.04}dddd.{EPS=265.252,ETD=814.162}dddd.{EPS=267.953,ETD=857.506}ddddd.{EPS=265.111,ETD=900.124}dddd.{EPS=268.384,ETD=942.182}ddddd.{EPS=266.383,ETD=983.648}dddd.{EPS=267.953,ETD=1024.45}ddddd.{EPS=268.24,ETD=1064.59}dddd.{EPS=267.809,ETD=1104.38}ddddd.{EPS=262.467,ETD=1143.87}dddd.{EPS=261.097,ETD=1183.12}dddd.{EPS=258.933,ETD=1222.25}ddddd.{EPS=255.624,ETD=1261.55}ddddd.{EPS=254.712,ETD=1300.84}dddd.{EPS=253.421,ETD=1340.13}dddd.{EPS=251.889,ETD=1379.39}dddddd.{EPS=260.146,ETD=1418.77}ddddd.{EPS=267.094,ETD=1458.53}dd.{EPS=265.675,ETD=1498.45}ddddd.{EPS=265.393,ETD=1538.41}dddddd.{EPS=257.865,ETD=1577.95}dddddd.{EPS=249.501,ETD=1617.95}ddddddd.{EPS=257.467,ETD=1658.19}dddddddd.{EPS=266.099,ETD=1698.05}dddd.{EPS=270.27,ETD=1737.59}ddddd.{EPS=280.426,ETD=1776.97}dddddd.{EPS=281.373,ETD=1815.74}ddddddd.{EPS=283.93,ETD=1853.69}ddddddd.{EPS=294.638,ETD=1891.03}dddddd.{EPS=313.48,ETD=1927.84}ddddd.{EPS=346.5,ETD=1964.48}ddddd.{EPS=390.93,ETD=2000.05}ddddd.{EPS=404.204,ETD=2034.65}ddddd.{EPS=417.362,ETD=2069.04}dddd.{EPS=444.444,ETD=2103.19}dddddd.{EPS=453.309,ETD=2136.82}ddddddd.{EPS=450.045,ETD=2169.79}ddddd.{EPS=410.509,ETD=2202.66}dddd.{EPS=402.576,ETD=2236.05}ddddddddd.{EPS=396.825,ETD=2270.17}dddddddd.{EPS=390.625,ETD=2305.29}ddd.{EPS=370.92,ETD=2340.62}ddd.{EPS=362.582,ETD=2375.68}ddddd.{EPS=336.474,ETD=2408.96}db (12 @ n=26260, t=14.22s, 251868kb)ddddd.{EPS=311.139,ETD=2441.28}dddd.{EPS=297.619,ETD=2470.82}dddddd.{EPS=282.326,ETD=2499.59}dddd.{EPS=293.772,ETD=2526.32}ddddddd.{EPS=286.369,ETD=2550.62}dddddddd.{EPS=288.184,ETD=2573.16}ddddd.{EPS=289.519,ETD=2591.86}ddddd.{EPS=301.568,ETD=2608.31}dddd.{EPS=308.071,ETD=2623.16}ddddd.{EPS=329.164,ETD=2637.8}ddddd.{EPS=358.938,ETD=2651.59}dddd.{EPS=384.025,ETD=2666.6}ddddd.{EPS=426.985,ETD=2681.81}dddd.{EPS=456.621,ETD=2698.02}dddd.{EPS=506.586,ETD=2715.01}ddddd.{EPS=525.21,ETD=2731.84}dddd.{EPS=538.793,ETD=2750.41}dddd.{EPS=544.07,ETD=2769.99}ddddd.{EPS=547.645,ETD=2790.4}dddd.{EPS=556.174,ETD=2811.72}dddd.{EPS=557.414,ETD=2833.79}ddddd.{EPS=559.284,ETD=2856.51}dddd.{EPS=555.556,ETD=2879.32}ddddd.{EPS=553.097,ETD=2902.14}dddd.{EPS=550.661,ETD=2924.95}dddd.{EPS=548.847,ETD=2947.82}ddddd.{EPS=545.256,ETD=2970.72}dddd.{EPS=543.478,ETD=2993.55}dddd.{EPS=542.299,ETD=3016.29}ddddd.{EPS=538.793,ETD=3039.01}dddd.{EPS=537.057,ETD=3061.74}dddd.{EPS=539.374,ETD=3084.27}dddd.{EPS=538.793,ETD=3106.65}ddddd.{EPS=531.915,ETD=3128.91}ddddd.{EPS=530.786,ETD=3151.18}dddd.{EPS=529.101,ETD=3173.44}ddddd.{EPS=527.426,ETD=3195.7}dddd.{EPS=525.21,ETD=3218.05}dddd.{EPS=522.466,ETD=3240.48}dddddd.{EPS=511.247,ETD=3260.32}dddd.{EPS=517.063,ETD=3276.24}ddd.{EPS=526.87,ETD=3293.28}ddddd.{EPS=523.013,ETD=3309.53}dddddd.{EPS=523.56,ETD=3325.29}ddddddd.{EPS=507.614,ETD=3340.56}ddddddddd.{EPS=474.383,ETD=3356.98}dddddddd.{EPS=458.295,ETD=3374.8}ddddd.{EPS=454.133,ETD=3393.52}dddddd.{EPS=451.671,ETD=3406.17}ddddd.{EPS=452.489,ETD=3418.84}dddd.{EPS=455.789,ETD=3373.06}dddddd.{EPS=432.9,ETD=3344.82}ddddd.{EPS=436.3,ETD=3300.35}ddddd.{EPS=439.754,ETD=3247.64}dddd.{EPS=455.373,ETD=3218.61}ddd.{EPS=487.805,ETD=3184.7}ddd.{EPS=480.769,ETD=3265.42}dddddd.{EPS=484.027,ETD=3199.99}d.{EPS=511.771,ETD=3419.2}dd.{EPS=539.374,ETD=3616.48}ddd.{EPS=536.481,ETD=3790.34}.{EPS=595.238,ETD=4136.85}.{EPS=641.026,ETD=4501.53}.{EPS=698.324,ETD=4882.88}dddd.{EPS=701.262,ETD=4934.19}dddd.{EPS=705.219,ETD=5046.64}.{EPS=836.12,ETD=5320.99}.{EPS=932.836,ETD=5740.68}.{EPS=954.198,ETD=5882.52}.{EPS=1004.02,ETD=6049.64}d.{EPS=1072.96,ETD=6301.48}.{EPS=1057.08,ETD=6349.7}.{EPS=1028.81,ETD=6401.79}d.{EPS=986.193,ETD=6452.48}d.{EPS=1050.42,ETD=6803.32}d.{EPS=1154.73,ETD=7097.23}.{EPS=1168.22,ETD=7139.76}d.{EPS=1152.07,ETD=7176}d.{EPS=1146.79,ETD=7217.95}d.{EPS=1126.13,ETD=7267.87}.{EPS=1131.22,ETD=7322.98}d.{EPS=1111.11,ETD=7382.96}d.{EPS=1123.6,ETD=7436.7}.{EPS=1160.09,ETD=7500.11}ddd.{EPS=1084.6,ETD=7360.25}ddddd.{EPS=932.836,ETD=7059.33}dddd.{EPS=854.701,ETD=6784.66}.{EPS=826.446,ETD=6830.84}.{EPS=816.993,ETD=6872.21}.{EPS=811.688,ETD=6908.49}.{EPS=825.083,ETD=6943.24}ddddd.{EPS=751.88,ETD=6982.76}ddd.{EPS=714.286,ETD=7038.7}dd.{EPS=671.141,ETD=7074.56}.{EPS=636.943,ETD=7053.43}.{EPS=712.251,ETD=7471.12}.{EPS=749.625,ETD=7803.34}d.{EPS=730.994,ETD=7679.96}dddddd.{EPS=596.659,ETD=6908.76}ddddd.{EPS=508.13,ETD=6133.39}ddddtd.{EPS=442.087,ETD=5346.44}dddddd.{EPS=415.628,ETD=4562.55}dddddd.{EPS=381.098,ETD=3765.24}dddddd.{EPS=355.619,ETD=2973.34}ddddtdd.{EPS=348.432,ETD=2449.7}dddddd.{EPS=319.285,ETD=1648.92}ddddd.{EPS=299.043,ETD=881.642}ddddtd.{EPS=285.714,ETD=256.16}dddd.{EPS=290.023,ETD=278.704}dtdd.{EPS=312.695,ETD=303.492}dddd.{EPS=318.878,ETD=338.906}ddddddd.{EPS=320.102,ETD=375.7}dtdddd.{EPS=322.997,ETD=411.428}dddddd.{EPS=326.371,ETD=446.32}ddddd.{EPS=322.581,ETD=480.074}dddddd.{EPS=318.471,ETD=513.69}tddddd.{EPS=314.861,ETD=546.496}dddddd.{EPS=312.305,ETD=578.876}ddd.{EPS=321.958,ETD=734.398}dddtdd.{EPS=309.598,ETD=762.582}dddd.{EPS=308.071,ETD=788.204}dddddd.{EPS=312.891,ETD=1006.37}dddd.{EPS=322.165,ETD=1030.08}dddt.{EPS=331.785,ETD=1051.87}ddddd.{EPS=338.066,ETD=1073.51}tdddd.{EPS=352.113,ETD=1095.22}ddtdd.{EPS=358.68,ETD=1117.98}ddddt.{EPS=369.549,ETD=1141.32}ddd.{EPS=382.555,ETD=1036.29}ddddddd.{EPS=390.625,ETD=1055.82}dddddddddd.{EPS=400.32,ETD=1077.11}ddddddd.{EPS=411.523,ETD=904.69}dddddd.{EPS=413.907,ETD=925.222}dddd.{EPS=421.585,ETD=1147.44}dddddd.{EPS=432.526,ETD=1168.23}tdddd.{EPS=439.754,ETD=1186.48}dddddd.{EPS=428.082,ETD=1203.35}ddddddd.{EPS=412.201,ETD=1220.51}ddddd.{EPS=402.253,ETD=1240.47}dtdddd.{EPS=389.105,ETD=1260.09}dddddddd.{EPS=381.098,ETD=1279.8}ddddd.{EPS=386.698,ETD=1298.02}dddtd.{EPS=395.257,ETD=1314.05}dddd.{EPS=386.1,ETD=1126.53}ddddd.{EPS=376.506,ETD=1140.47}dddddddtd.{EPS=363.108,ETD=1156.18}ddddd.{EPS=381.679,ETD=1170.72}dddd.{EPS=410.846,ETD=1179.3}dtdddddd.{EPS=415.628,ETD=1186.22}dddddtd.{EPS=434.405,ETD=1193.23}ddddddd.{EPS=455.373,ETD=1198.47}ddddtdd.{EPS=456.204,ETD=1204.07}dddddd.{EPS=454.959,ETD=1211.36}dddd.{EPS=471.254,ETD=1201.07}d.{EPS=491.642,ETD=1404.26}dddd.{EPS=489.716,ETD=1377.79}ddddddtddd.{EPS=448.029,ETD=1353.31}dddd.{EPS=435.161,ETD=1942.36}d.{EPS=433.651,ETD=1961.63}dddddddd.{EPS=399.361,ETD=1938.72}dddd.{EPS=386.997,ETD=1908.95}d~~~ddddtd.{EPS=368.46,ETD=1915.85}dddd.{EPS=355.366,ETD=1880.72}dddtddd.{EPS=339.443,ETD=1969.66}d.{EPS=353.107,ETD=2474.92}d.{EPS=363.636,ETD=2434.12}.{EPS=386.997,ETD=2392.84}dddddddd.{EPS=358.68,ETD=1742.89}ddtddddddd.{EPS=331.345,ETD=1664.74}dddd.{EPS=351.124,ETD=1882.32}ddddddtd.{EPS=347.222,ETD=1960.18}d.{EPS=348.918,ETD=1993.29}d.{EPS=344.828,ETD=2028.13}ddddddddd.{EPS=329.381,ETD=1902.74}tddddddd.{EPS=302.115,ETD=1146.17}d.{EPS=304.692,ETD=1579}dddtdd.{EPS=294.291,ETD=1598.09}dddddddd.{EPS=298.864,ETD=1615.9}dddt.{EPS=316.256,ETD=1632.2}ddd.{EPS=309.789,ETD=1390.04}ddd.{EPS=314.861,ETD=1294.35}dtd.{EPS=331.785,ETD=1207.2}ddddd.{EPS=346.741,ETD=1162.01}dtddddddd.{EPS=363.901,ETD=1173.72}dddddddddd.{EPS=366.838,ETD=1186.56}dtdddddddddd.{EPS=350.631,ETD=785.448}dddddddddd.{EPS=353.107,ETD=796.484}tddddddd.{EPS=367.377,ETD=802.652}dddd.{EPS=376.79,ETD=955.152}d.{EPS=374.251,ETD=969.678}tdd.{EPS=382.263,ETD=985.86}ddddddd.{EPS=368.46,ETD=1002.42}ddtdddddddd.{EPS=349.895,ETD=1018.53}dddddddddd.{EPS=345.781,ETD=1057.79}dtddd.{EPS=366.3,ETD=1095.33}dddd.{EPS=388.199,ETD=1105.93}dtdddddddd.{EPS=394.322,ETD=1117.86}dddddddd.{EPS=396.197,ETD=1134.32}ddddtd.{EPS=391.85,ETD=1003.49}ddd.{EPS=415.973,ETD=1015.41}ddt.{EPS=427.35,ETD=1026.49}dd.{EPS=450.857,ETD=1740.63}d.{EPS=501.002,ETD=3002.72}dd.{EPS=459.559,ETD=3189.74}dd.{EPS=416.32,ETD=3169.18}dd.{EPS=395.883,ETD=3598.86}ddd.{EPS=395.57,ETD=3817.14}dddd.{EPS=389.712,ETD=3738.46}ddd.{EPS=364.964,ETD=3664.66}dddd.{EPS=342.936,ETD=3594.51}ddd.{EPS=327.011,ETD=3526.67}dd.{EPS=311.526,ETD=2757.48}dddd.{EPS=286.369,ETD=1442.61}dddd.{EPS=305.623,ETD=1180.91}b (11 @ n=78501, t=38.96s, 659296kb)ddd.{EPS=315.457,ETD=1129.3}ddd.{EPS=323.206,ETD=656.232}ddd.{EPS=319.693,ETD=395.666}ddd.{EPS=318.269,ETD=471.43}dddd.{EPS=317.058,ETD=504.218}dddd.{EPS=320.513,ETD=776.908}d.{EPS=332.889,ETD=1620.82}ddd.{EPS=321.337,ETD=1958.29}ddd.{EPS=324.044,ETD=2152.88}ddd.{EPS=323.834,ETD=2178.27}dddd.{EPS=309.598,ETD=2202.49}ddddd.{EPS=295.858,ETD=2223.5}dddd.{EPS=296.912,ETD=2268.78}dddd.{EPS=301.205,ETD=2275.16}ddddd.{EPS=310.559,ETD=2320.98}ddddd.{EPS=313.283,ETD=2094.47}ddddddd.{EPS=298.864,ETD=1293.64}ddddd.{EPS=310.366,ETD=994.632}ddddd.{EPS=321.543,ETD=834.67}ddddd.{EPS=326.584,ETD=840.84}ddddddd.{EPS=337.838,ETD=846.314}ddddd.{EPS=347.464,ETD=850.934}ddd.{EPS=357.398,ETD=825.832}dddddd.{EPS=352.113,ETD=1010.68}ddddd.{EPS=352.361,ETD=989.172}dddddd.{EPS=351.617,ETD=998.704}dddd.{EPS=360.231,ETD=1036.22}dddd.{EPS=361.795,ETD=1308.3}dddd.{EPS=366.838,ETD=1787.42}dddd.{EPS=372.856,ETD=2327.91}dddd.{EPS=387.297,ETD=2695.87}dddd.{EPS=384.911,ETD=2744.42}ddddd.{EPS=376.506,ETD=3055.83}ddt.{EPS=377.074,ETD=3427.29}.{EPS=406.504,ETD=4888.31}ddddd.{EPS=367.107,ETD=5083.42}dd.{EPS=354.862,ETD=4992.58}ddd.{EPS=351.124,ETD=4761.31}dddddtd.{EPS=334.225,ETD=4230.08}ddd.{EPS=327.869,ETD=3641.02}td.{EPS=323.834,ETD=3355.35}dddd.{EPS=318.066,ETD=3259.77}ddd.{EPS=314.07,ETD=2907.81}dd.{EPS=322.581,ETD=2288.26}ddddd.{EPS=291.206,ETD=787.874}dd.{EPS=312.5,ETD=554.362}ddd.{EPS=324.254,ETD=1020.45}ddddd.{EPS=306.373,ETD=1215.55}dddddddtddd.{EPS=297.796,ETD=1246.52}ddd.{EPS=298.864,ETD=1307.86}ddtddd.{EPS=295.159,ETD=1207.23}dd.{EPS=311.526,ETD=2133.5}dddtd.{EPS=317.058,ETD=2406.61}ddd.{EPS=313.087,ETD=2437.6}t.{EPS=333.778,ETD=2467.79}d.{EPS=344.59,ETD=2660.51}ddd.{EPS=341.997,ETD=2313.27}dddd.{EPS=353.357,ETD=2080.18}dd.{EPS=384.911,ETD=2863.98}.{EPS=405.844,ETD=3648.34}d.{EPS=437.828,ETD=4072.17}ddd.{EPS=430.293,ETD=3233.19}d.{EPS=462.535,ETD=3631.81}dd.{EPS=478.011,ETD=4271.03}dd.{EPS=501.002,ETD=4845.14}dd.{EPS=513.347,ETD=4696.92}ddddt.{EPS=523.013,ETD=4648.05}ddddddddd.{EPS=502.008,ETD=4665.04}dddddtddddd.{EPS=455.373,ETD=3924.71}dddd.{EPS=421.941,ETD=3150.17}ddtdd.{EPS=396.511,ETD=2767.84}dddd.{EPS=402.253,ETD=3044.24}dddtddddd.{EPS=386.1,ETD=2443.58}ddddd.{EPS=386.399,ETD=2074.13}ddt.{EPS=387.297,ETD=2638.13}ddddd.{EPS=382.848,ETD=2658.19}d.{EPS=385.208,ETD=2677.17}td.{EPS=416.32,ETD=2923.76}d.{EPS=452.08,ETD=2969.33}.{EPS=471.698,ETD=2989.39}dd.{EPS=510.204,ETD=3248.89}d.{EPS=526.316,ETD=3348.26}dd.{EPS=548.246,ETD=3352.74}ddtdddd.{EPS=515.464,ETD=3235.6}dddddddd.{EPS=456.204,ETD=2494.39}dddddtd.{EPS=438.596,ETD=3029.38}ddddd.{EPS=429.923,ETD=3881.05}ddddddd.{EPS=420.875,ETD=4155.52}dddd.{EPS=431.034,ETD=4105.03}dtdddd.{EPS=434.405,ETD=4103.47}ddd.{EPS=427.35,ETD=4633.13}dd.{EPS=433.651,ETD=4250.61}ddddtdd.{EPS=416.32,ETD=4431.15}dddddddddd.{EPS=414.25,ETD=4283.92}ddtdddddddd.{EPS=432.526,ETD=3891.94}ddddddddd.{EPS=425.17,ETD=3499.03}ddddddddtd.{EPS=388.802,ETD=2596.09}dddddddddd.{EPS=367.918,ETD=2042.83}dddddddd.{EPS=342.7,ETD=2270}dddddddd.{EPS=334.448,ETD=2383.08}dddddt.{EPS=336.7,ETD=2158.84}dddd.{EPS=325.309,ETD=2288.78}dddddd.{EPS=314.268,ETD=2237.28}dddddddtddd.{EPS=299.581,ETD=2195.91}ddddddddd.{EPS=290.023,ETD=2464.19}dddtdd.{EPS=299.581,ETD=3463.06}dddddddddd.{EPS=313.087,ETD=3482.47}ddddd.{EPS=337.61,ETD=4503.58}dddddddd.{EPS=347.222,ETD=4720.12}dddtddddddddd.{EPS=332.447,ETD=4544.97}dddddtddddddd.{EPS=305.998,ETD=3914.19}ddddddddtddd.{EPS=291.375,ETD=3733.02}ddd.{EPS=307.692,ETD=4710.16}d.{EPS=341.763,ETD=5904.45}ddddd.{EPS=332.005,ETD=5560.17}dddddd.{EPS=304.692,ETD=4313.37}dd.{EPS=305.437,ETD=4240.65}dddddd.{EPS=285.063,ETD=3165.83}dddddd.{EPS=274.123,ETD=2639.75}dd.{EPS=284.738,ETD=2597.1}ddddd.{EPS=286.041,ETD=2576.45}dddddd.{EPS=282.167,ETD=2530.15}ddddd.{EPS=271.003,ETD=1611.87}dd.{EPS=264.55,ETD=513.924}dddd.{EPS=277.624,ETD=527.03}ddd.{EPS=296.384,ETD=1521.95}dd.{EPS=308.642,ETD=2187.78}ddd.{EPS=330.688,ETD=2232.72}d.{EPS=369.822,ETD=3505.39}.{EPS=395.257,ETD=5579.34}.{EPS=451.264,ETD=7547.82}.{EPS=535.332,ETD=9617.94}.{EPS=614.251,ETD=11401.4}.{EPS=683.995,ETD=13254.9}.{EPS=802.568,ETD=15071.4}.{EPS=938.086,ETD=15385.8}.{EPS=1050.42,ETD=16041.8}.{EPS=1243.78,ETD=17935.5}.{EPS=1213.59,ETD=18409.5}.{EPS=1165.5,ETD=18127.6}.{EPS=1123.6,ETD=18297.6}.{EPS=1101.32,ETD=18370.6}.{EPS=1098.9,ETD=18449.2}.{EPS=1098.9,ETD=18629.6}.{EPS=1089.32,ETD=18966.2}d.{EPS=920.81,ETD=18346.6}ddd.{EPS=772.798,ETD=17020.2}ddd.{EPS=669.344,ETD=15078.7}dddd.{EPS=620.347,ETD=13331}ddd.{EPS=572.738,ETD=11539.7}dddd.{EPS=530.223,ETD=9404.2}ddd.{EPS=484.966,ETD=7268.2}ddd.{EPS=447.628,ETD=5132.19}dddd.{EPS=413.907,ETD=2996.16}dtdd.{EPS=392.157,ETD=859.81}dddd.{EPS=392.465,ETD=198.776}ddd.{EPS=399.361,ETD=231.592}ddd.{EPS=408.831,ETD=262.708}dddd.{EPS=415.282,ETD=292.338}dddd.{EPS=419.111,ETD=320.568}dddd.{EPS=416.667,ETD=348.022}dddd.{EPS=424.448,ETD=374.91}dddd.{EPS=432.9,ETD=400.532}dddd.{EPS=440.917,ETD=424.892}dddd.{EPS=444.84,ETD=448.258}dddd.{EPS=459.559,ETD=471.036}ddd.{EPS=473.037,ETD=492.526}dddtdd.{EPS=476.644,ETD=512.802}dddd.{EPS=484.966,ETD=531.748}ddddd.{EPS=490.196,ETD=549.382}dd.{EPS=517.598,ETD=564.996}dd.{EPS=537.057,ETD=577.348}ddddd.{EPS=507.614,ETD=587.956}dddd.{EPS=488.281,ETD=599.118}d.{EPS=487.805,ETD=610.19}ddd.{EPS=479.386,ETD=618.538}ddd.{EPS=477.099,ETD=623.816}ddd.{EPS=489.237,ETD=624.208}dd.{EPS=495.54,ETD=615.834}ddd.{EPS=505.561,ETD=599.81}.{EPS=494.071,ETD=580.692}dddddd.{EPS=457.038,ETD=564.94}ddddddd.{EPS=446.03,ETD=551.544}ddddddd.{EPS=441.696,ETD=538.06}d.{EPS=438.212,ETD=524.704}d.{EPS=440.529,ETD=514.974}dd.{EPS=442.478,ETD=509.504}ddd.{EPS=443.656,ETD=506.292}dd.{EPS=452.489,ETD=506.748}ddd.{EPS=457.875,ETD=509.068}dd.{EPS=477.099,ETD=515.954}dd.{EPS=522.466,ETD=522.546}dddddd.{EPS=524.109,ETD=858.43}d.{EPS=548.847,ETD=3073.51}.{EPS=593.12,ETD=5321.05}ddd.{EPS=601.685,ETD=6980.98}d.{EPS=626.566,ETD=8972.83}d.{EPS=637.755,ETD=11017.9}ddd.{EPS=606.796,ETD=12554}dddd.{EPS=582.751,ETD=13305.8}dddddddd.{EPS=509.684,ETD=13344.4}dddddddddd.{EPS=473.037,ETD=13413.3}.{EPS=512.821,ETD=13121}dd.{EPS=524.659,ETD=11373.2}td.{EPS=508.647,ETD=9782.16}dd.{EPS=507.099,ETD=8967.25}d.{EPS=485.437,ETD=7584.91}dd.{EPS=486.855,ETD=7032.95}d.{EPS=508.647,ETD=7862.13}dddd.{EPS=510.725,ETD=8530.4}ddddddd.{EPS=546.448,ETD=9294.74}dddddd.{EPS=569.476,ETD=10314.7}ddddddd.{EPS=529.661,ETD=11570.7}ddddtdddddd.{EPS=492.611,ETD=11496.5}dddddddddd.{EPS=446.03,ETD=10870}dddddddd.{EPS=425.17,ETD=10385.4}ddddddddddd.{EPS=402.253,ETD=9798.59}tddddd.{EPS=381.098,ETD=8329.38}d.{EPS=371.195,ETD=5991.59}ddd.{EPS=370.92,ETD=4605.09}ddd.{EPS=367.107,ETD=3834.12}dddddd.{EPS=354.108,ETD=2773.34}ddtdddddddd.{EPS=343.407,ETD=1505.3}.{EPS=376.223,ETD=2969.97}.{EPS=421.941,ETD=4722.83}dd.{EPS=428.816,ETD=5018.41}dddddddd.{EPS=418.41,ETD=4998.01}dddddd.{EPS=420.168,ETD=5157.36}ddddddd.{EPS=403.551,ETD=5334.64}ddddddddddd.{EPS=382.263,ETD=5308.35}ddddddtdddddd.{EPS=367.107,ETD=5282.51}ddddddddddd.{EPS=361.011,ETD=5258.77}dddddddddddtd.{EPS=366.569,ETD=5236.7}ddddddddddd.{EPS=330.907,ETD=3386.74}ddddddddddd.{EPS=300.661,ETD=1611.23}ddd.{EPS=296.56,ETD=950.992}dddddd.{EPS=297.974,ETD=946.198}dddd.{EPS=290.192,ETD=788.776}ddd.{EPS=286.862,ETD=594.994}ddddddddd.{EPS=283.607,ETD=607.5}dddddd.{EPS=292.227,ETD=1020.03}d.{EPS=316.056,ETD=2365.99}dd.{EPS=332.668,ETD=2694.26}ddt.{EPS=343.879,ETD=2774}dd.{EPS=361.011,ETD=2757.84}dd.{EPS=365.497,ETD=2754.35}ddd.{EPS=381.388,ETD=2751.31}dd.{EPS=397.772,ETD=3236.39}ddddddd.{EPS=395.57,ETD=3234.13}ddd.{EPS=412.541,ETD=3231.71}dddd.{EPS=417.014,ETD=2832.56}dddd.{EPS=379.939,ETD=1503.14}dddddd.{EPS=367.647,ETD=1194.39}dddddddd.{EPS=362.582,ETD=1136.69}dddd.{EPS=361.011,ETD=1176.99}.{EPS=367.377,ETD=1217.08}d.{EPS=371.747,ETD=1256.67}dddd.{EPS=368.46,ETD=997.694}ddd.{EPS=378.788,ETD=1035.43}ddd.{EPS=380.228,ETD=1058.8}ddd.{EPS=385.505,ETD=1205.09}ddd.{EPS=405.186,ETD=1223.19}.{EPS=420.875,ETD=1338.67}dddd.{EPS=434.783,ETD=1353.25}dddd.{EPS=444.84,ETD=1366.59}dd.{EPS=445.236,ETD=1379.09}ddd.{EPS=448.029,ETD=1390.79}dd.{EPS=457.038,ETD=1189.3}ddd.{EPS=472.144,ETD=1199.87}dddd.{EPS=481.696,ETD=1223.95}ddd.{EPS=480.307,ETD=1122.8}dddd.{EPS=486.381,ETD=1195.11}dddddddd.{EPS=472.144,ETD=1158.39}.{EPS=510.725,ETD=3050.12}d.{EPS=540.541,ETD=4594.55}ddd.{EPS=533.618,ETD=4624.41}dddd.{EPS=516.529,ETD=4654.1}ddd.{EPS=504.541,ETD=4683.3}dddddt.{EPS=497.512,ETD=4711.98}ddddd.{EPS=487.805,ETD=4741.14}dddddd.{EPS=476.644,ETD=4771.59}dddd.{EPS=466.418,ETD=4755.89}ddddd.{EPS=477.555,ETD=4750.87}dddtddd.{EPS=447.628,ETD=2940.23}dddddd.{EPS=424.448,ETD=1450.3}ddddd.{EPS=431.779,ETD=1474.35}.{EPS=451.671,ETD=1497.71}d.{EPS=470.367,ETD=1555.95}d.{EPS=473.037,ETD=1697.21}dd.{EPS=494.56,ETD=1720.95}dddddd.{EPS=499.5,ETD=1753.55}dddd.{EPS=506.586,ETD=1771.18}ddd.{EPS=508.13,ETD=1787.02}ddddd.{EPS=515.464,ETD=1779.84}dddddd.{EPS=519.211,ETD=1795.57}dddtd.{EPS=507.614,ETD=1809.08}ddd.{EPS=483.092,ETD=2070.1}.{EPS=483.092,ETD=2048.63}d.{EPS=483.559,ETD=1940.6}dd.{EPS=468.604,ETD=2097.42}dddd.{EPS=461.681,ETD=2090.36}ddd.{EPS=455.373,ETD=2095.46}d.{EPS=449.236,ETD=2517.36}ddd.{EPS=432.152,ETD=2910.03}dddddd.{EPS=417.711,ETD=2914.34}ddd.{EPS=421.23,ETD=2915.32}dddd.{EPS=429.923,ETD=2656.05}ddd.{EPS=419.463,ETD=2641.61}ddddd.{EPS=403.226,ETD=2630.81}ddd.{EPS=404.531,ETD=2471.95}ddd.{EPS=414.25,ETD=2466.63}d.{EPS=435.92,ETD=3046.69}ddd.{EPS=443.656,ETD=2813.57}dddddd.{EPS=450.45,ETD=2420.03}dddddd.{EPS=446.03,ETD=2415.27}dddddd.{EPS=443.656,ETD=2425.49}dddddddd.{EPS=435.161,ETD=2418.87}dddddddd.{EPS=428.082,ETD=2414.02}d~~.{EPS=457.875,ETD=2406.02}d.{EPS=473.037,ETD=2425.51}.{EPS=510.204,ETD=3167.91}dd.{EPS=498.504,ETD=2809.04}dd.{EPS=501.002,ETD=2603.32}ddddddd.{EPS=498.008,ETD=2575.12}ddddd.{EPS=516.529,ETD=2542.35}dd.{EPS=524.659,ETD=2498.51}dd.{EPS=554.939,ETD=2522.92}ddd.{EPS=570.125,ETD=2504.05}dddd.{EPS=532.481,ETD=2488.85}dddd.{EPS=514.933,ETD=2583.04}dddddddddddd.{EPS=450.857,ETD=1805.13}ddd.{EPS=449.236,ETD=1540.78}dd.{EPS=454.545,ETD=1536.73}dd.{EPS=465.983,ETD=1523.55}dddddd.{EPS=454.133,ETD=1517.91}ddd.{EPS=450.045,ETD=1597.43}ddd.{EPS=450.045,ETD=1553.64}dddddd.{EPS=444.05,ETD=1632.55}d.{EPS=470.81,ETD=2267.19}dddddddd.{EPS=457.875,ETD=2290.26}dddddd.{EPS=484.027,ETD=2742.19}dddddddddd.{EPS=452.899,ETD=2737.17}dddddddddd.{EPS=422.297,ETD=2708.34}dddd.{EPS=430.293,ETD=2692.19}dddddd.{EPS=447.628,ETD=2675.09}dd.{EPS=468.604,ETD=2575.44}ddddd.{EPS=471.254,ETD=2670.63}ddddddd.{EPS=472.59,ETD=2761.17}dddddddd.{EPS=443.656,ETD=2203.25}dd.{EPS=478.469,ETD=2190.04}ddddddd~ddd.{EPS=465.549,ETD=1721.4}dddddd.{EPS=469.925,ETD=1710.99}ddddd.{EPS=463.392,ETD=1707.38}dd.{EPS=459.137,ETD=2393.67}dd.{EPS=472.59,ETD=2463.24}ddd.{EPS=464.684,ETD=2456.36}ddddddddddd.{EPS=431.034,ETD=2338.15}tdddddddd.{EPS=423.37,ETD=2145.45}dddd.{EPS=428.449,ETD=2038.76}ddd.{EPS=396.511,ETD=2324.79}d.{EPS=420.875,ETD=3029.13}~~~~~~~~~~~~dd.{EPS=426.985,ETD=3219.13}dddddddd.{EPS=424.088,ETD=3187.34}ddddd~~~~~~~~~~~~~~~~~~~~~~~~~~~~~~~~~~~~~~~~~~~~~~~~~~~~~~~~~~~~~~dd.{EPS=388.802,ETD=2519.92}dddddtd.{EPS=359.971,ETD=2399.69}ddd.{EPS=342.231,ETD=2356.91}dddd.{EPS=346.26,ETD=2317.53}ddddd.{EPS=338.753,ETD=2280.41}d.{EPS=339.674,ETD=2251.14}dddddt.{EPS=339.443,ETD=1760.59}dddddd.{EPS=325.521,ETD=1059.55}ddddddd.{EPS=323.415,ETD=821.26}ddddddddd.{EPS=332.005,ETD=801.52}ddddddd.{EPS=333.556,ETD=758.794}ddddddddd.{EPS=325.098,ETD=789.19}dddddd.{EPS=318.066,ETD=787.96}tddddd.{EPS=309.598,ETD=785.43}dddddddd.{EPS=301.386,ETD=782.094}dddddtdd.{EPS=296.56,ETD=778.038}dddddddd.{EPS=302.115,ETD=772.926}ddddddd.{EPS=301.932,ETD=736.618}ddd.{EPS=306.937,ETD=1044.66}tddd.{EPS=310.559,ETD=1190.91}ddd.{EPS=316.256,ETD=1192.99}dddd.{EPS=329.381,ETD=1193.17}ddtd.{EPS=337.838,ETD=1223.51}ddddd.{EPS=341.997,ETD=1253.12}dddddd.{EPS=351.617,ETD=1282.46}dtd.{EPS=356.888,ETD=1311.31}.{EPS=357.91,ETD=1339.69}dddddd.{EPS=345.066,ETD=1367.29}dddtdddd.{EPS=335.121,ETD=1120.42}ddddddd.{EPS=337.838,ETD=1022.21}dddddd.{EPS=345.543,ETD=1094.39}dddddd.{EPS=339.443,ETD=1110.29}dddddd.{EPS=336.7,ETD=1127.05}dddddd.{EPS=343.171,ETD=1144.55}dddddddd.{EPS=348.189,ETD=1161.99}dddddddddddt.{EPS=338.524,ETD=1178.31}ddddddd.{EPS=329.598,ETD=1248.27}.{EPS=341.297,ETD=1264.62}dtdd.{EPS=343.643,ETD=1266.39}dddddddd.{EPS=322.789,ETD=1285.14}dddddddtd.{EPS=305.81,ETD=1287.72}dddddddd.{EPS=300.661,ETD=1312.94}dddd.{EPS=303.767,ETD=1326.77}dtd.{EPS=307.882,ETD=1334.77}ddd.{EPS=312.5,ETD=1341.18}ddd.{EPS=319.693,ETD=1348.14}dtd.{EPS=316.056,ETD=1872.8}ddd.{EPS=314.268,ETD=1881.68}ddd.{EPS=322.165,ETD=1923.51}ddtd.{EPS=348.918,ETD=1930.36}dddddd.{EPS=376.506,ETD=1903.1}dddddd.{EPS=405.515,ETD=1908.06}dddtddd.{EPS=415.973,ETD=1958.38}ddddd.{EPS=425.894,ETD=1978.08}dd.{EPS=453.309,ETD=1997.28}td.{EPS=485.909,ETD=2016.44}ddd.{EPS=507.614,ETD=1568.1}dddddd.{EPS=512.821,ETD=1584.85}dtdddddddd.{EPS=485.909,ETD=1593.93}dd.{EPS=460.829,ETD=1662.51}ddddddd.{EPS=411.523,ETD=1796.13}ddddd.{EPS=379.651,ETD=1843.99}dddddddd.{EPS=354.61,ETD=1820.42}tdddddddd.{EPS=337.382,ETD=1898.65}dtdd.{EPS=325.945,ETD=2267.32}ddddddddd.{EPS=305.81,ETD=2281.21}ddtddddd.{EPS=306.185,ETD=2188.73}ddddtdd.{EPS=307.125,ETD=2191.81}dddddd.{EPS=315.259,ETD=2168.44}ddtddd.{EPS=322.581,ETD=2120.49}ddddddd.{EPS=341.53,ETD=2007.8}ddddddtd.{EPS=359.195,ETD=1979.76}.{EPS=409.165,ETD=3037.81}.{EPS=459.137,ETD=4033.13}.{EPS=496.524,ETD=4767.72}~.{EPS=550.055,ETD=5923.01}~.{EPS=573.394,ETD=7011.68}ddd.{EPS=602.41,ETD=7680.82}ddtddddd.{EPS=591.716,ETD=7713.94}ddddd.{EPS=600.24,ETD=7994.57}ddd.{EPS=653.595,ETD=8544.75}ddtd.{EPS=700.28,ETD=8575.5}ddd.{EPS=657.03,ETD=7603.81}dddddt.{EPS=587.544,ETD=6576.53}ddddddtdd.{EPS=520.833,ETD=5518.09}ddddd.{EPS=497.018,ETD=4392.13}ddd.{EPS=505.561,ETD=4006.73}dddd.{EPS=509.684,ETD=4427.82}~~~t.{EPS=547.645,ETD=5280.34}ddddd.{EPS=546.448,ETD=5068.77}dddddtd.{EPS=524.659,ETD=4514.84}dddtd.{EPS=495.05,ETD=4482.2}tdddd.{EPS=484.496,ETD=4401.8}dddddtdd.{EPS=481.696,ETD=4374.47}dddddtdd.{EPS=491.642,ETD=4351.15}ddd.{EPS=505.561,ETD=4328.86}dt.{EPS=521.376,ETD=4312.65}.{EPS=545.852,ETD=4984.9}dd.{EPS=547.645,ETD=4708.99}dd.{EPS=561.167,ETD=5532.08}tdtd.{EPS=531.35,ETD=5500.56}d~~~~~~~~~~~~~~~~~~~~~~~~~~~~~.{EPS=546.448,ETD=6159.73}~td.{EPS=551.268,ETD=6853.13}d.{EPS=575.374,ETD=6872.88}dtdt.{EPS=552.486,ETD=6773}dtdtd.{EPS=505.561,ETD=6681.78}dtd.{EPS=440.917,ETD=5868.2}dtd.{EPS=390.625,ETD=3988.89}dtd.{EPS=364.431,ETD=3263.25}dddtd.{EPS=335.345,ETD=2256.83}ddddt.{EPS=322.373,ETD=2176.72}dddddtd.{EPS=300.12,ETD=1403.16}dtddd.{EPS=282.167,ETD=593.72}tdtd.{EPS=269.397,ETD=457.814}dtdd.{EPS=264.831,ETD=440.886}dtddtd.{EPS=261.917,ETD=416.812}ddt.{EPS=265.252,ETD=437.864}dd.{EPS=265.111,ETD=459.072}dtd.{EPS=262.055,ETD=480.578}ddtdd.{EPS=261.506,ETD=501.796}ddtddd.{EPS=268.817,ETD=526.14}dtd.{EPS=289.352,ETD=570.898}d.{EPS=297.442,ETD=601.864}tddd.{EPS=296.56,ETD=632.66}ddddd.{EPS=292.056,ETD=816.962}d.{EPS=310.945,ETD=1997.79}dtddddd.{EPS=298.329,ETD=2026.33}dtdt.{EPS=291.886,ETD=2055.05}tdd.{EPS=292.398,ETD=2085.07}dtddddd.{EPS=299.222,ETD=2132.36}dddtdd.{EPS=300.842,ETD=2162.61}ddtddd.{EPS=286.205,ETD=2176.28}dddtd.{EPS=294.464,ETD=2206.19}dddtdddd.{EPS=299.94,ETD=2235.75}ddtdd.{EPS=323.415,ETD=2111.15}td.{EPS=322.997,ETD=1191.56}.{EPS=363.901,ETD=1560.35}.{EPS=413.223,ETD=1929.5}.{EPS=462.963,ETD=2300.13}dd.{EPS=504.541,ETD=2534.11}dtddddtd.{EPS=512.821,ETD=2625.83}dddd.{EPS=553.71,ETD=2660.13}dtdddt.{EPS=530.786,ETD=2693.35}dddd.{EPS=552.486,ETD=2726.2}dd.{EPS=542.299,ETD=2758.13}ddt.{EPS=521.376,ETD=2586.03}d.{EPS=498.504,ETD=2276.78}.{EPS=486.855,ETD=2495.48}dt.{EPS=456.204,ETD=2179.45}dd.{EPS=452.899,ETD=1974.94}dd.{EPS=485.909,ETD=1924.82}dd.{EPS=479.386,ETD=1929.13}ddddtd.{EPS=455.373,ETD=1950.09}dddddd.{EPS=417.014,ETD=1966.21}ddtdddd.{EPS=382.848,ETD=1964.25}dtdddtd.{EPS=362.319,ETD=1965.61}dtdtd.{EPS=347.222,ETD=1969.11}dtdd.{EPS=340.136,ETD=1444.71}tdtd.{EPS=345.781,ETD=1452.45}dtd.{EPS=336.247,ETD=1468.13}dtddtd.{EPS=318.471,ETD=1489}dddddddd.{EPS=315.457,ETD=1529.48}dddddddtddd.{EPS=320.718,ETD=1534.58}dddddd.{EPS=341.53,ETD=1700.25}tddd.{EPS=358.68,ETD=1728.26}ddtddd.{EPS=358.938,ETD=1735.54}dddd.{EPS=365.764,ETD=2035.04}dddtddddddtd.{EPS=344.828,ETD=2010.29}ddd.{EPS=343.879,ETD=2121.46}d.{EPS=363.901,ETD=2937.94}dd.{EPS=390.93,ETD=2901.33}d.{EPS=417.362,ETD=2844.51}d.{EPS=457.038,ETD=2803.05}ddddd.{EPS=452.489,ETD=2597.19}ddddtdd.{EPS=439.367,ETD=2541.14}ddddt.{EPS=462.107,ETD=2523.2}dddddtdd.{EPS=442.87,ETD=2189.21}ddtd.{EPS=461.681,ETD=2177.26}dt.{EPS=451.264,ETD=2027.02}dt.{EPS=425.894,ETD=1167.27}dddtddd.{EPS=392.157,ETD=1147.26}ddtdd.{EPS=373.134,ETD=1234.68}tddd.{EPS=350.14,ETD=1265.34}ddddtdddd.{EPS=325.521,ETD=1242.59}ddddddddd.{EPS=326.584,ETD=1226.95}dddddddddd.{EPS=315.657,ETD=1212.55}dddtdddtd.{EPS=313.48,ETD=1162.14}ddtd.{EPS=309.598,ETD=1114.52}dt.{EPS=319.285,ETD=2057.78}dddtd.{EPS=313.873,ETD=2012.82}ddddddd.{EPS=315.06,ETD=1978.56}ddtdd.{EPS=303.582,ETD=1838.28}dddt.{EPS=305.998,ETD=1758.16}d.{EPS=326.158,ETD=1786.93}tddd.{EPS=328.947,ETD=1766.62}ddddddd.{EPS=314.07,ETD=1723.75}dd.{EPS=340.599,ETD=2858.76}dtdd.{EPS=352.361,ETD=2872.07}tddddd.{EPS=335.796,ETD=1895.53}ddddddddtdd.{EPS=317.662,ETD=1909.7}ddddddddd.{EPS=308.452,ETD=1949.8}dtdddtddd.{EPS=296.736,ETD=2005.56}ddtdd.{EPS=289.017,ETD=2013.49}dtdddt.{EPS=282.486,ETD=1975.46}ddtd.{EPS=280.899,ETD=1987.13}ddtd.{EPS=298.151,ETD=2001.76}dd.{EPS=296.912,ETD=892.9}dtddddd.{EPS=291.886,ETD=1236.67}dddd.{EPS=295.683,ETD=1243.75}ddtdd.{EPS=311.915,ETD=1512.65}dddtddd.{EPS=322.997,ETD=1497.07}ddd.{EPS=356.888,ETD=1466.16}ddtd.{EPS=381.971,ETD=1482.2}dd.{EPS=407.498,ETD=1497.13}dddddddd.{EPS=403.226,ETD=1509.54}dtdddddddd.{EPS=388.199,ETD=1521.65}dddt.{EPS=387.597,ETD=2241.35}ddtddtd.{EPS=392.157,ETD=1974.16}dtddtd.{EPS=391.543,ETD=1972.83}ddtddddd.{EPS=390.32,ETD=2033.1}ddtd.{EPS=410.172,ETD=2846.7}ddddtd.{EPS=397.456,ETD=2847.2}dddt.{EPS=385.505,ETD=2848}dddtd.{EPS=370.096,ETD=2848.45}dddtd.{EPS=384.32,ETD=2850.71}dddt.{EPS=416.32,ETD=3040.43}ddd.{EPS=419.463,ETD=3092.74}dd.{EPS=441.696,ETD=3682.3}tddd.{EPS=451.671,ETD=3629.48}ddddtd.{EPS=467.29,ETD=3301.73}dddddtd.{EPS=446.429,ETD=2430.14}dddddddt.{EPS=439.367,ETD=2372.27}ddddddd.{EPS=436.3,ETD=2378.4}tddddddtddd.{EPS=412.541,ETD=2283.24}dddddtddd.{EPS=394.322,ETD=2188.2}ddddddd.{EPS=366.838,ETD=1904.46}dddtddddd.{EPS=335.345,ETD=1053.24}tdddddd.{EPS=316.256,ETD=319.438}ddt.{EPS=315.657,ETD=1067.59}t.{EPS=325.733,ETD=2006}t.{EPS=343.171,ETD=2987.02}tddddd.{EPS=335.796,ETD=3131.79}dtdddddd.{EPS=312.5,ETD=3032.98}ddddtdddd.{EPS=305.25,ETD=3036.53}ddddddddd.{EPS=294.638,ETD=3040.59}dddddddd.{EPS=294.118,ETD=3045.25}dtddddddddd.{EPS=286.041,ETD=3050.85}ddddddddd.{EPS=277.316,ETD=3055.23}ddddddddd.{EPS=258.398,ETD=2287.77}tdddddddddd.{EPS=236.967,ETD=1281.21}ddddddddd.{EPS=221.828,ETD=278.77}ddddddddd.{EPS=218.436,ETD=108.968}ddddddddd.{EPS=222.519,ETD=114.678}dddddddd.{EPS=229.991,ETD=129.7}dddd.{EPS=242.836,ETD=123.016}dddd.{EPS=254.194,ETD=116.574}dd.{EPS=276.549,ETD=519.442}dddd.{EPS=288.684,ETD=511.182}ddt.{EPS=316.056,ETD=987.512}ddddd.{EPS=339.674,ETD=980.652}dd.{EPS=376.506,ETD=1405.39}ddd.{EPS=408.163,ETD=1767.14}ddd.{EPS=444.05,ETD=1763.26}ddd.{EPS=475.737,ETD=1750.11}ddd.{EPS=494.56,ETD=1757.41}dddd.{EPS=501.002,ETD=1762.24}dd.{EPS=513.875,ETD=1638.23}d.{EPS=553.71,ETD=2588.31}.{EPS=543.478,ETD=3092.55}d.{EPS=550.055,ETD=3088.79}.{EPS=523.013,ETD=2659.27}.{EPS=540.541,ETD=2298.39}.{EPS=562.43,ETD=2309.77}d.{EPS=574.713,ETD=2321.99}.{EPS=586.166,ETD=2336.09}d.{EPS=597.372,ETD=2354.09}d.{EPS=590.319,ETD=2093.08}.{EPS=582.072,ETD=1170.76}.{EPS=597.372,ETD=213.924}d.{EPS=627.353,ETD=249.924}.{EPS=670.241,ETD=283.822}d.{EPS=706.215,ETD=314.936}d.{EPS=714.286,ETD=343.712}.{EPS=719.424,ETD=369.868}d.{EPS=719.424,ETD=393.056}d.{EPS=732.064,ETD=413.186}d.{EPS=736.377,ETD=430.322}.{EPS=740.741,ETD=444.366}d.{EPS=746.269,ETD=455.274}d.{EPS=749.625,ETD=462.03}d.{EPS=747.384,ETD=457.918}d.{EPS=739.645,ETD=443.704}d.{EPS=745.156,ETD=440.976}dd.{EPS=689.655,ETD=541.55}dd.{EPS=674.764,ETD=498.608}d.{EPS=660.502,ETD=640.04}d.{EPS=642.674,ETD=595.688}.{EPS=640.205,ETD=553.016}d.{EPS=636.943,ETD=511.172}d.{EPS=588.235,ETD=469.468}.{EPS=550.055,ETD=438.06}dd.{EPS=534.759,ETD=418.646}.{EPS=534.188,ETD=389.372}.{EPS=575.374,ETD=258.958}d.{EPS=584.112,ETD=274.404}.{EPS=591.017,ETD=104.402}.{EPS=612.745,ETD=116.86}d.{EPS=624.22,ETD=124.56}.{EPS=649.351,ETD=416.654}.{EPS=734.214,ETD=1294.24}.{EPS=827.815,ETD=2192.74}.{EPS=888.099,ETD=3189.05}d.{EPS=920.81,ETD=4223.22}.{EPS=965.251,ETD=5333.63}.{EPS=1039.5,ETD=6840.43}dddddd.{EPS=816.993,ETD=7188.35}dddtdddddd.{EPS=648.508,ETD=7176.75}ddddddddd.{EPS=520.833,ETD=7169.8}dddddddddd.{EPS=436.3,ETD=6878.21}tddddddddd.{EPS=371.471,ETD=6004.04}ddddddddd.{EPS=329.598,ETD=5299.41}dddt.{EPS=318.878,ETD=5353.33}dddddddd.{EPS=292.569,ETD=4503.15}ddt.{EPS=288.351,ETD=4574.56}.{EPS=288.018,ETD=4631.95}.{EPS=317.864,ETD=5834.25}dddddd.{EPS=338.295,ETD=6749.63}ddddddddd.{EPS=350.877,ETD=6792.9}ddd.{EPS=377.074,ETD=7201.64}dd.{EPS=416.32,ETD=7198}d.{EPS=469.925,ETD=7005.95}d.{EPS=479.846,ETD=5957.06}dd.{EPS=539.957,ETD=5774.45}d.{EPS=536.481,ETD=4594.07}d.{EPS=529.661,ETD=3029.76}.{EPS=525.21,ETD=1479.18}d.{EPS=570.125,ETD=576.978}d.{EPS=688.705,ETD=542.322}.{EPS=789.889,ETD=1125.82}.{EPS=907.441,ETD=3041.54}.{EPS=984.252,ETD=4863.5}td
;;;; Problem Unsolvable
; Nodes Generated: 260281
; Nodes Expanded:  49770
; Nodes Evaluated: 248526
; Nodes Tunneled:  1892
; Nodes memoised with open actions: 0
; Nodes memoised without open actions: 1194640
; Nodes pruned by memoisation: 934359
; Time 126.11
