Parsing and Instantiating...
Warning: rounding numeric constants such as 9.47519 to an accuracy of 0.001
Done
One way facts...
Mutex groups...
Semaphore Facts...
Envelope Facts...
One-shot actions...
(bs-dispense c-bs input wp1 base_black) is 1 shot
(bs-dispense c-bs output wp1 base_black) is 1 shot
(bs-dispense c-bs input wp1 base_red) is 1 shot
(bs-dispense c-bs output wp1 base_red) is 1 shot
(bs-dispense c-bs input wp1 base_silver) is 1 shot
(bs-dispense c-bs output wp1 base_silver) is 1 shot
(bs-dispense c-bs input wp1 base_black) is 1 shot
(bs-dispense c-bs output wp1 base_black) is 1 shot
(bs-dispense c-bs input wp1 base_red) is 1 shot
(bs-dispense c-bs output wp1 base_red) is 1 shot
(bs-dispense c-bs input wp1 base_silver) is 1 shot
(bs-dispense c-bs output wp1 base_silver) is 1 shot
(prepare-ds r-1 c-ds gate-1) is 1 shot
(prepare-ds r-2 c-ds gate-1) is 1 shot
(prepare-ds r-1 c-ds gate-2) is 1 shot
(prepare-ds r-2 c-ds gate-2) is 1 shot
(prepare-ds r-1 c-ds gate-3) is 1 shot
(prepare-ds r-2 c-ds gate-3) is 1 shot
(wp-get-shelf r-1 cg1 c-cs1 left) is 1 shot
(wp-get-shelf r-2 cg1 c-cs1 left) is 1 shot
(wp-get-shelf r-1 cg2 c-cs1 middle) is 1 shot
(wp-get-shelf r-2 cg2 c-cs1 middle) is 1 shot
(wp-get-shelf r-1 cg3 c-cs1 right) is 1 shot
(wp-get-shelf r-2 cg3 c-cs1 right) is 1 shot
(wp-get-shelf r-1 cb1 c-cs2 left) is 1 shot
(wp-get-shelf r-2 cb1 c-cs2 left) is 1 shot
(wp-get-shelf r-1 cb2 c-cs2 middle) is 1 shot
(wp-get-shelf r-2 cb2 c-cs2 middle) is 1 shot
(wp-get-shelf r-1 cb3 c-cs2 right) is 1 shot
(wp-get-shelf r-2 cb3 c-cs2 right) is 1 shot
Integral variables...
Variable bounds...
Static numeric conditions...
Duration bounds...
TIL time window analysis...
Bounding action timestamps due to time windows...
(order-delivery-window-open o1) forms a window with range [0.000,150.000]
Bounds on (fulfill-order-c0-within-tw o1 wp1 c-ds gate-2 base_red cap_grey) (duration [0.010,0.010]):
	0: [0.000,149.990]
	1: [0.000,149.990]
	2: [0.010,150.000]
(can-commit-for-ontime-delivery o1) forms a window with range [0.000,15.000]
Bounds on (commit-to-ontime-delivery o1) (duration [0.010,0.010]):
	0: [0.000,14.999]
	1: [0.000,14.999]
	2: [0.010,15.009]
Bounds on (do-not-commit-to-ontime-delivery o1) (duration [0.010,0.010]):
	0: [0.000,14.999]
	1: [0.000,14.999]
	2: [0.010,15.009]
Dominance constraints (excluding processes and events)...
Damaging events...
Dominance constraints (including processes and events)...
Variable monotonicity...
Max/min needed values for any single precondition...
Irrelevant action pruning by backward reachability from goal...
Uninterestingness criteria...
Compression-safe actions...
Compression-safe invariants...
62% of durative actions in this problem are compression safe
Goal Goal [1]
    (order-fulfilled o1)

Finishing preprocessing.  Making a TRPG heuristic...
Making an open list...
Running WA* search (g weight = 1, h weight = 5)
{(order-delivery-window-open o1),(can-commit-for-ontime-delivery o1),(location-free start input),(location-free c-bs input),(location-free c-bs output),(location-free c-cs1 input),(location-free c-cs1 output),(location-free c-cs2 input),(location-free c-cs2 output),(location-free c-ds input),(location-free c-ds output),(cs-can-perform c-cs1 cs_retrieve),(cs-can-perform c-cs2 cs_retrieve),(wp-base-color wp1 base_none),(wp-cap-color wp1 cap_none),(wp-ring1-color wp1 ring_none),(wp-ring2-color wp1 ring_none),(wp-ring3-color wp1 ring_none),(wp-unused wp1),(robot-waiting r-1),(robot-waiting r-2),(mps-state c-bs idle),(mps-state c-cs1 idle),(mps-state c-cs2 idle),(mps-state c-ds idle),(wp-cap-color cg1 cap_grey),(wp-cap-color cg2 cap_grey),(wp-cap-color cg3 cap_grey),(wp-on-shelf cg1 c-cs1 left),(wp-on-shelf cg2 c-cs1 middle),(wp-on-shelf cg3 c-cs1 right),(wp-cap-color cb1 cap_black),(wp-cap-color cb2 cap_black),(wp-cap-color cb3 cap_black),(wp-on-shelf cb1 c-cs2 left),(wp-on-shelf cb2 c-cs2 middle),(wp-on-shelf cb3 c-cs2 right)}
[]
Initial heuristic = 29
Initial stats: t=0.02s, 7568kb
b (26 @ n=5, t=0.02s, 7568kb)b (25 @ n=14, t=0.02s, 7708kb)b (24 @ n=21, t=0.02s, 7708kb)b (23 @ n=27, t=0.02s, 7708kb)b (22 @ n=33, t=0.02s, 7708kb)b (18 @ n=34, t=0.02s, 7708kb)b (16 @ n=41, t=0.03s, 7708kb)dWarning: self overlapping Action 320:1 at 8
b (14 @ n=225, t=0.06s, 8448kb)d.{EPS=862.069,ETD=3.91837}dddd.{EPS=892.857,ETD=10.6768}dd.{EPS=937.5,ETD=14.7852}dd.{EPS=956.938,ETD=15.5226}dd.{EPS=954.198,ETD=18.9317}ddd.{EPS=952.381,ETD=22.3846}dd.{EPS=961.538,ETD=24.4642}d.{EPS=995.025,ETD=24.0652}ddx.{EPS=982.533,ETD=36.2138}dd.{EPS=998.004,ETD=49.6754}dd.{EPS=1048.22,ETD=54.828}d.{EPS=1082.25,ETD=61.448}xdb (13 @ n=2975, t=0.62s, 25340kb)b (12 @ n=2983, t=0.62s, 25444kb)b (11 @ n=3001, t=0.62s, 25556kb)b (10 @ n=3003, t=0.62s, 25556kb).{EPS=1101.32,ETD=73.264}dd.{EPS=1108.65,ETD=71.706}d.{EPS=1133.79,ETD=72.436}dd.{EPS=1108.65,ETD=70.398}dd.{EPS=1070.66,ETD=68.846}dd.{EPS=1026.69,ETD=79.584}dd.{EPS=1022.49,ETD=81.752}dd.{EPS=970.874,ETD=80.108}dd.{EPS=919.118,ETD=82.572}xd.{EPS=920.81,ETD=78.856}d.{EPS=922.509,ETD=88.102}ddd.{EPS=899.281,ETD=112.284}dd.{EPS=884.956,ETD=148.72}dd.{EPS=872.6,ETD=223.518}xd.{EPS=922.509,ETD=254.982}dd.{EPS=956.023,ETD=251.112}dd.{EPS=988.142,ETD=247.344}d.{EPS=1046.03,ETD=246.85}dxd.{EPS=1079.91,ETD=272.464}d.{EPS=1068.38,ETD=311.698}ddd.{EPS=1016.26,ETD=331.652}dd.{EPS=1012.15,ETD=319.804}dxdd.{EPS=1002,ETD=281.32}ddd.{EPS=1033.06,ETD=204.82}dd.{EPS=1000,ETD=174.646}ddd.{EPS=952.381,ETD=167.902}ddd.{EPS=909.091,ETD=158.222}ddd.{EPS=871.08,ETD=153.52}ddd.{EPS=856.164,ETD=135.614}ddd.{EPS=818.331,ETD=105.564}dddx.{EPS=811.688,ETD=73.4}ddd.{EPS=818.331,ETD=67.044}dd.{EPS=829.187,ETD=84.9}ddd.{EPS=822.368,ETD=109.532}ddd.{EPS=792.393,ETD=131.102}ddxd.{EPS=809.061,ETD=183.244}ddd.{EPS=794.913,ETD=187.11}dddd.{EPS=775.194,ETD=182.316}dddd.{EPS=749.625,ETD=172.592}dddd.{EPS=736.377,ETD=165.558}dddd.{EPS=712.251,ETD=162.344}dddd.{EPS=684.932,ETD=166.12}dddd.{EPS=655.308,ETD=156.53}dddd.{EPS=637.755,ETD=142.642}dddd.{EPS=628.931,ETD=129.866}xddd.{EPS=611.995,ETD=125.694}ddd.{EPS=627.353,ETD=186.954}ddd.{EPS=629.723,ETD=248.102}dddd.{EPS=632.111,ETD=296.188}xdxd.{EPS=650.195,ETD=354.926}dddx.{EPS=664.011,ETD=385.886}ddd.{EPS=690.608,ETD=402.93}ddd.{EPS=700.28,ETD=424.302}dd.{EPS=739.645,ETD=505.216}d.{EPS=788.644,ETD=571.818}dx.{EPS=829.187,ETD=618.212}ddd.{EPS=796.178,ETD=769.012}dxxd.{EPS=825.083,ETD=916.686}d.{EPS=841.751,ETD=1064.63}dd.{EPS=863.558,ETD=1199.82}ddd.{EPS=874.126,ETD=1338.22}dxd.{EPS=857.633,ETD=1385.6}ddxd.{EPS=860.585,ETD=1390.96}xdd.{EPS=829.187,ETD=1334.5}ddd.{EPS=792.393,ETD=1291.81}ddd.{EPS=758.725,ETD=1233.1}dddx.{EPS=776.398,ETD=1055.63}ddd.{EPS=762.195,ETD=894.746}xddd.{EPS=751.88,ETD=747.298}xdd.{EPS=744.048,ETD=728.054}xd.{EPS=746.269,ETD=717.638}ddx.{EPS=753.012,ETD=791.176}dd.{EPS=758.725,ETD=879.79}dxd.{EPS=751.88,ETD=937.194}ddd.{EPS=725.689,ETD=979.278}xxdxb (9 @ n=19807, t=5.3s, 162188kb).{EPS=756.43,ETD=1141.62}db (8 @ n=19857, t=5.32s, 162808kb)b (7 @ n=19872, t=5.33s, 162868kb)b (6 @ n=19883, t=5.33s, 163000kb)b (5 @ n=19892, t=5.33s, 163148kb).{EPS=791.139,ETD=1173.82}d.{EPS=825.083,ETD=1258.79}dd.{EPS=869.565,ETD=1272.55}x.{EPS=896.057,ETD=1264.61}d.{EPS=920.81,ETD=1261.47}d.{EPS=982.318,ETD=1196.82}xdx.{EPS=1043.84,ETD=1254.37}xd.{EPS=1079.91,ETD=1313.64}ddd.{EPS=1160.09,ETD=1363.28}xdxx.{EPS=1157.41,ETD=1386.09}dxdx.{EPS=1106.19,ETD=1538.34}xd.{EPS=1066.1,ETD=1618.38}dd.{EPS=1022.49,ETD=1742.69}xdd.{EPS=965.251,ETD=1697.7}ddx.{EPS=968.992,ETD=1733.33}xxdx.{EPS=943.396,ETD=1854.45}xxxxx.{EPS=925.926,ETD=1880.63}dxxx.{EPS=936.33,ETD=1941.01}dd.{EPS=939.85,ETD=2001.28}d.{EPS=948.767,ETD=2003.95}xd.{EPS=961.538,ETD=2005.77}dxd.{EPS=976.562,ETD=1995.72}xd.{EPS=1006.04,ETD=2054.64}dd.{EPS=1022.49,ETD=2176.79}dd.{EPS=1006.04,ETD=2174.87}.{EPS=1048.22,ETD=2235.27}dd.{EPS=1052.63,ETD=2253.98}d.{EPS=1061.57,ETD=2308.21}d.{EPS=1146.79,ETD=2387.21}d.{EPS=1168.22,ETD=2424.39}d.{EPS=1193.32,ETD=2416.28}d.{EPS=1246.88,ETD=2449.98}d.{EPS=1302.08,ETD=2481.06}d.{EPS=1366.12,ETD=2503.09}d.{EPS=1436.78,ETD=2543.43}ddx.{EPS=1336.9,ETD=2582.1}d.{EPS=1326.26,ETD=2597.28}dd.{EPS=1329.79,ETD=2543.35}d.{EPS=1272.26,ETD=2588.15}d.{EPS=1216.55,ETD=2618.94}d.{EPS=1234.57,ETD=2651.93}d.{EPS=1222.49,ETD=2704.86}dd.{EPS=1157.41,ETD=2728.78}d.{EPS=1176.47,ETD=2745.98}d.{EPS=1176.47,ETD=2709.99}d.{EPS=1154.73,ETD=2730.67}d.{EPS=1173.71,ETD=2762.21}dd.{EPS=1187.65,ETD=2811.59}dd.{EPS=1118.57,ETD=2910.79}dxd.{EPS=1086.96,ETD=2961.93}dxx.{EPS=1050.42,ETD=3069.86}dd.{EPS=1018.33,ETD=3166.3}d.{EPS=1026.69,ETD=3247.27}dd.{EPS=963.391,ETD=3329.2}dxd.{EPS=943.396,ETD=3432.46}xdx.{EPS=963.391,ETD=3479.58}xdxx.{EPS=982.318,ETD=3620.02}xxdx.{EPS=1004.02,ETD=3775.93}dx.{EPS=1033.06,ETD=3753.04}dd.{EPS=1020.41,ETD=3749.67}dd.{EPS=1002,ETD=3726.64}dd.{EPS=1010.1,ETD=3692.59}dd.{EPS=996.016,ETD=3691.21}dxd.{EPS=1024.59,ETD=3702.87}xd.{EPS=1014.2,ETD=3763.4}xx.{EPS=1012.15,ETD=3754.42}dxd.{EPS=961.538,ETD=3669.02}xxd.{EPS=915.751,ETD=3548.78}xdd.{EPS=917.431,ETD=3491.09}d.{EPS=974.659,ETD=3486.56}dx.{EPS=982.318,ETD=3481.74}dx.{EPS=1010.1,ETD=3447.35}xxd.{EPS=1037.34,ETD=3382.63}d.{EPS=1037.34,ETD=3341.79}dx.{EPS=1061.57,ETD=3307.14}dd.{EPS=1046.03,ETD=3329.74}dx.{EPS=1070.66,ETD=3359.56}dd.{EPS=1052.63,ETD=3431.4}xxdx.{EPS=1046.03,ETD=3404.16}dd.{EPS=980.392,ETD=3432.92}dd.{EPS=948.767,ETD=3445.91}dd.{EPS=866.551,ETD=3428.28}ddd.{EPS=793.651,ETD=3458.58}dd.{EPS=738.552,ETD=3505.75}ddd.{EPS=686.813,ETD=3554.29}dd.{EPS=641.026,ETD=3578.65}ddd.{EPS=603.865,ETD=3648.5}dd.{EPS=574.053,ETD=3708.95}dd.{EPS=537.057,ETD=3808.29}dd.{EPS=518.135,ETD=3848.51}dd.{EPS=508.647,ETD=3881.71}dd.{EPS=509.684,ETD=3980.85}dxd.{EPS=513.347,ETD=4045.81}dd.{EPS=506.073,ETD=4073.99}dd.{EPS=509.165,ETD=4077.68}d.{EPS=517.063,ETD=4056.21}dd.{EPS=512.821,ETD=4054.69}dd.{EPS=513.347,ETD=4037.86}dx.{EPS=527.983,ETD=3993.72}dd.{EPS=539.374,ETD=3601.61}xdd.{EPS=536.481,ETD=3232.04}dd.{EPS=511.771,ETD=2831.01}dd.{EPS=492.611,ETD=2418.47}dd.{EPS=484.027,ETD=2003.94}dd.{EPS=466.418,ETD=1625.82}dd.{EPS=449.64,ETD=1246.21}ddd.{EPS=440.917,ETD=853.836}dd.{EPS=430.293,ETD=470.434}dd.{EPS=414.594,ETD=139.048}dd.{EPS=397.141,ETD=149.628}d.{EPS=405.186,ETD=185.592}xd.{EPS=438.212,ETD=182.534}xxx.{EPS=475.737,ETD=178.68}xdx.{EPS=523.013,ETD=269.746}d.{EPS=550.055,ETD=624.132}ddd.{EPS=574.053,ETD=926.89}dxx.{EPS=617.284,ETD=1197.16}dd.{EPS=658.762,ETD=1457.51}dxdx.{EPS=714.286,ETD=1706.01}xxdx.{EPS=783.699,ETD=1957.95}xx.{EPS=791.139,ETD=2191.94}xxxx.{EPS=761.035,ETD=2471.14}xxx.{EPS=744.048,ETD=2751.15}xdxxx.{EPS=729.927,ETD=2936.78}dd.{EPS=699.301,ETD=2729.35}dd.{EPS=659.631,ETD=2511.14}ddd.{EPS=603.136,ETD=2298.32}dd.{EPS=569.476,ETD=2101.5}dd.{EPS=533.618,ETD=1919.75}dd.{EPS=533.049,ETD=1677.58}dd.{EPS=533.049,ETD=1804.14}dx.{EPS=533.618,ETD=1867.34}xx.{EPS=548.847,ETD=1593.45}xd.{EPS=558.036,ETD=1325.37}x.{EPS=611.995,ETD=1185.53}xxd.{EPS=647.668,ETD=1284.53}dx.{EPS=740.741,ETD=1225.34}x.{EPS=869.565,ETD=1137.63}xxx.{EPS=1052.63,ETD=1051.71}dxd.{EPS=1108.65,ETD=1068.16}dd.{EPS=1048.22,ETD=780.672}ddd.{EPS=980.392,ETD=547.308}ddd.{EPS=866.551,ETD=663.078}dd.{EPS=788.644,ETD=775.208}d.{EPS=721.501,ETD=899.238}ddx.{EPS=726.744,ETD=845.902}xdxxd.{EPS=694.444,ETD=952.774}xxdxx.{EPS=671.141,ETD=1090.25}xdx~~~~~~~~~~~.{EPS=632.911,ETD=1227.61}~~~~~~~~~~~~~~~~~~~~~~~~~~~~~~~~~~~~~~~~~~~~~~~~~~~~~~~~~~~~~~~~~~~~~~~~~~~~~~~~~~~~~~~~~~~~~~~~~~~~~~~~~~~~~~~~~~~~~~~~~~~~~~~~~~~~~~~~~~~~~~~~~~~~~~~~~~~~~~~~~~~~~~~~~~~~~~~~~~~~~~~~~~~~~~~~~~~~~~~~~~~~~~~~~~~~~~~~~~~~~~~~~~~~~~~~~~~~~~~~~~~~~~~~~~~~~~~~~~~~~~~~~~~~~~~~~~~~~~~~~~~~~~~~~~~~~~~~~~~~~~~~~~~~~~~~~~~~~~~~~~~~~~~~~~~~~~~~~~~~~~~~~~~~~~~~~~~~~~~~~~~~~~~~~~~~~~~~~~~~~~~~~~~~~~~~~~~~~~~~~~~~~~~~~~~~~~~~~~~~~~~~~~~~~~~~~~~~~~~~~~~~~~~~~~~~~~~~~~~~~~~~~~~~~~~~~~~~~~~~~~~~~~~~~~~~~~~~~~~~~~~~~~~~~~~~~~~~~~~~~~~~~~~~~~~~~~~~~~~~~~~~~~~~~~~~~~~~~~~~~~~~~~~~~~~~~~~~~~~~~~~~~~~~~~~~~~~~~~~~~~~~~~~~~~~~~~~~~~~~~~~~~~~~~~~~~~~~~~~~~~~~~~~~~~~~~~~~~~~~~~~~~~~~~~~~~~~~~~~~~~~~~~~~~~~~~~~~~~~~~~~~~~~~~~~~~~~~~~~~~~~~~~~~~~~~~~~~~~~~~~~~~~~~~~~~~~~~~~~~~~~~~~~~~~~~~~~~~~~~~~~~~~~~~~~~~~~~~~~~~~~~~~~~~~~~~~~~~~~~~~~~~~~~~~~~~~~~~~~~~~~~~~~~~~~~~~~~~~~~~~~~~~~~~~~~~~~~~~~~~~~~~~~~~~~~~~~~~~~~~~~~~~~~~~~~~~~~~~~~~~~~~~~~~~~~~~~~~~~~~~~~~~~~~~~~~~~~~~~~~~~~~~~~~~~~~~~~~~~~~~~~~~~~~~~~~~~~~~~~~~~~~~~~~~~~~~~~~~~~~~~~~~~~~~~~~~~~~~~~~~~~~~~~~~~~~~~~~~~~~~~~~~~~~~~~~~~~~~~~~~~~~~~~~~~~~~~~~~~~~~~~~~~~~~~~~~~~~~~~~~~~~~~~~~~~~~~~~~~~~~~~~~~~~~~~~~~~~~~~~~~~~~~~~~~~~~~~~~~~~~~~~~~~~~~~~~~~~~~~~~~~~~~~~~~~~~~~~~~~~~~~~~~~~~~~~~~~~~~~~~~~~~~~~~~~~~~~~~~~~~~~~~~~~~~~~~~~~~~~~~~~~~~~~~~~~~~~~~~~~~~~~~~~~~~~~~~~~~~~~~~~~~~~~~~~~~~~~~~~~~~~~~~~~~~~~~~~~~~~~~~~~~~~~~~~~~~~~~~~~~~~~~~~~~~~~~~~~~~~~~~~~~~~~~~~~~~~~~~~~~~~~~~~~~~~~~~~~~~~~~~~~~~~~~~~~~~~~~~~~~~~~~~~~~~~~~~~~~~~~~~~~~~~~~~~~~~~~~~~~~~~~~~~~~~~~~~~~~~~~~~~~~~~~~~~~~~~~~~~~~~~~~~~~~~~~~~~~~~~~~~~~~~~~~~~~~~~~~~~~~~~~~~~~~~~~~~~~~~~~~~~~~~~~~~~~~~~~~~~~~~~~~~~~~~~~~~~~~~~~~~~~~~~~~~~~~~~~~~~~~~~~~~~~~~~~~~~~~~~~~~~~~~~~~~~~~~~~~~~~~~~~~~~~~~~~~~~~~~~~~~~~~~~~~~~~~~~~~~~~~~~~~~~~~~~~~~~~~~~~~~~~~~~~~~~~~~~~~~~~~~~~~~~~~~~~~~~~~~~~~~~~~~~~~~~~~~d~~~~~~~~~~~~~~~~~~~~~~~~~~~~~~~~~~~~~~~~~~~~~~~~~~~~~~~~~~~~~~~~~~~~~~~~~~~~~~~~~~~~~~~~~~~~~~~~~~~~~~~~~~~~~~~~~~~~~~~~~~~~~~~~~~~~~~~~~~~~~~~~~~~~~~~~~~~~~~~~~~~~~~~~~~~~~~~~~~~~~~~~~~~~~~~~~~~~~~~~~~~~~~~~~~~~~~~~~~~~~~~~~~~~~~~~~~~~~~~~~~~~~~~~~~~~~~~~~~~~~~~~~~~~~~~~~~~~~~~~~~~~~~~~~~~~~~~~~~~~~~~~~~~~~~~~~~~~~~~~~~~~~~~~~~~~~~~~~~~~~~~~~~~~~~~~~~~~~~~~~~~~~~~~~~~~~~~~~~~~~~~~~~~~~~~~~~~~~~~~~~~~~~~~~~~~~~~~~~~~~~~~~~~~~~~~~~~~~~~~~~~~~~~~~~~~~~~~~~~~~~~~~~~~~~~~~~~~~~~~~~~~~~~~~~~~~~~~~~~~~~~~~~~~~~~~~~~~~~~~~~~~~~~~~~~~~~~~~~~~~~~~~~~~~~~~~~~~~~~~~~~~~~~~~~~~~~~~~~~~~~d~~~~~~~~~~~~~~~~~~~~~~~~~~~~~~~~~~~~~~~~~~~~~~~~~~~~~~~~~~~~~~~~~~~~~~~~~~~~~~~~~~~~~~~~~~~~~~~~~~~~~~~~~~~~~~~~~~~~~~~~~~~~~~~~~~~~~~~~~~~~~~~~~~~~~~~~~~~~~~~~~~~~~~~~~~~~~~~~~~~~~~~~~~~~~~~~~~~~~~~~~~~~~~~~~~~~~~~~~~~~~~~~~~~~~~~~~~~~~~~~~~~~~~~~~~~~~~~~~~~~~~~~~~~~~~~~~~~~~~~~~~~~~~~~~~~~~~~~~~~~~~~~~~~~~~~~~~~~~~~~~~~~~~~~~~~~~~~~~~~~~~~~~~~~~~~~~~~~~~~~~~~~~~~~~~~~~~~~~~~~~~~~~~~~~~~~~~~~~~~~~dd.{EPS=609.013,ETD=1915.22}~~~~~~~~~~~~~~~~~~~~~~~~~~~~~~~~~~~~~~~~~~~~~~~~~~~~~~~~~~~~~~~~~~~~~~~~~~~~~~~~~~~~~~~~~~~~~~~~~~~~~~~~~~~~~~~~~~~~~~~~~~~~~~~~~~~~~~~~~~~~~~~~~~~~~~~~~~~~~~~~~~~~~~~~~~~~~~~~~~~~~~~~~~~~~~~~~~~~~~~~~~~~~~~~~~~~~~~~~~~~~~~~~~~~~~~~~~~~~~~~~~~~~~~~~~~~~~~~~~~~~~~~~~~~~~~~~~~~~~~~~~~~~~~~~~~~~~~~~~~~~~~~~~~~~~~~~~~~~~~~~~~~~~~~~~~~~~~~~~~~~~~~~~~~~~~~~~~~~~~~~~~~~~~~~~~~~~~~~~~~~~~~~~~~~~~~~~~~~~~~~~~~~~~~~~~~~~~~~~~~~~~~~~~~~~~~~~~~~~~~~~~~~~~~~~~~~~~~~~~~~~~~~~~~~~~~~~~~~~~~~~~~~~~~~~~~~~~~~~~~~~~~~~~~~~~~~~~~~~~~~~~~~~~~~~~~~~~~~~~~~~~~~~~~~~~~~~~~~~~~~~~~~~~~~~~~~~~~~~~~~~~~~~~~~~~~~~~~~~~~~~~~~~~~~~~~~~~~~~~~~~~~~~~~~~~~~~~~~~~~~~~~~~~~~~~~~~~~~~~~~~~~~~~~~~~~~~~~~~~~~~~~~~~~~~~~~~~~~~~~~~~~~~~~~~~~~~~~~~~~~~~~~~~~~~~~~~~~~~~~~~~~~~~~~~~~~~~~~~~~~~~~~~~~~~~~~~~~~~~~~~~~~~~~~~~~~~~~~~~~~~~~~~~~~~~~~~~~~~~~~~~~~~~~~~~~~~~~~~~~~~~~~~~~~~~~~~~~~~~~~~~~~~~~~~~~~~~~~~~~~~~~~~~~~~~~~~~~~~~~~~~~~~~~~~~~~~~~~~~~~~~~~~~~~~~~~~~~~~~~~~~~~~~~~~~~~~~~~~~~~~~~~~~~~~~~~~~~~~~~~~~~~~~~~~~~~~~~~~~~~~~~~~~~~~~~~~~~~~~~~~~~~~~~~~~~~~~~~~~~~~~~~~~~~~~~~~~~~~~~~~~~~~~~~~~~~~~~~~~~~~~~~~~~~~~~~~~~~~~~~~~~~~~~~~~~~~~~~~~~~~~~~~~~~~~~~~~~~~~~~~~~~~~~~~~~~~~~~~~~~~~~~~~~~~~~~~~~~~~~~~~~~~~~~~~~~~~~~~~~~~~~~~~~~~~~~~~~~~~~~~~~~~~~~~~~~~~~~~~~~~~~~~~~~~~~~~~~~~~~~~~~~~~~~~~~~~~~~~~~~~~~~~~~~~~~~~~~~~~~~~~~~~~~~~~~~~~~~~~~~~~~~~~~~~~~~~~~~~~~~~~~~~~~~~~~~~~~~~~~~~~~~~~~~~~~~~~~~~~~~~~~~~~~~~~~~~~~~~~~~~~~~~~~~~~~~~~~~~~~~~~~~~~~~~~~~~~~~~~~~~~~~~~~~~~~~~~~~~~~~~~~~~~~~~~~~~~~~~~~~~~~~~~~~~~~~~~~~d~~~~~~~~~~~~~~~~~~~~~~~~~~~~~~~~d~~~~~~~~~~~~~~~~~~~~~~~~~~~~~~~~~~~~~~~~~~~~~~~~~~~~~~~~~~~~~~~~~~~~~~~~~~~~~~~~~~~~~~~~~~~~~~~~~~~~~~~~~~~~~~~~~~~~~~~~~~~~~~~~~~~~~~~~~~~~~~~~~~~~~~~~~~~~~~~~~~~~~~~~~~~~~~~~~~~~~~~~~~~~~~~~~~~~~~~~~~~~~~~~~~~~~~~~~~~~~~~~~~~~~~~~~~~~~~~~~~~~~~~~~~~~~~~~~~~~~~~~~~~~~~~~~~~~~~~~~~~~~~~~~~~~~~~~~~~~~~~~~~~~~~~~~~~~~~~~~~~~~~~~~~~~~~~~~~~~~~~~~~~~~~~~~~~~~~~~~~~~~~~~~~~~~~~~~~~~~~~~~~~~~~~~~~~~~~~~~~~~~~~~~~~~~~~~~~~~~~~~~~~~~~~~~~~~~~~~~~~~~~~~~~~~~~~x~~~~~~~~~~~~~~~~~~~~~~~~~~~~~~~~~~~~~~~~~~~~~~~~~~~~~~~~~~~~~~~~~~~~~~~~~~~~~~~~~~~~~~~~~~~~~~~~~~~~~~~~~~~~~~~~~~~~~~~~~~~~~~~~~~~~~~~~~~~~~~~~~~~~~~~~~~~~~~~~~~~~~~~~~~~~~~~~~~~~~~~~~~~~~~~~~~~~~~~~~~~~~~~~~~~~~~~~~~~~~~~~~~~~~~~~~~~~~~~~~~~~~~~~~~~~~~~~~~~~~~~~~~~~~~~~~~~~~~~~~~~~~~~~~~~~~~~~~~~~~~~~~~~~~~~~~~~~~~~~~~~~~~~~~~d~~~~~~~~~~~~~~~~~~~~~~~~~~~~~~~~~~~~~~~~~~~~~~~~~~~~~~~~~~~~~~~~~~~~~~~~~~~~~~~~~~~~~~~~~~~~~~~~~~~~~~~~~~~~~~~~~~~~~~~~~~~~~~~~~~~~~~~~~~~~~~~~~~~~~~~~~~~~~~~~~~~~~~~~~~~~~~~~~~~~~~~~~~~~~~~~~~~~~~~~~~~~~~~~~~~~~~~~~~~~~~~~~~~~~~~~~~~~~~~~~~~~~~~~~~~~~~~~~~~~~~~~~~~~~~~~~~~~~~~~~~~~~~~~~~~~~~~~~~~~~~~~~~~~~~~~~~~~~~~~~~~~~~~~~~~~~~~~~~~~~~~~~~~~~~~~~~~~~~~~~~~~~~~~~~~~~~~~~~~~~~~~~~~~~~~~~~~~~~~~~~~~~~~~~~~~~~~~~~~~~~~~~~~~~~~~~~~~~~~~~~~~~~~~~~~~~~~~~~~~~~~~~~~~~~~~~~~~~~~~~~~~~~~~~~~~~~~~~~~~~~~~~~~~~~~~~~~~~~~~~~~~~~~~~~~~~~~~~~~~~~~~~~~~~~~~~~~~~~~~~~~~~~~~~~~~~~~~~~~~~~~~~~~~~~~~~~~~~~~~~~~~~~~~~~~~~~~~~~~~~~~~~~~~~~~~~~~~~~~~~~~~~~~~~~~~~~~~~~~~~~~~~~~~~~~~~~~~~~~~~~~~~~~~~~~~~~~~~~~~~~~~~~~~~~~~~~~~~~~~~~~~~~~~~~~~~~~~~~~~~~~~~~~~~~~~~~~~~~~~~~~~d~~~~~~~~~~~~~~~~~~~~~~~~~~~~~~~~~~~~~~~~~~~~~~~~~~~~~~~~~~~~~~~~~~~~~~~~~~~~~~~~~~~~~~~~~~~~~~~~~~~d.{EPS=613.497,ETD=2364.22}~~~~~~~~~~~~~~~~~~~~~~~~~~~~~~~~~~~~~~~~~~~~~~~~~~~~~~~~~~~~~~~~~~~~~~~~~~~~~~~~~~~~~~~~~~~~~~~~~~~~~~~~~~~~~~~~~~~~~~~~~~~~~~~~~~~~~~~~~~~~~~~~~~~~~~~~~~~~~~~~~~~~~~~~~~~~~~~~~~~~~~~~~~~~~~~~~~~~~~~~~~~~~~~~~~~~~~~~~~~~~~~~~~~~~~~~~~~~~~~~~~~~~~~~~~~~~~~~~~~~~~~~~~~~~~~~~~~~~~~~~~~~~~~~~~~~~~~~~~~~~~~~~~~~~~~~~~~~~~~~~~~~~~~~~~~~~~~~~~~~~~~~~~~~~~~~~~~~~~~~~~~~~~~~~~~~~~~~~~~~~~~~~~~~~~~~~~~~~~~~~~~~~~~~~~~~~~~~~~~~~~~~~~~~~~~~~~~~~~~~~~~~~~~~~~~~~~~~~~~~~~~~~~~~~~~~~~~~~~~~~~~~~~~~~~~~~~~~~~~~~~~~~~~~~~~~~~~~~~~~~~~~~~~~~~~~~~~~~~~~~~~~~~~~~~~~~~~~~~~~~~~~~~~~~~~~~~~~~~~~~~~~~~~~~~~~~~~~~~~~~~~~~~~~~~~~~~~~~~~~~~~~~~~~~~~~~~~~~~~~~~~~~~~~~~~~~~~~~~~~~~~~~~~~~~~~~~~~~~~~~~~~~~~~~~~~~~~~~~~~~~~~~~~~~~~~~~~~~~~~~~~~~~~~~~~~~~~~~~~~~~~~~~~~~~~~~~~~~~~~~~~~~~~~~~~~~~d~~~~~~~~~~~~~~~~~~~~~~~~~~~~~~~~~~~~~~~~~~~~~~~~~~~~~~~~~~~~~~~~~~~~~~~~~~~~~~~~~~~~~~~~~~~~~~~~~~~~~~~~~~~~~~~~~~~~~~~~~~~~~~~~~~~~~~~~~~~~~~~~~~~~~~~~~~~~~~~~~~~~~~~~~~~~~~~~~~~~~~~~~~~~~~~~~~~~~~~~~~~~~~~~~~~~~~~~~~~~~~~~~~~~~~~~~~~~~~~~~~~~~~~~~~~~~~~~~~~~~~~~~~~~~~~~~~~~~~~~~~~~~~~~~~~~~~~~~~~~~~~~~~~~~~~~~~~~~~~~~~~~~~~~~~~~~~~~~~~~~~~~~~~~~~~~~~~~~~~~~~~~~~~~~~~~~~~~~~~~~~~~~~~~~~~~~~~~~~~~~~~~~~~~~~~~~~~~~~~~~~~~~~~~~~~~~~~~~~~~~~~~~~~~~~~~~~~~~~~~~dd~~~~~~~~~~~~~~~~~~~~~~~~~~~~~~~~~~~~~~~~~~~~~~~~~~~~~~~~~~~~~~~~~~~~~~~~~~~~~~~~~~~~~~~~~~~~~~~~~~~~~~~~~~~~~~~~~~~~~~~~~~~~~~~~~~~~~~~~~~~~~~~~~~~~~~~~~~~~~~~~~~~~~~~~~~~~~~~~~~~~~~~~~~~~~~~~~~~~~~~~~~~~~~~~~~~~~~~~~~~~~~~~~~~~~~~~~~~~~~~~~~~~~~~~~~~~~~~~~~~~~~~~~~~~~~~~~~~~~~~~~~~~~~~~~~~~~~~~~~~~~~~~~~~~~~~~~~~d.{EPS=622.665,ETD=2878.64}d~~~~~~~~~~~~~~~~~~~~~~~~~~~~~~~~~~~~~~~~~~~~~~~~~~~~~~~~~~~~~~~~~~~~~~~~~~~~~~~~~~~~~~~~~~~~~~~~~~~~~~~~~~~~~~~~~~~~~~~~~~~~~~~~~~~~~~~~~~~~~~~~~~~~~~~~~~~~~~~~~~~~~~~~~~~~~~~~~~~~~~~~~~~~~~~~~~~~~~~~~~~~~~~~~~~~~~~~~~~~~~~~~~~~~~~~~~~~~~~~~~~~~~~~~~~~~~d~~~~~~~~~~~~~~~~~~~~~~~~~~~~~~~~~~~~~~~~~~~~~~~~~~~~~~~~~~~~~~~~~~~~~~~~~~~~~~~~~~~~~~~~~~~~~~~~~~~~~~~~~~~~~~~~~~~~~~~~~~~~~~~~~~~~~~~~~~~~~~~~~~~~~~~~~~~~~~~~~~~~~~~~~~~~~~~~~~~~~~~~~~~~~~~~~~~~~~~~~~~~~~~~~~~~~~~~~~~~~~~~~~~~~~~~~~~~~~~~~~~~~~~~~~~~~~~~~~~~~~~~~~~~~~~~~~~~~~~~~~~~~~~~~~~~~~~~~~~~~~~~~~~~~~~~~~~~~~~~~~~~~~~~~~~~~~~~~~~~~~~~~~~~~~~~~~~~~~~~~~~~~~~~~~~~~~~~~~~~~~~~~~~~~~~~~~~~~~~~~~~~~~~~~~~~~~~~~~~~~~~~~~~~~~~~~~~~~~~~~~~~~~~~~~~~~~~~~~~~~~~~~~~~~~~~~~~~~~~~~~~~~~~~~~~~~~~~~~~~~~~~~~~~~~~~~~~~~~~~~~~~~~~~~~~~~~~~~~~~~~~~~~~~~~~~~~~~~~~~~~~~~~~~~~~~~~~~~~~~~~~~~~~~~~~~~~~~~~~~~~~~~~~~~~~~~~~~~~~~~~~~~~~~~~~~~~~~~~~~~~~~~~~~~~~~~~~~~~~~~~~~~~~~~~~~~~~~~~~~~~~~~~~~~~~~~~~~~~~~~~~~~~~~~~~~~~~~~~~~~~~~~~~~~~~~~~~~~~~~~~~~~~~~~~~~~~~~~~~~~~~~~~~~~~~~~~~~~~~~~~~~~~~~~~~~~d~~~~~~~~~~~~~~~~~~~~~~~~~~~~~~~~~~~~~~~~~~~~~~~~~~~~~~~~~~~~~~~~~~~~~~~~~~~~~~~~~~~~~~~~~~~~~~~~~~~~~~~~~~~~~~~~~~~~~~~~~~~~~~~~~~~~~~~~~~~~~~~~~~~~~~~~~~~~~~~~~~~~~~d~~~~~~~~~~~~~~~~~~~~~~~~~~~~~~~~~~~~~~~~~~~~~~~~~~~~~~~~~~~~~~~~~~~~~~~~~~~~~~~~~~~~~~~~~~~~~~~~~~~~~~~~~~~~~~~~~~~~~~~~~~~~~~~~~~~~~~~~~~~~~~~~~~~~~~~.{EPS=639.386,ETD=3358.6}~~~~~~~~~~~~~~~~~~~~~~~~~~~~~~~~~~~~~~~~~~~~~~~~~~~~~~~~~~~~~~~~~~~~~~~~~~~~~~~~~~~~~~~~~~~~~~~~~~~~~~~~~~~~~~~~~~~~~~~~~~~~~~~~~~~~~~~~~~~~~~~~~~~~~~~~~~~~~~~~~~~~~~~~~~~~~~~~~~~~~~~~~~~~~~~~~~~~~~~~~~~~~~~~~~~~~~~~~~~~~~~~~~~~~~~~~~~~~~~~~~~~~~~~~~~~~~~~~~~~~~~~~~~~~~~~~~~~~~~~~~~~~~~~~~~~~~~~~~~~~~~~~~~~~~~~~~~~~~~~~~~~~~~~~~~~~~~~~~~~~~~~~~~~~~~~~~~~~~~~~~~~~~~~~~~~~~~~~~~~~~~~~~~~~~~~~~~~~~~~~~~~~~~~~~~~~~~~~~~~~~~~~~~~~~~~~~~~~~~~~~~~~d~~~~~~~~~~~~~~~~~~~~~~~~~~~~~~~~~~~~~~~~~~~~~~~~~~~~~~~~~~~~~~~~~~~~~~~~~~~~~~~~~~~~~~~~~~~~~~~~~~~~~~~~~~~~~~~~~~~~~~~~~~~~~~~~~~~~~~~~~~~~~~~~~~~~~~~~~~~~~~~~~~~~~~~~~~~~~~~~~~~~~~~~~~~~~~~~~~~~~~~~~~~~~~~~~~~~~~~~~~~~~~~~~~~~~~~~~~~~~~~~~~~~~~~~~~~~~~~~~~~~~~~~~~~~~~~~~~~~~~~~~~~~~~~~~~~~~~~~~~~~~~~~~~~~~~~~~~~~~~~~~~~~~~~~~~~d~~~~~~~~~~~~~~~~~~~~~~~~~~~~~~~~~~~~~~~~~~~~~~~~~~~~~~~~~~~~~~~~~~~dd~~~~~~~~~~~~~~~~~~~~~~~~~~~~~~~~~~~~~~~~~~~~~~~~~~~~~~~~~~~~~~~~~~~~~~~~~~~~~~~~~~~~~~~~~~~~~~~~~~~~~~~~~~~~~~~~~~~~~~~~~~~~~~~~~~~~~~~~~~~~~~~~~~~~~~~~~~~~~~~~~~~~~~~~~~~~~~~~~~~~~~~~~~~~~~~~~~~~~~~~~~~~~~~~~~~~~~~~~~~~~~~~~~~~~~~~~~~~~~~~~~~~~~~~~~~~~~.{EPS=646.831,ETD=3712.98}d~~~~~~~~~~~~~~~~~~~~~~~~~~~~~~~~~~~~~~~~~~~~~~~~~~~~~~~~~~~~~~~~~~~~~~~~~~~~~~~~~~~~~~~~~~~~~~~~~~~~~~~~~~~~~~~~~~~~~~~~~~~~~~~~~~~~~~~~~~~~~~~~~~~~~~~~~~~~~~~~~~~~~~~~~~~~~~~~~~~~~d~~~~~~d~~~~~~~~~~~~~~~~~~~~~~~~~~~~~~~~~~~~~~~~~~~~~~~~~~~~d~~~~~~~~~~~~~~~~~~~~~~~~~~~~~~~~~~~~~~~~~~~~~~~~~~~~~~~~~~~~~~~~~~~~~~~~~~~~~~~~~~~~~~~~~~~~~~~~~~~~~~~~~~~~~~~~~~~~~~~~~~~~~~~~~~~~~~~~~~~~~~~~~~~~~~~~~~~~~~~~~~~~~~~~~~~~~~~~~~~~~~~~~~~~~.{EPS=657.03,ETD=4208.31}~~~~~~~~~~~~~~~~~~~~~~~~~~~~~~~~~~~~~~~~~~~~~~~~d~~~~~~~~~~~~~~~~~~~~~~~~~~~~~~~~~~~~~~~~~~~~~~~~~~~~~d~~~~~~~~~~~~~~~~~~~~~~~~~~~~~~~~~~~~~~~~~~~~~~~~~~~~~~~~~~~~~~~~~~~~~~~~~~~~~~~~~~~~~~d~~~~~~~~~~~~~~~~~~~~~~~~~~~~~~~~~~~~~~~~~~~~~~~~~~~~~~~~~~~~~~~~~~~~~~~~~~~~~~~~~~~~~~~~~~~~~~~~~~~~~~~~~~~~~~~~~~~~~~~~~~~~~~~~~~~~~~~~~~~~~~~~~~~~~~~~~~~~~~~~~~~~~~~~~~~~~~~~~~.{EPS=684.932,ETD=4634.33}d~~~~~~~~x~~~~~~
;;;; Problem Unsolvable
; Nodes Generated: 46202
; Nodes Expanded:  12215
; Nodes Evaluated: 46192
; Nodes Tunneled:  3140
; Nodes memoised with open actions: 19884
; Nodes memoised without open actions: 47315
; Nodes pruned by memoisation: 20997
; Time 15.54
