Parsing and Instantiating...
Warning: rounding numeric constants such as 7.24711 to an accuracy of 0.001
Done
One way facts...
Mutex groups...
Semaphore Facts...
Envelope Facts...
One-shot actions...
(bs-dispense c-bs input wp1 base_black) is 1 shot
(bs-dispense c-bs output wp1 base_black) is 1 shot
(bs-dispense c-bs input wp1 base_red) is 1 shot
(bs-dispense c-bs output wp1 base_red) is 1 shot
(bs-dispense c-bs input wp1 base_silver) is 1 shot
(bs-dispense c-bs output wp1 base_silver) is 1 shot
(bs-dispense c-bs input wp1 base_black) is 1 shot
(bs-dispense c-bs output wp1 base_black) is 1 shot
(bs-dispense c-bs input wp1 base_red) is 1 shot
(bs-dispense c-bs output wp1 base_red) is 1 shot
(bs-dispense c-bs input wp1 base_silver) is 1 shot
(bs-dispense c-bs output wp1 base_silver) is 1 shot
(prepare-ds r-1 c-ds gate-1) is 1 shot
(prepare-ds r-1 c-ds gate-2) is 1 shot
(prepare-ds r-1 c-ds gate-3) is 1 shot
(wp-get-shelf r-1 cg1 c-cs1 left) is 1 shot
(wp-get-shelf r-1 cg2 c-cs1 middle) is 1 shot
(wp-get-shelf r-1 cg3 c-cs1 right) is 1 shot
(wp-get-shelf r-1 cb1 c-cs2 left) is 1 shot
(wp-get-shelf r-1 cb2 c-cs2 middle) is 1 shot
(wp-get-shelf r-1 cb3 c-cs2 right) is 1 shot
Integral variables...
Variable bounds...
Static numeric conditions...
Duration bounds...
TIL time window analysis...
Bounding action timestamps due to time windows...
(order-delivery-window-open o1) forms a window with range [0.000,124.796]
Bounds on (fulfill-order-c0-within-tw o1 wp1 c-ds gate-1 base_red cap_grey) (duration [0.010,0.010]):
	0: [0.000,124.786]
	1: [0.000,124.786]
	2: [0.010,124.796]
(can-commit-for-ontime-delivery o1) forms a window with range [0.000,5.400]
Bounds on (commit-to-ontime-delivery o1) (duration [0.010,0.010]):
	0: [0.000,5.399]
	1: [0.000,5.399]
	2: [0.010,5.409]
Bounds on (do-not-commit-to-ontime-delivery o1) (duration [0.010,0.010]):
	0: [0.000,5.399]
	1: [0.000,5.399]
	2: [0.010,5.409]
Dominance constraints (excluding processes and events)...
Damaging events...
Dominance constraints (including processes and events)...
Variable monotonicity...
Max/min needed values for any single precondition...
Irrelevant action pruning by backward reachability from goal...
Uninterestingness criteria...
Compression-safe actions...
Compression-safe invariants...
59% of durative actions in this problem are compression safe
Goal Goal [1]
    (order-fulfilled o1)

Finishing preprocessing.  Making a TRPG heuristic...
Making an open list...
Running WA* search (g weight = 1, h weight = 5)
{(order-delivery-window-open o1),(can-commit-for-ontime-delivery o1),(location-free start input),(location-free c-bs input),(location-free c-bs output),(location-free c-cs1 input),(location-free c-cs1 output),(location-free c-cs2 input),(location-free c-cs2 output),(location-free c-ds input),(location-free c-ds output),(cs-can-perform c-cs1 cs_retrieve),(cs-can-perform c-cs2 cs_retrieve),(wp-base-color wp1 base_none),(wp-cap-color wp1 cap_none),(wp-ring1-color wp1 ring_none),(wp-ring2-color wp1 ring_none),(wp-ring3-color wp1 ring_none),(wp-unused wp1),(robot-waiting r-1),(mps-state c-bs idle),(mps-state c-cs1 idle),(mps-state c-cs2 idle),(mps-state c-ds idle),(wp-cap-color cg1 cap_grey),(wp-cap-color cg2 cap_grey),(wp-cap-color cg3 cap_grey),(wp-on-shelf cg1 c-cs1 left),(wp-on-shelf cg2 c-cs1 middle),(wp-on-shelf cg3 c-cs1 right),(wp-cap-color cb1 cap_black),(wp-cap-color cb2 cap_black),(wp-cap-color cb3 cap_black),(wp-on-shelf cb1 c-cs2 left),(wp-on-shelf cb2 c-cs2 middle),(wp-on-shelf cb3 c-cs2 right)}
[]
Initial heuristic = 30
Initial stats: t=0.01s, 7180kb
b (28 @ n=3, t=0.01s, 7180kb)b (25 @ n=5, t=0.01s, 7180kb)b (24 @ n=13, t=0.02s, 7180kb)b (23 @ n=19, t=0.02s, 7180kb)b (22 @ n=24, t=0.02s, 7180kb)b (17 @ n=29, t=0.02s, 7180kb)Warning: self overlapping Action 206:1 at 7
b (15 @ n=71, t=0.02s, 7416kb)dd.{EPS=1562.5,ETD=5.77551}b (14 @ n=273, t=0.05s, 8180kb)b (13 @ n=307, t=0.05s, 8364kb)b (12 @ n=314, t=0.05s, 8364kb)b (11 @ n=345, t=0.06s, 8608kb)d.{EPS=1886.79,ETD=6.20202}ddd.{EPS=2054.79,ETD=9.67785}dd.{EPS=2150.54,ETD=11.2111}dd.{EPS=2232.14,ETD=20.9076}dd.{EPS=2290.08,ETD=19.5619}ddd.{EPS=2302.63,ETD=18.745}dd.{EPS=2339.18,ETD=18.2882}dd.{EPS=2319.59,ETD=17.4232}dd.{EPS=2369.67,ETD=20.6774}dd.{EPS=2439.02,ETD=21.572}dd.{EPS=2475.25,ETD=22.71}dd.{EPS=2463.05,ETD=22.296}ddd.{EPS=2487.56,ETD=25.76}dd.{EPS=2450.98,ETD=22.218}dd.{EPS=2415.46,ETD=22.514}dd.{EPS=2427.18,ETD=21.834}dd.{EPS=2358.49,ETD=25.822}dd.{EPS=2380.95,ETD=25.562}dd.{EPS=2358.49,ETD=22.344}dd.{EPS=2403.85,ETD=22.372}dd.{EPS=2369.67,ETD=26.726}dd.{EPS=2380.95,ETD=26.196}dd.{EPS=2304.15,ETD=33.638}b (10 @ n=3956, t=0.52s, 32820kb)db (9 @ n=3990, t=0.53s, 33064kb)b (8 @ n=3995, t=0.53s, 33064kb)b (7 @ n=4003, t=0.53s, 33064kb)dd.{EPS=2100.84,ETD=32.094}b (6 @ n=4209, t=0.57s, 35012kb)b (5 @ n=4214, t=0.57s, 35012kb)b (4 @ n=4225, t=0.57s, 35144kb)b (3 @ n=4229, t=0.57s, 35144kb)b (2 @ n=4237, t=0.57s, 35276kb)b (1 @ n=4242, t=0.58s, 35276kb)Time diagnostics:
After step 0 search time left estimate was 0.010
After step 1 search time left estimate was 0.020
After step 2 search time left estimate was 0.030
After step 3 search time left estimate was 0.040
After step 4 search time left estimate was 0.050
After step 5 search time left estimate was 0.060
After step 6 search time left estimate was 0.070
After step 7 search time left estimate was 0.080
After step 8 search time left estimate was 0.090
After step 9 search time left estimate was 0.100
After step 10 search time left estimate was 0.110
After step 11 search time left estimate was 0.120
After step 12 search time left estimate was 0.146
After step 13 search time left estimate was 0.130
After step 14 search time left estimate was 0.228
After step 15 search time left estimate was 0.211
After step 16 search time left estimate was 0.199
After step 17 search time left estimate was 0.155
After step 18 search time left estimate was 0.151
After step 19 search time left estimate was 0.138
After step 20 search time left estimate was 0.124
After step 21 search time left estimate was 0.110
After step 22 search time left estimate was 0.096
After step 23 search time left estimate was 0.096
After step 24 search time left estimate was 0.110
After step 25 search time left estimate was 0.122
After step 26 search time left estimate was 0.106
After step 27 search time left estimate was 0.091
After step 28 search time left estimate was 0.091
After step 29 search time left estimate was 0.076
After step 30 search time left estimate was 0.060
After step 31 search time left estimate was 0.045
After step 32 search time left estimate was 0.030
After step 33 search time left estimate was 0.015
After step 34 search time left estimate was 0.015

;;;; Solution Found
; Time 0.57
; Peak memory 35392kb
; Nodes Generated: 4246
; Nodes Expanded:  1260
; Nodes Evaluated: 4245
; Nodes Tunneled:  0
; Nodes memoised with open actions: 2041
; Nodes memoised without open actions: 4228
; Nodes pruned by memoisation: 2023
0.574: (prepare-bs c-bs output base_red) [0.001] ; (3)
0.574: (enter-field r-1 cyan) [10.000] ; (140)
0.574: (commit-to-ontime-delivery o1) [0.010] ; (206)
0.575: (bs-dispense c-bs output wp1 base_red) [0.001] ; (16)
10.575: (move-wp-put-at-input r-1 start input c-cs1) [6.155] ; (106)
16.731: (wp-get-shelf r-1 cg1 c-cs1 left) [20.000] ; (147)
16.732: (move-wp-put-at-input r-1 c-cs1 input c-cs2) [5.381] ; (110)
22.114: (prepare-cs r-1 c-cs2 cs_retrieve) [0.001] ; (12)
36.732: (wp-put r-1 cg1 c-cs2) [10.000] ; (193)
36.733: (move-wp-put-at-input r-1 c-cs2 input c-cs1) [5.381] ; (104)
46.733: (cs-retrieve-cap c-cs2 cg1 cap_grey) [0.010] ; (80)
46.744: (move-wp-get r-1 c-cs1 input c-cs2 output) [7.529] ; (137)
54.274: (wp-get r-1 cg1 c-cs2 output) [10.000] ; (179)
54.275: (move-wp-put-at-input r-1 c-cs2 output c-ds) [5.094] ; (121)
64.275: (wp-discard r-1 cg1) [0.001] ; (144)
64.276: (move-wp-get r-1 c-ds input c-bs output) [5.602] ; (130)
69.879: (wp-get r-1 wp1 c-bs output) [10.000] ; (168)
69.880: (move-wp-put-at-input r-1 c-bs output c-cs2) [4.390] ; (113)
74.271: (prepare-cs r-1 c-cs2 cs_mount) [0.001] ; (10)
79.880: (prepare-bs c-bs input base_black) [0.001] ; (0)
79.880: (wp-put r-1 wp1 c-cs2) [10.000] ; (196)
79.881: (move-wp-put-at-input r-1 c-cs2 input c-ds) [1.677] ; (117)
89.881: (cs-mount-cap c-cs2 wp1 cap_grey) [0.010] ; (46)
89.892: (move-wp-get r-1 c-ds input c-cs2 output) [5.094] ; (138)
94.987: (wp-get r-1 wp1 c-cs2 output) [10.000] ; (182)
94.988: (move-wp-put-at-input r-1 c-cs2 output c-ds) [5.094] ; (121)
100.083: (prepare-ds r-1 c-ds gate-1) [0.001] ; (6)
104.988: (wp-put r-1 wp1 c-ds) [10.000] ; (203)
114.989: (fulfill-order-c0-within-tw o1 wp1 c-ds gate-1 base_red cap_grey) [0.010] ; (204)
