Warnings encountered when parsing Domain/Problem File
-----------------------------------------------------

The supplied domain/problem file appear to violate part of the PDDL
language specification.  Specifically:

Errors: 0, warnings: 175
pddl-instances/ipc-2004/domains/airport-temporal-time-windows-strips/domains/domain-9.pddl: line: 2073: Warning: Undeclared requirement :number-fluents 
pddl-instances/ipc-2004/domains/airport-temporal-time-windows-strips/domains/domain-9.pddl: line: 2073: Warning: Undeclared requirement :number-fluents 
pddl-instances/ipc-2004/domains/airport-temporal-time-windows-strips/domains/domain-9.pddl: line: 2093: Warning: Undeclared requirement :number-fluents 
pddl-instances/ipc-2004/domains/airport-temporal-time-windows-strips/domains/domain-9.pddl: line: 2093: Warning: Undeclared requirement :number-fluents 
pddl-instances/ipc-2004/domains/airport-temporal-time-windows-strips/domains/domain-9.pddl: line: 2110: Warning: Undeclared requirement :number-fluents 
pddl-instances/ipc-2004/domains/airport-temporal-time-windows-strips/domains/domain-9.pddl: line: 2110: Warning: Undeclared requirement :number-fluents 
pddl-instances/ipc-2004/domains/airport-temporal-time-windows-strips/domains/domain-9.pddl: line: 2130: Warning: Undeclared requirement :number-fluents 
pddl-instances/ipc-2004/domains/airport-temporal-time-windows-strips/domains/domain-9.pddl: line: 2130: Warning: Undeclared requirement :number-fluents 
pddl-instances/ipc-2004/domains/airport-temporal-time-windows-strips/domains/domain-9.pddl: line: 2147: Warning: Undeclared requirement :number-fluents 
pddl-instances/ipc-2004/domains/airport-temporal-time-windows-strips/domains/domain-9.pddl: line: 2147: Warning: Undeclared requirement :number-fluents 
pddl-instances/ipc-2004/domains/airport-temporal-time-windows-strips/domains/domain-9.pddl: line: 2164: Warning: Undeclared requirement :number-fluents 
pddl-instances/ipc-2004/domains/airport-temporal-time-windows-strips/domains/domain-9.pddl: line: 2164: Warning: Undeclared requirement :number-fluents 
pddl-instances/ipc-2004/domains/airport-temporal-time-windows-strips/domains/domain-9.pddl: line: 2181: Warning: Undeclared requirement :number-fluents 
pddl-instances/ipc-2004/domains/airport-temporal-time-windows-strips/domains/domain-9.pddl: line: 2181: Warning: Undeclared requirement :number-fluents 
pddl-instances/ipc-2004/domains/airport-temporal-time-windows-strips/domains/domain-9.pddl: line: 2198: Warning: Undeclared requirement :number-fluents 
pddl-instances/ipc-2004/domains/airport-temporal-time-windows-strips/domains/domain-9.pddl: line: 2198: Warning: Undeclared requirement :number-fluents 
pddl-instances/ipc-2004/domains/airport-temporal-time-windows-strips/domains/domain-9.pddl: line: 2215: Warning: Undeclared requirement :number-fluents 
pddl-instances/ipc-2004/domains/airport-temporal-time-windows-strips/domains/domain-9.pddl: line: 2215: Warning: Undeclared requirement :number-fluents 
pddl-instances/ipc-2004/domains/airport-temporal-time-windows-strips/domains/domain-9.pddl: line: 2232: Warning: Undeclared requirement :number-fluents 
pddl-instances/ipc-2004/domains/airport-temporal-time-windows-strips/domains/domain-9.pddl: line: 2232: Warning: Undeclared requirement :number-fluents 
pddl-instances/ipc-2004/domains/airport-temporal-time-windows-strips/domains/domain-9.pddl: line: 2249: Warning: Undeclared requirement :number-fluents 
pddl-instances/ipc-2004/domains/airport-temporal-time-windows-strips/domains/domain-9.pddl: line: 2249: Warning: Undeclared requirement :number-fluents 
pddl-instances/ipc-2004/domains/airport-temporal-time-windows-strips/domains/domain-9.pddl: line: 2266: Warning: Undeclared requirement :number-fluents 
pddl-instances/ipc-2004/domains/airport-temporal-time-windows-strips/domains/domain-9.pddl: line: 2266: Warning: Undeclared requirement :number-fluents 
pddl-instances/ipc-2004/domains/airport-temporal-time-windows-strips/domains/domain-9.pddl: line: 2283: Warning: Undeclared requirement :number-fluents 
pddl-instances/ipc-2004/domains/airport-temporal-time-windows-strips/domains/domain-9.pddl: line: 2283: Warning: Undeclared requirement :number-fluents 
pddl-instances/ipc-2004/domains/airport-temporal-time-windows-strips/domains/domain-9.pddl: line: 2303: Warning: Undeclared requirement :number-fluents 
pddl-instances/ipc-2004/domains/airport-temporal-time-windows-strips/domains/domain-9.pddl: line: 2303: Warning: Undeclared requirement :number-fluents 
pddl-instances/ipc-2004/domains/airport-temporal-time-windows-strips/domains/domain-9.pddl: line: 2320: Warning: Undeclared requirement :number-fluents 
pddl-instances/ipc-2004/domains/airport-temporal-time-windows-strips/domains/domain-9.pddl: line: 2320: Warning: Undeclared requirement :number-fluents 
pddl-instances/ipc-2004/domains/airport-temporal-time-windows-strips/domains/domain-9.pddl: line: 2337: Warning: Undeclared requirement :number-fluents 
pddl-instances/ipc-2004/domains/airport-temporal-time-windows-strips/domains/domain-9.pddl: line: 2337: Warning: Undeclared requirement :number-fluents 
pddl-instances/ipc-2004/domains/airport-temporal-time-windows-strips/domains/domain-9.pddl: line: 2357: Warning: Undeclared requirement :number-fluents 
pddl-instances/ipc-2004/domains/airport-temporal-time-windows-strips/domains/domain-9.pddl: line: 2357: Warning: Undeclared requirement :number-fluents 
pddl-instances/ipc-2004/domains/airport-temporal-time-windows-strips/domains/domain-9.pddl: line: 2374: Warning: Undeclared requirement :number-fluents 
pddl-instances/ipc-2004/domains/airport-temporal-time-windows-strips/domains/domain-9.pddl: line: 2374: Warning: Undeclared requirement :number-fluents 
pddl-instances/ipc-2004/domains/airport-temporal-time-windows-strips/domains/domain-9.pddl: line: 2394: Warning: Undeclared requirement :number-fluents 
pddl-instances/ipc-2004/domains/airport-temporal-time-windows-strips/domains/domain-9.pddl: line: 2394: Warning: Undeclared requirement :number-fluents 
pddl-instances/ipc-2004/domains/airport-temporal-time-windows-strips/domains/domain-9.pddl: line: 2411: Warning: Undeclared requirement :number-fluents 
pddl-instances/ipc-2004/domains/airport-temporal-time-windows-strips/domains/domain-9.pddl: line: 2411: Warning: Undeclared requirement :number-fluents 
pddl-instances/ipc-2004/domains/airport-temporal-time-windows-strips/domains/domain-9.pddl: line: 2428: Warning: Undeclared requirement :number-fluents 
pddl-instances/ipc-2004/domains/airport-temporal-time-windows-strips/domains/domain-9.pddl: line: 2428: Warning: Undeclared requirement :number-fluents 
pddl-instances/ipc-2004/domains/airport-temporal-time-windows-strips/domains/domain-9.pddl: line: 2445: Warning: Undeclared requirement :number-fluents 
pddl-instances/ipc-2004/domains/airport-temporal-time-windows-strips/domains/domain-9.pddl: line: 2445: Warning: Undeclared requirement :number-fluents 
pddl-instances/ipc-2004/domains/airport-temporal-time-windows-strips/domains/domain-9.pddl: line: 2462: Warning: Undeclared requirement :number-fluents 
pddl-instances/ipc-2004/domains/airport-temporal-time-windows-strips/domains/domain-9.pddl: line: 2462: Warning: Undeclared requirement :number-fluents 
pddl-instances/ipc-2004/domains/airport-temporal-time-windows-strips/domains/domain-9.pddl: line: 2479: Warning: Undeclared requirement :number-fluents 
pddl-instances/ipc-2004/domains/airport-temporal-time-windows-strips/domains/domain-9.pddl: line: 2479: Warning: Undeclared requirement :number-fluents 
pddl-instances/ipc-2004/domains/airport-temporal-time-windows-strips/domains/domain-9.pddl: line: 2496: Warning: Undeclared requirement :number-fluents 
pddl-instances/ipc-2004/domains/airport-temporal-time-windows-strips/domains/domain-9.pddl: line: 2496: Warning: Undeclared requirement :number-fluents 
pddl-instances/ipc-2004/domains/airport-temporal-time-windows-strips/domains/domain-9.pddl: line: 2513: Warning: Undeclared requirement :number-fluents 
pddl-instances/ipc-2004/domains/airport-temporal-time-windows-strips/domains/domain-9.pddl: line: 2513: Warning: Undeclared requirement :number-fluents 
pddl-instances/ipc-2004/domains/airport-temporal-time-windows-strips/domains/domain-9.pddl: line: 2530: Warning: Undeclared requirement :number-fluents 
pddl-instances/ipc-2004/domains/airport-temporal-time-windows-strips/domains/domain-9.pddl: line: 2530: Warning: Undeclared requirement :number-fluents 
pddl-instances/ipc-2004/domains/airport-temporal-time-windows-strips/domains/domain-9.pddl: line: 2547: Warning: Undeclared requirement :number-fluents 
pddl-instances/ipc-2004/domains/airport-temporal-time-windows-strips/domains/domain-9.pddl: line: 2547: Warning: Undeclared requirement :number-fluents 
pddl-instances/ipc-2004/domains/airport-temporal-time-windows-strips/domains/domain-9.pddl: line: 2564: Warning: Undeclared requirement :number-fluents 
pddl-instances/ipc-2004/domains/airport-temporal-time-windows-strips/domains/domain-9.pddl: line: 2564: Warning: Undeclared requirement :number-fluents 
pddl-instances/ipc-2004/domains/airport-temporal-time-windows-strips/domains/domain-9.pddl: line: 2581: Warning: Undeclared requirement :number-fluents 
pddl-instances/ipc-2004/domains/airport-temporal-time-windows-strips/domains/domain-9.pddl: line: 2581: Warning: Undeclared requirement :number-fluents 
pddl-instances/ipc-2004/domains/airport-temporal-time-windows-strips/domains/domain-9.pddl: line: 2598: Warning: Undeclared requirement :number-fluents 
pddl-instances/ipc-2004/domains/airport-temporal-time-windows-strips/domains/domain-9.pddl: line: 2598: Warning: Undeclared requirement :number-fluents 
pddl-instances/ipc-2004/domains/airport-temporal-time-windows-strips/domains/domain-9.pddl: line: 2621: Warning: Undeclared requirement :number-fluents 
pddl-instances/ipc-2004/domains/airport-temporal-time-windows-strips/domains/domain-9.pddl: line: 2621: Warning: Undeclared requirement :number-fluents 
pddl-instances/ipc-2004/domains/airport-temporal-time-windows-strips/domains/domain-9.pddl: line: 2638: Warning: Undeclared requirement :number-fluents 
pddl-instances/ipc-2004/domains/airport-temporal-time-windows-strips/domains/domain-9.pddl: line: 2638: Warning: Undeclared requirement :number-fluents 
pddl-instances/ipc-2004/domains/airport-temporal-time-windows-strips/domains/domain-9.pddl: line: 2655: Warning: Undeclared requirement :number-fluents 
pddl-instances/ipc-2004/domains/airport-temporal-time-windows-strips/domains/domain-9.pddl: line: 2655: Warning: Undeclared requirement :number-fluents 
pddl-instances/ipc-2004/domains/airport-temporal-time-windows-strips/domains/domain-9.pddl: line: 2678: Warning: Undeclared requirement :number-fluents 
pddl-instances/ipc-2004/domains/airport-temporal-time-windows-strips/domains/domain-9.pddl: line: 2678: Warning: Undeclared requirement :number-fluents 
pddl-instances/ipc-2004/domains/airport-temporal-time-windows-strips/domains/domain-9.pddl: line: 2695: Warning: Undeclared requirement :number-fluents 
pddl-instances/ipc-2004/domains/airport-temporal-time-windows-strips/domains/domain-9.pddl: line: 2695: Warning: Undeclared requirement :number-fluents 
pddl-instances/ipc-2004/domains/airport-temporal-time-windows-strips/domains/domain-9.pddl: line: 2718: Warning: Undeclared requirement :number-fluents 
pddl-instances/ipc-2004/domains/airport-temporal-time-windows-strips/domains/domain-9.pddl: line: 2718: Warning: Undeclared requirement :number-fluents 
pddl-instances/ipc-2004/domains/airport-temporal-time-windows-strips/domains/domain-9.pddl: line: 2735: Warning: Undeclared requirement :number-fluents 
pddl-instances/ipc-2004/domains/airport-temporal-time-windows-strips/domains/domain-9.pddl: line: 2735: Warning: Undeclared requirement :number-fluents 
pddl-instances/ipc-2004/domains/airport-temporal-time-windows-strips/domains/domain-9.pddl: line: 2758: Warning: Undeclared requirement :number-fluents 
pddl-instances/ipc-2004/domains/airport-temporal-time-windows-strips/domains/domain-9.pddl: line: 2758: Warning: Undeclared requirement :number-fluents 
pddl-instances/ipc-2004/domains/airport-temporal-time-windows-strips/domains/domain-9.pddl: line: 2772: Warning: Undeclared requirement :number-fluents 
pddl-instances/ipc-2004/domains/airport-temporal-time-windows-strips/domains/domain-9.pddl: line: 2772: Warning: Undeclared requirement :number-fluents 
pddl-instances/ipc-2004/domains/airport-temporal-time-windows-strips/domains/domain-9.pddl: line: 2813: Warning: Undeclared requirement :number-fluents 
pddl-instances/ipc-2004/domains/airport-temporal-time-windows-strips/domains/domain-9.pddl: line: 2813: Warning: Undeclared requirement :number-fluents 
pddl-instances/ipc-2004/domains/airport-temporal-time-windows-strips/domains/domain-9.pddl: line: 2827: Warning: Undeclared requirement :number-fluents 
pddl-instances/ipc-2004/domains/airport-temporal-time-windows-strips/domains/domain-9.pddl: line: 2827: Warning: Undeclared requirement :number-fluents 
pddl-instances/ipc-2004/domains/airport-temporal-time-windows-strips/domains/domain-9.pddl: line: 2868: Warning: Undeclared requirement :number-fluents 
pddl-instances/ipc-2004/domains/airport-temporal-time-windows-strips/domains/domain-9.pddl: line: 2868: Warning: Undeclared requirement :number-fluents 
pddl-instances/ipc-2004/domains/airport-temporal-time-windows-strips/domains/domain-9.pddl: line: 2882: Warning: Undeclared requirement :number-fluents 
pddl-instances/ipc-2004/domains/airport-temporal-time-windows-strips/domains/domain-9.pddl: line: 2882: Warning: Undeclared requirement :number-fluents 
pddl-instances/ipc-2004/domains/airport-temporal-time-windows-strips/domains/domain-9.pddl: line: 2899: Warning: Undeclared requirement :number-fluents 
pddl-instances/ipc-2004/domains/airport-temporal-time-windows-strips/domains/domain-9.pddl: line: 2899: Warning: Undeclared requirement :number-fluents 
pddl-instances/ipc-2004/domains/airport-temporal-time-windows-strips/domains/domain-9.pddl: line: 2916: Warning: Undeclared requirement :number-fluents 
pddl-instances/ipc-2004/domains/airport-temporal-time-windows-strips/domains/domain-9.pddl: line: 2916: Warning: Undeclared requirement :number-fluents 
pddl-instances/ipc-2004/domains/airport-temporal-time-windows-strips/domains/domain-9.pddl: line: 2933: Warning: Undeclared requirement :number-fluents 
pddl-instances/ipc-2004/domains/airport-temporal-time-windows-strips/domains/domain-9.pddl: line: 2933: Warning: Undeclared requirement :number-fluents 
pddl-instances/ipc-2004/domains/airport-temporal-time-windows-strips/domains/domain-9.pddl: line: 2950: Warning: Undeclared requirement :number-fluents 
pddl-instances/ipc-2004/domains/airport-temporal-time-windows-strips/domains/domain-9.pddl: line: 2950: Warning: Undeclared requirement :number-fluents 
pddl-instances/ipc-2004/domains/airport-temporal-time-windows-strips/domains/domain-9.pddl: line: 2967: Warning: Undeclared requirement :number-fluents 
pddl-instances/ipc-2004/domains/airport-temporal-time-windows-strips/domains/domain-9.pddl: line: 2967: Warning: Undeclared requirement :number-fluents 
pddl-instances/ipc-2004/domains/airport-temporal-time-windows-strips/domains/domain-9.pddl: line: 2984: Warning: Undeclared requirement :number-fluents 
pddl-instances/ipc-2004/domains/airport-temporal-time-windows-strips/domains/domain-9.pddl: line: 2984: Warning: Undeclared requirement :number-fluents 
pddl-instances/ipc-2004/domains/airport-temporal-time-windows-strips/domains/domain-9.pddl: line: 3001: Warning: Undeclared requirement :number-fluents 
pddl-instances/ipc-2004/domains/airport-temporal-time-windows-strips/domains/domain-9.pddl: line: 3001: Warning: Undeclared requirement :number-fluents 
pddl-instances/ipc-2004/domains/airport-temporal-time-windows-strips/domains/domain-9.pddl: line: 3018: Warning: Undeclared requirement :number-fluents 
pddl-instances/ipc-2004/domains/airport-temporal-time-windows-strips/domains/domain-9.pddl: line: 3018: Warning: Undeclared requirement :number-fluents 
pddl-instances/ipc-2004/domains/airport-temporal-time-windows-strips/domains/domain-9.pddl: line: 3035: Warning: Undeclared requirement :number-fluents 
pddl-instances/ipc-2004/domains/airport-temporal-time-windows-strips/domains/domain-9.pddl: line: 3035: Warning: Undeclared requirement :number-fluents 
pddl-instances/ipc-2004/domains/airport-temporal-time-windows-strips/domains/domain-9.pddl: line: 3052: Warning: Undeclared requirement :number-fluents 
pddl-instances/ipc-2004/domains/airport-temporal-time-windows-strips/domains/domain-9.pddl: line: 3052: Warning: Undeclared requirement :number-fluents 
pddl-instances/ipc-2004/domains/airport-temporal-time-windows-strips/domains/domain-9.pddl: line: 3069: Warning: Undeclared requirement :number-fluents 
pddl-instances/ipc-2004/domains/airport-temporal-time-windows-strips/domains/domain-9.pddl: line: 3069: Warning: Undeclared requirement :number-fluents 
pddl-instances/ipc-2004/domains/airport-temporal-time-windows-strips/domains/domain-9.pddl: line: 3086: Warning: Undeclared requirement :number-fluents 
pddl-instances/ipc-2004/domains/airport-temporal-time-windows-strips/domains/domain-9.pddl: line: 3086: Warning: Undeclared requirement :number-fluents 
pddl-instances/ipc-2004/domains/airport-temporal-time-windows-strips/domains/domain-9.pddl: line: 3103: Warning: Undeclared requirement :number-fluents 
pddl-instances/ipc-2004/domains/airport-temporal-time-windows-strips/domains/domain-9.pddl: line: 3103: Warning: Undeclared requirement :number-fluents 
pddl-instances/ipc-2004/domains/airport-temporal-time-windows-strips/domains/domain-9.pddl: line: 3120: Warning: Undeclared requirement :number-fluents 
pddl-instances/ipc-2004/domains/airport-temporal-time-windows-strips/domains/domain-9.pddl: line: 3120: Warning: Undeclared requirement :number-fluents 
pddl-instances/ipc-2004/domains/airport-temporal-time-windows-strips/domains/domain-9.pddl: line: 3137: Warning: Undeclared requirement :number-fluents 
pddl-instances/ipc-2004/domains/airport-temporal-time-windows-strips/domains/domain-9.pddl: line: 3137: Warning: Undeclared requirement :number-fluents 
pddl-instances/ipc-2004/domains/airport-temporal-time-windows-strips/domains/domain-9.pddl: line: 3154: Warning: Undeclared requirement :number-fluents 
pddl-instances/ipc-2004/domains/airport-temporal-time-windows-strips/domains/domain-9.pddl: line: 3154: Warning: Undeclared requirement :number-fluents 
pddl-instances/ipc-2004/domains/airport-temporal-time-windows-strips/domains/domain-9.pddl: line: 3171: Warning: Undeclared requirement :number-fluents 
pddl-instances/ipc-2004/domains/airport-temporal-time-windows-strips/domains/domain-9.pddl: line: 3171: Warning: Undeclared requirement :number-fluents 
pddl-instances/ipc-2004/domains/airport-temporal-time-windows-strips/domains/domain-9.pddl: line: 3188: Warning: Undeclared requirement :number-fluents 
pddl-instances/ipc-2004/domains/airport-temporal-time-windows-strips/domains/domain-9.pddl: line: 3188: Warning: Undeclared requirement :number-fluents 
pddl-instances/ipc-2004/domains/airport-temporal-time-windows-strips/domains/domain-9.pddl: line: 3205: Warning: Undeclared requirement :number-fluents 
pddl-instances/ipc-2004/domains/airport-temporal-time-windows-strips/domains/domain-9.pddl: line: 3205: Warning: Undeclared requirement :number-fluents 
pddl-instances/ipc-2004/domains/airport-temporal-time-windows-strips/domains/domain-9.pddl: line: 3222: Warning: Undeclared requirement :number-fluents 
pddl-instances/ipc-2004/domains/airport-temporal-time-windows-strips/domains/domain-9.pddl: line: 3222: Warning: Undeclared requirement :number-fluents 
pddl-instances/ipc-2004/domains/airport-temporal-time-windows-strips/domains/domain-9.pddl: line: 3239: Warning: Undeclared requirement :number-fluents 
pddl-instances/ipc-2004/domains/airport-temporal-time-windows-strips/domains/domain-9.pddl: line: 3239: Warning: Undeclared requirement :number-fluents 
pddl-instances/ipc-2004/domains/airport-temporal-time-windows-strips/domains/domain-9.pddl: line: 3256: Warning: Undeclared requirement :number-fluents 
pddl-instances/ipc-2004/domains/airport-temporal-time-windows-strips/domains/domain-9.pddl: line: 3256: Warning: Undeclared requirement :number-fluents 
pddl-instances/ipc-2004/domains/airport-temporal-time-windows-strips/instances/instance-9.pddl: line: 202: Warning: Undeclared requirement :number-fluents 
pddl-instances/ipc-2004/domains/airport-temporal-time-windows-strips/instances/instance-9.pddl: line: 203: Warning: Undeclared requirement :number-fluents 
pddl-instances/ipc-2004/domains/airport-temporal-time-windows-strips/instances/instance-9.pddl: line: 204: Warning: Undeclared requirement :number-fluents 
pddl-instances/ipc-2004/domains/airport-temporal-time-windows-strips/instances/instance-9.pddl: line: 205: Warning: Undeclared requirement :number-fluents 
pddl-instances/ipc-2004/domains/airport-temporal-time-windows-strips/instances/instance-9.pddl: line: 206: Warning: Undeclared requirement :number-fluents 
pddl-instances/ipc-2004/domains/airport-temporal-time-windows-strips/instances/instance-9.pddl: line: 207: Warning: Undeclared requirement :number-fluents 
pddl-instances/ipc-2004/domains/airport-temporal-time-windows-strips/instances/instance-9.pddl: line: 208: Warning: Undeclared requirement :number-fluents 
pddl-instances/ipc-2004/domains/airport-temporal-time-windows-strips/instances/instance-9.pddl: line: 209: Warning: Undeclared requirement :number-fluents 
pddl-instances/ipc-2004/domains/airport-temporal-time-windows-strips/instances/instance-9.pddl: line: 210: Warning: Undeclared requirement :number-fluents 
pddl-instances/ipc-2004/domains/airport-temporal-time-windows-strips/instances/instance-9.pddl: line: 211: Warning: Undeclared requirement :number-fluents 
pddl-instances/ipc-2004/domains/airport-temporal-time-windows-strips/instances/instance-9.pddl: line: 212: Warning: Undeclared requirement :number-fluents 
pddl-instances/ipc-2004/domains/airport-temporal-time-windows-strips/instances/instance-9.pddl: line: 213: Warning: Undeclared requirement :number-fluents 
pddl-instances/ipc-2004/domains/airport-temporal-time-windows-strips/instances/instance-9.pddl: line: 214: Warning: Undeclared requirement :number-fluents 
pddl-instances/ipc-2004/domains/airport-temporal-time-windows-strips/instances/instance-9.pddl: line: 215: Warning: Undeclared requirement :number-fluents 
pddl-instances/ipc-2004/domains/airport-temporal-time-windows-strips/instances/instance-9.pddl: line: 216: Warning: Undeclared requirement :number-fluents 
pddl-instances/ipc-2004/domains/airport-temporal-time-windows-strips/instances/instance-9.pddl: line: 217: Warning: Undeclared requirement :number-fluents 
pddl-instances/ipc-2004/domains/airport-temporal-time-windows-strips/instances/instance-9.pddl: line: 218: Warning: Undeclared requirement :number-fluents 
pddl-instances/ipc-2004/domains/airport-temporal-time-windows-strips/instances/instance-9.pddl: line: 219: Warning: Undeclared requirement :number-fluents 
pddl-instances/ipc-2004/domains/airport-temporal-time-windows-strips/instances/instance-9.pddl: line: 220: Warning: Undeclared requirement :number-fluents 
pddl-instances/ipc-2004/domains/airport-temporal-time-windows-strips/instances/instance-9.pddl: line: 221: Warning: Undeclared requirement :number-fluents 
pddl-instances/ipc-2004/domains/airport-temporal-time-windows-strips/instances/instance-9.pddl: line: 222: Warning: Undeclared requirement :number-fluents 
pddl-instances/ipc-2004/domains/airport-temporal-time-windows-strips/instances/instance-9.pddl: line: 223: Warning: Undeclared requirement :number-fluents 
pddl-instances/ipc-2004/domains/airport-temporal-time-windows-strips/instances/instance-9.pddl: line: 224: Warning: Undeclared requirement :number-fluents 
pddl-instances/ipc-2004/domains/airport-temporal-time-windows-strips/instances/instance-9.pddl: line: 225: Warning: Undeclared requirement :number-fluents 
pddl-instances/ipc-2004/domains/airport-temporal-time-windows-strips/instances/instance-9.pddl: line: 226: Warning: Undeclared requirement :number-fluents 
pddl-instances/ipc-2004/domains/airport-temporal-time-windows-strips/instances/instance-9.pddl: line: 227: Warning: Undeclared requirement :number-fluents 
pddl-instances/ipc-2004/domains/airport-temporal-time-windows-strips/instances/instance-9.pddl: line: 228: Warning: Undeclared requirement :number-fluents 
pddl-instances/ipc-2004/domains/airport-temporal-time-windows-strips/instances/instance-9.pddl: line: 229: Warning: Undeclared requirement :number-fluents 
pddl-instances/ipc-2004/domains/airport-temporal-time-windows-strips/instances/instance-9.pddl: line: 230: Warning: Undeclared requirement :number-fluents 
pddl-instances/ipc-2004/domains/airport-temporal-time-windows-strips/instances/instance-9.pddl: line: 231: Warning: Undeclared requirement :number-fluents 
pddl-instances/ipc-2004/domains/airport-temporal-time-windows-strips/instances/instance-9.pddl: line: 232: Warning: Undeclared requirement :number-fluents 
pddl-instances/ipc-2004/domains/airport-temporal-time-windows-strips/instances/instance-9.pddl: line: 233: Warning: Undeclared requirement :number-fluents 
pddl-instances/ipc-2004/domains/airport-temporal-time-windows-strips/instances/instance-9.pddl: line: 234: Warning: Undeclared requirement :number-fluents 
pddl-instances/ipc-2004/domains/airport-temporal-time-windows-strips/instances/instance-9.pddl: line: 235: Warning: Undeclared requirement :number-fluents 
pddl-instances/ipc-2004/domains/airport-temporal-time-windows-strips/instances/instance-9.pddl: line: 236: Warning: Undeclared requirement :number-fluents 
pddl-instances/ipc-2004/domains/airport-temporal-time-windows-strips/instances/instance-9.pddl: line: 237: Warning: Undeclared requirement :number-fluents 
pddl-instances/ipc-2004/domains/airport-temporal-time-windows-strips/instances/instance-9.pddl: line: 238: Warning: Undeclared requirement :number-fluents 
pddl-instances/ipc-2004/domains/airport-temporal-time-windows-strips/instances/instance-9.pddl: line: 239: Warning: Undeclared requirement :number-fluents 
pddl-instances/ipc-2004/domains/airport-temporal-time-windows-strips/instances/instance-9.pddl: line: 240: Warning: Undeclared requirement :number-fluents 
pddl-instances/ipc-2004/domains/airport-temporal-time-windows-strips/instances/instance-9.pddl: line: 241: Warning: Undeclared requirement :number-fluents 
pddl-instances/ipc-2004/domains/airport-temporal-time-windows-strips/instances/instance-9.pddl: line: 242: Warning: Undeclared requirement :number-fluents 
pddl-instances/ipc-2004/domains/airport-temporal-time-windows-strips/instances/instance-9.pddl: line: 243: Warning: Undeclared requirement :number-fluents 
pddl-instances/ipc-2004/domains/airport-temporal-time-windows-strips/instances/instance-9.pddl: line: 244: Warning: Undeclared requirement :number-fluents 

The planner will continue, but you may wish to fix your files accordingly
Parsing and Instantiating...
TIL[169.000] @ 0x207eac0 -> { TIL[139.000]}
TIL[381.000] @ 0x207ef90 -> { TIL[169.000]}
TIL[411.000] @ 0x207f260 -> { TIL[381.000]}
TIL[563.000] @ 0x207f730 -> { TIL[411.000]}
TIL[593.000] @ 0x207fa00 -> { TIL[563.000]}
TIL[891.000] @ 0x207fed0 -> { TIL[593.000]}
TIL[921.000] @ 0x20801a0 -> { TIL[891.000]}
Done
One way facts...
Mutex groups...
Semaphore Facts...
Envelope Facts...
One-shot actions...
Integral variables...
Variable bounds...
Static numeric conditions...
Duration bounds...
TIL time window analysis...
Bounding action timestamps due to time windows...
(blocked seg_27thresh_0_100 dummy_landing_airplane) forms a window with range [139.000,921.000]
(not_blocked seg_27thresh_0_100 dummy_landing_airplane) forms a window with range [169.000,inf]
(blocked seg_27help_0_100 dummy_landing_airplane) forms a window with range [139.000,921.000]
(not_blocked seg_27help_0_100 dummy_landing_airplane) forms a window with range [169.000,inf]
(blocked seg_27_0_150 dummy_landing_airplane) forms a window with range [139.000,921.000]
(not_blocked seg_27_0_150 dummy_landing_airplane) forms a window with range [169.000,inf]
(blocked seg_rwy_0_1300 dummy_landing_airplane) forms a window with range [139.000,921.000]
(not_blocked seg_rwy_0_1300 dummy_landing_airplane) forms a window with range [169.000,inf]
(blocked seg_09_0_150 dummy_landing_airplane) forms a window with range [139.000,921.000]
(not_blocked seg_09_0_150 dummy_landing_airplane) forms a window with range [169.000,inf]
(blocked seg_09help_0_100 dummy_landing_airplane) forms a window with range [139.000,921.000]
(not_blocked seg_09help_0_100 dummy_landing_airplane) forms a window with range [169.000,inf]
(blocked seg_09thresh_0_100 dummy_landing_airplane) forms a window with range [139.000,921.000]
(not_blocked seg_09thresh_0_100 dummy_landing_airplane) forms a window with range [169.000,inf]
Dominance constraints (excluding processes and events)...
Damaging events...
Dominance constraints (including processes and events)...
Variable monotonicity...
Max/min needed values for any single precondition...
Irrelevant action pruning by backward reachability from goal...
Uninterestingness criteria...
Compression-safe actions...
Compression-safe invariants...
0% of durative actions in this problem are compression safe
Goal Goal [3]
    (airborne airplane_dfboy seg_09_0_150)
    (airborne airplane_daewh seg_09_0_150)
    (is-parked airplane_cfbeg seg_a02_0_100)

Finishing preprocessing.  Making a TRPG heuristic...
Making an open list...
Running WA* search (g weight = 1, h weight = 5)
{(at-segment airplane_cfbeg seg_rwy_0_1300),(at-segment airplane_daewh seg_a02_0_100),(at-segment airplane_dfboy seg_b02_0_100),(blocked seg_rwy_0_1300 airplane_cfbeg),(blocked seg_a02_0_100 airplane_daewh),(blocked seg_b02_0_100 airplane_dfboy),(blocked seg_09_0_150 airplane_cfbeg),(facing airplane_cfbeg south),(facing airplane_daewh south),(facing airplane_dfboy south),(is-moving airplane_cfbeg),(is-pushing airplane_daewh),(is-pushing airplane_dfboy),(not_blocked seg_09thresh_0_100 airplane_cfbeg),(not_blocked seg_09help_0_100 airplane_cfbeg),(not_blocked seg_a_09_0_100 airplane_cfbeg),(not_blocked seg_27thresh_0_100 airplane_cfbeg),(not_blocked seg_27help_0_100 airplane_cfbeg),(not_blocked seg_27_0_150 airplane_cfbeg),(not_blocked seg_b_27_0_100 airplane_cfbeg),(not_blocked seg_n1_n2_0_100 airplane_cfbeg),(not_blocked seg_n1_a_0_100 airplane_cfbeg),(not_blocked seg_n2_n3_1_0_86 airplane_cfbeg),(not_blocked seg_n2_n3_0_85 airplane_cfbeg),(not_blocked seg_n3_n_0_100 airplane_cfbeg),(not_blocked seg_n_n4_0_100 airplane_cfbeg),(not_blocked seg_n_c_0_100 airplane_cfbeg),(not_blocked seg_n4_n5_1_0_85 airplane_cfbeg),(not_blocked seg_n4_n5_0_86 airplane_cfbeg),(not_blocked seg_n5_n6_0_100 airplane_cfbeg),(not_blocked seg_n6_b_0_100 airplane_cfbeg),(not_blocked seg_c_c2_1_0_83 airplane_cfbeg),(not_blocked seg_c_c2_0_84 airplane_cfbeg),(not_blocked seg_c4_c5_0_50 airplane_cfbeg),(not_blocked seg_c5_c6_0_50 airplane_cfbeg),(not_blocked seg_c5_c_a02_0_100 airplane_cfbeg),(not_blocked seg_c5_c_b02_0_100 airplane_cfbeg),(not_blocked seg_c6_c7_0_100 airplane_cfbeg),(not_blocked seg_a02_0_100 airplane_cfbeg),(not_blocked seg_b02_0_100 airplane_cfbeg),(not_blocked seg_n2_n3_2_0_86 airplane_cfbeg),(not_blocked seg_n2_n3_3_0_86 airplane_cfbeg),(not_blocked seg_n2_n3_4_0_85 airplane_cfbeg),(not_blocked seg_n2_n3_5_0_86 airplane_cfbeg),(not_blocked seg_n2_n3_6_0_86 airplane_cfbeg),(not_blocked seg_n4_n5_2_0_86 airplane_cfbeg),(not_blocked seg_n4_n5_3_0_86 airplane_cfbeg),(not_blocked seg_n4_n5_4_0_85 airplane_cfbeg),(not_blocked seg_n4_n5_5_0_86 airplane_cfbeg),(not_blocked seg_n4_n5_6_0_86 airplane_cfbeg),(not_blocked seg_c_c2_2_0_83 airplane_cfbeg),(not_blocked seg_09thresh_0_100 airplane_daewh),(not_blocked seg_09help_0_100 airplane_daewh),(not_blocked seg_09_0_150 airplane_daewh),(not_blocked seg_a_09_0_100 airplane_daewh),(not_blocked seg_rwy_0_1300 airplane_daewh),(not_blocked seg_27thresh_0_100 airplane_daewh),(not_blocked seg_27help_0_100 airplane_daewh),(not_blocked seg_27_0_150 airplane_daewh),(not_blocked seg_b_27_0_100 airplane_daewh),(not_blocked seg_n1_n2_0_100 airplane_daewh),(not_blocked seg_n1_a_0_100 airplane_daewh),(not_blocked seg_n2_n3_1_0_86 airplane_daewh),(not_blocked seg_n2_n3_0_85 airplane_daewh),(not_blocked seg_n3_n_0_100 airplane_daewh),(not_blocked seg_n_n4_0_100 airplane_daewh),(not_blocked seg_n_c_0_100 airplane_daewh),(not_blocked seg_n4_n5_1_0_85 airplane_daewh),(not_blocked seg_n4_n5_0_86 airplane_daewh),(not_blocked seg_n5_n6_0_100 airplane_daewh),(not_blocked seg_n6_b_0_100 airplane_daewh),(not_blocked seg_c_c2_1_0_83 airplane_daewh),(not_blocked seg_c_c2_0_84 airplane_daewh),(not_blocked seg_c4_c5_0_50 airplane_daewh),(not_blocked seg_c5_c6_0_50 airplane_daewh),(not_blocked seg_c5_c_a02_0_100 airplane_daewh),(not_blocked seg_c5_c_b02_0_100 airplane_daewh),(not_blocked seg_c6_c7_0_100 airplane_daewh),(not_blocked seg_b02_0_100 airplane_daewh),(not_blocked seg_n2_n3_2_0_86 airplane_daewh),(not_blocked seg_n2_n3_3_0_86 airplane_daewh),(not_blocked seg_n2_n3_4_0_85 airplane_daewh),(not_blocked seg_n2_n3_5_0_86 airplane_daewh),(not_blocked seg_n2_n3_6_0_86 airplane_daewh),(not_blocked seg_n4_n5_2_0_86 airplane_daewh),(not_blocked seg_n4_n5_3_0_86 airplane_daewh),(not_blocked seg_n4_n5_4_0_85 airplane_daewh),(not_blocked seg_n4_n5_5_0_86 airplane_daewh),(not_blocked seg_n4_n5_6_0_86 airplane_daewh),(not_blocked seg_c_c2_2_0_83 airplane_daewh),(not_blocked seg_09thresh_0_100 airplane_dfboy),(not_blocked seg_09help_0_100 airplane_dfboy),(not_blocked seg_09_0_150 airplane_dfboy),(not_blocked seg_a_09_0_100 airplane_dfboy),(not_blocked seg_rwy_0_1300 airplane_dfboy),(not_blocked seg_27thresh_0_100 airplane_dfboy),(not_blocked seg_27help_0_100 airplane_dfboy),(not_blocked seg_27_0_150 airplane_dfboy),(not_blocked seg_b_27_0_100 airplane_dfboy),(not_blocked seg_n1_n2_0_100 airplane_dfboy),(not_blocked seg_n1_a_0_100 airplane_dfboy),(not_blocked seg_n2_n3_1_0_86 airplane_dfboy),(not_blocked seg_n2_n3_0_85 airplane_dfboy),(not_blocked seg_n3_n_0_100 airplane_dfboy),(not_blocked seg_n_n4_0_100 airplane_dfboy),(not_blocked seg_n_c_0_100 airplane_dfboy),(not_blocked seg_n4_n5_1_0_85 airplane_dfboy),(not_blocked seg_n4_n5_0_86 airplane_dfboy),(not_blocked seg_n5_n6_0_100 airplane_dfboy),(not_blocked seg_n6_b_0_100 airplane_dfboy),(not_blocked seg_c_c2_1_0_83 airplane_dfboy),(not_blocked seg_c_c2_0_84 airplane_dfboy),(not_blocked seg_c4_c5_0_50 airplane_dfboy),(not_blocked seg_c5_c6_0_50 airplane_dfboy),(not_blocked seg_c5_c_a02_0_100 airplane_dfboy),(not_blocked seg_c5_c_b02_0_100 airplane_dfboy),(not_blocked seg_c6_c7_0_100 airplane_dfboy),(not_blocked seg_a02_0_100 airplane_dfboy),(not_blocked seg_n2_n3_2_0_86 airplane_dfboy),(not_blocked seg_n2_n3_3_0_86 airplane_dfboy),(not_blocked seg_n2_n3_4_0_85 airplane_dfboy),(not_blocked seg_n2_n3_5_0_86 airplane_dfboy),(not_blocked seg_n2_n3_6_0_86 airplane_dfboy),(not_blocked seg_n4_n5_2_0_86 airplane_dfboy),(not_blocked seg_n4_n5_3_0_86 airplane_dfboy),(not_blocked seg_n4_n5_4_0_85 airplane_dfboy),(not_blocked seg_n4_n5_5_0_86 airplane_dfboy),(not_blocked seg_n4_n5_6_0_86 airplane_dfboy),(not_blocked seg_c_c2_2_0_83 airplane_dfboy),(not_occupied seg_09thresh_0_100),(not_occupied seg_09help_0_100),(not_occupied seg_09_0_150),(not_occupied seg_a_09_0_100),(not_occupied seg_27thresh_0_100),(not_occupied seg_27help_0_100),(not_occupied seg_27_0_150),(not_occupied seg_b_27_0_100),(not_occupied seg_n1_n2_0_100),(not_occupied seg_n1_a_0_100),(not_occupied seg_n2_n3_1_0_86),(not_occupied seg_n2_n3_0_85),(not_occupied seg_n3_n_0_100),(not_occupied seg_n_n4_0_100),(not_occupied seg_n_c_0_100),(not_occupied seg_n4_n5_1_0_85),(not_occupied seg_n4_n5_0_86),(not_occupied seg_n5_n6_0_100),(not_occupied seg_n6_b_0_100),(not_occupied seg_c_c2_1_0_83),(not_occupied seg_c_c2_0_84),(not_occupied seg_c4_c5_0_50),(not_occupied seg_c5_c6_0_50),(not_occupied seg_c5_c_a02_0_100),(not_occupied seg_c5_c_b02_0_100),(not_occupied seg_c6_c7_0_100),(not_occupied seg_n2_n3_2_0_86),(not_occupied seg_n2_n3_3_0_86),(not_occupied seg_n2_n3_4_0_85),(not_occupied seg_n2_n3_5_0_86),(not_occupied seg_n2_n3_6_0_86),(not_occupied seg_n4_n5_2_0_86),(not_occupied seg_n4_n5_3_0_86),(not_occupied seg_n4_n5_4_0_85),(not_occupied seg_n4_n5_5_0_86),(not_occupied seg_n4_n5_6_0_86),(not_occupied seg_c_c2_2_0_83),(occupied seg_rwy_0_1300),(occupied seg_a02_0_100),(occupied seg_b02_0_100)}
[]
Initial heuristic = 124
Initial stats: t=0.12s, 13236kb
b (123 @ n=2, t=0.12s, 13368kb)b (122 @ n=9, t=0.12s, 13368kb)Warning: self overlapping Action 237:1 at 1
b (121 @ n=39, t=0.13s, 13560kb)xxb (120 @ n=137, t=0.15s, 13836kb)x.{EPS=862.069,ETD=19.5102}dxxdxx.{EPS=925.926,ETD=37.1111}b (119 @ n=387, t=0.22s, 14820kb)b (118 @ n=394, t=0.23s, 14820kb)b (117 @ n=401, t=0.23s, 14916kb)b (116 @ n=408, t=0.23s, 14916kb)b (115 @ n=415, t=0.23s, 15008kb)b (114 @ n=422, t=0.23s, 15008kb)b (113 @ n=429, t=0.24s, 15108kb)b (112 @ n=436, t=0.24s, 15108kb)b (111 @ n=443, t=0.24s, 15220kb)b (110 @ n=450, t=0.24s, 15264kb)b (109 @ n=457, t=0.25s, 15264kb)b (108 @ n=464, t=0.25s, 15424kb)b (107 @ n=471, t=0.25s, 15496kb)b (106 @ n=478, t=0.25s, 15572kb)b (105 @ n=485, t=0.26s, 15644kb)b (104 @ n=492, t=0.26s, 15724kb)b (103 @ n=499, t=0.26s, 15808kb)b (102 @ n=506, t=0.26s, 15892kb)b (101 @ n=513, t=0.27s, 15980kb)b (100 @ n=520, t=0.27s, 16072kb)b (99 @ n=528, t=0.27s, 16280kb)b (98 @ n=535, t=0.27s, 16280kb)b (97 @ n=542, t=0.28s, 16412kb)b (96 @ n=549, t=0.28s, 16512kb)b (95 @ n=555, t=0.28s, 16568kb)b (94 @ n=559, t=0.28s, 16568kb)xb (93 @ n=601, t=0.3s, 17288kb)b (92 @ n=606, t=0.3s, 17352kb)b (91 @ n=611, t=0.3s, 17436kb)b (90 @ n=616, t=0.31s, 17524kb)b (89 @ n=621, t=0.31s, 17616kb)b (88 @ n=626, t=0.31s, 17708kb)b (87 @ n=631, t=0.31s, 17804kb)b (86 @ n=636, t=0.31s, 17904kb)b (85 @ n=643, t=0.31s, 18072kb)b (84 @ n=647, t=0.32s, 18072kb).{EPS=728.155,ETD=25.5034}dxb (83 @ n=716, t=0.34s, 19640kb)xd.{EPS=754.717,ETD=20.3015}xxdx.{EPS=776.398,ETD=18.6145}xxdx.{EPS=769.231,ETD=22.6622}xdxx.{EPS=795.455,ETD=19.8711}dxx.{EPS=803.213,ETD=22.4336}dxxx.{EPS=821.168,ETD=20.7595}dxxxdx.{EPS=816.993,ETD=26.3607}xxdx.{EPS=803.859,ETD=30.01}xxdxx.{EPS=778.816,ETD=31.508}dxxdx.{EPS=818.331,ETD=36.532}xxdx.{EPS=825.083,ETD=36.436}xdx.{EPS=827.815,ETD=35.802}xxdx.{EPS=847.458,ETD=31.838}xxd.{EPS=838.926,ETD=32.136}xxdx.{EPS=841.751,ETD=28.878}xxdx.{EPS=830.565,ETD=33.212}xdx.{EPS=825.083,ETD=36.442}dxx.{EPS=831.947,ETD=41.06}xdxx.{EPS=848.896,ETD=34.574}xdx.{EPS=859.107,ETD=29.844}xdxx.{EPS=853.242,ETD=29.778}xdxx.{EPS=847.458,ETD=29.838}xdx.{EPS=838.926,ETD=30.294}xdxx.{EPS=830.565,ETD=35.46}dxxxd.{EPS=807.754,ETD=52.946}xxxxd.{EPS=791.139,ETD=63.53}xxxxd.{EPS=793.651,ETD=52.952}xxxdxx.{EPS=776.398,ETD=75.462}xdxx.{EPS=750.751,ETD=110.068}xdxxx.{EPS=746.269,ETD=109.844}xdxxxxd.{EPS=722.543,ETD=154.574}xxb (82 @ n=4190, t=2.31s, 95360kb)xx.{EPS=709.22,ETD=167.676}xdx.{EPS=712.251,ETD=167.706}xx.{EPS=738.552,ETD=162.184}xx.{EPS=776.398,ETD=144.296}xx.{EPS=818.331,ETD=129.008}xx.{EPS=854.701,ETD=129.292}xx.{EPS=914.077,ETD=97.028}xx.{EPS=992.063,ETD=62.48}xx.{EPS=1052.63,ETD=62.766}xx.{EPS=1146.79,ETD=18.53}xx.{EPS=1246.88,ETD=5.194}xx.{EPS=1302.08,ETD=5.026}xx.{EPS=1302.08,ETD=5.354}xx.{EPS=1295.34,ETD=6.158}xx.{EPS=1298.7,ETD=6.17}xx.{EPS=1308.9,ETD=6.218}xx.{EPS=830.565,ETD=6.306}xxx.{EPS=803.859,ETD=16.308}xxx.{EPS=791.139,ETD=23.334}xxxx.{EPS=762.195,ETD=33.506}xdx.{EPS=745.156,ETD=48.306}xx.{EPS=742.942,ETD=48.036}xx.{EPS=736.377,ETD=48.294}xx.{EPS=738.552,ETD=47.458}xx.{EPS=737.463,ETD=47.52}xx.{EPS=735.294,ETD=47.41}xx.{EPS=1077.59,ETD=47.918}xx.{EPS=1118.57,ETD=37.732}xx.{EPS=1131.22,ETD=30.52}xx.{EPS=1199.04,ETD=20.062}xx.{EPS=1234.57,ETD=5.496}xx.{EPS=1213.59,ETD=8.02}xx.{EPS=1225.49,ETD=7.598}xx.{EPS=1225.49,ETD=7.784}xx.{EPS=1216.55,ETD=7.908}xx.{EPS=1201.92,ETD=8.078}xx.{EPS=1199.04,ETD=7.476}xx.{EPS=1199.04,ETD=7.66}xx.{EPS=1190.48,ETD=7.84}xx.{EPS=1179.25,ETD=8.436}xx.{EPS=1179.25,ETD=8.306}xx.{EPS=1196.17,ETD=5.9}xx.{EPS=1193.32,ETD=6.064}xx.{EPS=1176.47,ETD=7.04}xx.{EPS=1176.47,ETD=6.854}xx.{EPS=1173.71,ETD=6.786}xx.{EPS=1184.83,ETD=6.902}xx.{EPS=1173.71,ETD=8.284}xx.{EPS=1173.71,ETD=8.042}xx.{EPS=1182.03,ETD=7.384}xx.{EPS=1168.22,ETD=7.698}xx.{EPS=1165.5,ETD=9.528}xx.{EPS=1154.73,ETD=9.3}xx.{EPS=1165.5,ETD=8.262}xx.{EPS=1165.5,ETD=8.694}xx.{EPS=1149.43,ETD=12.918}xx.{EPS=1138.95,ETD=12.67}xx.{EPS=1141.55,ETD=11.226}xx.{EPS=1138.95,ETD=11.406}xx.{EPS=1121.08,ETD=11.92}xx.{EPS=1126.13,ETD=11.442}xx.{EPS=1126.13,ETD=9.55}xx.{EPS=1126.13,ETD=9.716}xx.{EPS=1121.08,ETD=9.868}xx.{EPS=1098.9,ETD=10.192}xx.{EPS=1116.07,ETD=5.748}xx.{EPS=1118.57,ETD=5.934}xx.{EPS=1118.57,ETD=6.118}xx.{EPS=1108.65,ETD=7.052}xx.{EPS=1111.11,ETD=6.548}xx.{EPS=1108.65,ETD=6.73}xx.{EPS=1111.11,ETD=6.916}xx.{EPS=1098.9,ETD=8.33}xx.{EPS=1094.09,ETD=8.2}xx.{EPS=1108.65,ETD=7.548}xx.{EPS=1106.19,ETD=7.712}xx.{EPS=1094.09,ETD=9.514}xx.{EPS=1086.96,ETD=9.266}xx.{EPS=1089.32,ETD=8.436}xx.{EPS=1091.7,ETD=8.548}xx.{EPS=1075.27,ETD=14.986}xx.{EPS=1068.38,ETD=14.738}xx.{EPS=1077.59,ETD=13.262}xx.{EPS=1066.1,ETD=13.576}xx.{EPS=1054.85,ETD=13.756}xx.{EPS=1050.42,ETD=13.53}xx.{EPS=1054.85,ETD=11.666}xx.{EPS=1054.85,ETD=12.1}xx.{EPS=1043.84,ETD=12.518}xx.{EPS=1041.67,ETD=12.262}xx.{EPS=1050.42,ETD=5.762}xx.{EPS=1050.42,ETD=5.948}xx.{EPS=1033.06,ETD=7.28}xx.{EPS=1043.84,ETD=6.822}xx.{EPS=1048.22,ETD=6.56}xx.{EPS=1048.22,ETD=6.724}xx.{EPS=1048.22,ETD=6.888}xx.{EPS=1030.93,ETD=8.03}xx.{EPS=1039.5,ETD=7.386}xx.{EPS=1037.34,ETD=7.58}xx.{EPS=1037.34,ETD=7.766}xx.{EPS=1028.81,ETD=9.52}xx.{EPS=1033.06,ETD=8.208}xx.{EPS=1028.81,ETD=8.36}xx.{EPS=1026.69,ETD=8.562}xxx.{EPS=1002,ETD=78.376}xxxx.{EPS=972.763,ETD=182.584}xx.{EPS=965.251,ETD=189.286}xx.{EPS=959.693,ETD=189.342}xx.{EPS=957.854,ETD=189.322}xx.{EPS=956.023,ETD=189.302}xx.{EPS=950.57,ETD=187.706}xx.{EPS=954.198,ETD=187.708}xx.{EPS=952.381,ETD=187.7}xx.{EPS=950.57,ETD=187.68}xx.{EPS=961.538,ETD=118.434}xx.{EPS=982.318,ETD=13.978}xx.{EPS=994.036,ETD=5.964}xx.{EPS=998.004,ETD=6.076}xx.{EPS=992.063,ETD=7.088}xx.{EPS=988.142,ETD=6.802}xx.{EPS=992.063,ETD=6.56}xx.{EPS=986.193,ETD=6.876}xx.{EPS=976.562,ETD=8.296}xx.{EPS=972.763,ETD=8.066}xx.{EPS=976.562,ETD=7.436}xx.{EPS=974.659,ETD=7.87}xx.{EPS=968.992,ETD=9.524}xx.{EPS=965.251,ETD=9.28}xx.{EPS=959.693,ETD=8.196}xx.{EPS=941.62,ETD=8.418}xx.{EPS=910.747,ETD=19.01}xx.{EPS=904.159,ETD=18.55}xx.{EPS=905.797,ETD=17.048}xx.{EPS=902.527,ETD=17.216}xx.{EPS=900.901,ETD=17.382}xx.{EPS=886.525,ETD=17.288}xx.{EPS=891.266,ETD=15.408}xx.{EPS=884.956,ETD=15.59}xx.{EPS=889.68,ETD=15.786}xx.{EPS=897.666,ETD=16.306}xx.{EPS=920.81,ETD=5.736}xx.{EPS=927.644,ETD=5.888}xx.{EPS=925.926,ETD=6.09}xx.{EPS=920.81,ETD=7.096}xx.{EPS=912.409,ETD=6.952}xx.{EPS=925.926,ETD=6.738}xx.{EPS=924.214,ETD=6.888}xx.{EPS=919.118,ETD=8.29}xx.{EPS=915.751,ETD=8.032}xx.{EPS=914.077,ETD=7.616}xx.{EPS=917.431,ETD=7.714}xx.{EPS=905.797,ETD=9.558}xx.{EPS=909.091,ETD=9.334}xx.{EPS=912.409,ETD=8.208}xx.{EPS=912.409,ETD=8.536}xxx.{EPS=912.409,ETD=46.682}dxdxx.{EPS=735.294,ETD=368.976}dxxx.{EPS=686.813,ETD=367.466}dxx.{EPS=645.161,ETD=367.418}xdxx.{EPS=605.327,ETD=367.252}dxx.{EPS=568.182,ETD=367.334}xdxx.{EPS=538.213,ETD=365.802}xdxx.{EPS=510.204,ETD=365.742}dxx.{EPS=481.696,ETD=366.212}xdxx.{EPS=458.716,ETD=365.784}xdxx.{EPS=435.54,ETD=327.71}dxx.{EPS=465.549,ETD=5.524}xdxx.{EPS=465.983,ETD=5.426}dxxx.{EPS=462.963,ETD=5.85}dxx.{EPS=459.982,ETD=6.926}xdxx.{EPS=459.559,ETD=6.678}dxx.{EPS=460.829,ETD=6.2}xdxx.{EPS=458.716,ETD=6.36}xdxx.{EPS=459.137,ETD=6.134}dxx.{EPS=457.875,ETD=6.556}xdxx.{EPS=457.875,ETD=6.316}dxxx.{EPS=456.204,ETD=7.818}dxx.{EPS=453.721,ETD=7.884}xdxx.{EPS=451.671,ETD=7.688}dxx.{EPS=452.489,ETD=6.838}xdxx.{EPS=449.64,ETD=6.74}xdxx.{EPS=445.236,ETD=7.154}dxx.{EPS=440.529,ETD=9.534}xdxx.{EPS=373.972,ETD=9.302}xdxx.{EPS=373.972,ETD=8.818}dxx.{EPS=372.578,ETD=8.972}xdxx.{EPS=371.471,ETD=7.438}dxxx.{EPS=368.732,ETD=7.86}dxx.{EPS=368.189,ETD=7.632}xdxx.{EPS=365.497,ETD=10.406}dxx.{EPS=364.697,ETD=10.492}xdxx.{EPS=363.636,ETD=10.296}xdxx.{EPS=364.964,ETD=7.756}dxx.{EPS=424.088,ETD=7.952}xdxx.{EPS=419.815,ETD=8.468}dxx.{EPS=414.938,ETD=72.444}xdx.{EPS=412.541,ETD=157.064}dxdxx.{EPS=386.698,ETD=390.814}dxx.{EPS=379.939,ETD=390.874}dxx.{EPS=358.423,ETD=388.042}dxx.{EPS=351.124,ETD=388.204}dx.{EPS=351.124,ETD=517.914}xdxx.{EPS=339.905,ETD=647.848}dxxx.{EPS=338.983,ETD=647.624}dxx.{EPS=338.295,ETD=647.332}xdxx.{EPS=339.213,ETD=583.202}dxx.{EPS=338.983,ETD=498.55}xdxx.{EPS=356.125,ETD=264.772}dxxx.{EPS=356.125,ETD=265.328}dxx.{EPS=374.532,ETD=265.126}xdxx.{EPS=377.929,ETD=264.878}dxxx.{EPS=373.134,ETD=135.104}dxx.{EPS=380.807,ETD=5.492}xdxx.{EPS=378.788,ETD=5.914}dxx.{EPS=377.644,ETD=5.696}xdxx.{EPS=373.692,ETD=6.884}xdxx.{EPS=371.471,ETD=6.656}dxx.{EPS=370.645,ETD=6.424}xdxx.{EPS=372.578,ETD=5.808}dxxx.{EPS=323.625,ETD=5.992}dxx.{EPS=318.269,ETD=6.448}xdxx.{EPS=316.056,ETD=8.208}dxxx.{EPS=316.656,ETD=7.886}dxx.{EPS=315.657,ETD=7.428}xdxx.{EPS=314.07,ETD=7.678}dxx.{EPS=313.087,ETD=6.796}xdxx.{EPS=311.526,ETD=7.218}dxxx.{EPS=310.752,ETD=6.994}dxx.{EPS=307.692,ETD=9.502}xdxx.{EPS=349.162,ETD=9.254}dxxx.{EPS=353.107,ETD=9.036}dxx.{EPS=355.114,ETD=7.112}xdxx.{EPS=352.113,ETD=7.406}dxx.{EPS=349.895,ETD=7.828}xdxx.{EPS=346.5,ETD=10.796}xdxx.{EPS=346.5,ETD=10.49}dxx.{EPS=345.781,ETD=10.036}xdxx.{EPS=343.879,ETD=10.232}dxxx.{EPS=342.7,ETD=8.078}dxx.{EPS=340.368,ETD=8.532}xdxx.{EPS=339.443,ETD=8.294}dxx.{EPS=336.247,ETD=108.616}dxxd.{EPS=326.158,ETD=333.622}xdxxx.{EPS=316.857,ETD=458.414}xdxxx.{EPS=315.259,ETD=455.252}xdxxx.{EPS=311.526,ETD=455.46}xdxxx.{EPS=309.215,ETD=455.43}xdxxx.{EPS=304.878,ETD=455.62}xdxxx.{EPS=302.297,ETD=455.686}xdxxx.{EPS=299.581,ETD=634.434}dxxxxd.{EPS=291.206,ETD=762.432}xxxxd.{EPS=289.352,ETD=662.196}xxxxd.{EPS=292.398,ETD=437.12}xxxxd.{EPS=297.265,ETD=311.876}xxxxd.{EPS=295.683,ETD=312.104}xxxxd.{EPS=294.291,ETD=312.396}xxxd.{EPS=291.206,ETD=469.364}xxxdxx.{EPS=283.607,ETD=704.446}xxxdxx.{EPS=279.486,ETD=914.208}xxdxxx.{EPS=277.316,ETD=787.742}xdxxd.{EPS=274.273,ETD=1002.66}xxdx.{EPS=269.978,ETD=1214.53}xxxdx.{EPS=271.003,ETD=1214.31}xxxdx.{EPS=269.542,ETD=1214.34}xxxdx.{EPS=269.542,ETD=1214.25}xxxdx.{EPS=269.107,ETD=1214.09}xxxdx.{EPS=270.416,ETD=1057.13}xxxdx.{EPS=275.634,ETD=822.086}xxxdx.{EPS=271.887,ETD=963.492}xxdxxx.{EPS=272.777,ETD=910.7}xdxxxx.{EPS=271.444,ETD=1029.48}xdxxxx.{EPS=270.563,ETD=1171.14}xdx.{EPS=278.087,ETD=1171.17}x.{EPS=291.545,ETD=1171.13}xxx.{EPS=302.115,ETD=1171.37}xx.{EPS=316.456,ETD=1171.12}xx.{EPS=330.033,ETD=1171.21}xx.{EPS=350.631,ETD=1170.83}xx.{EPS=384.025,ETD=819.32}xx.{EPS=409.165,ETD=819.536}xx.{EPS=451.671,ETD=358.568}xx.{EPS=500.501,ETD=4.978}xx.{EPS=510.725,ETD=5.058}xx.{EPS=508.13,ETD=5.284}xx.{EPS=426.621,ETD=6.422}xx.{EPS=412.201,ETD=10.02}x.{EPS=413.565,ETD=9.922}xx.{EPS=409.165,ETD=9.922}xx.{EPS=405.186,ETD=10.032}x.{EPS=400,ETD=10.164}xx.{EPS=403.551,ETD=9.44}xx.{EPS=399.361,ETD=9.86}xx.{EPS=393.701,ETD=11.51}xxx.{EPS=389.408,ETD=13.188}xx.{EPS=456.204,ETD=13.486}xx.{EPS=474.383,ETD=9.798}xx.{EPS=469.484,ETD=10.322}xx.{EPS=472.144,ETD=10.34}xx.{EPS=472.59,ETD=10.464}xx.{EPS=478.011,ETD=10.374}xx.{EPS=475.285,ETD=10.834}xx.{EPS=476.19,ETD=10.452}xx.{EPS=482.16,ETD=9.014}xx.{EPS=488.281,ETD=7.36}xx.{EPS=484.027,ETD=8.202}xx.{EPS=481.232,ETD=8.222}xx.{EPS=486.381,ETD=7.84}xx.{EPS=481.232,ETD=8.266}xx.{EPS=480.769,ETD=8.3}xx.{EPS=480.307,ETD=8.036}xx.{EPS=482.16,ETD=7.696}xx.{EPS=482.625,ETD=7.862}xx.{EPS=474.383,ETD=8.59}xx.{EPS=471.698,ETD=8.358}xx.{EPS=478.927,ETD=5.768}xx.{EPS=481.232,ETD=5.954}xx.{EPS=477.555,ETD=7.294}xx.{EPS=475.285,ETD=6.808}xx.{EPS=475.737,ETD=6.548}xx.{EPS=473.934,ETD=6.75}xx.{EPS=474.834,ETD=6.936}xx.{EPS=467.727,ETD=8.352}xx.{EPS=475.285,ETD=7.398}xx.{EPS=475.737,ETD=7.548}xx.{EPS=473.485,ETD=7.712}xx.{EPS=468.165,ETD=9.514}xx.{EPS=465.983,ETD=8.194}xx.{EPS=470.81,ETD=8.374}xx.{EPS=468.165,ETD=8.568}xx.{EPS=462.107,ETD=13.132}xx.{EPS=384.911,ETD=12.884}xx.{EPS=387.297,ETD=11.56}xx.{EPS=385.208,ETD=11.722}xx.{EPS=380.807,ETD=11.922}xx.{EPS=380.807,ETD=11.696}xx.{EPS=381.388,ETD=9.998}xx.{EPS=382.555,ETD=10.082}xx.{EPS=377.644,ETD=10.664}xx.{EPS=378.501,ETD=10.408}xx.{EPS=380.518,ETD=5.782}xx.{EPS=451.671,ETD=6.21}xx.{EPS=450.045,ETD=7.066}xx.{EPS=449.64,ETD=6.842}xx.{EPS=453.721,ETD=6.56}xx.{EPS=452.08,ETD=6.724}xx.{EPS=446.429,ETD=8.276}xx.{EPS=446.03,ETD=8.05}xx.{EPS=448.833,ETD=7.406}xx.{EPS=447.628,ETD=7.6}xx.{EPS=446.429,ETD=9.766}xx.{EPS=444.84,ETD=9.278}xx.{EPS=447.227,ETD=8.208}xx.{EPS=447.227,ETD=8.36}xx.{EPS=445.633,ETD=8.582}xxx.{EPS=440.141,ETD=20.956}xx.{EPS=444.444,ETD=19.226}xx.{EPS=447.227,ETD=19.39}xx.{EPS=451.264,ETD=19.554}xx.{EPS=448.833,ETD=19.72}xx.{EPS=453.721,ETD=17.578}xx.{EPS=456.204,ETD=17.742}xx.{EPS=458.295,ETD=17.906}xx.{EPS=456.204,ETD=18.482}xx.{EPS=459.137,ETD=18.238}xx.{EPS=461.681,ETD=5.962}xx.{EPS=460.829,ETD=6.078}xx.{EPS=452.489,ETD=7.048}xx.{EPS=447.227,ETD=6.806}xx.{EPS=449.236,ETD=6.56}xx.{EPS=439.754,ETD=6.874}xx.{EPS=435.161,ETD=8.292}xx.{EPS=429.923,ETD=8.064}xx.{EPS=430.663,ETD=7.438}xx.{EPS=427.716,ETD=7.87}xx.{EPS=422.297,ETD=9.526}xx.{EPS=381.679,ETD=9.268}xx.{EPS=381.971,ETD=8.234}xx.{EPS=382.555,ETD=8.42}xx.{EPS=372.578,ETD=16.358}xx.{EPS=375.094,ETD=15.88}xx.{EPS=375.657,ETD=14.4}xx.{EPS=376.223,ETD=14.566}xx.{EPS=374.813,ETD=14.718}xx.{EPS=369.004,ETD=14.63}xx.{EPS=372.301,ETD=12.754}xx.{EPS=409.5,ETD=12.95}xx.{EPS=411.184,ETD=13.136}xx.{EPS=385.208,ETD=13.652}xx.{EPS=391.236,ETD=5.724}xx.{EPS=390.93,ETD=5.906}xx.{EPS=391.85,ETD=6.092}xx.{EPS=387.898,ETD=7.094}xx.{EPS=386.698,ETD=6.964}xx.{EPS=391.85,ETD=6.724}xx.{EPS=391.236,ETD=6.888}xx.{EPS=388.5,ETD=8.278}xx.{EPS=386.698,ETD=8.03}xx.{EPS=408.163,ETD=7.612}xx.{EPS=409.836,ETD=7.724}xx.{EPS=408.163,ETD=9.56}xx.{EPS=407.166,ETD=9.274}xx.{EPS=409.165,ETD=8.208}xx.{EPS=407.166,ETD=8.524}x.{EPS=391.543,ETD=88.946}xdxx.{EPS=361.272,ETD=169.514}xx.{EPS=356.633,ETD=167.858}xxx.{EPS=353.607,ETD=167.944}xxx.{EPS=355.114,ETD=167.618}xx.{EPS=347.705,ETD=167.662}xx.{EPS=346.021,ETD=165.692}xx.{EPS=345.066,ETD=165.834}xxx.{EPS=340.368,ETD=166.126}xx.{EPS=338.066,ETD=165.908}xxx.{EPS=343.407,ETD=85.718}xx.{EPS=369.549,ETD=4.906}xx.{EPS=373.972,ETD=5.084}xx.{EPS=376.506,ETD=5.162}xx.{EPS=372.856,ETD=6.17}xx.{EPS=379.363,ETD=5.86}xx.{EPS=381.679,ETD=5.914}xx.{EPS=381.098,ETD=5.964}xx.{EPS=383.73,ETD=5.836}xx.{EPS=383.436,ETD=7.148}xxx.{EPS=386.698,ETD=6.814}xxx.{EPS=383.73,ETD=7.018}xx.{EPS=384.32,ETD=6.902}xxx.{EPS=381.388,ETD=7.066}xxx.{EPS=380.228,ETD=6.482}xx.{EPS=375.375,ETD=8.6}xxx.{EPS=369.549,ETD=8.592}xx.{EPS=368.46,ETD=8.4}xxx.{EPS=367.377,ETD=8.256}xxx.{EPS=366.032,ETD=7.014}xx.{EPS=364.697,ETD=7.436}xxx.{EPS=367.647,ETD=7.212}xxx.{EPS=362.582,ETD=9.498}xx.{EPS=363.108,ETD=9.174}xxx.{EPS=364.697,ETD=8.998}xx.{EPS=367.647,ETD=6.878}xxx.{EPS=370.096,ETD=7.078}xxx.{EPS=366.838,ETD=7.53}xx.{EPS=361.011,ETD=10.242}xxx.{EPS=361.795,ETD=10.036}xxx.{EPS=363.636,ETD=9.548}xx.{EPS=362.582,ETD=9.708}xxx.{EPS=365.764,ETD=7.748}xxx.{EPS=364.431,ETD=8.17}xx.{EPS=363.636,ETD=7.932}xx.{EPS=358.423,ETD=11.286}xx.{EPS=309.023,ETD=11.144}xx.{EPS=309.598,ETD=10.874}xx.{EPS=315.259,ETD=8.288}xx.{EPS=314.663,ETD=8.544}xx.{EPS=313.087,ETD=8.712}xx.{EPS=311.721,ETD=8.716}xx.{EPS=311.139,ETD=8.654}xx.{EPS=310.366,ETD=8.94}xx.{EPS=307.314,ETD=8.992}xx.{EPS=309.789,ETD=5.964}xx.{EPS=359.454,ETD=6.076}xx.{EPS=358.938,ETD=7.088}xx.{EPS=358.423,ETD=6.802}xx.{EPS=358.423,ETD=6.56}xx.{EPS=354.108,ETD=6.876}xx.{EPS=352.361,ETD=8.296}xx.{EPS=350.385,ETD=8.066}xx.{EPS=349.895,ETD=7.436}xx.{EPS=353.107,ETD=7.87}xx.{EPS=352.113,ETD=9.524}xx.{EPS=351.37,ETD=9.28}xx.{EPS=352.361,ETD=8.196}xx.{EPS=297.442,ETD=8.418}xx.{EPS=288.517,ETD=14.008}xx.{EPS=289.519,ETD=13.548}xx.{EPS=288.184,ETD=12.046}xx.{EPS=288.184,ETD=12.214}xx.{EPS=288.351,ETD=12.38}xx.{EPS=282.167,ETD=12.286}xx.{EPS=282.167,ETD=10.406}xx.{EPS=281.057,ETD=10.588}xx.{EPS=276.243,ETD=10.784}xx.{EPS=319.693,ETD=11.304}xx.{EPS=328.084,ETD=5.736}xx.{EPS=329.381,ETD=5.888}xx.{EPS=331.785,ETD=6.09}xx.{EPS=325.733,ETD=7.096}xx.{EPS=322.165,ETD=6.952}xx.{EPS=327.869,ETD=6.738}xx.{EPS=322.581,ETD=6.888}xx.{EPS=319.081,ETD=8.29}xx.{EPS=323.206,ETD=8.032}xx.{EPS=321.958,ETD=7.616}xx.{EPS=324.465,ETD=7.714}xx.{EPS=316.456,ETD=9.558}xx.{EPS=316.256,ETD=9.334}xx.{EPS=317.864,ETD=8.208}xx.{EPS=315.856,ETD=8.536}xxx.{EPS=297.619,ETD=344.99}xxx.{EPS=296.033,ETD=344.822}xxx.{EPS=291.545,ETD=343.352}xxxx.{EPS=284.252,ETD=343.59}xxx.{EPS=278.396,ETD=343.61}xx.{EPS=276.091,ETD=345.146}xxx.{EPS=279.955,ETD=344.692}xdxxx.{EPS=257.202,ETD=879.884}xxx.{EPS=248.385,ETD=1123.25}xxx.{EPS=245.7,ETD=1122.89}xxx.{EPS=252.27,ETD=786.542}xxx.{EPS=251.383,ETD=786.806}xxx.{EPS=255.624,ETD=787.934}xxx.{EPS=236.295,ETD=789.41}xxd.{EPS=226.04,ETD=1331.28}xx.{EPS=225.53,ETD=1329.45}xx.{EPS=220.946,ETD=1328.07}xx.{EPS=236.967,ETD=792.818}xx.{EPS=245.942,ETD=549.466}xx.{EPS=250.878,ETD=549.54}xx.{EPS=255.885,ETD=549.548}xx.{EPS=254.323,ETD=549.69}xx.{EPS=253.55,ETD=548.528}xx.{EPS=277.469,ETD=546.97}xx.{EPS=299.043,ETD=5.06}xx.{EPS=293.427,ETD=8.102}xx.{EPS=294.638,ETD=8.838}xx.{EPS=290.192,ETD=8.94}xx.{EPS=287.026,ETD=9.004}xx.{EPS=283.607,ETD=9.084}xx.{EPS=277.624,ETD=9.168}xx.{EPS=280.741,ETD=8.846}xx.{EPS=279.33,ETD=8.924}xx.{EPS=279.955,ETD=9.004}xx.{EPS=275.938,ETD=9.5}xx.{EPS=281.532,ETD=6.488}xx.{EPS=283.768,ETD=5.9}xx.{EPS=284.9,ETD=6.052}xx.{EPS=284.738,ETD=7.08}xx.{EPS=286.205,ETD=6.85}xx.{EPS=260.281,ETD=6.798}xx.{EPS=264.271,ETD=6.902}xx.{EPS=261.643,ETD=8.288}xx.{EPS=261.233,ETD=8.044}xx.{EPS=263.435,ETD=7.372}xx.{EPS=261.37,ETD=7.862}xx.{EPS=261.506,ETD=9.526}xx.{EPS=259.202,ETD=9.312}xx.{EPS=261.233,ETD=8.262}xx.{EPS=259.471,ETD=8.372}xx.{EPS=281.215,ETD=11.25}xx.{EPS=278.552,ETD=11.004}xx.{EPS=282.008,ETD=9.556}xx.{EPS=283.93,ETD=9.738}xx.{EPS=276.091,ETD=10.266}xx.{EPS=272.628,ETD=9.774}xx.{EPS=270.416,ETD=7.886}xx.{EPS=271.887,ETD=8.038}xx.{EPS=269.107,ETD=8.2}xx.{EPS=265.111,ETD=8.852}xx.{EPS=262.743,ETD=5.75}xx.{EPS=260.146,ETD=5.934}xx.{EPS=253.807,ETD=6.064}xx.{EPS=249.377,ETD=7.054}xx.{EPS=252.781,ETD=6.546}xx.{EPS=236.295,ETD=6.732}xx.{EPS=234.192,ETD=6.91}xx.{EPS=227.998,ETD=8.342}xx.{EPS=227.169,ETD=8.202}xx.{EPS=220.556,ETD=7.548}xx.{EPS=219.491,ETD=7.712}xx.{EPS=209.38,ETD=9.512}xx.{EPS=207.383,ETD=9.326}xx.{EPS=205.931,ETD=8.434}xx.{EPS=206.186,ETD=8.55}xx.{EPS=214.133,ETD=62.53}xx.{EPS=215.889,ETD=62.278}xx.{EPS=219.684,ETD=60.794}xx.{EPS=218.15,ETD=61.116}xx.{EPS=225.225,ETD=61.302}xx.{EPS=232.234,ETD=61.076}xx.{EPS=245.459,ETD=59.154}xx.{EPS=248.633,ETD=59.316}xx.{EPS=247.158,ETD=60.052}xx.{EPS=244.379,ETD=59.806}xx.{EPS=251.383,ETD=5.758}xx.{EPS=252.525,ETD=5.952}xx.{EPS=252.143,ETD=7.294}xx.{EPS=251.383,ETD=6.806}xx.{EPS=252.398,ETD=6.56}xx.{EPS=248.509,ETD=6.712}xx.{EPS=247.158,ETD=6.934}xx.{EPS=246.67,ETD=8.352}xx.{EPS=248.262,ETD=7.398}xx.{EPS=248.016,ETD=7.582}xx.{EPS=245.942,ETD=7.712}xx.{EPS=240.964,ETD=9.526}xx.{EPS=239.464,ETD=8.194}xx.{EPS=241.896,ETD=8.38}xx.{EPS=234.742,ETD=8.558}xx.{EPS=231.481,ETD=10.816}xx.{EPS=226.963,ETD=10.512}xx.{EPS=226.655,ETD=9.198}xx.{EPS=228.206,ETD=9.35}xx.{EPS=225.836,ETD=9.514}xx.{EPS=223.814,ETD=9.322}xx.{EPS=222.916,ETD=7.612}xx.{EPS=223.614,ETD=7.728}xx.{EPS=221.337,ETD=8.284}xx.{EPS=227.583,ETD=8.044}xx.{EPS=229.043,ETD=5.724}xx.{EPS=229.148,ETD=6.214}xx.{EPS=226.655,ETD=7.054}xx.{EPS=207.039,ETD=6.84}xx.{EPS=210.438,ETD=6.614}xx.{EPS=210.526,ETD=6.724}xx.{EPS=208.333,ETD=8.278}xx.{EPS=206.954,ETD=8.03}xx.{EPS=208.16,ETD=7.412}xx.{EPS=207.469,ETD=7.59}xx.{EPS=205.677,ETD=9.764}xx.{EPS=208.333,ETD=9.274}xx.{EPS=208.594,ETD=8.208}xx.{EPS=228.415,ETD=8.372}xx.{EPS=227.687,ETD=8.524}xx.{EPS=223.015,ETD=13.298}xx.{EPS=227.169,ETD=11.52}xx.{EPS=225.938,ETD=11.706}xx.{EPS=221.631,ETD=11.83}xx.{EPS=217.77,ETD=12}xx.{EPS=218.723,ETD=9.846}xx.{EPS=216.826,ETD=10.03}xx.{EPS=217.014,ETD=10.21}xx.{EPS=213.675,ETD=10.806}xx.{EPS=212.766,ETD=10.676}xx.{EPS=218.055,ETD=5.9}xx.{EPS=217.108,ETD=6.064}xx.{EPS=215.517,ETD=7.04}xx.{EPS=216.92,ETD=6.854}xx.{EPS=217.865,ETD=6.786}xx.{EPS=220.264,ETD=6.902}xx.{EPS=217.77,ETD=8.284}xx.{EPS=218.723,ETD=8.042}xx.{EPS=218.531,ETD=7.384}xx.{EPS=208.247,ETD=7.698}xx.{EPS=201.613,ETD=9.528}xx.{EPS=199.76,ETD=9.3}xx.{EPS=198.255,ETD=8.262}xx.{EPS=197.316,ETD=8.694}xx.{EPS=193.498,ETD=15.7}xx.{EPS=190.404,ETD=15.452}xx.{EPS=191.498,ETD=14.008}xx.{EPS=188.679,ETD=14.188}xx.{EPS=187.547,ETD=14.702}xx.{EPS=195.312,ETD=14.224}xx.{EPS=194.175,ETD=12.332}xx.{EPS=201.126,ETD=12.498}xx.{EPS=202.02,ETD=12.65}xx.{EPS=200.24,ETD=12.974}xx.{EPS=205.086,ETD=5.748}xx.{EPS=206.016,ETD=5.934}xx.{EPS=206.016,ETD=6.118}xx.{EPS=204.918,ETD=7.052}xx.{EPS=206.526,ETD=6.548}xx.{EPS=203.417,ETD=6.73}xx.{EPS=207.469,ETD=6.916}xx.{EPS=197.863,ETD=8.33}xx.{EPS=198.334,ETD=8.2}xx.{EPS=200.321,ETD=7.548}xx.{EPS=198.177,ETD=7.712}xx.{EPS=196.155,ETD=9.514}xx.{EPS=192.827,ETD=9.266}xx.{EPS=194.175,ETD=8.436}xx.{EPS=194.477,ETD=8.548}xx.{EPS=192.53,ETD=18.18}xx.{EPS=192.234,ETD=17.932}xx.{EPS=179.019,ETD=16.456}xx.{EPS=177.242,ETD=16.77}xx.{EPS=174.398,ETD=16.95}xx.{EPS=173.611,ETD=16.724}xx.{EPS=175.254,ETD=14.86}xx.{EPS=177.746,ETD=15.294}xx.{EPS=177.179,ETD=15.712}xx.{EPS=176.243,ETD=15.456}xx.{EPS=176.866,ETD=5.762}xx.{EPS=177.431,ETD=5.948}xx.{EPS=190.767,ETD=7.28}xx.{EPS=191.131,ETD=6.822}xx.{EPS=193.125,ETD=6.56}xx.{EPS=192.234,ETD=6.724}xx.{EPS=191.571,ETD=6.888}xx.{EPS=176.243,ETD=8.03}xx.{EPS=174.764,ETD=7.386}xx.{EPS=173.611,ETD=7.58}xx.{EPS=167.954,ETD=7.766}xx.{EPS=163.72,ETD=9.52}xx.{EPS=159.49,ETD=8.208}xx.{EPS=159.439,ETD=8.36}xx.{EPS=159.388,ETD=8.562}xx.{EPS=156.397,ETD=20.7}xx.{EPS=154.895,ETD=20.558}xx.{EPS=165.782,ETD=19.088}xx.{EPS=168.067,ETD=19.256}xx.{EPS=165.289,ETD=19.412}xx.{EPS=168.805,ETD=19.164}xx.{EPS=171.703,ETD=17.508}xx.{EPS=177.746,ETD=17.61}xx.{EPS=176.243,ETD=18.22}xx.{EPS=175.316,ETD=17.936}xx.{EPS=178.19,ETD=5.736}xx.{EPS=179.083,ETD=6.052}xx.{EPS=173.07,ETD=7.06}xx.{EPS=176.305,ETD=6.83}xx.{EPS=180.963,ETD=6.612}xx.{EPS=184.026,ETD=7.046}xx.{EPS=185.529,ETD=8.288}xx.{EPS=183.891,ETD=8.044}xx.{EPS=185.322,ETD=7.372}xx.{EPS=183.891,ETD=7.594}xx.{EPS=182.949,ETD=9.752}xx.{EPS=182.882,ETD=9.292}xx.{EPS=188.608,ETD=8.242}xx.{EPS=183.083,ETD=8.372}xx.{EPS=181.554,ETD=8.536}xx.{EPS=177.494,ETD=22.874}xx.{EPS=175.193,ETD=21.406}xx.{EPS=174.703,ETD=21.588}xx.{EPS=175.377,ETD=21.784}xx.{EPS=176.866,ETD=21.892}xx.{EPS=175.871,ETD=19.756}xx.{EPS=166.945,ETD=19.908}xx.{EPS=168.18,ETD=20.07}xx.{EPS=167.729,ETD=20.702}xx.{EPS=165.017,ETD=20.56}xx.{EPS=166.279,ETD=5.914}xx.{EPS=167.616,ETD=6.064}xx.{EPS=167.729,ETD=7.054}xx.{EPS=165.782,ETD=6.796}xx.{EPS=161.551,ETD=6.792}xx.{EPS=162.813,ETD=6.89}xx.{EPS=168.805,ETD=8.322}xx.{EPS=165.782,ETD=8.098}xx.{EPS=164.582,ETD=7.384}xx.{EPS=165.235,ETD=7.712}xx.{EPS=164.474,ETD=9.512}xx.{EPS=161.917,ETD=9.306}xx.{EPS=157.778,ETD=8.25}xx.{EPS=161.394,ETD=8.692}xx.{EPS=161.603,ETD=77.376}xx.{EPS=162.022,ETD=77.124}xx.{EPS=159.949,ETD=75.64}xx.{EPS=158.68,ETD=75.804}xx.{EPS=156.104,ETD=76.372}xx.{EPS=156.104,ETD=75.902}xx.{EPS=156.937,ETD=74}xx.{EPS=158.629,ETD=74.162}xx.{EPS=160.617,ETD=74.332}xx.{EPS=153.327,ETD=74.652}xx.{EPS=155.328,ETD=5.738}xx.{EPS=154.847,ETD=5.932}xx.{EPS=157.134,ETD=6.118}xx.{EPS=157.035,ETD=7.048}xx.{EPS=159.591,ETD=6.56}xx.{EPS=153.799,ETD=6.712}xx.{EPS=155.087,ETD=6.914}xx.{EPS=153.186,ETD=8.332}xx.{EPS=154.847,ETD=8.188}xx.{EPS=158.932,ETD=7.562}xx.{EPS=158.73,ETD=7.712}xx.{EPS=156.887,ETD=9.526}xx.{EPS=157.183,ETD=9.268}xx.{EPS=156.201,ETD=8.44}xx.{EPS=155.86,ETD=8.538}xx.{EPS=159.847,ETD=10.796}xx.{EPS=159.541,ETD=10.512}xx.{EPS=158.428,ETD=9.032}xx.{EPS=155.087,ETD=9.35}xx.{EPS=153.233,ETD=9.514}xx.{EPS=152.858,ETD=9.302}xx.{EPS=144.175,ETD=7.426}xx.{EPS=143.719,ETD=7.87}xx.{EPS=144.3,ETD=8.284}xx.{EPS=144.134,ETD=8.044}xx.{EPS=144.634,ETD=5.724}xx.{EPS=143.184,ETD=5.946}xx.{EPS=141.203,ETD=7.28}xx.{EPS=142.288,ETD=6.82}xx.{EPS=142.248,ETD=6.594}xx.{EPS=137.212,ETD=6.724}xx.{EPS=143.678,ETD=6.888}xx.{EPS=140.687,ETD=8.03}xx.{EPS=140.766,ETD=7.392}xx.{EPS=136.351,ETD=7.57}xx.{EPS=133.404,ETD=7.764}xx.{EPS=135.943,ETD=9.602}xx.{EPS=140.41,ETD=8.208}xx.{EPS=141.924,ETD=8.372}xx.{EPS=142.735,ETD=8.524}xx.{EPS=146.028,ETD=13.278}xx.{EPS=145.773,ETD=13.136}xx.{EPS=148.06,ETD=11.686}xx.{EPS=149.165,ETD=11.83}xx.{EPS=152.858,ETD=12}xx.{EPS=156.642,ETD=11.744}xx.{EPS=151.653,ETD=10.01}xx.{EPS=149.97,ETD=10.19}xx.{EPS=146.585,ETD=10.786}xx.{EPS=145.391,ETD=10.572}xx.{EPS=142.126,ETD=5.736}xx.{EPS=140.489,ETD=6.064}xx.{EPS=137.969,ETD=7.04}xx.{EPS=136.986,ETD=6.834}xx.{EPS=137.438,ETD=6.602}xx.{EPS=135.759,ETD=7.044}xx.{EPS=136.091,ETD=8.284}xx.{EPS=135.833,ETD=8.042}xx.{EPS=136.724,ETD=7.384}xx.{EPS=136.575,ETD=7.536}xx.{EPS=139.47,ETD=9.752}xx.{EPS=141.643,ETD=9.28}xx.{EPS=143.431,ETD=8.242}xx.{EPS=144.092,ETD=8.426}xx.{EPS=145.56,ETD=8.536}xx.{EPS=138.966,ETD=15.452}xx.{EPS=140.647,ETD=13.988}xx.{EPS=141.924,ETD=14.168}xx.{EPS=141.483,ETD=14.35}xx.{EPS=139.392,ETD=14.55}xx.{EPS=139.978,ETD=12.332}xx.{EPS=140.331,ETD=12.498}xx.{EPS=140.252,ETD=12.65}xx.{EPS=138.083,ETD=13.226}xx.{EPS=136.203,ETD=13.136}xx.{EPS=144.175,ETD=5.914}xx.{EPS=142.126,ETD=6.098}xx.{EPS=139.548,ETD=7.052}xx.{EPS=139.899,ETD=6.808}xx.{EPS=136.874,ETD=6.71}xx.{EPS=139.548,ETD=6.896}xx.{EPS=138.812,ETD=8.31}xx.{EPS=138.773,ETD=8.096}xx.{EPS=139.86,ETD=7.624}xx.{EPS=140.489,ETD=7.712}xx.{EPS=138.083,ETD=9.514}xx.{EPS=136.874,ETD=9.266}xx.{EPS=137.969,ETD=8.256}xx.{EPS=136.799,ETD=8.68}xx.{EPS=139.548,ETD=18.18}xx.{EPS=137.287,ETD=17.932}xx.{EPS=137.665,ETD=16.456}xx.{EPS=137.514,ETD=16.608}xx.{EPS=127.91,ETD=16.93}xx.{EPS=125.913,ETD=16.704}xx.{EPS=126.422,ETD=14.84}xx.{EPS=127.486,ETD=15.026}xx.{EPS=126.807,ETD=15.13}xx.{EPS=125.755,ETD=15.456}xx.{EPS=127.845,ETD=5.742}xx.{EPS=127.194,ETD=5.928}xx.{EPS=126.454,ETD=6.106}xx.{EPS=122.88,ETD=7.128}xx.{EPS=129.668,ETD=6.56}xx.{EPS=130.005,ETD=6.724}xx.{EPS=130.822,ETD=6.888}xx.{EPS=127.065,ETD=8.276}xx.{EPS=125.439,ETD=8.188}xx.{EPS=127.356,ETD=7.56}xx.{EPS=125.66,ETD=7.746}xx.{EPS=124.875,ETD=9.52}xx.{EPS=123.274,ETD=9.278}xx.{EPS=123.122,ETD=8.36}xx.{EPS=123.001,ETD=8.542}xx.{EPS=121.595,ETD=20.68}xx.{EPS=118.568,ETD=20.454}xx.{EPS=120.163,ETD=19.17}xx.{EPS=120.89,ETD=19.256}xx.{EPS=119.218,ETD=19.412}xx.{EPS=119.56,ETD=19.164}xx.{EPS=120.279,ETD=17.328}xx.{EPS=120.685,ETD=17.754}xx.{EPS=122.549,ETD=18.2}xx.{EPS=124.131,ETD=17.936}xx.{EPS=125.881,ETD=5.736}xx.{EPS=128.8,ETD=5.9}xx.{EPS=128.7,ETD=7.04}xx.{EPS=128.535,ETD=6.81}xx.{EPS=129.534,ETD=6.592}xx.{EPS=130.378,ETD=6.778}xx.{EPS=129.634,ETD=8.53}xx.{EPS=128.999,ETD=8.044}xx.{EPS=126.263,ETD=7.372}xx.{EPS=125.565,ETD=7.574}xx.{EPS=125.976,ETD=7.76}xx.{EPS=125.031,ETD=9.588}xx.{EPS=126.103,ETD=8.222}xx.{EPS=126.358,ETD=8.372}xx.{EPS=127.162,ETD=8.536}xx.{EPS=124.626,ETD=23.12}xx.{EPS=124.008,ETD=21.384}xx.{EPS=125.786,ETD=21.568}xx.{EPS=129.4,ETD=21.764}xx.{EPS=128.139,ETD=21.892}xx.{EPS=128.008,ETD=21.644}xx.{EPS=122.85,ETD=19.908}xx.{EPS=121.3,ETD=20.07}xx.{EPS=120.453,ETD=20.682}xx.{EPS=119.531,ETD=20.456}xx.{EPS=120.773,ETD=5.976}xx.{EPS=122.16,ETD=6.064}xx.{EPS=120.337,ETD=7.054}xx.{EPS=120.192,ETD=6.796}xx.{EPS=121.418,ETD=6.606}xx.{EPS=120.656,ETD=7.034}xx.{EPS=124.471,ETD=8.302}xx.{EPS=126.295,ETD=8.078}xx.{EPS=126.711,ETD=7.384}xx.{EPS=121.536,ETD=7.548}xx.{EPS=120.831,ETD=9.512}xx.{EPS=118.963,ETD=9.286}xx.{EPS=119.104,ETD=8.23}xx.{EPS=118.793,ETD=8.424}xx.{EPS=116.252,ETD=92.47}xx.{EPS=114.837,ETD=91.97}xx.{EPS=115.66,ETD=90.486}xx.{EPS=114.443,ETD=90.65}xx.{EPS=114.705,ETD=90.868}xx.{EPS=118.064,ETD=91.056}xx.{EPS=118.85,ETD=88.846}xx.{EPS=115.393,ETD=89.008}xx.{EPS=116.523,ETD=89.178}xx.{EPS=115.687,ETD=89.744}xx.{EPS=117.454,ETD=5.716}xx.{EPS=118.821,ETD=5.912}xx.{EPS=118.568,ETD=6.098}xx.{EPS=117.481,ETD=7.048}xx.{EPS=116.036,ETD=6.806}xx.{EPS=116.577,ETD=6.712}xx.{EPS=116.225,ETD=6.894}xx.{EPS=118.511,ETD=8.312}xx.{EPS=117.536,ETD=8.084}xx.{EPS=114.548,ETD=7.624}xx.{EPS=113.507,ETD=7.712}xx.{EPS=109.457,ETD=9.526}xx.{EPS=109.17,ETD=9.268}xx.{EPS=110.205,ETD=8.254}xx.{EPS=108.131,ETD=8.682}xx.{EPS=105.82,ETD=10.776}xx.{EPS=106.022,ETD=10.512}xx.{EPS=106.769,ETD=9.032}xx.{EPS=107.021,ETD=9.198}xx.{EPS=108.436,ETD=9.514}xx.{EPS=105.02,ETD=9.282}xx.{EPS=109.242,ETD=7.406}xx.{EPS=109.625,ETD=7.602}xx.{EPS=108.861,ETD=8.532}xx.{EPS=110.4,ETD=8.044}xx.{EPS=112.613,ETD=5.724}xx.{EPS=111.657,ETD=5.926}xx.{EPS=111.037,ETD=6.112}xx.{EPS=108.98,ETD=7.116}xx.{EPS=111.086,ETD=6.574}xx.{EPS=115.34,ETD=6.724}xx.{EPS=114.077,ETD=6.888}xx.{EPS=109.146,ETD=8.278}xx.{EPS=107.735,ETD=7.37}xx.{EPS=108.601,ETD=7.55}xx.{EPS=108.295,ETD=7.744}xx.{EPS=107.527,ETD=9.58}xx.{EPS=109.027,ETD=9.274}xx.{EPS=110.011,ETD=8.372}xx.{EPS=109.218,ETD=8.524}xx.{EPS=107.388,ETD=13.258}xx.{EPS=106.519,ETD=13.032}xx.{EPS=110.767,ETD=11.746}xx.{EPS=110.522,ETD=11.83}xx.{EPS=109.146,ETD=12}x