Parsing and Instantiating...
Warning: rounding numeric constants such as 7.16754 to an accuracy of 0.001
Done
One way facts...
Mutex groups...
Semaphore Facts...
Envelope Facts...
One-shot actions...
(bs-dispense c-bs input wp1 base_black) is 1 shot
(bs-dispense c-bs output wp1 base_black) is 1 shot
(bs-dispense c-bs input wp1 base_red) is 1 shot
(bs-dispense c-bs output wp1 base_red) is 1 shot
(bs-dispense c-bs input wp1 base_silver) is 1 shot
(bs-dispense c-bs output wp1 base_silver) is 1 shot
(bs-dispense c-bs input wp1 base_black) is 1 shot
(bs-dispense c-bs output wp1 base_black) is 1 shot
(bs-dispense c-bs input wp1 base_red) is 1 shot
(bs-dispense c-bs output wp1 base_red) is 1 shot
(bs-dispense c-bs input wp1 base_silver) is 1 shot
(bs-dispense c-bs output wp1 base_silver) is 1 shot
(prepare-ds r-1 c-ds gate-1) is 1 shot
(prepare-ds r-2 c-ds gate-1) is 1 shot
(prepare-ds r-1 c-ds gate-2) is 1 shot
(prepare-ds r-2 c-ds gate-2) is 1 shot
(prepare-ds r-1 c-ds gate-3) is 1 shot
(prepare-ds r-2 c-ds gate-3) is 1 shot
(wp-get-shelf r-1 cg1 c-cs1 left) is 1 shot
(wp-get-shelf r-2 cg1 c-cs1 left) is 1 shot
(wp-get-shelf r-1 cg2 c-cs1 middle) is 1 shot
(wp-get-shelf r-2 cg2 c-cs1 middle) is 1 shot
(wp-get-shelf r-1 cg3 c-cs1 right) is 1 shot
(wp-get-shelf r-2 cg3 c-cs1 right) is 1 shot
(wp-get-shelf r-1 cb1 c-cs2 left) is 1 shot
(wp-get-shelf r-2 cb1 c-cs2 left) is 1 shot
(wp-get-shelf r-1 cb2 c-cs2 middle) is 1 shot
(wp-get-shelf r-2 cb2 c-cs2 middle) is 1 shot
(wp-get-shelf r-1 cb3 c-cs2 right) is 1 shot
(wp-get-shelf r-2 cb3 c-cs2 right) is 1 shot
Integral variables...
Variable bounds...
Static numeric conditions...
Duration bounds...
TIL time window analysis...
Bounding action timestamps due to time windows...
(order-delivery-window-open o1) forms a window with range [0.000,150.000]
Bounds on (fulfill-order-c0-within-tw o1 wp1 c-ds gate-3 base_silver cap_black) (duration [0.010,0.010]):
	0: [0.000,149.990]
	1: [0.000,149.990]
	2: [0.010,150.000]
(can-commit-for-ontime-delivery o1) forms a window with range [0.000,15.000]
Bounds on (commit-to-ontime-delivery o1) (duration [0.010,0.010]):
	0: [0.000,14.999]
	1: [0.000,14.999]
	2: [0.010,15.009]
Bounds on (do-not-commit-to-ontime-delivery o1) (duration [0.010,0.010]):
	0: [0.000,14.999]
	1: [0.000,14.999]
	2: [0.010,15.009]
Dominance constraints (excluding processes and events)...
Damaging events...
Dominance constraints (including processes and events)...
Variable monotonicity...
Max/min needed values for any single precondition...
Irrelevant action pruning by backward reachability from goal...
Uninterestingness criteria...
Compression-safe actions...
Compression-safe invariants...
62% of durative actions in this problem are compression safe
Goal Goal [1]
    (order-fulfilled o1)

Finishing preprocessing.  Making a TRPG heuristic...
Making an open list...
Running WA* search (g weight = 1, h weight = 5)
{(order-delivery-window-open o1),(can-commit-for-ontime-delivery o1),(location-free start input),(location-free c-bs input),(location-free c-bs output),(location-free c-cs1 input),(location-free c-cs1 output),(location-free c-cs2 input),(location-free c-cs2 output),(location-free c-ds input),(location-free c-ds output),(cs-can-perform c-cs1 cs_retrieve),(cs-can-perform c-cs2 cs_retrieve),(wp-base-color wp1 base_none),(wp-cap-color wp1 cap_none),(wp-ring1-color wp1 ring_none),(wp-ring2-color wp1 ring_none),(wp-ring3-color wp1 ring_none),(wp-unused wp1),(robot-waiting r-1),(robot-waiting r-2),(mps-state c-bs idle),(mps-state c-cs1 idle),(mps-state c-cs2 idle),(mps-state c-ds idle),(wp-cap-color cg1 cap_grey),(wp-cap-color cg2 cap_grey),(wp-cap-color cg3 cap_grey),(wp-on-shelf cg1 c-cs1 left),(wp-on-shelf cg2 c-cs1 middle),(wp-on-shelf cg3 c-cs1 right),(wp-cap-color cb1 cap_black),(wp-cap-color cb2 cap_black),(wp-cap-color cb3 cap_black),(wp-on-shelf cb1 c-cs2 left),(wp-on-shelf cb2 c-cs2 middle),(wp-on-shelf cb3 c-cs2 right)}
[]
Initial heuristic = 26
Initial stats: t=0.02s, 7568kb
b (23 @ n=7, t=0.02s, 7568kb)b (22 @ n=49, t=0.03s, 7716kb)Warning: self overlapping Action 320:1 at 1
xb (21 @ n=193, t=0.04s, 7952kb)d.{EPS=1219.51,ETD=20.6531}xxxb (20 @ n=389, t=0.08s, 8252kb)b (19 @ n=426, t=0.08s, 8352kb)d.{EPS=1234.57,ETD=38.2525}b (18 @ n=527, t=0.1s, 8636kb)b (16 @ n=623, t=0.12s, 9036kb)dd.{EPS=806.452,ETD=26.1544}dd.{EPS=781.25,ETD=20.5829}db (14 @ n=1410, t=0.31s, 14592kb)dd.{EPS=753.012,ETD=18.4859}d.{EPS=765.306,ETD=16.9064}d.{EPS=777.778,ETD=17.1175}dxd.{EPS=770.713,ETD=16.4511}d.{EPS=783.972,ETD=15.9666}xdx.{EPS=805.153,ETD=25.4329}xdxxxxd.{EPS=776.398,ETD=49.692}xxdxx.{EPS=751.88,ETD=73.532}xdx.{EPS=825.083,ETD=103.588}xxdx.{EPS=857.633,ETD=135}xdx.{EPS=899.281,ETD=162.068}d.{EPS=927.644,ETD=163.628}dd.{EPS=946.97,ETD=164.46}d.{EPS=986.193,ETD=164.92}d.{EPS=1002,ETD=166.664}dd.{EPS=1002,ETD=158.754}d.{EPS=1028.81,ETD=135.786}d.{EPS=1123.6,ETD=162.632}.{EPS=1196.17,ETD=135.646}.{EPS=1278.77,ETD=106.276}b (13 @ n=4167, t=1.28s, 36168kb)dd.{EPS=1162.79,ETD=81.034}dd.{EPS=990.099,ETD=79.144}dd.{EPS=856.164,ETD=77.33}ddd.{EPS=753.012,ETD=76.26}b (12 @ n=5355, t=1.71s, 46452kb)dddd.{EPS=655.308,ETD=73.588}db (11 @ n=5849, t=1.92s, 52416kb)b (10 @ n=5854, t=1.92s, 52416kb)b (9 @ n=5859, t=1.93s, 52548kb)xb (7 @ n=5882, t=1.94s, 52948kb)d.{EPS=602.41,ETD=70.876}xxd.{EPS=590.319,ETD=68.214}xd.{EPS=558.659,ETD=12.686}xdx.{EPS=524.109,ETD=10.366}dd.{EPS=469.043,ETD=8.53}ddd.{EPS=429.553,ETD=5.818}dddd.{EPS=400,ETD=5.48}dxdd.{EPS=370.096,ETD=4.86}ddd.{EPS=339.213,ETD=4.684}ddd.{EPS=324.254,ETD=6.398}ddd.{EPS=304.136,ETD=6.084}ddd.{EPS=274.273,ETD=5.556}dddd.{EPS=248.139,ETD=5.036}ddd.{EPS=227.687,ETD=4.87}ddd.{EPS=215.332,ETD=5.194}ddd.{EPS=206.101,ETD=5.182}ddd.{EPS=196.002,ETD=5.106}ddd.{EPS=186.706,ETD=5.014}ddd.{EPS=182.349,ETD=5.882}ddd.{EPS=171.468,ETD=4.028}ddd.{EPS=159.185,ETD=4.136}ddd.{EPS=149.566,ETD=4.94}xddd.{EPS=140.726,ETD=5.576}ddd.{EPS=136.724,ETD=23.236}dd.{EPS=133.654,ETD=33.508}dxdd.{EPS=129.634,ETD=33.644}ddd.{EPS=126.518,ETD=34.022}ddd.{EPS=123.487,ETD=34.31}ddd.{EPS=122.519,ETD=39.676}dd.{EPS=124.969,ETD=59.96}ddd.{EPS=128.733,ETD=65.856}ddd.{EPS=131.822,ETD=67.474}ddd.{EPS=134.626,ETD=66.834}ddxd.{EPS=132.661,ETD=48.774}ddd.{EPS=131.234,ETD=38.506}ddd.{EPS=131.614,ETD=38.86}ddd.{EPS=131.234,ETD=38.932}ddd.{EPS=131.614,ETD=42.16}ddd.{EPS=129.735,ETD=42.642}dd.{EPS=128.436,ETD=36.134}dd.{EPS=128.667,ETD=39.016}dxd.{EPS=132.275,ETD=57.416}xxdxx.{EPS=138.85,ETD=60.126}~~~~~~~~~~~~~~~~~~~~~~~~~~~~~~~~~~~~~~~~~~~~~~~~~~~~~~~~~~~~~~~~~~~~~~~~~~~~~~~~~~~~~~~~~~~~~~~~~~~~~~~~~~~~~~~~~~~~~~~~~~~~~~~~~~~~~~~~~~~~~~~~~~~~~~~~~~~~~~~~~~~~~~~~~~~~~~~~~~~~~~~~~~~~~~~~~~~~~~~~~~~~~~~~~~~~~~~~~~~~~~~~~~~~~~~~~~~~~~~~~~~~~~~~~~~~~~~~~~~~~~~~~~~~~~~~~~~~~~~~~~~~~~~~~~~~~~~~~~~~~~~~~~~~~~~~~~~~~~~~~~~~~~~~~~~~~~~~~~~~~~~~~~~~~~~~~~~~~~~~~~~~~~~~~~~~~~~~~~~~~~~~~~~~~~~~~~~~~~~~~~~~~~~~~~~~~~~~~~~~~~~~~~~~~~~~~~~~~~~~~~~~~~~~~~~~~~~~~~~~~~~~~~~~~~~~~~~~~~~~~~~~~~~~~~~~~~~~~~~~~~~~~~~~~~~~~~~~~~~~~~~~~~~~~~~~~~~~~~~~~~~~~~~~~~~~~~~~~~~~~~~~~~~~~~~~~~~~~~~~~~~~~~~~~~~~~~~~~~~~~~~~~~~~~~~~~~~~~~~~~~~~~~~~~~~~~~~~~~~~~~~~~~~~~~~~~~~~~~~~~~~~~~~~~~~~~~~~~~~~~~~~~~~~~~~~~~~~~~~~~~~~~~~~~~~~~~~~~~~~~~~~~~~~~~~~~~~~~~~~~~~~~~~~~~~~~~~~~~~~~~~~~~~~~~~~~~~~~~~~~~~~~~~~~~~~~~~~~~~~~~~~~~~~~~~~~~~~~~~~~~~~~~~~~~~~~~~~~~~~~~~~~~~~~~~~~~~~~~~~~~~~~~~~~~~~~~~~~~~~~~~~~~~~~~~~~~~~~~~~~~~~~~~~~~~~~~~~~~~~~~~~~~~~~~~~~~~~~~~~~~~~~~~~~~~~~~~~~~~~~~~~~~~~~~~~~~~~~~~~~~~~~~~~~~~~~~~~~~~~~~~~~~~~~~~~~~~~~~~~~~~~~~~~~~~~~~~~~~~~~~~~~~~~~~~~~~~~~~~~~~~~~~~~~~~~~~~~~~~~~~~~~~~~~~~~~~~~~~~~~~~~~~~~~~~~~~~~~~~~~~~~~~~~~~~~~~~~~~~~~~~~~~~~~~~~~~~~~~~~~~~~~~~~~~~~~~~~~~~~~~~~~~~~~~~~~~~~~~~~~~~~~~~~~~~~~~~~~~~~~~~~~~~~~~~~~~~~~~~~~~~~~~~~~~~~~~~~~~~~~~~~~~~~~~~~~~~~~~~~~~~~~~~~~~~~~~~~~~~~~~~~~~~~~~~~~~~~~~~~~~~~~~~~~~~~~~~~~~~~~~~~~~~~~~~~~~~~~~~~~~~~~~~~~~~~~~~~~~~~~~~~~~~~~~~~~~~~~~~~~~~~~~~~~~~~~~~~~~~~~~~~~~~~~~~~~~~~~~~~~~~~~~~~~~~~~~~~~~~~~~~~~~~~~~~~~~~~~~~~~~~~~~~~~~~~~~~~~~~~~~~~~~~~~~~~~~~~~~~~~~~~~~~~~~~~~~~~~~~~~~~~~~~~~~~~~~~~~~~~~~~~~~~~~~~~~~~~~~~~~~~~~~~~~~~~~~~~~~~~~~~~~~~~~~~~~~~~~~~~~~~~~~~~~~~~~~~~~~~~~~~~~~~~~~~~~~~~~~~~~~~~~~~~~~~~~~~~~~~~~~~~~~~~~~~~~~~~~~~~~~~~~~~~~~~~~~~~~~~~~~~~~~~~~~~~~~~~~~~~~~~~~~~~~~~~~~~~~~~~~~~~~~~~~~~~~~~~~~~~~~~~~~~~~~~~~~~~~~~~~~~~~~~~~~~~~~~~~~~~~~~~~~~~~~~~~~~~~~~~~~~~~~~~~~~~~~~~~~~~~~~~~~~~~~~~~~~~~~~~~~~~~~~~~~~~~~~~~~~~~~~~~~~~~~~~~~~~~~~~~~~~~~~~~~~~~~~~~~~~~~~~~~~~~~~~~~~~~~~~~~~~~~~~~~~~~~~~~~~~~~~~~~~~~~~~~~~~~~~~~~~~~~~~~~~~~~~~~~~~~~~~~~~~~~~~~~~~~~~~~~~~~~~~~~~~~~~~~~~~~~~~~~~~~~~~~~~~~~~~~~~~~~~~~~~~~~~~~~~~~~~~~~~~~~~~~~~~~~~~~~~~~~~~~~~~~~~~~~~~~~~~~~~~~~~~~~~~~~~~~~~~~~~~~~~~~~~~~~~~~~~~~~~~~~~~~~~~~~~~~~~~~~~~~~~~~~~~~~~~~~~~~~~~~~~~~~~~~~~~~~~~~~~~~~~~~~~~~~~~~~~~~~~~~~~~~~~~~~~~~~~~~~~~~~~~~~~~~~~~~~~~~~~~~~~~~~~~~~~~~~~~~~~~~~~~~~~~~~~~~~~~~~~~~~~~~~~~~~~~~~~~~~~~~~~~~~~~~~~~~~~~~~~~~~~~~~~~~~~~~~~~~~~~~~~~~~~~~~~~~~~~~~~~~~~~~~~~~~~~~~~~~~~~~~~~~~~~~~~~~~~~~~~~~~~~~~~~~~~~~~~~~~~~~~~~~~~~~~~~~~~~~~~~~~~~~~~~~~~~~~~~~~~~~~~~~~~~~~~~~~~~~~~~~~~~~~~~~~~~~~~~~~~~~~~~~~~~~~~~~~~~~~~~~~~~~~~~~~~~~~~~~~~~~~~~~~~~~~~~~~~~~~~~~~~~~~~~~~~~~~~~~~~~~~~~~~~~~~~~~~~~~~~~~~~~~~~~~~~~~~~~~~~~~~~~~~~~~~~~~~~~~~~~~~~~~~~~~~~~~~~~~~~~~~~~~~~~~~~~~~~~~~~~~~~~~~~~~~~~~~~~~~~~~~~~~~~~~~~~~~~~~~~~~~~~~~~~~~~~~~~~~~~~~~~~~~~~~~~~~~~~~~~~~~~~~~~~~~~~~~~~~~~~~~~~~~~~~~~~~~~~~~~~~~~~~~~~~~~~~~~~~~~~~~~~~~~~~~~~~~~~~~~~~~~~~~~~~~~~~~~~~~~~~~~~~~~~~~~~~~~~~~~~~~~~~~~~~~~~~~~~~~~~~~~~~~~~~~~~~~~~~~~~~~~~~~~~~~~~~~~~~~~~~~~~~~~~~~~~~~~~~~~~~~~~~~~~~~~~~~~~~~~~~~~~~~~~~~~~~~~~~~~~~~~~~~~~~~~~~~~~~~~~~~~~~~~~~~~~~~~~~~~~~~~~~~~~~~~~~~~~~~~~~~~~~~~~~~~~~~~~~~~~~~~~~~~~~~~~~~~~~~~~~~~~~~~~~~~~~~~~~~~~~~~~~~~~~~~~~~~~~~~~~~~~~~~~~~~~~~~~~~~~~~~~~~~~~~~~~~~~~~~~~~~~~~~~~~~~~~~~~~~~~~~~~~~~~~~~~~~~~~~~~~~~~~~~~~~~~~~~~~~~~~~~~~~~~~~~~~~~~~~~~~~~~~~~~~~~~~~~~~~~~~~~~~~~~~~~~~~~~~~~~~~~~~~~~~~~~~~~~~~~~~~~~~~~~~~~~~~~~~~~~~~~~~~~~~~~~~~~~~~~~~~~~~~~~~~~~~~~~~~~~~~~~~~~~~~~~~~~~~~~~~~~~~~~~~~~~~~~~~~~~~~~~~~~~~~~~~~~~~~~~~~~~~~~~~~~~~~~~~~~~~~~~~~~~~~~~~~~~~~~~~~~~~~~~~~~~~~~~~~~~~~~~~~~~~~~~~~~~~~~~~~~~~~~~~~~~~~~~~~~~~~~~~~~~~~~~~~~~~~~~~~~~~~~~~~~~~~~~~~~~~~~~~~~~~~~~~~~~~~~~~~~~~~~~~~~~~~~~~~~~~~~~~~~~~~~~~~~~~~~~~~~~~~~~~~~~~~~~~~~~~~~~~~~~~~~~~~~~~~~~~~~~~~~~~~~~~~~~~~~~~~~~~~~~~~~~~~~~~~~~~~~~~~~~~~~~~~~~~~~~~~~~~~~~~~~~~~~~~~~~~~~~~~~~~~~~~~~~~~~~~~~~~~~~~~~~~~~~~~~~~~~~~~~~~~~~~~~~~~~~~~~~~~~~~~~~~~~~~~~~~~~~~~~~~~~~~~~~~~~~~~~~~~~~~~~~~~~~~~~~~~~~~~~~~~~~~~~~~~~~~~~~~~~~~~~~~~~~~~~~~~~~~~~~~~~~~~~~~~~~~~~~~~~~~~~~~~~~~~~~~~~~~~~~~~~~~~~~~~~~~~~~~~~~~~~~~~~~~~~~~~~~~~~~~~~~~~~~~~~~~~~~~~~~~~~~~~~~~~~~~~~~~~~~~~~~~~~~~~~~~~~~~~~~~~~~~~~~~~~~~~~~~~~~~~~~~~~~~~~~~~~~~~~~~~~~~~~~~~~~~~~~~~~~~~~~~~~~~~~~~~~~~~~~~~~~~~~~~~~~~~~~~~~~~~~~~~~~~~~~~~~~~~~~~~~~~~~~~~~~~~~~~~~~~~~~~~~~~~~~~~~~~~~~~~~~~~~~~~~~~~~~~~~~~~~~~~~~~~~~~~~~~~~~~~~~~~~~~~~~~~~~~~~~~~~~~~~~~~~~~~~~~~~~~~~~~~~~~~~~~~~~~~~~~~~~~~~~~~~~~~~~~~~~~~~~~~~~~~~~~~~~~~~~~~~~~~~~~~~~~~~~~~~~~~~~~~~~~~~~~~~~~~~~~~~~~~~~~~~~~~~~~~~~~~~~~~~~~~~~~~~~~~~~~~~~~~~~~~~~~~~~~~~~~~~~~~~~~~~~~~~~~~~~~~~~~~~~~~~~~~~~~~~~~~~~~~~~~~~~~~~~~~~~~~~~~~~~~~~~~~~~~~~~~~~~~~~~~~~~~~~~~~~~~~~~~~~~~~~~~~~~~~~~~~~~~~~~~~~~~~~~~~~~~~~~~~~~~~~~~~~~~~~~~~~~~~~~~~~~~~~~~~~~~~~~~~~~~~~~~~~~~~~~~~~~~~~~~~~~~~~~~~~~~~~~~~~~~~~~~~~~~~~~~~~~~~~~~~~~~~~~~~~~~~~~~~~~~~~~~~~~~~~~~~~~~~~~~~~~~~~~~~~~~~~~~~~~~~~~~~~~~~~~~~~~~~~~~~~~~~~~~~~~~~~~~~~~~~~~~~~~~~~~~~~~~~~~~~~~~~~~~~~~~~~~~~~~~~~~~~~~~~~~~~~~~~~~~~~~~~~~~~~~~~~~~~~~~~~~~~~~~~~~~~~~~~~~~~~~~~~~~~~~~~~~~~~~~~~~~~~~~~~~~~~~~~~~~~~~~~~~~~~~~~~~~~~~~~~~~~~~~~~~~~~~~~~~~~~~~~~~~~~~~~~~~~~~~~~~~~~~~~~~~~~~~~~~~~~~~~~~~~~~~~~~~~~~~~~~~~~~~~~~~~~~~~~~~~~~~~~~~~~~~~~~~~~~~~~~~~~~~~~~~~~~~~~~~~~~~~~~~~~~~~~~~~~~~~~~~~~~~~~~~~~~~~~~~~~~~~~~~~~~~~~~~~~~~~~~~~~~~~~~~~~~~~~~~~~~~~~~~~~~~~~~~~~~~~~~~~~~~~~~~~~~~~~~~~~~~~~~~~~~~~~~~~~~~~~~~~~~~~~~~~~~~~~~~~~~~~~~~~~~~~~~~~~~~~~~~~~~~~~~~~~~~~~~~~~~~~~~~~~~~~~~~~~~~~~~~~~~~~~~~~~~~~~~~~~~~~~~~~~~dddd.{EPS=154.178,ETD=388.648}ddxdd.{EPS=171.88,ETD=746.374}ddddd.{EPS=194.401,ETD=1107.92}ddddd.{EPS=226.757,ETD=1473.32}ddd.{EPS=273.823,ETD=1837.41}ddd.{EPS=341.297,ETD=2199.27}dddd.{EPS=422.297,ETD=2506.1}ddddd.{EPS=525.21,ETD=2771.01}dddd.{EPS=641.849,ETD=3025.35}ddddd.{EPS=765.697,ETD=3299.1}ddddd.{EPS=734.214,ETD=3248.85}ddddd.{EPS=682.128,ETD=3169.45}dddd.{EPS=655.308,ETD=3077.82}dxdd.{EPS=633.714,ETD=2961.23}dd.{EPS=609.756,ETD=2828.93}ddd.{EPS=570.776,ETD=2678.32}
;;;; Problem Unsolvable
; Nodes Generated: 21017
; Nodes Expanded:  4407
; Nodes Evaluated: 21013
; Nodes Tunneled:  810
; Nodes memoised with open actions: 10648
; Nodes memoised without open actions: 16299
; Nodes pruned by memoisation: 5930
; Time 16.21
