Parsing and Instantiating...
Warning: rounding numeric constants such as 4.10249 to an accuracy of 0.001
Done
One way facts...
Mutex groups...
Semaphore Facts...
Envelope Facts...
One-shot actions...
(bs-dispense c-bs input wp1 base_black) is 1 shot
(bs-dispense c-bs output wp1 base_black) is 1 shot
(bs-dispense c-bs input wp1 base_red) is 1 shot
(bs-dispense c-bs output wp1 base_red) is 1 shot
(bs-dispense c-bs input wp1 base_silver) is 1 shot
(bs-dispense c-bs output wp1 base_silver) is 1 shot
(bs-dispense c-bs input wp1 base_black) is 1 shot
(bs-dispense c-bs output wp1 base_black) is 1 shot
(bs-dispense c-bs input wp1 base_red) is 1 shot
(bs-dispense c-bs output wp1 base_red) is 1 shot
(bs-dispense c-bs input wp1 base_silver) is 1 shot
(bs-dispense c-bs output wp1 base_silver) is 1 shot
(prepare-ds r-1 c-ds gate-1) is 1 shot
(prepare-ds r-2 c-ds gate-1) is 1 shot
(prepare-ds r-1 c-ds gate-2) is 1 shot
(prepare-ds r-2 c-ds gate-2) is 1 shot
(prepare-ds r-1 c-ds gate-3) is 1 shot
(prepare-ds r-2 c-ds gate-3) is 1 shot
(wp-get-shelf r-1 cg1 c-cs1 left) is 1 shot
(wp-get-shelf r-2 cg1 c-cs1 left) is 1 shot
(wp-get-shelf r-1 cg2 c-cs1 middle) is 1 shot
(wp-get-shelf r-2 cg2 c-cs1 middle) is 1 shot
(wp-get-shelf r-1 cg3 c-cs1 right) is 1 shot
(wp-get-shelf r-2 cg3 c-cs1 right) is 1 shot
(wp-get-shelf r-1 cb1 c-cs2 left) is 1 shot
(wp-get-shelf r-2 cb1 c-cs2 left) is 1 shot
(wp-get-shelf r-1 cb2 c-cs2 middle) is 1 shot
(wp-get-shelf r-2 cb2 c-cs2 middle) is 1 shot
(wp-get-shelf r-1 cb3 c-cs2 right) is 1 shot
(wp-get-shelf r-2 cb3 c-cs2 right) is 1 shot
Integral variables...
Variable bounds...
Static numeric conditions...
Duration bounds...
TIL time window analysis...
Bounding action timestamps due to time windows...
(order-delivery-window-open o1) forms a window with range [0.000,126.545]
Bounds on (fulfill-order-c0-within-tw o1 wp1 c-ds gate-2 base_red cap_black) (duration [0.010,0.010]):
	0: [0.000,126.535]
	1: [0.000,126.535]
	2: [0.010,126.545]
(can-commit-for-ontime-delivery o1) forms a window with range [0.000,7.040]
Bounds on (commit-to-ontime-delivery o1) (duration [0.010,0.010]):
	0: [0.000,7.039]
	1: [0.000,7.039]
	2: [0.010,7.049]
Bounds on (do-not-commit-to-ontime-delivery o1) (duration [0.010,0.010]):
	0: [0.000,7.039]
	1: [0.000,7.039]
	2: [0.010,7.049]
Dominance constraints (excluding processes and events)...
Damaging events...
Dominance constraints (including processes and events)...
Variable monotonicity...
Max/min needed values for any single precondition...
Irrelevant action pruning by backward reachability from goal...
Uninterestingness criteria...
Compression-safe actions...
Compression-safe invariants...
62% of durative actions in this problem are compression safe
Goal Goal [1]
    (order-fulfilled o1)

Finishing preprocessing.  Making a TRPG heuristic...
Making an open list...
Running WA* search (g weight = 1, h weight = 5)
{(order-delivery-window-open o1),(can-commit-for-ontime-delivery o1),(location-free start input),(location-free c-bs input),(location-free c-bs output),(location-free c-cs1 input),(location-free c-cs1 output),(location-free c-cs2 input),(location-free c-cs2 output),(location-free c-ds input),(location-free c-ds output),(cs-can-perform c-cs1 cs_retrieve),(cs-can-perform c-cs2 cs_retrieve),(wp-base-color wp1 base_none),(wp-cap-color wp1 cap_none),(wp-ring1-color wp1 ring_none),(wp-ring2-color wp1 ring_none),(wp-ring3-color wp1 ring_none),(wp-unused wp1),(robot-waiting r-1),(robot-waiting r-2),(mps-state c-bs idle),(mps-state c-cs1 idle),(mps-state c-cs2 idle),(mps-state c-ds idle),(wp-cap-color cg1 cap_grey),(wp-cap-color cg2 cap_grey),(wp-cap-color cg3 cap_grey),(wp-on-shelf cg1 c-cs1 left),(wp-on-shelf cg2 c-cs1 middle),(wp-on-shelf cg3 c-cs1 right),(wp-cap-color cb1 cap_black),(wp-cap-color cb2 cap_black),(wp-cap-color cb3 cap_black),(wp-on-shelf cb1 c-cs2 left),(wp-on-shelf cb2 c-cs2 middle),(wp-on-shelf cb3 c-cs2 right)}
[]
Initial heuristic = 31
Initial stats: t=0.02s, 7568kb
b (30 @ n=2, t=0.02s, 7568kb)b (29 @ n=3, t=0.02s, 7568kb)b (28 @ n=4, t=0.02s, 7568kb)b (26 @ n=5, t=0.02s, 7568kb)b (25 @ n=14, t=0.02s, 7708kb)b (24 @ n=21, t=0.02s, 7708kb)b (23 @ n=27, t=0.02s, 7708kb)b (22 @ n=32, t=0.02s, 7708kb)b (18 @ n=57, t=0.03s, 7816kb)b (17 @ n=99, t=0.04s, 7908kb)b (15 @ n=106, t=0.04s, 7908kb)b (14 @ n=117, t=0.04s, 8040kb)b (13 @ n=129, t=0.04s, 8148kb)ddd.{EPS=806.452,ETD=4.67347}ddd.{EPS=900.901,ETD=14.4848}ddWarning: self overlapping Action 320:1 at 19
b (11 @ n=908, t=0.16s, 13224kb)dd.{EPS=943.396,ETD=17.2416}dddd.{EPS=1030.93,ETD=17.4874}dddd.{EPS=1072.96,ETD=16.1325}dddd.{EPS=1086.96,ETD=15.097}dxddxx.{EPS=1121.79,ETD=15.8711}db (9 @ n=2060, t=0.34s, 21760kb)b (8 @ n=2063, t=0.34s, 21760kb)b (7 @ n=2066, t=0.34s, 21760kb)dd.{EPS=1149.43,ETD=14.8947}dd.{EPS=1190.48,ETD=13.8396}dd.{EPS=1219.51,ETD=13.2064}ddd.{EPS=1291.99,ETD=14.076}ddd.{EPS=1336.9,ETD=12.91}dd.{EPS=1392.76,ETD=11.224}dd.{EPS=1396.65,ETD=10.174}ddd.{EPS=1392.76,ETD=10.21}ddd.{EPS=1416.43,ETD=11.088}dxd.{EPS=1428.57,ETD=9.68}dd.{EPS=1432.66,ETD=9.5}ddd.{EPS=1400.56,ETD=10.134}dddx.{EPS=1381.22,ETD=12.888}ddxdd.{EPS=1344.09,ETD=13.838}xddxx.{EPS=1340.48,ETD=15.242}xddxxdd.{EPS=1302.08,ETD=34.262}dd.{EPS=1285.35,ETD=35.326}ddd.{EPS=1302.08,ETD=37.196}ddd.{EPS=1298.7,ETD=37.016}ddd.{EPS=1288.66,ETD=37.796}ddd.{EPS=1302.08,ETD=42.13}dd.{EPS=1291.99,ETD=44.056}dx.{EPS=1340.48,ETD=41.116}d.{EPS=1440.92,ETD=40.742}d.{EPS=1479.29,ETD=39.08}d.{EPS=1582.28,ETD=20.686}xd.{EPS=1644.74,ETD=20.904}dd.{EPS=1706.48,ETD=18.866}.{EPS=1805.05,ETD=18.634}ddd.{EPS=1773.05,ETD=24.398}dx.{EPS=1811.59,ETD=20.43}d.{EPS=1945.53,ETD=18.78}dd.{EPS=1886.79,ETD=22.566}d.{EPS=1879.7,ETD=21.164}d.{EPS=1923.08,ETD=21.884}dx.{EPS=1872.66,ETD=21.916}d.{EPS=1901.14,ETD=21.134}d.{EPS=1858.74,ETD=22.1}d.{EPS=1845.02,ETD=21.708}xd.{EPS=1976.28,ETD=15.966}dd.{EPS=1851.85,ETD=22.062}d.{EPS=1838.24,ETD=21.728}d.{EPS=1886.79,ETD=18.816}dd.{EPS=1872.66,ETD=23.758}dx.{EPS=1811.59,ETD=22.476}d.{EPS=1858.74,ETD=22.324}d.{EPS=1805.05,ETD=22.874}d.{EPS=1858.74,ETD=21.956}d.{EPS=1818.18,ETD=23.116}xd.{EPS=1811.59,ETD=22.764}d.{EPS=1945.53,ETD=17.206}dd.{EPS=1805.05,ETD=23.078}d.{EPS=1798.56,ETD=22.58}dx.{EPS=1818.18,ETD=18.66}dd.{EPS=1838.24,ETD=20.684}dddddxd.{EPS=1557.63,ETD=172.624}dddxx.{EPS=1474.93,ETD=280.33}dddd.{EPS=1295.34,ETD=293.58}dddxd.{EPS=1184.83,ETD=318.19}ddxddxx.{EPS=1068.38,ETD=392.882}xxxddxd.{EPS=1008.06,ETD=429.286}dxxddxxdd.{EPS=984.252,ETD=495.85}xdxxxxd.{EPS=952.381,ETD=699.922}dxxxdx.{EPS=932.836,ETD=770.78}xxxdx.{EPS=927.644,ETD=916.172}xxxxdx.{EPS=1002,ETD=912.642}xxxxxddd.{EPS=986.193,ETD=898.466}ddxxddx.{EPS=992.063,ETD=892.364}dxxxxxxdxxx.{EPS=1052.63,ETD=883.39}xxddx.{EPS=1141.55,ETD=863.976}xdxx.{EPS=1196.17,ETD=1023.41}xdxx.{EPS=1269.04,ETD=1141.49}dxxd.{EPS=1285.35,ETD=1114.05}xdd.{EPS=1256.28,ETD=1042.08}dd.{EPS=1228.5,ETD=894.982}dxd.{EPS=1201.92,ETD=746.022}dddxd.{EPS=1204.82,ETD=652.054}dxd.{EPS=1288.66,ETD=652.342}dd.{EPS=1269.04,ETD=635.074}ddx.{EPS=1240.69,ETD=579.484}ddd.{EPS=1176.47,ETD=383.162}dxdd.{EPS=1152.07,ETD=200.774}xdd.{EPS=1126.13,ETD=23.584}dd.{EPS=1133.79,ETD=23.75}dxdd.{EPS=1126.13,ETD=23.694}ddxd.{EPS=1086.96,ETD=24.568}dxdxx.{EPS=1111.11,ETD=75.854}dxdxxdxxdxx.{EPS=1048.22,ETD=122.292}dxxxdx.{EPS=1063.83,ETD=191.64}xxxxxxxx.{EPS=1086.96,ETD=237.826}xxxddxdxxd.{EPS=1079.91,ETD=301.404}xxxdx.{EPS=1101.32,ETD=544.41}xdxdxx.{EPS=1121.08,ETD=831.662}xxxdxx.{EPS=1136.36,ETD=935.904}xxdxxx.{EPS=1160.09,ETD=1012.76}xxdx.{EPS=1222.49,ETD=1089.34}xxxdxx.{EPS=1256.28,ETD=1119.01}xxd.{EPS=1358.7,ETD=1108.93}xd.{EPS=1381.22,ETD=1039.81}dx.{EPS=1396.65,ETD=994.566}d.{EPS=1533.74,ETD=935.472}x.{EPS=1572.33,ETD=683.78}dx.{EPS=1677.85,ETD=398.268}x.{EPS=1805.05,ETD=296.948}x.{EPS=1818.18,ETD=221.23}.{EPS=1893.94,ETD=147.314}x.{EPS=1968.5,ETD=68.664}x.{EPS=2100.84,ETD=29.952}x.{EPS=2192.98,ETD=42.96}x.{EPS=2325.58,ETD=55.202}.{EPS=2272.73,ETD=52.122}x.{EPS=2252.25,ETD=54.508}x.{EPS=2283.11,ETD=63.474}.{EPS=2325.58,ETD=85.978}x.{EPS=2631.58,ETD=111.02}x.{EPS=2906.98,ETD=133.126}dx.{EPS=3144.65,ETD=159.168}d.{EPS=2923.98,ETD=153.59}xd.{EPS=2808.99,ETD=141.618}d.{EPS=2631.58,ETD=129.348}x.{EPS=2688.17,ETD=132.956}xd.{EPS=2777.78,ETD=131.526}x.{EPS=2808.99,ETD=124.18}x.{EPS=2525.25,ETD=100}x.{EPS=2325.58,ETD=76.708}x.{EPS=2127.66,ETD=55}x.{EPS=2040.82,ETD=28.868}.{EPS=2155.17,ETD=41.776}x.{EPS=2242.15,ETD=54.442}x.{EPS=2242.15,ETD=57.582}.{EPS=2242.15,ETD=54.512}x.{EPS=2262.44,ETD=60.902}x.{EPS=2304.15,ETD=82.586}.{EPS=2551.02,ETD=107.03}x.{EPS=2857.14,ETD=129.126}xd.{EPS=3067.48,ETD=156.568}xd.{EPS=2890.17,ETD=153.488}d.{EPS=2747.25,ETD=141.906}xd.{EPS=2617.8,ETD=136.444}x.{EPS=2659.57,ETD=132.104}xd.{EPS=2747.25,ETD=130.996}x.{EPS=2808.99,ETD=126.7}x.{EPS=2512.56,ETD=103.11}x.{EPS=2325.58,ETD=80.716}.{EPS=2100.84,ETD=59.12}x.{EPS=2024.29,ETD=32.286}x.{EPS=2127.66,ETD=45.426}x.{EPS=2232.14,ETD=57.792}.{EPS=2242.15,ETD=51.99}x.{EPS=2212.39,ETD=54.256}x.{EPS=2262.44,ETD=65.932}.{EPS=2314.81,ETD=87.446}x.{EPS=2604.17,ETD=111.556}x.{EPS=2941.18,ETD=131.898}xxxdxxdx.{EPS=2840.91,ETD=275.652}xxxx.{EPS=2777.78,ETD=549.232}xxxdxxdx.{EPS=2439.02,ETD=807.222}dx.{EPS=2358.49,ETD=853.33}.{EPS=2403.85,ETD=878.922}x.{EPS=2463.05,ETD=914.602}x.{EPS=2415.46,ETD=949.248}.{EPS=2415.46,ETD=1161.65}.{EPS=2242.15,ETD=1216.12}x.{EPS=2066.12,ETD=1224.07}x.{EPS=2164.5,ETD=1103.57}.{EPS=2232.14,ETD=845.566}x.{EPS=2617.8,ETD=713.018}d.{EPS=2659.57,ETD=725.774}x.{EPS=2688.17,ETD=714.728}.{EPS=2688.17,ETD=690.668}x.{EPS=2645.5,ETD=656.894}.{EPS=2617.8,ETD=494.602}dx.{EPS=2272.73,ETD=458.244}dxx.{EPS=2183.41,ETD=426.852}xx.{EPS=2136.75,ETD=400.304}dxx.{EPS=2100.84,ETD=380.936}xxx.{EPS=2016.13,ETD=244.85}xx.{EPS=2000,ETD=175.178}xx.{EPS=1953.12,ETD=159.81}x.{EPS=1984.13,ETD=146.376}xdx.{EPS=1879.7,ETD=133.968}xd.{EPS=1754.39,ETD=59.604}xxx.{EPS=1937.98,ETD=16.208}xx.{EPS=2000,ETD=16.696}xxdx.{EPS=2008.03,ETD=19.72}xx.{EPS=2016.13,ETD=21.994}xx.{EPS=1992.03,ETD=20.46}x.{EPS=2032.52,ETD=18.016}dx.{EPS=1953.12,ETD=19.244}xxd.{EPS=1851.85,ETD=19.088}xxx.{EPS=1930.5,ETD=17.74}xx.{EPS=1992.03,ETD=18.462}xxx.{EPS=1992.03,ETD=21.304}xdx.{EPS=1992.03,ETD=23.798}x.{EPS=2000,ETD=21.258}xx.{EPS=2032.52,ETD=18.696}dx.{EPS=1915.71,ETD=22.432}xx.{EPS=1824.82,ETD=22.26}dxx.{EPS=1908.4,ETD=19.48}xxx.{EPS=2000,ETD=20.056}xx.{EPS=1992.03,ETD=22.888}xx.{EPS=1976.28,ETD=25.562}xdx.{EPS=1992.03,ETD=22.9}x.{EPS=2024.29,ETD=20.05}xxd.{EPS=1893.94,ETD=25.588}x.{EPS=1798.56,ETD=25.37}xxxd.{EPS=1908.4,ETD=21.016}xx.{EPS=1992.03,ETD=21.948}xxx.{EPS=1976.28,ETD=24.654}xx.{EPS=1937.98,ETD=27.14}x.{EPS=1953.12,ETD=24.48}xx.{EPS=2000,ETD=21.142}dx.{EPS=1858.74,ETD=28.76}xdx.{EPS=1766.78,ETD=28.562}xxx.{EPS=1886.79,ETD=22.614}xx.{EPS=1960.78,ETD=23.842}xxdx.{EPS=1960.78,ETD=26.24}xx.{EPS=1915.71,ETD=28.404}x.{EPS=1945.53,ETD=25.656}xx.{EPS=2000,ETD=22.738}x.{EPS=1992.03,ETD=55.048}xx.{EPS=1976.28,ETD=73.378}xd.{EPS=2155.17,ETD=86.408}xx.{EPS=2283.11,ETD=102.608}x.{EPS=2304.15,ETD=122.364}xx.{EPS=2325.58,ETD=135.134}x.{EPS=2358.49,ETD=150.462}xx.{EPS=2427.18,ETD=160.408}xx.{EPS=2439.02,ETD=175.244}x.{EPS=2415.46,ETD=187.206}xx.{EPS=2450.98,ETD=167.594}x.{EPS=2450.98,ETD=158.898}xx.{EPS=2450.98,ETD=150.08}xx.{EPS=2439.02,ETD=141.566}dx.{EPS=2439.02,ETD=131.592}x~~~~~~~~~~~~~~~~~~~~~~~~~~~~~~~~~~~~~~~~~~~~~~~~~~~~~~~~~~~~~~~~~~~~~~~~~~~~~~~~~~~~~~~~~~~~~~~~~~~~~~~~~~~~~~~~~~~~~~~~~~~~~~~~~~~~~~~~~~~~~~~~~~~~~~~~~~~~~~~~~~~~~~~~~~~~~~~~~~~~~~~~~~~~~~~~~~~~~~~~~~~~~~~~~~~~~~d~~~~~~~~~~~~~~~~~~~~~~~~~~~~~~~~~~~~~~~~~~~~~~~~~~~~~~~~~~~~~~~~~~~~~~~~~~~~~~~~~~~~~~~~~~~~~~~~~~~~~~~~~~~~~~~~~~~~~~~~~~~~~~~~~~~~~~~~~~~~~~~~~~~~~~~~~~~~~~~~~~~~~~~~~~~~~~~~~~~~~~~~~~~~~~~~~~~~~~~~~~~~~~~~~~~~~~~~~~.{EPS=2242.15,ETD=258.5}~~~~~~~~~~~~~~~~~~~~~~~~~~~~~~~~~~~~~~~~~~~~~~~~~~~~~~~~~~~~~~~~~~~~~~~~~~~~~~~~~~~~~~~~~~~~~~~~~~~~~~~~~~~~~~~~~~~~~~~~~~~~~~~~~~~~~~~d~~~~~~~~~~~~~~~~~~~~~~~~~~~~~~~~~~~~~~~~~~~~~~~~~~~~~~~~~~~~~~~~~~~~~~~~~~~~~~~~~~~~~~~~~~~~~~~~~~~~~~~~~~~~~~~~~~~~~~~~~~~~~~~~~~~~~~~~~~~~~~~~~~~~~~~~~~~~~~~~~~~~~~~~~~~~~~~~~~~~~~~~~~~~~~~~~~~~~~~~~~~~~~~~~~~~~~~~~~~~~~~~~~~~~~~~~~~~~~~~~~~~~~~~~~~~~~~~~~~~~~~~~~~~~~~~~~~~~~~~~~~~~~~~~~~~~~~~~~~~~~~~~~~~~~~~~~~~~~~~~~~~~~~~~d~~~~~~~~~~~~~~~~~~~~~~~~~~~~~~~~~~~~~~~~~~~~~~~~~~~~~~~~~~~~~~~~~~~~~~~~~~~~~~~~~~~~~~~~~~~~~~~~~~~~~~~~~~~~~~d~~~~x~~~~~~~~~~~~~~~~~~~~~~d~~~~~~~~~~~~~~~~~~~~~~~~~~~~~~~~~~~~~~~~~~~~~~~~~~~~~~~~~~~~~~~~~~~~~~~~~~~~~~~~~~~~~~~~~~~~~~~~~~~~~~~~~d~~~~~~~~~~~~~~~~~~~~~d~~~~~~~~~~~~~~~~~~~~~~~~~~~~~~~~~~~~~~~~~~~~~~~~~~~~~~~~~~~~~~~~~~~~~~~~~~~~~~~~~~~~~~~~~d~~~~~~~~~~~~~~~~~~~~~~~~~~~~~~~~~~~~~~.{EPS=1773.05,ETD=1053.08}~~~~~~~~~~~~~~~~~~~~~~~~~~~~~~~~~~~~~~~~~~~~~~~~~~~~~~~~~~~~~~~~~~~~~~~~~~~~~~~~~~~~~~~~~~~~~~~~~~~~~~~~~~~~~~~~~~~~~~~~~~~d~~~~~~~~~~~~~~~~~~~~~~~~~~~~~~~~~~~~~~~~~~~~~~~~~~~~~~~~~~~~~~~~~~~~~~~~~~~~~~~~~~~~~~~~~~~~~~~~~~~~~~~~~~~~~~~~~~~~~~~~~~~~~~~~~~~~~~~~~~~~d~~~~~~~~~~~~~~~~~~~~~~~~~~~~~~~~~~~~~~~~~~~~~~~~~~~~~~~~~~~~~~~~~~~~~~~~~~~~~~~~~~~~~~~~~~~~~~~~~~~~~~~~~~~~~~~~~~~~~~~~~~~~~~~~~~~~~~~~~~~~~~~~~~~~~~~~~~~~~~~~~~~~~~~~~~~~~~~~~~~~~~~~~~~~~~~~~~~~~~~~~~~~~~~~~~~~~~~~~~~~~~~~~~~~~~~~~~~~~~~~~~~~~~~~~~~~~~~~~~~~~~~~~~~~~~~~~~~~~~~~~~~~~~~~~~~~~~~~~~~~~~~~~~~~~~~~~~~~~~~~~~~~~~d~~~~~~~~~~~~~~~~~~~~~~~~~~~~~~~~~~~~~~~~~~~~~~~~~~~~~~~~~~~~~~~~~~~~~~~~~~~~~~~~~~~~~~~~~~~~~~~~~~~~~~~~~~~~~~~~~~~~~~~d~~~~~~~~~~~~~~~~~~~~~~~~~~~~~~~~~~~~~~~~~~~~~~~~~~~~~~~~~~~~~~~~~~~~~~~~~~~~~~~~~~~~~~~~~~~~~~~~~~~~~~~~~~~~~~~~~~~~~~~~~~~~~~~~~~~~~~~~~~~~~~~~~~~~~~~~~~~~~~~~~~~~~~~~~~~~~~~~~~~~~~~~d~~.{EPS=1547.99,ETD=1903.05}d~~~~~~~~d~~~~~~d~~
;;;; Problem Unsolvable
; Nodes Generated: 28553
; Nodes Expanded:  12285
; Nodes Evaluated: 28544
; Nodes Tunneled:  318
; Nodes memoised with open actions: 34763
; Nodes memoised without open actions: 25572
; Nodes pruned by memoisation: 31782
; Time 7.22
