Parsing and Instantiating...
Warning: rounding numeric constants such as 6.93432 to an accuracy of 0.001
Done
One way facts...
Mutex groups...
Semaphore Facts...
Envelope Facts...
One-shot actions...
(bs-dispense c-bs input wp1 base_black) is 1 shot
(bs-dispense c-bs output wp1 base_black) is 1 shot
(bs-dispense c-bs input wp1 base_red) is 1 shot
(bs-dispense c-bs output wp1 base_red) is 1 shot
(bs-dispense c-bs input wp1 base_silver) is 1 shot
(bs-dispense c-bs output wp1 base_silver) is 1 shot
(bs-dispense c-bs input wp1 base_black) is 1 shot
(bs-dispense c-bs output wp1 base_black) is 1 shot
(bs-dispense c-bs input wp1 base_red) is 1 shot
(bs-dispense c-bs output wp1 base_red) is 1 shot
(bs-dispense c-bs input wp1 base_silver) is 1 shot
(bs-dispense c-bs output wp1 base_silver) is 1 shot
(prepare-ds r-1 c-ds gate-1) is 1 shot
(prepare-ds r-1 c-ds gate-2) is 1 shot
(prepare-ds r-1 c-ds gate-3) is 1 shot
(wp-get-shelf r-1 cg1 c-cs1 left) is 1 shot
(wp-get-shelf r-1 cg2 c-cs1 middle) is 1 shot
(wp-get-shelf r-1 cg3 c-cs1 right) is 1 shot
(wp-get-shelf r-1 cb1 c-cs2 left) is 1 shot
(wp-get-shelf r-1 cb2 c-cs2 middle) is 1 shot
(wp-get-shelf r-1 cb3 c-cs2 right) is 1 shot
Integral variables...
Variable bounds...
Static numeric conditions...
Duration bounds...
TIL time window analysis...
Bounding action timestamps due to time windows...
(order-delivery-window-open o1) forms a window with range [0.000,143.890]
Bounds on (fulfill-order-c0-within-tw o1 wp1 c-ds gate-3 base_red cap_black) (duration [0.010,0.010]):
	0: [0.000,143.880]
	1: [0.000,143.880]
	2: [0.010,143.890]
(can-commit-for-ontime-delivery o1) forms a window with range [0.000,6.990]
Bounds on (commit-to-ontime-delivery o1) (duration [0.010,0.010]):
	0: [0.000,6.989]
	1: [0.000,6.989]
	2: [0.010,6.999]
Bounds on (do-not-commit-to-ontime-delivery o1) (duration [0.010,0.010]):
	0: [0.000,6.989]
	1: [0.000,6.989]
	2: [0.010,6.999]
Dominance constraints (excluding processes and events)...
Damaging events...
Dominance constraints (including processes and events)...
Variable monotonicity...
Max/min needed values for any single precondition...
Irrelevant action pruning by backward reachability from goal...
Uninterestingness criteria...
Compression-safe actions...
Compression-safe invariants...
59% of durative actions in this problem are compression safe
Goal Goal [1]
    (order-fulfilled o1)

Finishing preprocessing.  Making a TRPG heuristic...
Making an open list...
Running WA* search (g weight = 1, h weight = 5)
{(order-delivery-window-open o1),(can-commit-for-ontime-delivery o1),(location-free start input),(location-free c-bs input),(location-free c-bs output),(location-free c-cs1 input),(location-free c-cs1 output),(location-free c-cs2 input),(location-free c-cs2 output),(location-free c-ds input),(location-free c-ds output),(cs-can-perform c-cs1 cs_retrieve),(cs-can-perform c-cs2 cs_retrieve),(wp-base-color wp1 base_none),(wp-cap-color wp1 cap_none),(wp-ring1-color wp1 ring_none),(wp-ring2-color wp1 ring_none),(wp-ring3-color wp1 ring_none),(wp-unused wp1),(robot-waiting r-1),(mps-state c-bs idle),(mps-state c-cs1 idle),(mps-state c-cs2 idle),(mps-state c-ds idle),(wp-cap-color cg1 cap_grey),(wp-cap-color cg2 cap_grey),(wp-cap-color cg3 cap_grey),(wp-on-shelf cg1 c-cs1 left),(wp-on-shelf cg2 c-cs1 middle),(wp-on-shelf cg3 c-cs1 right),(wp-cap-color cb1 cap_black),(wp-cap-color cb2 cap_black),(wp-cap-color cb3 cap_black),(wp-on-shelf cb1 c-cs2 left),(wp-on-shelf cb2 c-cs2 middle),(wp-on-shelf cb3 c-cs2 right)}
[]
Initial heuristic = 31
Initial stats: t=0.01s, 7180kb
b (30 @ n=2, t=0.01s, 7180kb)b (29 @ n=3, t=0.01s, 7180kb)b (28 @ n=4, t=0.01s, 7180kb)b (26 @ n=5, t=0.02s, 7180kb)b (25 @ n=31, t=0.02s, 7180kb)Warning: self overlapping Action 206:1 at 1
b (24 @ n=97, t=0.03s, 7408kb)xx.{EPS=1666.67,ETD=19.9592}db (22 @ n=265, t=0.05s, 7640kb)xb (21 @ n=360, t=0.06s, 7852kb).{EPS=1694.92,ETD=38.3737}b (19 @ n=475, t=0.07s, 7988kb)db (17 @ n=527, t=0.08s, 8188kb)b (15 @ n=546, t=0.08s, 8276kb)xb (14 @ n=615, t=0.09s, 8688kb)b (12 @ n=620, t=0.09s, 8688kb)b (11 @ n=625, t=0.1s, 8688kb)d.{EPS=1595.74,ETD=26.5973}d.{EPS=1785.71,ETD=22.402}d.{EPS=1851.85,ETD=21.2048}d.{EPS=1863.35,ETD=20.6722}.{EPS=1955.31,ETD=20.49}dx.{EPS=2000,ETD=19.4461}d.{EPS=2000,ETD=17.8508}d.{EPS=2000,ETD=16.4649}xd.{EPS=2032.52,ETD=15.046}.{EPS=2057.61,ETD=9.834}d.{EPS=2127.66,ETD=9.99}dx.{EPS=2049.18,ETD=9.43}d.{EPS=2000,ETD=8.26}d.{EPS=1984.13,ETD=6.898}d.{EPS=1901.14,ETD=5.43}x.{EPS=1851.85,ETD=4.714}d.{EPS=1818.18,ETD=4.704}d.{EPS=1798.56,ETD=4.714}xd.{EPS=1760.56,ETD=4.646}d.{EPS=1724.14,ETD=4.618}d.{EPS=1694.92,ETD=4.714}x.{EPS=1672.24,ETD=4.714}d.{EPS=1633.99,ETD=4.714}d.{EPS=1592.36,ETD=4.704}d.{EPS=1547.99,ETD=4.712}xd.{EPS=1497.01,ETD=4.646}d.{EPS=1461.99,ETD=4.626}.{EPS=1412.43,ETD=4.704}dx.{EPS=1373.63,ETD=4.71}d.{EPS=1333.33,ETD=4.714}d.{EPS=1285.35,ETD=4.642}xd.{EPS=1234.57,ETD=4.614}d.{EPS=1201.92,ETD=4.654}.{EPS=1176.47,ETD=4.626}dx.{EPS=1138.95,ETD=4.714}d.{EPS=1103.75,ETD=4.71}d.{EPS=1068.38,ETD=4.712}d.{EPS=1024.59,ETD=4.652}xd.{EPS=1000,ETD=4.63}d.{EPS=968.992,ETD=4.71}.{EPS=948.767,ETD=4.714}dx.{EPS=914.077,ETD=4.714}d.{EPS=889.68,ETD=4.712}d.{EPS=850.34,ETD=4.712}d.{EPS=825.083,ETD=4.574}xd.{EPS=807.754,ETD=4.62}.{EPS=787.402,ETD=4.714}d.{EPS=763.359,ETD=4.714}dx.{EPS=736.377,ETD=4.63}d.{EPS=711.238,ETD=4.656}d.{EPS=686.813,ETD=4.546}xd.{EPS=672.043,ETD=4.714}.{EPS=656.168,ETD=4.632}d.{EPS=637.755,ETD=4.714}dx.{EPS=621.891,ETD=4.714}d.{EPS=595.948,ETD=4.712}d.{EPS=576.701,ETD=4.574}d.{EPS=567.537,ETD=4.616}x.{EPS=557.414,ETD=4.714}d.{EPS=542.299,ETD=4.704}d.{EPS=529.101,ETD=4.714}xd.{EPS=512.295,ETD=4.646}d.{EPS=494.56,ETD=4.618}d.{EPS=486.381,ETD=4.714}x.{EPS=478.927,ETD=4.714}d.{EPS=469.484,ETD=4.714}d.{EPS=456.621,ETD=4.704}d.{EPS=442.478,ETD=4.712}xd.{EPS=420.168,ETD=4.646}d.{EPS=406.504,ETD=4.626}.{EPS=393.391,ETD=4.704}dx.{EPS=379.939,ETD=4.71}d.{EPS=366.032,ETD=4.714}d.{EPS=349.895,ETD=4.642}xd.{EPS=333.556,ETD=4.614}d.{EPS=322.997,ETD=4.654}.{EPS=316.456,ETD=4.626}dx.{EPS=306.185,ETD=4.714}d.{EPS=299.222,ETD=4.71}d.{EPS=290.867,ETD=4.7}d.{EPS=281.532,ETD=4.67}xd.{EPS=276.549,ETD=12.798}b (10 @ n=8749, t=6.48s, 236488kb)db (9 @ n=8812, t=6.51s, 236488kb)b (8 @ n=8817, t=6.51s, 236568kb)b (7 @ n=8822, t=6.51s, 236568kb)b (5 @ n=8858, t=6.52s, 236916kb)b (4 @ n=8865, t=6.52s, 237020kb)b (3 @ n=8871, t=6.52s, 237020kb)d.{EPS=289.855,ETD=12.452}d.{EPS=308.261,ETD=12.436}d.{EPS=329.164,ETD=12.666}d.{EPS=353.107,ETD=12.644}d.{EPS=376.79,ETD=13.012}d.{EPS=407.166,ETD=13.256}db (2 @ n=10169, t=6.99s, 257456kb).{EPS=446.828,ETD=13.496}dd.{EPS=520.291,ETD=32.322}d~~~~~~~~~~~~~~~~~~~~~~~~~~~~~~~~~~~~~~~~~~~~~~~~~~~~~~~~~~~~~~~~~~~~~~~~~~~~~~~~~~~~~~~~~~~~~~~~~~~~~~~~~~~~~~~~~~~~~~~~~~~~~~~~~~~~~~~~~~~~~~~~~~~~~~~~~~~~~~~~~~~~~~~~~~~~~~~~~~~~~~~~~~~~~~~~~~~~~~~~~~~~~~~~~~~~~~~~~~~~~~~~~~~~~~~~~~~~~~~~~~~~~~~~~~~~~~~~~~~~~~~~~~~~~~~~~~~~~~~~~~~~~~~~~~~~~~~~~~~~~~~~~~~~~~~~~~~~~~~~~~~~~~~~~~~~~~~~~~~~~~~~~~~~~~~~~~~~~~~~~~~~~~~~~~~~~~~~~~~~~~~~~~~~~~~~~~~~~~~~~~~~~~~~~~~~~~~~~~~~~~~~~~~~~~~~~~~~~~~~~~~~~~~~~~~~~~~~~~~~~~~~~~~~~~~~~~~~~~~~~~~~~~~~~~~~~~~~~~~~~~~~~~~~~~~~~~~~~~~~~~~~~~~~~~~~~~~~~~~~~~~~~~~~~~~~~~~~~~~~~~~~~~~~~~~~~~~~~~~~~~~~~~~~~~~~~~~~~~~~~~~~~~~~~~~~~~~~~~~~~~~~~~~~~~~~~~~~~~~~~~~~~~~~~~~~~~~~~~~~~~~~~~~~~~~~~~~~~~~~~~~~~~~~~~~~~~~~~~~~~~~~~~~~~~~~~~~~~~~~~~~~~~~~~~~~~~~~~~~~~~~~~~~~~~~~~~~~~~~~~~~~~~~~~~~~~~~~~~~~~~~~~~~~~~~~~~~~~~~~~~~~~~~~~~~~~~~~~~~~~~~~~~~~~~~~~~~~~~~~~~~~~~~~~~~~~~~~~~~~~~~~~~~~~~~~~~~~~~~~~~~~~~~~~~~~~~~~~~~~~~~~~~~~~~~~~~~~~~~~~~~~~~~~~~~~~~~~~~~~~~~~~~~~~~~~~~~~~~~~~~~~~~~~~~~~~~~~~~~~~~~~~~~~~~~~~~~~~~~~~~~~~~~~~~~~~~~~~~~~~~~~~~~~~~~~~~~~~~~~~~~~~~~~~~~~~~~~~~~~~~~~~~~~~~~~~~~~~~~~~~~~~~~~~~~~~~~~~~~~~~~~~~~~~~~~~~~~~~~~~~~~~~~~~~~~~~~~~~~~~~~~~~~~~~~~~~~~~~~~~~~~~~~~~~~~~~~~~~~~~~~~~~~~~~~~~~~~~~~~~~~~~~~~~~~~~~~~~~~~~~~~~~~~~~~~~~~~~~~~~~~~~~~~~~~~~~~~~~~~~~~~~~~~~~~~~~~~~~~~~~~~~~~~~~~~~~~~~~~~~~~~~~~~~~~~~~~~~~~~~~~~~~~~~~~~~~~~~~~~~~~~~~~~~~~~~~~~~~~~~~~~~~~~~~~~~~~~~~~~~~~~~~~~~~~~~~~~~~~~~~~~~~~~~~~~~~~~~~~~~~~~~~~~~~~~~~~~~~~~~~~~~~~~~~~~~~~~~~~~~~~~~~~~~~~~~~~~~~~~~~~~~~~~~~~~~~~~~~~~~~~~~~~~~~~~~~~~~~ddd.{EPS=632.911,ETD=347.058}dddd
;;;; Problem Unsolvable
; Nodes Generated: 10673
; Nodes Expanded:  4694
; Nodes Evaluated: 10674
; Nodes Tunneled:  732
; Nodes memoised with open actions: 10407
; Nodes memoised without open actions: 10429
; Nodes pruned by memoisation: 10163
; Time 7.08
