Parsing and Instantiating...
Warning: rounding numeric constants such as 6.93432 to an accuracy of 0.001
Done
One way facts...
Mutex groups...
Semaphore Facts...
Envelope Facts...
One-shot actions...
(bs-dispense c-bs input wp1 base_black) is 1 shot
(bs-dispense c-bs output wp1 base_black) is 1 shot
(bs-dispense c-bs input wp1 base_red) is 1 shot
(bs-dispense c-bs output wp1 base_red) is 1 shot
(bs-dispense c-bs input wp1 base_silver) is 1 shot
(bs-dispense c-bs output wp1 base_silver) is 1 shot
(bs-dispense c-bs input wp1 base_black) is 1 shot
(bs-dispense c-bs output wp1 base_black) is 1 shot
(bs-dispense c-bs input wp1 base_red) is 1 shot
(bs-dispense c-bs output wp1 base_red) is 1 shot
(bs-dispense c-bs input wp1 base_silver) is 1 shot
(bs-dispense c-bs output wp1 base_silver) is 1 shot
(prepare-ds r-1 c-ds gate-1) is 1 shot
(prepare-ds r-1 c-ds gate-2) is 1 shot
(prepare-ds r-1 c-ds gate-3) is 1 shot
(wp-get-shelf r-1 cg1 c-cs1 left) is 1 shot
(wp-get-shelf r-1 cg2 c-cs1 middle) is 1 shot
(wp-get-shelf r-1 cg3 c-cs1 right) is 1 shot
(wp-get-shelf r-1 cb1 c-cs2 left) is 1 shot
(wp-get-shelf r-1 cb2 c-cs2 middle) is 1 shot
(wp-get-shelf r-1 cb3 c-cs2 right) is 1 shot
Integral variables...
Variable bounds...
Static numeric conditions...
Duration bounds...
TIL time window analysis...
Bounding action timestamps due to time windows...
(order-delivery-window-open o1) forms a window with range [0.000,143.890]
Bounds on (fulfill-order-c0-within-tw o1 wp1 c-ds gate-3 base_red cap_black) (duration [0.010,0.010]):
	0: [0.000,143.880]
	1: [0.000,143.880]
	2: [0.010,143.890]
(can-commit-for-ontime-delivery o1) forms a window with range [0.000,6.990]
Bounds on (commit-to-ontime-delivery o1) (duration [0.010,0.010]):
	0: [0.000,6.989]
	1: [0.000,6.989]
	2: [0.010,6.999]
Bounds on (do-not-commit-to-ontime-delivery o1) (duration [0.010,0.010]):
	0: [0.000,6.989]
	1: [0.000,6.989]
	2: [0.010,6.999]
Dominance constraints (excluding processes and events)...
Damaging events...
Dominance constraints (including processes and events)...
Variable monotonicity...
Max/min needed values for any single precondition...
Irrelevant action pruning by backward reachability from goal...
Uninterestingness criteria...
Compression-safe actions...
Compression-safe invariants...
59% of durative actions in this problem are compression safe
Goal Goal [1]
    (order-fulfilled o1)

Finishing preprocessing.  Making a TRPG heuristic...
Making an open list...
Running WA* search (g weight = 1, h weight = 5)
{(order-delivery-window-open o1),(can-commit-for-ontime-delivery o1),(location-free start input),(location-free c-bs input),(location-free c-bs output),(location-free c-cs1 input),(location-free c-cs1 output),(location-free c-cs2 input),(location-free c-cs2 output),(location-free c-ds input),(location-free c-ds output),(cs-can-perform c-cs1 cs_retrieve),(cs-can-perform c-cs2 cs_retrieve),(wp-base-color wp1 base_none),(wp-cap-color wp1 cap_none),(wp-ring1-color wp1 ring_none),(wp-ring2-color wp1 ring_none),(wp-ring3-color wp1 ring_none),(wp-unused wp1),(robot-waiting r-1),(mps-state c-bs idle),(mps-state c-cs1 idle),(mps-state c-cs2 idle),(mps-state c-ds idle),(wp-cap-color cg1 cap_grey),(wp-cap-color cg2 cap_grey),(wp-cap-color cg3 cap_grey),(wp-on-shelf cg1 c-cs1 left),(wp-on-shelf cg2 c-cs1 middle),(wp-on-shelf cg3 c-cs1 right),(wp-cap-color cb1 cap_black),(wp-cap-color cb2 cap_black),(wp-cap-color cb3 cap_black),(wp-on-shelf cb1 c-cs2 left),(wp-on-shelf cb2 c-cs2 middle),(wp-on-shelf cb3 c-cs2 right)}
[]
Initial heuristic = 31
Initial stats: t=0.01s, 7180kb
b (30 @ n=2, t=0.01s, 7180kb)b (29 @ n=3, t=0.01s, 7180kb)b (28 @ n=4, t=0.01s, 7180kb)b (26 @ n=5, t=0.01s, 7180kb)b (25 @ n=13, t=0.02s, 7180kb)b (24 @ n=19, t=0.02s, 7180kb)b (23 @ n=24, t=0.02s, 7180kb)b (22 @ n=29, t=0.02s, 7180kb)b (19 @ n=30, t=0.02s, 7180kb)b (17 @ n=78, t=0.02s, 7432kb)Warning: self overlapping Action 206:1 at 12
b (15 @ n=104, t=0.03s, 7528kb)dx.{EPS=1562.5,ETD=4.40816}xdxx.{EPS=1960.78,ETD=4.83838}dxx.{EPS=2083.33,ETD=5.4094}xxddx.{EPS=2083.33,ETD=5.90955}xxxd.{EPS=2192.98,ETD=6.51004}db (14 @ n=972, t=0.15s, 11192kb).{EPS=2068.97,ETD=5.98997}b (13 @ n=1010, t=0.16s, 11420kb)b (11 @ n=1020, t=0.16s, 11540kb)dd.{EPS=2023.12,ETD=6.32665}dd.{EPS=2051.28,ETD=7.11529}ddd.{EPS=2064.22,ETD=7.44543}dd.{EPS=2118.64,ETD=8.41683}dd.{EPS=2212.39,ETD=9.536}dd.{EPS=2183.41,ETD=11.264}dd.{EPS=2192.98,ETD=15.188}dd.{EPS=2242.15,ETD=29.506}dd.{EPS=2136.75,ETD=33.076}dd.{EPS=2127.66,ETD=34.322}dd.{EPS=2092.05,ETD=35.024}dd.{EPS=2049.18,ETD=40.364}dd.{EPS=2074.69,ETD=40.642}dd.{EPS=2000,ETD=40.392}ddd.{EPS=1960.78,ETD=40.842}d.{EPS=1968.5,ETD=52.166}dd.{EPS=1953.12,ETD=48.43}ddd.{EPS=1945.53,ETD=35.092}dd.{EPS=2008.03,ETD=34.628}dd.{EPS=2092.05,ETD=34.144}dd.{EPS=2202.64,ETD=34.08}dd.{EPS=2293.58,ETD=52.182}dd.{EPS=2293.58,ETD=94.348}dd.{EPS=2242.15,ETD=102.486}ddd.{EPS=2173.91,ETD=102.736}dd.{EPS=2040.82,ETD=95.964}ddd.{EPS=1976.28,ETD=104.986}dd.{EPS=1858.74,ETD=112.326}dd.{EPS=1818.18,ETD=109.134}dd.{EPS=1805.05,ETD=109.726}dd.{EPS=1785.71,ETD=109.066}dd.{EPS=1766.78,ETD=86.108}dd.{EPS=1748.25,ETD=44.212}dd.{EPS=1805.05,ETD=37.952}ddd.{EPS=1879.7,ETD=39.332}dd.{EPS=1976.28,ETD=50.952}dd.{EPS=1960.78,ETD=41.846}d.{EPS=1984.13,ETD=34.402}dd.{EPS=1930.5,ETD=35.266}dd.{EPS=1901.14,ETD=39.99}ddd.{EPS=1858.74,ETD=41.14}dd.{EPS=1845.02,ETD=40.64}dd.{EPS=1805.05,ETD=40.542}dd.{EPS=1792.11,ETD=51.9}dd.{EPS=1805.05,ETD=49.912}dd.{EPS=1798.56,ETD=32.72}dd.{EPS=1893.94,ETD=62.258}dd.{EPS=1976.28,ETD=87.858}dd.{EPS=1953.12,ETD=91.5}ddd.{EPS=1893.94,ETD=96.214}dd.{EPS=1818.18,ETD=110.284}dxd.{EPS=1766.78,ETD=109.878}dd.{EPS=1798.56,ETD=109.898}dd.{EPS=1798.56,ETD=96.216}dd.{EPS=1792.11,ETD=96.174}dd.{EPS=1785.71,ETD=96.562}dd.{EPS=1748.25,ETD=69.598}ddd.{EPS=1736.11,ETD=46.042}dd.{EPS=1831.5,ETD=59.276}dd.{EPS=1838.24,ETD=48.898}dd.{EPS=1872.66,ETD=34.4}dd.{EPS=1838.24,ETD=35.302}dd.{EPS=1792.11,ETD=40.172}dd.{EPS=1785.71,ETD=41.198}dd.{EPS=1748.25,ETD=40.778}dd.{EPS=1706.48,ETD=40.622}dd.{EPS=1724.14,ETD=64.906}dd.{EPS=1736.11,ETD=85.83}dd.{EPS=1650.17,ETD=74.732}dd.{EPS=1644.74,ETD=81.742}ddd.{EPS=1633.99,ETD=102.75}dd.{EPS=1712.33,ETD=265.016}dd.{EPS=1742.16,ETD=442.24}dxd.{EPS=1754.39,ETD=513.108}dd.{EPS=1779.36,ETD=611.458}dd.{EPS=1805.05,ETD=658.594}d.{EPS=1805.05,ETD=672.544}ddd.{EPS=1754.39,ETD=691.644}dx.{EPS=1792.11,ETD=715.994}dd.{EPS=1872.66,ETD=708.86}d.{EPS=1984.13,ETD=686.956}dd.{EPS=1976.28,ETD=523.684}d.{EPS=1984.13,ETD=341.742}dd.{EPS=1953.12,ETD=270.74}dd.{EPS=1930.5,ETD=206.534}dx.{EPS=1960.78,ETD=158.564}dd.{EPS=1945.53,ETD=117.636}d.{EPS=2000,ETD=74.688}dd.{EPS=2040.82,ETD=44.51}dd.{EPS=2008.03,ETD=45.8}d.{EPS=1968.5,ETD=82.824}dd.{EPS=1953.12,ETD=82.722}dx.{EPS=1968.5,ETD=81.73}dd.{EPS=2008.03,ETD=80.556}dd.{EPS=2008.03,ETD=46.854}d.{EPS=1976.28,ETD=48.134}dd.{EPS=1915.71,ETD=106.476}dd.{EPS=1872.66,ETD=160.682}dxd.{EPS=1838.24,ETD=255.482}dd.{EPS=1811.59,ETD=310.242}dd.{EPS=1805.05,ETD=310.692}dd.{EPS=1760.56,ETD=380.252}dx.{EPS=1718.21,ETD=412.184}dd.{EPS=1677.85,ETD=443.356}ddx.{EPS=1655.63,ETD=499.012}db (10 @ n=17384, t=2.96s, 127048kb)b (9 @ n=17425, t=2.97s, 127384kb)b (8 @ n=17433, t=2.97s, 127384kb)db (7 @ n=17504, t=2.98s, 128020kb)d.{EPS=1557.63,ETD=504.012}b (5 @ n=17639, t=3.01s, 129432kb)db (3 @ n=17722, t=3.03s, 130340kb)b (2 @ n=17736, t=3.04s, 130472kb)b (1 @ n=17748, t=3.04s, 130604kb)Time diagnostics:
After step 0 search time left estimate was 0.010
After step 1 search time left estimate was 0.020
After step 2 search time left estimate was 0.030
After step 3 search time left estimate was 0.040
After step 4 search time left estimate was 0.050
After step 5 search time left estimate was 0.064
After step 6 search time left estimate was 0.054
After step 7 search time left estimate was 0.056
After step 8 search time left estimate was 0.053
After step 9 search time left estimate was 0.050
After step 10 search time left estimate was 0.044
After step 11 search time left estimate was 0.041
After step 12 search time left estimate was 0.049
After step 13 search time left estimate was 0.729
After step 14 search time left estimate was 2.775
After step 15 search time left estimate was 5.187
After step 16 search time left estimate was 4.882
After step 17 search time left estimate was 4.577
After step 18 search time left estimate was 3.661
After step 19 search time left estimate was 3.661
After step 20 search time left estimate was 3.356
After step 21 search time left estimate was 3.050
After step 22 search time left estimate was 2.745
After step 23 search time left estimate was 2.440
After step 24 search time left estimate was 2.739
After step 25 search time left estimate was 2.911
After step 26 search time left estimate was 2.587
After step 27 search time left estimate was 2.262
After step 28 search time left estimate was 2.132
After step 29 search time left estimate was 1.827
After step 30 search time left estimate was 1.522
After step 31 search time left estimate was 0.895
After step 32 search time left estimate was 0.596
After step 33 search time left estimate was 0.298
After step 34 search time left estimate was 0.298

;;;; Solution Found
; Time 3.04
; Peak memory 130736kb
; Nodes Generated: 17759
; Nodes Expanded:  5629
; Nodes Evaluated: 17758
; Nodes Tunneled:  0
; Nodes memoised with open actions: 8980
; Nodes memoised without open actions: 19537
; Nodes pruned by memoisation: 10758
3.044: (prepare-bs c-bs output base_red) [0.001] ; (3)
3.044: (enter-field r-1 cyan) [10.000] ; (140)
3.044: (commit-to-ontime-delivery o1) [0.010] ; (206)
3.045: (bs-dispense c-bs output wp1 base_red) [0.001] ; (16)
13.045: (move-wp-put-at-input r-1 start input c-cs2) [8.930] ; (112)
21.976: (wp-get-shelf r-1 cb1 c-cs2 left) [20.000] ; (148)
21.977: (move-wp-put-at-input r-1 c-cs2 input c-cs1) [5.203] ; (104)
27.181: (prepare-cs r-1 c-cs1 cs_retrieve) [0.001] ; (11)
41.977: (wp-put r-1 cb1 c-cs1) [10.000] ; (183)
51.978: (move-wp-get r-1 c-cs1 input c-bs output) [6.858] ; (128)
51.978: (cs-retrieve-cap c-cs1 cb1 cap_black) [0.010] ; (61)
58.837: (move-wp-put-at-input r-1 c-bs output c-ds) [8.873] ; (119)
67.711: (move-wp-get r-1 c-ds input c-cs1 output) [3.175] ; (134)
70.887: (wp-get r-1 cb1 c-cs1 output) [10.000] ; (169)
70.888: (move-wp-put-at-input r-1 c-cs1 output c-ds) [3.175] ; (120)
80.888: (wp-discard r-1 cb1) [0.001] ; (141)
80.889: (move-wp-get r-1 c-ds input c-bs output) [8.873] ; (130)
89.763: (wp-get r-1 wp1 c-bs output) [10.000] ; (168)
89.764: (move-wp-put-at-input r-1 c-bs output c-cs1) [6.858] ; (107)
96.623: (prepare-cs r-1 c-cs1 cs_mount) [0.001] ; (9)
99.764: (wp-put r-1 wp1 c-cs1) [10.000] ; (189)
99.765: (move-wp-put-at-input r-1 c-cs1 input c-ds) [3.914] ; (116)
109.765: (cs-mount-cap c-cs1 wp1 cap_black) [0.010] ; (31)
109.776: (move-wp-get r-1 c-ds input c-cs1 output) [3.175] ; (134)
112.952: (wp-get r-1 wp1 c-cs1 output) [10.000] ; (175)
112.953: (move-wp-put-at-input r-1 c-cs1 output c-ds) [3.175] ; (120)
116.129: (prepare-ds r-1 c-ds gate-3) [0.001] ; (8)
122.953: (wp-put r-1 wp1 c-ds) [10.000] ; (203)
132.954: (fulfill-order-c0-within-tw o1 wp1 c-ds gate-3 base_red cap_black) [0.010] ; (204)
