Parsing and Instantiating...
Warning: rounding numeric constants such as 10.0601 to an accuracy of 0.001
Done
One way facts...
Mutex groups...
Semaphore Facts...
Envelope Facts...
One-shot actions...
(bs-dispense c-bs input wp1 base_black) is 1 shot
(bs-dispense c-bs output wp1 base_black) is 1 shot
(bs-dispense c-bs input wp1 base_red) is 1 shot
(bs-dispense c-bs output wp1 base_red) is 1 shot
(bs-dispense c-bs input wp1 base_silver) is 1 shot
(bs-dispense c-bs output wp1 base_silver) is 1 shot
(bs-dispense c-bs input wp1 base_black) is 1 shot
(bs-dispense c-bs output wp1 base_black) is 1 shot
(bs-dispense c-bs input wp1 base_red) is 1 shot
(bs-dispense c-bs output wp1 base_red) is 1 shot
(bs-dispense c-bs input wp1 base_silver) is 1 shot
(bs-dispense c-bs output wp1 base_silver) is 1 shot
(prepare-ds r-1 c-ds gate-1) is 1 shot
(prepare-ds r-2 c-ds gate-1) is 1 shot
(prepare-ds r-1 c-ds gate-2) is 1 shot
(prepare-ds r-2 c-ds gate-2) is 1 shot
(prepare-ds r-1 c-ds gate-3) is 1 shot
(prepare-ds r-2 c-ds gate-3) is 1 shot
(wp-get-shelf r-1 cg1 c-cs1 left) is 1 shot
(wp-get-shelf r-2 cg1 c-cs1 left) is 1 shot
(wp-get-shelf r-1 cg2 c-cs1 middle) is 1 shot
(wp-get-shelf r-2 cg2 c-cs1 middle) is 1 shot
(wp-get-shelf r-1 cg3 c-cs1 right) is 1 shot
(wp-get-shelf r-2 cg3 c-cs1 right) is 1 shot
(wp-get-shelf r-1 cb1 c-cs2 left) is 1 shot
(wp-get-shelf r-2 cb1 c-cs2 left) is 1 shot
(wp-get-shelf r-1 cb2 c-cs2 middle) is 1 shot
(wp-get-shelf r-2 cb2 c-cs2 middle) is 1 shot
(wp-get-shelf r-1 cb3 c-cs2 right) is 1 shot
(wp-get-shelf r-2 cb3 c-cs2 right) is 1 shot
Integral variables...
Variable bounds...
Static numeric conditions...
Duration bounds...
TIL time window analysis...
Bounding action timestamps due to time windows...
(order-delivery-window-open o1) forms a window with range [0.000,297.380]
Bounds on (fulfill-order-c0-within-tw o1 wp1 c-ds gate-1 base_silver cap_black) (duration [0.010,0.010]):
	0: [0.000,297.370]
	1: [0.000,297.370]
	2: [0.010,297.380]
(can-commit-for-ontime-delivery o1) forms a window with range [0.000,97.960]
Bounds on (commit-to-ontime-delivery o1) (duration [0.010,0.010]):
	0: [0.000,97.959]
	1: [0.000,97.959]
	2: [0.010,97.969]
Bounds on (do-not-commit-to-ontime-delivery o1) (duration [0.010,0.010]):
	0: [0.000,97.959]
	1: [0.000,97.959]
	2: [0.010,97.969]
Dominance constraints (excluding processes and events)...
Damaging events...
Dominance constraints (including processes and events)...
Variable monotonicity...
Max/min needed values for any single precondition...
Irrelevant action pruning by backward reachability from goal...
Uninterestingness criteria...
Compression-safe actions...
Compression-safe invariants...
62% of durative actions in this problem are compression safe
Goal Goal [1]
    (order-fulfilled o1)

Finishing preprocessing.  Making a TRPG heuristic...
Making an open list...
Running WA* search (g weight = 1, h weight = 5)
{(order-delivery-window-open o1),(can-commit-for-ontime-delivery o1),(location-free start input),(location-free c-bs input),(location-free c-bs output),(location-free c-cs1 input),(location-free c-cs1 output),(location-free c-cs2 input),(location-free c-cs2 output),(location-free c-ds input),(location-free c-ds output),(cs-can-perform c-cs1 cs_retrieve),(cs-can-perform c-cs2 cs_retrieve),(wp-base-color wp1 base_none),(wp-cap-color wp1 cap_none),(wp-ring1-color wp1 ring_none),(wp-ring2-color wp1 ring_none),(wp-ring3-color wp1 ring_none),(wp-unused wp1),(robot-waiting r-1),(robot-waiting r-2),(mps-state c-bs idle),(mps-state c-cs1 idle),(mps-state c-cs2 idle),(mps-state c-ds idle),(wp-cap-color cg1 cap_grey),(wp-cap-color cg2 cap_grey),(wp-cap-color cg3 cap_grey),(wp-on-shelf cg1 c-cs1 left),(wp-on-shelf cg2 c-cs1 middle),(wp-on-shelf cg3 c-cs1 right),(wp-cap-color cb1 cap_black),(wp-cap-color cb2 cap_black),(wp-cap-color cb3 cap_black),(wp-on-shelf cb1 c-cs2 left),(wp-on-shelf cb2 c-cs2 middle),(wp-on-shelf cb3 c-cs2 right)}
[]
Initial heuristic = 28
Initial stats: t=0.02s, 7568kb
b (27 @ n=6, t=0.02s, 7568kb)b (25 @ n=7, t=0.02s, 7568kb)b (24 @ n=49, t=0.03s, 7708kb)Warning: self overlapping Action 320:1 at 1
b (23 @ n=169, t=0.05s, 7968kb)xd.{EPS=1162.79,ETD=20.6531}xxxdb (22 @ n=481, t=0.1s, 8544kb).{EPS=1250,ETD=38.798}b (21 @ n=491, t=0.1s, 8544kb)b (20 @ n=530, t=0.11s, 8708kb)b (19 @ n=539, t=0.11s, 8708kb)b (18 @ n=546, t=0.11s, 8784kb)b (17 @ n=554, t=0.11s, 8784kb)b (16 @ n=562, t=0.11s, 8848kb)b (15 @ n=568, t=0.11s, 8848kb)b (14 @ n=574, t=0.12s, 8936kb)b (13 @ n=589, t=0.12s, 9040kb)ddd.{EPS=1006.71,ETD=26.7181}dddb (11 @ n=1162, t=0.22s, 12972kb).{EPS=938.967,ETD=23.402}ddd.{EPS=976.562,ETD=20.9799}dxxxxxx.{EPS=1016.95,ETD=19.4649}xxxxxdxxxx.{EPS=956.284,ETD=16.6762}xxxxxxxx.{EPS=821.355,ETD=14.5865}xxxxxdxxxx.{EPS=662.739,ETD=12.9621}xxxxxxxx.{EPS=518.672,ETD=11.6633}xxxxxdxxxx.{EPS=373.972,ETD=9.616}xxxxxxxx.{EPS=264.55,ETD=3.958}xxxxxdxxxx.{EPS=198.886,ETD=3.678}xxxxxxxx.{EPS=147.016,ETD=2.326}xxxxxdxxxx.{EPS=111.21,ETD=1.192}xxb (9 @ n=2506, t=5.21s, 113396kb)b (8 @ n=2515, t=5.22s, 113396kb)b (7 @ n=2525, t=5.22s, 113396kb)d.{EPS=101.42,ETD=1.476}ddd.{EPS=101.792,ETD=2.378}dx.{EPS=103.67,ETD=5.606}dd.{EPS=106.406,ETD=9.018}xd.{EPS=112.663,ETD=10.45}d.{EPS=123.122,ETD=12.664}dx.{EPS=143.062,ETD=14.082}dd.{EPS=175.316,ETD=16.934}dx.{EPS=257.599,ETD=18.56}dd.{EPS=591.716,ETD=21.838}dd.{EPS=1179.25,ETD=21.614}xd.{EPS=1228.5,ETD=26.562}dx.{EPS=1213.59,ETD=24.486}dd.{EPS=1278.77,ETD=23.988}x.{EPS=1265.82,ETD=24.158}ddd.{EPS=1213.59,ETD=24.624}dd.{EPS=1108.65,ETD=24.03}dx.{EPS=1162.79,ETD=24.878}dd.{EPS=1050.42,ETD=31.47}dx.{EPS=1086.96,ETD=33.41}dd.{EPS=1070.66,ETD=34.25}xd.{EPS=1098.9,ETD=31.946}dd.{EPS=1024.59,ETD=34.4}xd.{EPS=1057.08,ETD=35.372}dd.{EPS=978.474,ETD=34.666}dx.{EPS=1018.33,ETD=34.194}dd.{EPS=1026.69,ETD=39.694}x.{EPS=1026.69,ETD=38.022}dd.{EPS=1057.08,ETD=32.442}dd.{EPS=1030.93,ETD=29.128}xd.{EPS=1026.69,ETD=30.846}d.{EPS=1008.06,ETD=31.224}ddx.{EPS=1026.69,ETD=28.504}d.{EPS=1022.49,ETD=30.378}dd.{EPS=1039.5,ETD=32.15}dd.{EPS=978.474,ETD=30.558}dx.{EPS=1041.67,ETD=28.412}ddd.{EPS=988.142,ETD=55.542}xdd.{EPS=952.381,ETD=61.37}x.{EPS=968.992,ETD=60.952}dd.{EPS=972.763,ETD=60.998}dx.{EPS=978.474,ETD=58.676}d.{EPS=994.036,ETD=61.99}xd.{EPS=998.004,ETD=75.886}dd.{EPS=994.036,ETD=83.28}xd.{EPS=1068.38,ETD=84.164}dd.{EPS=965.251,ETD=104.17}dx.{EPS=986.193,ETD=76.482}d.{EPS=1050.42,ETD=74.81}dd.{EPS=978.474,ETD=74.438}xd.{EPS=1026.69,ETD=94.864}dd.{EPS=924.214,ETD=101.036}xd.{EPS=950.57,ETD=101.316}dd.{EPS=889.68,ETD=85.08}xd.{EPS=938.086,ETD=77.514}dd.{EPS=866.551,ETD=103.15}x.{EPS=945.18,ETD=88.864}dx.{EPS=915.751,ETD=101.042}dxd.{EPS=936.33,ETD=121.492}dd.{EPS=922.509,ETD=158.286}dd.{EPS=881.834,ETD=135.436}xd.{EPS=938.086,ETD=133.006}dd.{EPS=884.956,ETD=129.476}xd.{EPS=932.836,ETD=137.756}d.{EPS=892.857,ETD=136.238}dd.{EPS=927.644,ETD=113.968}dx.{EPS=915.751,ETD=105.502}dd.{EPS=905.797,ETD=96.504}dd.{EPS=869.565,ETD=70.162}dx.{EPS=909.091,ETD=35.482}ddx.{EPS=912.409,ETD=53.028}dd.{EPS=866.551,ETD=48.57}ddd.{EPS=860.585,ETD=48.374}xd.{EPS=827.815,ETD=80.744}d.{EPS=811.688,ETD=87.33}xd.{EPS=843.17,ETD=133.904}dd.{EPS=784.929,ETD=136.39}xd.{EPS=827.815,ETD=137.33}dx.{EPS=840.336,ETD=140.78}d.{EPS=851.789,ETD=185.624}ddx.{EPS=826.446,ETD=177.896}dx.{EPS=883.392,ETD=186.188}d.{EPS=920.81,ETD=186.586}xd.{EPS=920.81,ETD=170.184}d.{EPS=948.767,ETD=164.148}xdd.{EPS=888.099,ETD=174.532}dd.{EPS=880.282,ETD=174.99}dx.{EPS=863.558,ETD=171.608}dd.{EPS=837.521,ETD=194.998}x.{EPS=843.17,ETD=157.13}dxd.{EPS=813.008,ETD=202.248}dd.{EPS=786.164,ETD=194.388}xd.{EPS=778.816,ETD=221.446}x.{EPS=806.452,ETD=195.118}d.{EPS=800,ETD=220.686}xd.{EPS=829.187,ETD=237.042}dd.{EPS=827.815,ETD=240.308}xd.{EPS=831.947,ETD=240.164}dd.{EPS=821.018,ETD=217.616}dx.{EPS=793.651,ETD=209.306}dd.{EPS=830.565,ETD=166.296}x.{EPS=850.34,ETD=166.196}dd.{EPS=810.373,ETD=143.278}ddx.{EPS=786.164,ETD=143.806}d.{EPS=759.878,ETD=122.876}dx.{EPS=764.526,ETD=46.368}dd.{EPS=762.195,ETD=44.176}xd.{EPS=766.871,ETD=48.362}d.{EPS=809.061,ETD=100.65}ddd.{EPS=738.552,ETD=135.616}dd.{EPS=725.689,ETD=133.656}x.{EPS=733.138,ETD=159.692}dx.{EPS=773.994,ETD=155.552}d.{EPS=787.402,ETD=185.154}dxd.{EPS=807.754,ETD=248.354}dd.{EPS=737.463,ETD=260.258}x.{EPS=796.178,ETD=266.65}dd.{EPS=733.138,ETD=316.718}dx.{EPS=738.552,ETD=260.912}xd.{EPS=782.473,ETD=287.87}dd.{EPS=777.605,ETD=277.606}x.{EPS=765.697,ETD=257.304}d.{EPS=762.195,ETD=257.176}xdd.{EPS=702.247,ETD=253.288}d.{EPS=711.238,ETD=185.06}xdd.{EPS=737.463,ETD=177.568}x.{EPS=742.942,ETD=184.5}dd.{EPS=748.503,ETD=135.614}xd.{EPS=735.294,ETD=154.394}xd.{EPS=766.871,ETD=91.6}dx.{EPS=782.473,ETD=147.424}dd.{EPS=729.927,ETD=168.256}xd.{EPS=696.379,ETD=200.096}dx.{EPS=745.156,ETD=174.142}dd.{EPS=712.251,ETD=195.966}x.{EPS=724.638,ETD=191.884}dd.{EPS=672.043,ETD=183.288}xd.{EPS=709.22,ETD=177.642}xd.{EPS=673.854,ETD=181.186}dx.{EPS=674.764,ETD=181.288}d.{EPS=680.272,ETD=134.434}xd.{EPS=711.238,ETD=116.846}x.{EPS=758.725,ETD=90.67}dd.{EPS=666.667,ETD=94.506}x.{EPS=709.22,ETD=85.072}xdd.{EPS=667.557,ETD=93.462}dx.{EPS=704.225,ETD=85.69}x.{EPS=633.714,ETD=159.59}xx.{EPS=625,ETD=582.206}xxxxxdx.{EPS=293.427,ETD=772.404}xxxxx.{EPS=203.335,ETD=969.69}xxxx.{EPS=162.443,ETD=1165.45}xx.{EPS=160.256,ETD=1191.33}xx.{EPS=167.785,ETD=1311.26}x.{EPS=169.607,ETD=1491.79}xxx.{EPS=175.377,ETD=1609.12}x.{EPS=177.431,ETD=1745.97}xx.{EPS=184.706,ETD=1794.82}xx.{EPS=191.131,ETD=1515.12}xx.{EPS=298.864,ETD=1379.08}xxxxx.{EPS=274.424,ETD=1188.72}xxxxxdxxx.{EPS=145.307,ETD=982.766}xdd.{EPS=134.807,ETD=987.426}ddd.{EPS=130.993,ETD=862.37}xdd.{EPS=79.0139,ETD=670.116}xdx.{EPS=58.7613,ETD=543.66}ddxd.{EPS=43.3163,ETD=405.784}dxx.{EPS=38.9894,ETD=283.474}dxxxxxxx.{EPS=34.4709,ETD=117.538}xxxxxxxxxx.{EPS=31.3952,ETD=63.228}xxxxxxxxx.{EPS=30.3859,ETD=47.184}xxxxxxxxx.{EPS=31.9509,ETD=48.162}xxxxxxxxx.{EPS=29.5648,ETD=11.896}xxxxxxxxxx.{EPS=27.2301,ETD=12.562}xxxxxdxxxx.{EPS=28.3672,ETD=11.722}xxxxxxxxx.{EPS=29.2261,ETD=11.436}xxxxxxxxxx.{EPS=31.74,ETD=11.038}xxxxxxxxx.{EPS=30.7088,ETD=9.794}xxxxxxxxx.{EPS=30.5717,ETD=9.794}xxxxxxxxx.{EPS=29.7247,ETD=9.776}xxxxxxxxxx.{EPS=29.2124,ETD=9.792}xxxxxdxxxx.{EPS=28.4123,ETD=9.776}xxxxxxxxx.{EPS=27.8816,ETD=9.792}xxxxxxxxxx.{EPS=27.2613,ETD=9.774}xxxxxxxxx.{EPS=26.6482,ETD=9.796}xxxxxxxxx.{EPS=25.8491,ETD=9.794}xxxxxxxxx.{EPS=25.1484,ETD=9.776}xxxxxxxxxx.{EPS=24.8077,ETD=9.792}xxxxxdxxxx.{EPS=24.1581,ETD=9.776}xxxxxxxxx.{EPS=23.7225,ETD=9.792}xxxxxxxxxx.{EPS=23.0723,ETD=9.774}xxxxxxxxx.{EPS=22.6255,ETD=9.796}xxxxxxxxx.{EPS=22.1759,ETD=9.794}xxxxxxxxx.{EPS=21.5908,ETD=9.776}xxxxxxxxxx.{EPS=21.3511,ETD=9.792}xxxxxdxxxx.{EPS=20.9415,ETD=9.776}xxxxxxxxx.{EPS=20.5787,ETD=9.792}xxxxxxxxxx.{EPS=20.094,ETD=9.774}xxxxxxxxx.{EPS=19.7029,ETD=9.796}dd.{EPS=21.474,ETD=18.938}dxdd.{EPS=23.771,ETD=21.478}dd.{EPS=26.6227,ETD=24.124}dd.{EPS=30.2737,ETD=23.4}dd.{EPS=35.4711,ETD=22.788}ddd.{EPS=42.4016,ETD=26.136}dd.{EPS=54.2182,ETD=31.188}ddd.{EPS=74.184,ETD=39.638}dd.{EPS=119.104,ETD=44.306}ddd.{EPS=320.513,ETD=61.75}xxxxd.{EPS=193.199,ETD=64.684}dd.{EPS=195.618,ETD=67.352}dd.{EPS=198.413,ETD=79.212}dxd.{EPS=202.675,ETD=80.218}dd.{EPS=208.594,ETD=82.02}dd.{EPS=212.404,ETD=80.88}dd.{EPS=213.129,ETD=85.794}ddd.{EPS=219.01,ETD=88.228}dd.{EPS=221.729,ETD=83.98}dd.{EPS=226.347,ETD=69.508}ddd.{EPS=433.276,ETD=58.74}dd.{EPS=420.875,ETD=58.056}ddd.{EPS=412.882,ETD=44.09}dd.{EPS=398.724,ETD=46.232}dd~~~~~~~~~~~~~~~~~~~~~~~~~~~~~~~~~~~~~~~~~~~~~~~~~~~~~~~~~~~~~~~~~~~~~~~~~~~~~~~~~~~~~~~~~~~~~~~~~~~~~~~~~~~~~~~~~~~~~~~~~~~~~~~~~~~~~~~~~~~~~~~~~~~~~~~~~~~~~~~~~~~~~~~~~~~~~~~~~~~~~~~~~~~~~~~~~~~~~~~~~~~~~~~~~~~~~~~~~~~~~~~~~~~~~~~~~~~~~~~~~~~~~~~~~~~~~~~~~~~~~~~~~~~~~~~~~~~~~~~~~~~~~~~~~~~~~~~~~~~~~~~~~~~~~~~~~~~~~~~~~~~~~~~~~~~~~~~~~~~~~~~~~~~~~~~~~~~~~~~~~~~~~~~~~~~~~~~~~~~~~~~~~~~~~~~~~~~~~~~~~~~~~~~~~~~~~~~~~~~~~~~~~~~~~~~~~~~~~~~~~~~~~~~~~~~~~~~~~~~~~~~~~~~~~~~~~~~~~~~~~~~~~~~~~~~~~~~~~~~~~~~~~~~~~~~~~~~~~~~~~~~~~~~~~~~~~~~~~~~~~~~~~~~~~~~~~~~~~~~~~~~~~~~~~~~~~~~~~~~~~~~~~~~~~~~~~~~~~~~~~~~~~~~~~~~~~~~~~~~~~~~~~~~~~~~~~~~~~~~~~~~~~~~~~~~~~~~~~~~~~~~~~~~~~~~~~~~~~~~~~~~~~~~~~~~~~~~~~~~~~~~~~~~~~~~~~~~~~~~~~~~~~~~~~~~~~~~~~~~~~~~~~~~~~~~~~~~~~~~~~~~~~~~~~~~~~~~~~~~~~~~~~~~~~~~~~~~~~~~~~~~~~~~~~~~~~~~~~~~~~~~~~~~~~~~~~~~~~~~~~~~~~~~~~~~~~~~~~~~~~~~~~~~~~~~~~~~~~~~~~~~~~~~~~~~~~~~~~~~~~~~~~~~~~~~~~~~~~~~~~~~~~~~~~~~~~~~~~~~~~~~~~~~~~~~~~~~~~~~~~~~~~~~~~~~~~~~~~~~~~~~~~~~~~~~~~~~~~~~~~~~~~~~~~~~~~~~~~~~~~~~~~~~~~~~~~~~~~~~~~~~~~~~~~~~~~~~~~~~~~~~~~~~~~~~~~~~~~~~~~~~~~~~~~~~~~~~~~~~~~~~~~~~~~~~~~~~~~~~~~~~~~~~~~~~~~~~~~~~~~~~~~~~~~~~~~~~~~~~~~~~~~~~~~~~~~~~~~~~~~~~~~~~~~~~~~~~~~~~~~~~~~~~~~~~~~~~~~~~~~~~~~~~~~~~~~~~~~~~~~~~~~~~~~~~~~~~~~~~~~~~~~~~~~~~~~~~~~~~~~~~~~~~~~~~~~~~~~~~~~~~~~~~~~~~~~~~~~~~~~~~~~~~~~~~~~~~~~~~~~~~~~~~~~~~~~~~~~~~~~~~~~~~~~~~~~~~~~~~~~~~~~~~~~~~~~~~~~~~~~~~~~~~~~~~~~~~~~~~~~~~~~~~~~~~~~~~~~~~~~~~~~~~~~~~~~~~~~~~~~~~~~~~~~~~~~~~~~~~~~~~~~~~~~~~~~~~~~~~~~~~~~~~~~~~~~~~~~~~~~~~~~~~~~~~~~~~~~~~~~~~~~~~~~~~~~~~~~~~~~~~~~~~~~~~~~~~~~~~~~~~~~~~~~~~~~~~~~~~~~~~~~~~~~~~~~~~~~~~~~~~~~~~~~~~~~~~~~~~~~~~~~~~~~~~~~~~~~~~~~~~~~~~~~~~~~~~~~~~~~~~~~~~~~~~~~~~~~~~~~~~~~~~~~~~~~~~~~~~~~~~~~~~~~~~~~~~~~~~~~~~~~~~~~~~~~~~~~~~~~~~~~~~~~~~~~~~~~~~~~~~~~~~~~~~~~~~~~~~~~~~~~~~~~~~~~~~~~~~~~~~~~~~~~~~~~~~~~~~~~~~~~~~~~~~~~~~~~~~~~~~~~~~~~~~~~~~~~~~~~~~~~~~~~~~~~~~~~~~~~~~~~~~~~~~~~~~~~~~~~~~~~~~~~~~~~~~~~~~~~~~~~~~~~~~~~~~~~~~~~~~~~~~~~~~~~~~~~~~~~~~~~~~~~~~~~~~~~~~~~~~~~~~~~~~~~~~~~~~~~~~~~~~~~~~~~~~~~~~~~~~~~~~~~~~~~~~~~~~~~~~~~~~~~~~~~~~~~~~~~~~~~~~~~~~~~~~~~~~~~~~~~~~~~~~~~~~~~~~~~~~~~~~~~~~~~~~~~~~~~~~~~~~~~~~~~~~~~~~~~~~~~~~~~~~~~~~~~~~~~~~~~~~~~~~x~~~~~~~~~~~~~~~~~~~~~~~~~~~~~~~~~~~~~~~~~~~~~~~~~~~~~~~~~~~~~~~~~~~~~~~~~~~~~~~~~~~~~~~~~~~~~~~~~~~~~~~~~~~~~~~~~~~~~~~~~~~~~~~~~~~~~~~~~~~~~~~~~~~~~~~~~~~~~~~~~~~~~~~~~~~~~~~~~~~~~~~~~~~~~~~~~~~~~~~~~~~~~~~~~~~~~~~~~~~~~~~~~~~~~~~~~~~~~~~~~~~~~~~~~~~~~~~~~~~~~~~~~~~~~~~~~~~~~~~~~~~~~~~~~~~~~~~~~~~~~~~~~~~~~~~~~~~~~~~~~~~~~~~~~~~~~~~~~~~~~~~~~~~~~~~~~~~~~~~~~~~~~~~~~~~~~~~~~~~~~~~~~~~~~~~~~~~~~~~~~~~~~~~~~~~~~~~~~~~~~~~~~~~~~~~~~~~~~~~~~~~~~~~~~~~~~~~~~~~~~~~~~~~~~~~~~~~~~~~~~~~~~~~~~~~~~~~~~~~~~~~~~~~~~~~~~~~~~~~~~~~~~~~~~~~~~~~~~~~~~~~~~~~~~~~~~~~~~~~~~~~~~~~~~~~~~~~~~~~~~~~~~~~~~~~~~~~~~~~~~~~~~~~~~~~~~~~~~~~~~~~~~~~~~~~~~~~~~~~~~~~~~~~~~~~~~~~~~~~~~~~~~~~~~~~~~~~~~~~~~~~~~~~~~~~~~~~~~~~~~~~~~~~~~~~~~~~~~~~~~~~~~~~~~~~~~~~~~~~~~~~~~~~~~~~~~~~~~~~~~~~~~~~~~~~~~~~~~~~~~~~~~~~~~~~~~~~~~~~~~~~~~~~~~~~~~~~~~~~~~~~~~~~~~~~~~~~~~~~~~~~~~~~~~~~~~~~~~~~~~~~~~~~~~~~~~~~~~~~~~~~~~~~~~~~~~~~~~~~~~~~~~~~~~~~~~~~~~~~~~~~~~~~~~~~~~~~~~~~~~~~~~~~~~~~~~~~~~~~~~~~~~~~~~~~~~~~~~~~~~~~~~~~~~~~~~~~~~~~~~~~~~~~~~~~~~~~~~~~~~~~~~~~~~~~~~~~~~~~~~~~~~~~~~~~~~~~~~~~~~~~~~~~~~~~~~~~~~~~~~~~~~~~~~~~~~~~~~~~~~~~~~~~~~~~~~~~~~~~~~~~~~~~~~~~~~~~~~~~~.{EPS=385.802,ETD=270.1}dddddd.{EPS=404.531,ETD=1457.94}dddd.{EPS=433.276,ETD=2639.31}dddddd.{EPS=447.227,ETD=3819.88}
;;;; Problem Unsolvable
; Nodes Generated: 30965
; Nodes Expanded:  12106
; Nodes Evaluated: 30965
; Nodes Tunneled:  192
; Nodes memoised with open actions: 36941
; Nodes memoised without open actions: 35171
; Nodes pruned by memoisation: 41147
; Time 98.14
