Parsing and Instantiating...
Warning: rounding numeric constants such as 6.35477 to an accuracy of 0.001
Done
One way facts...
Mutex groups...
Semaphore Facts...
Envelope Facts...
One-shot actions...
(bs-dispense c-bs input wp1 base_black) is 1 shot
(bs-dispense c-bs output wp1 base_black) is 1 shot
(bs-dispense c-bs input wp1 base_red) is 1 shot
(bs-dispense c-bs output wp1 base_red) is 1 shot
(bs-dispense c-bs input wp1 base_silver) is 1 shot
(bs-dispense c-bs output wp1 base_silver) is 1 shot
(bs-dispense c-bs input wp1 base_black) is 1 shot
(bs-dispense c-bs output wp1 base_black) is 1 shot
(bs-dispense c-bs input wp1 base_red) is 1 shot
(bs-dispense c-bs output wp1 base_red) is 1 shot
(bs-dispense c-bs input wp1 base_silver) is 1 shot
(bs-dispense c-bs output wp1 base_silver) is 1 shot
(prepare-ds r-1 c-ds gate-1) is 1 shot
(prepare-ds r-2 c-ds gate-1) is 1 shot
(prepare-ds r-1 c-ds gate-2) is 1 shot
(prepare-ds r-2 c-ds gate-2) is 1 shot
(prepare-ds r-1 c-ds gate-3) is 1 shot
(prepare-ds r-2 c-ds gate-3) is 1 shot
(wp-get-shelf r-1 cg1 c-cs1 left) is 1 shot
(wp-get-shelf r-2 cg1 c-cs1 left) is 1 shot
(wp-get-shelf r-1 cg2 c-cs1 middle) is 1 shot
(wp-get-shelf r-2 cg2 c-cs1 middle) is 1 shot
(wp-get-shelf r-1 cg3 c-cs1 right) is 1 shot
(wp-get-shelf r-2 cg3 c-cs1 right) is 1 shot
(wp-get-shelf r-1 cb1 c-cs2 left) is 1 shot
(wp-get-shelf r-2 cb1 c-cs2 left) is 1 shot
(wp-get-shelf r-1 cb2 c-cs2 middle) is 1 shot
(wp-get-shelf r-2 cb2 c-cs2 middle) is 1 shot
(wp-get-shelf r-1 cb3 c-cs2 right) is 1 shot
(wp-get-shelf r-2 cb3 c-cs2 right) is 1 shot
Integral variables...
Variable bounds...
Static numeric conditions...
Duration bounds...
TIL time window analysis...
Bounding action timestamps due to time windows...
(order-delivery-window-open o1) forms a window with range [0.000,119.372]
Bounds on (fulfill-order-c0-within-tw o1 wp1 c-ds gate-1 base_black cap_grey) (duration [0.010,0.010]):
	0: [0.000,119.362]
	1: [0.000,119.362]
	2: [0.010,119.372]
(can-commit-for-ontime-delivery o1) forms a window with range [0.000,6.150]
Bounds on (commit-to-ontime-delivery o1) (duration [0.010,0.010]):
	0: [0.000,6.149]
	1: [0.000,6.149]
	2: [0.010,6.159]
Bounds on (do-not-commit-to-ontime-delivery o1) (duration [0.010,0.010]):
	0: [0.000,6.149]
	1: [0.000,6.149]
	2: [0.010,6.159]
Dominance constraints (excluding processes and events)...
Damaging events...
Dominance constraints (including processes and events)...
Variable monotonicity...
Max/min needed values for any single precondition...
Irrelevant action pruning by backward reachability from goal...
Uninterestingness criteria...
Compression-safe actions...
Compression-safe invariants...
62% of durative actions in this problem are compression safe
Goal Goal [1]
    (order-fulfilled o1)

Finishing preprocessing.  Making a TRPG heuristic...
Making an open list...
Running WA* search (g weight = 1, h weight = 5)
{(order-delivery-window-open o1),(can-commit-for-ontime-delivery o1),(location-free start input),(location-free c-bs input),(location-free c-bs output),(location-free c-cs1 input),(location-free c-cs1 output),(location-free c-cs2 input),(location-free c-cs2 output),(location-free c-ds input),(location-free c-ds output),(cs-can-perform c-cs1 cs_retrieve),(cs-can-perform c-cs2 cs_retrieve),(wp-base-color wp1 base_none),(wp-cap-color wp1 cap_none),(wp-ring1-color wp1 ring_none),(wp-ring2-color wp1 ring_none),(wp-ring3-color wp1 ring_none),(wp-unused wp1),(robot-waiting r-1),(robot-waiting r-2),(mps-state c-bs idle),(mps-state c-cs1 idle),(mps-state c-cs2 idle),(mps-state c-ds idle),(wp-cap-color cg1 cap_grey),(wp-cap-color cg2 cap_grey),(wp-cap-color cg3 cap_grey),(wp-on-shelf cg1 c-cs1 left),(wp-on-shelf cg2 c-cs1 middle),(wp-on-shelf cg3 c-cs1 right),(wp-cap-color cb1 cap_black),(wp-cap-color cb2 cap_black),(wp-cap-color cb3 cap_black),(wp-on-shelf cb1 c-cs2 left),(wp-on-shelf cb2 c-cs2 middle),(wp-on-shelf cb3 c-cs2 right)}
[]
Initial heuristic = 26
Initial stats: t=0.02s, 7568kb
b (25 @ n=3, t=0.02s, 7568kb)Warning: self overlapping Action 320:1 at 1
b (24 @ n=21, t=0.02s, 7708kb)b (23 @ n=129, t=0.04s, 7812kb)xxx.{EPS=1190.48,ETD=20.7143}dxxb (22 @ n=484, t=0.1s, 8500kb).{EPS=1176.47,ETD=29.2222}b (21 @ n=513, t=0.11s, 8572kb)b (20 @ n=523, t=0.11s, 8572kb)b (19 @ n=531, t=0.11s, 8612kb)b (18 @ n=560, t=0.12s, 8700kb)b (17 @ n=564, t=0.12s, 8700kb)b (15 @ n=569, t=0.12s, 8788kb)b (14 @ n=572, t=0.12s, 8788kb)b (13 @ n=584, t=0.12s, 8840kb)b (12 @ n=599, t=0.12s, 8940kb)b (11 @ n=623, t=0.12s, 9008kb)dd.{EPS=920.245,ETD=19.8255}ddd.{EPS=840.336,ETD=16.5276}dd.{EPS=868.056,ETD=18.8032}dd.{EPS=845.07,ETD=18.5017}ddd.{EPS=782.998,ETD=26.5129}dd.{EPS=808.081,ETD=33.5464}ddd.{EPS=773.196,ETD=32.9042}dd.{EPS=764.526,ETD=31.8577}dd.{EPS=742.942,ETD=44.908}ddd.{EPS=720.461,ETD=50.836}dd.{EPS=740.741,ETD=58.856}b (9 @ n=3124, t=0.87s, 31648kb)b (8 @ n=3129, t=0.87s, 31648kb)b (7 @ n=3133, t=0.87s, 31732kb)dd.{EPS=739.645,ETD=58.456}dd.{EPS=705.219,ETD=56.162}ddd.{EPS=682.128,ETD=54.792}dd.{EPS=673.854,ETD=47.544}dd.{EPS=629.723,ETD=39.786}dd.{EPS=636.132,ETD=37.874}dd.{EPS=610.501,ETD=38.052}ddd.{EPS=586.166,ETD=23.386}dd.{EPS=568.828,ETD=15.416}dd.{EPS=551.876,ETD=11.816}dd.{EPS=533.618,ETD=11.99}dxd.{EPS=518.672,ETD=12.918}dd.{EPS=513.875,ETD=19.196}ddd.{EPS=515.996,ETD=19.426}dd.{EPS=518.135,ETD=34.068}dd.{EPS=496.524,ETD=34.208}dd.{EPS=492.611,ETD=35.354}dd.{EPS=473.485,ETD=35.238}dd.{EPS=470.367,ETD=33.68}ddd.{EPS=462.963,ETD=31.932}dd.{EPS=465.983,ETD=33.404}dd.{EPS=470.81,ETD=33.54}dd.{EPS=472.144,ETD=28.706}dd.{EPS=469.043,ETD=29.288}dd.{EPS=450.045,ETD=14.298}dd.{EPS=461.255,ETD=20.206}ddd.{EPS=473.934,ETD=21.552}dd.{EPS=490.196,ETD=21.312}dd.{EPS=489.237,ETD=27.326}dd.{EPS=494.071,ETD=30.58}ddx.{EPS=494.56,ETD=42.926}dd.{EPS=491.159,ETD=47.912}dd.{EPS=494.56,ETD=49.034}dd.{EPS=498.008,ETD=65.186}dd.{EPS=514.403,ETD=72.444}ddd.{EPS=501.002,ETD=73.866}dd.{EPS=493.097,ETD=137.9}ddd.{EPS=482.16,ETD=164.72}d.{EPS=491.642,ETD=228.694}dd.{EPS=499.5,ETD=260.116}dd.{EPS=476.644,ETD=284.136}dd.{EPS=488.759,ETD=318.712}dd.{EPS=485.437,ETD=342.694}ddd.{EPS=485.437,ETD=363.286}dd.{EPS=494.56,ETD=390.42}dd.{EPS=513.347,ETD=428.638}dd.{EPS=490.677,ETD=380.854}dd.{EPS=506.586,ETD=374.842}dd.{EPS=491.159,ETD=334.042}dd.{EPS=478.011,ETD=343.056}ddd.{EPS=499.5,ETD=337.09}dd.{EPS=478.927,ETD=340.842}~~~~~~~~~~~~~~~~~~~~~~~~~~~~~~~~~~~~~~~~~~~~~~~~~~~~~~~~~~~~~~~~~~~~~~~~~~~~~~~~~~~~~~~~~~~~~~~~~~~~~~~~~~~~~~~~~~~~~~~~~~~~~~~~~~~~~~~~~~~~~~~~~~~~~~~~~~~~~~~~~~~~~~~~~~~~~~~~~~~~~~~~~~~~~~~~~~~~~~~~~~~~~~~~~~~~~~~~~~~~~~~~~~~~~~~~~~~~~~~~~~~~~~~~~~~~~~~~~~~~~~~~~~~~~~~~~~~~~~~~~~~~~~~~~~~~~~~~~~~~~~~~~~~~~~~~~~~~~~~~~~~~~~~~~~~~~~~~~~~~~~~~~~~~~~~~~~~~~~~~~~~~~~~~~~~~~~~~~~~~~~~~~~~~~~~~~~~~~~~~~~~~~~~~~~~~~~~~~~~~~~~~~~~~~~~~~~~~~~~~~~~~~~~~~~~~~~~~~~~~~~~~~~~~~~~~~~~~~~~~~~~~~~~~~~~~~~~~~~~~~~~~~~~~~~~~~~~~~~~~~~~~~~~~~~~~~~~~~~~~~~~~~~~~~~~~~~~~~~~~~~~~~~~~~~~~~~~~~~~~~~~~~~~~~~~~~~~~~~~~~~~~~~~~~~~~~~~~~~~~~~~~~~~~~~~~~~~~~~~~~~~~~~~~~~~~~~~~~~~~~~~~~~~~~~~~~~~~~~~~~~~~~~~~~~~~~~~~~~~~~~~~~~~~~~~~~~~~~~~~~~~~~~~~~~~~~~~~~~~~~~~~~~~~~~~~~~~~~~~~~~~~~~~~~~~~~~~~~~~~~~~~~~~~~~~~~~~~~~~~~~~~~~~~~~~~~~~~~~~~~~~~~~~~~~~~~~~~~~~~~~~~~~~~~~~~~~~~~~~~~~~~~~~~~~~~~~~~~~~~~~~~~~~~~~~~~~~~~~~~~~~~~~~~~~~~~~~~~~~~~~~~~~~~~~~~~~~~~~~~~~~~~~~~~~~~~~~~~~~~~~~~~~~~~~~~~~~~~~~~~~~~~~~~~~~~~~~~~~~~~~~~~~~~~~~~~~~~~~~~~~~~~~~~~~~~~~~~~~~~~~~~~~~~~~~~~~~~~~~~~~~~~~~~~~~~~~~~~~~~~~~~~~~~~~~~~~~~~~~~~~~~~~~~~~~~~~~~~~~~~~~~~~~~~~~~~~~~~~~~~~~~~~~~~~~~~~~~~~~~~~~~~~~~~~~~~~~~~~~~~~~~~~~~~~~~~~~~~~~~~~~~~~~~~~~~~~~~~~~~~~~~~~~~~~~~~~~~~~~~~~~~~~~~~~~~~~~~~~~~~~~~~~~~~~~~~~~~~~~~~~~~~~~~~~~~~~~~~~~~~~~~~~~~~~~~~~~~~~~~~~~~~~~~~~~~~~~~~~~~~~~~~~~~~~~~~~~~~~~~~~~~~~~~~~~~~~~~~~~~~~~~~~~~~~~~~~~~~~~~~~~~~~~~~~~~~~~~~~~~~~~~~~~~~~~~~~~~~~~~~~~~~~~~~~~~~~~~~~~~~~~~~~~~~~~~~~~~~~~~~~~~~~~~~~~~~~~~~~~~~~~~~~~~~~~~~~~~~~~~~~~~~~~~~~~~~~~~~~~~~~~~~~~~~~~~~~~~~~~~~~~~~~~~~~~~~~~~~~~~~~~~~~~~~~~~~~~~~~~~~~~~~~~~~~~~~~~~~~~~~~~~~~~~~~~~~~~~~~~~~~~~~~~~~~~~~~~~~~~~~~~~~~~~~~~~~~~~~~~~~~~~~~~~~~~~~~~~~~~~~~~~~~~~~~~~~~~~~~~~~~~~~~~~~~~~~~~~~~~~~~~~~~~~~~~~~~~~~~~~~~~~~~~~~~~~~~~~~~~~~~~~~~~~~~~~~~~~~~~~~~~~~~~~~~~~~~~~~~~~~~~~~~~~~~~~~~~~~~~~~~~~~~~~~~~~~~~~~~~~~~~~~~~~~~~~~~~~~~~~~~~~~~~~~~~~~~~~~~~~~~~~~~~~~~~~~~~~~~~~~~~~~~~~~~~~~~~~~~~~~~~~~~~~~~~~~~~~~~~~~~~~~~~~~~~~~~~~~~~~~~~~~~~~~~~~~~~~~~~~~~~~~~~~~~~~~~~~~~~~~~~~~~~~~~~~~~~~~~~~~~~~~~~~~~~~~~~~~~~~~~~~~~~~~~~~~~~~~~~~~~~~~~~~~~~~~~~~~~~~~~~~~~~~~~~~~~~~~~~~~~~~~~~~~~~~~~~~~~~~~~~~~~~~~~~~~~~~~~~~~~~~~~~~~~~~~~~~~~~~~~~~~~~~~~~~~~~~~~~~~~~~~~~~~~~~~~~~~~~~~~~~~~~~~~~~~~~~~~~~~~~~~~~~~~~~~~~~~~~~~~~~~~~~~~~~~~~~~~~~~~~~~~~~~~~~~~~~~~~~~~~~~~~~~~~~~~~~~~~~~~~~~~~~~~~~~~~~~~~~~~~~~~~~~~~~~~~~~~~~~~~~~~~~~~~~~~~~~~~~~~~~~~~~~~~~~~~~~~~~~~~~~~~~~~~~~~~~~~~~~~~~~~~~~~~~~~~~~~~~~~~~~~~~~~~~~~~~~~~~~~~~~~~~~~~~~~~~~~~~~~~~~~~~~~~~~~~~~~~~~~~~~~~~~~~~~~~~~~~~~~~~~~~~~~~~~~~~~~~~~~~~~~~~~~~~~~~~~~~~~~~~~~~~~~~~~~~~~~~~~~~~~~~~~~~~~~~~~~~~~~~~~~~~~~~~~~~~~~~~~~~~~~~~~~~~~~~~~~~~~~~~~~~~~~~~~~~~~~~~~~~~~~~~~~~~~~~~~~~~~~~~~~~~~~~~~~~~~~~~~~~~~~~~~~~~~~~~~~~~~~~~~~~~~~~~~~~~~~~~~~~~~~~~~~~~~~~~~~~~~~~~~~~~~~~~~~~~~~~~~~~~~~~~~~~~~~~~~~~~~~~~~~~~~~~~~~~~~~~~~~~~~~~~~~~~~~~~~~~~~~~~~~~~~~~~~~ddx.{EPS=504.032,ETD=589.606}d
;;;; Problem Unsolvable
; Nodes Generated: 13313
; Nodes Expanded:  3324
; Nodes Evaluated: 13311
; Nodes Tunneled:  62
; Nodes memoised with open actions: 1937
; Nodes memoised without open actions: 14032
; Nodes pruned by memoisation: 2656
; Time 6.17
