Parsing and Instantiating...
Warning: rounding numeric constants such as 12.0298 to an accuracy of 0.001
Done
One way facts...
Mutex groups...
Semaphore Facts...
Envelope Facts...
One-shot actions...
(bs-dispense c-bs input wp1 base_black) is 1 shot
(bs-dispense c-bs output wp1 base_black) is 1 shot
(bs-dispense c-bs input wp1 base_red) is 1 shot
(bs-dispense c-bs output wp1 base_red) is 1 shot
(bs-dispense c-bs input wp1 base_silver) is 1 shot
(bs-dispense c-bs output wp1 base_silver) is 1 shot
(bs-dispense c-bs input wp1 base_black) is 1 shot
(bs-dispense c-bs output wp1 base_black) is 1 shot
(bs-dispense c-bs input wp1 base_red) is 1 shot
(bs-dispense c-bs output wp1 base_red) is 1 shot
(bs-dispense c-bs input wp1 base_silver) is 1 shot
(bs-dispense c-bs output wp1 base_silver) is 1 shot
(prepare-ds r-1 c-ds gate-1) is 1 shot
(prepare-ds r-2 c-ds gate-1) is 1 shot
(prepare-ds r-3 c-ds gate-1) is 1 shot
(prepare-ds r-1 c-ds gate-2) is 1 shot
(prepare-ds r-2 c-ds gate-2) is 1 shot
(prepare-ds r-3 c-ds gate-2) is 1 shot
(prepare-ds r-1 c-ds gate-3) is 1 shot
(prepare-ds r-2 c-ds gate-3) is 1 shot
(prepare-ds r-3 c-ds gate-3) is 1 shot
(wp-get-shelf r-1 cg1 c-cs1 left) is 1 shot
(wp-get-shelf r-2 cg1 c-cs1 left) is 1 shot
(wp-get-shelf r-3 cg1 c-cs1 left) is 1 shot
(wp-get-shelf r-1 cg2 c-cs1 middle) is 1 shot
(wp-get-shelf r-2 cg2 c-cs1 middle) is 1 shot
(wp-get-shelf r-3 cg2 c-cs1 middle) is 1 shot
(wp-get-shelf r-1 cg3 c-cs1 right) is 1 shot
(wp-get-shelf r-2 cg3 c-cs1 right) is 1 shot
(wp-get-shelf r-3 cg3 c-cs1 right) is 1 shot
(wp-get-shelf r-1 cb1 c-cs2 left) is 1 shot
(wp-get-shelf r-2 cb1 c-cs2 left) is 1 shot
(wp-get-shelf r-3 cb1 c-cs2 left) is 1 shot
(wp-get-shelf r-1 cb2 c-cs2 middle) is 1 shot
(wp-get-shelf r-2 cb2 c-cs2 middle) is 1 shot
(wp-get-shelf r-3 cb2 c-cs2 middle) is 1 shot
(wp-get-shelf r-1 cb3 c-cs2 right) is 1 shot
(wp-get-shelf r-2 cb3 c-cs2 right) is 1 shot
(wp-get-shelf r-3 cb3 c-cs2 right) is 1 shot
Integral variables...
Variable bounds...
Static numeric conditions...
Duration bounds...
TIL time window analysis...
Bounding action timestamps due to time windows...
(order-delivery-window-open o1) forms a window with range [0.000,150.000]
Bounds on (fulfill-order-c0-within-tw o1 wp1 c-ds gate-2 base_silver cap_black) (duration [0.010,0.010]):
	0: [0.000,149.990]
	1: [0.000,149.990]
	2: [0.010,150.000]
(can-commit-for-ontime-delivery o1) forms a window with range [0.000,15.000]
Bounds on (commit-to-ontime-delivery o1) (duration [0.010,0.010]):
	0: [0.000,14.999]
	1: [0.000,14.999]
	2: [0.010,15.009]
Bounds on (do-not-commit-to-ontime-delivery o1) (duration [0.010,0.010]):
	0: [0.000,14.999]
	1: [0.000,14.999]
	2: [0.010,15.009]
Dominance constraints (excluding processes and events)...
Damaging events...
Dominance constraints (including processes and events)...
Variable monotonicity...
Max/min needed values for any single precondition...
Irrelevant action pruning by backward reachability from goal...
Uninterestingness criteria...
Compression-safe actions...
Compression-safe invariants...
64% of durative actions in this problem are compression safe
Goal Goal [1]
    (order-fulfilled o1)

Finishing preprocessing.  Making a TRPG heuristic...
Making an open list...
Running WA* search (g weight = 1, h weight = 5)
{(order-delivery-window-open o1),(can-commit-for-ontime-delivery o1),(location-free start input),(location-free c-bs input),(location-free c-bs output),(location-free c-cs1 input),(location-free c-cs1 output),(location-free c-cs2 input),(location-free c-cs2 output),(location-free c-ds input),(location-free c-ds output),(cs-can-perform c-cs1 cs_retrieve),(cs-can-perform c-cs2 cs_retrieve),(wp-base-color wp1 base_none),(wp-cap-color wp1 cap_none),(wp-ring1-color wp1 ring_none),(wp-ring2-color wp1 ring_none),(wp-ring3-color wp1 ring_none),(wp-unused wp1),(robot-waiting r-1),(robot-waiting r-2),(robot-waiting r-3),(mps-state c-bs idle),(mps-state c-cs1 idle),(mps-state c-cs2 idle),(mps-state c-ds idle),(wp-cap-color cg1 cap_grey),(wp-cap-color cg2 cap_grey),(wp-cap-color cg3 cap_grey),(wp-on-shelf cg1 c-cs1 left),(wp-on-shelf cg2 c-cs1 middle),(wp-on-shelf cg3 c-cs1 right),(wp-cap-color cb1 cap_black),(wp-cap-color cb2 cap_black),(wp-cap-color cb3 cap_black),(wp-on-shelf cb1 c-cs2 left),(wp-on-shelf cb2 c-cs2 middle),(wp-on-shelf cb3 c-cs2 right)}
[]
Initial heuristic = 28
Initial stats: t=0.02s, 8092kb
b (26 @ n=3, t=0.02s, 8092kb)b (23 @ n=7, t=0.02s, 8092kb)b (22 @ n=23, t=0.03s, 8092kb)Warning: self overlapping Action 434:1 at 1
b (21 @ n=97, t=0.04s, 8212kb)xd.{EPS=980.392,ETD=20.2857}xxxxb (20 @ n=470, t=0.11s, 8936kb).{EPS=1041.67,ETD=40.0404}b (19 @ n=528, t=0.12s, 9016kb)db (18 @ n=577, t=0.13s, 9244kb)b (17 @ n=587, t=0.13s, 9244kb)b (16 @ n=600, t=0.13s, 9376kb)b (14 @ n=609, t=0.14s, 9376kb)b (13 @ n=625, t=0.14s, 9508kb)dd.{EPS=697.674,ETD=27.1409}dddb (11 @ n=1275, t=0.34s, 14740kb)b (10 @ n=1284, t=0.34s, 14800kb)b (9 @ n=1290, t=0.34s, 14892kb).{EPS=602.41,ETD=21.4221}b (7 @ n=1344, t=0.35s, 15404kb)dxdx.{EPS=661.376,ETD=19.2088}xxx.{EPS=722.892,ETD=18.2007}dxxx.{EPS=779.51,ETD=19.2292}xx.{EPS=819.672,ETD=19.5238}xdxx.{EPS=867.052,ETD=20.1047}xx.{EPS=909.091,ETD=20.0782}xxxx.{EPS=939.85,ETD=19.892}xxxx.{EPS=959.693,ETD=16.022}xxx.{EPS=1157.41,ETD=17.518}xxxx.{EPS=1436.78,ETD=19.608}xxx.{EPS=1483.68,ETD=21.322}xxx.{EPS=1501.5,ETD=22.15}xxx.{EPS=1506.02,ETD=25.594}xxd.{EPS=1543.21,ETD=33.198}xxx.{EPS=1557.63,ETD=35.412}xx.{EPS=1497.01,ETD=38.732}dxdx.{EPS=1445.09,ETD=37.898}xxx.{EPS=1428.57,ETD=37.138}dxxx.{EPS=1377.41,ETD=37.904}xx.{EPS=1366.12,ETD=37.858}dxx.{EPS=1373.63,ETD=37.156}xxxx.{EPS=1373.63,ETD=37.964}xxx.{EPS=1373.63,ETD=33.416}xxxx.{EPS=1351.35,ETD=25.782}xxx.{EPS=1326.26,ETD=23.488}xxx.{EPS=1355.01,ETD=20.038}xxxx.{EPS=1377.41,ETD=21.856}xxx.{EPS=1377.41,ETD=23.636}xxx.{EPS=1420.45,ETD=25.332}xdxx.{EPS=1416.43,ETD=32.564}xxx.{EPS=1408.45,ETD=37.538}dx.{EPS=1322.75,ETD=37.542}dxx.{EPS=1262.63,ETD=37.482}xdx.{EPS=1246.88,ETD=37.094}xxxx.{EPS=1228.5,ETD=37.608}dxx.{EPS=1196.17,ETD=39.584}xx.{EPS=1199.04,ETD=39.232}xxx.{EPS=1210.65,ETD=38.172}xxx.{EPS=1193.32,ETD=37.438}xxx.{EPS=1187.65,ETD=31.004}xxxx.{EPS=1179.25,ETD=25.708}xxx.{EPS=1225.49,ETD=25.354}xxdx.{EPS=1256.28,ETD=26.83}xxx.{EPS=1262.63,ETD=27.248}xxxx.{EPS=1256.28,ETD=27.622}xxxx.{EPS=1275.51,ETD=28.452}xx.{EPS=1278.77,ETD=31.93}xd.{EPS=1091.7,ETD=34.394}dddd.{EPS=860.585,ETD=31.348}ddd.{EPS=700.28,ETD=28.324}dddd.{EPS=574.713,ETD=26.786}ddd.{EPS=484.966,ETD=24.558}ddd.{EPS=421.941,ETD=23.568}ddd.{EPS=367.377,ETD=21.606}ddd.{EPS=320.307,ETD=18.464}dxddd.{EPS=283.768,ETD=14.086}ddd.{EPS=251.889,ETD=8.52}ddd.{EPS=232.019,ETD=4.162}ddd.{EPS=220.653,ETD=4.252}ddd.{EPS=208.247,ETD=4.332}ddd.{EPS=198.649,ETD=4.582}dddd.{EPS=187.336,ETD=4.402}ddd.{EPS=175.932,ETD=2.954}dddx.{EPS=166.722,ETD=3.28}ddd.{EPS=160.411,ETD=4.412}ddd.{EPS=154.273,ETD=5.15}dd.{EPS=150.966,ETD=11.582}dddd.{EPS=147.275,ETD=11.644}ddxd.{EPS=142.045,ETD=11.54}ddd.{EPS=138.313,ETD=11.612}ddd.{EPS=135.575,ETD=12.388}ddd.{EPS=134.409,ETD=13.096}dxxx.{EPS=141.283,ETD=211.838}xxx.{EPS=155.618,ETD=533.776}xxx.{EPS=171.116,ETD=830.756}xxxx.{EPS=192.308,ETD=1087.21}xxx.{EPS=214.5,ETD=1321.46}xxxx.{EPS=245.459,ETD=1509.6}xxx.{EPS=295.858,ETD=1681.66}xxxx.{EPS=382.555,ETD=1728.53}xxx.{EPS=537.634,ETD=1745.82}xxx.{EPS=910.747,ETD=1761.87}xx.{EPS=1362.4,ETD=1601.87}xd.{EPS=850.34,ETD=1321.67}xddx.{EPS=593.12,ETD=1025.76}xdx.{EPS=438.212,ETD=770.594}xdx.{EPS=362.845,ETD=533.636}xxdx.{EPS=315.06,ETD=351.254}xdxx.{EPS=275.786,ETD=186.586}xx.{EPS=243.191,ETD=148.96}xdxx.{EPS=216.263,ETD=141.736}xxx.{EPS=197.161,ETD=137.32}xxd.{EPS=179.147,ETD=112.292}xxx.{EPS=180.963,ETD=85.222}xdxx.{EPS=187.266,ETD=98.9}xxx.{EPS=196.541,ETD=113.99}xdx.{EPS=195.925,ETD=128.12}xx.{EPS=198.728,ETD=141.366}xxdx.{EPS=199.681,ETD=154.002}xxxx.{EPS=205.002,ETD=165.912}xx.{EPS=205.423,ETD=177.142}dxx.{EPS=200.803,ETD=188.494}~~~~~~~~~~~~~~~~~~~~~~~~~~~~~~~~~~~~~~~~~~~~~~~~~~~~~~~~~~~~~~~~~~~~~~~~~~~~~~~~~~~~~~~~~~~~~~~~~~~~~~~~~~~~~~~~~~~~~~~~~~~~~~~~~~~~~~~~~~~~~~~~~~~~~~~~~~~~~~~~~~~~~~~~~~~~~~~~~~~~~~~~~~~~~~~~~~~~~~~~~~~~~~~~~~~~~~~~~~~~~~~~~~~~~~~~~~~~~~~~~~~~~~~~~~~~~~~~~~~~~~~~~~~~~~~~~~~~~~~~~~~~~~~~~~~~~~~~~~~~~~~~~~~~~~~~~~~~~~~~~~~~~~~~~~~~~~~~~~~~~~~~~~~~~~~~~~~~~~~~~~~~~~~~~~~~~~~~~~~~~~~~~~~~~~~~~~~~~~~~~~~~~~~~~~~~~~~~~~~~~~~~~~~~~~~~~~~~~~~~~~~~~~~~~~~~~~~~~~~~~~~~~~~~~~~~~~~~~~~~~~~~~~~~~~~~~~~~~~~~~~~~~~~~~~~~~~~~~~~~~~~~~~~~~~~~~~~~~~~~~~~~~~~~~~~~~~~~~~~~~~~~~~~~~~~~~~~~~~~~~~~~~~~~~~~~~~~~~~~~~~~~~~~~~~~~~~~~~~~~~~~~~~~~~~~~~~~~~~~~~~~~~~~~~~~~~~~~~~~~~~~~~~~~~~~~~~~~~~~~~~~~~~~~~~~~~~~~~~~~~~~~~~~~~~~~~~~~~~~~~~~~~~~~~~~~~~~~~~~~~~~~~~~~~~~~~~~~~~~~~~~~~~~~~~~~~~~~~~~~~~~~~~~~~~~~~~~~~~~~~~~~~~~~~~~~~~~~~~~~~~~~~~~~~~~~~~~~~~~~~~~~~~~~~~~~~~~~~~~~~~~~~~~~~~~~~~~~~~~~~~~~~~~~~~~~~~~~~~~~~~~~~~~~~~~~~~~~~~~~~~~~~~~~~~~~~~~~~~~~~~~~~~~~~~~~~~~~~~~~~~~~~~~~~~~~~~~~~~~~~~~~~~~~~~~~~~~~~~~~~~~~~~~~~~~~~~~~~~~~~~~~~~~~~~~~~~~~~~~~~~~~~~~~~~~~~~~~~~~~~~~~~~~~~~~~~~~~~~~~~~~~~~~~~~~~~~~~~~~~~~~~~~~~~~~~~~~~~~~~~~~~~~~~~~~~~~~~~~~~~~~~~~~~~~~~~~~~~~~~~~~~~~~~~~~~~~~~~~~~~~~~~~~~~~~~~~~~~~~~~~~~~~~~~~~~~~~~~~~~~~~~~~~~~~~~~~~~~~~~~~~~~~~~~~~~~~~~~~~~~~~~~~~~~~~~~~~~~~~~~~~~~~~~~~~~~~~~~~~~~~~~~~~~~~~~~~~~~~~~~~~~~~~~~~~~~~~~~~~~~~~~~~~~~~~~~~~~~~~~~~~~~~~~~~~~~~~~~~~~~~~~~~~~~~~~~~~~~~~~~~~~~~~~~~~~~~~~~~~~~~~~~~~~~~~~~~~~~~~~~~~~~~~~~~~~~~~~~~~~~~~~~~~~~~~~~~~~~~~~~~~~~~~~~~~~~~~~~~~~~~~~~~~~~~~~~~~~~~~~~~~~~~~~~~~~~~~~~~~~~~~~~~~~~~~~~~~~~~~~~~~~~~~~~~~~~~~~~~~~~~~~~~~~~~~~~~~~~~~~~~~~~~~~~~~~~~~~~~~~~~~~~~~~~~~~~~~~~~~~~~~~~~~~~~~~~~~~~~~~~~~~~~~~~~~~~~~~~~~~~~~~~~~~~~~~~~~~~~~~~~~~~~~~~~~~~~~~~~~~~~~~~~~~~~~~~~~~~~~~~~~~~~~~~~~~~~~~~~~~~~~~~~~~~~~~~~~~~~~~~~~~~~~~~~~~~~~~~~~~~~~~~~~~~~~~~~~~~~~~~~~~~~~~~~~~~~~~~~~~~~~~~~~~~~~~~~~~~~~~~~~~~~~~~~~~~~~~~~~~~~~~~~~~~~~~~~~~~~~~~~~~~~~~~~~~~~~~~~~~~~~~~~~~~~~~~~~~~~~~~~~~~~~~~~~~~~~~~~~~~~~~~~~~~~~~~~~~~~~~~~~~~~~~~~~~~~~~~~~~~~~~~~~~~~~~~~~~~~~~~~~~~~~~~~~~~~~~~~~~~~~~~~~~~~~~~~~~~~~~~~~~~~~~~~~~~~~~~~~~~~~~~~~~~~~~~~~~~~~~~~~~~~~~~~~~~~~~~~~~~~~~~~~~~~~~~~~~~~~~~~~~~~~~~~~~~~~~~~~~~~~~~~~~~~~~~~~~~~~~~~~~~~~~~~~~~~~~~~~~~~~~~~~~~~~~~~~~~~~~~~~~~~~~~~~~~~~~~~~~~~~~~~~~~~~~~~~~~~~~~~~~~~~~~~~~~~~~~~~~~~~~~~~~~~~~~~~~~~~~~~~~~~~~~~~~~~~~~~~~~~~~~~~~~~~~~~~~~~~~~~~~~~~~~~~~~~~~~~~~~~~~~~~~~~~~~~~~~~~~~~~~~~~~~~~~~~~~~~~~~~~~~~~~~~~~~~~~~~~~~~~~~~~~~~~~~~~~~~~~~~~~~~~~~~~~~~~~~~~~~~~~~~~~~~~~~~~~~~~~~~~~~~~~~~~~~~~~~~~~~~~~~~~~~~~~~~~~~~~~~~~~~~~~~~~~~~~~~~~~~~~~~~~~~~~~~~~~~~~~~~~~~~~~~~~~~~~~~~~~~~~~~~~~~~~~~~~~~~~~~~~~~~~~~~~~~~~~~~~~~~~~~~~~~~~~~~~~~~~~~~~~~~~~~~~~~~~~~~~~~~~~~~~~~~~~~~~~~~~~~~~~~~~~~~~~~~~~~~~~~~~~~~~~~~~~~~~~~~~~~~~~~~~~~~~~~~~~~~~~~~~~~~~~~~~~~~~~~~~~~~~~~~~~~~~~~~~~~~~~~~~~~~~~~~~~~~~~~~~~~~~~~~~~~~~~~~~~~~~~~~~~~~~~~~~~~~~~~~~~~~~~~~~~~~~~~~~~~~~~~~~~~~~~~~~~~~~~~~~~~~~~~~~~~~~~~~~~~~~~~~~~~~~~~~~~~~~~~~~~~~~~~~~~~~~~~~~~~~~~~~~~~~~~~~~~~~~~~~~~~~~~~~~~~~~~~~~~~~~~~~~~~~~~~~~~~~~~~~~~~~~~~~~~~~~~~~~~~~~~~~~~~~~~~~~~~~~~~~~~~~~~~~~~~~~~~~~~~~~~~~~~~~~~~~~~~~~~~~~~~~~~~~~~~~~~~~~~~~~~~~~~~~~~~~~~~~~~~~~~~~~~~~~~~~~~~~~~~~~~~~~~~~~~~~~~~~~~~~~~~~~~~~~~~~~~~~~~~~~~~~~~~~~~~~~~~~~~~~~~~~~~~~~~~~~~~~~~~~~~~~~~~~~~~~~~~~~~~~~~~~~~~~~~~~~~~~~~~~~~~~~~~~~~~~~~~~~~~~~~~~~~~~~~~~~~~~~~~~~~~~~~~~~~~~~~~~~~~~~~~~~~~~~~~~~~~~~~~~~~~~~~~~~~~~~~~~~~~~~~~~~~~~~~~~~~~~~~~~~~~~~~~~~~~~~~~~~~~~~~~~~~~~~~~~~~~~~~~~~~~~~~~~~~~~~~~~~~~~~~~~~~~~~~~~~~~~~~~~~~~~~~~~~~~~~~~~~~~~~~~~~~~~~~~~~~~~~~~~~~~~~~~~~~~~~~~~~~~~~~~~~~~~~~~~~~~~~~~~~~~~~~~~~~~~~~~~~~~~~~~~~~~~~~~~~~~~~~~~~~~~~~~~~~~~~~~~~~~~~~~~~~~~~~~~~~~~~~~~~~~~~~~~~~~~~~~~~~~~~~~~~~~~~~~~~~~~~~~~~~~~~~~~~~~~~~~~~~~~~~~~~~~~~~~~~~~~~~~~~~~~~~~~~~~~~~~~~~~~~~~~~~~~~~~~~~~~~~~~~~~~~~~~~~~~~~~~~~~~~~~~~~~~~~~~~~~~~~~~~~~~~~~~~~~~~~~~~~~~~~~~~~~~~~~~~~~~~~~~~~~~~~~~~~~~~~~~~~~~~~~~~~~~~~~~~~~~~~~~~~~~~~~~~~~~~~~~~~~~~~~~~~~~~~~~~~~~~~~~~~~~~~~~~~~~~~~~~~~~~~~~~~~~~~~~~~~~~~~~~~~~~~~~~~~~~~~~~~~~~~~~~~~~~~~~~xddd.{EPS=212.224,ETD=573.414}ddd.{EPS=232.019,ETD=1089.35}ddxddd.{EPS=251.383,ETD=1605.87}dddxdddd.{EPS=267.523,ETD=2124.92}ddddx.{EPS=302.48,ETD=2645.74}ddddd.{EPS=330.907,ETD=3167.81}dddxd.{EPS=374.251,ETD=3627.24}dddd.{EPS=408.163,ETD=3913.45}ddd.{EPS=471.698,ETD=4198.25}ddd.{EPS=576.037,ETD=4477.2}ddx.{EPS=598.086,ETD=4376.57}ddd.{EPS=561.167,ETD=4143.23}xddd.{EPS=541.126,ETD=3907.44}ddx.{EPS=538.793,ETD=3665.09}ddd.{EPS=524.659,ETD=3417.7}dd.{EPS=506.073,ETD=3164.82}ddd.{EPS=479.846,ETD=2969.12}ddd.{EPS=457.038,ETD=2939.56}xdd.{EPS=442.087,ETD=2903.83}ddd.{EPS=423.012,ETD=2866.5}dd.{EPS=409.836,ETD=2825.9}d
;;;; Problem Unsolvable
; Nodes Generated: 19524
; Nodes Expanded:  6365
; Nodes Evaluated: 19522
; Nodes Tunneled:  1056
; Nodes memoised with open actions: 23170
; Nodes memoised without open actions: 12582
; Nodes pruned by memoisation: 16228
; Time 17.14
