Parsing and Instantiating...
Warning: rounding numeric constants such as 3.92144 to an accuracy of 0.001
Done
One way facts...
Mutex groups...
Semaphore Facts...
Envelope Facts...
One-shot actions...
(bs-dispense c-bs input wp1 base_black) is 1 shot
(bs-dispense c-bs output wp1 base_black) is 1 shot
(bs-dispense c-bs input wp1 base_red) is 1 shot
(bs-dispense c-bs output wp1 base_red) is 1 shot
(bs-dispense c-bs input wp1 base_silver) is 1 shot
(bs-dispense c-bs output wp1 base_silver) is 1 shot
(bs-dispense c-bs input wp1 base_black) is 1 shot
(bs-dispense c-bs output wp1 base_black) is 1 shot
(bs-dispense c-bs input wp1 base_red) is 1 shot
(bs-dispense c-bs output wp1 base_red) is 1 shot
(bs-dispense c-bs input wp1 base_silver) is 1 shot
(bs-dispense c-bs output wp1 base_silver) is 1 shot
(prepare-ds r-1 c-ds gate-1) is 1 shot
(prepare-ds r-1 c-ds gate-2) is 1 shot
(prepare-ds r-1 c-ds gate-3) is 1 shot
(wp-get-shelf r-1 cg1 c-cs1 left) is 1 shot
(wp-get-shelf r-1 cg2 c-cs1 middle) is 1 shot
(wp-get-shelf r-1 cg3 c-cs1 right) is 1 shot
(wp-get-shelf r-1 cb1 c-cs2 left) is 1 shot
(wp-get-shelf r-1 cb2 c-cs2 middle) is 1 shot
(wp-get-shelf r-1 cb3 c-cs2 right) is 1 shot
Integral variables...
Variable bounds...
Static numeric conditions...
Duration bounds...
TIL time window analysis...
Bounding action timestamps due to time windows...
(order-delivery-window-open o1) forms a window with range [0.000,280.719]
Bounds on (fulfill-order-c0-within-tw o1 wp1 c-ds gate-2 base_silver cap_grey) (duration [0.010,0.010]):
	0: [0.000,280.709]
	1: [0.000,280.709]
	2: [0.010,280.719]
(can-commit-for-ontime-delivery o1) forms a window with range [0.000,80.450]
Bounds on (commit-to-ontime-delivery o1) (duration [0.010,0.010]):
	0: [0.000,80.449]
	1: [0.000,80.449]
	2: [0.010,80.459]
Bounds on (do-not-commit-to-ontime-delivery o1) (duration [0.010,0.010]):
	0: [0.000,80.449]
	1: [0.000,80.449]
	2: [0.010,80.459]
Dominance constraints (excluding processes and events)...
Damaging events...
Dominance constraints (including processes and events)...
Variable monotonicity...
Max/min needed values for any single precondition...
Irrelevant action pruning by backward reachability from goal...
Uninterestingness criteria...
Compression-safe actions...
Compression-safe invariants...
59% of durative actions in this problem are compression safe
Goal Goal [1]
    (order-fulfilled o1)

Finishing preprocessing.  Making a TRPG heuristic...
Making an open list...
Running WA* search (g weight = 1, h weight = 5)
{(order-delivery-window-open o1),(can-commit-for-ontime-delivery o1),(location-free start input),(location-free c-bs input),(location-free c-bs output),(location-free c-cs1 input),(location-free c-cs1 output),(location-free c-cs2 input),(location-free c-cs2 output),(location-free c-ds input),(location-free c-ds output),(cs-can-perform c-cs1 cs_retrieve),(cs-can-perform c-cs2 cs_retrieve),(wp-base-color wp1 base_none),(wp-cap-color wp1 cap_none),(wp-ring1-color wp1 ring_none),(wp-ring2-color wp1 ring_none),(wp-ring3-color wp1 ring_none),(wp-unused wp1),(robot-waiting r-1),(mps-state c-bs idle),(mps-state c-cs1 idle),(mps-state c-cs2 idle),(mps-state c-ds idle),(wp-cap-color cg1 cap_grey),(wp-cap-color cg2 cap_grey),(wp-cap-color cg3 cap_grey),(wp-on-shelf cg1 c-cs1 left),(wp-on-shelf cg2 c-cs1 middle),(wp-on-shelf cg3 c-cs1 right),(wp-cap-color cb1 cap_black),(wp-cap-color cb2 cap_black),(wp-cap-color cb3 cap_black),(wp-on-shelf cb1 c-cs2 left),(wp-on-shelf cb2 c-cs2 middle),(wp-on-shelf cb3 c-cs2 right)}
[]
Initial heuristic = 25
Initial stats: t=0.01s, 7180kb
b (24 @ n=6, t=0.01s, 7180kb)b (22 @ n=7, t=0.02s, 7180kb)b (21 @ n=13, t=0.02s, 7180kb)Warning: self overlapping Action 206:1 at 1
b (20 @ n=72, t=0.02s, 7312kb)xd.{EPS=1785.71,ETD=20.8571}xb (19 @ n=313, t=0.05s, 7712kb)x.{EPS=1818.18,ETD=38.8384}db (18 @ n=483, t=0.07s, 8088kb)b (16 @ n=503, t=0.07s, 8088kb)b (14 @ n=526, t=0.07s, 8204kb)b (13 @ n=611, t=0.09s, 8524kb)db (11 @ n=630, t=0.09s, 8636kb)xd.{EPS=1595.74,ETD=26.7315}dxdx.{EPS=1639.34,ETD=23.0955}xdxx.{EPS=1724.14,ETD=21.0723}xxxx.{EPS=1840.49,ETD=21.5351}dx.{EPS=1785.71,ETD=19.1404}xdx.{EPS=1709.4,ETD=16.8872}xdx.{EPS=1636.36,ETD=15.1381}xdx.{EPS=1519.76,ETD=13.7234}dx.{EPS=1392.76,ETD=11.77}xdx.{EPS=1234.57,ETD=6.226}xdx.{EPS=1121.08,ETD=6.068}xdx.{EPS=972.763,ETD=4.948}dxx.{EPS=822.368,ETD=3.76}dx.{EPS=699.301,ETD=1.482}xdx.{EPS=598.802,ETD=1.116}xdx.{EPS=523.56,ETD=1.118}xdx.{EPS=449.236,ETD=1.102}dx.{EPS=396.511,ETD=1.118}xdx.{EPS=345.543,ETD=1.102}xdx.{EPS=306.185,ETD=1.118}xdx.{EPS=271.739,ETD=1.106}dxx.{EPS=241.779,ETD=1.114}dx.{EPS=218.627,ETD=1.106}xdx.{EPS=195.312,ETD=1.116}xdx.{EPS=178.253,ETD=1.118}xdx.{EPS=159.541,ETD=1.102}dx.{EPS=146.8,ETD=1.118}xdd.{EPS=126.678,ETD=1.12}dd.{EPS=102.27,ETD=1.05}dd.{EPS=82.4402,ETD=0.966}ddd.{EPS=66.6489,ETD=0.894}dd.{EPS=54.136,ETD=0.812}dd.{EPS=44.3262,ETD=0.74}ddd.{EPS=36.6435,ETD=0.658}dd.{EPS=30.3453,ETD=0.572}dd.{EPS=25.4479,ETD=0.504}ddd.{EPS=21.3794,ETD=0.42}dd.{EPS=18.2063,ETD=0.332}dd.{EPS=15.8038,ETD=0.334}ddd.{EPS=13.7946,ETD=0.334}dd.{EPS=12.106,ETD=0.332}dd.{EPS=10.6876,ETD=0.334}ddd.{EPS=9.44626,ETD=0.334}dd.{EPS=8.37914,ETD=0.332}dd~~~~~~~~~~~~~~.{EPS=7.95596,ETD=2.38}ddd.{EPS=7.92908,ETD=13.586}ddd.{EPS=8.02169,ETD=34.832}dd.{EPS=8.24538,ETD=66.042}ddd.{EPS=8.61326,ETD=107.286}ddd.{EPS=9.17398,ETD=158.532}dd.{EPS=10.0146,ETD=219.742}ddd.{EPS=11.2732,ETD=290.986}ddd.{EPS=13.3202,ETD=372.196}dd.{EPS=16.9262,ETD=463.442}ddd.{EPS=20.4583,ETD=562.608}dd~d.{EPS=23.051,ETD=662.644}dd.{EPS=26.0634,ETD=762.612}ddd.{EPS=29.6261,ETD=862.646}d~dd.{EPS=33.7633,ETD=962.644}dd.{EPS=38.7807,ETD=1062.64}ddd.{EPS=44.7989,ETD=1162.65}ddd.{EPS=52.1648,ETD=1265.89}dd.{EPS=61.1845,ETD=1378.77}d~d~d.{EPS=72.5584,ETD=1501.67}d~~~~~~~~~~~~~~~~~~~~~~~~~~~~~~~~~~~~~~~~~~~~~~~~~~~~~~~~~~~~~~~~~~~~~~~~~~~~~~~~~~~~~~~~~~~~~~~~~~~~~~~~~~~~~~~~~~~~~~~~~~~~~~~~~~~~~~~~~~~~~~~~~~~~~~~~~~~~~~~~~~~~~~~~~~~~~~~~~~~~~~~~~~~~~~~~~~~~~~~~~~~~~~~~~~~~~~~~~~~~~~~~~~~~~~~~~~~~~~~~~~~~~~~~~~~~~~~~~~~~~~~~~~~~~~~~~~~~~~~~~~~~~~~~~~~~~~~~~~~~~~~~~~~~~~~~~~~~~~~~~~~~~~~~~~~~~~~~~~~~~~~~~~~~~~~~~~~~~~~~~~~~~~~~~~~~~~~~~~~~~~~~~~~~~~~~~~~~~~~~~~~~~~~~~~~~~~~~~~~~~~~~~~~~~~~~~~~~~~~~~~~~~~~~~~~~~~~~~~~~~~~~~~~~~~~~~~~~~~~~~~~~~~~~~~~~~~~~~~~~~~~~~~~~~~~~~~~~~~~~~~~~~~~~~~~~~~~~~~~~~~~~~~~~~~~~~~~~~~~~~~~~~~~~~~~~~~~~~~~~~~~~~~~~~~~~~~~~~~~~~~~~~~~~~~~~~~~~~~~~~~~~~~~~~~~~~~~~~~~~~~~~~~~~~~~~~~~~~~~~~~~~~~~~~~~~~~~~~~~~~~~~~~~~~~~~~~~~~~~~~~~~~~~~~~~~~~~~~~~~~~~~~~~~~~~~~~~~~~~~~~~~~~~~~~~~~~~~~~~~~~~~~~~~~~~~~~~~~~~~~~~~~~~~~~~~~~~~~~~~~~~~~~~~~~~~~~~~~~~~~~~~~~~~~~~~~~~~~~~~~~~~~~~~~~~~~~~~~~~~~~~~~~~~~~~~~~~~~~~~~~~~~~~~~~~~~~~~~~~~~~~~~~~~~~~~~~~~~~~~~~~~~~~~~~~~~~~~~~~~~~~~~~~~~~~~~~~~~~~~~~~~~~~~~~~~~~~~~~~~~~~~~~~~~~~~~~~~~~~~~~~~~~~~~~~~~~~~~~~~~~~~~~~~~~~~~~~~~~~~~~~~~~~~~~~~~~~~~~~~~~~~~~~~~~~~~~~~~~~~~~~~~~~~~~~~~~~~~~~~~~~~~~~~~~~~~~~~~~~~~~~~~~~~~~~~~~~~~~~~~~~~~~~~~~~~~~~~~~~~~~~~~~~~~~~~~~~~~~~~~~~~~~~~~~~~~~~~~~~~~~~~~~~~~~~~~~~~~~~~~~~~~~~~~~~~~~~~~~~~~~~~~~~~~~~~~~~~~~~~~~~~~~~~~~~~~~~~~~~~~~~~~~~~~~~~~~~~~~~~~~~~~~~~~~~~~~~~~~~~~~~~~~~~~~~~~~~~~~~~~~~~~~~~~~~~~~~~~~~~~~~~~~~~~~~~~~~~~~~~~~~~~~~~~~~~~~~~~~~~~~~~~~~~~~~~~~~~~~~~~~~~~~~~~~~~~~~~~~~~~~~~~~~~~~~~~~~~~~~~~~~~~~~~~~~~~~~~~~~~~~~~~~~~~~~~~~~~~~~~~~~~~~~~~~~~~~~~~~~~~~~~~~~~~~~~~~~~~~~~~~~~~~~~~~~~~~~~~~~~~~~~~~~~~~~~~~~~~~~~~~~~~~~~~~~~~~~~~~~~~~~~~~~~~~~~~~~~~~~~~~~~~~~~~~~~~~~~~~~~~~~~~~~~~~~~~~~~~~~~~~~~~~~~~~~~~~~~~~~~~~~~~~~~~~~~~~~~~~~~~~~~~~~~~~~~~~~~~~~~~~~~~~~~~~~~~~~~~~~~~~~~~~~~~~~~~~~~~~~~~~~~~~~~~~~~~~~~~~~~~~~~~~~~~~~~~~~~~~~~~~~~~~~~~~~~~~~~~~~~~~~~~~~~~~~~~~~~~~~~~~~~~~~~~~~~~~~~~~~~~~~~~~~~~~~~~~~~~~~~~~~~~~~~~~~~~~~~~~~~~~~~~~~~~~~~~~~~~~~~~~~~~~~~~~~~~~~~~~~~~~~~~~~~~~~~~~~~~~~~~~~~~~~~~~~~~~~~~~~~~~~~~~~~~~~~~~~~~~~~~~~~~~~~~~~~~~~~~~~~~~~~~~~~~~~~~~~~~~~~~~~~~~~~~~~~~~~~~~~~~~~~~~~~~~~~~~~~~~~~~~~~~~~~~~~~~~~~~~~~~~~~~~~~~~~~~~~~~~~~~~~~~~~~~~~~~~~~~~~~~~~~~~~~~~~~~~~~~~~~~~~~~~~~~~~~~~~~~~~~~~~~~~~~~~~~~~~~~~~~~~~~~~~~~~~~~~~~~~~~~~~~~~~~~~~~~~~~~~~~~~~~~~~~~~~~~~~~~~~~~~~~~~~~~~~~~~~~~~~~~~~~~~~~~~~~~~~~~~~~~~~~~~~~~~~~~~~~~~~~~~~~~~~~~~~~~~~~~~~~~~~~~~~~~~~~~~~~~~~~~~~~~~~~~~~~~~~~~~~~~~~~~~~~~~~~~~~~~~~~~~~~~~~~~~~~~~~~~~~~~~~~~~~~~~~~~~~~~~~~~~~~~~~~~~~~~~~~~~~~~~~~~~~~~~~~~~~~~~~~~~~~~~~~~~~~~~~~~~~~~~~~~~~~~~~~~~~~~~~~~~~~~~~~~~~~~~~~~~~~~~~~~~~~~~~~~~~~~~~~~~~~~~~~~~~~~~~~~~~~~~~~~~~~~~~~~~~~~~~~~~~~~~~~~~~~~~~~~~~~~~~~~~~~~~~~~~~~~~~~~~~~~~~~~~~~~~~~~~~~~~~~~~~~~~~~~~~~~~~~~~~~~~~~~~~~~~~~~~~~~~~~~~~~~~~~~~~~~~~~~~~~~~~~~~~~~~~~~~~~~~~~~~~~~~~~~~~~~~~~~~~~~~~~~~~~~~~~~~~~~~~~~~~~~~~~~~~~~~~~~~~~~~~~~~~~~~~~~~~~~~~~~~~~~~~~~~~~~~~~~~~~~~~~~~~~~~~~~~~~~~~~~~~~~~~~~~~~~~~~~~~~~~~~~~~~~~~~~~~~~~~~~~~~~dd.{EPS=87.5657,ETD=1669.57}dddd.{EPS=107.968,ETD=1875.06}ddd.{EPS=133.547,ETD=2036.54}ddd.{EPS=167.336,ETD=2194.54}dd.{EPS=213.584,ETD=2347.26}ddd.{EPS=275.786,ETD=2494.74}dd
;;;; Problem Unsolvable
; Nodes Generated: 13672
; Nodes Expanded:  3633
; Nodes Evaluated: 13671
; Nodes Tunneled:  1322
; Nodes memoised with open actions: 15762
; Nodes memoised without open actions: 4020
; Nodes pruned by memoisation: 6110
; Time 113.66
