Parsing and Instantiating...
Warning: rounding numeric constants such as 9.74851 to an accuracy of 0.001
Done
One way facts...
Mutex groups...
Semaphore Facts...
Envelope Facts...
One-shot actions...
(bs-dispense c-bs input wp1 base_black) is 1 shot
(bs-dispense c-bs output wp1 base_black) is 1 shot
(bs-dispense c-bs input wp1 base_red) is 1 shot
(bs-dispense c-bs output wp1 base_red) is 1 shot
(bs-dispense c-bs input wp1 base_silver) is 1 shot
(bs-dispense c-bs output wp1 base_silver) is 1 shot
(bs-dispense c-bs input wp1 base_black) is 1 shot
(bs-dispense c-bs output wp1 base_black) is 1 shot
(bs-dispense c-bs input wp1 base_red) is 1 shot
(bs-dispense c-bs output wp1 base_red) is 1 shot
(bs-dispense c-bs input wp1 base_silver) is 1 shot
(bs-dispense c-bs output wp1 base_silver) is 1 shot
(prepare-ds r-1 c-ds gate-1) is 1 shot
(prepare-ds r-1 c-ds gate-2) is 1 shot
(prepare-ds r-1 c-ds gate-3) is 1 shot
(wp-get-shelf r-1 cg1 c-cs1 left) is 1 shot
(wp-get-shelf r-1 cg2 c-cs1 middle) is 1 shot
(wp-get-shelf r-1 cg3 c-cs1 right) is 1 shot
(wp-get-shelf r-1 cb1 c-cs2 left) is 1 shot
(wp-get-shelf r-1 cb2 c-cs2 middle) is 1 shot
(wp-get-shelf r-1 cb3 c-cs2 right) is 1 shot
Integral variables...
Variable bounds...
Static numeric conditions...
Duration bounds...
TIL time window analysis...
Bounding action timestamps due to time windows...
(order-delivery-window-open o1) forms a window with range [0.000,141.467]
Bounds on (fulfill-order-c0-within-tw o1 wp1 c-ds gate-1 base_red cap_grey) (duration [0.010,0.010]):
	0: [0.000,141.457]
	1: [0.000,141.457]
	2: [0.010,141.467]
(can-commit-for-ontime-delivery o1) forms a window with range [0.000,6.090]
Bounds on (commit-to-ontime-delivery o1) (duration [0.010,0.010]):
	0: [0.000,6.089]
	1: [0.000,6.089]
	2: [0.010,6.099]
Bounds on (do-not-commit-to-ontime-delivery o1) (duration [0.010,0.010]):
	0: [0.000,6.089]
	1: [0.000,6.089]
	2: [0.010,6.099]
Dominance constraints (excluding processes and events)...
Damaging events...
Dominance constraints (including processes and events)...
Variable monotonicity...
Max/min needed values for any single precondition...
Irrelevant action pruning by backward reachability from goal...
Uninterestingness criteria...
Compression-safe actions...
Compression-safe invariants...
59% of durative actions in this problem are compression safe
Goal Goal [1]
    (order-fulfilled o1)

Finishing preprocessing.  Making a TRPG heuristic...
Making an open list...
Running WA* search (g weight = 1, h weight = 5)
{(order-delivery-window-open o1),(can-commit-for-ontime-delivery o1),(location-free start input),(location-free c-bs input),(location-free c-bs output),(location-free c-cs1 input),(location-free c-cs1 output),(location-free c-cs2 input),(location-free c-cs2 output),(location-free c-ds input),(location-free c-ds output),(cs-can-perform c-cs1 cs_retrieve),(cs-can-perform c-cs2 cs_retrieve),(wp-base-color wp1 base_none),(wp-cap-color wp1 cap_none),(wp-ring1-color wp1 ring_none),(wp-ring2-color wp1 ring_none),(wp-ring3-color wp1 ring_none),(wp-unused wp1),(robot-waiting r-1),(mps-state c-bs idle),(mps-state c-cs1 idle),(mps-state c-cs2 idle),(mps-state c-ds idle),(wp-cap-color cg1 cap_grey),(wp-cap-color cg2 cap_grey),(wp-cap-color cg3 cap_grey),(wp-on-shelf cg1 c-cs1 left),(wp-on-shelf cg2 c-cs1 middle),(wp-on-shelf cg3 c-cs1 right),(wp-cap-color cb1 cap_black),(wp-cap-color cb2 cap_black),(wp-cap-color cb3 cap_black),(wp-on-shelf cb1 c-cs2 left),(wp-on-shelf cb2 c-cs2 middle),(wp-on-shelf cb3 c-cs2 right)}
[]
Initial heuristic = 30
Initial stats: t=0.01s, 7180kb
b (28 @ n=3, t=0.01s, 7180kb)b (25 @ n=5, t=0.01s, 7180kb)b (24 @ n=31, t=0.02s, 7180kb)Warning: self overlapping Action 206:1 at 1
b (23 @ n=103, t=0.02s, 7332kb)xx.{EPS=1666.67,ETD=19.9592}db (21 @ n=267, t=0.04s, 7692kb)b (18 @ n=308, t=0.05s, 7692kb)x.{EPS=1694.92,ETD=38.5152}b (17 @ n=476, t=0.07s, 8104kb)db (15 @ n=539, t=0.08s, 8292kb)ddb (14 @ n=741, t=0.11s, 9100kb).{EPS=1500,ETD=27.8859}b (13 @ n=771, t=0.11s, 9208kb)b (12 @ n=778, t=0.11s, 9208kb)b (11 @ n=809, t=0.12s, 9464kb)dd.{EPS=1600,ETD=23.3819}dd.{EPS=1666.67,ETD=21.1727}d.{EPS=1694.92,ETD=20.5987}dd.{EPS=1750,ETD=23.7994}ddd.{EPS=1731.6,ETD=21.6115}dd.{EPS=1730.77,ETD=21.9844}dd.{EPS=1773.05,ETD=21.0782}dd.{EPS=1798.56,ETD=20.842}dd.{EPS=1845.02,ETD=16.568}dd.{EPS=1976.28,ETD=25.584}ddd.{EPS=1953.12,ETD=32.746}dd.{EPS=1915.71,ETD=43.326}dd.{EPS=1945.53,ETD=42.982}dd.{EPS=1908.4,ETD=39.79}dd.{EPS=1968.5,ETD=42.69}dd.{EPS=1930.5,ETD=42.452}dd.{EPS=1865.67,ETD=43.984}dd.{EPS=1886.79,ETD=43.8}dd.{EPS=1858.74,ETD=43.71}dxd.{EPS=1831.5,ETD=42.518}ddd.{EPS=1811.59,ETD=50.6}dd.{EPS=1851.85,ETD=40.18}dd.{EPS=1805.05,ETD=39.896}dd.{EPS=1831.5,ETD=42.216}dd.{EPS=1760.56,ETD=41.092}dd.{EPS=1779.36,ETD=41.886}dd.{EPS=1760.56,ETD=54.966}dd.{EPS=1694.92,ETD=59.46}d.{EPS=1730.1,ETD=59.868}dd.{EPS=1706.48,ETD=52.102}dd.{EPS=1712.33,ETD=36.804}dd.{EPS=1700.68,ETD=36.362}db (10 @ n=5915, t=1s, 44200kb)b (9 @ n=5942, t=1.01s, 44468kb)b (8 @ n=5947, t=1.01s, 44576kb)b (7 @ n=5953, t=1.01s, 44576kb)d.{EPS=1639.34,ETD=37.496}db (6 @ n=6087, t=1.05s, 45976kb)b (5 @ n=6097, t=1.05s, 46108kb)db (4 @ n=6156, t=1.06s, 46760kb)b (3 @ n=6166, t=1.06s, 46892kb)b (2 @ n=6180, t=1.06s, 47028kb)b (1 @ n=6191, t=1.07s, 47160kb)Time diagnostics:
After step 0 search time left estimate was 0.010
After step 1 search time left estimate was 0.020
After step 2 search time left estimate was 0.030
After step 3 search time left estimate was 0.408
After step 4 search time left estimate was 0.382
After step 5 search time left estimate was 0.386
After step 6 search time left estimate was 0.319
After step 7 search time left estimate was 0.352
After step 8 search time left estimate was 0.315
After step 9 search time left estimate was 0.283
After step 10 search time left estimate was 0.293
After step 11 search time left estimate was 0.582
After step 12 search time left estimate was 0.513
After step 13 search time left estimate was 0.479
After step 14 search time left estimate was 0.526
After step 15 search time left estimate was 0.344
After step 16 search time left estimate was 0.356
After step 17 search time left estimate was 0.355
After step 18 search time left estimate was 0.333
After step 19 search time left estimate was 0.310
After step 20 search time left estimate was 0.243
After step 21 search time left estimate was 0.243
After step 22 search time left estimate was 0.221
After step 23 search time left estimate was 0.198
After step 24 search time left estimate was 0.176
After step 25 search time left estimate was 0.154
After step 26 search time left estimate was 0.176
After step 27 search time left estimate was 0.177
After step 28 search time left estimate was 0.155
After step 29 search time left estimate was 0.133
After step 30 search time left estimate was 0.133
After step 31 search time left estimate was 0.111
After step 32 search time left estimate was 0.088
After step 33 search time left estimate was 0.066
After step 34 search time left estimate was 0.043
After step 35 search time left estimate was 0.021
After step 36 search time left estimate was 0.021

;;;; Solution Found
; Time 1.07
; Peak memory 47292kb
; Nodes Generated: 6201
; Nodes Expanded:  1839
; Nodes Evaluated: 6200
; Nodes Tunneled:  0
; Nodes memoised with open actions: 3066
; Nodes memoised without open actions: 6343
; Nodes pruned by memoisation: 3208
1.067: (prepare-bs c-bs output base_red) [0.001] ; (3)
1.067: (enter-field r-1 cyan) [10.000] ; (140)
1.067: (commit-to-ontime-delivery o1) [0.010] ; (206)
1.068: (bs-dispense c-bs output wp1 base_red) [0.001] ; (16)
11.068: (move-wp-put-at-input r-1 start input c-cs1) [7.731] ; (106)
18.800: (wp-get-shelf r-1 cg1 c-cs1 left) [20.000] ; (147)
18.801: (move-wp-put-at-input r-1 c-cs1 input c-cs2) [5.817] ; (110)
24.619: (prepare-cs r-1 c-cs2 cs_retrieve) [0.001] ; (12)
24.620: (move-wp-put-at-input r-1 c-cs2 input c-cs1) [5.817] ; (104)
30.438: (prepare-cs r-1 c-cs1 cs_retrieve) [0.001] ; (11)
38.801: (wp-put r-1 cg1 c-cs1) [10.000] ; (186)
48.802: (move-wp-get r-1 c-cs1 input c-bs output) [8.270] ; (128)
48.802: (cs-retrieve-cap c-cs1 cg1 cap_grey) [0.010] ; (79)
57.073: (move-wp-put-at-input r-1 c-bs output c-ds) [6.244] ; (119)
63.318: (move-wp-get r-1 c-ds input c-cs1 output) [5.436] ; (134)
68.755: (wp-get r-1 cg1 c-cs1 output) [10.000] ; (172)
68.756: (move-wp-put-at-input r-1 c-cs1 output c-ds) [5.436] ; (120)
78.756: (wp-discard r-1 cg1) [0.001] ; (144)
78.757: (move-wp-get r-1 c-ds input c-bs output) [6.244] ; (130)
85.002: (wp-get r-1 wp1 c-bs output) [10.000] ; (168)
85.003: (move-wp-put-at-input r-1 c-bs output c-cs1) [8.270] ; (107)
93.274: (prepare-cs r-1 c-cs1 cs_mount) [0.001] ; (9)
95.003: (wp-put r-1 wp1 c-cs1) [10.000] ; (189)
95.004: (move-wp-put-at-input r-1 c-cs1 input c-ds) [7.394] ; (116)
105.004: (cs-mount-cap c-cs1 wp1 cap_grey) [0.010] ; (45)
105.015: (move-wp-get r-1 c-ds input c-cs1 output) [5.436] ; (134)
110.452: (wp-get r-1 wp1 c-cs1 output) [10.000] ; (175)
110.453: (move-wp-put-at-input r-1 c-cs1 output c-ds) [5.436] ; (120)
115.890: (prepare-ds r-1 c-ds gate-1) [0.001] ; (6)
120.453: (wp-put r-1 wp1 c-ds) [10.000] ; (203)
130.454: (fulfill-order-c0-within-tw o1 wp1 c-ds gate-1 base_red cap_grey) [0.010] ; (204)
