Parsing and Instantiating...
TIL[219.040] @ 0x1321640 -> { TIL[139.000]}
Done
One way facts...
Mutex groups...
Semaphore Facts...
Envelope Facts...
One-shot actions...
Integral variables...
Variable bounds...
Static numeric conditions...
Duration bounds...
TIL time window analysis...
Bounding action timestamps due to time windows...
(visible antenna0 satellite0) forms a window with range [139.000,219.040]
Bounds on (send_image satellite0 antenna0 phenomenon4 thermograph0) (duration [19.520,19.520]):
	0: [139.000,199.520]
	1: [139.000,199.520]
	2: [158.520,219.040]
Bounds on (send_image satellite0 antenna0 phenomenon6 thermograph0) (duration [6.000,6.000]):
	0: [139.000,213.040]
	1: [139.000,213.040]
	2: [145.000,219.040]
Bounds on (send_image satellite0 antenna0 star5 thermograph0) (duration [12.170,12.170]):
	0: [139.000,206.870]
	1: [139.000,206.870]
	2: [151.170,219.040]
Dominance constraints (excluding processes and events)...
Damaging events...
Dominance constraints (including processes and events)...
Variable monotonicity...
Max/min needed values for any single precondition...
Irrelevant action pruning by backward reachability from goal...
Uninterestingness criteria...
Compression-safe actions...
Compression-safe invariants...
100% of durative actions in this problem are compression safe
Goal Goal [3]
    (sent_image phenomenon6 thermograph0)
    (sent_image star5 thermograph0)
    (sent_image phenomenon4 thermograph0)

Finishing preprocessing.  Making a TRPG heuristic...
Making an open list...
Running WA* search (g weight = 1, h weight = 5)
{(power_avail satellite0),(pointing satellite0 phenomenon6),(available antenna0)}
[]
Initial heuristic = 13
Initial stats: t=0s, 5460kb
b (12 @ n=8, t=0s, 5600kb)b (11 @ n=23, t=0s, 5600kb)b (10 @ n=31, t=0s, 5600kb)b (9 @ n=39, t=0s, 5600kb)b (8 @ n=57, t=0s, 5600kb).{EPS=5555.56,ETD=8.5102}b (7 @ n=79, t=0.01s, 5712kb)b (6 @ n=119, t=0.01s, 5828kb)b (5 @ n=126, t=0.01s, 5828kb)b (4 @ n=169, t=0.01s, 5944kb).{EPS=4761.9,ETD=14.3838}b (3 @ n=211, t=0.02s, 6068kb)b (2 @ n=219, t=0.02s, 6180kb)b (1 @ n=229, t=0.02s, 6180kb)Time diagnostics:
After step 0 search time left estimate was 0.010
After step 1 search time left estimate was 0.020
After step 2 search time left estimate was 0.030
After step 3 search time left estimate was 0.040
After step 4 search time left estimate was 0.050
After step 5 search time left estimate was 0.060
After step 6 search time left estimate was 0.070
After step 7 search time left estimate was 0.080
After step 8 search time left estimate was 0.012
After step 9 search time left estimate was 0.009
After step 10 search time left estimate was 0.005
After step 11 search time left estimate was 0.002
After step 12 search time left estimate was 0.002

;;;; Solution Found
; Time 0.02
; Peak memory 6316kb
; Nodes Generated: 239
; Nodes Expanded:  105
; Nodes Evaluated: 238
; Nodes Tunneled:  0
; Nodes memoised with open actions: 0
; Nodes memoised without open actions: 882
; Nodes pruned by memoisation: 643
0.025: (turn_to satellite0 groundstation2 phenomenon6) [50.730] ; (29)
0.025: (switch_on instrument0 satellite0) [2.000] ; (49)
50.756: (calibrate satellite0 instrument0 groundstation2) [5.900] ; (51)
50.757: (turn_to satellite0 phenomenon4 groundstation2) [39.730] ; (10)
90.487: (take_image satellite0 phenomenon4 instrument0 thermograph0) [7.000] ; (55)
97.487: (turn_to satellite0 phenomenon6 phenomenon4) [2.098] ; (25)
99.585: (take_image satellite0 phenomenon6 instrument0 thermograph0) [7.000] ; (56)
106.585: (turn_to satellite0 star5 phenomenon6) [29.320] ; (34)
135.905: (take_image satellite0 star5 instrument0 thermograph0) [7.000] ; (58)
139.000: (send_image satellite0 antenna0 phenomenon6 thermograph0) [6.000] ; (63)
145.001: (send_image satellite0 antenna0 phenomenon4 thermograph0) [19.520] ; (62)
164.522: (send_image satellite0 antenna0 star5 thermograph0) [12.170] ; (65)
