Parsing and Instantiating...
Warning: rounding numeric constants such as 9.84686 to an accuracy of 0.001
Done
One way facts...
Mutex groups...
Semaphore Facts...
Envelope Facts...
One-shot actions...
(bs-dispense c-bs input wp1 base_black) is 1 shot
(bs-dispense c-bs output wp1 base_black) is 1 shot
(bs-dispense c-bs input wp1 base_red) is 1 shot
(bs-dispense c-bs output wp1 base_red) is 1 shot
(bs-dispense c-bs input wp1 base_silver) is 1 shot
(bs-dispense c-bs output wp1 base_silver) is 1 shot
(bs-dispense c-bs input wp1 base_black) is 1 shot
(bs-dispense c-bs output wp1 base_black) is 1 shot
(bs-dispense c-bs input wp1 base_red) is 1 shot
(bs-dispense c-bs output wp1 base_red) is 1 shot
(bs-dispense c-bs input wp1 base_silver) is 1 shot
(bs-dispense c-bs output wp1 base_silver) is 1 shot
(prepare-ds r-1 c-ds gate-1) is 1 shot
(prepare-ds r-2 c-ds gate-1) is 1 shot
(prepare-ds r-1 c-ds gate-2) is 1 shot
(prepare-ds r-2 c-ds gate-2) is 1 shot
(prepare-ds r-1 c-ds gate-3) is 1 shot
(prepare-ds r-2 c-ds gate-3) is 1 shot
(wp-get-shelf r-1 cg1 c-cs1 left) is 1 shot
(wp-get-shelf r-2 cg1 c-cs1 left) is 1 shot
(wp-get-shelf r-1 cg2 c-cs1 middle) is 1 shot
(wp-get-shelf r-2 cg2 c-cs1 middle) is 1 shot
(wp-get-shelf r-1 cg3 c-cs1 right) is 1 shot
(wp-get-shelf r-2 cg3 c-cs1 right) is 1 shot
(wp-get-shelf r-1 cb1 c-cs2 left) is 1 shot
(wp-get-shelf r-2 cb1 c-cs2 left) is 1 shot
(wp-get-shelf r-1 cb2 c-cs2 middle) is 1 shot
(wp-get-shelf r-2 cb2 c-cs2 middle) is 1 shot
(wp-get-shelf r-1 cb3 c-cs2 right) is 1 shot
(wp-get-shelf r-2 cb3 c-cs2 right) is 1 shot
Integral variables...
Variable bounds...
Static numeric conditions...
Duration bounds...
TIL time window analysis...
Bounding action timestamps due to time windows...
(order-delivery-window-open o1) forms a window with range [0.000,141.175]
Bounds on (fulfill-order-c0-within-tw o1 wp1 c-ds gate-3 base_red cap_grey) (duration [0.010,0.010]):
	0: [0.000,141.165]
	1: [0.000,141.165]
	2: [0.010,141.175]
(can-commit-for-ontime-delivery o1) forms a window with range [0.000,5.630]
Bounds on (commit-to-ontime-delivery o1) (duration [0.010,0.010]):
	0: [0.000,5.629]
	1: [0.000,5.629]
	2: [0.010,5.639]
Bounds on (do-not-commit-to-ontime-delivery o1) (duration [0.010,0.010]):
	0: [0.000,5.629]
	1: [0.000,5.629]
	2: [0.010,5.639]
Dominance constraints (excluding processes and events)...
Damaging events...
Dominance constraints (including processes and events)...
Variable monotonicity...
Max/min needed values for any single precondition...
Irrelevant action pruning by backward reachability from goal...
Uninterestingness criteria...
Compression-safe actions...
Compression-safe invariants...
62% of durative actions in this problem are compression safe
Goal Goal [1]
    (order-fulfilled o1)

Finishing preprocessing.  Making a TRPG heuristic...
Making an open list...
Running WA* search (g weight = 1, h weight = 5)
{(order-delivery-window-open o1),(can-commit-for-ontime-delivery o1),(location-free start input),(location-free c-bs input),(location-free c-bs output),(location-free c-cs1 input),(location-free c-cs1 output),(location-free c-cs2 input),(location-free c-cs2 output),(location-free c-ds input),(location-free c-ds output),(cs-can-perform c-cs1 cs_retrieve),(cs-can-perform c-cs2 cs_retrieve),(wp-base-color wp1 base_none),(wp-cap-color wp1 cap_none),(wp-ring1-color wp1 ring_none),(wp-ring2-color wp1 ring_none),(wp-ring3-color wp1 ring_none),(wp-unused wp1),(robot-waiting r-1),(robot-waiting r-2),(mps-state c-bs idle),(mps-state c-cs1 idle),(mps-state c-cs2 idle),(mps-state c-ds idle),(wp-cap-color cg1 cap_grey),(wp-cap-color cg2 cap_grey),(wp-cap-color cg3 cap_grey),(wp-on-shelf cg1 c-cs1 left),(wp-on-shelf cg2 c-cs1 middle),(wp-on-shelf cg3 c-cs1 right),(wp-cap-color cb1 cap_black),(wp-cap-color cb2 cap_black),(wp-cap-color cb3 cap_black),(wp-on-shelf cb1 c-cs2 left),(wp-on-shelf cb2 c-cs2 middle),(wp-on-shelf cb3 c-cs2 right)}
[]
Initial heuristic = 29
Initial stats: t=0.02s, 7568kb
b (26 @ n=5, t=0.02s, 7568kb)b (25 @ n=35, t=0.02s, 7708kb)Warning: self overlapping Action 320:1 at 1
b (24 @ n=124, t=0.04s, 7896kb)xd.{EPS=1162.79,ETD=20.7347}xxxb (23 @ n=405, t=0.08s, 8364kb)d.{EPS=1190.48,ETD=38.5758}b (22 @ n=519, t=0.1s, 8624kb)b (18 @ n=553, t=0.11s, 8708kb)b (17 @ n=591, t=0.12s, 8880kb)b (15 @ n=599, t=0.12s, 8932kb)b (14 @ n=608, t=0.12s, 8932kb)b (13 @ n=662, t=0.13s, 9304kb)ddd.{EPS=986.842,ETD=26.4631}ddd.{EPS=917.431,ETD=20.9447}dddd.{EPS=865.052,ETD=17.8876}ddb (11 @ n=1714, t=0.33s, 17152kb)dd.{EPS=857.143,ETD=16.9465}dd.{EPS=902.062,ETD=17.1089}ddd.{EPS=936.768,ETD=16.2331}ddxd.{EPS=945.378,ETD=15.5924}dxdxx.{EPS=976.562,ETD=15.5992}xxxxxxxx.{EPS=978.474,ETD=13.896}xxxxxxdxx.{EPS=970.874,ETD=8.664}xxxxxxxx.{EPS=1000,ETD=8.776}xxxxxxxx.{EPS=1014.2,ETD=8.698}xxxxxxdxx.{EPS=1022.49,ETD=8.488}xxxxxxxx.{EPS=984.252,ETD=7.63}xxxxxxxx.{EPS=894.454,ETD=6.19}xxxxxdxxx.{EPS=800,ETD=5.542}xxxxxxxx.{EPS=724.638,ETD=4.866}xxxxxxxx.{EPS=632.911,ETD=3.66}xxxxxxdxx.{EPS=556.793,ETD=3.674}xxxxxxxx.{EPS=488.281,ETD=3.66}xxxxxxxx.{EPS=431.779,ETD=3.672}xxxxxxdxx.{EPS=383.142,ETD=3.662}xxxxxxxx.{EPS=340.136,ETD=3.668}xxxxxxxx.{EPS=304.692,ETD=3.668}xxxxxdxxx.{EPS=272.777,ETD=3.664}xxxxxxxx.{EPS=247.525,ETD=3.672}xxxxxxxx.{EPS=223.214,ETD=3.66}xxxxxxdxx.{EPS=203.417,ETD=3.674}xxxxxxxx.{EPS=185.048,ETD=3.66}xxxxxxxx.{EPS=169.837,ETD=3.672}xxdb (10 @ n=4862, t=4.7s, 128984kb)b (9 @ n=4867, t=4.7s, 128984kb)d.{EPS=170.474,ETD=6.436}ddd.{EPS=177.242,ETD=6.45}ddd.{EPS=185.185,ETD=7.04}ddd.{EPS=195.848,ETD=7.2}ddd.{EPS=208.943,ETD=7.406}ddd.{EPS=224.921,ETD=7.784}xddd.{EPS=248.509,ETD=8.032}ddd.{EPS=279.642,ETD=8.074}b (8 @ n=7171, t=5.59s, 158012kb)b (7 @ n=7191, t=5.6s, 158276kb)dx~~~~~~~~~~~~~~~~~~~~~~~~~~~~~~~~~~~~~~~~~~~~~~~~~~~~~~~~~~~~~~~~~~~~~~~~~~~~~~~~~~~~~~~~~~~~~~~~~~~~~~~~~~~~~~~~~~~~~~~~~~~~~~~~~~~~~~~~~~~~~~~~~~~~~~~~~~~~~~~~~~~~~~~~~~~~~~~~~~~~~~~~~~~~~~~~~~~~~~~~~~~~~~~~~~~~~~~~~~~~~~~~~~~~~~~~~~~~~~~~~~~~~~~~~~~~~~~~~~~~~~~~~~~~~~~~~~~~~~~~~~~~~~~~~~~~~~~~~~~~~~~~~~~~~~~~~~~~~~~~~~~~~~~~~~~~~~~~~~~~~~~~~~~~~~~~~~~~~~~~~~~~~~~~~~~~~~~~~~~~~~~~~~~~~~~~~~~~~~~~~~~~~~~~~~~~~~~~~~~~~~~~~~~~~~~~~~~~~~~~~~~~~~~~~~~~~~~~~~~~~~~~~~~~~~~~~~~~~~~~~~~~~~~~~~~~~~~~~~~~~~~~~~~~~~~~~~~~~~~~~~~~~~~~~~~~~~~~~~~~~~~~~~~~~~~~~~~~~~~~~~~~~~~~~~~~~~~~~~~~~~~~~~~~~~~~~~~~~~~~~~~~~~~~~~~~~~~~~~~~~~~~~~~~~~~~~~~~~~~~~~~~~~~~~~~~~~~~~~~~~~~~~~~~~~~~~~~~~~~~~~~~~~~~~~~~~~~~~~~~~~~~~~~~~~~~~~~~~~~~~~~~~~~~~~~~~~~~~~~~~~~~~~~~~~~~~~~~~~~~~~~~~~~~~~~~~~~~~~~~~~~~~~~~~~~~~~~~~~~~~~~~~~~~~~~~~~~~~~~~~~~~~~~~~~~~~~~~~~~~~~~~~~~~~~~~~~~~~~~~~~~~~~~~~~~~~~~~~~~~~~~~~~~~~~~~~~~~~~~~~~~~~~~~~~~~~~~~~~~~~~~~~~~~~~~~~~~~~~~~~~~~~~~~~~~~~~~~~~~~~~~~~~~~~~~~~~~~~~~~~~~~~~~~~~~~~~~~~~~~~~~~~~~~~~~~~~~~~~~~~~~~~~~~~~~~~~~~~~~~~~~~~~~~~~~~~~~~~~~~~~~~~~~~~~~~~~~~~~~~~~~~~~~~~~~~~~~~~~~~~~~~~~~~~~~~~~~~~~~~~~~~~~~~~~~~~~~~~~~~~~~~~~~~~~~~~~~~~~~~~~~~~~~~~~~~~~~~~~~~~~~~~~~~~~~~~~~~~~~~~~~~~~~~~~~~~~~~~~~~~~~~~~~~~~~~~~~~~~~~~~~~~~~~~~~~~~~~~~~~~~~~~~~~~~~~~~~~~~~~~~~~~~~~~~~~~~~~~~~~~~~~~~~~~~~~~~~~~~~~~~~~~~~~~~~~~~~~~~~~~~~~~~~~~~~~~~~~~~~~~~~~~~~~~~~~~~~~~~~~~~~~~~~~~~~~~~~~~~~~~~~~~~~~~~~~~~~~~~~~~~~~~~~~~~~~~~~~~~~~~~~~~~~~~~~~~~~~~~~~~~~~~~~~~~~~~~~~~~~~~~~~~~~~~~~~~~~~~~~~~~~~~~~~~~~~~~~~~~~~~~~~~~~~~~~~~~~~~~~~~~~~~~~~~~~~~~~~~~~~~~~~~~~~~~~~~~~~~~~~~~~~~~~~~~~~~~~~~~~~~~~~~~~~~~~~~~~~~~~~~~~~~~~~~~~~~~~~~~~~~~~~~~~~~~~~~~~~~~~~~~~~~~~~~~~~~~~~~~~~~~~~~~~~~~~~~~~~~~~~~~~~~~~~~~~~~~~~~~~~~~~~~~~~~~~~~~~~~~~~~~~~~~~~~~~~~~~~~~~~~~~~~~~~~~~~~~~~~~~~~~~~~~~~~~~~~~~~~~~~~~~~~~~~~~~~~~~~~~~~~~~~~~~~~~~~~~~~~~~~~~~~~~~~~~~~~~~~~~~~~~~~~~~~~~~~~~~~~~~~~~~~~~~~~~~~~~~~~~~~~~~~~~~~~~~~~~~~~~~~~~~~~~~~~~~~~~~~~~~~~~~~~~~~~~~~~~~~~~~~~~~~~~~~~~~~~~~~~~~~~~~~~~~~~~~~~~~~~~~~~~~~~~~~~~~~~~~~~~~~~~~~~~~~~~~~~~~~~~~~~~~~~~~~~~~~~~~~~~~~~~~~~~~~~~~~~~~~~~~~~~~~~~~~~~~~~~~~~~~~~~~~~~~~~~~~~~~~~~~~~~~~~~~~~~~~~~~~~~~~~~~~~~~~~~~~~~~~~~~d.{EPS=339.905,ETD=56.19}ddddd.{EPS=454.959,ETD=256.016}ddxddd.{EPS=516.529,ETD=451.644}ddddddd.{EPS=531.35,ETD=635.21}d
;;;; Problem Unsolvable
; Nodes Generated: 8176
; Nodes Expanded:  2203
; Nodes Evaluated: 8172
; Nodes Tunneled:  170
; Nodes memoised with open actions: 14071
; Nodes memoised without open actions: 6144
; Nodes pruned by memoisation: 12039
; Time 5.80
