Parsing and Instantiating...
Warning: rounding numeric constants such as 2.4545 to an accuracy of 0.001
Done
One way facts...
Mutex groups...
Semaphore Facts...
Envelope Facts...
One-shot actions...
(bs-dispense c-bs input wp1 base_black) is 1 shot
(bs-dispense c-bs output wp1 base_black) is 1 shot
(bs-dispense c-bs input wp1 base_red) is 1 shot
(bs-dispense c-bs output wp1 base_red) is 1 shot
(bs-dispense c-bs input wp1 base_silver) is 1 shot
(bs-dispense c-bs output wp1 base_silver) is 1 shot
(bs-dispense c-bs input wp1 base_black) is 1 shot
(bs-dispense c-bs output wp1 base_black) is 1 shot
(bs-dispense c-bs input wp1 base_red) is 1 shot
(bs-dispense c-bs output wp1 base_red) is 1 shot
(bs-dispense c-bs input wp1 base_silver) is 1 shot
(bs-dispense c-bs output wp1 base_silver) is 1 shot
(prepare-ds r-1 c-ds gate-1) is 1 shot
(prepare-ds r-1 c-ds gate-2) is 1 shot
(prepare-ds r-1 c-ds gate-3) is 1 shot
(wp-get-shelf r-1 cg1 c-cs1 left) is 1 shot
(wp-get-shelf r-1 cg2 c-cs1 middle) is 1 shot
(wp-get-shelf r-1 cg3 c-cs1 right) is 1 shot
(wp-get-shelf r-1 cb1 c-cs2 left) is 1 shot
(wp-get-shelf r-1 cb2 c-cs2 middle) is 1 shot
(wp-get-shelf r-1 cb3 c-cs2 right) is 1 shot
Integral variables...
Variable bounds...
Static numeric conditions...
Duration bounds...
TIL time window analysis...
Bounding action timestamps due to time windows...
(order-delivery-window-open o1) forms a window with range [0.000,154.514]
Bounds on (fulfill-order-c0-within-tw o1 wp1 c-ds gate-2 base_black cap_black) (duration [0.010,0.010]):
	0: [0.000,154.504]
	1: [0.000,154.504]
	2: [0.010,154.514]
(can-commit-for-ontime-delivery o1) forms a window with range [0.000,11.020]
Bounds on (commit-to-ontime-delivery o1) (duration [0.010,0.010]):
	0: [0.000,11.019]
	1: [0.000,11.019]
	2: [0.010,11.029]
Bounds on (do-not-commit-to-ontime-delivery o1) (duration [0.010,0.010]):
	0: [0.000,11.019]
	1: [0.000,11.019]
	2: [0.010,11.029]
Dominance constraints (excluding processes and events)...
Damaging events...
Dominance constraints (including processes and events)...
Variable monotonicity...
Max/min needed values for any single precondition...
Irrelevant action pruning by backward reachability from goal...
Uninterestingness criteria...
Compression-safe actions...
Compression-safe invariants...
59% of durative actions in this problem are compression safe
Goal Goal [1]
    (order-fulfilled o1)

Finishing preprocessing.  Making a TRPG heuristic...
Making an open list...
Running WA* search (g weight = 1, h weight = 5)
{(order-delivery-window-open o1),(can-commit-for-ontime-delivery o1),(location-free start input),(location-free c-bs input),(location-free c-bs output),(location-free c-cs1 input),(location-free c-cs1 output),(location-free c-cs2 input),(location-free c-cs2 output),(location-free c-ds input),(location-free c-ds output),(cs-can-perform c-cs1 cs_retrieve),(cs-can-perform c-cs2 cs_retrieve),(wp-base-color wp1 base_none),(wp-cap-color wp1 cap_none),(wp-ring1-color wp1 ring_none),(wp-ring2-color wp1 ring_none),(wp-ring3-color wp1 ring_none),(wp-unused wp1),(robot-waiting r-1),(mps-state c-bs idle),(mps-state c-cs1 idle),(mps-state c-cs2 idle),(mps-state c-ds idle),(wp-cap-color cg1 cap_grey),(wp-cap-color cg2 cap_grey),(wp-cap-color cg3 cap_grey),(wp-on-shelf cg1 c-cs1 left),(wp-on-shelf cg2 c-cs1 middle),(wp-on-shelf cg3 c-cs1 right),(wp-cap-color cb1 cap_black),(wp-cap-color cb2 cap_black),(wp-cap-color cb3 cap_black),(wp-on-shelf cb1 c-cs2 left),(wp-on-shelf cb2 c-cs2 middle),(wp-on-shelf cb3 c-cs2 right)}
[]
Initial heuristic = 27
Initial stats: t=0.01s, 7180kb
b (26 @ n=3, t=0.01s, 7180kb)b (25 @ n=19, t=0.01s, 7180kb)Warning: self overlapping Action 206:1 at 1
b (24 @ n=74, t=0.02s, 7316kb)xx.{EPS=1666.67,ETD=19.8776}b (20 @ n=255, t=0.04s, 7660kb)dxxx.{EPS=1754.39,ETD=27.1919}b (18 @ n=479, t=0.07s, 8016kb)b (17 @ n=484, t=0.07s, 8016kb)b (16 @ n=498, t=0.07s, 8128kb)b (15 @ n=521, t=0.08s, 8128kb)db (13 @ n=625, t=0.09s, 8704kb)b (12 @ n=632, t=0.09s, 8704kb)d.{EPS=1530.61,ETD=19.0201}b (11 @ n=713, t=0.1s, 9288kb)dd.{EPS=1639.34,ETD=17.3266}dd.{EPS=1677.85,ETD=15.1365}dd.{EPS=1675.98,ETD=13.0502}dd.{EPS=1707.32,ETD=13.8481}d.{EPS=1716.74,ETD=13.2957}dd.{EPS=1660.52,ETD=12.7216}ddd.{EPS=1683.5,ETD=12.002}dd.{EPS=1718.21,ETD=10.678}dd.{EPS=1724.14,ETD=8.26}dd.{EPS=1824.82,ETD=8.226}dd.{EPS=1805.05,ETD=7.256}dd.{EPS=1805.05,ETD=6.806}dd.{EPS=1845.02,ETD=8.754}dd.{EPS=1901.14,ETD=22.352}dd.{EPS=1915.71,ETD=34.838}ddd.{EPS=2024.29,ETD=34.942}dd.{EPS=2057.61,ETD=35.804}dd.{EPS=2057.61,ETD=35.57}dd.{EPS=2066.12,ETD=35.792}dd.{EPS=2092.05,ETD=41.798}dd.{EPS=2118.64,ETD=42.222}ddd.{EPS=2136.75,ETD=42.26}dd.{EPS=2127.66,ETD=41.794}dd.{EPS=2092.05,ETD=29.104}dd.{EPS=2049.18,ETD=27.722}dd.{EPS=1945.53,ETD=36.79}ddb (10 @ n=4905, t=0.81s, 40936kb)b (9 @ n=4944, t=0.82s, 41428kb)b (8 @ n=4956, t=0.82s, 41544kb)d.{EPS=1779.36,ETD=35.566}ddd.{EPS=1718.21,ETD=35.772}d.{EPS=1683.5,ETD=35.664}dd.{EPS=1592.36,ETD=31.95}b (7 @ n=5483, t=0.93s, 46728kb)b (6 @ n=5487, t=0.93s, 46728kb)b (5 @ n=5490, t=0.94s, 46728kb)db (3 @ n=5518, t=0.94s, 47088kb)b (2 @ n=5525, t=0.94s, 47088kb)b (1 @ n=5530, t=0.94s, 47224kb)Time diagnostics:
After step 0 search time left estimate was 0.010
After step 1 search time left estimate was 0.020
After step 2 search time left estimate was 0.030
After step 3 search time left estimate was 0.327
After step 4 search time left estimate was 0.277
After step 5 search time left estimate was 0.259
After step 6 search time left estimate was 0.242
After step 7 search time left estimate was 0.256
After step 8 search time left estimate was 0.240
After step 9 search time left estimate was 0.143
After step 10 search time left estimate was 0.127
After step 11 search time left estimate was 0.118
After step 12 search time left estimate was 0.126
After step 13 search time left estimate was 0.247
After step 14 search time left estimate was 0.371
After step 15 search time left estimate was 0.348
After step 16 search time left estimate was 0.328
After step 17 search time left estimate was 0.264
After step 18 search time left estimate was 0.244
After step 19 search time left estimate was 0.227
After step 20 search time left estimate was 0.208
After step 21 search time left estimate was 0.189
After step 22 search time left estimate was 0.170
After step 23 search time left estimate was 0.151
After step 24 search time left estimate was 0.151
After step 25 search time left estimate was 0.180
After step 26 search time left estimate was 0.180
After step 27 search time left estimate was 0.160
After step 28 search time left estimate was 0.140
After step 29 search time left estimate was 0.140
After step 30 search time left estimate was 0.120
After step 31 search time left estimate was 0.099
After step 32 search time left estimate was 0.059
After step 33 search time left estimate was 0.039
After step 34 search time left estimate was 0.019
After step 35 search time left estimate was 0.019

;;;; Solution Found
; Time 0.95
; Peak memory 47224kb
; Nodes Generated: 5534
; Nodes Expanded:  1664
; Nodes Evaluated: 5533
; Nodes Tunneled:  0
; Nodes memoised with open actions: 4053
; Nodes memoised without open actions: 3889
; Nodes pruned by memoisation: 2408
0.950: (enter-field r-1 cyan) [10.000] ; (140)
0.950: (commit-to-ontime-delivery o1) [0.010] ; (206)
0.950: (prepare-bs c-bs output base_black) [0.001] ; (1)
0.951: (bs-dispense c-bs output wp1 base_black) [0.001] ; (14)
10.951: (move-wp-put-at-input r-1 start input c-cs2) [8.101] ; (112)
19.053: (wp-get-shelf r-1 cb1 c-cs2 left) [20.000] ; (148)
19.054: (move-wp-put-at-input r-1 c-cs2 input c-cs1) [7.456] ; (104)
26.511: (prepare-cs r-1 c-cs1 cs_retrieve) [0.001] ; (11)
39.054: (wp-put r-1 cb1 c-cs1) [10.000] ; (183)
49.055: (move-wp-get r-1 c-cs1 input c-bs output) [4.240] ; (128)
49.055: (cs-retrieve-cap c-cs1 cb1 cap_black) [0.010] ; (61)
53.296: (move-wp-put-at-input r-1 c-bs output c-ds) [6.524] ; (119)
59.821: (move-wp-get r-1 c-ds input c-cs1 output) [3.481] ; (134)
63.303: (wp-get r-1 cb1 c-cs1 output) [10.000] ; (169)
63.304: (move-wp-put-at-input r-1 c-cs1 output c-ds) [3.481] ; (120)
73.304: (wp-discard r-1 cb1) [0.001] ; (141)
73.305: (move-wp-get r-1 c-ds input c-bs output) [6.524] ; (130)
79.830: (wp-get r-1 wp1 c-bs output) [10.000] ; (168)
79.831: (move-wp-put-at-input r-1 c-bs output c-cs1) [4.240] ; (107)
84.072: (prepare-cs r-1 c-cs1 cs_mount) [0.001] ; (9)
89.831: (prepare-bs c-bs input base_red) [0.001] ; (2)
89.831: (wp-put r-1 wp1 c-cs1) [10.000] ; (189)
89.832: (move-wp-put-at-input r-1 c-cs1 input c-ds) [5.647] ; (116)
99.832: (cs-mount-cap c-cs1 wp1 cap_black) [0.010] ; (31)
99.843: (move-wp-get r-1 c-ds input c-cs1 output) [3.481] ; (134)
103.325: (wp-get r-1 wp1 c-cs1 output) [10.000] ; (175)
103.326: (move-wp-put-at-input r-1 c-cs1 output c-ds) [3.481] ; (120)
106.808: (prepare-ds r-1 c-ds gate-2) [0.001] ; (7)
113.326: (wp-put r-1 wp1 c-ds) [10.000] ; (203)
123.327: (fulfill-order-c0-within-tw o1 wp1 c-ds gate-2 base_black cap_black) [0.010] ; (204)
