Parsing and Instantiating...
Warning: rounding numeric constants such as 2.4545 to an accuracy of 0.001
Done
One way facts...
Mutex groups...
Semaphore Facts...
Envelope Facts...
One-shot actions...
(bs-dispense c-bs input wp1 base_black) is 1 shot
(bs-dispense c-bs output wp1 base_black) is 1 shot
(bs-dispense c-bs input wp1 base_red) is 1 shot
(bs-dispense c-bs output wp1 base_red) is 1 shot
(bs-dispense c-bs input wp1 base_silver) is 1 shot
(bs-dispense c-bs output wp1 base_silver) is 1 shot
(bs-dispense c-bs input wp1 base_black) is 1 shot
(bs-dispense c-bs output wp1 base_black) is 1 shot
(bs-dispense c-bs input wp1 base_red) is 1 shot
(bs-dispense c-bs output wp1 base_red) is 1 shot
(bs-dispense c-bs input wp1 base_silver) is 1 shot
(bs-dispense c-bs output wp1 base_silver) is 1 shot
(prepare-ds r-1 c-ds gate-1) is 1 shot
(prepare-ds r-1 c-ds gate-2) is 1 shot
(prepare-ds r-1 c-ds gate-3) is 1 shot
(wp-get-shelf r-1 cg1 c-cs1 left) is 1 shot
(wp-get-shelf r-1 cg2 c-cs1 middle) is 1 shot
(wp-get-shelf r-1 cg3 c-cs1 right) is 1 shot
(wp-get-shelf r-1 cb1 c-cs2 left) is 1 shot
(wp-get-shelf r-1 cb2 c-cs2 middle) is 1 shot
(wp-get-shelf r-1 cb3 c-cs2 right) is 1 shot
Integral variables...
Variable bounds...
Static numeric conditions...
Duration bounds...
TIL time window analysis...
Bounding action timestamps due to time windows...
(order-delivery-window-open o1) forms a window with range [0.000,154.514]
Bounds on (fulfill-order-c0-within-tw o1 wp1 c-ds gate-2 base_black cap_black) (duration [0.010,0.010]):
	0: [0.000,154.504]
	1: [0.000,154.504]
	2: [0.010,154.514]
(can-commit-for-ontime-delivery o1) forms a window with range [0.000,11.020]
Bounds on (commit-to-ontime-delivery o1) (duration [0.010,0.010]):
	0: [0.000,11.019]
	1: [0.000,11.019]
	2: [0.010,11.029]
Bounds on (do-not-commit-to-ontime-delivery o1) (duration [0.010,0.010]):
	0: [0.000,11.019]
	1: [0.000,11.019]
	2: [0.010,11.029]
Dominance constraints (excluding processes and events)...
Damaging events...
Dominance constraints (including processes and events)...
Variable monotonicity...
Max/min needed values for any single precondition...
Irrelevant action pruning by backward reachability from goal...
Uninterestingness criteria...
Compression-safe actions...
Compression-safe invariants...
59% of durative actions in this problem are compression safe
Goal Goal [1]
    (order-fulfilled o1)

Finishing preprocessing.  Making a TRPG heuristic...
Making an open list...
Running WA* search (g weight = 1, h weight = 5)
{(order-delivery-window-open o1),(can-commit-for-ontime-delivery o1),(location-free start input),(location-free c-bs input),(location-free c-bs output),(location-free c-cs1 input),(location-free c-cs1 output),(location-free c-cs2 input),(location-free c-cs2 output),(location-free c-ds input),(location-free c-ds output),(cs-can-perform c-cs1 cs_retrieve),(cs-can-perform c-cs2 cs_retrieve),(wp-base-color wp1 base_none),(wp-cap-color wp1 cap_none),(wp-ring1-color wp1 ring_none),(wp-ring2-color wp1 ring_none),(wp-ring3-color wp1 ring_none),(wp-unused wp1),(robot-waiting r-1),(mps-state c-bs idle),(mps-state c-cs1 idle),(mps-state c-cs2 idle),(mps-state c-ds idle),(wp-cap-color cg1 cap_grey),(wp-cap-color cg2 cap_grey),(wp-cap-color cg3 cap_grey),(wp-on-shelf cg1 c-cs1 left),(wp-on-shelf cg2 c-cs1 middle),(wp-on-shelf cg3 c-cs1 right),(wp-cap-color cb1 cap_black),(wp-cap-color cb2 cap_black),(wp-cap-color cb3 cap_black),(wp-on-shelf cb1 c-cs2 left),(wp-on-shelf cb2 c-cs2 middle),(wp-on-shelf cb3 c-cs2 right)}
[]
Initial heuristic = 27
Initial stats: t=0.01s, 7180kb
b (26 @ n=3, t=0.01s, 7180kb)b (25 @ n=19, t=0.02s, 7180kb)Warning: self overlapping Action 206:1 at 1
b (24 @ n=83, t=0.02s, 7316kb)xx.{EPS=1666.67,ETD=19.8776}b (20 @ n=255, t=0.05s, 7612kb)dxxx.{EPS=1785.71,ETD=27.202}b (18 @ n=474, t=0.07s, 8092kb)b (17 @ n=479, t=0.07s, 8092kb)b (16 @ n=493, t=0.07s, 8092kb)b (15 @ n=516, t=0.08s, 8148kb)dd.{EPS=1515.15,ETD=18.698}db (14 @ n=775, t=0.12s, 9700kb)b (12 @ n=781, t=0.12s, 9700kb)b (11 @ n=788, t=0.12s, 9816kb)d.{EPS=1538.46,ETD=14.8844}dd.{EPS=1644.74,ETD=14.4016}dd.{EPS=1704.55,ETD=12.8462}ddd.{EPS=1724.14,ETD=11.3438}dd.{EPS=1777.78,ETD=14.0602}dd.{EPS=1757.81,ETD=21.167}db (10 @ n=1774, t=0.28s, 17204kb)db (9 @ n=1807, t=0.29s, 17444kb)b (8 @ n=1815, t=0.29s, 17576kb)d.{EPS=1694.92,ETD=24.6413}b (7 @ n=1912, t=0.31s, 18484kb)ddd.{EPS=1672.24,ETD=23.542}dd.{EPS=1612.9,ETD=20.6}ddd.{EPS=1644.74,ETD=20.902}ddd.{EPS=1607.72,ETD=21.186}dd.{EPS=1543.21,ETD=21.29}ddd.{EPS=1492.54,ETD=22.244}dd.{EPS=1466.28,ETD=24.704}ddd.{EPS=1358.7,ETD=22.072}dd.{EPS=1344.09,ETD=15.266}ddd.{EPS=1355.01,ETD=12.316}dd.{EPS=1355.01,ETD=12.062}d.{EPS=1373.63,ETD=13.184}ddd.{EPS=1377.41,ETD=19.018}ddd.{EPS=1369.86,ETD=18.748}dd.{EPS=1388.89,ETD=18.31}ddd.{EPS=1400.56,ETD=17.302}d.{EPS=1408.45,ETD=16.984}ddd.{EPS=1432.66,ETD=19.314}db (6 @ n=5086, t=0.97s, 50036kb)b (5 @ n=5089, t=0.97s, 50168kb)b (3 @ n=5099, t=0.97s, 50300kb)b (2 @ n=5106, t=0.97s, 50300kb)b (1 @ n=5111, t=0.97s, 50432kb)Time diagnostics:
After step 0 search time left estimate was 0.010
After step 1 search time left estimate was 0.020
After step 2 search time left estimate was 0.030
After step 3 search time left estimate was 0.321
After step 4 search time left estimate was 0.272
After step 5 search time left estimate was 0.255
After step 6 search time left estimate was 0.237
After step 7 search time left estimate was 0.252
After step 8 search time left estimate was 0.230
After step 9 search time left estimate was 0.239
After step 10 search time left estimate was 0.224
After step 11 search time left estimate was 0.228
After step 12 search time left estimate was 0.201
After step 13 search time left estimate was 0.187
After step 14 search time left estimate was 0.198
After step 15 search time left estimate was 0.202
After step 16 search time left estimate was 0.251
After step 17 search time left estimate was 0.237
After step 18 search time left estimate was 0.223
After step 19 search time left estimate was 0.181
After step 20 search time left estimate was 0.167
After step 21 search time left estimate was 0.167
After step 22 search time left estimate was 0.153
After step 23 search time left estimate was 0.139
After step 24 search time left estimate was 0.123
After step 25 search time left estimate was 0.109
After step 26 search time left estimate was 0.107
After step 27 search time left estimate was 0.121
After step 28 search time left estimate was 0.134
After step 29 search time left estimate was 0.121
After step 30 search time left estimate was 0.107
After step 31 search time left estimate was 0.094
After step 32 search time left estimate was 0.080
After step 33 search time left estimate was 0.080
After step 34 search time left estimate was 0.067
After step 35 search time left estimate was 0.039
After step 36 search time left estimate was 0.026
After step 37 search time left estimate was 0.013
After step 38 search time left estimate was 0.013

;;;; Solution Found
; Time 0.97
; Peak memory 50432kb
; Nodes Generated: 5115
; Nodes Expanded:  1423
; Nodes Evaluated: 5114
; Nodes Tunneled:  0
; Nodes memoised with open actions: 3491
; Nodes memoised without open actions: 3816
; Nodes pruned by memoisation: 2192
0.972: (enter-field r-1 cyan) [10.000] ; (140)
0.972: (commit-to-ontime-delivery o1) [0.010] ; (206)
0.972: (prepare-bs c-bs output base_black) [0.001] ; (1)
0.973: (bs-dispense c-bs output wp1 base_black) [0.001] ; (14)
10.973: (move-wp-put-at-input r-1 start input c-cs2) [8.101] ; (112)
19.075: (wp-get-shelf r-1 cb1 c-cs2 left) [20.000] ; (148)
39.076: (wp-discard r-1 cb1) [0.001] ; (141)
39.077: (wp-get-shelf r-1 cb2 c-cs2 middle) [20.000] ; (150)
39.078: (move-wp-put-at-input r-1 c-cs2 input c-cs1) [7.456] ; (104)
46.535: (prepare-cs r-1 c-cs1 cs_retrieve) [0.001] ; (11)
59.078: (wp-put r-1 cb2 c-cs1) [10.000] ; (184)
69.079: (move-wp-get r-1 c-cs1 input c-bs output) [4.240] ; (128)
69.079: (cs-retrieve-cap c-cs1 cb2 cap_black) [0.010] ; (63)
73.320: (move-wp-put-at-input r-1 c-bs output c-ds) [6.524] ; (119)
79.845: (move-wp-get r-1 c-ds input c-cs1 output) [3.481] ; (134)
83.327: (wp-get r-1 cb2 c-cs1 output) [10.000] ; (170)
83.328: (move-wp-put-at-input r-1 c-cs1 output c-ds) [3.481] ; (120)
93.328: (wp-discard r-1 cb2) [0.001] ; (142)
93.329: (move-wp-get r-1 c-ds input c-bs output) [6.524] ; (130)
99.854: (wp-get r-1 wp1 c-bs output) [10.000] ; (168)
99.855: (move-wp-put-at-input r-1 c-bs output c-cs1) [4.240] ; (107)
104.096: (prepare-cs r-1 c-cs1 cs_mount) [0.001] ; (9)
109.855: (prepare-bs c-bs input base_red) [0.001] ; (2)
109.855: (wp-put r-1 wp1 c-cs1) [10.000] ; (189)
109.856: (move-wp-put-at-input r-1 c-cs1 input c-cs2) [7.456] ; (110)
119.856: (cs-mount-cap c-cs1 wp1 cap_black) [0.010] ; (31)
119.867: (move-wp-get r-1 c-cs2 input c-cs1 output) [6.278] ; (133)
126.146: (wp-get r-1 wp1 c-cs1 output) [10.000] ; (175)
126.147: (move-wp-put-at-input r-1 c-cs1 output c-cs2) [6.278] ; (114)
132.426: (move-wp-put-at-input r-1 c-cs2 input c-ds) [5.291] ; (117)
137.718: (prepare-ds r-1 c-ds gate-2) [0.001] ; (7)
137.719: (wp-put r-1 wp1 c-ds) [10.000] ; (203)
147.720: (fulfill-order-c0-within-tw o1 wp1 c-ds gate-2 base_black cap_black) [0.010] ; (204)
