Parsing and Instantiating...
Done
One way facts...
Mutex groups...
Semaphore Facts...
Envelope Facts...
One-shot actions...
Integral variables...
Variable bounds...
Static numeric conditions...
Duration bounds...
TIL time window analysis...
Bounding action timestamps due to time windows...
(deliverable package1 l1) forms a window with range [0.000,1688.600]
Bounds on (deliver-ontime package1 l1) (duration [1.000,1.000]):
	0: [0.000,1687.599]
	1: [0.000,1687.599]
	2: [0.000,1688.599]
(deliverable package2 l3) forms a window with range [0.000,1688.600]
Bounds on (deliver-ontime package2 l3) (duration [1.000,1.000]):
	0: [0.000,1687.599]
	1: [0.000,1687.599]
	2: [0.000,1688.599]
(deliverable package5 l3) forms a window with range [0.000,1667.600]
Bounds on (deliver-ontime package5 l3) (duration [1.000,1.000]):
	0: [0.000,1666.599]
	1: [0.000,1666.599]
	2: [0.000,1667.599]
(deliverable package6 l2) forms a window with range [0.000,1667.600]
Bounds on (deliver-ontime package6 l2) (duration [1.000,1.000]):
	0: [0.000,1666.599]
	1: [0.000,1666.599]
	2: [0.000,1667.599]
(deliverable package7 l3) forms a window with range [0.000,3098.500]
Bounds on (deliver-ontime package7 l3) (duration [1.000,1.000]):
	0: [0.000,3097.499]
	1: [0.000,3097.499]
	2: [0.000,3098.499]
(deliverable package8 l3) forms a window with range [0.000,3098.500]
Bounds on (deliver-ontime package8 l3) (duration [1.000,1.000]):
	0: [0.000,3097.499]
	1: [0.000,3097.499]
	2: [0.000,3098.499]
Dominance constraints (excluding processes and events)...
Damaging events...
Dominance constraints (including processes and events)...
Variable monotonicity...
Max/min needed values for any single precondition...
Irrelevant action pruning by backward reachability from goal...
Uninterestingness criteria...
Compression-safe actions...
Compression-safe invariants...
98% of durative actions in this problem are compression safe
Goal Goal [9]
    (at-destination package9 l1)
    (delivered package8 l3)
    (delivered package7 l3)
    (delivered package6 l2)
    (delivered package5 l3)
    (at-destination package4 l1)
    (at-destination package3 l1)
    (delivered package2 l3)
    (delivered package1 l1)

Finishing preprocessing.  Making a TRPG heuristic...
Making an open list...
Running WA* search (g weight = 1, h weight = 5)
{(at truck1 l4),(at truck2 l3),(free a1 truck1),(free a2 truck1),(free a3 truck1),(free a1 truck2),(free a2 truck2),(free a3 truck2),(at package1 l2),(at package2 l2),(at package3 l2),(at package4 l4),(at package5 l4),(at package6 l4),(at package7 l2),(at package8 l2),(at package9 l2),(deliverable package1 l1),(deliverable package2 l3),(deliverable package5 l3),(deliverable package6 l2),(deliverable package7 l3),(deliverable package8 l3)}
[]
Initial heuristic = 36
Initial stats: t=0.01s, 7204kb
b (35 @ n=23, t=0.02s, 7336kb)dd.{EPS=381.679,ETD=22.6327}ddb (34 @ n=1005, t=0.2s, 9220kb)d.{EPS=469.484,ETD=45.2121}db (33 @ n=1178, t=0.23s, 9564kb)b (32 @ n=1194, t=0.24s, 9564kb)db (31 @ n=1423, t=0.29s, 10380kb)b (30 @ n=1424, t=0.29s, 10380kb)d.{EPS=418.994,ETD=36.2886}db (29 @ n=1775, t=0.37s, 11836kb)b (28 @ n=1832, t=0.39s, 12076kb)b (27 @ n=1834, t=0.39s, 12076kb)ddb (26 @ n=2146, t=0.48s, 14108kb)db (25 @ n=2203, t=0.5s, 14644kb)b (24 @ n=2205, t=0.5s, 14644kb)d.{EPS=385.356,ETD=27.9849}ddddd.{EPS=367.107,ETD=25.7871}dddd.{EPS=349.243,ETD=25.6756}dddd.{EPS=337.187,ETD=27.4986}ddddd.{EPS=330.579,ETD=25.9148}dddd.{EPS=322.812,ETD=25.6437}dddd.{EPS=317.662,ETD=29.481}ddddd.{EPS=303.951,ETD=37.298}dddddd.{EPS=282.167,ETD=32.546}ddddd.{EPS=269.542,ETD=32.874}ddddd.{EPS=262.329,ETD=41.974}dddd.{EPS=255.232,ETD=45.858}ddddd.{EPS=248.385,ETD=45.236}dddd.{EPS=242.131,ETD=44.504}ddddd.{EPS=234.082,ETD=46.984}dddddd.{EPS=226.757,ETD=46.59}ddddd.{EPS=218.055,ETD=42.502}ddddd.{EPS=213.311,ETD=42.808}dddd.{EPS=210.084,ETD=71.926}dddddd.{EPS=207.469,ETD=82.164}ddddd.{EPS=201.776,ETD=98.906}dddd.{EPS=198.57,ETD=128.296}ddddddd.{EPS=193.274,ETD=131.898}ddddd.{EPS=187.899,ETD=132.036}ddddd.{EPS=184.638,ETD=158.576}ddddd.{EPS=181.884,ETD=172.336}dddddd.{EPS=181.159,ETD=178.21}ddddd.{EPS=177.117,ETD=175.624}ddddddd.{EPS=171.762,ETD=159.014}dddddd.{EPS=167.001,ETD=160.048}ddddd.{EPS=164.582,ETD=187.186}dddddd.{EPS=160.875,ETD=219.218}ddddd.{EPS=159.898,ETD=243.578}dddd.{EPS=159.898,ETD=379.596}ddddd.{EPS=158.328,ETD=440.948}dddd.{EPS=156.937,ETD=474.692}ddddd.{EPS=154.607,ETD=586.556}ddd.{EPS=154.416,ETD=688.028}dddd.{EPS=155.087,ETD=838.844}dddd.{EPS=155.473,ETD=969.508}dddd.{EPS=154.847,ETD=1039.63}ddd.{EPS=154.178,ETD=1062.71}dddd.{EPS=151.837,ETD=1059.56}ddddd.{EPS=148.104,ETD=921.77}ddddd.{EPS=144.259,ETD=832.15}dddd.{EPS=140.568,ETD=786.432}dddd.{EPS=138.122,ETD=673.124}ddddddd.{EPS=133.833,ETD=567.056}ddddd.{EPS=130.651,ETD=408.48}dddd.{EPS=128.403,ETD=281.674}ddd.{EPS=126.871,ETD=183.126}ddWarning: self overlapping Action 460:1 at 35
b (23 @ n=27553, t=15.33s, 233784kb)b (22 @ n=27569, t=15.34s, 233944kb)b (21 @ n=27582, t=15.35s, 234060kb)b (20 @ n=27598, t=15.36s, 234156kb)b (19 @ n=27601, t=15.36s, 234156kb)dd.{EPS=124.347,ETD=104.048}dddd.{EPS=123.274,ETD=79.144}db (18 @ n=28375, t=16.08s, 241452kb)b (17 @ n=28390, t=16.09s, 241564kb)b (16 @ n=28394, t=16.1s, 241564kb)dd.{EPS=123.213,ETD=78.974}dddd.{EPS=123.335,ETD=78.864}dddd.{EPS=123.518,ETD=79.678}dddd.{EPS=122.249,ETD=75.03}ddd.{EPS=122.609,ETD=81.412}dd.{EPS=121.981,ETD=82.316}dddxdd.{EPS=120.831,ETD=102.422}dddd.{EPS=119.389,ETD=102.73}ddd.{EPS=118.934,ETD=103.04}dddd.{EPS=117.481,ETD=104.746}dddd.{EPS=115.34,ETD=107.622}ddd.{EPS=114.155,ETD=120.862}dd.{EPS=113.662,ETD=153.758}dddxdxd.{EPS=112.816,ETD=188.586}xddddxdx.{EPS=110.791,ETD=200.224}dxdxdxdxd.{EPS=109.194,ETD=200.924}xdxdxdxdd.{EPS=107.898,ETD=175.132}ddxddx.{EPS=106.474,ETD=164.424}dxdxdxdxd.{EPS=104.8,ETD=170.834}xdxdxdxdxd.{EPS=103.455,ETD=188.394}xddxdxdxdx.{EPS=102.208,ETD=208.618}dxdxdxdxdxd.{EPS=100.442,ETD=220.984}xdxdxdxdxd.{EPS=97.1062,ETD=214.6}xdxdxdxdxd.{EPS=94.6253,ETD=211.628}dxdxdxdxd.{EPS=92.9023,ETD=224.856}xddxdxdx.{EPS=90.9918,ETD=254.322}dxddxdxd.{EPS=88.9363,ETD=283.822}xdxdxdxd.{EPS=87.1688,ETD=313.81}xdxddxdxdx.{EPS=86.2664,ETD=343.876}dxdxdxdxdx.{EPS=85.3971,ETD=373.944}dxdxdxdxdx.{EPS=84.6024,ETD=404.01}dxdxdxdxddx.{EPS=83.8645,ETD=434.076}dxdxdxdxdx.{EPS=83.0565,ETD=464.144}dxdxdxdxdx.{EPS=82.1423,ETD=494.666}dxdxdxdxdx.{EPS=81.686,ETD=528}dxdxdxdxddx.{EPS=81.646,ETD=561.334}xdxddxdxdx.{EPS=81.6727,ETD=594.666}dxdxdxdxdx.{EPS=81.5528,ETD=628}dxdxdxdxdx.{EPS=80.7494,ETD=661.334}dxdxdxdxdxd.{EPS=79.9872,ETD=694.666}xddxdxdxdx.{EPS=79.2267,ETD=728}dxdxdxdxdx.{EPS=78.0275,ETD=761.334}dxdxdxdxdx.{EPS=77.2439,ETD=794.666}dxdxddxdx.{EPS=76.558,ETD=827.956}dxdxdxdxd.{EPS=75.4375,ETD=861.222}dxdxdxd.{EPS=74.107,ETD=894.488}xdxddxdxd.{EPS=73.1636,ETD=927.756}xdxdxdxd.{EPS=72.5584,ETD=961.022}xdxddxdx.{EPS=71.9424,ETD=994.288}dxdxdxddx.{EPS=71.2048,ETD=1027.56}dxdxdxdx.{EPS=69.9888,ETD=1060.82}dxddxdxd.{EPS=69.0608,ETD=1090.28}dddddd.{EPS=68.5401,ETD=996.422}ddddddd.{EPS=67.9071,ETD=900.556}dddddd.{EPS=67.4218,ETD=805.908}xdxdxdxd.{EPS=67.3401,ETD=827.968}dxdxdxdx.{EPS=66.9972,ETD=866.6}dxdxdxdxd.{EPS=66.0851,ETD=905.234}ddxddxd.{EPS=64.6831,ETD=885.506}dxdxdddd.{EPS=63.3473,ETD=833.802}ddxdxdxd.{EPS=62.6409,ETD=839.584}xdxddxd.{EPS=62.1427,ETD=843.802}dddddddd.{EPS=61.8965,ETD=844.556}dddddddd.{EPS=61.8735,ETD=865.292}dddddd.{EPS=61.5991,ETD=899.88}ddxdxddx.{EPS=60.54,ETD=915.678}dxddd.{EPS=59.538,ETD=857.798}ddddd.{EPS=58.9692,ETD=709.944}ddxdd.{EPS=58.8859,ETD=642.192}ddxdxdd.{EPS=58.9345,ETD=676.494}xddxdxd.{EPS=58.8789,ETD=677.642}xddxdxddx.{EPS=58.5274,ETD=687.872}dddxd.{EPS=57.3526,ETD=769.24}dddd.{EPS=56.3507,ETD=762.298}dddddd.{EPS=55.2547,ETD=726.746}ddxdxdxd.{EPS=54.939,ETD=722.182}dddddxd.{EPS=54.5732,ETD=692.42}xdddd.{EPS=54.277,ETD=749.754}dddd.{EPS=53.6308,ETD=759.596}dddd.{EPS=53.135,ETD=722.304}dxdxdxdx.{EPS=52.7537,ETD=766.228}ddxddxd.{EPS=52.4164,ETD=753.19}dddd.{EPS=52.6482,ETD=762.034}ddddd.{EPS=52.5762,ETD=747.818}ddd.{EPS=52.615,ETD=745.964}dddd.{EPS=52.0291,ETD=613.604}dddxd.{EPS=51.3875,ETD=611.156}dxdddxd.{EPS=50.6432,ETD=647.26}dddd.{EPS=50.5204,ETD=633.258}ddddd.{EPS=50.1958,ETD=595.512}dxddddxd.{EPS=49.2805,ETD=550.976}dxdxdxdd.{EPS=48.8377,ETD=623.452}xdddxd.{EPS=48.4966,ETD=628.724}dddd.{EPS=48.2719,ETD=663.128}ddd.{EPS=48.1928,ETD=706.69}ddddd.{EPS=48.0123,ETD=743.23}ddd.{EPS=47.719,ETD=844.604}ddddd.{EPS=47.1787,ETD=774.904}ddddd.{EPS=46.292,ETD=754.772}ddddd.{EPS=45.7415,ETD=733.044}ddddd.{EPS=45.6246,ETD=612.156}dddxd.{EPS=44.9398,ETD=548.384}ddxdddx.{EPS=44.3656,ETD=549.086}ddddddd.{EPS=43.6987,ETD=530.374}ddddddd.{EPS=42.9997,ETD=516.574}dddddxd.{EPS=42.6585,ETD=526.04}dxdddxd.{EPS=42.5786,ETD=529.734}dddd.{EPS=42.6148,ETD=543.182}dddd.{EPS=42.8156,ETD=583.904}ddddd.{EPS=42.878,ETD=611.136}dddddd.{EPS=42.5496,ETD=606.342}dddd.{EPS=42.2583,ETD=479.888}dddddd.{EPS=41.792,ETD=435.02}ddddx.{EPS=41.587,ETD=457.146}ddddd.{EPS=41.4285,ETD=489.502}dddddx.{EPS=41.1421,ETD=477.798}ddddxddd.{EPS=40.3779,ETD=445.51}dxdddddd.{EPS=39.6448,ETD=463.746}ddddd.{EPS=39.1727,ETD=462.728}dddddd.{EPS=38.7567,ETD=471.34}dddd.{EPS=38.5743,ETD=510.914}dddd.{EPS=38.3907,ETD=669.042}ddddd.{EPS=38.3759,ETD=723.86}dddd.{EPS=38.165,ETD=738.656}ddddd.{EPS=37.9449,ETD=674.874}dddd.{EPS=37.4139,ETD=638.434}ddd.{EPS=37.219,ETD=515.822}dddd.{EPS=37.114,ETD=464.752}ddddd.{EPS=36.9905,ETD=432.03}dddddd.{EPS=36.4751,ETD=403.784}ddddddx.{EPS=36.1037,ETD=398.028}ddddxd.{EPS=36.1011,ETD=398.226}dddxd.{EPS=35.9221,ETD=397.612}dddd.{EPS=35.8372,ETD=419.106}dddd.{EPS=35.6379,ETD=444.136}ddddd.{EPS=35.8038,ETD=490.626}ddddd.{EPS=35.85,ETD=547.036}ddddd.{EPS=35.8012,ETD=593.004}dddd.{EPS=35.3657,ETD=881.288}ddd.{EPS=35.466,ETD=1236.78}dddddddd.{EPS=35.1865,ETD=1342.84}ddddd.{EPS=34.7681,ETD=1183.17}ddddd.{EPS=34.0483,ETD=1077.81}dxxdxxdxxdxdxxdx.{EPS=33.4739,ETD=1002.23}dxxdxdxxdxxdxdxxd.{EPS=33.0491,ETD=975.27}xxdxdxdxxdxxdxdx.{EPS=32.2165,ETD=925.594}xdxdxdxxdxdxxdxdx.{EPS=30.9253,ETD=862.744}xdxdxxdxdxxdxdxxd.{EPS=29.2552,ETD=810.586}xdxxdxdxdxxdxdxx.{EPS=26.5506,ETD=512.692}dxdxxdxdxdxxdxdxxd.{EPS=23.615,ETD=146.04}xddddd.{EPS=23.2019,ETD=22.906}dxdxxdxdxxdxdx.{EPS=21.139,ETD=27.89}dxxdxdxxdxdxdxxdx.{EPS=18.9344,ETD=26.382}dxxdxdxdxxdxdxdxxd.{EPS=16.9497,ETD=26.446}xdxdxdxxdxdxdxdxxd.{EPS=14.9321,ETD=26.494}xdxxdxdxdxdxdxxdx.{EPS=13.2384,ETD=26.536}dxdxxdxdxdxdxxdxdx.{EPS=11.7761,ETD=26.58}dxxdxdx