Parsing and Instantiating...
Done
One way facts...
Mutex groups...
Semaphore Facts...
Envelope Facts...
One-shot actions...
Integral variables...
Variable bounds...
Static numeric conditions...
Duration bounds...
TIL time window analysis...
Bounding action timestamps due to time windows...
(deliverable package1 l3) forms a window with range [0.000,2992.800]
Bounds on (deliver-ontime package1 l3) (duration [1.000,1.000]):
	0: [0.000,2991.799]
	1: [0.000,2991.799]
	2: [0.000,2992.799]
(deliverable package3 l3) forms a window with range [0.000,2992.800]
Bounds on (deliver-ontime package3 l3) (duration [1.000,1.000]):
	0: [0.000,2991.799]
	1: [0.000,2991.799]
	2: [0.000,2992.799]
(deliverable package4 l5) forms a window with range [0.000,2992.800]
Bounds on (deliver-ontime package4 l5) (duration [1.000,1.000]):
	0: [0.000,2991.799]
	1: [0.000,2991.799]
	2: [0.000,2992.799]
(deliverable package5 l1) forms a window with range [0.000,2273.300]
Bounds on (deliver-ontime package5 l1) (duration [1.000,1.000]):
	0: [0.000,2272.299]
	1: [0.000,2272.299]
	2: [0.000,2273.299]
(deliverable package6 l4) forms a window with range [0.000,2273.300]
Bounds on (deliver-ontime package6 l4) (duration [1.000,1.000]):
	0: [0.000,2272.299]
	1: [0.000,2272.299]
	2: [0.000,2273.299]
(deliverable package7 l1) forms a window with range [0.000,2273.300]
Bounds on (deliver-ontime package7 l1) (duration [1.000,1.000]):
	0: [0.000,2272.299]
	1: [0.000,2272.299]
	2: [0.000,2273.299]
(deliverable package8 l4) forms a window with range [0.000,2273.300]
Bounds on (deliver-ontime package8 l4) (duration [1.000,1.000]):
	0: [0.000,2272.299]
	1: [0.000,2272.299]
	2: [0.000,2273.299]
Dominance constraints (excluding processes and events)...
Damaging events...
Dominance constraints (including processes and events)...
Variable monotonicity...
Max/min needed values for any single precondition...
Irrelevant action pruning by backward reachability from goal...
Uninterestingness criteria...
Compression-safe actions...
Compression-safe invariants...
99% of durative actions in this problem are compression safe
Goal Goal [13]
    (at-destination package13 l1)
    (at-destination package12 l4)
    (at-destination package11 l4)
    (at-destination package10 l2)
    (at-destination package9 l1)
    (delivered package8 l4)
    (delivered package7 l1)
    (delivered package6 l4)
    (delivered package5 l1)
    (delivered package4 l5)
    (delivered package3 l3)
    (at-destination package2 l5)
    (delivered package1 l3)

Finishing preprocessing.  Making a TRPG heuristic...
Making an open list...
Running WA* search (g weight = 1, h weight = 5)
{(at truck1 l2),(at truck2 l3),(at truck3 l3),(free a1 truck1),(free a2 truck1),(free a3 truck1),(free a4 truck1),(free a1 truck2),(free a2 truck2),(free a3 truck2),(free a4 truck2),(free a1 truck3),(free a2 truck3),(free a3 truck3),(free a4 truck3),(at package1 l4),(at package2 l4),(at package3 l4),(at package4 l4),(at package5 l5),(at package6 l5),(at package7 l5),(at package8 l5),(at package9 l5),(at package10 l5),(at package11 l5),(at package12 l5),(at package13 l3),(deliverable package1 l3),(deliverable package3 l3),(deliverable package4 l5),(deliverable package5 l1),(deliverable package6 l4),(deliverable package7 l1),(deliverable package8 l4)}
[]
Initial heuristic = 63
Initial stats: t=0.1s, 11912kb
b (50 @ n=10, t=0.11s, 12072kb)b (49 @ n=403, t=0.3s, 12420kb)d.{EPS=123.153,ETD=20.7143}dd.{EPS=104.167,ETD=41.0303}b (48 @ n=1959, t=1.09s, 16240kb)db (47 @ n=2009, t=1.12s, 16344kb)db (46 @ n=2672, t=1.46s, 19068kb)b (45 @ n=2676, t=1.46s, 19068kb)b (44 @ n=2718, t=1.48s, 19328kb)ddd.{EPS=90.2527,ETD=29.8993}db (43 @ n=3351, t=1.83s, 23012kb)b (42 @ n=3375, t=1.85s, 23276kb)b (41 @ n=3429, t=1.88s, 23540kb)dddb (40 @ n=4012, t=2.22s, 28116kb)b (39 @ n=4016, t=2.22s, 28116kb)b (38 @ n=4054, t=2.25s, 28516kb)dddd.{EPS=85.7265,ETD=24.2261}dddddddddddddd.{EPS=79.2142,ETD=19.4177}ddddddddb (37 @ n=5909, t=3.71s, 63316kb)dddb (36 @ n=6085, t=3.88s, 68712kb)ddddddddd.{EPS=68.918,ETD=17.8729}dddb (35 @ n=6838, t=4.64s, 92028kb)dddddddddddddddd.{EPS=66.1751,ETD=22.1032}dddddddddddddddd.{EPS=66.2581,ETD=29.8897}dddddddddddddddddd.{EPS=65.4165,ETD=40.1091}ddddddddddddddddddddddddddd.{EPS=61.3346,ETD=56.499}dddddddddddddddd.{EPS=59.3401,ETD=82.054}dddddddddddddddb (33 @ n=12383, t=9.72s, 252984kb)dd.{EPS=56.9022,ETD=88.118}dddb (32 @ n=12663, t=9.99s, 260552kb)ddddddddddddd.{EPS=55.5679,ETD=90.05}ddddddddddddddd.{EPS=55.6607,ETD=96.09}dddddddddddd.{EPS=57.4977,ETD=105.888}dddddddddddddddd.{EPS=61.1621,ETD=126.514}dddddddddddddddddd.{EPS=62.2278,ETD=145.816}dddddddddddddddddd.{EPS=62.1736,ETD=183.046}ddddddddddddddd.{EPS=63.4357,ETD=179.156}dddddddddddddddd.{EPS=68.937,ETD=183.208}dddddddddddddddd.{EPS=67.4309,ETD=173.834}ddddddddddddddd.{EPS=69.6379,ETD=166.704}ddddddddddddd.{EPS=73.7246,ETD=172.5}ddddddddddddddd.{EPS=74.6157,ETD=177.552}dddddddddddddd.{EPS=74.5268,ETD=244.066}ddddddddddddddddddddddd.{EPS=72.6111,ETD=327.548}dddddddddddddddddd.{EPS=73.0674,ETD=392.846}dddddddddddddd.{EPS=73.346,ETD=349.902}dddddddddddddddddd.{EPS=73.9536,ETD=348.56}ddddddddddddddddd.{EPS=73.7028,ETD=335.51}ddddddddddddddddd.{EPS=76.4643,ETD=333.064}ddddddddddddddd.{EPS=78.064,ETD=348.192}dddddddddddddddddddd.{EPS=75.1654,ETD=432.674}ddddddddddddddd.{EPS=70.6414,ETD=420.864}dddddddddddddddd.{EPS=65.937,ETD=344.572}dddddddddb (31 @ n=32883, t=26.88s, 619784kb)dddddd.{EPS=63.4759,ETD=239.576}ddddddddddddd.{EPS=61.8353,ETD=150.97}ddddddddddddd.{EPS=59.9952,ETD=149.46}dddddddddddddd.{EPS=57.5971,ETD=144.042}ddddddddddddd.{EPS=55.2608,ETD=135.024}ddddddddddddd.{EPS=53.0617,ETD=120.366}dddddddddddddd.{EPS=50.6637,ETD=101.52}ddddddddddddd.{EPS=49.4169,ETD=23.54}ddddddddddddd.{EPS=49.5786,ETD=28.25}ddddddddddddd.{EPS=49.8206,ETD=29.368}dddddddddddddd.{EPS=50.5051,ETD=31.436}ddddddddddddd.{EPS=50.1102,ETD=33.636}ddddddddddddd.{EPS=49.8654,ETD=33.23}ddddddddddddd.{EPS=49.6672,ETD=33.154}dddddddddddddd.{EPS=49.505,ETD=34.15}dddddddddddddd.{EPS=49.0677,ETD=35.568}dddddddddddddd.{EPS=48.8234,ETD=35.132}ddddddddddddd.{EPS=48.539,ETD=22.674}dddddddddddddd.{EPS=48.0123,ETD=30.642}dddddddddddddd.{EPS=47.5647,ETD=32.378}dddddddddddddd.{EPS=47.2367,ETD=36.642}ddddddddddddd.{EPS=46.6592,ETD=56.948}dddddddddddddd.{EPS=45.3104,ETD=69.142}dddddddddddddddddd.{EPS=43.8327,ETD=72.584}dddddddddddddd.{EPS=43.3276,ETD=87.304}ddddddddddddd.{EPS=43.0552,ETD=85.516}dddddddddddddd.{EPS=41.425,ETD=84.762}ddddddddddddd.{EPS=40.0449,ETD=82.378}ddddddddddddd.{EPS=38.5386,ETD=70.072}dddddddddddddd.{EPS=36.4299,ETD=67.382}dddddddddddddd.{EPS=33.4471,ETD=60.978}ddddddddddddd.{EPS=30.9693,ETD=37.796}ddddddddddd.{EPS=29.8686,ETD=28.052}ddddddddddddd.{EPS=28.6418,ETD=27.874}dddddddddddddd.{EPS=26.0988,ETD=9.852}dddddddddddd.{EPS=24.0685,ETD=9.13}dddddddddddd.{EPS=23.051,ETD=12.458}dddddddddddd.{EPS=22.3045,ETD=23.546}ddddddddddddd.{EPS=21.6469,ETD=41.786}dddddddddddddd.{EPS=21.0597,ETD=56.116}ddddddddddddd.{EPS=20.8925,ETD=57.488}dddddddddddd.{EPS=21.2134,ETD=64.782}ddddddddddddddd.{EPS=20.4073,ETD=62.786}dddddddddddd.{EPS=20.3318,ETD=61.632}dddddddddddd.{EPS=20.9767,ETD=72.166}dddddddddddddd.{EPS=21.0393,ETD=72.622}dddddddddddd.{EPS=21.5091,ETD=76.17}ddddddddddddd.{EPS=21.548,ETD=89.606}dddddddddddddd.{EPS=21.1166,ETD=80.612}ddddddddddddddd.{EPS=21.1604,ETD=70.602}ddddddddddddd.{EPS=21.3675,ETD=71.586}ddddddddddddddddddd.{EPS=20.4182,ETD=68.404}ddddddddddddddd.{EPS=20.9266,ETD=127.652}dddddddddddd.{EPS=21.3192,ETD=223.54}dddddddddddddd.{EPS=21.5834,ETD=323.466}ddddddddddddd.{EPS=22.5836,ETD=432.572}ddddddddddddd.{EPS=22.9811,ETD=566.884}dddddddddddd.{EPS=23.9751,ETD=695.248}ddddddddddd.{EPS=25.9417,ETD=846.258}dddddddddddddd.{EPS=27.4801,ETD=992.574}dddddddddddddd.{EPS=28.2215,ETD=990.244}dddddddddddddd.{EPS=30.0788,ETD=986.154}dddddddddddd.{EPS=30.8337,ETD=927.016}dddddddddddd.{EPS=30.6956,ETD=829.7}ddddddddddddd.{EPS=30.7333,ETD=721.398}dddddddddddddddd.{EPS=29.7548,ETD=612.844}dddddddddddddd.{EPS=29.391,ETD=490.324}ddddddddddd.{EPS=29.3118,ETD=368.696}ddddddddddddd.{EPS=28.4981,ETD=229.418}dddddddddddddd.{EPS=27.7948,ETD=80.226}ddddddddddddd.{EPS=28.1421,ETD=84.452}ddddddddddd.{EPS=29.0259,ETD=89.448}dddddddddddddd.{EPS=29.3962,ETD=89.924}dddddddddddd.{EPS=29.8811,ETD=89.478}ddddddddddddddd.{EPS=29.9473,ETD=89.47}ddddddddddddd.{EPS=31.0752,ETD=101.354}ddddddddddddd.{EPS=31.3972,ETD=113.562}ddddddddddddd.{EPS=31.1139,ETD=94.61}ddddddddddddddd.{EPS=30.977,ETD=87.992}dddddddddddddd.{EPS=31.3342,ETD=105.348}ddddddddddddddd.{EPS=31.1313,ETD=135.732}dddddddddddddddd.{EPS=30.4729,ETD=131.206}dddddddddddddddddddd.{EPS=29.7601,ETD=206.718}ddddddddddddddd.{EPS=29.5194,ETD=317.558}dddddddddddddd.{EPS=30.135,ETD=625.798}ddddddddddddd.{EPS=30.3416,ETD=929.6}dddddddddddd.{EPS=31.0078,ETD=1242.88}ddddddddddddddd.{EPS=30.7484,ETD=1544.8}dddddddddddddddddd.{EPS=30.7882,ETD=1533.08}ddddddddddddddddddd.{EPS=30.7484,ETD=1768.89}ddddddddddddddd.{EPS=31.2793,ETD=1961.69}ddddddddddd.{EPS=32.5584,ETD=2200.81}dddddddddddddd.{EPS=34.3336,ETD=2126.8}dddddddddddddddd.{EPS=35.1494,ETD=2263.42}dddddddddddddd.{EPS=36.1167,ETD=2431.25}ddddddddddddddd.{EPS=36.3266,ETD=2192.94}ddddddddddddddddd.{EPS=36.1716,ETD=1854.33}dddddddddddddddd.{EPS=37.0975,ETD=1870.29}ddddddddddddddddd.{EPS=38.3583,ETD=2367.5}ddddddddddddddddddddd.{EPS=38.9196,ETD=2619.21}ddddddddddddddddddddddd.{EPS=38.6847,ETD=2903.94}ddddddddddddddddddd.{EPS=38.3054,ETD=3181.4}dddddddddddddddddd.{EPS=38.6877,ETD=3712.1}dddddddddddddddddddddddd.{EPS=38.5238,ETD=4075.04}dddddddddddddddd.{EPS=36.1167,ETD=3596.79}dddddddddddddddd.{EPS=35.2137,ETD=3519.07}dddddddddddd.{EPS=35.0312,ETD=3516.38}ddddd