Parsing and Instantiating...
Warning - the variable:

(data star0 image1)

...was found in a ground precondition/effect, but was never assigned a value
either in the initial state; or as an effect of an action.  If this was
deliberate, you may safely ignore this warning.  Otherwise, note that
following the PDDL semantics:

- Preconditions referring to undefined variables are assumed to be false;

- Actions with effects on variables that have never been given a value are
  eliminated, as they can never be applied (their outcome would be undefined).

Other such variables may exist, but this warning is only shown for the first.

Warning: rounding numeric constants such as 0.5297 to an accuracy of 0.001
TIL[164.040] @ 0x13fd800 -> { TIL[84.000]}
Done
One way facts...
Mutex groups...
Semaphore Facts...
Envelope Facts...
One-shot actions...
Integral variables...
Variable bounds...
Static numeric conditions...
Duration bounds...
TIL time window analysis...
Bounding action timestamps due to time windows...
(active window0 satellite1) forms a window with range [84.000,164.040]
Bounds on (send_image satellite1 window0 star3 infrared0) (duration [5.760,5.760]):
	0: [84.000,158.280]
	1: [84.000,158.280]
	2: [89.760,164.040]
Bounds on (send_image satellite1 window0 phenomenon5 spectrograph2) (duration [5.870,5.870]):
	0: [84.000,158.170]
	1: [84.000,158.170]
	2: [89.870,164.040]
Bounds on (send_image satellite1 window0 phenomenon7 spectrograph2) (duration [10.760,10.760]):
	0: [84.000,153.280]
	1: [84.000,153.280]
	2: [94.760,164.040]
Bounds on (send_image satellite1 window0 star4 spectrograph2) (duration [18.380,18.380]):
	0: [84.000,145.660]
	1: [84.000,145.660]
	2: [102.380,164.040]
(active window0 satellite0) forms a window with range [84.000,164.040]
Bounds on (send_image satellite0 window0 star3 infrared0) (duration [5.760,5.760]):
	0: [84.000,158.280]
	1: [84.000,158.280]
	2: [89.760,164.040]
Bounds on (send_image satellite0 window0 phenomenon5 spectrograph2) (duration [5.870,5.870]):
	0: [84.000,158.170]
	1: [84.000,158.170]
	2: [89.870,164.040]
Bounds on (send_image satellite0 window0 phenomenon7 spectrograph2) (duration [10.760,10.760]):
	0: [84.000,153.280]
	1: [84.000,153.280]
	2: [94.760,164.040]
Bounds on (send_image satellite0 window0 star4 spectrograph2) (duration [18.380,18.380]):
	0: [84.000,145.660]
	1: [84.000,145.660]
	2: [102.380,164.040]
Dominance constraints (excluding processes and events)...
Warning: (data-stored) is better bigger and smaller
Warning: (overall-image-utility) is better bigger and smaller
Damaging events...
Dominance constraints (including processes and events)...
Warning: (data-stored) is better bigger and smaller
Warning: (overall-image-utility) is better bigger and smaller
Variable monotonicity...
Max/min needed values for any single precondition...
Dependencies from NumericFluents to the conditions and effects that use them...
Irrelevant action pruning by backward reachability from goal...
Uninterestingness criteria...
Compression-safe actions...
Effect (data-stored) += 205 of action (take_image satellite0 phenomenon5 instrument1 image1) is compression safe
action (take_image satellite0 phenomenon5 instrument1 image1) has compression safe numeric effects at time 2
action has compression safe numeric effects but still panicking and setting compression safe to false for now: need a new flag
Effect (data-stored) += 247 of action (take_image satellite0 phenomenon6 instrument1 image1) is compression safe
action (take_image satellite0 phenomenon6 instrument1 image1) has compression safe numeric effects at time 2
action has compression safe numeric effects but still panicking and setting compression safe to false for now: need a new flag
Effect (data-stored) += 122 of action (take_image satellite0 phenomenon7 instrument1 image1) is compression safe
action (take_image satellite0 phenomenon7 instrument1 image1) has compression safe numeric effects at time 2
action has compression safe numeric effects but still panicking and setting compression safe to false for now: need a new flag
Effect (data-stored) += 208 of action (take_image satellite0 star3 instrument1 image1) is compression safe
action (take_image satellite0 star3 instrument1 image1) has compression safe numeric effects at time 2
action has compression safe numeric effects but still panicking and setting compression safe to false for now: need a new flag
Effect (data-stored) += 156 of action (take_image satellite0 star4 instrument1 image1) is compression safe
action (take_image satellite0 star4 instrument1 image1) has compression safe numeric effects at time 2
action has compression safe numeric effects but still panicking and setting compression safe to false for now: need a new flag
Effect (data-stored) += 205 of action (take_image satellite0 phenomenon5 instrument2 image1) is compression safe
action (take_image satellite0 phenomenon5 instrument2 image1) has compression safe numeric effects at time 2
action has compression safe numeric effects but still panicking and setting compression safe to false for now: need a new flag
Effect (data-stored) += 247 of action (take_image satellite0 phenomenon6 instrument2 image1) is compression safe
action (take_image satellite0 phenomenon6 instrument2 image1) has compression safe numeric effects at time 2
action has compression safe numeric effects but still panicking and setting compression safe to false for now: need a new flag
Effect (data-stored) += 122 of action (take_image satellite0 phenomenon7 instrument2 image1) is compression safe
action (take_image satellite0 phenomenon7 instrument2 image1) has compression safe numeric effects at time 2
action has compression safe numeric effects but still panicking and setting compression safe to false for now: need a new flag
Effect (data-stored) += 208 of action (take_image satellite0 star3 instrument2 image1) is compression safe
action (take_image satellite0 star3 instrument2 image1) has compression safe numeric effects at time 2
action has compression safe numeric effects but still panicking and setting compression safe to false for now: need a new flag
Effect (data-stored) += 156 of action (take_image satellite0 star4 instrument2 image1) is compression safe
action (take_image satellite0 star4 instrument2 image1) has compression safe numeric effects at time 2
action has compression safe numeric effects but still panicking and setting compression safe to false for now: need a new flag
Effect (data-stored) += 205 of action (take_image satellite1 phenomenon5 instrument3 image1) is compression safe
action (take_image satellite1 phenomenon5 instrument3 image1) has compression safe numeric effects at time 2
action has compression safe numeric effects but still panicking and setting compression safe to false for now: need a new flag
Effect (data-stored) += 247 of action (take_image satellite1 phenomenon6 instrument3 image1) is compression safe
action (take_image satellite1 phenomenon6 instrument3 image1) has compression safe numeric effects at time 2
action has compression safe numeric effects but still panicking and setting compression safe to false for now: need a new flag
Effect (data-stored) += 122 of action (take_image satellite1 phenomenon7 instrument3 image1) is compression safe
action (take_image satellite1 phenomenon7 instrument3 image1) has compression safe numeric effects at time 2
action has compression safe numeric effects but still panicking and setting compression safe to false for now: need a new flag
Effect (data-stored) += 208 of action (take_image satellite1 star3 instrument3 image1) is compression safe
action (take_image satellite1 star3 instrument3 image1) has compression safe numeric effects at time 2
action has compression safe numeric effects but still panicking and setting compression safe to false for now: need a new flag
Effect (data-stored) += 156 of action (take_image satellite1 star4 instrument3 image1) is compression safe
action (take_image satellite1 star4 instrument3 image1) has compression safe numeric effects at time 2
action has compression safe numeric effects but still panicking and setting compression safe to false for now: need a new flag
Effect (data-stored) += 95 of action (take_image satellite0 phenomenon5 instrument0 infrared0) is compression safe
action (take_image satellite0 phenomenon5 instrument0 infrared0) has compression safe numeric effects at time 2
action has compression safe numeric effects but still panicking and setting compression safe to false for now: need a new flag
Effect (data-stored) += 67 of action (take_image satellite0 phenomenon6 instrument0 infrared0) is compression safe
action (take_image satellite0 phenomenon6 instrument0 infrared0) has compression safe numeric effects at time 2
action has compression safe numeric effects but still panicking and setting compression safe to false for now: need a new flag
Effect (data-stored) += 248 of action (take_image satellite0 phenomenon7 instrument0 infrared0) is compression safe
action (take_image satellite0 phenomenon7 instrument0 infrared0) has compression safe numeric effects at time 2
action has compression safe numeric effects but still panicking and setting compression safe to false for now: need a new flag
Effect (data-stored) += 164 of action (take_image satellite0 star3 instrument0 infrared0) is compression safe
action (take_image satellite0 star3 instrument0 infrared0) has compression safe numeric effects at time 2
action has compression safe numeric effects but still panicking and setting compression safe to false for now: need a new flag
Effect (data-stored) += 196 of action (take_image satellite0 star4 instrument0 infrared0) is compression safe
action (take_image satellite0 star4 instrument0 infrared0) has compression safe numeric effects at time 2
action has compression safe numeric effects but still panicking and setting compression safe to false for now: need a new flag
Effect (data-stored) += 95 of action (take_image satellite0 phenomenon5 instrument2 infrared0) is compression safe
action (take_image satellite0 phenomenon5 instrument2 infrared0) has compression safe numeric effects at time 2
action has compression safe numeric effects but still panicking and setting compression safe to false for now: need a new flag
Effect (data-stored) += 67 of action (take_image satellite0 phenomenon6 instrument2 infrared0) is compression safe
action (take_image satellite0 phenomenon6 instrument2 infrared0) has compression safe numeric effects at time 2
action has compression safe numeric effects but still panicking and setting compression safe to false for now: need a new flag
Effect (data-stored) += 248 of action (take_image satellite0 phenomenon7 instrument2 infrared0) is compression safe
action (take_image satellite0 phenomenon7 instrument2 infrared0) has compression safe numeric effects at time 2
action has compression safe numeric effects but still panicking and setting compression safe to false for now: need a new flag
Effect (data-stored) += 164 of action (take_image satellite0 star3 instrument2 infrared0) is compression safe
action (take_image satellite0 star3 instrument2 infrared0) has compression safe numeric effects at time 2
action has compression safe numeric effects but still panicking and setting compression safe to false for now: need a new flag
Effect (data-stored) += 196 of action (take_image satellite0 star4 instrument2 infrared0) is compression safe
action (take_image satellite0 star4 instrument2 infrared0) has compression safe numeric effects at time 2
action has compression safe numeric effects but still panicking and setting compression safe to false for now: need a new flag
Effect (data-stored) += 95 of action (take_image satellite1 phenomenon5 instrument3 infrared0) is compression safe
action (take_image satellite1 phenomenon5 instrument3 infrared0) has compression safe numeric effects at time 2
action has compression safe numeric effects but still panicking and setting compression safe to false for now: need a new flag
Effect (data-stored) += 67 of action (take_image satellite1 phenomenon6 instrument3 infrared0) is compression safe
action (take_image satellite1 phenomenon6 instrument3 infrared0) has compression safe numeric effects at time 2
action has compression safe numeric effects but still panicking and setting compression safe to false for now: need a new flag
Effect (data-stored) += 248 of action (take_image satellite1 phenomenon7 instrument3 infrared0) is compression safe
action (take_image satellite1 phenomenon7 instrument3 infrared0) has compression safe numeric effects at time 2
action has compression safe numeric effects but still panicking and setting compression safe to false for now: need a new flag
Effect (data-stored) += 164 of action (take_image satellite1 star3 instrument3 infrared0) is compression safe
action (take_image satellite1 star3 instrument3 infrared0) has compression safe numeric effects at time 2
action has compression safe numeric effects but still panicking and setting compression safe to false for now: need a new flag
Effect (data-stored) += 196 of action (take_image satellite1 star4 instrument3 infrared0) is compression safe
action (take_image satellite1 star4 instrument3 infrared0) has compression safe numeric effects at time 2
action has compression safe numeric effects but still panicking and setting compression safe to false for now: need a new flag
Effect (data-stored) += 44 of action (take_image satellite0 phenomenon5 instrument0 spectrograph2) is compression safe
action (take_image satellite0 phenomenon5 instrument0 spectrograph2) has compression safe numeric effects at time 2
action has compression safe numeric effects but still panicking and setting compression safe to false for now: need a new flag
Effect (data-stored) += 222 of action (take_image satellite0 phenomenon6 instrument0 spectrograph2) is compression safe
action (take_image satellite0 phenomenon6 instrument0 spectrograph2) has compression safe numeric effects at time 2
action has compression safe numeric effects but still panicking and setting compression safe to false for now: need a new flag
Effect (data-stored) += 78 of action (take_image satellite0 phenomenon7 instrument0 spectrograph2) is compression safe
action (take_image satellite0 phenomenon7 instrument0 spectrograph2) has compression safe numeric effects at time 2
action has compression safe numeric effects but still panicking and setting compression safe to false for now: need a new flag
Effect (data-stored) += 125 of action (take_image satellite0 star3 instrument0 spectrograph2) is compression safe
action (take_image satellite0 star3 instrument0 spectrograph2) has compression safe numeric effects at time 2
action has compression safe numeric effects but still panicking and setting compression safe to false for now: need a new flag
Effect (data-stored) += 6 of action (take_image satellite0 star4 instrument0 spectrograph2) is compression safe
action (take_image satellite0 star4 instrument0 spectrograph2) has compression safe numeric effects at time 2
action has compression safe numeric effects but still panicking and setting compression safe to false for now: need a new flag
Effect (data-stored) += 44 of action (take_image satellite1 phenomenon5 instrument3 spectrograph2) is compression safe
action (take_image satellite1 phenomenon5 instrument3 spectrograph2) has compression safe numeric effects at time 2
action has compression safe numeric effects but still panicking and setting compression safe to false for now: need a new flag
Effect (data-stored) += 222 of action (take_image satellite1 phenomenon6 instrument3 spectrograph2) is compression safe
action (take_image satellite1 phenomenon6 instrument3 spectrograph2) has compression safe numeric effects at time 2
action has compression safe numeric effects but still panicking and setting compression safe to false for now: need a new flag
Effect (data-stored) += 78 of action (take_image satellite1 phenomenon7 instrument3 spectrograph2) is compression safe
action (take_image satellite1 phenomenon7 instrument3 spectrograph2) has compression safe numeric effects at time 2
action has compression safe numeric effects but still panicking and setting compression safe to false for now: need a new flag
Effect (data-stored) += 125 of action (take_image satellite1 star3 instrument3 spectrograph2) is compression safe
action (take_image satellite1 star3 instrument3 spectrograph2) has compression safe numeric effects at time 2
action has compression safe numeric effects but still panicking and setting compression safe to false for now: need a new flag
Effect (data-stored) += 6 of action (take_image satellite1 star4 instrument3 spectrograph2) is compression safe
action (take_image satellite1 star4 instrument3 spectrograph2) has compression safe numeric effects at time 2
action has compression safe numeric effects but still panicking and setting compression safe to false for now: need a new flag
Effect (overall-image-utility) += 21.49 of action (send_image satellite0 window0 star3 infrared0) is compression safe
action (send_image satellite0 window0 star3 infrared0) has compression safe numeric effects at time 2
action has compression safe numeric effects but still panicking and setting compression safe to false for now: need a new flag
Effect (overall-image-utility) += 21.49 of action (send_image satellite1 window0 star3 infrared0) is compression safe
action (send_image satellite1 window0 star3 infrared0) has compression safe numeric effects at time 2
action has compression safe numeric effects but still panicking and setting compression safe to false for now: need a new flag
Effect (overall-image-utility) += 36.29 of action (send_image satellite0 window0 phenomenon5 spectrograph2) is compression safe
action (send_image satellite0 window0 phenomenon5 spectrograph2) has compression safe numeric effects at time 2
action has compression safe numeric effects but still panicking and setting compression safe to false for now: need a new flag
Effect (overall-image-utility) += 36.29 of action (send_image satellite1 window0 phenomenon5 spectrograph2) is compression safe
action (send_image satellite1 window0 phenomenon5 spectrograph2) has compression safe numeric effects at time 2
action has compression safe numeric effects but still panicking and setting compression safe to false for now: need a new flag
Effect (overall-image-utility) += 13.66 of action (send_image satellite0 window0 phenomenon7 spectrograph2) is compression safe
action (send_image satellite0 window0 phenomenon7 spectrograph2) has compression safe numeric effects at time 2
action has compression safe numeric effects but still panicking and setting compression safe to false for now: need a new flag
Effect (overall-image-utility) += 13.66 of action (send_image satellite1 window0 phenomenon7 spectrograph2) is compression safe
action (send_image satellite1 window0 phenomenon7 spectrograph2) has compression safe numeric effects at time 2
action has compression safe numeric effects but still panicking and setting compression safe to false for now: need a new flag
Effect (overall-image-utility) += 28.6 of action (send_image satellite0 window0 star4 spectrograph2) is compression safe
action (send_image satellite0 window0 star4 spectrograph2) has compression safe numeric effects at time 2
action has compression safe numeric effects but still panicking and setting compression safe to false for now: need a new flag
Effect (overall-image-utility) += 28.6 of action (send_image satellite1 window0 star4 spectrograph2) is compression safe
action (send_image satellite1 window0 star4 spectrograph2) has compression safe numeric effects at time 2
action has compression safe numeric effects but still panicking and setting compression safe to false for now: need a new flag
Effect (data-stored) += 205 of action (take_image satellite0 phenomenon5 instrument1 image1) is compression safe
action (take_image satellite0 phenomenon5 instrument1 image1) has compression safe numeric effects at time 2
action has compression safe numeric effects but still panicking and setting compression safe to false for now: need a new flag
Effect (data-stored) += 247 of action (take_image satellite0 phenomenon6 instrument1 image1) is compression safe
action (take_image satellite0 phenomenon6 instrument1 image1) has compression safe numeric effects at time 2
action has compression safe numeric effects but still panicking and setting compression safe to false for now: need a new flag
Effect (data-stored) += 122 of action (take_image satellite0 phenomenon7 instrument1 image1) is compression safe
action (take_image satellite0 phenomenon7 instrument1 image1) has compression safe numeric effects at time 2
action has compression safe numeric effects but still panicking and setting compression safe to false for now: need a new flag
Effect (data-stored) += 208 of action (take_image satellite0 star3 instrument1 image1) is compression safe
action (take_image satellite0 star3 instrument1 image1) has compression safe numeric effects at time 2
action has compression safe numeric effects but still panicking and setting compression safe to false for now: need a new flag
Effect (data-stored) += 156 of action (take_image satellite0 star4 instrument1 image1) is compression safe
action (take_image satellite0 star4 instrument1 image1) has compression safe numeric effects at time 2
action has compression safe numeric effects but still panicking and setting compression safe to false for now: need a new flag
Effect (data-stored) += 205 of action (take_image satellite0 phenomenon5 instrument2 image1) is compression safe
action (take_image satellite0 phenomenon5 instrument2 image1) has compression safe numeric effects at time 2
action has compression safe numeric effects but still panicking and setting compression safe to false for now: need a new flag
Effect (data-stored) += 247 of action (take_image satellite0 phenomenon6 instrument2 image1) is compression safe
action (take_image satellite0 phenomenon6 instrument2 image1) has compression safe numeric effects at time 2
action has compression safe numeric effects but still panicking and setting compression safe to false for now: need a new flag
Effect (data-stored) += 122 of action (take_image satellite0 phenomenon7 instrument2 image1) is compression safe
action (take_image satellite0 phenomenon7 instrument2 image1) has compression safe numeric effects at time 2
action has compression safe numeric effects but still panicking and setting compression safe to false for now: need a new flag
Effect (data-stored) += 208 of action (take_image satellite0 star3 instrument2 image1) is compression safe
action (take_image satellite0 star3 instrument2 image1) has compression safe numeric effects at time 2
action has compression safe numeric effects but still panicking and setting compression safe to false for now: need a new flag
Effect (data-stored) += 156 of action (take_image satellite0 star4 instrument2 image1) is compression safe
action (take_image satellite0 star4 instrument2 image1) has compression safe numeric effects at time 2
action has compression safe numeric effects but still panicking and setting compression safe to false for now: need a new flag
Effect (data-stored) += 205 of action (take_image satellite1 phenomenon5 instrument3 image1) is compression safe
action (take_image satellite1 phenomenon5 instrument3 image1) has compression safe numeric effects at time 2
action has compression safe numeric effects but still panicking and setting compression safe to false for now: need a new flag
Effect (data-stored) += 247 of action (take_image satellite1 phenomenon6 instrument3 image1) is compression safe
action (take_image satellite1 phenomenon6 instrument3 image1) has compression safe numeric effects at time 2
action has compression safe numeric effects but still panicking and setting compression safe to false for now: need a new flag
Effect (data-stored) += 122 of action (take_image satellite1 phenomenon7 instrument3 image1) is compression safe
action (take_image satellite1 phenomenon7 instrument3 image1) has compression safe numeric effects at time 2
action has compression safe numeric effects but still panicking and setting compression safe to false for now: need a new flag
Effect (data-stored) += 208 of action (take_image satellite1 star3 instrument3 image1) is compression safe
action (take_image satellite1 star3 instrument3 image1) has compression safe numeric effects at time 2
action has compression safe numeric effects but still panicking and setting compression safe to false for now: need a new flag
Effect (data-stored) += 156 of action (take_image satellite1 star4 instrument3 image1) is compression safe
action (take_image satellite1 star4 instrument3 image1) has compression safe numeric effects at time 2
action has compression safe numeric effects but still panicking and setting compression safe to false for now: need a new flag
Effect (data-stored) += 95 of action (take_image satellite0 phenomenon5 instrument0 infrared0) is compression safe
action (take_image satellite0 phenomenon5 instrument0 infrared0) has compression safe numeric effects at time 2
action has compression safe numeric effects but still panicking and setting compression safe to false for now: need a new flag
Effect (data-stored) += 67 of action (take_image satellite0 phenomenon6 instrument0 infrared0) is compression safe
action (take_image satellite0 phenomenon6 instrument0 infrared0) has compression safe numeric effects at time 2
action has compression safe numeric effects but still panicking and setting compression safe to false for now: need a new flag
Effect (data-stored) += 248 of action (take_image satellite0 phenomenon7 instrument0 infrared0) is compression safe
action (take_image satellite0 phenomenon7 instrument0 infrared0) has compression safe numeric effects at time 2
action has compression safe numeric effects but still panicking and setting compression safe to false for now: need a new flag
Effect (data-stored) += 164 of action (take_image satellite0 star3 instrument0 infrared0) is compression safe
action (take_image satellite0 star3 instrument0 infrared0) has compression safe numeric effects at time 2
action has compression safe numeric effects but still panicking and setting compression safe to false for now: need a new flag
Effect (data-stored) += 196 of action (take_image satellite0 star4 instrument0 infrared0) is compression safe
action (take_image satellite0 star4 instrument0 infrared0) has compression safe numeric effects at time 2
action has compression safe numeric effects but still panicking and setting compression safe to false for now: need a new flag
Effect (data-stored) += 95 of action (take_image satellite0 phenomenon5 instrument2 infrared0) is compression safe
action (take_image satellite0 phenomenon5 instrument2 infrared0) has compression safe numeric effects at time 2
action has compression safe numeric effects but still panicking and setting compression safe to false for now: need a new flag
Effect (data-stored) += 67 of action (take_image satellite0 phenomenon6 instrument2 infrared0) is compression safe
action (take_image satellite0 phenomenon6 instrument2 infrared0) has compression safe numeric effects at time 2
action has compression safe numeric effects but still panicking and setting compression safe to false for now: need a new flag
Effect (data-stored) += 248 of action (take_image satellite0 phenomenon7 instrument2 infrared0) is compression safe
action (take_image satellite0 phenomenon7 instrument2 infrared0) has compression safe numeric effects at time 2
action has compression safe numeric effects but still panicking and setting compression safe to false for now: need a new flag
Effect (data-stored) += 164 of action (take_image satellite0 star3 instrument2 infrared0) is compression safe
action (take_image satellite0 star3 instrument2 infrared0) has compression safe numeric effects at time 2
action has compression safe numeric effects but still panicking and setting compression safe to false for now: need a new flag
Effect (data-stored) += 196 of action (take_image satellite0 star4 instrument2 infrared0) is compression safe
action (take_image satellite0 star4 instrument2 infrared0) has compression safe numeric effects at time 2
action has compression safe numeric effects but still panicking and setting compression safe to false for now: need a new flag
Effect (data-stored) += 95 of action (take_image satellite1 phenomenon5 instrument3 infrared0) is compression safe
action (take_image satellite1 phenomenon5 instrument3 infrared0) has compression safe numeric effects at time 2
action has compression safe numeric effects but still panicking and setting compression safe to false for now: need a new flag
Effect (data-stored) += 67 of action (take_image satellite1 phenomenon6 instrument3 infrared0) is compression safe
action (take_image satellite1 phenomenon6 instrument3 infrared0) has compression safe numeric effects at time 2
action has compression safe numeric effects but still panicking and setting compression safe to false for now: need a new flag
Effect (data-stored) += 248 of action (take_image satellite1 phenomenon7 instrument3 infrared0) is compression safe
action (take_image satellite1 phenomenon7 instrument3 infrared0) has compression safe numeric effects at time 2
action has compression safe numeric effects but still panicking and setting compression safe to false for now: need a new flag
Effect (data-stored) += 164 of action (take_image satellite1 star3 instrument3 infrared0) is compression safe
action (take_image satellite1 star3 instrument3 infrared0) has compression safe numeric effects at time 2
action has compression safe numeric effects but still panicking and setting compression safe to false for now: need a new flag
Effect (data-stored) += 196 of action (take_image satellite1 star4 instrument3 infrared0) is compression safe
action (take_image satellite1 star4 instrument3 infrared0) has compression safe numeric effects at time 2
action has compression safe numeric effects but still panicking and setting compression safe to false for now: need a new flag
Effect (data-stored) += 44 of action (take_image satellite0 phenomenon5 instrument0 spectrograph2) is compression safe
action (take_image satellite0 phenomenon5 instrument0 spectrograph2) has compression safe numeric effects at time 2
action has compression safe numeric effects but still panicking and setting compression safe to false for now: need a new flag
Effect (data-stored) += 222 of action (take_image satellite0 phenomenon6 instrument0 spectrograph2) is compression safe
action (take_image satellite0 phenomenon6 instrument0 spectrograph2) has compression safe numeric effects at time 2
action has compression safe numeric effects but still panicking and setting compression safe to false for now: need a new flag
Effect (data-stored) += 78 of action (take_image satellite0 phenomenon7 instrument0 spectrograph2) is compression safe
action (take_image satellite0 phenomenon7 instrument0 spectrograph2) has compression safe numeric effects at time 2
action has compression safe numeric effects but still panicking and setting compression safe to false for now: need a new flag
Effect (data-stored) += 125 of action (take_image satellite0 star3 instrument0 spectrograph2) is compression safe
action (take_image satellite0 star3 instrument0 spectrograph2) has compression safe numeric effects at time 2
action has compression safe numeric effects but still panicking and setting compression safe to false for now: need a new flag
Effect (data-stored) += 6 of action (take_image satellite0 star4 instrument0 spectrograph2) is compression safe
action (take_image satellite0 star4 instrument0 spectrograph2) has compression safe numeric effects at time 2
action has compression safe numeric effects but still panicking and setting compression safe to false for now: need a new flag
Effect (data-stored) += 44 of action (take_image satellite1 phenomenon5 instrument3 spectrograph2) is compression safe
action (take_image satellite1 phenomenon5 instrument3 spectrograph2) has compression safe numeric effects at time 2
action has compression safe numeric effects but still panicking and setting compression safe to false for now: need a new flag
Effect (data-stored) += 222 of action (take_image satellite1 phenomenon6 instrument3 spectrograph2) is compression safe
action (take_image satellite1 phenomenon6 instrument3 spectrograph2) has compression safe numeric effects at time 2
action has compression safe numeric effects but still panicking and setting compression safe to false for now: need a new flag
Effect (data-stored) += 78 of action (take_image satellite1 phenomenon7 instrument3 spectrograph2) is compression safe
action (take_image satellite1 phenomenon7 instrument3 spectrograph2) has compression safe numeric effects at time 2
action has compression safe numeric effects but still panicking and setting compression safe to false for now: need a new flag
Effect (data-stored) += 125 of action (take_image satellite1 star3 instrument3 spectrograph2) is compression safe
action (take_image satellite1 star3 instrument3 spectrograph2) has compression safe numeric effects at time 2
action has compression safe numeric effects but still panicking and setting compression safe to false for now: need a new flag
Effect (data-stored) += 6 of action (take_image satellite1 star4 instrument3 spectrograph2) is compression safe
action (take_image satellite1 star4 instrument3 spectrograph2) has compression safe numeric effects at time 2
action has compression safe numeric effects but still panicking and setting compression safe to false for now: need a new flag
Effect (overall-image-utility) += 21.49 of action (send_image satellite0 window0 star3 infrared0) is compression safe
action (send_image satellite0 window0 star3 infrared0) has compression safe numeric effects at time 2
action has compression safe numeric effects but still panicking and setting compression safe to false for now: need a new flag
Effect (overall-image-utility) += 21.49 of action (send_image satellite1 window0 star3 infrared0) is compression safe
action (send_image satellite1 window0 star3 infrared0) has compression safe numeric effects at time 2
action has compression safe numeric effects but still panicking and setting compression safe to false for now: need a new flag
Effect (overall-image-utility) += 36.29 of action (send_image satellite0 window0 phenomenon5 spectrograph2) is compression safe
action (send_image satellite0 window0 phenomenon5 spectrograph2) has compression safe numeric effects at time 2
action has compression safe numeric effects but still panicking and setting compression safe to false for now: need a new flag
Effect (overall-image-utility) += 36.29 of action (send_image satellite1 window0 phenomenon5 spectrograph2) is compression safe
action (send_image satellite1 window0 phenomenon5 spectrograph2) has compression safe numeric effects at time 2
action has compression safe numeric effects but still panicking and setting compression safe to false for now: need a new flag
Effect (overall-image-utility) += 13.66 of action (send_image satellite0 window0 phenomenon7 spectrograph2) is compression safe
action (send_image satellite0 window0 phenomenon7 spectrograph2) has compression safe numeric effects at time 2
action has compression safe numeric effects but still panicking and setting compression safe to false for now: need a new flag
Effect (overall-image-utility) += 13.66 of action (send_image satellite1 window0 phenomenon7 spectrograph2) is compression safe
action (send_image satellite1 window0 phenomenon7 spectrograph2) has compression safe numeric effects at time 2
action has compression safe numeric effects but still panicking and setting compression safe to false for now: need a new flag
Effect (overall-image-utility) += 28.6 of action (send_image satellite0 window0 star4 spectrograph2) is compression safe
action (send_image satellite0 window0 star4 spectrograph2) has compression safe numeric effects at time 2
action has compression safe numeric effects but still panicking and setting compression safe to false for now: need a new flag
Effect (overall-image-utility) += 28.6 of action (send_image satellite1 window0 star4 spectrograph2) is compression safe
action (send_image satellite1 window0 star4 spectrograph2) has compression safe numeric effects at time 2
action has compression safe numeric effects but still panicking and setting compression safe to false for now: need a new flag
Compression-safe invariants...
72% of durative actions in this problem are compression safe
Goal Goal [5]
    (sent_image phenomenon7 spectrograph2)
    (sent_image phenomenon5 spectrograph2)
    (sent_image star4 spectrograph2)
    (sent_image star3 infrared0)
    (pointing satellite0 phenomenon5)

Finishing preprocessing.  Making a TRPG heuristic...
Making an open list...
Running WA* search (g weight = 1, h weight = 5)
{(power_avail satellite0),(pointing satellite0 star4),(power_avail satellite1),(pointing satellite1 star0),(available window0)}
[ (data_capacity satellite0)=1000, (data_capacity satellite1)=1000, (data-stored)=0, (overall-image-utility)=0 ]
Initial heuristic = 25
Initial stats: t=0s, 6128kb
b (23 @ n=2, t=0s, 6128kb)b (22 @ n=29, t=0.01s, 6272kb)b (21 @ n=157, t=0.04s, 6476kb).{EPS=641.026,ETD=20.9388}.{EPS=787.402,ETD=43.9192}b (20 @ n=514, t=0.13s, 7216kb)b (19 @ n=542, t=0.14s, 7216kb)Warning: self overlapping Action 170:1 at 14
b (18 @ n=547, t=0.14s, 7308kb)b (17 @ n=572, t=0.15s, 7400kb)b (16 @ n=607, t=0.15s, 7504kb)b (15 @ n=630, t=0.16s, 7624kb).{EPS=520.833,ETD=30.8591}d.{EPS=466.2,ETD=33.8794}d.{EPS=407.83,ETD=28.8715}d.{EPS=393.701,ETD=28.8361}x.{EPS=335.57,ETD=24.7049}x.{EPS=265.428,ETD=21.609}x.{EPS=198.675,ETD=19.2027}x.{EPS=145.391,ETD=17.8076}x.{EPS=107.573,ETD=19.796}x.{EPS=84.3455,ETD=21.412}x.{EPS=70.1656,ETD=32.596}xb (14 @ n=8157, t=8.65s, 222304kb)d.{EPS=59.538,ETD=42.546}xdxx.{EPS=51.3716,ETD=43.132}xxx.{EPS=45.0938,ETD=44.458}xxx.{EPS=40.5383,ETD=51.404}xxx.{EPS=37.2439,ETD=61.204}xxx.{EPS=35.0067,ETD=74.006}xxx.{EPS=33.9905,ETD=89.072}xxb (13 @ n=12475, t=19.47s, 419292kb)b (12 @ n=12501, t=19.54s, 420680kb)xd.{EPS=33.0404,ETD=99.526}xxx.{EPS=31.9101,ETD=93.674}xxx.{EPS=30.9866,ETD=88.236}xxx.{EPS=30.1459,ETD=84.122}xxdxx.{EPS=29.4916,ETD=95.47}xxx.{EPS=28.7654,ETD=109.522}xxx.{EPS=28.1262,ETD=123.584}xxxxd.{EPS=27.5512,ETD=138}xxx.{EPS=27.008,ETD=154.216}xxxxd.{EPS=26.4774,ETD=168.84}xxxx.{EPS=26.062,ETD=190.38}xxxx.{EPS=25.8304,ETD=226.342}dxxxx.{EPS=25.5598,ETD=260.342}xxdx.{EPS=25.3241,ETD=298.926}xxx.{EPS=25.1294,ETD=338.724}xxxx.{EPS=25.1143,ETD=377.016}xdxx.{EPS=25.0777,ETD=412.848}xxxxx.{EPS=25.0376,ETD=445.096}dxxx.{EPS=24.9265,ETD=486.29}xdxx.{EPS=25.355,ETD=545.932}xxxx.{EPS=25.9403,ETD=599.022}xxx.{EPS=26.3838,ETD=659.806}xxx.{EPS=26.4536,ETD=745.684}xxx.{EPS=26.5083,ETD=825.892}xdddxddddxddd.{EPS=27.5209,ETD=905.08}dxddddxddddxddd.{EPS=28.8068,ETD=978.85}xddddxddddxdddd.{EPS=30.2755,ETD=1060.28}xdddddxdddxdddddx.{EPS=31.8309,ETD=1145.07}ddddxdddxdddddx.{EPS=33.9282,ETD=1219.05}ddddxdddxdddddx.{EPS=35.1964,ETD=1276.33}ddddxdddxdddddx.{EPS=36.3557,ETD=1337.41}ddddxdddxddddx.{EPS=38.3259,ETD=1411.85}ddxdddxddx.{EPS=42.434,ETD=1467.01}ddxddxdxdxdxdx.{EPS=47.3664,ETD=1516.75}dxdxdxdxdxdxdxdxd.{EPS=49.4756,ETD=1565.53}xdxdxdxdxdxdxdxdxd.{EPS=50.674,ETD=1618.26}xdxdxdxdxdxdxdxdx.{EPS=52.04,ETD=1665.37}dxdxdxxdxdxdxdxdxd.{EPS=53.4531,ETD=1711.78}xdxdxdxdxddddxdd.{EPS=54.6329,ETD=1783.1}dxdxdxdxdxdxdxdx.{EPS=55.9034,ETD=1828}dxdxdxdxddxdxdt~~~~~~~~~d.{EPS=56.281,ETD=1858.9}x~~d~~td~~dx~~dt~~d~~xdt~~d~~.{EPS=54.9934,ETD=1869.96}d~~xtd~~~~dxd~~t~~d~~dxt~~d~~dt.{EPS=52.0075,ETD=1877.49}~~dxd~~~~dtx~d~~dt~~dx~~dt~~d~~.{EPS=49.7117,ETD=1891.85}xd~~td~~~~dxd~~td~~dx~~t~~d~~d.{EPS=48.1788,ETD=1908.39}~~xdt~~d~~dt~~xd~~d~~txd~~~~~~~~~~~~~~~~~~~~~~~~~~~~~~~~~~~~~~~~~~~~~~~~~~~~~~~~~~~~~~~~~~~~~~~~~~~~~~~~~~~~~~~~~~~~~~~~~~~~~~~~~~~~~~~~~~~~~~~~~~~~~~~~~~~~~~~~~~~~~~~~~~~~~~~~~~~~~~~~~~~~~~~~~~~~~~~~~~~~~~~~~~~~~~~~~~~~~~~~~~~~~~~~~~~~~~~~~~~~~~~~~~~~~~~~~~~~~~~~~~~~~~~~~~~~~~~~~~~~~~~~~~~~~~~~~~~~~~~~~~~~~~~~~~~~~~~~~~~~~~~~~~~~~~~~~~~~~~~~~~~~~~~~~~~~~~~~~~~~~~~~~~~~~~~~~~~~~~~~~~~~~~~~~~~~~~~~~~~~~~~~~~~~~~~~~~~~~~~~~~~~~~~~~~~~~~~~~~~~~~~~~~~~~~~~~~~~~~~~~~~~~~~~~~~~~~~~~~~~~~~~~~~~~~~~~~~~~~~~~~~~~~~~~~~~~~~~~~~~~~~~~~~~~~~~~~~~~~~~~~~~~~~~~~~~~~~~~~~~~~~~~~~~~~~~~~~~~~~~~~~~~~~~~~~~~~~~~~~~~~~~~~~~~~~~~~~~~~~~~~~~~~~~~~~~~~~~~~~~~~~~~~~~~~~~~~~~~~~~~~~~~~~~~~~~~~~~~~~~~~~~~~~~~~~~~~~~~~~~~~~~~~~~~~~~~~~~~~~~~~~~~~~~~~~~~~~~~~~~~~~~~~~~~~~~~~~~~~~~~~~~~~~~~~~~~~~~~~~~~~~~~~~~~~~~~~~~~~~~~~~~~~~~~~~~~~~~~~~~~~~~~~~~~~~~~~~~~~~~~~~~~~~~~~~~~~~~~~~~~~~~~~~~~~~~~~~~~~~~~~~~~~~~~~~~~~~~~~~~~~~~~~~~~~~~~~~~~~~~~~~~~~~~~~~~~~~~~~~~~~~~~~~~~~~~~~~~~~~~~~~~~~~~~~~~~~~~~~~~~~~~~~~~~~~~~~~~~~~~~~~~~~~~~~~~~~~~~~~~~~~~~~~~~~~~~~~~~~~~~~~~~~~~~~~~~~~~~~~~~~~~~~~~~~~~~~~~~~~~~~~~~~~~~~~~~~~~~~~~~~~~~~~~~~~~~~~~~~~~~~~~~~~~~~~~~~~~~~~~~~~~~~~~~~~~~~~~~~~~~~~~~~~~~~~~~~~~~~~~~~~~~~~~~~~~~~~~~~~~~~~~~~~~~~~~~~~~~~~~~~~~~~~~~~~~~~~~~~~~~~~~~~~~~~~~~~~~~~~~~~~~~~~~~~~~~~~~~~~~~~~~~~~~~~~~~~~~~~~~~~~~~~~~~~~~~~~~~~~~~~~~~~~~~~~~~~~~~~~~~~~~~~~~~~~~~~~~~~~~~~~~~~~~~~~~~~~~~~~~~~~~~~~~~~~~~~~~~~~~~~~~~~~~~~~~~~~~~~~~~~~~~~~~~~~~~~~~~~~~~~~~~~~~~~~~~~~~~~~~~~~~~~~~~~~~~~~~~~~~~~~~~~~~~~~~~~~~~~~~~~~~~~~~~~~~~~~~~~~~~~~~~~~~~~~~~~~~~~~~~~~~~~~~~~~~~~~~~~~~~~~~~~~~~~~~~~~~~~~~~~~~~~~~~~~~~~~~~~~~~~~~~~~~~~~~~~~~~~~~~~~~~~~~~~~~~~~~~~~~~~~~~~~~~~~~~~~~~~~~~~~~~~~~~~~~~~~~~~~~~~~~~~~~~~~~~~~~~~~~~~~~~~~~~~~~~~~~~~~~~~~~~~~~~~~~~~~~~~~~~~~~~~~~~~~~~~~~~~~~~~~~~~~~~~~~~~~~~~~~~~~~~~~~~~~~~~~~~~~~~~~~~~~~~~~~~~~~~~~~~~~~~~~~~~~~~~~~~~~~~~~~~~~~~~~~~~~~~~~~~~~~~~~~~~~~~~~~~~~~~~~~~~~~~~~~~~~~~~~~~~~~~~~~~~~~~~~~~~~~~~~~~~~~~~~~~~~~~~~~~~~~~~~~~~~~~~~~~~~~~~~~~~~~~~~~~~~~~~~~~~~~~~~~~~~~~~~~~~~~~~~~~~~~~~~~~~~~~~~~~~~~~~~~~~~~~~~~~~~~~~~~~~~~~~~~~~~~~~~~~~~~~~~~~~~~~~~~~~~~~~~~~~~~~~~~~~~~~~~~~~~~~~~~~~~~~~~~~~~~~~~~~~~~~~~~~~~~~~~~~~~~~~~~~~~~~~~~~~~~~~~~~~~~~~~~~~~~~~~~~~~~~~~~~~~~~~~~~~~~~~~~~~~~~~~~~~~~~~~~~~~~~~~~~~~~~~~~~~~~~~~~~~~~~~~~~~~~~~~~~~~~~~~~~~~~~~~~~~~~~~~~~~~~~~~~~~~~~~~~~~~~~~~~~~~~~~~~~~~~~~~~~~~~~~~~~~~~~~~~~~~~~~~~~~~~~~~~~~~~~~~~~~~~~~~~~~~~~~~~~~~~~~~~~~~~~~~~~~~~~~~~~~~~~~~~~~~~~~~~~~~~~~~~~~~~~~~~~~~~~~~~~~~~~~~~~~~~~~~~~~~~~~~~~~~~~~~~~~~~~~~~~~~~~~~~~~~~~~~~~~~~~~~~~~~~~~~~~~~~~~~~~~~~~~~~~~~~~~~~~~~~~~~~~~~~~~~~~~~~~~~~~~~~~~~~~~~~~~~~~~~~~~~~~~~~~~~~~~~~~~~~~~~~~~~~~~~~~~~~~~~~~~~~~~~~~~~~~~~~~~~~~~~~~~~~~~~~~~~~~~~~~~~~~~~~~~~~~~~~~~~~~~~~~~~~~~~~~~~~~~~~~~~~~~~~~~~~~~~~~~~~~~~~~~~~~~~~~~~~~~~~~~~~~~~~~~~~~~~~~~~~~~~~~~~~~~~~~~~~~~~~~~~~~~~~~~~~~~~~~~~~~~~~~~~~~~~~~~~~~~~~~~~~~~~~~~~~~~~~~~~~~~~~~~~~~~~~~~~~~~~~~~~~~~~~~~~~~~~~~~~~~~~~~~~~~~~~~~~~~~~~~~~~~~~~~~~~~~~~~~~~~~~~~~~~~~~~~~~~~~~~~~~~~~~~~~~~~~~~~~~~~~~~~~~~~~~~~~~~~~~~~~~~~~~~~~~~~~~~~~~~~~~~~~~~~~~~~~~~~~~~~~~~~~~~~~~~~~~~~~~~~~~~~~~~~~~~~~~~~~~~~~~~~~~~~~~~~~~~~~~~~~~~~~~~~~~~~~~~~~~~~~~~~~~~~~~~~~~~~~~~~~~~~~~~~~~~~~~~~~~~~~~~~~~~~~~~~~~~~~~~~~~~~~~~~~~~~~~~~~~~~~~~~~~~~~~~~~~~~~~~~~~~~~~~~~~~~~~~~~~~~~~~~~~~~~~~~~~~~~~~~~~~~~~~~~~~~~~~~~~~~~~~~~~~~~~~~~~~~~~~~~~~~~~~~~~~~~~~~~~~~~~~~~~~~~~~~~~~~~~~~~~~~~~~~~~~~~~~~~~~~~~~~~~~~~~~~~~~~~~~~~~~~~~~~~~~~~~~~~~~~~~~~~~~~~~~~~~~~~~~~~~~~~~~~~~~~~~~~~~~~~~~~~~~~~~~~~~~~~~~~~~~~~~~~~~~~~~~~~~~~~~~~~~~~~~~~~~~~~~~~~~~~~~~~~~~~~~~~~~~~~~~~~~~~~~~~~~~~~~~~~~~~~~~~~~~~~~~~~~~~~~~~~~~~~~~~~~~~~~~~~~~~~~~~~~~~~~~~~~~~~~~~~~~~~~~~~~~~~~~~~~~~~~~~~~~~~~~~~~~~~~~~~~~~~~~~~~~~~~~~~~~~~~~~~~~~~~~~~~~~~~~~~~~~~~~~~~~~~~~~~~~~~~~~~~~~~~~~~~~~~~~~~~~~~~~~~~~~~~~~~~~~~~~~~~~~~~~~~~~~~~~~~~~~~~~~~~~~~~~~~~~~~~~~~~~~~~~~~~~~~~~~~~~~~~~~~~~~~~~~~~~~~~~~~~~~~~~~~~~~~~~~~~~~~~~~~~~~~~~~~~~~~~~~~~~~~~~~~~~~~~~~~~~~~~~~~~~~~~~~~~~~~~~~~~~~~~~~~~~~~~~~~~~~~~~~~~~~~~~~~~~~~~~~~~~~~~~~~~~~~~~~~~~~~~~~~~~~~~~~~~~~~~~~~~~~~~~~~~~~~~~~~~~~~~~~~~~~~~~~~~~~~~~~~~~~~~~~~~~~~~~~~~~~~~~~~~~~~~~~~~~~~~~~~~~~~~~~~~~~~~~~~~~~~~~~~~~~~~~~~~~~~~~~~~~~~~~~~~~~~~~~~~~~~~~~~~~~~~~~~~~~~~~~~~~~~~~~~~~~~~~~~~~~~~~~~~~~~~~~~~~~~~~~~~~~~~~~~~~~~~~~~~~~~~~~~~~~~~~~~~~~~~~~~~~~~~~~~~~~~~~~~~~~~~~~~~~~~~~~~~~~~~~~~~~~~~~~~~~~~~~~~~~~~~~~~~~~~~~~~~~~~~~~~~~~~~~~~~~~~~~~~~~~~~~~~~~~~~~~~~~~~~~~~~~~~~~~~~~~~~~~~~~~~~~~~~~~~~~~~~~~~~~~~~~~~~~~~~~~~~~~~~~~~~~~~~~~~~~~~~~~~~~~~~~~~~~~~~~~~~~~~~~~~~~~~~~~~~~~~~~~~~~~~~~~~~~~~~~~~~~~~~~~~~~~~~~~~~~~~~~~~~~~~~~~~~~~~~~~~~~~~~~~~~~~~~~~~~~~~~~~~~~~~~~~~~~~~~~~~~~~~~~~~~~~~~~~~~~~~~~~~~~~~~~~~~~~~~~~~~~~~~~~~~~~~~~~~~~~~~~~~~~~~~~~~~~~~~~~~~~~~~~~~~~~~~~~~~~~~~~~~~~~~~~~~~~~~~~~~~~~~~~~~~~~~~~~~~~~~~~~~~~~~~~~~~~~~~~~~~~~~~~~~~~~~~~~~~~~~~~~~~~~~~~~~~~~~~~~~~~~~~~~~~~~~~~~~~~~~~~~~~~~~~~~~~~~~~~~~~~~~~~~~~~~~~~~~~~~~~~~~~~~~~~~~~~~~~~~~~~~~~~~~~~~~~~~~~~~~~~~~~~~~~~~~~~~~~~~~~~~~~~~~~~~~~~~~~~~~~~~~~~~~~~~~~~~~~~~~~~~~~~~~~~~~~~~~~~~~~~~~~~~~~~~~~~~~~~~~~~~~~~~~~~~~~~~~~~~~~~~~~~~~~~~~~~~~~~~~~~~~~~~~~~~~~~~~~~~~~~~~~~~~~~~~~~~~~~~~~~~~~~~~~~~~~~~~~~~~~~~~~~~~~~~~~~~~~~~~~~~~~~~~~~~~~~~~~~~~~~~~~~~~~~~~~~~~~~~~~~~~~~~~~~~~~~~~~~~~~~~~~~~~~~~~~~~~~~~~~~~~~~~~~~~~~~~~~~~~~~~~~~~~~~~~~~~~~~~~~~~~~~~~~~~~~~~~~~~~~~~~~~~~~~~~~~~~~~~ddx.{EPS=46.9484,ETD=1942.56}dtddxdddtxdddxd.{EPS=46.2065,ETD=2019.31}dtdxdddxdtdddxd.{EPS=45.4669,ETD=2097.68}dtdxdddxdtddxdd.{EPS=44.8551,ETD=2152.21}dtdxdddxdtddxdd.{EPS=44.1735,ETD=2234.19}dtdxdddxdtddxdd.{EPS=44.1073,ETD=2331.05}dtxddddxdtddxdd.{EPS=44.6748,ETD=2428.36}dtxddddxdtddxdd.{EPS=45.3309,ETD=2525.44}dtxddddxdtddxdd.{EPS=45.939,ETD=2622.25}dtxddddxdtddxdd.{EPS=46.4987,ETD=2718.83}dtxddddxdtdxddd.{EPS=46.9616,ETD=2799.39}xdtdd~~~xdddtxdddx.{EPS=46.7377,ETD=2839.07}dtddxdddtdxdddx.{EPS=46.7115,ETD=2878.75}dtddxdddtdxdddx.{EPS=46.5549,ETD=2918.35}dtddxdddtdxdddx.{EPS=46.4554,ETD=2957.92}dtddxdddtdxdddx.{EPS=46.3736,ETD=2997.41}dtddxdddtdxdddx.{EPS=46.2877,ETD=3036.86}dtddxdddtdxdddx.{EPS=46.2321,ETD=3076.32}dtddxdddtdxddtdx.{EPS=46.2022,ETD=3115.8}dtdxdtddtxddtdx.{EPS=46.2663,ETD=3155.29}dtdxdtddtxddtdx.{EPS=46.2278,ETD=3194.66}dtddxtddtxddtdx.{EPS=46.1425,ETD=3233.95}dtddxtddtdxddtd.{EPS=45.9939,ETD=3273.32}xdtddtxdtdxdtdx.{EPS=46.0872,ETD=3312.82}d~~~~~~~~~~~~~~~~~~~~~~~~~~~~~~~~~~~~~~~~~~~~~~~~~~~~~~~~~~~~~~~~~~~~~~~~~~~~~~~~~~~~~~~~~~~~~~~~~~~~~~~~~~~~~~~~~~~~~~~~~~~~~~~~~~~~~~~~~~~~~~~~~~~~~~~~~~~~~~~~~~~~~~~~~~~~~~~~~~~~~~~~~~~~~~~~~~~~~~~~~~~~~~~~~~~~~~~~~~~~~~~~~~~~~~~~~~~~~~~~~~~~~~~~~~~~~~~~~~~~~~~~~~~~~~~~~~~~~~~~~~~~~~~~~~~~~~~~~~~~~~~~~~~~~~~~~~~~~~~~~~~~~~~~~~~~~~~~~~~~~~~~~~~~~~~~~~~~~~~~~~~~~~~~~~~~~~~~~~~~~~~~~~~~~~~~~~~~~~~~~~~~~~~~~~~~~~~~~~~~~~~~~~~~~~~~~~~~~~~~~~~~~~~~~~~~~~~~~~~~~~~~~~~~~~~~~~~~~~~~~~~~~~~~~~~~~~~~~~~~~~~~~~~~~~~~~~~~~~~~~~~~~~~~~~~~~~~~~~~~~~~~~~~~~~~~~~~~~~~~~~~~~~~~~~~~~~~~~~~~~~~~~~~~~~~~~~~~~~~~~~~~~~~~~~~~~~~~~~~~~~~~~~~~~~~~~~~~~~~~~~~~~~~~~~~~~~~~~~~~~~~~~~~~~~~~~~~~~~~~~~~~~~~~~~~~~~~~~~~~~~~~~~~~~tdddtddtddxdtd.{EPS=46.5593,ETD=3391.57}dtdddtddtddxdtd.{EPS=47.1076,ETD=3475.07}dtdddtddtddxdtd.{EPS=47.6599,ETD=3558.93}dtdddtddtddxdtd.{EPS=48.1974,ETD=3643.11}dtdddtddtddxdtd.{EPS=48.714,ETD=3727.64}dtdddtddtddxdtd.{EPS=49.1642,ETD=3812.52}dtdddtddtddxdtd.{EPS=49.613,ETD=3897.72}dtd~~~~~~~ddtddtddxdtd.{EPS=50.1907,ETD=3983.24}dtdddtddtddxdtd.{EPS=50.8906,ETD=4069.06}dtdddtddtddxdtd.{EPS=51.3242,ETD=4155.08}dtdddtddtddxdtd.{EPS=51.3189,ETD=4202.17}dtdddtddtddxdtd.{EPS=51.2348,ETD=4244.9}dtdddtddtddxdtd.{EPS=51.1666,ETD=4287.62}dtdddtddtddxdtd.{EPS=51.13,ETD=4330.34}dtdddtddtddxdtd.{EPS=51.0882,ETD=4373.06}dtdddtddtddxdtd.{EPS=51.0569,ETD=4415.78}dtdddtddtddxdtd.{EPS=51.01,ETD=4458.5}dtdddtddtddxdtd.{EPS=50.9736,ETD=4501.22}dtdddtddtddxdtd.{EPS=50.9372,ETD=4543.95}dtdddtddtddxdtd.{EPS=50.9061,ETD=4586.68}dtdddtddtddxdtd.{EPS=50.8699,ETD=4629.4}dtdddtddtddxdtd.{EPS=50.844,ETD=4672.13}dtdddtddtddxdtd.{EPS=50.8078,ETD=4714.87}dtdddtddtddxdtd.{EPS=50.7666,ETD=4757.6}dtdddtddtddxdtd.{EPS=50.7408,ETD=4800.33}dtdddtddtddxdtd.{EPS=50.6997,ETD=4843.07}dtdxdtxtdxtddxxdt.{EPS=51.5464,ETD=4904.32}dxxdtxdxdtxdxdtx.{EPS=53.3732,ETD=4967.62}dxdxtdxdxtxdxd.{EPS=55.3159,ETD=5029.88}tdxxdtxdxdxtdx.{EPS=57.3197,ETD=5091.07}dxtdxdxtdxdxtdx.{EPS=59.538,ETD=5151.22}dxxtdxdxdtdxxdt.{EPS=61.9118,ETD=5210.33}dxdxtdxdxxtdxdx.{EPS=64.5245,ETD=5268.38}tdxdxdtxdxdtxdx.{EPS=67.3673,ETD=5325.34}dtxdxdxtdxdxtdx.{EPS=70.3928,ETD=5381.26}~~xdtxdxdtxdxdxtd.{EPS=73.8007,ETD=5436.18}xdxdtxdxdtxdxd.{EPS=75.5858,ETD=5471.67}txdxdtxdxdxtdxd.{EPS=75.4262,ETD=5504.11}xtdxdxdtx~~~~~~~~~~~~~~~~~~~~~~~~~~~~~~~~~~~~~~~~~~~~~~~~~~~~~~~~~~~~~~~~~~~~~~~~~~~~~~~~~~~~~~~~~~~~~~~~~~~~~~~~~~~~~~~~~~~~~~~~~~~~~~~~~~~~~~~~~~~~~~~~~~~~~~~~~~~~~~~~~~~~~~~~~~~~~~~~~~~~~~~~~~~~~~~~~~~~~~~~~~~~~~~~~~~~~~~~~~~~~~~~~~~~~~~~~~~~~~~~~~~~~~~~~~~~~~~~~~~~~~~~~~~~~~~~~~~~~~~~~~~~~~~~~~~~~~~~~~~~~~~~~~~~~~~~~~~~~~~~~~~~~~~~~~~~~~~~~~~~~~~~~~~~~~~~~~~~~~~~~~~~~~~~~~~~~~~~~~~~~~~~~~~~~~~~~~~~~~~~~~~~~~~~~~~~~~~~~~~~~~~~~~~~~~~~~~~~~~~~~~~~~~~~~~~~~~~~~~~~~~~~~~~~~~~~~~~~~~~~~~~~~~~~~~~~~~~~~~~~~~~~~~~~~~~~~~~~~~~~~~~~~~~~~~~~~~~~~~~~~~~~~~~~~~~~~~~~~~~~~~~~~~~~~~~~~~~~~~~~~~~~~~~~~~~~~~~~~~~~~~~~~~~~~~~~~~~~~~~~~~~~~~~~~~~~~~~~~~~~~~~~~~~~~~~~~~~~~~~~~~~~~~~~~~~~~~~~~~~~~~~~~~~~~~~~~~~~~~~~~~~~~~~~~~~~~~~~~~~~~~~~~~~~~~~~~~~~~~~~~~~~~~~~~~~~~~~~~~~~~~~~~~~~~~~~~~~~~~~~~~~~~~~~~~~~~~~~~~~~~~~~~~~~~~~~~~~~~~~~~~~~~~~~~~~~~~~~~~~~~~~~~~~~~~~~~~~~~~~~~~~~~~~~~~~~~~~~~~~~~~~~~~~~~~~~~~~~~~~~~~~~~~~~~~~~~~~~~~~~~~~~~~~~~~~~~~~~~~~~~~~~~~~~~~~~~~~~~~~~~~~~~~~~~~~~~~~~~~~~~~~~~~~~~~~~~~~~~~~~~~~~~~~~~~~~~~~~~~~~~~~~~~~~~~~~~~~~~~~~~~~~~~~~~~~~~~~~~~~~~~~~~~~~~~~~~~~~~~~~~~~~~~~~~~~~~~~~~~~~~~~~~~~~~~~~~~~~~~~~~~~~~~~~~~~~~~~~~~~~~~~~~~~~~~~~~~~~~~~~~~~~~~~~~~~~~~~~~~~~~~~~~~~~~~~~~~~~~~~~~~~~~~~~~~~~~~~~~~~~~~~~~~~~~~~~~~~~~~~~~~~~~~~~~~~~~~~~~~~~~~~~~~~~~~~~~~ddtdx~~~~d.{EPS=74.2942,ETD=5542.3}~~t~~d~~~~~~~~xd~~~~td~~~d~~d~~xt~~~~d~~d~~~~~~td~~x.{EPS=72.2961,ETD=5598.55}d~~~d~~t~~~d~~d~~~~x~t~d~~d~~~~~~~~d~xt~~d~~~~~d.{EPS=70.8717,ETD=5657.12}td~~~~~~x~d~~~d~t~~d~~~xd~~t~~d~~~~d~~~x~dtd~~~~~.{EPS=69.7253,ETD=5718.01}~dt~~xd~~~~d~~~~td~~~~xdd~t~~~~~d~~dx~~t~.{EPS=68.956,ETD=5781.24}d~~~d~~d~~~t~xd~~~d~t~~d~~xd~~~~~~tdd~~.{EPS=68.5307,ETD=5846.84}d~xt~~~~~d~~d~~td~~xd~~~~~d~td~~~d~~~~x~td.{EPS=68.3995,ETD=5914.75}~d~~~~d~xt~d~~d~~~t~~dxd~~~~~~dt~~dx.{EPS=68.5683,ETD=5984.94}dt~~~~d~~~~d~xdt~d~~~~~~dt~~xd~d~~~~td~~~.{EPS=68.8895,ETD=6057.36}xddt~~~~d~~~d~xtd~~d~~~~dtx~d~~~d~.{EPS=69.6379,ETD=6132.07}t~~~dxd~~~dt~~~d~~dxt~d~~~~d~~~tdx.{EPS=71.449,ETD=6203.33}d~~~d~t~~d~~d~~xtd~~d~~d~~~~xtd~~d.{EPS=74.8503,ETD=6258.89}td~~~~xd~~d~t~d~~xd~t~d~~d~~~~xdtd~~.{EPS=78.1372,ETD=6314.44}dt~~~~x~d~dt~d~xd~~~~dt~~dd~~xt.{EPS=81.8197,ETD=6370}d~~~~dd~t~~x~d~~~~dtdxd~d~~~~~td~~.{EPS=85.5432,ETD=6425.55}xdtd~~d~~~xt~d~~ddt~~d~xd~~t~d~.{EPS=89.5736,ETD=6481.09}~~d~xdt~~dd~~td~~x~~dd~t~d~~x~~.{EPS=93.9144,ETD=6536.64}dtd~d~xdt~~d~~~~dtdxd~td.{EPS=98.3091,ETD=6592.18}~~~~~dx~d~tddxtd~~~~~d~~d~txdd.{EPS=103.391,ETD=6647.73}t~d~xd~~~d~t~~ddx~t~dd~dtx~~~.{EPS=108.249,ETD=6703.27}dd~t~~~dxdtd~~~d~xdt~~dd~~.{EPS=113.895,ETD=6758.81}tdxd~d~~~t~d~xdtdd~~xdtd~~~.{EPS=119.36,ETD=6814.36}~~~dtdxddtdx~~dt~~~~~~ddxt.{EPS=125.628,ETD=6869.9}dddtx~d~~d~~t~~d~xddtd~.{EPS=131.996,ETD=6925.45}dx~td~d~~~xtdd~~dt~dx~dtd.{EPS=139.082,ETD=6981}~d~xd~t~ddt~d~~x~ddtd~x.{EPS=146.284,ETD=7036.56}~dt~d~d~~xdtddt~d~xd~~td.{EPS=153.941,ETD=7092.11}d~x~d~t~ddxtdddt~xd~~~~d.{EPS=162.338,ETD=7147.67}t~d~~xddtdxdtdd~dtx~~~.{EPS=170.648,ETD=7203.22}d~dt~~d~xdtddxdtd~d~~.{EPS=180.05,ETD=7258.78}t~dxdd~t~d~~xdtddx~dtd~.{EPS=189.394,ETD=7314.33}~dt~dxdtd~dx~dt~dd~xt.{EPS=199.76,ETD=7369.89}d~~ddt~x~ddtddxdt~d~.{EPS=209.996,ETD=7425.43}dx~t~d~dx~dt~~ddxtdddt~~x.{EPS=220.751,ETD=7480.95}~d~dxdxd~~~~dxddx~d~~xd.{EPS=234.192,ETD=7536.8}~dxd~~dx~d~~~xdddx~d~dxd.{EPS=242.014,ETD=7593.67}dxddxd~~xd~~xdd~xd~~~dxd.{EPS=249.501,ETD=7651.15}~dx~~~dxddx~~~~dxdd~~~~xddxd.{EPS=256.016,ETD=7709.52}xd~~~~dx~~~~dxdtd~~d~~~~~~d~~.{EPS=268.962,ETD=7768.84}t~~d~~d~dx~dtd~~ddx~~d~t~~~d~~~~.{EPS=273.373,ETD=7829.44}~~d~~~t~~~d~~d~~dxdt~d~~~d~~.{EPS=285.225,ETD=7891.6}~dt~xdtxddx~td~~~~~xd~d~.{EPS=294.985,ETD=7954.84}txdddxt~dd~~d~xdt~d~xdd.{EPS=291.206,ETD=8018.75}tdd~dxd~tdxdd~xtd~~~dx~~dt.{EPS=286.041,ETD=8083.16}dx~d~~d~dtxd~~dxt~d~~~~~~.{EPS=284.091,ETD=8147.95}~~dt~~~~dx~dtxd~~d~~~~xtdd.{EPS=293.427,ETD=8212.94}x~~tddd~~d~~d~~txd.{EPS=305.81,ETD=8277.82}ddddd~~d~.{EPS=326.158,ETD=8341.79}d~~d~~~dd.{EPS=332.889,ETD=8301.88}ddddddxtxdxxx.{EPS=325.945,ETD=7491}xtxxxxdxxxxdx.{EPS=313.087,ETD=6672.87}xxxxxxxxxxxxx.{EPS=307.882,ETD=5848.11}txxxxxxxxdxxxt.{EPS=314.268,ETD=5017.02}xxxxxxxxxxd.{EPS=321.958,ETD=4180.08}xxxxxxtxxxxx.{EPS=322.373,ETD=3336.83}xxxxxxxxxxx.{EPS=317.259,ETD=2486.89}xxxdxxxxtxxxx.{EPS=309.406,ETD=1631.07}xxxxxxxxxxx.{EPS=294.464,ETD=769.956}xxxxxxxdxxx.{EPS=282.805,ETD=9.702}dddddddddd.{EPS=279.486,ETD=9.876}dddddddddd.{EPS=270.856,ETD=10.808}dddddddddd.{EPS=256.148,ETD=11.274}dddddddddd.{EPS=244.978,ETD=12.31}txdxtdxtdddddddd.{EPS=226.963,ETD=12.64}xddddddddtxdx.{EPS=215.703,ETD=13.84}xtdxdtdxdtdxddxdtdxddd.{EPS=190.331,ETD=13.816}dddxdddddd.{EPS=184.706,ETD=14.784}ddxtxxdxdddddd.{EPS=178.253,ETD=16.182}dtdxxddxddddd.{EPS=171.939,ETD=13.606}ddxtdxxdxxxtxdx.{EPS=170.474,ETD=16.512}dddddddxtxd.{EPS=167.112,ETD=16.97}dddddddxddd.{EPS=167.336,ETD=18.886}ddddtxddddd.{EPS=167.616,ETD=18.674}ddxtxdxtdxdtdxddddd.{EPS=162.338,ETD=18.542}ddddxdddddd.{EPS=163.079,ETD=18.434}ddtxtxdddddddd.{EPS=174.338,ETD=18.912}dxxxddddddd.{EPS=172.951,ETD=21.348}xdddddddxdx.{EPS=171.057,ETD=19.74}ddddddddxdd.{EPS=169.722,ETD=19.182}dddddtxdxtdxtdxddtdxdd.{EPS=161.29,ETD=16.586}xdddxdtxxdxxxdddd.{EPS=154.751,ETD=15.426}dddxdxxdddd.{EPS=153.988,ETD=13.96}ddddxtxdtxdxdtdxddd.{EPS=146.156,ETD=13.558}ddddddtxxtddd.{EPS=154.131,ETD=13.742}ddddxdxxxxdx.{EPS=157.183,ETD=15.192}xxxxxxxxxx.{EPS=162.76,ETD=16.122}xxtxxxxdxxdxxd.{EPS=165.453,ETD=17.908}dddddddxxtdd.{EPS=166.5,ETD=23.032}dddddxdddd.{EPS=168.919,ETD=25.384}ddddxxdxdxdxxtdx.{EPS=177.494,ETD=27.952}dtdxdtdxddxdddxdddxddddxddddxxdxx.{EPS=152.346,ETD=27.368}dxdtxxdtxdtdxdxxdxddxdx.{EPS=145.18,ETD=26.374}xdxddxdxxdxddxxdxdx.{EPS=147.362,ETD=25.93}dxxdxdxdxdxdxdxddxxdx.{EPS=139.587,ETD=25.796}dxdxxdxddxdxdxdxdxdxd.{EPS=130.548,ETD=23.734}xdxxdxdxddxdxdxdxdxdx.{EPS=122.13,ETD=22.944}dxxddxdxdxdxddxdxdxxd.{EPS=116.09,ETD=19.02}xddxdxdxdxddxdxdxdxdxdx.{EPS=110.522,ETD=14.708}ddxdxdxdxdxdxddxdxdxddx.{EPS=104.102,ETD=14.496}dxdxddxdxdxdxddxdxddxdxdx.{EPS=99.2654,ETD=15.75}ddxdxddxdxddxdxddxdxddxddxd.{EPS=107.828,ETD=19.926}xddxddxddxddddddd.{EPS=108.956,ETD=27.498}xxdxddxddxxdxdxdxdx.{EPS=111.012,ETD=31.778}ddddddtxdxdd.{EPS=115.66,ETD=44.612}dddddddddd.{EPS=120.569,ETD=44.496}dddxdxdxdxddxdtdx.{EPS=124.533,ETD=44.992}xxxdxxdxdxxdxxdxd.{EPS=131.096,ETD=52.36}txdxtddxtddxddtxdddxddtddxdddtdxdddddxdtddddxddd.{EPS=100.847,ETD=50.772}tddxddddddxtdddddddxdddtddddxddddddtddxddddddddxddddddxddddxddddddxdddd.{EPS=53.9607,ETD=47.676}dxxdxdxddxddxdddxdddxddddxddddxd.{EPS=51.6316,ETD=43.074}xxdxdxdxxxdxdxdxdx.{EPS=52.6482,ETD=39}xdxdxddxdxddxdddxdddxdddxdddddxdxd.{EPS=49.232,ETD=31.372}xdxdxdxdxdxxdxdxdxxdx.{EPS=49.0148,ETD=28.226}dxdxxdxxdxdxxdxdxdx.{EPS=48.3746,ETD=15.846}xdxdxdxdxdxdxdxdxxddxd.{EPS=47.1431,ETD=15.444}xdxxddxdxxdxddxdxxddxdx.{EPS=46.5333,ETD=14.88}xdxddxdxdxdxdxdxdxddxxd.{EPS=45.6704,ETD=6.104}dxdxdxdxdxdxdxddxxxdxdx.{EPS=51.7813,ETD=7.672}xdxxdxdxxdxdxdxddxdx.{EPS=97.012,ETD=8.148}dxdxdxdxdxdxdxdxdxdx.{EPS=109.721,ETD=9.96}dxxdxxdxdxdxdxdxdxdx.{EPS=109.29,ETD=10.928}dxdxdxdxdxxdxdxddxxdx.{EPS=128.733,ETD=12.02}ddxdxxdxddxdxxdxdxdxd.{EPS=127.453,ETD=13.118}xddxdxdxdxdxddxdxdxdxddxdx.{EPS=124.688,ETD=14.434}ddxdxdxdxddxdxddxdxdxddxddxd.{EPS=125.125,ETD=19.33}xddxdxddxdxddxdxdxdxdxdxd.{EPS=123.824,ETD=25.53}xddxxdxdxdxdxdxdxdxdx.{EPS=126.167,ETD=28.39}ddxdxdxxdxdxddxdxdxdxd.{EPS=125.094,ETD=32.37}xdxdxdxdxddxdxdxdxdxdx.{EPS=124.008,ETD=35.426}dxdxdxdxddxdxdxdxddxdxd.{EPS=121.507,ETD=39.402}xddxdxdxddxdxdxddxdxdxd.{EPS=117.897,ETD=46.754}dxdxddxdxdxddxdxddxdxddxdx.{EPS=114.312,ETD=56.496}ddxdxddxddxdxddxddxddxdddddxddddxddd.{EPS=95.3652,ETD=70.526}dtdxdddddxd