Parsing and Instantiating...
Warning: rounding numeric constants such as 5.49758 to an accuracy of 0.001
Done
One way facts...
Mutex groups...
Semaphore Facts...
Envelope Facts...
One-shot actions...
(bs-dispense c-bs input wp1 base_black) is 1 shot
(bs-dispense c-bs output wp1 base_black) is 1 shot
(bs-dispense c-bs input wp1 base_red) is 1 shot
(bs-dispense c-bs output wp1 base_red) is 1 shot
(bs-dispense c-bs input wp1 base_silver) is 1 shot
(bs-dispense c-bs output wp1 base_silver) is 1 shot
(bs-dispense c-bs input wp1 base_black) is 1 shot
(bs-dispense c-bs output wp1 base_black) is 1 shot
(bs-dispense c-bs input wp1 base_red) is 1 shot
(bs-dispense c-bs output wp1 base_red) is 1 shot
(bs-dispense c-bs input wp1 base_silver) is 1 shot
(bs-dispense c-bs output wp1 base_silver) is 1 shot
(prepare-ds r-1 c-ds gate-1) is 1 shot
(prepare-ds r-2 c-ds gate-1) is 1 shot
(prepare-ds r-3 c-ds gate-1) is 1 shot
(prepare-ds r-1 c-ds gate-2) is 1 shot
(prepare-ds r-2 c-ds gate-2) is 1 shot
(prepare-ds r-3 c-ds gate-2) is 1 shot
(prepare-ds r-1 c-ds gate-3) is 1 shot
(prepare-ds r-2 c-ds gate-3) is 1 shot
(prepare-ds r-3 c-ds gate-3) is 1 shot
(wp-get-shelf r-1 cg1 c-cs1 left) is 1 shot
(wp-get-shelf r-2 cg1 c-cs1 left) is 1 shot
(wp-get-shelf r-3 cg1 c-cs1 left) is 1 shot
(wp-get-shelf r-1 cg2 c-cs1 middle) is 1 shot
(wp-get-shelf r-2 cg2 c-cs1 middle) is 1 shot
(wp-get-shelf r-3 cg2 c-cs1 middle) is 1 shot
(wp-get-shelf r-1 cg3 c-cs1 right) is 1 shot
(wp-get-shelf r-2 cg3 c-cs1 right) is 1 shot
(wp-get-shelf r-3 cg3 c-cs1 right) is 1 shot
(wp-get-shelf r-1 cb1 c-cs2 left) is 1 shot
(wp-get-shelf r-2 cb1 c-cs2 left) is 1 shot
(wp-get-shelf r-3 cb1 c-cs2 left) is 1 shot
(wp-get-shelf r-1 cb2 c-cs2 middle) is 1 shot
(wp-get-shelf r-2 cb2 c-cs2 middle) is 1 shot
(wp-get-shelf r-3 cb2 c-cs2 middle) is 1 shot
(wp-get-shelf r-1 cb3 c-cs2 right) is 1 shot
(wp-get-shelf r-2 cb3 c-cs2 right) is 1 shot
(wp-get-shelf r-3 cb3 c-cs2 right) is 1 shot
Integral variables...
Variable bounds...
Static numeric conditions...
Duration bounds...
TIL time window analysis...
Bounding action timestamps due to time windows...
(order-delivery-window-open o1) forms a window with range [0.000,132.704]
Bounds on (fulfill-order-c0-within-tw o1 wp1 c-ds gate-1 base_red cap_black) (duration [0.010,0.010]):
	0: [0.000,132.694]
	1: [0.000,132.694]
	2: [0.010,132.704]
(can-commit-for-ontime-delivery o1) forms a window with range [0.000,9.180]
Bounds on (commit-to-ontime-delivery o1) (duration [0.010,0.010]):
	0: [0.000,9.179]
	1: [0.000,9.179]
	2: [0.010,9.189]
Bounds on (do-not-commit-to-ontime-delivery o1) (duration [0.010,0.010]):
	0: [0.000,9.179]
	1: [0.000,9.179]
	2: [0.010,9.189]
Dominance constraints (excluding processes and events)...
Damaging events...
Dominance constraints (including processes and events)...
Variable monotonicity...
Max/min needed values for any single precondition...
Irrelevant action pruning by backward reachability from goal...
Uninterestingness criteria...
Compression-safe actions...
Compression-safe invariants...
64% of durative actions in this problem are compression safe
Goal Goal [1]
    (order-fulfilled o1)

Finishing preprocessing.  Making a TRPG heuristic...
Making an open list...
Running WA* search (g weight = 1, h weight = 5)
{(order-delivery-window-open o1),(can-commit-for-ontime-delivery o1),(location-free start input),(location-free c-bs input),(location-free c-bs output),(location-free c-cs1 input),(location-free c-cs1 output),(location-free c-cs2 input),(location-free c-cs2 output),(location-free c-ds input),(location-free c-ds output),(cs-can-perform c-cs1 cs_retrieve),(cs-can-perform c-cs2 cs_retrieve),(wp-base-color wp1 base_none),(wp-cap-color wp1 cap_none),(wp-ring1-color wp1 ring_none),(wp-ring2-color wp1 ring_none),(wp-ring3-color wp1 ring_none),(wp-unused wp1),(robot-waiting r-1),(robot-waiting r-2),(robot-waiting r-3),(mps-state c-bs idle),(mps-state c-cs1 idle),(mps-state c-cs2 idle),(mps-state c-ds idle),(wp-cap-color cg1 cap_grey),(wp-cap-color cg2 cap_grey),(wp-cap-color cg3 cap_grey),(wp-on-shelf cg1 c-cs1 left),(wp-on-shelf cg2 c-cs1 middle),(wp-on-shelf cg3 c-cs1 right),(wp-cap-color cb1 cap_black),(wp-cap-color cb2 cap_black),(wp-cap-color cb3 cap_black),(wp-on-shelf cb1 c-cs2 left),(wp-on-shelf cb2 c-cs2 middle),(wp-on-shelf cb3 c-cs2 right)}
[]
Initial heuristic = 30
Initial stats: t=0.02s, 8096kb
b (29 @ n=2, t=0.02s, 8096kb)b (28 @ n=3, t=0.02s, 8096kb)b (27 @ n=4, t=0.02s, 8096kb)b (25 @ n=5, t=0.02s, 8096kb)Warning: self overlapping Action 434:1 at 1
b (24 @ n=54, t=0.03s, 8096kb)xxb (23 @ n=164, t=0.06s, 8292kb)xx.{EPS=1000,ETD=20.4286}dxxx.{EPS=952.381,ETD=31.4545}b (22 @ n=543, t=0.13s, 9012kb)b (21 @ n=546, t=0.13s, 9012kb)b (19 @ n=553, t=0.13s, 9012kb)b (15 @ n=568, t=0.14s, 9100kb)b (14 @ n=589, t=0.14s, 9180kb)b (13 @ n=591, t=0.14s, 9180kb)b (12 @ n=603, t=0.15s, 9272kb)b (11 @ n=616, t=0.15s, 9272kb)dd.{EPS=909.091,ETD=22.6174}ddd.{EPS=934.579,ETD=19.5377}ddddx.{EPS=936.33,ETD=17.6024}dddd.{EPS=931.677,ETD=17.7191}dxdd.{EPS=945.946,ETD=17.9685}ddd.{EPS=945.626,ETD=22.3459}ddxd.{EPS=971.922,ETD=34.559}dd.{EPS=972.763,ETD=34.6172}xddxd.{EPS=980.392,ETD=43.124}xdd.{EPS=1016.26,ETD=57.43}dxdx.{EPS=1072.96,ETD=69.308}dd.{EPS=1068.38,ETD=70.354}b (9 @ n=3060, t=0.71s, 29584kb)b (8 @ n=3072, t=0.71s, 29684kb)b (7 @ n=3081, t=0.71s, 29780kb)ddx.{EPS=1072.96,ETD=70.632}ddd.{EPS=1066.1,ETD=70.51}dd.{EPS=1082.25,ETD=69.416}ddd.{EPS=1066.1,ETD=67.33}dxddx.{EPS=1020.41,ETD=63.668}dd.{EPS=984.252,ETD=66.14}ddd.{EPS=970.874,ETD=56.942}xdd.{EPS=965.251,ETD=41.142}dxd.{EPS=941.62,ETD=30.128}ddd.{EPS=909.091,ETD=28.546}d.{EPS=915.751,ETD=28.028}dxd.{EPS=934.579,ETD=27.762}ddd.{EPS=892.857,ETD=30.608}ddd.{EPS=894.454,ETD=30.58}dd.{EPS=909.091,ETD=22.11}dd.{EPS=919.118,ETD=20.648}ddd.{EPS=907.441,ETD=20.342}d.{EPS=907.441,ETD=19.696}xdddd.{EPS=850.34,ETD=22.156}dd.{EPS=880.282,ETD=22.47}xdd.{EPS=865.052,ETD=22.858}dd.{EPS=844.595,ETD=23.502}dd.{EPS=860.585,ETD=21.264}dddxdd.{EPS=829.187,ETD=91.156}xdxd.{EPS=826.446,ETD=106.926}dxdddxxx.{EPS=810.373,ETD=140.898}xxdxxxx.{EPS=807.754,ETD=147.422}xdxxxxxdxx.{EPS=734.214,ETD=145.336}xxxdxxxx.{EPS=643.501,ETD=141.5}xdxxxxxdxx.{EPS=489.716,ETD=140.686}xxxdxxxx.{EPS=359.454,ETD=139.548}xdxxxxxdxx.{EPS=259.471,ETD=137.462}dd.{EPS=247.158,ETD=160.424}dddxdx.{EPS=226.04,ETD=92.968}xddd.{EPS=221.141,ETD=86.908}d.{EPS=224.719,ETD=50.728}ddxx.{EPS=224.719,ETD=43.99}xxdxxxxx.{EPS=228.938,ETD=44.516}dxxxdx.{EPS=243.427,ETD=46.864}xxxxxdxx.{EPS=274.273,ETD=48.164}xxdxxxdx.{EPS=339.905,ETD=48.164}xxdxxxxdx.{EPS=494.56,ETD=48.164}xxdxxxdx.{EPS=461.681,ETD=24.96}xxdxxxdx.{EPS=429.185,ETD=19.36}xxdxxxxdx.{EPS=313.873,ETD=8.58}xxdxxxdx.{EPS=219.684,ETD=6.264}xxdxxxxdx.{EPS=158.629,ETD=5.404}xxdxxxdx.{EPS=116.632,ETD=4.878}ddd.{EPS=113.895,ETD=32.588}dx~~~~~~~~~~~~~~~~~~~~~~~~~~~~~~~~~~~~~~~~~~~~~~~~~~~~~~~~~~~~~~~~~~~~~~~~~~~~~~~~~~~~~~~~~~~~~~~~~~~~~~~~~~~~~~~~~~~~~~~~~~~~~~~~~~~~~~~~~~~~~~~~~~~~~~~~~~~~~~~~~~~~~~~~~~~~~~~~~~~~~~~~~~~~~~~~~~~~~~~~~~~~~~~~~~~~~~~~~~~~~~~~~~~~~~~~~~~~~~~~~~~~~~~~~~~~~~~~~~~~~~~~~~~~~~~~~~~~~~~~~~~~~~~~~~~~~~~~~~~~~~~~~~~~~~~~~~~~~~~~~~~~~~~~~~~~~~~~~~~~~~~~~~~~~~~~~~~~~~~~~~~~~~~~~~~~~~~~~~~~~~~~~~~~~~~~~~~~~~~~~~~~~~~~~~~~~~~~~~~~~~~~~~~~~~~~~~~~~~~~~~~~~~~~~~~~~~~~~~~~~~~~~~~~~~~~~~~~~~~~~~~~~~~~~~~~~~~~~~~~~~~~~~~~~~~~~~~~~~~~~~~~~~~~~~~~~~~~~~~~~~~~~~~~~~~~~~~~~~~~~~~~~~~~~~~~~~~~~~~~~~~~~~~~~~~~~~~~~~~~~~~~~~~~~~~~~~~~~~~~~~~~~~~~~~~~~~~~~~~~~~~~~~~~~~~~~~~~~~~~~~~~~~~~~~~~~~~~~~~~~~~~~~~~~~~~~~~~~~~~~~~~~~~~~~~~~~~~~~~~~~~~~~~~~~~~~~~~~~~~~~~~~~~~~~~~~~~~~~~~~~~~~~~~~~~~~~~~~~~~~~~~~~~~~~~~~~~~~~~~~~~~~~~~~~~~~~~~~~~~~~~~~~~~~~~~~~~~~~~~~~~~~~~~~~~~~~~~~~~~~~~~~~~~~~~~~~~~~~~~~~~~~~~~~~~~~~~~~~~~~~~~~~~~~~~~~~~~~~~~~~~~~~~~~~~~~~~~~~~~~~~~~~~~~~~~~~~~~~~~~~~~~~~~~~~~~~~~~~~~~~~~~~~~~~~~~~~~~~~~~~~~~~~~~~~~~~~~~~~~~~~~~~~~~~~~~~~~~~~~~~~~~~~~~~~~~~~~~~~~~~~~~~~~~~~~~~~~~~~~~~~~~~~~~~~~~~~~~~~~~~~~~~~~~~~~~~~~~~~~~~~~~~~~~~~~~~~~~~~~~~~~~~~~~~~~~~~~~~~~~~~~~~~~~~~~~~~~~~~~~~~~~~~~~~~~~~~~~~~~~~~~~~~~~~~~~~~~~~~~~~~~~~~~~~~~~~~~~~~~~~~~~~~~~~~~~~~~~~~~~~~~~~~~~~~~~~~~~~~~~~~~~~~~~~~~~~~~~~~~~~~~~~~~~~~~~~~~~~~~~~~~~~~~~~~~~~~~~d.{EPS=110.522,ETD=185.636}dxd.{EPS=111.832,ETD=501.49}dd
;;;; Problem Unsolvable
; Nodes Generated: 12050
; Nodes Expanded:  3260
; Nodes Evaluated: 12049
; Nodes Tunneled:  82
; Nodes memoised with open actions: 13038
; Nodes memoised without open actions: 10148
; Nodes pruned by memoisation: 11136
; Time 9.22
