Parsing and Instantiating...
Warning: rounding numeric constants such as 3.05646 to an accuracy of 0.001
Done
One way facts...
Mutex groups...
Semaphore Facts...
Envelope Facts...
One-shot actions...
(bs-dispense c-bs input wp1 base_black) is 1 shot
(bs-dispense c-bs output wp1 base_black) is 1 shot
(bs-dispense c-bs input wp1 base_red) is 1 shot
(bs-dispense c-bs output wp1 base_red) is 1 shot
(bs-dispense c-bs input wp1 base_silver) is 1 shot
(bs-dispense c-bs output wp1 base_silver) is 1 shot
(bs-dispense c-bs input wp1 base_black) is 1 shot
(bs-dispense c-bs output wp1 base_black) is 1 shot
(bs-dispense c-bs input wp1 base_red) is 1 shot
(bs-dispense c-bs output wp1 base_red) is 1 shot
(bs-dispense c-bs input wp1 base_silver) is 1 shot
(bs-dispense c-bs output wp1 base_silver) is 1 shot
(prepare-ds r-1 c-ds gate-1) is 1 shot
(prepare-ds r-2 c-ds gate-1) is 1 shot
(prepare-ds r-1 c-ds gate-2) is 1 shot
(prepare-ds r-2 c-ds gate-2) is 1 shot
(prepare-ds r-1 c-ds gate-3) is 1 shot
(prepare-ds r-2 c-ds gate-3) is 1 shot
(wp-get-shelf r-1 cg1 c-cs1 left) is 1 shot
(wp-get-shelf r-2 cg1 c-cs1 left) is 1 shot
(wp-get-shelf r-1 cg2 c-cs1 middle) is 1 shot
(wp-get-shelf r-2 cg2 c-cs1 middle) is 1 shot
(wp-get-shelf r-1 cg3 c-cs1 right) is 1 shot
(wp-get-shelf r-2 cg3 c-cs1 right) is 1 shot
(wp-get-shelf r-1 cb1 c-cs2 left) is 1 shot
(wp-get-shelf r-2 cb1 c-cs2 left) is 1 shot
(wp-get-shelf r-1 cb2 c-cs2 middle) is 1 shot
(wp-get-shelf r-2 cb2 c-cs2 middle) is 1 shot
(wp-get-shelf r-1 cb3 c-cs2 right) is 1 shot
(wp-get-shelf r-2 cb3 c-cs2 right) is 1 shot
Integral variables...
Variable bounds...
Static numeric conditions...
Duration bounds...
TIL time window analysis...
Bounding action timestamps due to time windows...
(order-delivery-window-open o1) forms a window with range [0.000,150.000]
Bounds on (fulfill-order-c0-within-tw o1 wp1 c-ds gate-1 base_red cap_grey) (duration [0.010,0.010]):
	0: [0.000,149.990]
	1: [0.000,149.990]
	2: [0.010,150.000]
(can-commit-for-ontime-delivery o1) forms a window with range [0.000,15.000]
Bounds on (commit-to-ontime-delivery o1) (duration [0.010,0.010]):
	0: [0.000,14.999]
	1: [0.000,14.999]
	2: [0.010,15.009]
Bounds on (do-not-commit-to-ontime-delivery o1) (duration [0.010,0.010]):
	0: [0.000,14.999]
	1: [0.000,14.999]
	2: [0.010,15.009]
Dominance constraints (excluding processes and events)...
Damaging events...
Dominance constraints (including processes and events)...
Variable monotonicity...
Max/min needed values for any single precondition...
Irrelevant action pruning by backward reachability from goal...
Uninterestingness criteria...
Compression-safe actions...
Compression-safe invariants...
62% of durative actions in this problem are compression safe
Goal Goal [1]
    (order-fulfilled o1)

Finishing preprocessing.  Making a TRPG heuristic...
Making an open list...
Running WA* search (g weight = 1, h weight = 5)
{(order-delivery-window-open o1),(can-commit-for-ontime-delivery o1),(location-free start input),(location-free c-bs input),(location-free c-bs output),(location-free c-cs1 input),(location-free c-cs1 output),(location-free c-cs2 input),(location-free c-cs2 output),(location-free c-ds input),(location-free c-ds output),(cs-can-perform c-cs1 cs_retrieve),(cs-can-perform c-cs2 cs_retrieve),(wp-base-color wp1 base_none),(wp-cap-color wp1 cap_none),(wp-ring1-color wp1 ring_none),(wp-ring2-color wp1 ring_none),(wp-ring3-color wp1 ring_none),(wp-unused wp1),(robot-waiting r-1),(robot-waiting r-2),(mps-state c-bs idle),(mps-state c-cs1 idle),(mps-state c-cs2 idle),(mps-state c-ds idle),(wp-cap-color cg1 cap_grey),(wp-cap-color cg2 cap_grey),(wp-cap-color cg3 cap_grey),(wp-on-shelf cg1 c-cs1 left),(wp-on-shelf cg2 c-cs1 middle),(wp-on-shelf cg3 c-cs1 right),(wp-cap-color cb1 cap_black),(wp-cap-color cb2 cap_black),(wp-cap-color cb3 cap_black),(wp-on-shelf cb1 c-cs2 left),(wp-on-shelf cb2 c-cs2 middle),(wp-on-shelf cb3 c-cs2 right)}
[]
Initial heuristic = 24
Initial stats: t=0.02s, 7568kb
b (23 @ n=4, t=0.02s, 7568kb)b (21 @ n=5, t=0.02s, 7568kb)b (20 @ n=35, t=0.02s, 7716kb)Warning: self overlapping Action 320:1 at 1
xb (19 @ n=174, t=0.04s, 7944kb)d.{EPS=1250,ETD=20.7347}xxxb (18 @ n=391, t=0.08s, 8344kb)d.{EPS=1265.82,ETD=38.9394}b (17 @ n=523, t=0.1s, 8628kb)b (16 @ n=532, t=0.1s, 8628kb)ddd.{EPS=872.093,ETD=26.7718}ddd.{EPS=751.88,ETD=21.9698}dddd.{EPS=702.247,ETD=18.2651}ddb (14 @ n=1990, t=0.44s, 17064kb)d.{EPS=684.932,ETD=18.4615}ddd.{EPS=678.295,ETD=17.7708}ddd.{EPS=674.536,ETD=18.3985}dd.{EPS=679.758,ETD=19.804}ddd.{EPS=684.932,ETD=20.493}dd.{EPS=663.13,ETD=21.878}dd.{EPS=627.353,ETD=18.584}dd.{EPS=630.517,ETD=21.16}dd.{EPS=634.518,ETD=24.264}ddd.{EPS=641.026,ETD=27.824}d.{EPS=654.45,ETD=29.706}dd.{EPS=646.831,ETD=29.964}d.{EPS=643.501,ETD=30.738}db (12 @ n=4899, t=1.43s, 36208kb)db (11 @ n=4930, t=1.44s, 36472kb)b (10 @ n=4933, t=1.44s, 36472kb)x.{EPS=641.026,ETD=29.172}b (9 @ n=4990, t=1.46s, 37172kb)b (8 @ n=4992, t=1.46s, 37172kb)b (7 @ n=4994, t=1.46s, 37172kb)b (6 @ n=4996, t=1.46s, 37172kb)b (5 @ n=4998, t=1.46s, 37292kb).{EPS=662.252,ETD=26.82}.{EPS=688.705,ETD=24.192}dx.{EPS=716.332,ETD=22.674}d.{EPS=783.699,ETD=23.13}x.{EPS=838.926,ETD=24.464}d.{EPS=860.585,ETD=27.316}d.{EPS=889.68,ETD=23.814}.{EPS=963.391,ETD=22.996}dx.{EPS=1008.06,ETD=20.84}.{EPS=1103.75,ETD=22.97}x.{EPS=1098.9,ETD=25.918}d.{EPS=1091.7,ETD=25.39}.{EPS=1128.67,ETD=25.2}d.{EPS=1061.57,ETD=22.558}x.{EPS=1108.65,ETD=20.66}dx.{EPS=1173.71,ETD=16.29}d.{EPS=1118.57,ETD=50.35}dd.{EPS=1028.81,ETD=50.722}d.{EPS=1020.41,ETD=51.392}xdd.{EPS=924.214,ETD=48.876}dd.{EPS=850.34,ETD=47.5}xd.{EPS=818.331,ETD=48.908}.{EPS=826.446,ETD=48.7}.{EPS=834.725,ETD=48.78}dx.{EPS=813.008,ETD=46.78}x.{EPS=819.672,ETD=48.416}.{EPS=841.751,ETD=17.786}d.{EPS=892.857,ETD=17.126}.{EPS=889.68,ETD=16.26}x.{EPS=945.18,ETD=16.386}xd.{EPS=1048.22,ETD=18.526}.{EPS=1039.5,ETD=44.068}d.{EPS=972.763,ETD=71.258}dd.{EPS=909.091,ETD=117.922}xd.{EPS=883.392,ETD=116.87}.{EPS=872.6,ETD=113.356}d.{EPS=871.08,ETD=110.42}x.{EPS=896.057,ETD=112.278}.{EPS=934.579,ETD=114.456}xd.{EPS=894.454,ETD=123.602}d.{EPS=869.565,ETD=119.828}.{EPS=905.797,ETD=93.114}d.{EPS=909.091,ETD=66.264}x.{EPS=1006.04,ETD=21.514}d.{EPS=1039.5,ETD=23.848}x.{EPS=1022.49,ETD=25.71}d.{EPS=1057.08,ETD=25.334}.{EPS=1002,ETD=23.712}x.{EPS=1004.02,ETD=22.142}d.{EPS=1072.96,ETD=15.76}xd.{EPS=1066.1,ETD=40.478}dd.{EPS=965.251,ETD=50.798}dd.{EPS=939.85,ETD=51.27}x.{EPS=886.525,ETD=50.17}ddd.{EPS=797.448,ETD=48.394}dx.{EPS=764.526,ETD=48.166}.{EPS=758.725,ETD=48.87}.{EPS=782.473,ETD=48.752}dx.{EPS=750.751,ETD=48.468}xd.{EPS=756.43,ETD=47.764}.{EPS=770.416,ETD=27.738}.{EPS=813.008,ETD=17.3}.{EPS=844.595,ETD=16.728}dx.{EPS=837.521,ETD=16.102}x.{EPS=945.18,ETD=18.926}d.{EPS=980.392,ETD=28.716}.{EPS=915.751,ETD=53.728}dd.{EPS=848.896,ETD=120.976}dx.{EPS=843.17,ETD=134.096}.{EPS=822.368,ETD=131.276}d.{EPS=810.373,ETD=126.996}x.{EPS=819.672,ETD=127.868}.{EPS=837.521,ETD=131.188}xd.{EPS=844.595,ETD=140.434}d.{EPS=802.568,ETD=137.386}.{EPS=823.723,ETD=125.962}d.{EPS=843.17,ETD=100.504}x.{EPS=891.266,ETD=33.898}d.{EPS=945.18,ETD=23.782}x.{EPS=927.644,ETD=25.71}d.{EPS=963.391,ETD=25.464}.{EPS=950.57,ETD=24.88}dx.{EPS=929.368,ETD=21.866}.{EPS=978.474,ETD=15.246}x.{EPS=1006.04,ETD=28.324}dd.{EPS=920.81,ETD=50.674}dd.{EPS=874.126,ETD=50.932}dx.{EPS=865.052,ETD=51.68}dd.{EPS=754.148,ETD=48.168}ddx.{EPS=713.267,ETD=47.998}.{EPS=703.235,ETD=48.892}.{EPS=719.424,ETD=48.796}d.{EPS=700.28,ETD=48.518}xx.{EPS=703.235,ETD=48.536}d.{EPS=710.227,ETD=38.214}.{EPS=734.214,ETD=17.302}.{EPS=775.194,ETD=16.96}dx.{EPS=748.503,ETD=15.796}x.{EPS=857.633,ETD=18.742}d.{EPS=922.509,ETD=19.33}.{EPS=860.585,ETD=47.398}d.{EPS=801.282,ETD=86.13}ddx.{EPS=762.195,ETD=428.592}ddd.{EPS=620.347,ETD=425.484}ddd.{EPS=538.213,ETD=422.896}ddd.{EPS=484.966,ETD=421.064}dd.{EPS=442.478,ETD=421.798}ddd.{EPS=402.576,ETD=422.378}ddd.{EPS=353.607,ETD=419.638}ddd.{EPS=319.898,ETD=416.87}dddd.{EPS=289.017,ETD=387.654}ddd.{EPS=264.271,ETD=348.704}ddd.{EPS=246.184,ETD=6.13}ddd.{EPS=239.234,ETD=6.454}ddd.{EPS=227.48,ETD=5.772}ddd.{EPS=219.106,ETD=6.964}ddd.{EPS=205.592,ETD=5.778}ddd.{EPS=196.618,ETD=4.508}ddd.{EPS=190.476,ETD=4.314}dddd.{EPS=185.185,ETD=5.972}ddd.{EPS=182.017,ETD=6.326}ddd.{EPS=176.803,ETD=6.306}dd.{EPS=172.533,ETD=7.99}dddd.{EPS=168.634,ETD=7.39}ddd.{EPS=167.056,ETD=7.878}dxdd.{EPS=163.185,ETD=7.076}ddd.{EPS=162.18,ETD=8.432}ddd.{EPS=159.795,ETD=8.598}dd.{EPS=157.183,ETD=11.666}ddd.{EPS=154.703,ETD=15.984}dd.{EPS=154.178,ETD=28.756}dxd.{EPS=160.772,ETD=60.13}ddd.{EPS=173.43,ETD=137.18}dd.{EPS=188.893,ETD=245.034}dddd.{EPS=206.441,ETD=386.234}dddd.{EPS=227.583,ETD=539.264}ddddd.{EPS=254.972,ETD=697.746}ddddd.{EPS=294.464,ETD=864.328}ddddd.{EPS=347.705,ETD=1398.02}ddddd.{EPS=419.815,ETD=2158.91}ddddd.{EPS=517.063,ETD=2920.97}dddd.{EPS=598.086,ETD=3673.08}dddd.{EPS=616.523,ETD=4386.19}dddd.{EPS=625.782,ETD=5079.04}ddxdddd.{EPS=645.161,ETD=5745.85}dd~~~~~~~~~~~~~~~~~~~~~~~~~~~~~~~~~~~~~~~~~~~~~~~~~~~~~~~~~~~~~~~~~~~~~~~~~~~~~~~~~~~~~~~~~~~~~~~~~~~~~~~~~~~~~~~~~~~~~~~~~~~~~~~~~~~~~~~~~~~~~~~~~~~~~~~~~~~~~~~~~~~~~~~~~~~~~~~~~~~~~~~~~~~~~~~~~~~~~~~~~~~~~~~~~~~~~~~~~~~~~~~~~~~~~~~~~~~~~~~~~~~~~~~~~~~~~~~~~~~~~~~~~~~~~~~~~~~~~~~~~~~~~~~~~~~~~~~~~~~~~~~~~~~~~~~~~~~~~~~~~~~~~~~~~~~~~~~~~~~~~~~~~~~~~~~~~~~~~~~~~~~~~~~~~~~~~~~~~~~~~~~~~~~~~~~~~~~~~~~~~~~~~~~~~~~~~~~~~~~~~~~~~~~~~~~~~~~~~~~~~~~~~~~~~~~~~~~~~~~~~~~~~~~~~~~~~~~~~~~~~~~~~~~~~~~~~~~~~~~~~~~~~~~~~~~~~~~~~~~~~~~~~~~~~~~~~~~~~~~~~~~~~~~~~~~~~~~~~~~~~~~~~~~~~~~~~~~~~~~~~~~~~~~~~~~~~~~~~~~~~~~~~~~~~~~~~~~~~~~~~~~~~~~~~~~~~~~~~~~~~~~~~~~~~~~~~~~~~~~~~~~~~~~~~~~~~~~~~~~~~~~~~~~~~~~~~~~~~~~~~~~~~~~~~~~~~~~~~~~~~~~~~~~~~~~~~~~~~~~~~~~~~~~~~~~~~~~~~~~~~~~~~~~~~~~~~~~~~~~~~~~~~~~~~~~~~~~~~~~~~~~~~~~~~~~~~~~~~~~~~~~~~~~~~~~~~~~~~~~~~~~~~~~~~~~~~~~~~~~~~~~~~~~~~~~~~~~~~~~~~~~~~~~~~~~~~~~~~~~~~~~~~~~~~~~~~~~~~~~~~~~~~~~~~~~~~~~~~~~~~~~~~~~~~~~~~~~~~~~~~~~~~~~~~~~~~~~~~~~~~~~~~~~~~~~~~~~~~~~~~~~~~~~~~~~~~~~~~~~~~~~~~~~~~~~~~~~~~~~~~~~~~~~~~~~~~~~~~~~~~~~~~~~~~~~~~~~~~~~~~~~~~~~~~~~~~~~~~~~~~~~~~~~~~~~~~~~~~~~~~~~~~~~~~~~~~~~~~~~~~~~~~~~~~~~~~~~~~~~~~~~~~~~~~~~~~~~~~~~~~~~~~~~~~~~~~~~~~~~~~~~~~~~~~~~~~~~~~~~~~~~~~~~~~~~~~~~~~~~~~~~~~~~~~~~~~~~~~~~~~~~~~~~~~~~~~~~~~~~~~~~~~~~~~~~~~~~~~~~~~~~~~~~~~~~~~~~~~~~~~~~~~~~~~~~~~~~~~~~~~~~~~~~~~~~~~~~~~~~~~~~~~~~~~~~~~~~~~~~~~~~~~~~~~~~~~~~~~~~~~~~~~~~~~~~~~~~~~~~~~~~~~~~~~~~~~~~~~~~~~~~~~~~~~~~~~~~~~~~~~~~~~~~~~~~~~~~~~~~~~~~~~~~~~~~~~~~~~~~~~~~~~~~~~~~~~~~~~~~~~~~~~~~~~~~~~~~~~~~~~~~~~~~~~~~~~~~~~~~~~~~~~~~~~~~~~~~~~~~~~~~~~~~~~~~~~~~~~~~~~~~~~~~~~~~~~~~~~~~~~~~~~~~~~~~~~~~~~~~~~~~~~~~~~~~~~~~~~~~~~~~~~~~~~~~~~~~~~~~~~~~~~~~~~~~~~~~~~~~~~~~~~~~~~~~~~~~~~~~~~~~~~~~~~~~~~~~~~~~~~~~~~~~~~~~~~~~~~~~~~~~~~~~~~~~~~~~~~~~~~~~~~~~~~~~~~~~~~~~~~~~~~~~~~~~~~~~~~~~~~~~~~~~~~~~~~~~~~~~~~~~~~~~~~~~~~~~~~~~~~~~~~~~~~~~~~~~~~~~~~~~~~~~~~~~~~~~~~~~~~~~~~~~~~~~~~~~~~~~~~~~~~~~~~~~~~~~~~~~~~~~~~~~~~~~~~~~~~~~~~~~~~~~~~~~~~~~~~~~~~~~~~~~~~~~~~~~~~~~~~~~~~~~~~~~~~~~~~~~~~~~~~~~~~~~~~~~~~~~~~~~~~~~~~~~~~~~~~~~~~~~~~~~~~~~~~~~~~~~~~~~~~~~~~~~~~~~~~~~~~~~~~~~~~~~~~~~~~~~~~~~~~~~~~~~~~~~~~~~~~~~~~~~~~~~~~~~~~~~~~~~~~~~~~~~~~~~~~~~~~~~~~~~~~~~~~~~~~~~~~~~~~~~~~~~~~~~~~~~~~~~~~~~~~~~~~~~~~~~~~~~~~~~~~~~~~~~~~~~~~~~~~~~~~~~~~~~~~~~~~~~~~~~~~~~~~~~~~~~~~~~~~~~~~~~~~~~~~~~~~~~~~~~~~~~~~~~~~~~~~~~~~~~~~~~~~~~~~~~~~~~~~~~~~~~~~~~~~~~~~~~~~~~~~~~~~~~~~~~~~~~~~~~~~~~~~~~~~~~~~~~~~~~~~~~~~~~~~~~~~~~~~~~~~~~~~~~~~~~~~~~~~~~~~~~~~~~~~~~~~~~~~~~~~~~~~~~~~~~~~~~~~~~~~~~~~~~~~~~~~~~~~~~~~~~~~~~~~~~~~~~~~~~~~~~~~~~~~~~~~~~~~~~~~~~~~~~~~~~~~~~~~~~~~~~~~~~~~~~~~~~~~~~~~~~~~~~~~~~~~~~~~~~~~~~~~~~~~~~~~~~~~~~~~~~~~~~~~~~~~~~~~~~~~~~~~~~~~~~~~~~~~~~~~~~~~~~~~~~~~~~~~~~~~~~~~~~~~~~~~~~~~~~~~~~~~~~~~~~~~~~~~~~~~~~~~~~~~~~~~~~~~~~~~~~~~~~~~~~~~~~~~~~~~~~~~~~~~~~~~~~~~~~~~~~~~~~~~~~~~~~~~~~~~~~~~~~~~~~~~~~~~~~~~~~~~~~~~~~~~~~~~~~~~~~~~~~~~~~~~~~~~~~~~~~~~~~~~~~~~~~~~~~~~~~~~~~~~~~~~~~~~~~~~~~~~~~~~~~~~~~~~~~~~~~~~~~~~~~~~~~~~~~~~~~~~~~~~~~~~~~~~~~~~~~~~~~~~~~~~~~~~~~~~~~~~~~~~~~~~~~~~~~~~~~~~~~~~~~~~~~~~~~~~~~~~~~~~~~~~~~~~~~~~~~~~~~~~~~~~~~~~~~~~~~~~~~~~~~~~~~~~~~~~~~~~~~~~~~~~~~~~~~~~~~~~~~~~~~~~~~~~~~~~~~~~~~~~~~~~~~~~~~~~~~~~~~~~~~~~~~~~~~~~~~~~~~~~~~~~~~~~~~~~~~~~~~~~~~~~~~~~~~~~~~~~~~~~~~~~~~~~~~~~~~~~~~~~~~~~~~~~~~~~~~~~~~~~~~~~~~~~~~~~~~~~~~~~~~~~~~~~~~~~~~~~~~~~~~~~~~~~~~~~~~~~~~~~~~~~~~~~~~~~~~~~~~~~~~~~~~~~~~~~~~~~~~~~~~~~~~~~~~~~~~~~~~~~~~~~~~~~~~~~~~~~~~~~~~~~~~~~~~~~~~~~~~~~~~~~~~~~~~~~~~~~~~~~~~~~~~~~~~~~~~~~~~~~~~~~~~~~~~~~~~~~~~~~~~~~~~~~~~~~~~~~~~~~~~~~~~~~~~~~~~~~~~~~~~~~~~~~~~~~~~~~~~~~~~~~~~~~~~~~~~~~~~~~~~~~~~~~~~~~~~~~~~~~~~~~~~~~~~~~~~~~~~~~~~~~~~~~~~~~~~~~~~~~~~~~~~~~~~~~~~~~~~~~~~~~~~~~~~~~~~~~~~~~~~~~~~~~~~~~~~~~~~~~~~~~~~~~~~~~~~~~~~~~~~~~~~~~~~~~~~~~~~~~~~~~~~~~~~~~~~~~~~~~~~~~~~~~~~~~~~~~~~~~~~~~~~~~~~~~~~~~~~~~~~~~~~~~~~~~~~~~~~~~~~~~~~~~~~~~~~~~~~~~~~~~~~~~~~~~~~~~~~~~~~~~~~~~~~~~~~~~~~~~~~~~~~~~~~~~~~~~~~~~~~~~~~~~~~~~~~~~~~~~~~~~~~~~~~~~~~~~~~~~~~~~~~~~~~~~~~~~~~~~~~~~~~~~~~~~~~~~~~~~~~~~~~~~~~~~~~~~~~~~~~~~~~~~~~~~~~~~~~~~~~~~~~~~~~~~~~~~~~~~~~~~~~~~~~~~~~~~~~~~~~~~~~~~~~~~~~~~~~~~~~~~~~~~~~~~~~~~~~~~~~~~~~~~~~~~~~~~~~~~~~~~~~~~~~~~~~~~~~~~~~~~~~~~~~~~~~~~~~~~~~~~~~~~~~~~~~~~~~~~~~~~~~~~~~~~~~~~~~~~~~~~~~~~~~~~~~~~~~~~~~~~~~~~~~~~~~~~~~~~~~~~~~~~~~~~~~~~~~~~~~~~~~~~~~~~~~~~~~~~~~~~~~~~~~~~~~~~~~~~~~~~~~~~~~~~~~~~~~~~~~~~~~~~~~~~~~~~~~~~~~~~~~~~~~~~~~~~~~~~~~~~~~~~~~~~~~~~~~~~~~~~~~~~~~~~~~~~~~~~~~~~~~~~~~~~~~~~~~~~~~~~~~~~~~~~~~~~~~~~~~~~~~~~~~~~~~~~~~~~~~~~~~~~~~~~~~~~~~~~~~~~~~~~~~~~~~~~~~~~~~~~~~~~~~~~~~~~~~~~~~~~~~~~~~~~~~~~~~~~~~~~~~~~~~~~~~~~~~~~~~~~~~~~~~~~~~~~~~~~~~~~~~~~~~~~~~~~~~~~~~~~~~~~~~~~~~~~~~~~~~~~~~~~~~~~~~~~~~~~~~~~~~~~~~~~~~~~~~~~~~~~~~~~~~~~~~~~~~~~~~~~~~~~~~~~~~~~~~~~~~~~~~~~~~~~~~~~~~~~~~~~~~~~~~~~~~~~~~~~~~~~~~~~~~~~~~~~~~~~~~~~~~~~~~~~~~~~~~~~~~~~~~~~~~~~~~~~~~~~~~~~~~~~~~~~~~~~~~~~~~~~~~~~~~~~~~~~~~~~~~~~~~~~~~~~~~~~~~~~~~~~~~~~~~~~~~~~~~~~~~~~~~
;;;; Problem Unsolvable
; Nodes Generated: 25965
; Nodes Expanded:  8240
; Nodes Evaluated: 25964
; Nodes Tunneled:  2480
; Nodes memoised with open actions: 10421
; Nodes memoised without open actions: 31268
; Nodes pruned by memoisation: 15724
; Time 16.11
