Parsing and Instantiating...
Warning: rounding numeric constants such as 3.05646 to an accuracy of 0.001
Done
One way facts...
Mutex groups...
Semaphore Facts...
Envelope Facts...
One-shot actions...
(bs-dispense c-bs input wp1 base_black) is 1 shot
(bs-dispense c-bs output wp1 base_black) is 1 shot
(bs-dispense c-bs input wp1 base_red) is 1 shot
(bs-dispense c-bs output wp1 base_red) is 1 shot
(bs-dispense c-bs input wp1 base_silver) is 1 shot
(bs-dispense c-bs output wp1 base_silver) is 1 shot
(bs-dispense c-bs input wp1 base_black) is 1 shot
(bs-dispense c-bs output wp1 base_black) is 1 shot
(bs-dispense c-bs input wp1 base_red) is 1 shot
(bs-dispense c-bs output wp1 base_red) is 1 shot
(bs-dispense c-bs input wp1 base_silver) is 1 shot
(bs-dispense c-bs output wp1 base_silver) is 1 shot
(prepare-ds r-1 c-ds gate-1) is 1 shot
(prepare-ds r-2 c-ds gate-1) is 1 shot
(prepare-ds r-1 c-ds gate-2) is 1 shot
(prepare-ds r-2 c-ds gate-2) is 1 shot
(prepare-ds r-1 c-ds gate-3) is 1 shot
(prepare-ds r-2 c-ds gate-3) is 1 shot
(wp-get-shelf r-1 cg1 c-cs1 left) is 1 shot
(wp-get-shelf r-2 cg1 c-cs1 left) is 1 shot
(wp-get-shelf r-1 cg2 c-cs1 middle) is 1 shot
(wp-get-shelf r-2 cg2 c-cs1 middle) is 1 shot
(wp-get-shelf r-1 cg3 c-cs1 right) is 1 shot
(wp-get-shelf r-2 cg3 c-cs1 right) is 1 shot
(wp-get-shelf r-1 cb1 c-cs2 left) is 1 shot
(wp-get-shelf r-2 cb1 c-cs2 left) is 1 shot
(wp-get-shelf r-1 cb2 c-cs2 middle) is 1 shot
(wp-get-shelf r-2 cb2 c-cs2 middle) is 1 shot
(wp-get-shelf r-1 cb3 c-cs2 right) is 1 shot
(wp-get-shelf r-2 cb3 c-cs2 right) is 1 shot
Integral variables...
Variable bounds...
Static numeric conditions...
Duration bounds...
TIL time window analysis...
Bounding action timestamps due to time windows...
(order-delivery-window-open o1) forms a window with range [0.000,150.000]
Bounds on (fulfill-order-c0-within-tw o1 wp1 c-ds gate-1 base_red cap_grey) (duration [0.010,0.010]):
	0: [0.000,149.990]
	1: [0.000,149.990]
	2: [0.010,150.000]
(can-commit-for-ontime-delivery o1) forms a window with range [0.000,15.000]
Bounds on (commit-to-ontime-delivery o1) (duration [0.010,0.010]):
	0: [0.000,14.999]
	1: [0.000,14.999]
	2: [0.010,15.009]
Bounds on (do-not-commit-to-ontime-delivery o1) (duration [0.010,0.010]):
	0: [0.000,14.999]
	1: [0.000,14.999]
	2: [0.010,15.009]
Dominance constraints (excluding processes and events)...
Damaging events...
Dominance constraints (including processes and events)...
Variable monotonicity...
Max/min needed values for any single precondition...
Irrelevant action pruning by backward reachability from goal...
Uninterestingness criteria...
Compression-safe actions...
Compression-safe invariants...
62% of durative actions in this problem are compression safe
Goal Goal [1]
    (order-fulfilled o1)

Finishing preprocessing.  Making a TRPG heuristic...
Making an open list...
Running WA* search (g weight = 1, h weight = 5)
{(order-delivery-window-open o1),(can-commit-for-ontime-delivery o1),(location-free start input),(location-free c-bs input),(location-free c-bs output),(location-free c-cs1 input),(location-free c-cs1 output),(location-free c-cs2 input),(location-free c-cs2 output),(location-free c-ds input),(location-free c-ds output),(cs-can-perform c-cs1 cs_retrieve),(cs-can-perform c-cs2 cs_retrieve),(wp-base-color wp1 base_none),(wp-cap-color wp1 cap_none),(wp-ring1-color wp1 ring_none),(wp-ring2-color wp1 ring_none),(wp-ring3-color wp1 ring_none),(wp-unused wp1),(robot-waiting r-1),(robot-waiting r-2),(mps-state c-bs idle),(mps-state c-cs1 idle),(mps-state c-cs2 idle),(mps-state c-ds idle),(wp-cap-color cg1 cap_grey),(wp-cap-color cg2 cap_grey),(wp-cap-color cg3 cap_grey),(wp-on-shelf cg1 c-cs1 left),(wp-on-shelf cg2 c-cs1 middle),(wp-on-shelf cg3 c-cs1 right),(wp-cap-color cb1 cap_black),(wp-cap-color cb2 cap_black),(wp-cap-color cb3 cap_black),(wp-on-shelf cb1 c-cs2 left),(wp-on-shelf cb2 c-cs2 middle),(wp-on-shelf cb3 c-cs2 right)}
[]
Initial heuristic = 24
Initial stats: t=0.02s, 7568kb
b (23 @ n=4, t=0.02s, 7568kb)b (21 @ n=5, t=0.02s, 7568kb)b (20 @ n=35, t=0.02s, 7716kb)Warning: self overlapping Action 320:1 at 1
xb (19 @ n=174, t=0.04s, 7952kb)d.{EPS=1250,ETD=20.7347}xxxb (18 @ n=385, t=0.08s, 8284kb)d.{EPS=1265.82,ETD=38.899}b (17 @ n=523, t=0.1s, 8600kb)b (16 @ n=544, t=0.1s, 8668kb)ddd.{EPS=842.697,ETD=26.7114}ddd.{EPS=722.022,ETD=21.8392}ddd.{EPS=677.507,ETD=18.8514}dddd.{EPS=643.777,ETD=18.9331}ddd.{EPS=597.27,ETD=16.7221}ddb (14 @ n=2694, t=0.67s, 22752kb)b (12 @ n=2716, t=0.68s, 22888kb)b (11 @ n=2750, t=0.69s, 23164kb)b (10 @ n=2752, t=0.69s, 23164kb)d.{EPS=576.369,ETD=15.4361}db (9 @ n=2900, t=0.76s, 24788kb)b (8 @ n=2901, t=0.76s, 24788kb)b (7 @ n=2902, t=0.76s, 24788kb).{EPS=600,ETD=15.3697}b (6 @ n=2903, t=0.76s, 24788kb)b (5 @ n=2904, t=0.76s, 24920kb).{EPS=632.111,ETD=14.1663}xd.{EPS=630.517,ETD=13.102}d.{EPS=608.273,ETD=9.524}d.{EPS=642.674,ETD=13.224}d.{EPS=687.758,ETD=18.556}dd.{EPS=732.064,ETD=22.74}d.{EPS=816.993,ETD=25.876}.{EPS=914.077,ETD=34.67}x.{EPS=976.562,ETD=37.198}dx.{EPS=959.693,ETD=41.196}.{EPS=914.077,ETD=47.308}xx.{EPS=875.657,ETD=53.352}.{EPS=881.834,ETD=59.558}x.{EPS=877.193,ETD=63.73}.{EPS=862.069,ETD=64.192}xx.{EPS=856.164,ETD=93.134}x.{EPS=813.008,ETD=127.164}x.{EPS=829.187,ETD=157.12}x.{EPS=863.558,ETD=193.046}xx.{EPS=888.099,ETD=226.664}.{EPS=938.086,ETD=259.316}x.{EPS=1054.85,ETD=291.376}.{EPS=1157.41,ETD=322.178}xx.{EPS=1165.5,ETD=354.118}x.{EPS=1207.73,ETD=388.794}x.{EPS=1231.53,ETD=396.556}x.{EPS=1272.26,ETD=397.328}x.{EPS=1408.45,ETD=397.65}x.{EPS=1572.33,ETD=393.626}x.{EPS=1543.21,ETD=384.438}x.{EPS=1474.93,ETD=376.456}xx.{EPS=1329.79,ETD=366.626}x.{EPS=1336.9,ETD=353.004}x.{EPS=1351.35,ETD=333.522}x.{EPS=1326.26,ETD=313.22}x.{EPS=1436.78,ETD=292.536}xx.{EPS=1416.43,ETD=269.448}.{EPS=1298.7,ETD=246.726}x.{EPS=1256.28,ETD=226.418}x.{EPS=1362.4,ETD=209.006}x.{EPS=1557.63,ETD=187.112}.{EPS=1515.15,ETD=163.4}.{EPS=1432.66,ETD=141.154}.{EPS=1488.1,ETD=123.538}.{EPS=1543.21,ETD=108.238}.{EPS=1412.43,ETD=89.598}.{EPS=1436.78,ETD=76.104}.{EPS=1453.49,ETD=61.968}.{EPS=1366.12,ETD=52.75}.{EPS=1295.34,ETD=43.43}.{EPS=1196.17,ETD=37.286}.{EPS=1265.82,ETD=38.516}.{EPS=1219.51,ETD=37.01}.{EPS=1228.5,ETD=37.298}.{EPS=1231.53,ETD=34.502}.{EPS=1243.78,ETD=38.562}.{EPS=1246.88,ETD=38.102}.{EPS=1237.62,ETD=38.738}.{EPS=1288.66,ETD=35.476}.{EPS=1256.28,ETD=39.222}.{EPS=1265.82,ETD=39.374}.{EPS=1240.69,ETD=35.558}x.{EPS=1302.08,ETD=79.788}x.{EPS=1240.69,ETD=81.756}x.{EPS=1259.45,ETD=83.968}x.{EPS=1253.13,ETD=83.298}x.{EPS=1336.9,ETD=85.776}x.{EPS=1436.78,ETD=138.696}d.{EPS=1436.78,ETD=156.988}.{EPS=1547.99,ETD=164.502}d.{EPS=1567.4,ETD=168.84}.{EPS=1607.72,ETD=180.672}d.{EPS=1618.12,ETD=165.706}d.{EPS=1587.3,ETD=240.216}d.{EPS=1510.57,ETD=249.224}d.{EPS=1497.01,ETD=257.764}dxx.{EPS=1385.04,ETD=301.692}dd.{EPS=1184.83,ETD=254.1}.{EPS=1133.79,ETD=234.956}dx.{EPS=1101.32,ETD=220.996}d.{EPS=1030.93,ETD=214.548}d.{EPS=945.18,ETD=202.362}d.{EPS=914.077,ETD=176.22}d.{EPS=910.747,ETD=102.246}d.{EPS=924.214,ETD=93.434}dd.{EPS=941.62,ETD=85.536}x.{EPS=886.525,ETD=43.402}x.{EPS=883.392,ETD=38.506}.{EPS=851.789,ETD=43.052}x.{EPS=807.754,ETD=49.032}x.{EPS=794.913,ETD=55.526}x.{EPS=802.568,ETD=61.194}.{EPS=792.393,ETD=64.398}x.{EPS=786.164,ETD=69.156}x.{EPS=763.359,ETD=103.1}xx.{EPS=740.741,ETD=135.908}x.{EPS=783.699,ETD=167.906}x.{EPS=805.153,ETD=203.374}x.{EPS=829.187,ETD=236.492}x.{EPS=900.901,ETD=269.132}.{EPS=1016.26,ETD=300.616}x.{EPS=1091.7,ETD=331.58}xx.{EPS=1086.96,ETD=363.846}x.{EPS=1160.09,ETD=394.898}x.{EPS=1179.25,ETD=396.838}x.{EPS=1237.62,ETD=397.496}.{EPS=1351.35,ETD=397.68}x.{EPS=1449.28,ETD=390.686}xx.{EPS=1436.78,ETD=382.068}x.{EPS=1326.26,ETD=373.564}x.{EPS=1246.88,ETD=363.506}x.{EPS=1243.78,ETD=347.132}x.{EPS=1262.63,ETD=327.664}xx.{EPS=1228.5,ETD=306.99}x.{EPS=1333.33,ETD=285.618}x.{EPS=1272.26,ETD=262.56}x.{EPS=1210.65,ETD=239.976}x.{EPS=1184.83,ETD=221.378}x.{EPS=1322.75,ETD=203.06}x.{EPS=1453.49,ETD=182.734}.{EPS=1369.86,ETD=155.69}.{EPS=1333.33,ETD=136.094}.{EPS=1404.49,ETD=117.958}.{EPS=1404.49,ETD=102.118}.{EPS=1298.7,ETD=85.524}.{EPS=1344.09,ETD=71.964}.{EPS=1326.26,ETD=61.968}.{EPS=1256.28,ETD=49.9}.{EPS=1168.22,ETD=40.976}.{EPS=1106.19,ETD=33.6}.{EPS=1118.57,ETD=37.742}.{EPS=1103.75,ETD=36.996}.{EPS=1082.25,ETD=37.546}.{EPS=1098.9,ETD=34.922}.{EPS=1068.38,ETD=38.192}.{EPS=1059.32,ETD=38.282}.{EPS=1028.81,ETD=34.598}.{EPS=1068.38,ETD=40.404}.{EPS=1028.81,ETD=39.162}.{EPS=1037.34,ETD=39.548}.{EPS=1063.83,ETD=36.122}.{EPS=1086.96,ETD=82.052}xd.{EPS=1050.42,ETD=82.038}x.{EPS=1084.6,ETD=85.27}x.{EPS=1121.08,ETD=84.052}x.{EPS=1207.73,ETD=86.484}x.{EPS=1288.66,ETD=151.174}.{EPS=1322.75,ETD=158.242}d.{EPS=1420.45,ETD=163.764}d.{EPS=1449.28,ETD=175.162}.{EPS=1461.99,ETD=180.152}d.{EPS=1400.56,ETD=235.132}d.{EPS=1436.78,ETD=245.786}dx.{EPS=1336.9,ETD=254.214}dd.{EPS=1302.08,ETD=263.326}xxd.{EPS=1091.7,ETD=290.712}ddd.{EPS=814.332,ETD=223.06}ddd.{EPS=659.631,ETD=209.424}ddd.{EPS=550.661,ETD=202.392}ddd.{EPS=480.769,ETD=189.1}dddd.{EPS=422.654,ETD=181.888}ddd.{EPS=386.399,ETD=79.432}ddd.{EPS=346.981,ETD=65.6}ddd.{EPS=316.056,ETD=52.498}ddd.{EPS=291.206,ETD=38.652}ddd.{EPS=270.27,ETD=5.866}ddd.{EPS=267.237,ETD=6.334}dddd.{EPS=263.992,ETD=6.024}ddd.{EPS=260.96,ETD=5.76}ddd.{EPS=254.453,ETD=4.88}ddd.{EPS=249.004,ETD=5.996}ddd.{EPS=242.954,ETD=6.496}dxd.{EPS=241.313,ETD=10.9}dd.{EPS=240.848,ETD=11.77}dd.{EPS=237.643,ETD=15.796}d.{EPS=241.196,ETD=18.938}ddd.{EPS=236.742,ETD=23.092}ddd.{EPS=232.775,ETD=23.166}ddd.{EPS=228.728,ETD=23.418}ddd.{EPS=225.632,ETD=23.906}dddx.{EPS=222.321,ETD=24.198}dd.{EPS=217.865,ETD=26.764}dd.{EPS=216.357,ETD=24.874}d.{EPS=210.261,ETD=25.332}dd.{EPS=208.16,ETD=27.95}dd.{EPS=201.532,ETD=25.33}dd.{EPS=200.481,ETD=23.794}ddd.{EPS=197.161,ETD=26.128}dd.{EPS=194.704,ETD=26.7}xxxxdxxx.{EPS=197.863,ETD=26.622}ddd.{EPS=212.585,ETD=52.126}ddd.{EPS=231.16,ETD=117.312}ddd.{EPS=247.647,ETD=213.742}dd.{EPS=273.373,ETD=329.09}dddd.{EPS=299.222,ETD=475.974}ddd.{EPS=337.61,ETD=632.538}ddd.{EPS=378.788,ETD=783.422}ddd.{EPS=444.444,ETD=947.786}dddd.{EPS=530.786,ETD=1103.81}ddd.{EPS=606.796,ETD=1273.51}xdddd.{EPS=591.017,ETD=1424.72}ddd.{EPS=584.112,ETD=1540.55}ddd.{EPS=583.431,ETD=1654.74}dddd.{EPS=586.854,ETD=2435.29}dddd.{EPS=595.948,ETD=3314.94}dddd.{EPS=602.41,ETD=4199.56}dddddd.{EPS=601.685,ETD=5096.08}ddddd.{EPS=597.372,ETD=5988.04}dddd.{EPS=611.995,ETD=6898.35}dddd.{EPS=631.313,ETD=7803.66}ddd.{EPS=656.168,ETD=8709.39}ddddddd.{EPS=667.557,ETD=9616.6}dddd.{EPS=713.267,ETD=10502.7}d~~~~~~~~~~~~~~~~~~~~~~~~~~~~~~~~~~~~~~~~~~~~~~~~~~~~~~~~~~~~~~~~~~~~~~~~~~~~~~~~~~~~~~~~~~~~~~~~~~~~~~~~~~~~~~~~~~~~~~~~~~~~~~~~~~~~~~~~~~~~~~~~~~~~~~~~~~~~~~~~~~~~~~~~~~~~~~~~~~~~~~~~~~~~~~~~~~~~~~~~~~~~~~~~~~~~~~~~~~~~~~~~~~~~~~~~~~~~~~~~~~~~~~~~~~~~~~~~~~~~~~~~~~~~~~~~~~~~~~~~~~~~~~~~~~~~~~~~~~~~~~~~~~~~~~~~~~~~~~~~~~~~~~~~~~~~~~~~~~~~~~~~~~~~~~~~~~~~~~~~~~~~~~~~~~~~~~~~~~~~~~~~~~~~~~~~~~~~~~~~~~~~~~~~~~~~~~~~~~~~~~~~~~~~~~~~~~~~~~~~~~~~~~~~~~~~~~~~~~~~~~~~~~~~~~~~~~~~~~~~~~~~~~~~~~~~~~~~~~~~~~~~~~~~~~~~~~~~~~~~~~~~~~~~~~~~~~~~~~~~~~~~~~~~~~~~~~~~~~~~~~~~~~~~~~~~~~~~~~~~~~~~~~~~~~~~~~~~~~~~~~~~~~~~~~~~~~~~~~~~~~~~~~~~~~~~~~~~~~~~~~~~~~~~~~~~~~~~~~~~~~~~~~~~~~~~~~~~~~~~~~~~~~~~~~~~~~~~~~~~~~~~~~~~~~~~~~~~~~~~~~~~~~~~~~~~~~~~~~~~~~~~~~~~~~~~~~~~~~~~~~~~~~~~~~~~~~~~~~~~~~~~~~~~~~~~~~~~~~~~~~~~~~~~~~~~~~~~~~~~~~~~~~~~~~~~~~~~~~~~~~~~~~~~~~~~~~~~~~~~~~~~~~~~~~~~~~~~~~~~~~~~~~~~~~~~~~~~~~~~~~~~~~~~~~~~~~~~~~~~~~~~~~~~~~~~~~~~~~~~~~~~~~~~~~~~~~~~~~~~~~~~~~~~~~~~~~~~~~~~~~~~~~~~~~~~~~~~~~~~~~~~~~~~~~~~~~~~~~~~~~~~~~~~~~~~~~~~~~~~~~~~~~~~~~~~~~~~~~~~~~~~~~~~~~~~~~~~~~~~~~~~~~~~~~~~~~~~~~~~~~~~~~~~~~~~~~~~~~~~~~~~~~~~~~~~~~~~~~~~~~~~~~~~~~~~~~~~~~~~~~~~~~~~~~~~~~~~~~~~~~~~~~~~~~~~~~~~~~~~~~~~~~~~~~~~~~~~~~~~~~~~~~~~~~~~~~~~~~~~~~~~~~~~~~~~~~~~~~~~~~~~~~~~~~~~~~~~~~~~~~~~~~~~~~~~~~~~~~~~~~~~~~~~~~~~~~~~~~~~~~~~~~~~~~~~~~~~~~~~~~~~~~~~~~~~~~~~~~~~~~~~~~~~~~~~~~~~~~~~~~~~~~~~~~~~~~~~~~~~~~~~~~~~~~~~~~~~~~~~~~~~~~~~~~~~~~~~~~~~~~~~~~~~~~~~~~~~~~~~~~~~~~~~~~~~~~~~~~~~~~~~~~~~~~~~~~~~~~~~~~~~~~~~~~~~~~~~~~~~~~~~~~~~~~~~~~~~~~~~~~~~~~~~~~~~~~~~~~~~~~~~~~~~~~~~~~~~~~~~~~~~~~~~~~~~~~~~~~~~~~~~~~~~~~~~~~~~~~~~~~~~~~~~~~~~~~~~~~~~~~~~~~~~~~~~~~~~~~~~~~~~~~~~~~~~~~~~~~~~~~~~~~~~~~~~~~~~~~~~~~~~~~~~~~~~~~~~~~~~~~~~~~~~~~~~~~~~~~~~~~~~~~~~~~~~~~~~~~~~~~~~~~~~~~~~~~~~~~~~~~~~~~~~~~~~~~~~~~~~~~~~~~~~~~~~~~~~~~~~~~~~~~~~~~~~~~~~~~~~~~~~~~~~~~~~~~~~~~~~~~~~~~~~~~~~~~~~~~~~~~~~~~~~~~~~~~~~~~~~~~~~~~~~~~~~~~~~~~~~~~~~~~~~~~~~~~~~~~~~~~~~~~~~~~~~~~~~~~~~~~~~~~~~~~~~~~~~~~~~~~~~~~~~~~~~~~~~~~~~~~~~~~~~~~~~~~~~~~~~~~~~~~~~~~~~~~~~~~~~~~~~~~~~~~~~~~~~~~~~~~~~~~~~~~~~~~~~~~~~~~~~~~~~~~~~~~~~~~~~~~~~~~~~~~~~~~~~~~~~~~~~~~~~~~~~~~~~~~~~~~~~~~~~~~~~~~~~~~~~~~~~~~~~~~~~~~~~~~~~~~~~~~~~~~~~~~~~~~~~~~~~~~~~~~~~~~~~~~~~~~~~~~~~~~~~~~~~~~~~~~~~~~~~~~~~~~~~~~~~~~~~~~~~~~~~~~~~~~~~~~~~~~~~~~~~~~~~~~~~~~~~~~~~~~~~~~~~~~~~~~~~~~~~~~~~~~~~~~~~~~~~~~~~~~~~~~~~~~~~~~~~~~~~~~~~~~~~~~~~~~~~~~~~~~~~~~~~~~~~~~~~~~~~~~~~~~~~~~~~~~~~~~~~~~~~~~~~~~~~~~~~~~~~~~~~~~~~~~~~~~~~~~~~~~~~~~~~~~~~~~~~~~~~~~~~~~~~~~~~~~~~~~~~~~~~~~~~~~~~~~~~~~~~~~~~~~~~~~~~~~~~~~~~~~~~~~~~~~~~~~~~~~~~~~~~~~~~~~~~~~~~~~~~~~~~~~~~~~~~~~~~~~~~~~~~~~~~~~~~~~~~~~~~~~~~~~~~~~~~~~~~~~~~~~~~~~~~~~~~~~~~~~~~~~~~~~~~~~~~~~~~~~~~~~~~~~~~~~~~~~~~~~~~~~~~~~~~~~~~~~~~~~~~~~~~~~~~~~~~~~~~~~~~~~~~~~~~~~~~~~~~~~~~~~~~~~~~~~~~~~~~~~~~~~~~~~~~~~~~~~~~~~~~~~~~~~~~~~~~~~~~~~~~~~~~~~~~~~~~~~~~~~~~~~~~~~~~~~~~~~~~~~~~~~~~~~~~~~~~~~~~~~~~~~~~~~~~~~~~~~~~~~~~~~~~~~~~~~~~~~~~~~~~~~~~~~~~~~~~~~~~~~~~~~~~~~~~~~~~~~~~~~~~~~~~~~~~~~~~~~~~~~~~~~~~~~~~~~~~~~~~~~~~~~~~~~~~~~~~~~~~~~~~~~~~~~~~~~~~~~~~~~~~~~~~~~~~~~~~~~~~~~~~~~~~~~~~~~~~~~~~~~~~~~~~~~~~~~~~~~~~~~~~~~~~~~~~~~~~~~~~~~~~~~~~~~~~~~~~~~~~~~~~~~~~~~~~~~~~~~~~~~~~~~~~~~~~~~~~~~~~~~~~~~~~~~~~~~~~~~~~~~~~~~~~~~~~~~~~~~~~~~~~~~~~~~~~~~~~~~~~~~~~~~~~~~~~~~~~~~~~~~~~~~~~~~~~~~~~~~~~~~~~~~~~~~~~~~~~~~~~~~~~~~~~~~~~~~~~~~~~~~~~~~~~~~~~~~~~~~~~~~~~~~~~~~~~~~~~~~~~~~~~~~~~~~~~~~~~~~~~~~~~~~~~~~~~~~~~~~~~~~~~~~~~~~~~~~~~~~~~~~~~~~~~~~~~~~~~~~~~~~~~~~~~~~~~~~~~~~~~~~~~~~~~~~~~~~~~~~~~~~~~~~~~~~~~~~~~~~~~~~~~~~~~~~~~~~~~~~~~~~~~~~~~~~~~~~~~~~~~~~~~~~~~~~~~~~~~~~~~~~~~~~~~~~~~~~~~~~~~~~~~~~~~~~~~~~~~~~~~~~~~~~~~~~~~~~~~~~~~~~~~~~~~~~~~~~~~~~~~~~~~~~~~~~~~~~~~~~~~~~~~~~~~~~~~~~~~~~~~~~~~~~~~~~~~~~~~~~~~~~~~~~~~~~~~~~~~~~~~~~~~~~~~~~~~~~~~~~~~~~~~~~~~~~~~~~~~~~~~~~~~~~~~~~~~~~~~~~~~~~~~~~~~~~~~~~~~~~~~~~~~~~~~~~~~~~~~~~~~~~~~~~~~~~~~~~~~~~~~~~~~~~~~~~~~~~~~~~~~~~~~~~~~~~~~~~~~~~~~~~~~~~~~~~~~~~~~~~~~~~~~~~~~~~~~~~~~~~~~~~~~~~~~~~~~~~~~~~~~~~~~~~~~~~~~~~~~~~~~~~~~~~~~~~~~~~~~~~~~~~~~~~~~~~~~~~~~~~~~~~~~~~~~~~~~~~~~~~~~~~~~~~~~~~~~~~~~~~~~~~~~~~~~~~~~~~~~~~~~~~~~~~~~~~~~~~~~~~~~~~~~~~~~~~~~~~~~~~~~~~~~~~~~~~~~~~~~~~~~~~~~~~~~~~~~~~~~~~~~~~~~~~~~~~~~~~~~~~~~~~~~~~~~~~~~~~~~~~~~~~~~~~~~~~~~~~~~~~~~~~~~~~~~~~~~~~~~~~~~~~~~~~~~~~~~~~~~~~~~~~~~~~~~~~~~~~~~~~~~~~~~~~~~~~~~~~~~~~~~~~~~~~~~~~~~~~~~~~~~~~~~~~~~
;;;; Problem Unsolvable
; Nodes Generated: 27055
; Nodes Expanded:  11124
; Nodes Evaluated: 27054
; Nodes Tunneled:  6739
; Nodes memoised with open actions: 17302
; Nodes memoised without open actions: 27120
; Nodes pruned by memoisation: 17367
; Time 16.82
