Parsing and Instantiating...
Warning: rounding numeric constants such as 3.53975 to an accuracy of 0.001
Done
One way facts...
Mutex groups...
Semaphore Facts...
Envelope Facts...
One-shot actions...
(bs-dispense c-bs input wp1 base_black) is 1 shot
(bs-dispense c-bs output wp1 base_black) is 1 shot
(bs-dispense c-bs input wp1 base_red) is 1 shot
(bs-dispense c-bs output wp1 base_red) is 1 shot
(bs-dispense c-bs input wp1 base_silver) is 1 shot
(bs-dispense c-bs output wp1 base_silver) is 1 shot
(bs-dispense c-bs input wp1 base_black) is 1 shot
(bs-dispense c-bs output wp1 base_black) is 1 shot
(bs-dispense c-bs input wp1 base_red) is 1 shot
(bs-dispense c-bs output wp1 base_red) is 1 shot
(bs-dispense c-bs input wp1 base_silver) is 1 shot
(bs-dispense c-bs output wp1 base_silver) is 1 shot
(prepare-ds r-1 c-ds gate-1) is 1 shot
(prepare-ds r-2 c-ds gate-1) is 1 shot
(prepare-ds r-3 c-ds gate-1) is 1 shot
(prepare-ds r-1 c-ds gate-2) is 1 shot
(prepare-ds r-2 c-ds gate-2) is 1 shot
(prepare-ds r-3 c-ds gate-2) is 1 shot
(prepare-ds r-1 c-ds gate-3) is 1 shot
(prepare-ds r-2 c-ds gate-3) is 1 shot
(prepare-ds r-3 c-ds gate-3) is 1 shot
(wp-get-shelf r-1 cg1 c-cs1 left) is 1 shot
(wp-get-shelf r-2 cg1 c-cs1 left) is 1 shot
(wp-get-shelf r-3 cg1 c-cs1 left) is 1 shot
(wp-get-shelf r-1 cg2 c-cs1 middle) is 1 shot
(wp-get-shelf r-2 cg2 c-cs1 middle) is 1 shot
(wp-get-shelf r-3 cg2 c-cs1 middle) is 1 shot
(wp-get-shelf r-1 cg3 c-cs1 right) is 1 shot
(wp-get-shelf r-2 cg3 c-cs1 right) is 1 shot
(wp-get-shelf r-3 cg3 c-cs1 right) is 1 shot
(wp-get-shelf r-1 cb1 c-cs2 left) is 1 shot
(wp-get-shelf r-2 cb1 c-cs2 left) is 1 shot
(wp-get-shelf r-3 cb1 c-cs2 left) is 1 shot
(wp-get-shelf r-1 cb2 c-cs2 middle) is 1 shot
(wp-get-shelf r-2 cb2 c-cs2 middle) is 1 shot
(wp-get-shelf r-3 cb2 c-cs2 middle) is 1 shot
(wp-get-shelf r-1 cb3 c-cs2 right) is 1 shot
(wp-get-shelf r-2 cb3 c-cs2 right) is 1 shot
(wp-get-shelf r-3 cb3 c-cs2 right) is 1 shot
Integral variables...
Variable bounds...
Static numeric conditions...
Duration bounds...
TIL time window analysis...
Bounding action timestamps due to time windows...
(order-delivery-window-open o1) forms a window with range [0.000,150.000]
Bounds on (fulfill-order-c0-within-tw o1 wp1 c-ds gate-3 base_silver cap_grey) (duration [0.010,0.010]):
	0: [0.000,149.990]
	1: [0.000,149.990]
	2: [0.010,150.000]
(can-commit-for-ontime-delivery o1) forms a window with range [0.000,15.000]
Bounds on (commit-to-ontime-delivery o1) (duration [0.010,0.010]):
	0: [0.000,14.999]
	1: [0.000,14.999]
	2: [0.010,15.009]
Bounds on (do-not-commit-to-ontime-delivery o1) (duration [0.010,0.010]):
	0: [0.000,14.999]
	1: [0.000,14.999]
	2: [0.010,15.009]
Dominance constraints (excluding processes and events)...
Damaging events...
Dominance constraints (including processes and events)...
Variable monotonicity...
Max/min needed values for any single precondition...
Irrelevant action pruning by backward reachability from goal...
Uninterestingness criteria...
Compression-safe actions...
Compression-safe invariants...
64% of durative actions in this problem are compression safe
Goal Goal [1]
    (order-fulfilled o1)

Finishing preprocessing.  Making a TRPG heuristic...
Making an open list...
Running WA* search (g weight = 1, h weight = 5)
{(order-delivery-window-open o1),(can-commit-for-ontime-delivery o1),(location-free start input),(location-free c-bs input),(location-free c-bs output),(location-free c-cs1 input),(location-free c-cs1 output),(location-free c-cs2 input),(location-free c-cs2 output),(location-free c-ds input),(location-free c-ds output),(cs-can-perform c-cs1 cs_retrieve),(cs-can-perform c-cs2 cs_retrieve),(wp-base-color wp1 base_none),(wp-cap-color wp1 cap_none),(wp-ring1-color wp1 ring_none),(wp-ring2-color wp1 ring_none),(wp-ring3-color wp1 ring_none),(wp-unused wp1),(robot-waiting r-1),(robot-waiting r-2),(robot-waiting r-3),(mps-state c-bs idle),(mps-state c-cs1 idle),(mps-state c-cs2 idle),(mps-state c-ds idle),(wp-cap-color cg1 cap_grey),(wp-cap-color cg2 cap_grey),(wp-cap-color cg3 cap_grey),(wp-on-shelf cg1 c-cs1 left),(wp-on-shelf cg2 c-cs1 middle),(wp-on-shelf cg3 c-cs1 right),(wp-cap-color cb1 cap_black),(wp-cap-color cb2 cap_black),(wp-cap-color cb3 cap_black),(wp-on-shelf cb1 c-cs2 left),(wp-on-shelf cb2 c-cs2 middle),(wp-on-shelf cb3 c-cs2 right)}
[]
Initial heuristic = 27
Initial stats: t=0.02s, 8092kb
b (26 @ n=2, t=0.02s, 8092kb)b (25 @ n=3, t=0.02s, 8092kb)b (24 @ n=6, t=0.02s, 8092kb)b (22 @ n=7, t=0.03s, 8092kb)b (21 @ n=31, t=0.03s, 8092kb)Warning: self overlapping Action 434:1 at 1
b (20 @ n=119, t=0.04s, 8284kb)xd.{EPS=961.538,ETD=20.1837}xxxxb (19 @ n=432, t=0.1s, 8852kb).{EPS=1075.27,ETD=40.3636}b (18 @ n=527, t=0.12s, 9036kb)db (16 @ n=651, t=0.15s, 9612kb)dd.{EPS=646.552,ETD=27.3893}ddd.{EPS=530.504,ETD=20.8392}dd.{EPS=488.281,ETD=17.3454}db (15 @ n=1868, t=0.58s, 22256kb)b (14 @ n=1877, t=0.59s, 22376kb)b (13 @ n=1884, t=0.59s, 22480kb)db (11 @ n=2001, t=0.64s, 24236kb).{EPS=469.484,ETD=15.0167}b (10 @ n=2106, t=0.7s, 25836kb)b (9 @ n=2109, t=0.7s, 25968kb)b (8 @ n=2112, t=0.7s, 25968kb)b (7 @ n=2120, t=0.7s, 26072kb)b (6 @ n=2127, t=0.71s, 26204kb)b (5 @ n=2134, t=0.71s, 26336kb)dx.{EPS=497.866,ETD=13.8223}.{EPS=543.478,ETD=14.5263}d.{EPS=557.621,ETD=14.049}x.{EPS=597.372,ETD=14.2365}.{EPS=610.501,ETD=13.968}dxdx.{EPS=596.659,ETD=11.878}.{EPS=667.557,ETD=13.13}xd.{EPS=798.722,ETD=17.592}x.{EPS=919.118,ETD=29.738}xdx.{EPS=1041.67,ETD=46.958}dx.{EPS=1054.85,ETD=51.54}xdxxxxxx.{EPS=946.97,ETD=49.596}xdxxxxxx.{EPS=823.723,ETD=48.572}xdxxxxxx.{EPS=620.347,ETD=46.98}xdxxxxxx.{EPS=452.899,ETD=45.242}xdxxxxxx.{EPS=328.731,ETD=41.318}xdxxxxxx.{EPS=236.742,ETD=39.896}xdxxxxxx.{EPS=170.59,ETD=35.302}xdxxxxxx.{EPS=126.582,ETD=22.812}xdxxxxxx.{EPS=95.2381,ETD=5.25}xdxxxxxx.{EPS=73.5835,ETD=1.06}xdxxxxx.{EPS=59.2909,ETD=2.2}xxdxxxx.{EPS=49.0292,ETD=4.664}xxdxxx.{EPS=41.876,ETD=14.074}dd.{EPS=42.6221,ETD=23.734}d.{EPS=44.0917,ETD=25.156}ddxd.{EPS=46.1979,ETD=27.934}d.{EPS=49.4756,ETD=28.862}dd.{EPS=54.6687,ETD=32.814}ddxdd.{EPS=62.9961,ETD=34.75}dd.{EPS=77.2559,ETD=34.194}d.{EPS=102.859,ETD=35.842}ddd.{EPS=160.359,ETD=35.516}dd.{EPS=388.5,ETD=26.622}ddxd.{EPS=384.615,ETD=40.382}~~~ddd~~~~~~~~~~~~~~~~~dd.{EPS=379.075,ETD=221.4}dd~~~~~~~~~~~~~~~~~~~~~~~~~~~~~~~~~~~~~~~~~~~~~~~~~~~~~~~~~~~~ddd.{EPS=386.997,ETD=411.568}ddddd~~~~~~~~~~~.{EPS=397.772,ETD=612.978}dd~~~~~~~~~~~~~~~~~~~~~~~~~~~~~~~~~~~~~~~~~~~~~~~~~~~~~~~~~~~~~~~~~~~~~~~~~~~~~~~~~~~~~~~~~~~~~~~~~~~~~~~~~~~~~~~~~~~~~~~~~~~~~~~~~~~~~~~~~~~~~~~~~~~~~~~~~~~~~~~~~~~~~~~~~~~~~~~~~~~~~~~~~~~~~~~~~~~~~~~~~~~~~~~~~~~~~~~~~~~~~~~~~~~~~~~~~~~~~~~ddd.{EPS=409.5,ETD=814.768}dd.{EPS=449.64,ETD=1020.51}d~~~~~~~~~~~~~~~~~~~~~~~~~~~~~~~~~~~~~~~~~~~~~~~~~~~~~~~~~~~~~~~~~~~~~~~~~~~ddd.{EPS=478.011,ETD=1235.19}dddxd.{EPS=502.513,ETD=1453.48}~~~~~~~~~~~~~~~~~~~~~ddd~~~~~~~~~~d.{EPS=568.182,ETD=1679.1}ddx~~~~~~~~dd.{EPS=620.347,ETD=1914.16}d~~~~~~~~~~dd~~~~~~~~~~~~~~~~~~~~~~~~~~~~~~~~~~~d~~~~~~~~~~~~~~~~~~~~~~~~~~~.{EPS=698.324,ETD=2136.77}dd~~~~~~~~~~~~~~~~~~~~~~~~~~~~~~x~~~~~~~~~~~~~~~~~~~~~~~~~d~~~~~~~~~~~~~~~~~~~~~~~~~~~~~~~~~~~d.{EPS=775.194,ETD=2206.68}~~~~~~~~~~~~~~~~~~~~~~~~~~~~~~~~~~~~~~~~~~~~~~~~~~~~~~~~~~~~~~~~~~~~~~~~~~~~~~~~~~~~~~~~~~~~~~~~~~~~~~~~~~~~~~~~~~~~~~~~~~~~~~~~~~~~~~~~~~~~~~~~~~~~~~~~~~~~~~~~~~~~~~~~~~~~~~~~~~~~~~~~~~~~~~~~~~~~~~~~~~~~~~~~~~~~~~~~~~~~~~~~~~~~~~~~~~~~~~~~~~~~~~~~~~~~~~~~~~~~~~~~~~~~~~~~~~~~~~~~~~~~~~~~~~~~~~~~~~~~~~~~~~~~~~~~~~~~~~~~~~~~~~~~~~~~~~~~~~~~~~~~~~~~~~~~~~~~~~~~~~~~~~~~~~~~~~~~~~~~~~~~~~~~~~~~~~~~~~~~~~~~~~~~~~~~~~~~~~~~~~~~~~~~~~~~~~~~~~~~~~~~~~~~~~~~~~~~~~~~~~~~~~~~~~~~~~~~~~~~~~~~~~~~~~~~~~~~~~~~~~~~~~~~~~~~~~~~~~~~~~~~~~~~~~~~~~~~~~~~~~~~~~~~~~~~~~~~~~~~~~~~~~~~~~~~~~~~~~~~~~~~~~~~~~~~~~~~~~~~~~~~~~~~~~~~~~~~~~~~~~~~~~~~~~~~~~~~~~~~~~~~~~~~~~~~~~~~~~~~~~~~~~~~~~~~~~~~~~~~~~~~~~~~~~~~~~~~~~~~~~~~~~~~~~~~~~~~~~~~~~~~~~~~~~~~~~~~~~~~~~~~~~~~~~~~~~~~~~~~~~~~~~~~~~~~~~~~~~~~~~~~~~~~~~~~~~~~~~~~~~~~~~~~~~~~~~~~~~~~~~~~~~~~~~~~~~~~~~~~~~~~~~~~~~~~~~~~~~~~~~~~~~~~~~~~~~~~~~~~~~~~~~~~~~~~~~~~~~~~~~~~~~~~~~~~~~~~~~~~~~~~~~~~~~~~~~~~~~~~~~~~~~~~~~~~~~~~~~~~~~~~~~~~~~~~~~~~~~~~~~~~~~~~~~~~~~~~~~~~~~~~~~~~~~~~~~~~~~~~~~~~~~~~~~~~~~~~~~~~~~~~~~~~~~~~~~~~~~~~~~~~~~~~~~~~~~~~~~~~~~~~~~~~~~~~~~~~~~~~~~~~~~~~~~~~~~~~~~~~~~~~~~~~~~
;;;; Problem Unsolvable
; Nodes Generated: 9442
; Nodes Expanded:  2607
; Nodes Evaluated: 9441
; Nodes Tunneled:  649
; Nodes memoised with open actions: 10158
; Nodes memoised without open actions: 7639
; Nodes pruned by memoisation: 8355
; Time 15.78
