Warnings encountered when parsing Domain/Problem File
-----------------------------------------------------

The supplied domain/problem file appear to violate part of the PDDL
language specification.  Specifically:

Errors: 0, warnings: 196
pddl-instances/ipc-2004/domains/airport-temporal-time-windows-strips/domains/domain-16.pddl: line: 2594: Warning: Undeclared requirement :number-fluents 
pddl-instances/ipc-2004/domains/airport-temporal-time-windows-strips/domains/domain-16.pddl: line: 2594: Warning: Undeclared requirement :number-fluents 
pddl-instances/ipc-2004/domains/airport-temporal-time-windows-strips/domains/domain-16.pddl: line: 2614: Warning: Undeclared requirement :number-fluents 
pddl-instances/ipc-2004/domains/airport-temporal-time-windows-strips/domains/domain-16.pddl: line: 2614: Warning: Undeclared requirement :number-fluents 
pddl-instances/ipc-2004/domains/airport-temporal-time-windows-strips/domains/domain-16.pddl: line: 2631: Warning: Undeclared requirement :number-fluents 
pddl-instances/ipc-2004/domains/airport-temporal-time-windows-strips/domains/domain-16.pddl: line: 2631: Warning: Undeclared requirement :number-fluents 
pddl-instances/ipc-2004/domains/airport-temporal-time-windows-strips/domains/domain-16.pddl: line: 2651: Warning: Undeclared requirement :number-fluents 
pddl-instances/ipc-2004/domains/airport-temporal-time-windows-strips/domains/domain-16.pddl: line: 2651: Warning: Undeclared requirement :number-fluents 
pddl-instances/ipc-2004/domains/airport-temporal-time-windows-strips/domains/domain-16.pddl: line: 2668: Warning: Undeclared requirement :number-fluents 
pddl-instances/ipc-2004/domains/airport-temporal-time-windows-strips/domains/domain-16.pddl: line: 2668: Warning: Undeclared requirement :number-fluents 
pddl-instances/ipc-2004/domains/airport-temporal-time-windows-strips/domains/domain-16.pddl: line: 2685: Warning: Undeclared requirement :number-fluents 
pddl-instances/ipc-2004/domains/airport-temporal-time-windows-strips/domains/domain-16.pddl: line: 2685: Warning: Undeclared requirement :number-fluents 
pddl-instances/ipc-2004/domains/airport-temporal-time-windows-strips/domains/domain-16.pddl: line: 2702: Warning: Undeclared requirement :number-fluents 
pddl-instances/ipc-2004/domains/airport-temporal-time-windows-strips/domains/domain-16.pddl: line: 2702: Warning: Undeclared requirement :number-fluents 
pddl-instances/ipc-2004/domains/airport-temporal-time-windows-strips/domains/domain-16.pddl: line: 2719: Warning: Undeclared requirement :number-fluents 
pddl-instances/ipc-2004/domains/airport-temporal-time-windows-strips/domains/domain-16.pddl: line: 2719: Warning: Undeclared requirement :number-fluents 
pddl-instances/ipc-2004/domains/airport-temporal-time-windows-strips/domains/domain-16.pddl: line: 2736: Warning: Undeclared requirement :number-fluents 
pddl-instances/ipc-2004/domains/airport-temporal-time-windows-strips/domains/domain-16.pddl: line: 2736: Warning: Undeclared requirement :number-fluents 
pddl-instances/ipc-2004/domains/airport-temporal-time-windows-strips/domains/domain-16.pddl: line: 2753: Warning: Undeclared requirement :number-fluents 
pddl-instances/ipc-2004/domains/airport-temporal-time-windows-strips/domains/domain-16.pddl: line: 2753: Warning: Undeclared requirement :number-fluents 
pddl-instances/ipc-2004/domains/airport-temporal-time-windows-strips/domains/domain-16.pddl: line: 2770: Warning: Undeclared requirement :number-fluents 
pddl-instances/ipc-2004/domains/airport-temporal-time-windows-strips/domains/domain-16.pddl: line: 2770: Warning: Undeclared requirement :number-fluents 
pddl-instances/ipc-2004/domains/airport-temporal-time-windows-strips/domains/domain-16.pddl: line: 2787: Warning: Undeclared requirement :number-fluents 
pddl-instances/ipc-2004/domains/airport-temporal-time-windows-strips/domains/domain-16.pddl: line: 2787: Warning: Undeclared requirement :number-fluents 
pddl-instances/ipc-2004/domains/airport-temporal-time-windows-strips/domains/domain-16.pddl: line: 2804: Warning: Undeclared requirement :number-fluents 
pddl-instances/ipc-2004/domains/airport-temporal-time-windows-strips/domains/domain-16.pddl: line: 2804: Warning: Undeclared requirement :number-fluents 
pddl-instances/ipc-2004/domains/airport-temporal-time-windows-strips/domains/domain-16.pddl: line: 2824: Warning: Undeclared requirement :number-fluents 
pddl-instances/ipc-2004/domains/airport-temporal-time-windows-strips/domains/domain-16.pddl: line: 2824: Warning: Undeclared requirement :number-fluents 
pddl-instances/ipc-2004/domains/airport-temporal-time-windows-strips/domains/domain-16.pddl: line: 2841: Warning: Undeclared requirement :number-fluents 
pddl-instances/ipc-2004/domains/airport-temporal-time-windows-strips/domains/domain-16.pddl: line: 2841: Warning: Undeclared requirement :number-fluents 
pddl-instances/ipc-2004/domains/airport-temporal-time-windows-strips/domains/domain-16.pddl: line: 2858: Warning: Undeclared requirement :number-fluents 
pddl-instances/ipc-2004/domains/airport-temporal-time-windows-strips/domains/domain-16.pddl: line: 2858: Warning: Undeclared requirement :number-fluents 
pddl-instances/ipc-2004/domains/airport-temporal-time-windows-strips/domains/domain-16.pddl: line: 2878: Warning: Undeclared requirement :number-fluents 
pddl-instances/ipc-2004/domains/airport-temporal-time-windows-strips/domains/domain-16.pddl: line: 2878: Warning: Undeclared requirement :number-fluents 
pddl-instances/ipc-2004/domains/airport-temporal-time-windows-strips/domains/domain-16.pddl: line: 2895: Warning: Undeclared requirement :number-fluents 
pddl-instances/ipc-2004/domains/airport-temporal-time-windows-strips/domains/domain-16.pddl: line: 2895: Warning: Undeclared requirement :number-fluents 
pddl-instances/ipc-2004/domains/airport-temporal-time-windows-strips/domains/domain-16.pddl: line: 2915: Warning: Undeclared requirement :number-fluents 
pddl-instances/ipc-2004/domains/airport-temporal-time-windows-strips/domains/domain-16.pddl: line: 2915: Warning: Undeclared requirement :number-fluents 
pddl-instances/ipc-2004/domains/airport-temporal-time-windows-strips/domains/domain-16.pddl: line: 2932: Warning: Undeclared requirement :number-fluents 
pddl-instances/ipc-2004/domains/airport-temporal-time-windows-strips/domains/domain-16.pddl: line: 2932: Warning: Undeclared requirement :number-fluents 
pddl-instances/ipc-2004/domains/airport-temporal-time-windows-strips/domains/domain-16.pddl: line: 2949: Warning: Undeclared requirement :number-fluents 
pddl-instances/ipc-2004/domains/airport-temporal-time-windows-strips/domains/domain-16.pddl: line: 2949: Warning: Undeclared requirement :number-fluents 
pddl-instances/ipc-2004/domains/airport-temporal-time-windows-strips/domains/domain-16.pddl: line: 2966: Warning: Undeclared requirement :number-fluents 
pddl-instances/ipc-2004/domains/airport-temporal-time-windows-strips/domains/domain-16.pddl: line: 2966: Warning: Undeclared requirement :number-fluents 
pddl-instances/ipc-2004/domains/airport-temporal-time-windows-strips/domains/domain-16.pddl: line: 2983: Warning: Undeclared requirement :number-fluents 
pddl-instances/ipc-2004/domains/airport-temporal-time-windows-strips/domains/domain-16.pddl: line: 2983: Warning: Undeclared requirement :number-fluents 
pddl-instances/ipc-2004/domains/airport-temporal-time-windows-strips/domains/domain-16.pddl: line: 3000: Warning: Undeclared requirement :number-fluents 
pddl-instances/ipc-2004/domains/airport-temporal-time-windows-strips/domains/domain-16.pddl: line: 3000: Warning: Undeclared requirement :number-fluents 
pddl-instances/ipc-2004/domains/airport-temporal-time-windows-strips/domains/domain-16.pddl: line: 3017: Warning: Undeclared requirement :number-fluents 
pddl-instances/ipc-2004/domains/airport-temporal-time-windows-strips/domains/domain-16.pddl: line: 3017: Warning: Undeclared requirement :number-fluents 
pddl-instances/ipc-2004/domains/airport-temporal-time-windows-strips/domains/domain-16.pddl: line: 3034: Warning: Undeclared requirement :number-fluents 
pddl-instances/ipc-2004/domains/airport-temporal-time-windows-strips/domains/domain-16.pddl: line: 3034: Warning: Undeclared requirement :number-fluents 
pddl-instances/ipc-2004/domains/airport-temporal-time-windows-strips/domains/domain-16.pddl: line: 3051: Warning: Undeclared requirement :number-fluents 
pddl-instances/ipc-2004/domains/airport-temporal-time-windows-strips/domains/domain-16.pddl: line: 3051: Warning: Undeclared requirement :number-fluents 
pddl-instances/ipc-2004/domains/airport-temporal-time-windows-strips/domains/domain-16.pddl: line: 3068: Warning: Undeclared requirement :number-fluents 
pddl-instances/ipc-2004/domains/airport-temporal-time-windows-strips/domains/domain-16.pddl: line: 3068: Warning: Undeclared requirement :number-fluents 
pddl-instances/ipc-2004/domains/airport-temporal-time-windows-strips/domains/domain-16.pddl: line: 3085: Warning: Undeclared requirement :number-fluents 
pddl-instances/ipc-2004/domains/airport-temporal-time-windows-strips/domains/domain-16.pddl: line: 3085: Warning: Undeclared requirement :number-fluents 
pddl-instances/ipc-2004/domains/airport-temporal-time-windows-strips/domains/domain-16.pddl: line: 3108: Warning: Undeclared requirement :number-fluents 
pddl-instances/ipc-2004/domains/airport-temporal-time-windows-strips/domains/domain-16.pddl: line: 3108: Warning: Undeclared requirement :number-fluents 
pddl-instances/ipc-2004/domains/airport-temporal-time-windows-strips/domains/domain-16.pddl: line: 3125: Warning: Undeclared requirement :number-fluents 
pddl-instances/ipc-2004/domains/airport-temporal-time-windows-strips/domains/domain-16.pddl: line: 3125: Warning: Undeclared requirement :number-fluents 
pddl-instances/ipc-2004/domains/airport-temporal-time-windows-strips/domains/domain-16.pddl: line: 3142: Warning: Undeclared requirement :number-fluents 
pddl-instances/ipc-2004/domains/airport-temporal-time-windows-strips/domains/domain-16.pddl: line: 3142: Warning: Undeclared requirement :number-fluents 
pddl-instances/ipc-2004/domains/airport-temporal-time-windows-strips/domains/domain-16.pddl: line: 3165: Warning: Undeclared requirement :number-fluents 
pddl-instances/ipc-2004/domains/airport-temporal-time-windows-strips/domains/domain-16.pddl: line: 3165: Warning: Undeclared requirement :number-fluents 
pddl-instances/ipc-2004/domains/airport-temporal-time-windows-strips/domains/domain-16.pddl: line: 3182: Warning: Undeclared requirement :number-fluents 
pddl-instances/ipc-2004/domains/airport-temporal-time-windows-strips/domains/domain-16.pddl: line: 3182: Warning: Undeclared requirement :number-fluents 
pddl-instances/ipc-2004/domains/airport-temporal-time-windows-strips/domains/domain-16.pddl: line: 3205: Warning: Undeclared requirement :number-fluents 
pddl-instances/ipc-2004/domains/airport-temporal-time-windows-strips/domains/domain-16.pddl: line: 3205: Warning: Undeclared requirement :number-fluents 
pddl-instances/ipc-2004/domains/airport-temporal-time-windows-strips/domains/domain-16.pddl: line: 3222: Warning: Undeclared requirement :number-fluents 
pddl-instances/ipc-2004/domains/airport-temporal-time-windows-strips/domains/domain-16.pddl: line: 3222: Warning: Undeclared requirement :number-fluents 
pddl-instances/ipc-2004/domains/airport-temporal-time-windows-strips/domains/domain-16.pddl: line: 3245: Warning: Undeclared requirement :number-fluents 
pddl-instances/ipc-2004/domains/airport-temporal-time-windows-strips/domains/domain-16.pddl: line: 3245: Warning: Undeclared requirement :number-fluents 
pddl-instances/ipc-2004/domains/airport-temporal-time-windows-strips/domains/domain-16.pddl: line: 3268: Warning: Undeclared requirement :number-fluents 
pddl-instances/ipc-2004/domains/airport-temporal-time-windows-strips/domains/domain-16.pddl: line: 3268: Warning: Undeclared requirement :number-fluents 
pddl-instances/ipc-2004/domains/airport-temporal-time-windows-strips/domains/domain-16.pddl: line: 3285: Warning: Undeclared requirement :number-fluents 
pddl-instances/ipc-2004/domains/airport-temporal-time-windows-strips/domains/domain-16.pddl: line: 3285: Warning: Undeclared requirement :number-fluents 
pddl-instances/ipc-2004/domains/airport-temporal-time-windows-strips/domains/domain-16.pddl: line: 3302: Warning: Undeclared requirement :number-fluents 
pddl-instances/ipc-2004/domains/airport-temporal-time-windows-strips/domains/domain-16.pddl: line: 3302: Warning: Undeclared requirement :number-fluents 
pddl-instances/ipc-2004/domains/airport-temporal-time-windows-strips/domains/domain-16.pddl: line: 3325: Warning: Undeclared requirement :number-fluents 
pddl-instances/ipc-2004/domains/airport-temporal-time-windows-strips/domains/domain-16.pddl: line: 3325: Warning: Undeclared requirement :number-fluents 
pddl-instances/ipc-2004/domains/airport-temporal-time-windows-strips/domains/domain-16.pddl: line: 3342: Warning: Undeclared requirement :number-fluents 
pddl-instances/ipc-2004/domains/airport-temporal-time-windows-strips/domains/domain-16.pddl: line: 3342: Warning: Undeclared requirement :number-fluents 
pddl-instances/ipc-2004/domains/airport-temporal-time-windows-strips/domains/domain-16.pddl: line: 3365: Warning: Undeclared requirement :number-fluents 
pddl-instances/ipc-2004/domains/airport-temporal-time-windows-strips/domains/domain-16.pddl: line: 3365: Warning: Undeclared requirement :number-fluents 
pddl-instances/ipc-2004/domains/airport-temporal-time-windows-strips/domains/domain-16.pddl: line: 3382: Warning: Undeclared requirement :number-fluents 
pddl-instances/ipc-2004/domains/airport-temporal-time-windows-strips/domains/domain-16.pddl: line: 3382: Warning: Undeclared requirement :number-fluents 
pddl-instances/ipc-2004/domains/airport-temporal-time-windows-strips/domains/domain-16.pddl: line: 3405: Warning: Undeclared requirement :number-fluents 
pddl-instances/ipc-2004/domains/airport-temporal-time-windows-strips/domains/domain-16.pddl: line: 3405: Warning: Undeclared requirement :number-fluents 
pddl-instances/ipc-2004/domains/airport-temporal-time-windows-strips/domains/domain-16.pddl: line: 3419: Warning: Undeclared requirement :number-fluents 
pddl-instances/ipc-2004/domains/airport-temporal-time-windows-strips/domains/domain-16.pddl: line: 3419: Warning: Undeclared requirement :number-fluents 
pddl-instances/ipc-2004/domains/airport-temporal-time-windows-strips/domains/domain-16.pddl: line: 3460: Warning: Undeclared requirement :number-fluents 
pddl-instances/ipc-2004/domains/airport-temporal-time-windows-strips/domains/domain-16.pddl: line: 3460: Warning: Undeclared requirement :number-fluents 
pddl-instances/ipc-2004/domains/airport-temporal-time-windows-strips/domains/domain-16.pddl: line: 3474: Warning: Undeclared requirement :number-fluents 
pddl-instances/ipc-2004/domains/airport-temporal-time-windows-strips/domains/domain-16.pddl: line: 3474: Warning: Undeclared requirement :number-fluents 
pddl-instances/ipc-2004/domains/airport-temporal-time-windows-strips/domains/domain-16.pddl: line: 3515: Warning: Undeclared requirement :number-fluents 
pddl-instances/ipc-2004/domains/airport-temporal-time-windows-strips/domains/domain-16.pddl: line: 3515: Warning: Undeclared requirement :number-fluents 
pddl-instances/ipc-2004/domains/airport-temporal-time-windows-strips/domains/domain-16.pddl: line: 3529: Warning: Undeclared requirement :number-fluents 
pddl-instances/ipc-2004/domains/airport-temporal-time-windows-strips/domains/domain-16.pddl: line: 3529: Warning: Undeclared requirement :number-fluents 
pddl-instances/ipc-2004/domains/airport-temporal-time-windows-strips/domains/domain-16.pddl: line: 3570: Warning: Undeclared requirement :number-fluents 
pddl-instances/ipc-2004/domains/airport-temporal-time-windows-strips/domains/domain-16.pddl: line: 3570: Warning: Undeclared requirement :number-fluents 
pddl-instances/ipc-2004/domains/airport-temporal-time-windows-strips/domains/domain-16.pddl: line: 3584: Warning: Undeclared requirement :number-fluents 
pddl-instances/ipc-2004/domains/airport-temporal-time-windows-strips/domains/domain-16.pddl: line: 3584: Warning: Undeclared requirement :number-fluents 
pddl-instances/ipc-2004/domains/airport-temporal-time-windows-strips/domains/domain-16.pddl: line: 3625: Warning: Undeclared requirement :number-fluents 
pddl-instances/ipc-2004/domains/airport-temporal-time-windows-strips/domains/domain-16.pddl: line: 3625: Warning: Undeclared requirement :number-fluents 
pddl-instances/ipc-2004/domains/airport-temporal-time-windows-strips/domains/domain-16.pddl: line: 3639: Warning: Undeclared requirement :number-fluents 
pddl-instances/ipc-2004/domains/airport-temporal-time-windows-strips/domains/domain-16.pddl: line: 3639: Warning: Undeclared requirement :number-fluents 
pddl-instances/ipc-2004/domains/airport-temporal-time-windows-strips/domains/domain-16.pddl: line: 3656: Warning: Undeclared requirement :number-fluents 
pddl-instances/ipc-2004/domains/airport-temporal-time-windows-strips/domains/domain-16.pddl: line: 3656: Warning: Undeclared requirement :number-fluents 
pddl-instances/ipc-2004/domains/airport-temporal-time-windows-strips/domains/domain-16.pddl: line: 3673: Warning: Undeclared requirement :number-fluents 
pddl-instances/ipc-2004/domains/airport-temporal-time-windows-strips/domains/domain-16.pddl: line: 3673: Warning: Undeclared requirement :number-fluents 
pddl-instances/ipc-2004/domains/airport-temporal-time-windows-strips/domains/domain-16.pddl: line: 3690: Warning: Undeclared requirement :number-fluents 
pddl-instances/ipc-2004/domains/airport-temporal-time-windows-strips/domains/domain-16.pddl: line: 3690: Warning: Undeclared requirement :number-fluents 
pddl-instances/ipc-2004/domains/airport-temporal-time-windows-strips/domains/domain-16.pddl: line: 3707: Warning: Undeclared requirement :number-fluents 
pddl-instances/ipc-2004/domains/airport-temporal-time-windows-strips/domains/domain-16.pddl: line: 3707: Warning: Undeclared requirement :number-fluents 
pddl-instances/ipc-2004/domains/airport-temporal-time-windows-strips/domains/domain-16.pddl: line: 3724: Warning: Undeclared requirement :number-fluents 
pddl-instances/ipc-2004/domains/airport-temporal-time-windows-strips/domains/domain-16.pddl: line: 3724: Warning: Undeclared requirement :number-fluents 
pddl-instances/ipc-2004/domains/airport-temporal-time-windows-strips/domains/domain-16.pddl: line: 3741: Warning: Undeclared requirement :number-fluents 
pddl-instances/ipc-2004/domains/airport-temporal-time-windows-strips/domains/domain-16.pddl: line: 3741: Warning: Undeclared requirement :number-fluents 
pddl-instances/ipc-2004/domains/airport-temporal-time-windows-strips/domains/domain-16.pddl: line: 3758: Warning: Undeclared requirement :number-fluents 
pddl-instances/ipc-2004/domains/airport-temporal-time-windows-strips/domains/domain-16.pddl: line: 3758: Warning: Undeclared requirement :number-fluents 
pddl-instances/ipc-2004/domains/airport-temporal-time-windows-strips/domains/domain-16.pddl: line: 3775: Warning: Undeclared requirement :number-fluents 
pddl-instances/ipc-2004/domains/airport-temporal-time-windows-strips/domains/domain-16.pddl: line: 3775: Warning: Undeclared requirement :number-fluents 
pddl-instances/ipc-2004/domains/airport-temporal-time-windows-strips/domains/domain-16.pddl: line: 3792: Warning: Undeclared requirement :number-fluents 
pddl-instances/ipc-2004/domains/airport-temporal-time-windows-strips/domains/domain-16.pddl: line: 3792: Warning: Undeclared requirement :number-fluents 
pddl-instances/ipc-2004/domains/airport-temporal-time-windows-strips/domains/domain-16.pddl: line: 3809: Warning: Undeclared requirement :number-fluents 
pddl-instances/ipc-2004/domains/airport-temporal-time-windows-strips/domains/domain-16.pddl: line: 3809: Warning: Undeclared requirement :number-fluents 
pddl-instances/ipc-2004/domains/airport-temporal-time-windows-strips/domains/domain-16.pddl: line: 3826: Warning: Undeclared requirement :number-fluents 
pddl-instances/ipc-2004/domains/airport-temporal-time-windows-strips/domains/domain-16.pddl: line: 3826: Warning: Undeclared requirement :number-fluents 
pddl-instances/ipc-2004/domains/airport-temporal-time-windows-strips/domains/domain-16.pddl: line: 3843: Warning: Undeclared requirement :number-fluents 
pddl-instances/ipc-2004/domains/airport-temporal-time-windows-strips/domains/domain-16.pddl: line: 3843: Warning: Undeclared requirement :number-fluents 
pddl-instances/ipc-2004/domains/airport-temporal-time-windows-strips/domains/domain-16.pddl: line: 3860: Warning: Undeclared requirement :number-fluents 
pddl-instances/ipc-2004/domains/airport-temporal-time-windows-strips/domains/domain-16.pddl: line: 3860: Warning: Undeclared requirement :number-fluents 
pddl-instances/ipc-2004/domains/airport-temporal-time-windows-strips/domains/domain-16.pddl: line: 3877: Warning: Undeclared requirement :number-fluents 
pddl-instances/ipc-2004/domains/airport-temporal-time-windows-strips/domains/domain-16.pddl: line: 3877: Warning: Undeclared requirement :number-fluents 
pddl-instances/ipc-2004/domains/airport-temporal-time-windows-strips/domains/domain-16.pddl: line: 3894: Warning: Undeclared requirement :number-fluents 
pddl-instances/ipc-2004/domains/airport-temporal-time-windows-strips/domains/domain-16.pddl: line: 3894: Warning: Undeclared requirement :number-fluents 
pddl-instances/ipc-2004/domains/airport-temporal-time-windows-strips/domains/domain-16.pddl: line: 3911: Warning: Undeclared requirement :number-fluents 
pddl-instances/ipc-2004/domains/airport-temporal-time-windows-strips/domains/domain-16.pddl: line: 3911: Warning: Undeclared requirement :number-fluents 
pddl-instances/ipc-2004/domains/airport-temporal-time-windows-strips/domains/domain-16.pddl: line: 3928: Warning: Undeclared requirement :number-fluents 
pddl-instances/ipc-2004/domains/airport-temporal-time-windows-strips/domains/domain-16.pddl: line: 3928: Warning: Undeclared requirement :number-fluents 
pddl-instances/ipc-2004/domains/airport-temporal-time-windows-strips/domains/domain-16.pddl: line: 3945: Warning: Undeclared requirement :number-fluents 
pddl-instances/ipc-2004/domains/airport-temporal-time-windows-strips/domains/domain-16.pddl: line: 3945: Warning: Undeclared requirement :number-fluents 
pddl-instances/ipc-2004/domains/airport-temporal-time-windows-strips/domains/domain-16.pddl: line: 3962: Warning: Undeclared requirement :number-fluents 
pddl-instances/ipc-2004/domains/airport-temporal-time-windows-strips/domains/domain-16.pddl: line: 3962: Warning: Undeclared requirement :number-fluents 
pddl-instances/ipc-2004/domains/airport-temporal-time-windows-strips/domains/domain-16.pddl: line: 3979: Warning: Undeclared requirement :number-fluents 
pddl-instances/ipc-2004/domains/airport-temporal-time-windows-strips/domains/domain-16.pddl: line: 3979: Warning: Undeclared requirement :number-fluents 
pddl-instances/ipc-2004/domains/airport-temporal-time-windows-strips/instances/instance-16.pddl: line: 266: Warning: Undeclared requirement :number-fluents 
pddl-instances/ipc-2004/domains/airport-temporal-time-windows-strips/instances/instance-16.pddl: line: 267: Warning: Undeclared requirement :number-fluents 
pddl-instances/ipc-2004/domains/airport-temporal-time-windows-strips/instances/instance-16.pddl: line: 268: Warning: Undeclared requirement :number-fluents 
pddl-instances/ipc-2004/domains/airport-temporal-time-windows-strips/instances/instance-16.pddl: line: 269: Warning: Undeclared requirement :number-fluents 
pddl-instances/ipc-2004/domains/airport-temporal-time-windows-strips/instances/instance-16.pddl: line: 270: Warning: Undeclared requirement :number-fluents 
pddl-instances/ipc-2004/domains/airport-temporal-time-windows-strips/instances/instance-16.pddl: line: 271: Warning: Undeclared requirement :number-fluents 
pddl-instances/ipc-2004/domains/airport-temporal-time-windows-strips/instances/instance-16.pddl: line: 272: Warning: Undeclared requirement :number-fluents 
pddl-instances/ipc-2004/domains/airport-temporal-time-windows-strips/instances/instance-16.pddl: line: 273: Warning: Undeclared requirement :number-fluents 
pddl-instances/ipc-2004/domains/airport-temporal-time-windows-strips/instances/instance-16.pddl: line: 274: Warning: Undeclared requirement :number-fluents 
pddl-instances/ipc-2004/domains/airport-temporal-time-windows-strips/instances/instance-16.pddl: line: 275: Warning: Undeclared requirement :number-fluents 
pddl-instances/ipc-2004/domains/airport-temporal-time-windows-strips/instances/instance-16.pddl: line: 276: Warning: Undeclared requirement :number-fluents 
pddl-instances/ipc-2004/domains/airport-temporal-time-windows-strips/instances/instance-16.pddl: line: 277: Warning: Undeclared requirement :number-fluents 
pddl-instances/ipc-2004/domains/airport-temporal-time-windows-strips/instances/instance-16.pddl: line: 278: Warning: Undeclared requirement :number-fluents 
pddl-instances/ipc-2004/domains/airport-temporal-time-windows-strips/instances/instance-16.pddl: line: 279: Warning: Undeclared requirement :number-fluents 
pddl-instances/ipc-2004/domains/airport-temporal-time-windows-strips/instances/instance-16.pddl: line: 280: Warning: Undeclared requirement :number-fluents 
pddl-instances/ipc-2004/domains/airport-temporal-time-windows-strips/instances/instance-16.pddl: line: 281: Warning: Undeclared requirement :number-fluents 
pddl-instances/ipc-2004/domains/airport-temporal-time-windows-strips/instances/instance-16.pddl: line: 282: Warning: Undeclared requirement :number-fluents 
pddl-instances/ipc-2004/domains/airport-temporal-time-windows-strips/instances/instance-16.pddl: line: 283: Warning: Undeclared requirement :number-fluents 
pddl-instances/ipc-2004/domains/airport-temporal-time-windows-strips/instances/instance-16.pddl: line: 284: Warning: Undeclared requirement :number-fluents 
pddl-instances/ipc-2004/domains/airport-temporal-time-windows-strips/instances/instance-16.pddl: line: 285: Warning: Undeclared requirement :number-fluents 
pddl-instances/ipc-2004/domains/airport-temporal-time-windows-strips/instances/instance-16.pddl: line: 286: Warning: Undeclared requirement :number-fluents 
pddl-instances/ipc-2004/domains/airport-temporal-time-windows-strips/instances/instance-16.pddl: line: 287: Warning: Undeclared requirement :number-fluents 
pddl-instances/ipc-2004/domains/airport-temporal-time-windows-strips/instances/instance-16.pddl: line: 288: Warning: Undeclared requirement :number-fluents 
pddl-instances/ipc-2004/domains/airport-temporal-time-windows-strips/instances/instance-16.pddl: line: 289: Warning: Undeclared requirement :number-fluents 
pddl-instances/ipc-2004/domains/airport-temporal-time-windows-strips/instances/instance-16.pddl: line: 290: Warning: Undeclared requirement :number-fluents 
pddl-instances/ipc-2004/domains/airport-temporal-time-windows-strips/instances/instance-16.pddl: line: 291: Warning: Undeclared requirement :number-fluents 
pddl-instances/ipc-2004/domains/airport-temporal-time-windows-strips/instances/instance-16.pddl: line: 292: Warning: Undeclared requirement :number-fluents 
pddl-instances/ipc-2004/domains/airport-temporal-time-windows-strips/instances/instance-16.pddl: line: 293: Warning: Undeclared requirement :number-fluents 
pddl-instances/ipc-2004/domains/airport-temporal-time-windows-strips/instances/instance-16.pddl: line: 294: Warning: Undeclared requirement :number-fluents 
pddl-instances/ipc-2004/domains/airport-temporal-time-windows-strips/instances/instance-16.pddl: line: 295: Warning: Undeclared requirement :number-fluents 
pddl-instances/ipc-2004/domains/airport-temporal-time-windows-strips/instances/instance-16.pddl: line: 296: Warning: Undeclared requirement :number-fluents 
pddl-instances/ipc-2004/domains/airport-temporal-time-windows-strips/instances/instance-16.pddl: line: 297: Warning: Undeclared requirement :number-fluents 
pddl-instances/ipc-2004/domains/airport-temporal-time-windows-strips/instances/instance-16.pddl: line: 298: Warning: Undeclared requirement :number-fluents 
pddl-instances/ipc-2004/domains/airport-temporal-time-windows-strips/instances/instance-16.pddl: line: 299: Warning: Undeclared requirement :number-fluents 
pddl-instances/ipc-2004/domains/airport-temporal-time-windows-strips/instances/instance-16.pddl: line: 300: Warning: Undeclared requirement :number-fluents 
pddl-instances/ipc-2004/domains/airport-temporal-time-windows-strips/instances/instance-16.pddl: line: 301: Warning: Undeclared requirement :number-fluents 
pddl-instances/ipc-2004/domains/airport-temporal-time-windows-strips/instances/instance-16.pddl: line: 302: Warning: Undeclared requirement :number-fluents 
pddl-instances/ipc-2004/domains/airport-temporal-time-windows-strips/instances/instance-16.pddl: line: 303: Warning: Undeclared requirement :number-fluents 
pddl-instances/ipc-2004/domains/airport-temporal-time-windows-strips/instances/instance-16.pddl: line: 304: Warning: Undeclared requirement :number-fluents 
pddl-instances/ipc-2004/domains/airport-temporal-time-windows-strips/instances/instance-16.pddl: line: 305: Warning: Undeclared requirement :number-fluents 
pddl-instances/ipc-2004/domains/airport-temporal-time-windows-strips/instances/instance-16.pddl: line: 306: Warning: Undeclared requirement :number-fluents 
pddl-instances/ipc-2004/domains/airport-temporal-time-windows-strips/instances/instance-16.pddl: line: 307: Warning: Undeclared requirement :number-fluents 
pddl-instances/ipc-2004/domains/airport-temporal-time-windows-strips/instances/instance-16.pddl: line: 308: Warning: Undeclared requirement :number-fluents 
pddl-instances/ipc-2004/domains/airport-temporal-time-windows-strips/instances/instance-16.pddl: line: 309: Warning: Undeclared requirement :number-fluents 
pddl-instances/ipc-2004/domains/airport-temporal-time-windows-strips/instances/instance-16.pddl: line: 310: Warning: Undeclared requirement :number-fluents 
pddl-instances/ipc-2004/domains/airport-temporal-time-windows-strips/instances/instance-16.pddl: line: 311: Warning: Undeclared requirement :number-fluents 
pddl-instances/ipc-2004/domains/airport-temporal-time-windows-strips/instances/instance-16.pddl: line: 312: Warning: Undeclared requirement :number-fluents 
pddl-instances/ipc-2004/domains/airport-temporal-time-windows-strips/instances/instance-16.pddl: line: 313: Warning: Undeclared requirement :number-fluents 

The planner will continue, but you may wish to fix your files accordingly
Parsing and Instantiating...
TIL[149.000] @ 0x33cf660 -> { TIL[119.000]}
TIL[381.000] @ 0x33cfb30 -> { TIL[149.000]}
TIL[411.000] @ 0x33cfe00 -> { TIL[381.000]}
TIL[563.000] @ 0x33d02d0 -> { TIL[411.000]}
TIL[593.000] @ 0x33d05a0 -> { TIL[563.000]}
TIL[891.000] @ 0x33d0a70 -> { TIL[593.000]}
TIL[921.000] @ 0x33d0d40 -> { TIL[891.000]}
Done
One way facts...
Mutex groups...
Semaphore Facts...
Envelope Facts...
One-shot actions...
Integral variables...
Variable bounds...
Static numeric conditions...
Duration bounds...
TIL time window analysis...
Bounding action timestamps due to time windows...
(blocked seg_27thresh_0_100 dummy_landing_airplane) forms a window with range [119.000,921.000]
(not_blocked seg_27thresh_0_100 dummy_landing_airplane) forms a window with range [149.000,inf]
(blocked seg_27help_0_100 dummy_landing_airplane) forms a window with range [119.000,921.000]
(not_blocked seg_27help_0_100 dummy_landing_airplane) forms a window with range [149.000,inf]
(blocked seg_27_0_150 dummy_landing_airplane) forms a window with range [119.000,921.000]
(not_blocked seg_27_0_150 dummy_landing_airplane) forms a window with range [149.000,inf]
(blocked seg_rwy_0_1300 dummy_landing_airplane) forms a window with range [119.000,921.000]
(not_blocked seg_rwy_0_1300 dummy_landing_airplane) forms a window with range [149.000,inf]
(blocked seg_09_0_150 dummy_landing_airplane) forms a window with range [119.000,921.000]
(not_blocked seg_09_0_150 dummy_landing_airplane) forms a window with range [149.000,inf]
(blocked seg_09help_0_100 dummy_landing_airplane) forms a window with range [119.000,921.000]
(not_blocked seg_09help_0_100 dummy_landing_airplane) forms a window with range [149.000,inf]
(blocked seg_09thresh_0_100 dummy_landing_airplane) forms a window with range [119.000,921.000]
(not_blocked seg_09thresh_0_100 dummy_landing_airplane) forms a window with range [149.000,inf]
Dominance constraints (excluding processes and events)...
Damaging events...
Dominance constraints (including processes and events)...
Variable monotonicity...
Max/min needed values for any single precondition...
Irrelevant action pruning by backward reachability from goal...
Uninterestingness criteria...
Compression-safe actions...
Compression-safe invariants...
0% of durative actions in this problem are compression safe
Goal Goal [4]
    (airborne airplane_wurst seg_09_0_150)
    (airborne airplane_dfboy seg_09_0_150)
    (airborne airplane_daewh seg_09_0_150)
    (is-parked airplane_cfbeg seg_a01_0_100)

Finishing preprocessing.  Making a TRPG heuristic...
Making an open list...
Running WA* search (g weight = 1, h weight = 5)
{(at-segment airplane_cfbeg seg_rwy_0_1300),(at-segment airplane_daewh seg_a02_0_100),(at-segment airplane_dfboy seg_b02_0_100),(at-segment airplane_wurst seg_a01_0_100),(blocked seg_rwy_0_1300 airplane_cfbeg),(blocked seg_a02_0_100 airplane_daewh),(blocked seg_b02_0_100 airplane_dfboy),(blocked seg_a01_0_100 airplane_wurst),(blocked seg_09_0_150 airplane_cfbeg),(facing airplane_cfbeg south),(facing airplane_daewh south),(facing airplane_dfboy south),(facing airplane_wurst south),(is-moving airplane_cfbeg),(is-pushing airplane_daewh),(is-pushing airplane_dfboy),(is-pushing airplane_wurst),(not_blocked seg_09thresh_0_100 airplane_cfbeg),(not_blocked seg_09help_0_100 airplane_cfbeg),(not_blocked seg_a_09_0_100 airplane_cfbeg),(not_blocked seg_27thresh_0_100 airplane_cfbeg),(not_blocked seg_27help_0_100 airplane_cfbeg),(not_blocked seg_27_0_150 airplane_cfbeg),(not_blocked seg_b_27_0_100 airplane_cfbeg),(not_blocked seg_n1_n2_0_100 airplane_cfbeg),(not_blocked seg_n1_a_0_100 airplane_cfbeg),(not_blocked seg_n2_n3_1_0_86 airplane_cfbeg),(not_blocked seg_n2_n3_0_85 airplane_cfbeg),(not_blocked seg_n3_n_0_100 airplane_cfbeg),(not_blocked seg_n_n4_0_100 airplane_cfbeg),(not_blocked seg_n_c_0_100 airplane_cfbeg),(not_blocked seg_n4_n5_1_0_85 airplane_cfbeg),(not_blocked seg_n4_n5_0_86 airplane_cfbeg),(not_blocked seg_n5_n6_0_100 airplane_cfbeg),(not_blocked seg_n6_b_0_100 airplane_cfbeg),(not_blocked seg_c_c2_0_100 airplane_cfbeg),(not_blocked seg_c2_c3_0_100 airplane_cfbeg),(not_blocked seg_c3_c4_0_50 airplane_cfbeg),(not_blocked seg_c3_c_a01_0_100 airplane_cfbeg),(not_blocked seg_c3_c_b01_0_100 airplane_cfbeg),(not_blocked seg_c4_c5_0_50 airplane_cfbeg),(not_blocked seg_c5_c6_0_50 airplane_cfbeg),(not_blocked seg_c5_c_a02_0_100 airplane_cfbeg),(not_blocked seg_c5_c_b02_0_100 airplane_cfbeg),(not_blocked seg_c6_c7_0_100 airplane_cfbeg),(not_blocked seg_a01_0_100 airplane_cfbeg),(not_blocked seg_a02_0_100 airplane_cfbeg),(not_blocked seg_b01_0_100 airplane_cfbeg),(not_blocked seg_b02_0_100 airplane_cfbeg),(not_blocked seg_n2_n3_2_0_86 airplane_cfbeg),(not_blocked seg_n2_n3_3_0_86 airplane_cfbeg),(not_blocked seg_n2_n3_4_0_85 airplane_cfbeg),(not_blocked seg_n2_n3_5_0_86 airplane_cfbeg),(not_blocked seg_n2_n3_6_0_86 airplane_cfbeg),(not_blocked seg_n4_n5_2_0_86 airplane_cfbeg),(not_blocked seg_n4_n5_3_0_86 airplane_cfbeg),(not_blocked seg_n4_n5_4_0_85 airplane_cfbeg),(not_blocked seg_n4_n5_5_0_86 airplane_cfbeg),(not_blocked seg_n4_n5_6_0_86 airplane_cfbeg),(not_blocked seg_09thresh_0_100 airplane_daewh),(not_blocked seg_09help_0_100 airplane_daewh),(not_blocked seg_09_0_150 airplane_daewh),(not_blocked seg_a_09_0_100 airplane_daewh),(not_blocked seg_rwy_0_1300 airplane_daewh),(not_blocked seg_27thresh_0_100 airplane_daewh),(not_blocked seg_27help_0_100 airplane_daewh),(not_blocked seg_27_0_150 airplane_daewh),(not_blocked seg_b_27_0_100 airplane_daewh),(not_blocked seg_n1_n2_0_100 airplane_daewh),(not_blocked seg_n1_a_0_100 airplane_daewh),(not_blocked seg_n2_n3_1_0_86 airplane_daewh),(not_blocked seg_n2_n3_0_85 airplane_daewh),(not_blocked seg_n3_n_0_100 airplane_daewh),(not_blocked seg_n_n4_0_100 airplane_daewh),(not_blocked seg_n_c_0_100 airplane_daewh),(not_blocked seg_n4_n5_1_0_85 airplane_daewh),(not_blocked seg_n4_n5_0_86 airplane_daewh),(not_blocked seg_n5_n6_0_100 airplane_daewh),(not_blocked seg_n6_b_0_100 airplane_daewh),(not_blocked seg_c_c2_0_100 airplane_daewh),(not_blocked seg_c2_c3_0_100 airplane_daewh),(not_blocked seg_c3_c4_0_50 airplane_daewh),(not_blocked seg_c3_c_a01_0_100 airplane_daewh),(not_blocked seg_c3_c_b01_0_100 airplane_daewh),(not_blocked seg_c4_c5_0_50 airplane_daewh),(not_blocked seg_c5_c6_0_50 airplane_daewh),(not_blocked seg_c5_c_a02_0_100 airplane_daewh),(not_blocked seg_c5_c_b02_0_100 airplane_daewh),(not_blocked seg_c6_c7_0_100 airplane_daewh),(not_blocked seg_a01_0_100 airplane_daewh),(not_blocked seg_b01_0_100 airplane_daewh),(not_blocked seg_b02_0_100 airplane_daewh),(not_blocked seg_n2_n3_2_0_86 airplane_daewh),(not_blocked seg_n2_n3_3_0_86 airplane_daewh),(not_blocked seg_n2_n3_4_0_85 airplane_daewh),(not_blocked seg_n2_n3_5_0_86 airplane_daewh),(not_blocked seg_n2_n3_6_0_86 airplane_daewh),(not_blocked seg_n4_n5_2_0_86 airplane_daewh),(not_blocked seg_n4_n5_3_0_86 airplane_daewh),(not_blocked seg_n4_n5_4_0_85 airplane_daewh),(not_blocked seg_n4_n5_5_0_86 airplane_daewh),(not_blocked seg_n4_n5_6_0_86 airplane_daewh),(not_blocked seg_09thresh_0_100 airplane_dfboy),(not_blocked seg_09help_0_100 airplane_dfboy),(not_blocked seg_09_0_150 airplane_dfboy),(not_blocked seg_a_09_0_100 airplane_dfboy),(not_blocked seg_rwy_0_1300 airplane_dfboy),(not_blocked seg_27thresh_0_100 airplane_dfboy),(not_blocked seg_27help_0_100 airplane_dfboy),(not_blocked seg_27_0_150 airplane_dfboy),(not_blocked seg_b_27_0_100 airplane_dfboy),(not_blocked seg_n1_n2_0_100 airplane_dfboy),(not_blocked seg_n1_a_0_100 airplane_dfboy),(not_blocked seg_n2_n3_1_0_86 airplane_dfboy),(not_blocked seg_n2_n3_0_85 airplane_dfboy),(not_blocked seg_n3_n_0_100 airplane_dfboy),(not_blocked seg_n_n4_0_100 airplane_dfboy),(not_blocked seg_n_c_0_100 airplane_dfboy),(not_blocked seg_n4_n5_1_0_85 airplane_dfboy),(not_blocked seg_n4_n5_0_86 airplane_dfboy),(not_blocked seg_n5_n6_0_100 airplane_dfboy),(not_blocked seg_n6_b_0_100 airplane_dfboy),(not_blocked seg_c_c2_0_100 airplane_dfboy),(not_blocked seg_c2_c3_0_100 airplane_dfboy),(not_blocked seg_c3_c4_0_50 airplane_dfboy),(not_blocked seg_c3_c_a01_0_100 airplane_dfboy),(not_blocked seg_c3_c_b01_0_100 airplane_dfboy),(not_blocked seg_c4_c5_0_50 airplane_dfboy),(not_blocked seg_c5_c6_0_50 airplane_dfboy),(not_blocked seg_c5_c_a02_0_100 airplane_dfboy),(not_blocked seg_c5_c_b02_0_100 airplane_dfboy),(not_blocked seg_c6_c7_0_100 airplane_dfboy),(not_blocked seg_a01_0_100 airplane_dfboy),(not_blocked seg_a02_0_100 airplane_dfboy),(not_blocked seg_b01_0_100 airplane_dfboy),(not_blocked seg_n2_n3_2_0_86 airplane_dfboy),(not_blocked seg_n2_n3_3_0_86 airplane_dfboy),(not_blocked seg_n2_n3_4_0_85 airplane_dfboy),(not_blocked seg_n2_n3_5_0_86 airplane_dfboy),(not_blocked seg_n2_n3_6_0_86 airplane_dfboy),(not_blocked seg_n4_n5_2_0_86 airplane_dfboy),(not_blocked seg_n4_n5_3_0_86 airplane_dfboy),(not_blocked seg_n4_n5_4_0_85 airplane_dfboy),(not_blocked seg_n4_n5_5_0_86 airplane_dfboy),(not_blocked seg_n4_n5_6_0_86 airplane_dfboy),(not_blocked seg_09thresh_0_100 airplane_wurst),(not_blocked seg_09help_0_100 airplane_wurst),(not_blocked seg_09_0_150 airplane_wurst),(not_blocked seg_a_09_0_100 airplane_wurst),(not_blocked seg_rwy_0_1300 airplane_wurst),(not_blocked seg_27thresh_0_100 airplane_wurst),(not_blocked seg_27help_0_100 airplane_wurst),(not_blocked seg_27_0_150 airplane_wurst),(not_blocked seg_b_27_0_100 airplane_wurst),(not_blocked seg_n1_n2_0_100 airplane_wurst),(not_blocked seg_n1_a_0_100 airplane_wurst),(not_blocked seg_n2_n3_1_0_86 airplane_wurst),(not_blocked seg_n2_n3_0_85 airplane_wurst),(not_blocked seg_n3_n_0_100 airplane_wurst),(not_blocked seg_n_n4_0_100 airplane_wurst),(not_blocked seg_n_c_0_100 airplane_wurst),(not_blocked seg_n4_n5_1_0_85 airplane_wurst),(not_blocked seg_n4_n5_0_86 airplane_wurst),(not_blocked seg_n5_n6_0_100 airplane_wurst),(not_blocked seg_n6_b_0_100 airplane_wurst),(not_blocked seg_c_c2_0_100 airplane_wurst),(not_blocked seg_c2_c3_0_100 airplane_wurst),(not_blocked seg_c3_c4_0_50 airplane_wurst),(not_blocked seg_c3_c_a01_0_100 airplane_wurst),(not_blocked seg_c3_c_b01_0_100 airplane_wurst),(not_blocked seg_c4_c5_0_50 airplane_wurst),(not_blocked seg_c5_c6_0_50 airplane_wurst),(not_blocked seg_c5_c_a02_0_100 airplane_wurst),(not_blocked seg_c5_c_b02_0_100 airplane_wurst),(not_blocked seg_c6_c7_0_100 airplane_wurst),(not_blocked seg_a02_0_100 airplane_wurst),(not_blocked seg_b01_0_100 airplane_wurst),(not_blocked seg_b02_0_100 airplane_wurst),(not_blocked seg_n2_n3_2_0_86 airplane_wurst),(not_blocked seg_n2_n3_3_0_86 airplane_wurst),(not_blocked seg_n2_n3_4_0_85 airplane_wurst),(not_blocked seg_n2_n3_5_0_86 airplane_wurst),(not_blocked seg_n2_n3_6_0_86 airplane_wurst),(not_blocked seg_n4_n5_2_0_86 airplane_wurst),(not_blocked seg_n4_n5_3_0_86 airplane_wurst),(not_blocked seg_n4_n5_4_0_85 airplane_wurst),(not_blocked seg_n4_n5_5_0_86 airplane_wurst),(not_blocked seg_n4_n5_6_0_86 airplane_wurst),(not_occupied seg_09thresh_0_100),(not_occupied seg_09help_0_100),(not_occupied seg_09_0_150),(not_occupied seg_a_09_0_100),(not_occupied seg_27thresh_0_100),(not_occupied seg_27help_0_100),(not_occupied seg_27_0_150),(not_occupied seg_b_27_0_100),(not_occupied seg_n1_n2_0_100),(not_occupied seg_n1_a_0_100),(not_occupied seg_n2_n3_1_0_86),(not_occupied seg_n2_n3_0_85),(not_occupied seg_n3_n_0_100),(not_occupied seg_n_n4_0_100),(not_occupied seg_n_c_0_100),(not_occupied seg_n4_n5_1_0_85),(not_occupied seg_n4_n5_0_86),(not_occupied seg_n5_n6_0_100),(not_occupied seg_n6_b_0_100),(not_occupied seg_c_c2_0_100),(not_occupied seg_c2_c3_0_100),(not_occupied seg_c3_c4_0_50),(not_occupied seg_c3_c_a01_0_100),(not_occupied seg_c3_c_b01_0_100),(not_occupied seg_c4_c5_0_50),(not_occupied seg_c5_c6_0_50),(not_occupied seg_c5_c_a02_0_100),(not_occupied seg_c5_c_b02_0_100),(not_occupied seg_c6_c7_0_100),(not_occupied seg_b01_0_100),(not_occupied seg_n2_n3_2_0_86),(not_occupied seg_n2_n3_3_0_86),(not_occupied seg_n2_n3_4_0_85),(not_occupied seg_n2_n3_5_0_86),(not_occupied seg_n2_n3_6_0_86),(not_occupied seg_n4_n5_2_0_86),(not_occupied seg_n4_n5_3_0_86),(not_occupied seg_n4_n5_4_0_85),(not_occupied seg_n4_n5_5_0_86),(not_occupied seg_n4_n5_6_0_86),(occupied seg_rwy_0_1300),(occupied seg_a02_0_100),(occupied seg_b02_0_100),(occupied seg_a01_0_100)}
[]
Initial heuristic = 158
Initial stats: t=0.2s, 16580kb
b (157 @ n=2, t=0.2s, 16740kb)b (156 @ n=12, t=0.2s, 16836kb)Warning: self overlapping Action 392:1 at 1
b (155 @ n=70, t=0.23s, 17032kb)xxxx.{EPS=427.35,ETD=21.6939}xdxb (154 @ n=314, t=0.33s, 18036kb)xxxx.{EPS=450.45,ETD=42.1111}b (153 @ n=504, t=0.42s, 19012kb)b (152 @ n=514, t=0.42s, 19012kb)b (151 @ n=524, t=0.43s, 19160kb)b (150 @ n=534, t=0.43s, 19160kb)b (149 @ n=544, t=0.44s, 19304kb)b (148 @ n=554, t=0.44s, 19304kb)b (147 @ n=564, t=0.45s, 19472kb)b (146 @ n=574, t=0.45s, 19472kb)b (145 @ n=584, t=0.46s, 19656kb)b (144 @ n=594, t=0.46s, 19656kb)b (143 @ n=604, t=0.46s, 19860kb)b (142 @ n=614, t=0.47s, 19860kb)b (141 @ n=624, t=0.47s, 20092kb)b (140 @ n=634, t=0.48s, 20092kb)b (139 @ n=644, t=0.48s, 20336kb)b (138 @ n=654, t=0.49s, 20468kb)b (137 @ n=664, t=0.49s, 20600kb)b (136 @ n=674, t=0.5s, 20732kb)b (135 @ n=684, t=0.5s, 20872kb)b (134 @ n=694, t=0.51s, 21020kb)b (133 @ n=705, t=0.52s, 21176kb)b (132 @ n=715, t=0.53s, 21460kb)b (131 @ n=725, t=0.53s, 21656kb)b (130 @ n=735, t=0.54s, 21656kb)b (129 @ n=745, t=0.54s, 21848kb)b (128 @ n=755, t=0.55s, 22168kb)b (127 @ n=764, t=0.55s, 22168kb)b (126 @ n=771, t=0.56s, 22168kb)b (125 @ n=776, t=0.56s, 22344kb)xdxx.{EPS=374.065,ETD=28.9732}xxdxxxxdxx.{EPS=391.389,ETD=26.1759}xxb (124 @ n=1081, t=0.76s, 28300kb)b (123 @ n=1085, t=0.76s, 28300kb)b (122 @ n=1091, t=0.76s, 28524kb)b (121 @ n=1097, t=0.77s, 28692kb)b (120 @ n=1103, t=0.77s, 28692kb)b (119 @ n=1113, t=0.78s, 29040kb)b (118 @ n=1117, t=0.78s, 29040kb)dxxb (117 @ n=1182, t=0.82s, 30560kb).{EPS=387.597,ETD=23.3534}b (114 @ n=1217, t=0.85s, 31408kb)b (113 @ n=1220, t=0.85s, 31408kb)b (112 @ n=1223, t=0.85s, 31408kb)b (111 @ n=1224, t=0.85s, 31564kb)b (110 @ n=1227, t=0.85s, 31564kb)b (109 @ n=1232, t=0.86s, 31724kb)b (108 @ n=1235, t=0.86s, 31724kb)dxx.{EPS=422.535,ETD=20.5318}xxx.{EPS=442.478,ETD=19.1261}xx.{EPS=468.933,ETD=17.1228}xxxd.{EPS=489.13,ETD=16.8619}xx.{EPS=515.464,ETD=15.4729}xx.{EPS=552.486,ETD=13.706}xx.{EPS=586.166,ETD=7.996}xx.{EPS=691.563,ETD=8.314}xx.{EPS=733.138,ETD=11.928}xxx.{EPS=825.083,ETD=13.23}xxdx.{EPS=830.565,ETD=14.224}xx.{EPS=854.701,ETD=14.786}xx.{EPS=871.08,ETD=14.904}xx.{EPS=896.057,ETD=13.906}xx.{EPS=892.857,ETD=14.232}xx.{EPS=892.857,ETD=14.58}xx.{EPS=894.454,ETD=14.93}xx.{EPS=886.525,ETD=14.732}xx.{EPS=920.81,ETD=9.634}xx.{EPS=931.099,ETD=7.64}xx.{EPS=946.97,ETD=6.63}xx.{EPS=965.251,ETD=5.74}xx.{EPS=961.538,ETD=6.644}xx.{EPS=956.023,ETD=6.548}xx.{EPS=954.198,ETD=6.448}xx.{EPS=954.198,ETD=6.348}xx.{EPS=954.198,ETD=6.212}xx.{EPS=950.57,ETD=7.74}xx.{EPS=943.396,ETD=7.778}xx.{EPS=941.62,ETD=7.666}xx.{EPS=938.086,ETD=7.566}xx.{EPS=941.62,ETD=7.384}xx.{EPS=938.086,ETD=6.78}xx.{EPS=936.33,ETD=8.926}xx.{EPS=929.368,ETD=8.784}xx.{EPS=929.368,ETD=8.65}xx.{EPS=924.214,ETD=8.572}xx.{EPS=924.214,ETD=7.352}xx.{EPS=910.747,ETD=10.794}xdx.{EPS=877.193,ETD=10.714}xd.{EPS=819.672,ETD=26.284}xxx.{EPS=569.476,ETD=49.246}xxdx.{EPS=546.448,ETD=65.418}xxx.{EPS=544.07,ETD=63.21}xx.{EPS=541.126,ETD=63.178}xxx.{EPS=535.906,ETD=63.208}xxx.{EPS=531.915,ETD=63.246}xx.{EPS=529.661,ETD=62.844}xxx.{EPS=528.541,ETD=59.806}xxx.{EPS=519.211,ETD=63.798}dxxdx.{EPS=504.032,ETD=55.922}xx.{EPS=652.742,ETD=40.604}xx.{EPS=674.764,ETD=24.084}xx.{EPS=670.241,ETD=24.328}xx.{EPS=672.043,ETD=24.294}xx.{EPS=672.948,ETD=24.376}xx.{EPS=672.948,ETD=24.474}xx.{EPS=667.557,ETD=25.09}xx.{EPS=669.344,ETD=24.796}xx.{EPS=700.28,ETD=20.776}xx.{EPS=768.049,ETD=13.07}xx.{EPS=807.754,ETD=5.496}xx.{EPS=816.993,ETD=5.856}xx.{EPS=816.993,ETD=6.712}xx.{EPS=818.331,ETD=6.788}xx.{EPS=816.993,ETD=6.694}xx.{EPS=821.018,ETD=6.562}xx.{EPS=825.083,ETD=6.336}xx.{EPS=819.672,ETD=7.932}xx.{EPS=818.331,ETD=7.97}xx.{EPS=814.332,ETD=7.858}xx.{EPS=815.661,ETD=7.758}xx.{EPS=815.661,ETD=7.576}xx.{EPS=815.661,ETD=6.886}xx.{EPS=809.061,ETD=9.054}xx.{EPS=806.452,ETD=8.98}xx.{EPS=800,ETD=8.838}xx.{EPS=800,ETD=8.748}xx.{EPS=801.282,ETD=7.448}xx.{EPS=789.889,ETD=10.272}xx.{EPS=793.651,ETD=10.186}xx.{EPS=792.393,ETD=10.012}xx.{EPS=787.402,ETD=9.97}xx.{EPS=787.402,ETD=9.87}xx.{EPS=786.164,ETD=8.052}xx.{EPS=772.798,ETD=11.266}xx.{EPS=772.798,ETD=11.186}xx.{EPS=775.194,ETD=10.902}xx.{EPS=770.416,ETD=10.64}xx.{EPS=773.994,ETD=8.122}xx.{EPS=771.605,ETD=8.61}xx.{EPS=770.416,ETD=9.222}xx.{EPS=764.526,ETD=9.02}xx.{EPS=758.725,ETD=8.724}xx.{EPS=754.148,ETD=8.512}xx.{EPS=763.359,ETD=5.436}xx.{EPS=761.035,ETD=5.748}xx.{EPS=748.503,ETD=6.908}xx.{EPS=749.625,ETD=6.842}xx.{EPS=746.269,ETD=6.73}xx.{EPS=748.503,ETD=6.562}xx.{EPS=744.048,ETD=5.892}xx.{EPS=745.156,ETD=6.306}xx.{EPS=741.84,ETD=7.948}xx.{EPS=744.048,ETD=7.812}xx.{EPS=741.84,ETD=7.746}xx.{EPS=738.552,ETD=7.646}xx.{EPS=741.84,ETD=6.892}xx.{EPS=737.463,ETD=9.064}xx.{EPS=738.552,ETD=8.98}xx.{EPS=729.927,ETD=8.638}xx.{EPS=727.802,ETD=8.858}xx.{EPS=725.689,ETD=8.754}xx.{EPS=730.994,ETD=7.524}xx.{EPS=722.543,ETD=10.218}xx.{EPS=720.461,ETD=10.082}xx.{EPS=719.424,ETD=9.982}xx.{EPS=721.501,ETD=9.848}xx.{EPS=720.461,ETD=8.004}xx.{EPS=706.215,ETD=14.7}xx.{EPS=708.215,ETD=14.722}xx.{EPS=704.225,ETD=14.554}xx.{EPS=703.235,ETD=14.46}xx.{EPS=700.28,ETD=14.388}xx.{EPS=709.22,ETD=11.62}xx.{EPS=708.215,ETD=11.978}xx.{EPS=701.262,ETD=12.352}xx.{EPS=696.379,ETD=12.19}xx.{EPS=692.521,ETD=11.946}xx.{EPS=699.301,ETD=5.424}xx.{EPS=692.521,ETD=5.846}xx.{EPS=687.758,ETD=6.988}xx.{EPS=691.563,ETD=6.776}xx.{EPS=689.655,ETD=6.458}xx.{EPS=683.995,ETD=6.656}xx.{EPS=680.272,ETD=6.546}xx.{EPS=683.06,ETD=6.384}xx.{EPS=678.426,ETD=7.932}xx.{EPS=678.426,ETD=7.848}xx.{EPS=677.507,ETD=7.758}xx.{EPS=675.676,ETD=7.646}xx.{EPS=679.348,ETD=6.896}xx.{EPS=676.59,ETD=6.874}xx.{EPS=669.344,ETD=9.058}xx.{EPS=665.779,ETD=8.97}xx.{EPS=664.894,ETD=8.87}xx.{EPS=665.779,ETD=8.712}xx.{EPS=665.779,ETD=7.448}xx.{EPS=659.631,ETD=10.194}xx.{EPS=658.762,ETD=10.082}xx.{EPS=657.895,ETD=9.982}xx.{EPS=661.376,ETD=9.538}xx.{EPS=655.308,ETD=9.864}xx.{EPS=657.03,ETD=8.06}xx.{EPS=645.161,ETD=18.15}xx.{EPS=645.161,ETD=18.006}xx.{EPS=639.386,ETD=17.966}xx.{EPS=642.674,ETD=17.572}xx.{EPS=646.831,ETD=15.022}xx.{EPS=645.995,ETD=15.38}xx.{EPS=641.026,ETD=15.786}xx.{EPS=636.132,ETD=15.934}xx.{EPS=632.111,ETD=15.608}xx.{EPS=628.931,ETD=15.39}xx.{EPS=636.132,ETD=5.496}xx.{EPS=636.132,ETD=5.856}xx.{EPS=630.517,ETD=6.732}xx.{EPS=625,ETD=6.778}xx.{EPS=622.665,ETD=6.698}xx.{EPS=621.118,ETD=6.53}xx.{EPS=621.118,ETD=6.336}xx.{EPS=611.995,ETD=7.928}xx.{EPS=615.764,ETD=7.95}xx.{EPS=476.644,ETD=7.854}xx.{EPS=479.846,ETD=7.762}xx.{EPS=478.469,ETD=7.576}xx.{EPS=481.696,ETD=6.886}xx.{EPS=480.307,ETD=9.064}xx.{EPS=480.307,ETD=8.948}xx.{EPS=479.846,ETD=8.87}xx.{EPS=481.232,ETD=8.748}xx.{EPS=485.437,ETD=7.452}xx.{EPS=480.307,ETD=10.292}xx.{EPS=625.782,ETD=10.19}xx.{EPS=619.579,ETD=10.012}xx.{EPS=615.764,ETD=9.97}xx.{EPS=612.745,ETD=9.866}xx.{EPS=614.251,ETD=8.052}xx.{EPS=600.24,ETD=21.6}xx.{EPS=596.659,ETD=21.484}xx.{EPS=595.948,ETD=21.184}xx.{EPS=591.716,ETD=20.942}xx.{EPS=592.417,ETD=18.424}xx.{EPS=588.235,ETD=18.908}xx.{EPS=588.928,ETD=18.872}xx.{EPS=584.112,ETD=19.226}xx.{EPS=580.72,ETD=19.03}xx.{EPS=570.125,ETD=18.814}xx.{EPS=564.972,ETD=5.436}xx.{EPS=551.876,ETD=5.752}xx.{EPS=542.888,ETD=6.924}xx.{EPS=542.888,ETD=6.842}xx.{EPS=542.888,ETD=6.73}xx.{EPS=545.852,ETD=6.224}xx.{EPS=541.712,ETD=6.528}xx.{EPS=543.478,ETD=6.392}xx.{EPS=541.126,ETD=7.948}xx.{EPS=547.046,ETD=7.812}xx.{EPS=558.036,ETD=7.746}xx.{EPS=568.828,ETD=7.646}xx.{EPS=572.082,ETD=6.896}xx.{EPS=566.893,ETD=9.06}xx.{EPS=568.828,ETD=8.85}xx.{EPS=561.167,ETD=8.964}xx.{EPS=549.451,ETD=8.864}xx.{EPS=536.481,ETD=8.764}xx.{EPS=539.957,ETD=7.444}xx.{EPS=532.481,ETD=10.214}xx.{EPS=532.481,ETD=10.082}xx.{EPS=531.915,ETD=9.982}xx.{EPS=533.618,ETD=9.848}xx.{EPS=534.759,ETD=8.008}xx.{EPS=523.013,ETD=25.132}xx.{EPS=522.466,ETD=25.036}xx.{EPS=530.786,ETD=24.866}xx.{EPS=540.541,ETD=24.742}xx.{EPS=539.374,ETD=24.77}xx.{EPS=454.545,ETD=21.922}xx.{EPS=455.373,ETD=22.28}xx.{EPS=453.309,ETD=22.654}xx.{EPS=452.08,ETD=22.46}xx.{EPS=452.08,ETD=22.248}xx.{EPS=457.875,ETD=5.424}xx.{EPS=458.716,ETD=5.85}xx.{EPS=454.545,ETD=6.988}xx.{EPS=456.204,ETD=6.796}xx.{EPS=454.545,ETD=6.458}xx.{EPS=543.478,ETD=6.66}xx.{EPS=536.481,ETD=6.542}xx.{EPS=538.793,ETD=6.384}xx.{EPS=531.35,ETD=7.96}xx.{EPS=529.661,ETD=7.848}xx.{EPS=526.87,ETD=7.758}xx.{EPS=522.466,ETD=7.642}xx.{EPS=527.983,ETD=6.896}xx.{EPS=526.316,ETD=6.874}xx.{EPS=520.833,ETD=9.058}xx.{EPS=515.464,ETD=8.966}xx.{EPS=518.672,ETD=8.874}xx.{EPS=514.933,ETD=8.712}xx.{EPS=517.063,ETD=7.452}xx.{EPS=510.725,ETD=10.194}xx.{EPS=509.165,ETD=10.078}xx.{EPS=510.725,ETD=9.986}xx.{EPS=510.725,ETD=9.538}xx.{EPS=506.586,ETD=9.864}xx.{EPS=508.13,ETD=8.06}xdx.{EPS=484.027,ETD=32.46}xx.{EPS=458.295,ETD=32.312}xdx.{EPS=437.445,ETD=32.272}xxd.{EPS=420.168,ETD=31.878}xx.{EPS=403.877,ETD=29.328}xdx.{EPS=388.5,ETD=29.69}xxd.{EPS=362.319,ETD=51.918}xdxd.{EPS=323.206,ETD=74.414}dx.{EPS=299.043,ETD=141.404}x.{EPS=285.551,ETD=140.938}dxx.{EPS=286.041,ETD=346.412}xxx.{EPS=291.715,ETD=391.79}xxx.{EPS=301.023,ETD=391.586}xxx.{EPS=309.789,ETD=391.652}xxx.{EPS=320.102,ETD=391.564}xxx.{EPS=330.469,ETD=391.414}xxxd.{EPS=336.927,ETD=392.026}xxdx.{EPS=340.832,ETD=485.418}xxx.{EPS=372.301,ETD=418.13}xx.{EPS=393.082,ETD=418.21}xxx.{EPS=405.844,ETD=188.426}xx.{EPS=408.831,ETD=143.336}xxx.{EPS=406.174,ETD=143.332}xxx.{EPS=402.901,ETD=143.67}xx.{EPS=397.772,ETD=144.052}xxx.{EPS=394.945,ETD=143.844}xxx.{EPS=411.862,ETD=121.046}xx.{EPS=459.559,ETD=5.176}xxx.{EPS=455.789,ETD=5.46}xxx.{EPS=454.959,ETD=5.882}xx.{EPS=450.857,ETD=6.954}xxx.{EPS=454.133,ETD=6.6}xx.{EPS=454.133,ETD=6.624}xxx.{EPS=454.133,ETD=6.396}xxx.{EPS=457.457,ETD=6.166}xx.{EPS=459.559,ETD=6.068}xxx.{EPS=458.295,ETD=6.252}xxx.{EPS=457.457,ETD=8.144}xx.{EPS=455.789,ETD=7.948}xxx.{EPS=459.137,ETD=7.496}xx.{EPS=462.963,ETD=6.388}xxx.{EPS=456.621,ETD=6.774}xxx.{EPS=451.671,ETD=7.186}xx.{EPS=446.429,ETD=9.566}xxx.{EPS=448.029,ETD=9.208}xxx.{EPS=445.633,ETD=9.242}xx.{EPS=443.262,ETD=8.994}xxx.{EPS=444.84,ETD=7.47}xxx.{EPS=446.429,ETD=7.372}xx.{EPS=441.696,ETD=7.796}xxx.{EPS=436.681,ETD=10.828}xx.{EPS=437.063,ETD=10.536}xxx.{EPS=439.367,ETD=10.1}xxx.{EPS=442.478,ETD=7.688}xx.{EPS=438.982,ETD=8.018}xxx.{EPS=435.54,ETD=8.468}xxx.{EPS=371.471,ETD=35.386}xdxx.{EPS=351.124,ETD=35.018}xdxx.{EPS=328.731,ETD=35.052}xdxx.{EPS=308.452,ETD=34.82}xdxx.{EPS=291.886,ETD=31.986}xdxx.{EPS=276.396,ETD=31.898}xdxx.{EPS=260.96,ETD=32.302}xdxx.{EPS=240.616,ETD=59.188}dxdxdx.{EPS=217.77,ETD=85.944}dxx.{EPS=205.086,ETD=166.688}xx.{EPS=221.729,ETD=139.64}xx.{EPS=227.998,ETD=139.868}xx.{EPS=236.967,ETD=139.838}xx.{EPS=246.67,ETD=139.936}xx.{EPS=257.599,ETD=140.04}xx.{EPS=267.094,ETD=140.65}xx.{EPS=281.057,ETD=140.226}xx.{EPS=306.748,ETD=113.214}xx.{EPS=350.877,ETD=86.324}xx.{EPS=386.399,ETD=5.47}xx.{EPS=387.898,ETD=5.404}xx.{EPS=386.399,ETD=5.604}xx.{EPS=379.363,ETD=6.84}xx.{EPS=379.939,ETD=6.644}xx.{EPS=379.651,ETD=6.438}xx.{EPS=383.142,ETD=5.818}xx.{EPS=380.518,ETD=6.112}xx.{EPS=379.363,ETD=6.534}xx.{EPS=375.94,ETD=8.262}xx.{EPS=377.644,ETD=7.894}xx.{EPS=375.375,ETD=7.928}xx.{EPS=314.663,ETD=7.696}xx.{EPS=316.857,ETD=6.818}xx.{EPS=317.259,ETD=6.74}xx.{EPS=315.856,ETD=6.904}xx.{EPS=312.695,ETD=9.448}xx.{EPS=312.891,ETD=9.252}xx.{EPS=313.873,ETD=8.796}xx.{EPS=314.268,ETD=7.132}xx.{EPS=310.559,ETD=7.416}xx.{EPS=309.215,ETD=7.838}xx.{EPS=361.795,ETD=10.87}xx.{EPS=364.431,ETD=10.512}xx.{EPS=361.533,ETD=10.526}xx.{EPS=361.533,ETD=10.308}xx.{EPS=362.845,ETD=8.122}xx.{EPS=362.582,ETD=8.028}xx.{EPS=358.68,ETD=8.448}xx.{EPS=352.609,ETD=12.038}xx.{EPS=351.617,ETD=11.842}xx.{EPS=353.107,ETD=11.406}xx.{EPS=356.379,ETD=8.342}xx.{EPS=353.607,ETD=8.668}xx.{EPS=352.858,ETD=9.122}xx.{EPS=350.631,ETD=9.568}xx.{EPS=347.947,ETD=9.21}xx.{EPS=346.021,ETD=9.234}xx.{EPS=343.879,ETD=9.014}xx.{EPS=348.675,ETD=5.488}xx.{EPS=349.162,ETD=5.764}xx.{EPS=343.407,ETD=6.908}xx.{EPS=343.879,ETD=6.852}xx.{EPS=341.297,ETD=6.726}xx.{EPS=340.136,ETD=6.562}xx.{EPS=341.53,ETD=5.892}xx.{EPS=341.53,ETD=6.306}xx.{EPS=336.7,ETD=7.958}xx.{EPS=336.7,ETD=7.868}xx.{EPS=335.57,ETD=7.706}xx.{EPS=333.333,ETD=7.64}xx.{EPS=334.001,ETD=6.892}xx.{EPS=331.345,ETD=9.054}xx.{EPS=330.251,ETD=8.98}xx.{EPS=330.688,ETD=8.638}xx.{EPS=327.654,ETD=8.858}xx.{EPS=327.225,ETD=8.758}xx.{EPS=329.164,ETD=7.504}xx.{EPS=326.371,ETD=10.162}xx.{EPS=325.309,ETD=10.076}xx.{EPS=324.254,ETD=9.972}xx.{EPS=325.521,ETD=9.88}xx.{EPS=324.254,ETD=8.004}xx.{EPS=319.285,ETD=15.18}xx.{EPS=319.081,ETD=15.202}xx.{EPS=317.864,ETD=15.054}xx.{EPS=315.457,ETD=14.936}xx.{EPS=313.873,ETD=14.868}xx.{EPS=317.662,ETD=12.1}xx.{EPS=316.456,ETD=12.544}xx.{EPS=312.695,ETD=12.896}xx.{EPS=309.981,ETD=12.638}xx.{EPS=310.945,ETD=12.43}xx.{EPS=314.07,ETD=5.444}xx.{EPS=310.559,ETD=5.846}xx.{EPS=307.314,ETD=6.972}xx.{EPS=309.406,ETD=6.786}xx.{EPS=309.598,ETD=6.458}xx.{EPS=307.125,ETD=6.656}xx.{EPS=305.623,ETD=6.45}xx.{EPS=307.692,ETD=6.32}xx.{EPS=307.314,ETD=7.932}xx.{EPS=304.507,ETD=7.864}xx.{EPS=303.951,ETD=7.738}xx.{EPS=303.214,ETD=7.646}xx.{EPS=305.25,ETD=6.892}xx.{EPS=305.064,ETD=9.184}xx.{EPS=301.568,ETD=9.154}xx.{EPS=299.401,ETD=8.97}xx.{EPS=286.697,ETD=8.87}xx.{EPS=280.112,ETD=8.712}xx.{EPS=277.932,ETD=7.448}xx.{EPS=276.549,ETD=10.178}xx.{EPS=275.938,ETD=10.082}xx.{EPS=275.482,ETD=9.982}xx.{EPS=277.316,ETD=9.88}xx.{EPS=274.424,ETD=7.56}xx.{EPS=273.673,ETD=7.974}xx.{EPS=261.097,ETD=18.634}xx.{EPS=270.27,ETD=18.486}xx.{EPS=275.634,ETD=18.466}xx.{EPS=278.087,ETD=18.052}xx.{EPS=279.174,ETD=15.502}xx.{EPS=278.707,ETD=15.86}xx.{EPS=275.786,ETD=16.266}xx.{EPS=272.628,ETD=16.072}xx.{EPS=254.194,ETD=16.072}xx.{EPS=255.102,ETD=15.86}xx.{EPS=265.252,ETD=5.496}xx.{EPS=265.111,ETD=5.856}xx.{EPS=262.192,ETD=6.712}xx.{EPS=261.37,ETD=6.788}xx.{EPS=261.097,ETD=6.694}xx.{EPS=261.37,ETD=6.562}xx.{EPS=263.019,ETD=6.336}xx.{EPS=260.688,ETD=7.932}xx.{EPS=280.584,ETD=7.97}xx.{EPS=279.486,ETD=7.858}xx.{EPS=280.269,ETD=7.758}xx.{EPS=276.702,ETD=7.576}xx.{EPS=276.702,ETD=6.886}xx.{EPS=272.926,ETD=9.054}xx.{EPS=272.331,ETD=8.98}xx.{EPS=269.542,ETD=8.838}xx.{EPS=269.397,ETD=8.748}xx.{EPS=270.563,ETD=7.448}xx.{EPS=267.237,ETD=10.272}xx.{EPS=269.397,ETD=10.186}xx.{EPS=268.097,ETD=10.012}xx.{EPS=270.709,ETD=9.97}xx.{EPS=270.124,ETD=9.87}xx.{EPS=271.003,ETD=8.052}xx.{EPS=266.241,ETD=22.048}xx.{EPS=267.523,ETD=21.968}xx.{EPS=266.809,ETD=21.684}xx.{EPS=266.383,ETD=21.422}xx.{EPS=266.383,ETD=18.904}xx.{EPS=264.55,ETD=19.392}xx.{EPS=265.252,ETD=20.004}xx.{EPS=263.713,ETD=19.802}xx.{EPS=263.852,ETD=19.506}xx.{EPS=261.37,ETD=19.294}xx.{EPS=264.69,ETD=5.436}xx.{EPS=262.743,ETD=5.748}xx.{EPS=260.417,ETD=6.908}xx.{EPS=260.824,ETD=6.842}xx.{EPS=260.146,ETD=6.73}xx.{EPS=260.146,ETD=6.562}xx.{EPS=259.067,ETD=5.892}xx.{EPS=257.467,ETD=6.306}xx.{EPS=256.805,ETD=7.948}xx.{EPS=259.202,ETD=7.812}xx.{EPS=258.264,ETD=7.746}xx.{EPS=256.937,ETD=7.646}xx.{EPS=257.865,ETD=6.892}xx.{EPS=255.232,ETD=9.064}xx.{EPS=256.674,ETD=8.98}xx.{EPS=255.363,ETD=8.638}xx.{EPS=254.712,ETD=8.858}xx.{EPS=254.972,ETD=8.754}xx.{EPS=230.84,ETD=7.524}xx.{EPS=221.141,ETD=10.218}xx.{EPS=216.45,ETD=10.082}xx.{EPS=215.796,ETD=9.982}xx.{EPS=214.961,ETD=9.848}xx.{EPS=214.225,ETD=8.004}xx.{EPS=209.293,ETD=25.482}xx.{EPS=194.628,ETD=25.504}xx.{EPS=186.498,ETD=25.336}xx.{EPS=186.012,ETD=25.242}xx.{EPS=199.84,ETD=25.17}xx.{EPS=207.814,ETD=22.402}xx.{EPS=211.06,ETD=22.76}xx.{EPS=210.349,ETD=23.134}xx.{EPS=209.03,ETD=22.972}xx.{EPS=208.247,ETD=22.728}xx.{EPS=211.238,ETD=5.424}xx.{EPS=226.552,ETD=5.846}xx.{EPS=235.516,ETD=6.988}xx.{EPS=236.742,ETD=6.776}xx.{EPS=239.12,ETD=6.458}xx.{EPS=221.043,ETD=6.656}xx.{EPS=222.816,ETD=6.546}xx.{EPS=223.115,ETD=6.384}xx.{EPS=221.729,ETD=7.932}xx.{EPS=222.618,ETD=7.848}xx.{EPS=220.459,ETD=7.758}xx.{EPS=220.653,ETD=7.646}xx.{EPS=221.239,ETD=6.896}xx.{EPS=222.025,ETD=6.874}xx.{EPS=217.486,ETD=9.058}xx.{EPS=231.374,ETD=8.97}xx.{EPS=227.066,ETD=8.87}xx.{EPS=228.624,ETD=8.712}xx.{EPS=230.627,ETD=7.448}xx.{EPS=225.428,ETD=10.194}xx.{EPS=226.655,ETD=10.082}xx.{EPS=223.614,ETD=9.982}xx.{EPS=226.142,ETD=9.538}xx.{EPS=223.514,ETD=9.864}xx.{EPS=226.655,ETD=8.06}xx.{EPS=219.877,ETD=28.932}xx.{EPS=219.78,ETD=28.788}xx.{EPS=216.544,ETD=28.748}xx.{EPS=217.014,ETD=28.354}xx.{EPS=220.653,ETD=25.804}xx.{EPS=218.436,ETD=26.162}xx.{EPS=217.108,ETD=26.568}xx.{EPS=213.129,ETD=26.716}xx.{EPS=212.314,ETD=26.39}xx.{EPS=210.261,ETD=26.172}xx.{EPS=210.438,ETD=5.496}xx.{EPS=207.727,ETD=5.856}xx.{EPS=206.186,ETD=6.732}xx.{EPS=204.499,ETD=6.778}xx.{EPS=203.583,ETD=6.698}xx.{EPS=205.086,ETD=6.53}xx.{EPS=204.918,ETD=6.336}xx.{EPS=203.417,ETD=7.928}xx.{EPS=204.499,ETD=7.95}xx.{EPS=204.583,ETD=7.854}xx.{EPS=207.9,ETD=7.762}xx.{EPS=207.641,ETD=7.576}xx.{EPS=208.594,ETD=6.886}xx.{EPS=207.211,ETD=9.064}xx.{EPS=193.949,ETD=8.948}xx.{EPS=196.773,ETD=8.87}xx.{EPS=202.265,ETD=8.748}xx.{EPS=205.508,ETD=7.452}xx.{EPS=200.723,ETD=10.292}xx.{EPS=190.331,ETD=10.19}xx.{EPS=187.266,ETD=10.012}xx.{EPS=188.324,ETD=9.97}xx.{EPS=187.899,ETD=9.866}xx.{EPS=187.617,ETD=8.052}xx.{EPS=186.428,ETD=32.384}xx.{EPS=179.727,ETD=32.268}xx.{EPS=176.991,ETD=31.968}xx.{EPS=174.398,ETD=31.706}xx.{EPS=175.009,ETD=29.208}xx.{EPS=180.571,ETD=29.692}xx.{EPS=184.57,ETD=29.656}xx.{EPS=183.554,ETD=30.01}xx.{EPS=182.017,ETD=29.766}xx.{EPS=171.468,ETD=29.596}xx.{EPS=185.254,ETD=5.524}xx.{EPS=192.234,ETD=5.426}xx.{EPS=194.704,ETD=5.85}xx.{EPS=190.694,ETD=6.926}xx.{EPS=188.964,ETD=6.678}xx.{EPS=192.012,ETD=6.2}xx.{EPS=190.404,ETD=6.36}xx.{EPS=189.394,ETD=6.134}xx.{EPS=189.97,ETD=6.556}xx.{EPS=200.884,ETD=6.316}xx.{EPS=194.704,ETD=7.818}xx.{EPS=185.943,ETD=7.884}xx.{EPS=180.963,ETD=7.688}xx.{EPS=182.482,ETD=6.838}xx.{EPS=182.749,ETD=6.74}xx.{EPS=181.488,ETD=7.154}xx.{EPS=177.999,ETD=9.534}xx.{EPS=177.557,ETD=9.302}xx.{EPS=178.571,ETD=8.818}xx.{EPS=179.404,ETD=8.972}xx.{EPS=178.699,ETD=7.438}xx.{EPS=180.31,ETD=7.86}xx.{EPS=179.469,ETD=7.632}xx.{EPS=179.34,ETD=10.406}xx.{EPS=178.955,ETD=10.492}xx.{EPS=176.678,ETD=10.296}xx.{EPS=178.699,ETD=7.756}xx.{EPS=178.253,ETD=7.952}xx.{EPS=175.254,ETD=8.468}xx.{EPS=169.664,ETD=12.112}xx.{EPS=168.805,ETD=11.916}xx.{EPS=169.549,ETD=11.428}xx.{EPS=169.664,ETD=11.588}xx.{EPS=170.068,ETD=8.754}xx.{EPS=168.237,ETD=9.156}xx.{EPS=167.001,ETD=8.938}xx.{EPS=169.549,ETD=9.49}xx.{EPS=170.416,ETD=9.262}xx.{EPS=168.976,ETD=8.95}xx.{EPS=172.771,ETD=5.452}xx.{EPS=175.07,ETD=5.72}xx.{EPS=169.952,ETD=6.906}xx.{EPS=168.35,ETD=6.742}xx.{EPS=167.504,ETD=6.512}xx.{EPS=169.319,ETD=6.228}xx.{EPS=168.805,ETD=6.542}xx.{EPS=164.042,ETD=6.336}xx.{EPS=161.812,ETD=8.006}xx.{EPS=162.39,ETD=7.864}xx.{EPS=161.917,ETD=7.73}xx.{EPS=158.881,ETD=7.652}xx.{EPS=162.022,ETD=6.876}xx.{EPS=161.031,ETD=9.164}xx.{EPS=157.183,ETD=9.074}xx.{EPS=157.729,ETD=8.98}xx.{EPS=160.102,ETD=8.794}xx.{EPS=159.847,ETD=8.752}xx.{EPS=158.983,ETD=7.432}xx.{EPS=158.028,ETD=10.176}xx.{EPS=157.878,ETD=10.088}xx.{EPS=158.378,ETD=9.966}xx.{EPS=156.887,ETD=9.876}xx.{EPS=158.028,ETD=8.004}xx.{EPS=161.447,ETD=15.324}xx.{EPS=157.431,ETD=15.214}xx.{EPS=153.988,ETD=15.11}xx.{EPS=153.941,ETD=14.998}xx.{EPS=154.273,ETD=14.94}xx.{EPS=155.86,ETD=12.134}xx.{EPS=154.56,ETD=12.47}xx.{EPS=153.894,ETD=12.86}xx.{EPS=153.046,ETD=12.638}xx.{EPS=151.057,ETD=12.43}xx.{EPS=150.06,ETD=5.42}xx.{EPS=150.921,ETD=5.402}xx.{EPS=151.423,ETD=5.782}xx.{EPS=148.898,ETD=6.71}xx.{EPS=149.566,ETD=6.466}xx.{EPS=147.536,ETD=6.624}xx.{EPS=146.113,ETD=6.498}xx.{EPS=145.985,ETD=6.33}xx.{EPS=145.773,ETD=7.974}xx.{EPS=144.844,ETD=7.864}xx.{EPS=143.926,ETD=7.526}xx.{EPS=142.735,ETD=7.746}xx.{EPS=137.212,ETD=7.646}xx.{EPS=137.174,ETD=6.948}xx.{EPS=135.87,ETD=9.06}xx.{EPS=133.797,ETD=8.964}xx.{EPS=131.752,ETD=8.864}xx.{EPS=131.303,ETD=8.764}xx.{EPS=131.406,ETD=7.42}xx.{EPS=130.174,ETD=10.156}xx.{EPS=131.062,ETD=10.194}xx.{EPS=131.268,ETD=10.082}xx.{EPS=135.465,ETD=9.982}xx.{EPS=137.287,ETD=9.8}xx.{EPS=137.552,ETD=7.988}xx.{EPS=135.538,ETD=18.628}xx.{EPS=141.884,ETD=18.55}xx.{EPS=142.248,ETD=18.458}xx.{EPS=142.735,ETD=18.06}xx.{EPS=144.509,ETD=15.524}xx.{EPS=143.225,ETD=15.96}xx.{EPS=143.062,ETD=16.49}xx.{EPS=143.968,ETD=16.286}xx.{EPS=141.683,ETD=16.152}xx.{EPS=141.643,ETD=15.876}xx.{EPS=145.18,ETD=5.478}xx.{EPS=140.371,ETD=5.764}xx.{EPS=139.121,ETD=6.678}xx.{EPS=137.589,ETD=6.776}xx.{EPS=137.287,ETD=6.676}xx.{EPS=137.174,ETD=6.54}xx.{EPS=137.212,ETD=6.336}xx.{EPS=135.833,ETD=8.072}xx.{EPS=136.203,ETD=7.962}xx.{EPS=136.166,ETD=7.852}xx.{EPS=135.98,ETD=7.748}xx.{EPS=135.685,ETD=7.656}xx.{EPS=135.833,ETD=6.888}xx.{EPS=134.735,ETD=9.066}xx.{EPS=133.654,ETD=8.976}xx.{EPS=133.476,ETD=8.86}xx.{EPS=132.767,ETD=8.768}xx.{EPS=133.156,ETD=7.004}xx.{EPS=128.899,ETD=7.418}xx.{EPS=127.065,ETD=10.182}xx.{EPS=126.614,ETD=10.092}xx.{EPS=127.681,ETD=9.93}xx.{EPS=126.839,ETD=9.864}xx.{EPS=127.226,ETD=8.004}xx.{EPS=126.263,ETD=22.062}xx.{EPS=125.66,ETD=21.988}xx.{EPS=125.219,ETD=21.664}xx.{EPS=125.063,ETD=21.846}xx.{EPS=128.966,ETD=21.758}xx.{EPS=129.032,ETD=19.458}xx.{EPS=129.032,ETD=19.354}xx.{EPS=125.849,ETD=19.748}xx.{EPS=127.584,ETD=19.506}xx.{EPS=128.008,ETD=19.298}xx.{EPS=129.601,ETD=5.452}xx.{EPS=129.634,ETD=5.72}xx.{EPS=128.535,ETD=6.886}xx.{EPS=129.066,ETD=6.742}xx.{EPS=128.074,ETD=6.506}xx.{EPS=128.403,ETD=6.228}xx.{EPS=129.4,ETD=6.462}xx.{EPS=130.685,ETD=6.32}xx.{EPS=127.421,ETD=8.006}xx.{EPS=127.065,ETD=7.864}xx.{EPS=126.646,ETD=7.73}xx.{EPS=123.365,ETD=7.652}xx.{EPS=121.3,ETD=6.892}xx.{EPS=118.315,ETD=9.164}xx.{EPS=119.56,ETD=9.084}xx.{EPS=119.19,ETD=8.9}xx.{EPS=117.536,ETD=8.858}xx.{EPS=118.147,ETD=8.758}xx.{EPS=118.821,ETD=7.432}xx.{EPS=116.768,ETD=10.156}xx.{EPS=113.714,ETD=10.088}xx.{EPS=113.097,ETD=9.962}xx.{EPS=115.607,ETD=9.87}xx.{EPS=117.786,ETD=8.004}xx.{EPS=113.895,ETD=25.626}xx.{EPS=112.183,ETD=25.5}xx.{EPS=111.857,ETD=25.428}xx.{EPS=110.205,ETD=25.31}xx.{EPS=110.375,ETD=25.242}xx.{EPS=111.757,ETD=22.456}xx.{EPS=113.559,ETD=22.762}xx.{EPS=114.416,ETD=23.156}xx.{EPS=112.994,ETD=22.95}xx.{EPS=111.657,ETD=22.728}xx.{EPS=112.057,ETD=5.42}xx.{EPS=114.129,ETD=5.498}xx.{EPS=113.533,ETD=5.782}xx.{EPS=112.562,ETD=6.71}xx.{EPS=111.259,ETD=6.466}xx.{EPS=111.309,ETD=6.624}xx.{EPS=110.988,ETD=6.508}xx.{EPS=111.957,ETD=6.336}xx.{EPS=111.957,ETD=7.942}xx.{EPS=110.939,ETD=7.868}xx.{EPS=113.097,ETD=7.526}xx.{EPS=110.889,ETD=7.746}xx.{EPS=110.816,ETD=7.646}xx.{EPS=112.284,ETD=6.948}xx.{EPS=111.957,ETD=9.05}xx.{EPS=111.483,ETD=8.964}xx.{EPS=111.832,ETD=8.86}xx.{EPS=111.557,ETD=8.768}xx.{EPS=112.183,ETD=7.448}xx.{EPS=111.21,ETD=10.156}xx.{EPS=110.205,ETD=10.194}xx.{EPS=110.254,ETD=10.082}xx.{EPS=109.457,ETD=9.982}xx.{EPS=109.361,ETD=9.8}xx.{EPS=110.497,ETD=7.998}xx.{EPS=108.838,ETD=28.93}xx.{EPS=109.337,ETD=28.824}xx.{EPS=108.814,ETD=28.76}xx.{EPS=108.436,ETD=28.366}xx.{EPS=110.156,ETD=25.822}xx.{EPS=109.433,ETD=26.262}xx.{EPS=109.051,ETD=26.792}xx.{EPS=110.327,ETD=26.588}xx.{EPS=109.866,ETD=26.374}xx.{EPS=109.123,ETD=26.162}xx.{EPS=109.842,ETD=5.468}xx.{EPS=109.505,ETD=5.796}xx.{EPS=109.794,ETD=6.658}xx.{EPS=109.963,ETD=6.776}xx.{EPS=109.842,ETD=6.676}xx.{EPS=110.644,ETD=6.53}xx.{EPS=111.136,ETD=6.336}xx.{EPS=111.657,ETD=8.072}xx.{EPS=110.522,ETD=8.042}xx.{EPS=109.481,ETD=7.858}xx.{EPS=109.075,ETD=7.758}xx.{EPS=104.822,ETD=7.6}xx.{EPS=104.471,ETD=6.892}xx.{EPS=102.902,ETD=9.066}xx.{EPS=101.729,ETD=8.97}xx.{EPS=99.8203,ETD=8.87}xx.{EPS=99.8602,ETD=8.768}xx.{EPS=96.432,ETD=7.004}xx.{EPS=96.2649,ETD=7.418}xx.{EPS=96.0799,ETD=10.172}xx.{EPS=94.4465,ETD=10.036}xx.{EPS=95.7671,ETD=9.97}xx.{EPS=97.0497,ETD=9.87}xx.{EPS=98.174,ETD=8.004}xx.{EPS=96.8804,ETD=56.892}xx.{EPS=98.8924,ETD=56.682}xx.{EPS=98.7362,ETD=56.392}xx.{EPS=100.442,ETD=56.67}xx.{EPS=99.2063,ETD=56.582}xx.{EPS=98.8338,ETD=54.298}xx.{EPS=100.766,ETD=54.224}xx.{EPS=101.317,ETD=54.578}xx.{EPS=99.4827,ETD=54.33}xx.{EPS=99.3246,ETD=54.142}xx.{EPS=101.42,ETD=5.156}xx.{EPS=100.462,ETD=5.45}xx.{EPS=99.7805,ETD=5.872}xx.{EPS=98.8924,ETD=6.884}xx.{EPS=101.01,ETD=6.578}xx.{EPS=100.929,ETD=6.124}xx.{EPS=100.908,ETD=6.32}xx.{EPS=101.235,ETD=6.122}xx.{EPS=100.786,ETD=6.576}xx.{EPS=100.766,ETD=6.338}xx.{EPS=99.1473,ETD=8.198}xx.{EPS=99.2063,ETD=7.966}xx.{EPS=98.8338,ETD=7.742}xx.{EPS=100.22,ETD=6.48}xx.{EPS=99.3246,ETD=6.754}xx.{EPS=99.2654,ETD=7.176}xx.{EPS=98.2511,ETD=9.552}xx.{EPS=98.8924,ETD=9.198}xx.{EPS=99.3246,ETD=8.732}xx.{EPS=98.3865,ETD=8.928}xx.{EPS=99.2063,ETD=7.426}xx.{EPS=99.6612,ETD=7.364}xx.{EPS=99.7407,ETD=7.652}xx.{EPS=98.9315,ETD=10.806}xx.{EPS=98.3091,ETD=10.578}xx.{EPS=98.8728,ETD=10.35}xx.{EPS=99.5223,ETD=7.778}xx.{EPS=98.6972,ETD=8.068}xx.{EPS=98.3865,ETD=8.48}xx.{EPS=94.3396,ETD=12.156}xx.{EPS=94.9307,ETD=11.808}xx.{EPS=93.633,ETD=11.838}xx.{EPS=94.4109,ETD=11.518}xx.{EPS=94.1442,ETD=8.712}xx.{EPS=95.2018,ETD=8.666}xx.{EPS=94.8047,ETD=8.862}xx.{EPS=93.5629,ETD=9.446}xx.{EPS=93.7383,ETD=9.254}xx.{EPS=89.4775,ETD=9.002}xx.{EPS=93.2836,ETD=5.43}xx.{EPS=91.7768,ETD=5.84}xx.{EPS=89.0472,ETD=6.992}xx.{EPS=88.4643,ETD=6.792}xx.{EPS=89.0313,ETD=6.462}xx.{EPS=86.6101,ETD=6.65}xx.{EPS=86.1475,ETD=6.546}xx.{EPS=86.6852,ETD=6.332}xx.{EPS=85.4847,ETD=7.96}xx.{EPS=87.1992,ETD=7.844}xx.{EPS=87.1992,ETD=7.752}xx.{EPS=87.2753,ETD=7.652}xx.{EPS=90.0576,ETD=6.896}xx.{EPS=89.7022,ETD=6.878}xx.{EPS=87.4738,ETD=9.07}xx.{EPS=88.1057,ETD=8.976}x