Parsing and Instantiating...
Warning: rounding numeric constants such as 8.29547 to an accuracy of 0.001
Done
One way facts...
Mutex groups...
Semaphore Facts...
Envelope Facts...
One-shot actions...
(bs-dispense c-bs input wp1 base_black) is 1 shot
(bs-dispense c-bs output wp1 base_black) is 1 shot
(bs-dispense c-bs input wp1 base_red) is 1 shot
(bs-dispense c-bs output wp1 base_red) is 1 shot
(bs-dispense c-bs input wp1 base_silver) is 1 shot
(bs-dispense c-bs output wp1 base_silver) is 1 shot
(bs-dispense c-bs input wp1 base_black) is 1 shot
(bs-dispense c-bs output wp1 base_black) is 1 shot
(bs-dispense c-bs input wp1 base_red) is 1 shot
(bs-dispense c-bs output wp1 base_red) is 1 shot
(bs-dispense c-bs input wp1 base_silver) is 1 shot
(bs-dispense c-bs output wp1 base_silver) is 1 shot
(prepare-ds r-1 c-ds gate-1) is 1 shot
(prepare-ds r-1 c-ds gate-2) is 1 shot
(prepare-ds r-1 c-ds gate-3) is 1 shot
(wp-get-shelf r-1 cg1 c-cs1 left) is 1 shot
(wp-get-shelf r-1 cg2 c-cs1 middle) is 1 shot
(wp-get-shelf r-1 cg3 c-cs1 right) is 1 shot
(wp-get-shelf r-1 cb1 c-cs2 left) is 1 shot
(wp-get-shelf r-1 cb2 c-cs2 middle) is 1 shot
(wp-get-shelf r-1 cb3 c-cs2 right) is 1 shot
Integral variables...
Variable bounds...
Static numeric conditions...
Duration bounds...
TIL time window analysis...
Bounding action timestamps due to time windows...
(order-delivery-window-open o1) forms a window with range [0.000,131.835]
Bounds on (fulfill-order-c0-within-tw o1 wp1 c-ds gate-2 base_black cap_grey) (duration [0.010,0.010]):
	0: [0.000,131.825]
	1: [0.000,131.825]
	2: [0.010,131.835]
(can-commit-for-ontime-delivery o1) forms a window with range [0.000,5.640]
Bounds on (commit-to-ontime-delivery o1) (duration [0.010,0.010]):
	0: [0.000,5.639]
	1: [0.000,5.639]
	2: [0.010,5.649]
Bounds on (do-not-commit-to-ontime-delivery o1) (duration [0.010,0.010]):
	0: [0.000,5.639]
	1: [0.000,5.639]
	2: [0.010,5.649]
Dominance constraints (excluding processes and events)...
Damaging events...
Dominance constraints (including processes and events)...
Variable monotonicity...
Max/min needed values for any single precondition...
Irrelevant action pruning by backward reachability from goal...
Uninterestingness criteria...
Compression-safe actions...
Compression-safe invariants...
59% of durative actions in this problem are compression safe
Goal Goal [1]
    (order-fulfilled o1)

Finishing preprocessing.  Making a TRPG heuristic...
Making an open list...
Running WA* search (g weight = 1, h weight = 5)
{(order-delivery-window-open o1),(can-commit-for-ontime-delivery o1),(location-free start input),(location-free c-bs input),(location-free c-bs output),(location-free c-cs1 input),(location-free c-cs1 output),(location-free c-cs2 input),(location-free c-cs2 output),(location-free c-ds input),(location-free c-ds output),(cs-can-perform c-cs1 cs_retrieve),(cs-can-perform c-cs2 cs_retrieve),(wp-base-color wp1 base_none),(wp-cap-color wp1 cap_none),(wp-ring1-color wp1 ring_none),(wp-ring2-color wp1 ring_none),(wp-ring3-color wp1 ring_none),(wp-unused wp1),(robot-waiting r-1),(mps-state c-bs idle),(mps-state c-cs1 idle),(mps-state c-cs2 idle),(mps-state c-ds idle),(wp-cap-color cg1 cap_grey),(wp-cap-color cg2 cap_grey),(wp-cap-color cg3 cap_grey),(wp-on-shelf cg1 c-cs1 left),(wp-on-shelf cg2 c-cs1 middle),(wp-on-shelf cg3 c-cs1 right),(wp-cap-color cb1 cap_black),(wp-cap-color cb2 cap_black),(wp-cap-color cb3 cap_black),(wp-on-shelf cb1 c-cs2 left),(wp-on-shelf cb2 c-cs2 middle),(wp-on-shelf cb3 c-cs2 right)}
[]
Initial heuristic = 29
Initial stats: t=0.01s, 7180kb
b (26 @ n=3, t=0.01s, 7180kb)b (25 @ n=19, t=0.02s, 7180kb)Warning: self overlapping Action 206:1 at 1
b (24 @ n=81, t=0.02s, 7324kb)b (20 @ n=140, t=0.03s, 7452kb)xx.{EPS=1724.14,ETD=20.0408}b (19 @ n=255, t=0.05s, 7552kb)dx.{EPS=1724.14,ETD=38.5354}b (18 @ n=475, t=0.07s, 8080kb)db (16 @ n=538, t=0.08s, 8288kb)b (15 @ n=600, t=0.09s, 8412kb)dd.{EPS=1515.15,ETD=27.9732}b (14 @ n=766, t=0.12s, 9204kb)b (13 @ n=781, t=0.12s, 9204kb)b (11 @ n=813, t=0.12s, 9448kb)dd.{EPS=1612.9,ETD=23.3819}d.{EPS=1689.19,ETD=21.1647}dd.{EPS=1714.29,ETD=20.4013}dd.{EPS=1758.79,ETD=22.8195}ddd.{EPS=1801.8,ETD=20.9298}dd.{EPS=1821.86,ETD=21.0022}dd.{EPS=1851.85,ETD=20.5411}ddd.{EPS=1851.85,ETD=31.048}dd.{EPS=1879.7,ETD=26.414}dd.{EPS=2000,ETD=26.946}dd.{EPS=1976.28,ETD=27.57}dd.{EPS=1968.5,ETD=30.424}dd.{EPS=1984.13,ETD=29.538}ddd.{EPS=1984.13,ETD=34.832}dd.{EPS=1930.5,ETD=39.106}dd.{EPS=1937.98,ETD=38.238}dd.{EPS=1893.94,ETD=38.378}dd.{EPS=1930.5,ETD=33.54}dd.{EPS=1811.59,ETD=47.452}ddx.{EPS=1773.05,ETD=46.928}dd.{EPS=1798.56,ETD=46.924}d.{EPS=1748.25,ETD=43.692}db (10 @ n=4388, t=0.71s, 33376kb)b (9 @ n=4421, t=0.71s, 33640kb)b (8 @ n=4427, t=0.72s, 33640kb)db (7 @ n=4516, t=0.74s, 34560kb).{EPS=1644.74,ETD=43.654}db (5 @ n=4572, t=0.75s, 35072kb)b (3 @ n=4641, t=0.76s, 35864kb)b (2 @ n=4654, t=0.76s, 35996kb)b (1 @ n=4665, t=0.77s, 36128kb)Time diagnostics:
After step 0 search time left estimate was 0.010
After step 1 search time left estimate was 0.020
After step 2 search time left estimate was 0.030
After step 3 search time left estimate was 0.425
After step 4 search time left estimate was 0.398
After step 5 search time left estimate was 0.402
After step 6 search time left estimate was 0.335
After step 7 search time left estimate was 0.367
After step 8 search time left estimate was 0.329
After step 9 search time left estimate was 0.296
After step 10 search time left estimate was 0.308
After step 11 search time left estimate was 0.443
After step 12 search time left estimate was 0.393
After step 13 search time left estimate was 0.428
After step 14 search time left estimate was 0.421
After step 15 search time left estimate was 0.425
After step 16 search time left estimate was 0.426
After step 17 search time left estimate was 0.401
After step 18 search time left estimate was 0.375
After step 19 search time left estimate was 0.300
After step 20 search time left estimate was 0.300
After step 21 search time left estimate was 0.275
After step 22 search time left estimate was 0.250
After step 23 search time left estimate was 0.225
After step 24 search time left estimate was 0.200
After step 25 search time left estimate was 0.224
After step 26 search time left estimate was 0.237
After step 27 search time left estimate was 0.210
After step 28 search time left estimate was 0.183
After step 29 search time left estimate was 0.179
After step 30 search time left estimate was 0.153
After step 31 search time left estimate was 0.127
After step 32 search time left estimate was 0.076
After step 33 search time left estimate was 0.050
After step 34 search time left estimate was 0.025
After step 35 search time left estimate was 0.025

;;;; Solution Found
; Time 0.77
; Peak memory 36260kb
; Nodes Generated: 4675
; Nodes Expanded:  1327
; Nodes Evaluated: 4674
; Nodes Tunneled:  0
; Nodes memoised with open actions: 2620
; Nodes memoised without open actions: 4256
; Nodes pruned by memoisation: 2201
0.770: (prepare-bs c-bs output base_black) [0.001] ; (1)
0.770: (enter-field r-1 cyan) [10.000] ; (140)
0.770: (commit-to-ontime-delivery o1) [0.010] ; (206)
0.771: (bs-dispense c-bs output wp1 base_black) [0.001] ; (14)
10.771: (move-wp-put-at-input r-1 start input c-cs1) [7.647] ; (106)
18.419: (wp-get-shelf r-1 cg1 c-cs1 left) [20.000] ; (147)
18.420: (move-wp-put-at-input r-1 c-cs1 input c-cs2) [9.581] ; (110)
28.002: (prepare-cs r-1 c-cs2 cs_retrieve) [0.001] ; (12)
28.003: (move-wp-put-at-input r-1 c-cs2 input c-cs1) [9.581] ; (104)
37.585: (prepare-cs r-1 c-cs1 cs_retrieve) [0.001] ; (11)
38.420: (wp-put r-1 cg1 c-cs1) [10.000] ; (186)
38.421: (move-wp-put-at-input r-1 c-cs1 input c-ds) [5.772] ; (116)
48.421: (cs-retrieve-cap c-cs1 cg1 cap_grey) [0.010] ; (79)
48.432: (move-wp-get r-1 c-ds input c-cs1 output) [8.210] ; (134)
56.643: (wp-get r-1 cg1 c-cs1 output) [10.000] ; (172)
56.644: (move-wp-put-at-input r-1 c-cs1 output c-ds) [8.210] ; (120)
66.644: (wp-discard r-1 cg1) [0.001] ; (144)
66.645: (move-wp-get r-1 c-ds input c-bs output) [6.113] ; (130)
72.759: (wp-get r-1 wp1 c-bs output) [10.000] ; (168)
72.760: (move-wp-put-at-input r-1 c-bs output c-cs1) [8.891] ; (107)
81.652: (prepare-cs r-1 c-cs1 cs_mount) [0.001] ; (9)
82.760: (wp-put r-1 wp1 c-cs1) [10.000] ; (189)
82.761: (move-wp-put-at-input r-1 c-cs1 input c-ds) [5.772] ; (116)
92.761: (cs-mount-cap c-cs1 wp1 cap_grey) [0.010] ; (45)
92.772: (move-wp-get r-1 c-ds input c-cs1 output) [8.210] ; (134)
100.983: (wp-get r-1 wp1 c-cs1 output) [10.000] ; (175)
100.984: (move-wp-put-at-input r-1 c-cs1 output c-ds) [8.210] ; (120)
109.195: (prepare-ds r-1 c-ds gate-2) [0.001] ; (7)
110.984: (wp-put r-1 wp1 c-ds) [10.000] ; (203)
120.985: (fulfill-order-c0-within-tw o1 wp1 c-ds gate-2 base_black cap_grey) [0.010] ; (204)
