Parsing and Instantiating...
Warning: rounding numeric constants such as 3.11928 to an accuracy of 0.001
Done
One way facts...
Mutex groups...
Semaphore Facts...
Envelope Facts...
One-shot actions...
(bs-dispense c-bs input wp1 base_black) is 1 shot
(bs-dispense c-bs output wp1 base_black) is 1 shot
(bs-dispense c-bs input wp1 base_red) is 1 shot
(bs-dispense c-bs output wp1 base_red) is 1 shot
(bs-dispense c-bs input wp1 base_silver) is 1 shot
(bs-dispense c-bs output wp1 base_silver) is 1 shot
(bs-dispense c-bs input wp1 base_black) is 1 shot
(bs-dispense c-bs output wp1 base_black) is 1 shot
(bs-dispense c-bs input wp1 base_red) is 1 shot
(bs-dispense c-bs output wp1 base_red) is 1 shot
(bs-dispense c-bs input wp1 base_silver) is 1 shot
(bs-dispense c-bs output wp1 base_silver) is 1 shot
(prepare-ds r-1 c-ds gate-1) is 1 shot
(prepare-ds r-2 c-ds gate-1) is 1 shot
(prepare-ds r-3 c-ds gate-1) is 1 shot
(prepare-ds r-1 c-ds gate-2) is 1 shot
(prepare-ds r-2 c-ds gate-2) is 1 shot
(prepare-ds r-3 c-ds gate-2) is 1 shot
(prepare-ds r-1 c-ds gate-3) is 1 shot
(prepare-ds r-2 c-ds gate-3) is 1 shot
(prepare-ds r-3 c-ds gate-3) is 1 shot
(wp-get-shelf r-1 cg1 c-cs1 left) is 1 shot
(wp-get-shelf r-2 cg1 c-cs1 left) is 1 shot
(wp-get-shelf r-3 cg1 c-cs1 left) is 1 shot
(wp-get-shelf r-1 cg2 c-cs1 middle) is 1 shot
(wp-get-shelf r-2 cg2 c-cs1 middle) is 1 shot
(wp-get-shelf r-3 cg2 c-cs1 middle) is 1 shot
(wp-get-shelf r-1 cg3 c-cs1 right) is 1 shot
(wp-get-shelf r-2 cg3 c-cs1 right) is 1 shot
(wp-get-shelf r-3 cg3 c-cs1 right) is 1 shot
(wp-get-shelf r-1 cb1 c-cs2 left) is 1 shot
(wp-get-shelf r-2 cb1 c-cs2 left) is 1 shot
(wp-get-shelf r-3 cb1 c-cs2 left) is 1 shot
(wp-get-shelf r-1 cb2 c-cs2 middle) is 1 shot
(wp-get-shelf r-2 cb2 c-cs2 middle) is 1 shot
(wp-get-shelf r-3 cb2 c-cs2 middle) is 1 shot
(wp-get-shelf r-1 cb3 c-cs2 right) is 1 shot
(wp-get-shelf r-2 cb3 c-cs2 right) is 1 shot
(wp-get-shelf r-3 cb3 c-cs2 right) is 1 shot
Integral variables...
Variable bounds...
Static numeric conditions...
Duration bounds...
TIL time window analysis...
Bounding action timestamps due to time windows...
(order-delivery-window-open o1) forms a window with range [0.000,150.000]
Bounds on (fulfill-order-c0-within-tw o1 wp1 c-ds gate-1 base_black cap_grey) (duration [0.010,0.010]):
	0: [0.000,149.990]
	1: [0.000,149.990]
	2: [0.010,150.000]
(can-commit-for-ontime-delivery o1) forms a window with range [0.000,15.000]
Bounds on (commit-to-ontime-delivery o1) (duration [0.010,0.010]):
	0: [0.000,14.999]
	1: [0.000,14.999]
	2: [0.010,15.009]
Bounds on (do-not-commit-to-ontime-delivery o1) (duration [0.010,0.010]):
	0: [0.000,14.999]
	1: [0.000,14.999]
	2: [0.010,15.009]
Dominance constraints (excluding processes and events)...
Damaging events...
Dominance constraints (including processes and events)...
Variable monotonicity...
Max/min needed values for any single precondition...
Irrelevant action pruning by backward reachability from goal...
Uninterestingness criteria...
Compression-safe actions...
Compression-safe invariants...
64% of durative actions in this problem are compression safe
Goal Goal [1]
    (order-fulfilled o1)

Finishing preprocessing.  Making a TRPG heuristic...
Making an open list...
Running WA* search (g weight = 1, h weight = 5)
{(order-delivery-window-open o1),(can-commit-for-ontime-delivery o1),(location-free start input),(location-free c-bs input),(location-free c-bs output),(location-free c-cs1 input),(location-free c-cs1 output),(location-free c-cs2 input),(location-free c-cs2 output),(location-free c-ds input),(location-free c-ds output),(cs-can-perform c-cs1 cs_retrieve),(cs-can-perform c-cs2 cs_retrieve),(wp-base-color wp1 base_none),(wp-cap-color wp1 cap_none),(wp-ring1-color wp1 ring_none),(wp-ring2-color wp1 ring_none),(wp-ring3-color wp1 ring_none),(wp-unused wp1),(robot-waiting r-1),(robot-waiting r-2),(robot-waiting r-3),(mps-state c-bs idle),(mps-state c-cs1 idle),(mps-state c-cs2 idle),(mps-state c-ds idle),(wp-cap-color cg1 cap_grey),(wp-cap-color cg2 cap_grey),(wp-cap-color cg3 cap_grey),(wp-on-shelf cg1 c-cs1 left),(wp-on-shelf cg2 c-cs1 middle),(wp-on-shelf cg3 c-cs1 right),(wp-cap-color cb1 cap_black),(wp-cap-color cb2 cap_black),(wp-cap-color cb3 cap_black),(wp-on-shelf cb1 c-cs2 left),(wp-on-shelf cb2 c-cs2 middle),(wp-on-shelf cb3 c-cs2 right)}
[]
Initial heuristic = 24
Initial stats: t=0.02s, 8092kb
b (23 @ n=2, t=0.02s, 8092kb)b (21 @ n=3, t=0.02s, 8092kb)b (20 @ n=32, t=0.03s, 8092kb)Warning: self overlapping Action 434:1 at 1
b (19 @ n=116, t=0.04s, 8296kb)xd.{EPS=980.392,ETD=20.102}xxxx.{EPS=1075.27,ETD=40.2727}b (18 @ n=528, t=0.11s, 9040kb)b (17 @ n=533, t=0.11s, 9040kb)db (16 @ n=599, t=0.13s, 9216kb)b (15 @ n=605, t=0.13s, 9312kb)b (14 @ n=621, t=0.13s, 9312kb)b (13 @ n=669, t=0.14s, 9632kb)dd.{EPS=717.703,ETD=27.557}dddb (11 @ n=1317, t=0.33s, 14752kb)b (10 @ n=1326, t=0.34s, 14828kb)b (9 @ n=1332, t=0.34s, 14916kb)d.{EPS=609.756,ETD=21.7789}b (7 @ n=1386, t=0.35s, 15420kb)xdx.{EPS=664.894,ETD=19.0884}dxxx.{EPS=729.927,ETD=18.3946}xx.{EPS=781.25,ETD=19.2264}xdxx.{EPS=826.446,ETD=19.4662}xx.{EPS=872.093,ETD=19.9866}xxx.{EPS=915.751,ETD=19.9479}xxxx.{EPS=946.97,ETD=19.77}xxxx.{EPS=961.538,ETD=15.812}xxx.{EPS=1157.41,ETD=17.248}xxx.{EPS=1440.92,ETD=19.268}xdxx.{EPS=1492.54,ETD=21.172}xxxx.{EPS=1501.5,ETD=23.638}xxx.{EPS=1533.74,ETD=25.314}xx.{EPS=1552.8,ETD=32.916}xxx.{EPS=1567.4,ETD=35.196}xxd.{EPS=1483.68,ETD=38.494}dxx.{EPS=1436.78,ETD=37.876}dxxx.{EPS=1428.57,ETD=37.104}xx.{EPS=1373.63,ETD=37.706}xdxx.{EPS=1369.86,ETD=37.68}xx.{EPS=1385.04,ETD=37.012}xxx.{EPS=1377.41,ETD=35.98}xxxx.{EPS=1366.12,ETD=33.32}xxxx.{EPS=1358.7,ETD=25.734}xxx.{EPS=1336.9,ETD=23.444}xxx.{EPS=1385.04,ETD=20.038}xdxxx.{EPS=1400.56,ETD=21.65}xxx.{EPS=1400.56,ETD=23.47}xxx.{EPS=1428.57,ETD=27.356}xx.{EPS=1436.78,ETD=33.68}xxx.{EPS=1412.43,ETD=37.508}xd.{EPS=1298.7,ETD=37.546}dxx.{EPS=1225.49,ETD=37.474}dxxx.{EPS=1187.65,ETD=37.082}xxdx.{EPS=1157.41,ETD=37.58}xxx.{EPS=1128.67,ETD=39.47}xx.{EPS=1126.13,ETD=38.748}xxx.{EPS=1108.65,ETD=38.616}xxx.{EPS=1103.75,ETD=34.806}dxxx.{EPS=1084.6,ETD=29.286}xxxx.{EPS=1077.59,ETD=25.12}xxx.{EPS=1133.79,ETD=24.714}xxx.{EPS=1162.79,ETD=26.198}xxx.{EPS=1170.96,ETD=26.614}xxxx.{EPS=1162.79,ETD=27.008}xxx.{EPS=1168.22,ETD=27.804}xxx.{EPS=1168.22,ETD=32.826}xdd.{EPS=954.198,ETD=33.164}dddd.{EPS=764.526,ETD=31.126}ddd.{EPS=642.674,ETD=28.748}ddd.{EPS=542.299,ETD=27.15}ddd.{EPS=461.681,ETD=24.788}dddd.{EPS=391.236,ETD=22.138}ddd.{EPS=342.466,ETD=20.448}ddd.{EPS=305.81,ETD=17.764}ddd.{EPS=275.33,ETD=14.148}dddd.{EPS=247.525,ETD=7.214}ddd.{EPS=232.342,ETD=4.152}dxdd.{EPS=222.42,ETD=4.402}ddd.{EPS=212.044,ETD=3.902}ddd.{EPS=202.758,ETD=4.294}ddd.{EPS=194.175,ETD=4.384}ddd.{EPS=186.428,ETD=4.404}dddd.{EPS=174.948,ETD=4.282}ddd.{EPS=165.235,ETD=4.62}ddd.{EPS=156.006,ETD=4.286}ddd.{EPS=148.017,ETD=4.22}dxdd.{EPS=142.005,ETD=4.372}ddd.{EPS=135.685,ETD=4.216}ddd.{EPS=129.87,ETD=4.692}ddd.{EPS=125.881,ETD=4.634}ddd.{EPS=121.153,ETD=4.516}ddxd.{EPS=117.98,ETD=6.022}dddd.{EPS=115.714,ETD=5.95}ddd.{EPS=111.807,ETD=5.282}ddd.{EPS=108.085,ETD=4.998}ddd.{EPS=104.646,ETD=5.322}ddd.{EPS=102.522,ETD=6.53}ddd.{EPS=99.226,ETD=6.386}xddd.{EPS=96.581,ETD=6.048}dd.{EPS=94.6432,ETD=11.83}dd.{EPS=94.5716,ETD=21.262}xddd.{EPS=99.226,ETD=44.34}ddd.{EPS=105.064,ETD=80.29}dd.{EPS=114.051,ETD=133.646}ddd.{EPS=125.345,ETD=200.188}dd.{EPS=139.276,ETD=280.758}ddd.{EPS=153.988,ETD=376.17}dxdd.{EPS=178.571,ETD=482.054}dd.{EPS=212.766,ETD=608.516}dxdd.{EPS=253.936,ETD=735.904}ddd.{EPS=310.366,ETD=875.878}dxd.{EPS=328.731,ETD=1018.4}ddd.{EPS=350.877,ETD=1155.76}dxd.{EPS=369.276,ETD=1285.56}ddd.{EPS=385.208,ETD=1416.38}ddd.{EPS=407.498,ETD=1552}ddd.{EPS=432.526,ETD=1684.8}ddd.{EPS=452.08,ETD=1815.2}xddd.{EPS=462.535,ETD=1937.35}dddd.{EPS=481.232,ETD=2062.05}ddd.{EPS=488.281,ETD=2191.47}ddddd.{EPS=498.504,ETD=2535.05}ddddxd.{EPS=504.541,ETD=2883.26}ddddd.{EPS=500.501,ETD=3229.44}ddddddd.{EPS=503.018,ETD=3568.03}dxddddd.{EPS=518.135,ETD=3893.62}ddxd.{EPS=548.847,ETD=4214.88}ddd~~~~~~~~~~~~~~~~~~~~~~~~~~~~~~~~~~~~~~~~~~~~~~~~~~~~~~~~~~~~~~~~~~~~~~~~~~~~~~~~~~~~~~~~~~~~~~~~~~~~~~~~~~~~~~~~~~~~~~~~~~~~~~~~~~~~~~~~~~~~~~~~~~~~~~~~~~~~~~~~~~~~~~~~~~~~~~~~~~~~~~~~~~~~~~~~~~~~~~~~~~~~~~~~~~~~~~~~~~~~~~~~~~~~~~~~~~~~~~~~~~~~~~~~~~~~~~~~~~~~~~~~~~~~~~~~~~~~~~~~~~~~~~~~~~~~~~~~~~~~~~~~~~~~~~~~~~~~~~~~~~~~~~~~~~~~~~~~~~~~~~~~~~~~~~~~~~~~~~~~~~~~~~~~~~~~~~~~~~~~~~~~~~~~~~~~~~~~~~~~~~~~~~~~~~~~~~~~~~~~~~~~~~~~~~~~~~~~~~~~~~~~~~~~~~~~~~~~~~~~~~~~~~~~~~~~~~~~~~~~~~~~~~~~~~~~~~~~~~~~~~~~~~~~~~~~~~~~~~~~~~~~~~~~~~~~~~~~~~~~~~~~~~~~~~~~~~~~~~~~~~~~~~~~~~~~~~~~~~~~~~~~~~~~~~~~~~~~~~~~~~~~~~~~~~~~~~~~~~~~~~~~~~~~~~~~~~~~~~~~~~~~~~~~~~~~~~~~~~~~~~~~~~~~~~~~~~~~~~~~~~~~~~~~~~~~~~~~~~~~~~~~~~~~~~~~~~~~~~~~~~~~~~~~~~~~~~~~~~~~~~~~~~~~~~~~~~~~~~~~~~~~~~~~~~~~~~~~~~~~~~~~~~~~~~~~~~~~~~~~~~~~~~~~~~~~~~~~~~~~~~~~~~~~~~~~~~~~~~~~~~~~~~~~~~~~~~~~~~~~~~~~~~~~~~~~~~~~~~~~~~~~~~~~~~~~~~~~~~~~~~~~~~~~~~~~~~~~~~~~~~~~~~~~~~~~~~~~~~~~~~~~~~~~~~~~~~~~~~~~~~~~~~~~~~~~~~~~~~~~~~~~~~~~~~~~~~~~~~~~~~~~~~~~~~~~~~~~~~~~~~~~~~~~~~~~~~~~~~~~~~~~~~~~~~~~~~~~~~~~~~~~~~~~~~~~~~~~~~~~~~~~~~~~~~~~~~~~~~~~~~~~~~~~~~~~~~~~~~~~~~~~~~~~~~~~~~~~~~~~~~~~~~~~~~~~~~~~~~~~~~~~~~~~~~~~~~~~~~~~~~~~~~~~~~~~~~~~~~~~~~~~~~~~~~~~~~~~~~~~~~~~~~~~~~~~~~~~~~~~~~~~~~~~~~~~~~~~~~~~~~~~~~~~~~~~~~~~~~~~~~~~~~~~~~~~~~~~~~~~~~~~~~~~~~~~~~~~~~~~~~~~~~~~~~~~~~~~~~~~~~~~~~~~~~~~~~~~~~~~~~~~~~~~~~~~~~~~~~~~~~~~~~~~~~~~~~~~~~~~~~~~~~~~~~~~~~~~~~~~~~~~~~~~~~~~~~~~~~~~~~~~~~~~~~~~~~~~~~~~~~~~~~~~~~~~~~~~~~~~~~~~~~~~~~~~~~~~~~~~~~~~~~~~~~~~~~~~~~~~~~~~~~~~~~~~~~~~~~~~~~~~~~~~~~~~~~~~~~~~~~~~~~~~~~~~~~~~~~~~~~~~~~~~~~~~~~~~~~~~~~~~~~~~~~~~~~~~~~~~~~~~~~~~~~~~~~~~~~~~~~~~~~~~~~~~~~~~~~~~~~~~~~~~~~~~~~~~~~~~~~~~~~~~~~~~~~~~~~~~~~~~~~~~~~~~~~~~~~~~~~~~~~~~~~~~~~~~~~~~~~~~~~~~~~~~~~~~~~~~~~~~~~~~~~~~~~~~~~~~~~~~~~~~~~~~~~~~~~~~~~~~~~~~~~~~~~~~~~~~~~~~~~~~~~~~~~~~~~~~~~~~~~~~~~~~~~~~~~~~~~~~~~~~~~~~~~~~~~~~~~~~~~~~~~~~~~~~~~~~~~~~~~~~~~~~~~~~~~~~~~~~~~~~~~~~~~~~~~~~~~~~~~~~~~~~~~~~~~~~~~~~~~~~~~~~~~~~~~~~~~~~~~~~~~~~~~~~~~~~~~~~~~~~~~~~~~~~~~~~~~~~~~~~~~~~~~~~~~~~~~~~~~~~~~~~~~~~~~~~~~~~~~~~~~~~~~~~~~~~~~~~~~~~~~~~~~~~~~~~~~~~~~~~~~~~~~~~~~~~~~~~~~~~~~~~~~~~~~~~~~~~~~~~~~~~~~~~~~~~~~~~~~~~~~~~~~~~~~~~~~~~~~~~~~~~~~~~~~~~~~~~~~~~~~~~~~~~~~~~~~~~~~~~~~~~~~~~~~~~~~~~~~~~~~~~~~~~~~~~~~~~~~~~~~~~~~~~~~~~~~~~~~~~~~~~~~~~~~~~~~~~~~~~~~~~~~~~~~~~~~~~~~~~~~~~~~~~~~~~~~~~~~~~~~~~~~~~~~~~~~~~~~~~~~~~~~~~~~~~~~~~~~~~~~~~~~~~~~~~~~~~~~~~~~~~~~~~~~~~~~~~~~~~~~~~~~~~~~~~~~~~~~~~~~~~~~~~~~~~~~~~~~~~~~~~~~~~~~~~~~~~~~~~~~~~~~~~~~~~~~~~~~~~~~~~~~~~~~~~~~~~~~~~~~~~~~~~~~~~~~~~~~~~~~~~~~~~~~~~~~~~~~~~~~~~~~~~~~~~~~~~~~~~~~~~~~~~~~~~~~~~~~~~~~~~~~~~~~~~~~~~~~~~~~~~~~~~~~~~~~~~~~~~~~~~~~~~~~~~~~~~~~~~~~~~~~~~~~~~~~~~~~~~~~~~~~~~~~~~~~~~~~~~~~~~~~~~~~~~~~~~~~~~~~~~~~~~~~~~~~~~~~~~~~~~~~~~~~~~~~~~~~~~~~~~~~~~~~~~~~~~~~~~~~~~~~~~~~~~~~~~~~~~~~~~~~~~~~~~~~~~~~~~~~~~~~~~~~~~~~~~~~~~~~~~~~~~~~~~~~~~~~~~~~~~~~~~~~~~~~~~~~~~~~~~~~~~~~~~~~~~~~~~~~~~~~~~~~~~~~~~~~~~~~~~~~~~~~~~~~~~~~~~~~~~~~~~~~~~~~~~~~~~~~~~~~~~~~~~~~~~~~~~~~~~~~~~~~~~~~~~~~~~~~~~~~~~~~~~~~~~~~~~~~~~~~~~~~~~~~~~~~~~~~~~~~~~~~~~~~~~~~~~~~~~~~~~~~~~~~~~~~~~~~~~~~~~~~~~~~~~~~~~~~~~~~~~~~~~~~~~~~~~~~~~~~~~~~~~~~~~~~~~~~~~~~~~~~~~~~~~~~~~~~~~~~~~~~~~~~~~~~~~~~~~~~~~~~~~~~~~~~~~~~~~~~~~~~~~~~~~~~~~~~~~~~~~~~~~~~~~~~~~~~~~~~~~~~~~~~~~~~~~~~~~~~~~~~~~~~~~~~~~~~~~~~~~~~~~~~~~~~~~~~~~~~~~~~~~~~~~~~~~~~~~~~~~~~~~~~~~~~~~~~~~~~~~~~~~~~~~~~~~~~~~~~~~~~~~~~~~~~~~~~~~~~~~~~~~~~~~~~~~~~~~~~~~~~~~~~~~~~~~~~~~~~~~~~~~~~~~~~~~~~~~~~~~~~~~~~~~~~~~~~~~~~~~~~~~~~~~~~~~~~~~~~~~~~~~~~~~~~~~~~~~~~~~~~~~~~~~~~~~~~~~~~~~~~~~~~~~~~~~~~~~~~~~~~~~~~~~~~~~~~~~~~~~~~~~~~~~~~~~~~~~~~~~~~~~~~~~~~~~~~~~~~~~~~~~~~~~~~~~~~~~~~~~~~~~~~~~~~~~~~~~~~~~~~~~~~~~~~~~~~~~~~~~~~~~~~~~~~~~~~~~~~~~~~~~~~~~~~~~~~~~~~~~~~~~~~~~~~~~~~~~~~~~~~~~~~~~~~~~~~~~~~~~~~~~~~~~~~~~~~~~~~~~~~~~~~~~~~~~~~~~~~~~~~~~~~~~~~~~~~~~~~~~~~~~~~~~~~~~~~~~~~~~~~~~~~~~~~~~~~~~~~~~~~~~~~~~~~~~~~~~~~~~~~~~~~~~~~~~~~~~~~~~~~~~~~~~~~~~~~~~~~~~~~~~~~~~~~~~~~~~~~~~~~~~~~~~~~~~~~~~~~~~~~~~~~~~~~~~~~~~~~~~~~~~~~~~~~~~~~~~~~~~~~~~~~~~~~~~~~~~~~~~~~~~~~~~~~~~~~~~~~~~~~~~~~~~~~~~~~~~~~~~~~~~~~~~~~~~~~~~~~~~~~~~~~~~~~~~~~~~~~~~~~~~~~~~~~~~~~~~~~~~~~~~~~~~~~~~~~~~~~~~~~~~~~~~~~~~~~~~~~~~~~~~~~~~~~~~~~~~~~~~~~~~~~~~~~~~~~~~~~~~~~~~~~~~~~~~~~~~~~~~~~~~~~~~~~~~~~~~~~~~~~~~~~~~~~~~~~~~~~~~~~~~~~~~~~~~~~~~~~~~~~~~~~~~~~~~~~~~~~~~~~~~~~~~~~~~~~~~~~~~~~~~~~~~~~~~~~~~~~~~~~~~~~~~~~~~~~~~~~~~~~~~~~~~~~~~~~~~~~~~~~~~~~~~~~~~~~~~~~~~~~~~~~~~~~~~~~~~~~~~~~~~~~~~~~~~~~~~~~~~~~~~~
;;;; Problem Unsolvable
; Nodes Generated: 21039
; Nodes Expanded:  5637
; Nodes Evaluated: 21038
; Nodes Tunneled:  1348
; Nodes memoised with open actions: 18133
; Nodes memoised without open actions: 14848
; Nodes pruned by memoisation: 11942
; Time 18.21
