Parsing and Instantiating...
Warning: rounding numeric constants such as 10.2794 to an accuracy of 0.001
Done
One way facts...
Mutex groups...
Semaphore Facts...
Envelope Facts...
One-shot actions...
(bs-dispense c-bs input wp1 base_black) is 1 shot
(bs-dispense c-bs output wp1 base_black) is 1 shot
(bs-dispense c-bs input wp1 base_red) is 1 shot
(bs-dispense c-bs output wp1 base_red) is 1 shot
(bs-dispense c-bs input wp1 base_silver) is 1 shot
(bs-dispense c-bs output wp1 base_silver) is 1 shot
(bs-dispense c-bs input wp1 base_black) is 1 shot
(bs-dispense c-bs output wp1 base_black) is 1 shot
(bs-dispense c-bs input wp1 base_red) is 1 shot
(bs-dispense c-bs output wp1 base_red) is 1 shot
(bs-dispense c-bs input wp1 base_silver) is 1 shot
(bs-dispense c-bs output wp1 base_silver) is 1 shot
(prepare-ds r-1 c-ds gate-1) is 1 shot
(prepare-ds r-1 c-ds gate-2) is 1 shot
(prepare-ds r-1 c-ds gate-3) is 1 shot
(wp-get-shelf r-1 cg1 c-cs1 left) is 1 shot
(wp-get-shelf r-1 cg2 c-cs1 middle) is 1 shot
(wp-get-shelf r-1 cg3 c-cs1 right) is 1 shot
(wp-get-shelf r-1 cb1 c-cs2 left) is 1 shot
(wp-get-shelf r-1 cb2 c-cs2 middle) is 1 shot
(wp-get-shelf r-1 cb3 c-cs2 right) is 1 shot
Integral variables...
Variable bounds...
Static numeric conditions...
Duration bounds...
TIL time window analysis...
Bounding action timestamps due to time windows...
(order-delivery-window-open o1) forms a window with range [0.000,120.050]
Bounds on (fulfill-order-c0-within-tw o1 wp1 c-ds gate-2 base_red cap_grey) (duration [0.010,0.010]):
	0: [0.000,120.040]
	1: [0.000,120.040]
	2: [0.010,120.050]
(can-commit-for-ontime-delivery o1) forms a window with range [0.000,5.400]
Bounds on (commit-to-ontime-delivery o1) (duration [0.010,0.010]):
	0: [0.000,5.399]
	1: [0.000,5.399]
	2: [0.010,5.409]
Bounds on (do-not-commit-to-ontime-delivery o1) (duration [0.010,0.010]):
	0: [0.000,5.399]
	1: [0.000,5.399]
	2: [0.010,5.409]
Dominance constraints (excluding processes and events)...
Damaging events...
Dominance constraints (including processes and events)...
Variable monotonicity...
Max/min needed values for any single precondition...
Irrelevant action pruning by backward reachability from goal...
Uninterestingness criteria...
Compression-safe actions...
Compression-safe invariants...
59% of durative actions in this problem are compression safe
Goal Goal [1]
    (order-fulfilled o1)

Finishing preprocessing.  Making a TRPG heuristic...
Making an open list...
Running WA* search (g weight = 1, h weight = 5)
{(order-delivery-window-open o1),(can-commit-for-ontime-delivery o1),(location-free start input),(location-free c-bs input),(location-free c-bs output),(location-free c-cs1 input),(location-free c-cs1 output),(location-free c-cs2 input),(location-free c-cs2 output),(location-free c-ds input),(location-free c-ds output),(cs-can-perform c-cs1 cs_retrieve),(cs-can-perform c-cs2 cs_retrieve),(wp-base-color wp1 base_none),(wp-cap-color wp1 cap_none),(wp-ring1-color wp1 ring_none),(wp-ring2-color wp1 ring_none),(wp-ring3-color wp1 ring_none),(wp-unused wp1),(robot-waiting r-1),(mps-state c-bs idle),(mps-state c-cs1 idle),(mps-state c-cs2 idle),(mps-state c-ds idle),(wp-cap-color cg1 cap_grey),(wp-cap-color cg2 cap_grey),(wp-cap-color cg3 cap_grey),(wp-on-shelf cg1 c-cs1 left),(wp-on-shelf cg2 c-cs1 middle),(wp-on-shelf cg3 c-cs1 right),(wp-cap-color cb1 cap_black),(wp-cap-color cb2 cap_black),(wp-cap-color cb3 cap_black),(wp-on-shelf cb1 c-cs2 left),(wp-on-shelf cb2 c-cs2 middle),(wp-on-shelf cb3 c-cs2 right)}
[]
Initial heuristic = 31
Initial stats: t=0.01s, 7180kb
b (29 @ n=3, t=0.01s, 7180kb)b (26 @ n=5, t=0.01s, 7180kb)b (25 @ n=31, t=0.02s, 7180kb)Warning: self overlapping Action 206:1 at 1
b (24 @ n=119, t=0.03s, 7412kb)xx.{EPS=1666.67,ETD=19.9592}b (22 @ n=256, t=0.05s, 7584kb)dxb (19 @ n=351, t=0.06s, 7792kb).{EPS=1694.92,ETD=38.3535}b (18 @ n=475, t=0.07s, 7988kb)db (16 @ n=538, t=0.08s, 8288kb)b (15 @ n=600, t=0.09s, 8412kb)dd.{EPS=1500,ETD=27.7248}b (14 @ n=766, t=0.11s, 9208kb)b (13 @ n=781, t=0.11s, 9208kb)b (11 @ n=813, t=0.12s, 9452kb)dd.{EPS=1587.3,ETD=23.196}dd.{EPS=1700.68,ETD=21.2289}dd.{EPS=1685.39,ETD=19.5217}dd.{EPS=1699.03,ETD=20.4957}dd.{EPS=1739.13,ETD=21.5664}b (10 @ n=1558, t=0.24s, 14280kb)b (9 @ n=1599, t=0.25s, 14644kb)b (8 @ n=1607, t=0.25s, 14644kb)db (7 @ n=1724, t=0.28s, 15700kb)db (6 @ n=1773, t=0.28s, 16216kb)b (5 @ n=1783, t=0.29s, 16360kb).{EPS=1590.11,ETD=19.706}dxdb (3 @ n=1937, t=0.32s, 17912kb)b (2 @ n=1952, t=0.32s, 18044kb)b (1 @ n=1964, t=0.32s, 18176kb)Time diagnostics:
After step 0 search time left estimate was 0.010
After step 1 search time left estimate was 0.020
After step 2 search time left estimate was 0.030
After step 3 search time left estimate was 0.428
After step 4 search time left estimate was 0.401
After step 5 search time left estimate was 0.405
After step 6 search time left estimate was 0.338
After step 7 search time left estimate was 0.370
After step 8 search time left estimate was 0.332
After step 9 search time left estimate was 0.298
After step 10 search time left estimate was 0.263
After step 11 search time left estimate was 0.293
After step 12 search time left estimate was 0.195
After step 13 search time left estimate was 0.212
After step 14 search time left estimate was 0.211
After step 15 search time left estimate was 0.198
After step 16 search time left estimate was 0.183
After step 17 search time left estimate was 0.146
After step 18 search time left estimate was 0.145
After step 19 search time left estimate was 0.133
After step 20 search time left estimate was 0.120
After step 21 search time left estimate was 0.108
After step 22 search time left estimate was 0.096
After step 23 search time left estimate was 0.106
After step 24 search time left estimate was 0.103
After step 25 search time left estimate was 0.097
After step 26 search time left estimate was 0.084
After step 27 search time left estimate was 0.083
After step 28 search time left estimate was 0.071
After step 29 search time left estimate was 0.059
After step 30 search time left estimate was 0.035
After step 31 search time left estimate was 0.023
After step 32 search time left estimate was 0.011
After step 33 search time left estimate was 0.011

;;;; Solution Found
; Time 0.32
; Peak memory 18308kb
; Nodes Generated: 1975
; Nodes Expanded:  487
; Nodes Evaluated: 1974
; Nodes Tunneled:  0
; Nodes memoised with open actions: 895
; Nodes memoised without open actions: 2124
; Nodes pruned by memoisation: 1044
0.328: (prepare-bs c-bs output base_red) [0.001] ; (3)
0.328: (enter-field r-1 cyan) [10.000] ; (140)
0.328: (commit-to-ontime-delivery o1) [0.010] ; (206)
0.329: (bs-dispense c-bs output wp1 base_red) [0.001] ; (16)
10.329: (move-wp-put-at-input r-1 start input c-cs1) [7.804] ; (106)
18.134: (wp-get-shelf r-1 cg1 c-cs1 left) [20.000] ; (147)
18.135: (move-wp-put-at-input r-1 c-cs1 input c-cs2) [7.247] ; (110)
25.383: (prepare-cs r-1 c-cs2 cs_retrieve) [0.001] ; (12)
38.135: (wp-put r-1 cg1 c-cs2) [10.000] ; (193)
38.136: (move-wp-put-at-input r-1 c-cs2 input c-ds) [5.387] ; (117)
48.136: (cs-retrieve-cap c-cs2 cg1 cap_grey) [0.010] ; (80)
48.147: (move-wp-get r-1 c-ds input c-cs2 output) [3.346] ; (138)
51.494: (wp-get r-1 cg1 c-cs2 output) [10.000] ; (179)
51.495: (move-wp-put-at-input r-1 c-cs2 output c-ds) [3.346] ; (121)
61.495: (wp-discard r-1 cg1) [0.001] ; (144)
61.496: (move-wp-get r-1 c-ds input c-bs output) [5.138] ; (130)
66.635: (wp-get r-1 wp1 c-bs output) [10.000] ; (168)
66.636: (move-wp-put-at-input r-1 c-bs output c-cs2) [1.840] ; (113)
68.477: (prepare-cs r-1 c-cs2 cs_mount) [0.001] ; (10)
76.636: (wp-put r-1 wp1 c-cs2) [10.000] ; (196)
76.637: (move-wp-put-at-input r-1 c-cs2 input c-ds) [5.387] ; (117)
86.637: (cs-mount-cap c-cs2 wp1 cap_grey) [0.010] ; (46)
86.648: (move-wp-get r-1 c-ds input c-cs2 output) [3.346] ; (138)
89.995: (wp-get r-1 wp1 c-cs2 output) [10.000] ; (182)
89.996: (move-wp-put-at-input r-1 c-cs2 output c-ds) [3.346] ; (121)
93.343: (prepare-ds r-1 c-ds gate-2) [0.001] ; (7)
99.996: (wp-put r-1 wp1 c-ds) [10.000] ; (203)
109.997: (fulfill-order-c0-within-tw o1 wp1 c-ds gate-2 base_red cap_grey) [0.010] ; (204)
