Parsing and Instantiating...
Done
One way facts...
Mutex groups...
Semaphore Facts...
Envelope Facts...
One-shot actions...
Integral variables...
Variable bounds...
Static numeric conditions...
Duration bounds...
TIL time window analysis...
Bounding action timestamps due to time windows...
(deliverable package3 l1) forms a window with range [0.000,2184.000]
Bounds on (deliver-ontime package3 l1) (duration [1.000,1.000]):
	0: [0.000,2182.999]
	1: [0.000,2182.999]
	2: [0.000,2183.999]
(deliverable package4 l3) forms a window with range [0.000,2184.000]
Bounds on (deliver-ontime package4 l3) (duration [1.000,1.000]):
	0: [0.000,2182.999]
	1: [0.000,2182.999]
	2: [0.000,2183.999]
(deliverable package7 l2) forms a window with range [0.000,1291.600]
Bounds on (deliver-ontime package7 l2) (duration [1.000,1.000]):
	0: [0.000,1290.599]
	1: [0.000,1290.599]
	2: [0.000,1291.599]
(deliverable package9 l2) forms a window with range [0.000,828.800]
Bounds on (deliver-ontime package9 l2) (duration [1.000,1.000]):
	0: [0.000,827.799]
	1: [0.000,827.799]
	2: [0.000,828.799]
(deliverable package10 l4) forms a window with range [0.000,828.800]
Bounds on (deliver-ontime package10 l4) (duration [1.000,1.000]):
	0: [0.000,827.799]
	1: [0.000,827.799]
	2: [0.000,828.799]
(deliverable package12 l1) forms a window with range [0.000,828.800]
Bounds on (deliver-ontime package12 l1) (duration [1.000,1.000]):
	0: [0.000,827.799]
	1: [0.000,827.799]
	2: [0.000,828.799]
(deliverable package15 l2) forms a window with range [0.000,3308.500]
Bounds on (deliver-ontime package15 l2) (duration [1.000,1.000]):
	0: [0.000,3307.499]
	1: [0.000,3307.499]
	2: [0.000,3308.499]
(deliverable package17 l1) forms a window with range [0.000,2377.300]
Bounds on (deliver-ontime package17 l1) (duration [1.000,1.000]):
	0: [0.000,2376.299]
	1: [0.000,2376.299]
	2: [0.000,2377.299]
Dominance constraints (excluding processes and events)...
Damaging events...
Dominance constraints (including processes and events)...
Variable monotonicity...
Max/min needed values for any single precondition...
Irrelevant action pruning by backward reachability from goal...
Uninterestingness criteria...
Compression-safe actions...
Compression-safe invariants...
99% of durative actions in this problem are compression safe
Goal Goal [17]
    (delivered package17 l1)
    (at-destination package16 l2)
    (delivered package15 l2)
    (at-destination package14 l1)
    (at-destination package13 l5)
    (delivered package12 l1)
    (at-destination package11 l4)
    (delivered package10 l4)
    (delivered package9 l2)
    (at-destination package8 l1)
    (delivered package7 l2)
    (at-destination package6 l3)
    (at-destination package5 l4)
    (delivered package4 l3)
    (delivered package3 l1)
    (at-destination package2 l3)
    (at-destination package1 l1)

Finishing preprocessing.  Making a TRPG heuristic...
Making an open list...
Running WA* search (g weight = 1, h weight = 5)
{(at truck1 l3),(at truck2 l5),(at truck3 l3),(free a1 truck1),(free a2 truck1),(free a3 truck1),(free a4 truck1),(free a1 truck2),(free a2 truck2),(free a3 truck2),(free a4 truck2),(free a1 truck3),(free a2 truck3),(free a3 truck3),(free a4 truck3),(at package1 l4),(at package2 l4),(at package3 l4),(at package4 l4),(at package5 l5),(at package6 l5),(at package7 l5),(at package8 l5),(at package9 l3),(at package10 l3),(at package11 l3),(at package12 l3),(at package13 l4),(at package14 l4),(at package15 l4),(at package16 l4),(at package17 l3),(deliverable package3 l1),(deliverable package4 l3),(deliverable package7 l2),(deliverable package9 l2),(deliverable package10 l4),(deliverable package12 l1),(deliverable package15 l2),(deliverable package17 l1)}
[]
Initial heuristic = 63
Initial stats: t=0.13s, 14024kb
b (62 @ n=115, t=0.2s, 14168kb)dddd.{EPS=34.8189,ETD=24}ddddd.{EPS=42.0168,ETD=48.4747}b (61 @ n=3712, t=2.54s, 22216kb)db (60 @ n=3792, t=2.59s, 22348kb)b (59 @ n=3874, t=2.64s, 22348kb)dddd.{EPS=36.4964,ETD=38.2148}dddddd.{EPS=37.2648,ETD=40.0553}ddddddd.{EPS=35.2759,ETD=37.8474}ddddd.{EPS=34.3997,ETD=51.6221}dddddd.{EPS=34.8155,ETD=72.4785}ddddddd.{EPS=34.644,ETD=84.5363}dddddb (58 @ n=17991, t=13.53s, 77736kb).{EPS=33.3605,ETD=109.04}ddddd.{EPS=33.3156,ETD=132.565}ddddd.{EPS=32.774,ETD=168.018}dddddd.{EPS=31.2402,ETD=202.058}ddddddddddddddddddddd.{EPS=30.8604,ETD=212.85}ddddddddddddddddddddddddddddddddddddd.{EPS=29.8882,ETD=213.022}dddddddddddddddddddddddddddddddddddd.{EPS=29.693,ETD=219.76}ddddddddddddddddddddddddddddddddddddddddddddd.{EPS=27.8474,ETD=222.396}ddddddddddddddddddddddddddddddddddddd.{EPS=27.1518,ETD=222.548}ddddddddddddddddddddddddddddddddddd.{EPS=26.5111,ETD=230.67}ddddddddddddddddddddddddd.{EPS=27.4529,ETD=230.26}dddddddddddddddddddddd.{EPS=28.2215,ETD=231.208}ddddddddddddddddddd.{EPS=29.6718,ETD=233.86}dddddddddddddddddd.{EPS=31.4327,ETD=260.106}ddddddddddddddddddddddddddddddddddddd.{EPS=31.8674,ETD=333.962}dddddddddddddddddddddddddddddddddddddddddddddd.{EPS=30.4599,ETD=409.498}dddddddddddddddddddddddddddddddddddddddd.{EPS=30.5269,ETD=482.594}dddddddddddddddddddddddddddd.{EPS=33.7427,ETD=559.436}dddddddddddddddddddddddddddddd.{EPS=34.1274,ETD=640.542}ddddddddddddddddddddddddddddddddddddd.{EPS=35.1444,ETD=715.254}dddddddddddddddddddddddddddddddddddd.{EPS=34.6045,ETD=794.662}dddddddddddddddddddddddddddd.{EPS=34.188,ETD=862.106}ddddddddddddddddddddddddddddd.{EPS=32.4633,ETD=948.34}ddddddddddddddddddddddddddddd.{EPS=30.7012,ETD=1003.36}ddddddddddddddddddddddddddddddddd.{EPS=31.1197,ETD=1035.82}ddddddddddddddddddddddddddd.{EPS=34.0298,ETD=1078.86}ddddddddddddddddddddddd.{EPS=35.3357,ETD=1109.81}ddddddddddddddddddddddddddddddd.{EPS=34.7488,ETD=1175.87}ddddddddddddddddddddddddddddddd.{EPS=35.5215,ETD=1222.58}dddddddddddddddddddddddddddddddddddddd.{EPS=35.2311,ETD=1281.01}dddddddddddddddddddddddddddddddddd.{EPS=34.8044,ETD=1327.47}dddddddddddddddddddddddddd.{EPS=34.0553,ETD=1383.25}dddddddddddddddddddddddddddddddddd.{EPS=33.8753,ETD=1419.09}ddddddddddddddddddddddddddddddddddddd.{EPS=33.9121,ETD=1481.41}ddddddddddddddddddddddddddddddddd.{EPS=33.2845,ETD=1544.49}ddddddddddddddddddddddd.{EPS=33.6067,ETD=1607.17}ddddddddddddddddddddddddddddddddddddddddddddd.{EPS=32.1254,ETD=1677.61}ddddddddddddddddddddddddddddddddddddddddddddddddddd.{EPS=30.0354,ETD=1705.71}ddddddddddddddddddddddddddddddddddddddWarning: self overlapping Action 2104:1 at 33
dxx.{EPS=27.9689,ETD=1694.44}dxxxdxxxdxxdxxxdxxx.{EPS=27.7393,ETD=1536.32}dxxxdxxdddddddddddd.{EPS=24.8633,ETD=1383.02}dddddddxdddddddddddddddd.{EPS=25.3511,ETD=1228.1}dddddddddddddxddddxdddddddxd.{EPS=25.9108,ETD=1073.98}ddddddddddddddddddddd.{EPS=26.0186,ETD=902.048}ddddddddddddddddddddddddd.{EPS=26.2013,ETD=723.088}dddddddddddddddddddddddddd.{EPS=25.6358,ETD=544.472}dddddddddddddddddddxdddd.{EPS=26.7523,ETD=373.734}ddddddddddddxdddddddddd.{EPS=28.8317,ETD=207.438}dddddddddddddxdddddddddddddddd.{EPS=30.5455,ETD=106.64}ddddddddddddddddddddd.{EPS=31.4564,ETD=123.344}dxdddddddddddddddddxddddddddd.{EPS=37.0782,ETD=126.444}ddddddddddddddddddddddddxddd.{EPS=36.515,ETD=133.374}dddddddddddddddxddddddddddddddd.{EPS=35.868,ETD=141.442}dddddddddddddddddddddddddddxd.{EPS=36.3848,ETD=197.948}dddddddddddddddddddd.{EPS=35.3407,ETD=209.244}dddddddddddddddddd.{EPS=36.523,ETD=207.204}ddddddddddddddddddd.{EPS=36.1011,ETD=203.584}dddddddddddddddddddd.{EPS=36.062,ETD=198.632}dddddddddddddddddddd.{EPS=37.2135,ETD=182.082}dddddddddddddddddddddd.{EPS=37.3106,ETD=189.208}dddddddddddddddddddddd.{EPS=37.6251,ETD=212.236}dddddddddddddddddddddddd.{EPS=37.0124,ETD=237.638}ddddddddddddddddddddddddddddddd.{EPS=35.7194,ETD=262.238}dddddddddddddddddddddd.{EPS=36.1664,ETD=239.374}ddddddddddddddddddddddddddd.{EPS=38.0691,ETD=276.848}ddddddddddddddxddddddddd.{EPS=36.6972,ETD=390.844}dddddddddddddddddddddddd.{EPS=36.6919,ETD=632.908}ddddddddddddddddddd.{EPS=35.868,ETD=972.804}ddddddddddddddddddddddd.{EPS=32.0739,ETD=1011.11}dddddddddddddddddddddddddddddd.{EPS=30.3896,ETD=992.274}dddddddddddddddddddddddddd.{EPS=29.8401,ETD=973.384}ddddddddddddddddddddddddddddd.{EPS=29.4464,ETD=952.126}ddddddddddddddddddddddddddddddddd.{EPS=29.2774,ETD=930.69}dddddddddddddddddddddddddddddddddddddddd.{EPS=27.6075,ETD=909.32}dddddddddddddddddddddddddddddddddddddddddddd.{EPS=25.6397,ETD=887.812}dddddddddddddddddddddddddddddddddddddddddddddddddd.{EPS=23.5994,ETD=803.846}ddddddddddddddddddddddddddddddddddddddddd.{EPS=22.2717,ETD=592.44}dddddddddddddddddddddddddddddddddddd.{EPS=21.7014,ETD=283.618}dddddddddddddddddddddddddddddd.{EPS=22.7511,ETD=276.818}dddddddddddddddddddddddddddd.{EPS=23.0851,ETD=327.57}ddddddddddddddddddddd.{EPS=23.1096,ETD=378.588}dddddddddddddddddddddddddddddd.{EPS=22.9737,ETD=429.964}ddddddddddddddddddddddddddddddddd.{EPS=23.2418,ETD=481.258}dddddddddddddddddddddddddddddddddddddd.{EPS=23.1567,ETD=532.35}ddddddddddddddddddddddddddddddddd.{EPS=24.351,ETD=583.436}dddddddddddddddddddddddddddd.{EPS=26.5154,ETD=634.562}ddddddddddddddddddddd.{EPS=28.3656,ETD=750.144}dddddddddddddddddd.{EPS=28.2837,ETD=1156.04}ddddddddddddddddddddddd.{EPS=28.609,ETD=1512.41}dddddddddddddddddddddddd.{EPS=28.1484,ETD=1683.06}ddddddddddddddddddd.{EPS=27.1282,ETD=2091.88}ddddddddddddddddddd.{EPS=28.2998,ETD=2497.97}dddddddddddddddddd.{EPS=26.4396,ETD=2563.92}ddddddddddddddddddddddd.{EPS=24.7121,ETD=2487.62}dddddddddddddddb (57 @ n=160641, t=174.59s, 1159576kb)dddddddd.{EPS=22.3204,ETD=2406.26}dddddddddddddddddddddd.{EPS=20.0216,ETD=2319.79}ddddb (56 @ n=163013, t=180.76s, 1290324kb)ddddb (54 @ n=163289, t=181.62s, 1310484kb)ddddddddddddd.{EPS=17.6741,ETD=2163.79}ddddddddddddddddddddd.{EPS=16.408,ETD=1713.95}ddddddddddddddddddddddddd.{EPS=16.2022,ETD=1331.47}ddddddddddddddddddddddddddddddddddd.{EPS=16.2856,ETD=1139.93}dddddddddddddddddddddddddddddd.{EPS=16.3645,ETD=704.666}dddddddddddddddddddddddd.{EPS=15.7456,ETD=265.888}ddddddddddddddddddddddddddd